This file contains any messages produced by compilers while
running configure, to aid debugging if configure makes a mistake.

It was created by rts configure 0.1, which was
generated by GNU Autoconf 2.59.  Invocation command line was

  $ ./configure 

## --------- ##
## Platform. ##
## --------- ##

hostname = berlioz.fs.se.uec.ac.jp
uname -m = i386
uname -r = 8.8.1
uname -s = Darwin
uname -v = Darwin Kernel Version 8.8.1: Mon Sep 25 19:42:00 PDT 2006; root:xnu-792.13.8.obj~1/RELEASE_I386

/usr/bin/uname -p = i386
/bin/uname -X     = unknown

/bin/arch              = unknown
/usr/bin/arch -k       = unknown
/usr/convex/getsysinfo = unknown
hostinfo               = Mach kernel version:
	 Darwin Kernel Version 8.8.1: Mon Sep 25 19:42:00 PDT 2006; root:xnu-792.13.8.obj~1/RELEASE_I386
Kernel configured for up to 2 processors.
2 processors are physically available.
2 processors are logically available.
Processor type: i486 (Intel 80486)
Processors active: 0 1
Primary memory available: 1.00 gigabytes
Default processor set: 82 tasks, 234 threads, 2 processors
Load average: 0.95, Mach factor: 1.04
/bin/machine           = unknown
/usr/bin/oslevel       = unknown
/bin/universe          = unknown

PATH: /opt/local/bin
PATH: /opt/local/sbin
PATH: /sw/bin
PATH: /sw/sbin
PATH: /opt/godi/bin
PATH: /opt/godi/sbin
PATH: /bin
PATH: /sbin
PATH: /usr/bin
PATH: /usr/local/bin
PATH: /usr/sbin
PATH: /usr/local/bin
PATH: /usr/local/teTeX/bin/i386-apple-darwin-current
PATH: /usr/local/bin
PATH: /Users/huangjianshi/script
PATH: /usr/local/mysql/bin
PATH: /usr/X11R6/bin


## ----------- ##
## Core tests. ##
## ----------- ##

configure:1298: checking build system type
configure:1316: result: i686-apple-darwin8.8.1
configure:1324: checking host system type
configure:1338: result: i686-apple-darwin8.8.1
configure:1398: checking for gcc
configure:1414: found /usr/bin/gcc
configure:1424: result: gcc
configure:1668: checking for C compiler version
configure:1671: gcc --version </dev/null >&5
i686-apple-darwin8-gcc-4.0.1 (GCC) 4.0.1 (Apple Computer, Inc. build 5367)
Copyright (C) 2005 Free Software Foundation, Inc.
This is free software; see the source for copying conditions.  There is NO
warranty; not even for MERCHANTABILITY or FITNESS FOR A PARTICULAR PURPOSE.

configure:1674: $? = 0
configure:1676: gcc -v </dev/null >&5
Using built-in specs.
Target: i686-apple-darwin8
Configured with: /private/var/tmp/gcc/gcc-5367.obj~1/src/configure --disable-checking -enable-werror --prefix=/usr --mandir=/share/man --enable-languages=c,objc,c++,obj-c++ --program-transform-name=/^[cg][^.-]*$/s/$/-4.0/ --with-gxx-include-dir=/include/c++/4.0.0 --with-slibdir=/usr/lib --build=powerpc-apple-darwin8 --with-arch=nocona --with-tune=generic --program-prefix= --host=i686-apple-darwin8 --target=i686-apple-darwin8
Thread model: posix
gcc version 4.0.1 (Apple Computer, Inc. build 5367)
configure:1679: $? = 0
configure:1681: gcc -V </dev/null >&5
gcc: argument to `-V' is missing
configure:1684: $? = 1
configure:1707: checking for C compiler default output file name
configure:1710: gcc -march=i686   conftest.c  >&5
configure:1713: $? = 0
configure:1759: result: a.out
configure:1764: checking whether the C compiler works
configure:1770: ./a.out
configure:1773: $? = 0
configure:1790: result: yes
configure:1797: checking whether we are cross compiling
configure:1799: result: no
configure:1802: checking for suffix of executables
configure:1804: gcc -o conftest -march=i686   conftest.c  >&5
configure:1807: $? = 0
configure:1832: result: 
configure:1838: checking for suffix of object files
configure:1859: gcc -c -march=i686  conftest.c >&5
configure:1862: $? = 0
configure:1884: result: o
configure:1888: checking whether we are using the GNU C compiler
configure:1912: gcc -c -march=i686  conftest.c >&5
configure:1918: $? = 0
configure:1922: test -z 
			 || test ! -s conftest.err
configure:1925: $? = 0
configure:1928: test -s conftest.o
configure:1931: $? = 0
configure:1944: result: yes
configure:1950: checking whether gcc accepts -g
configure:1971: gcc -c -g  conftest.c >&5
configure:1977: $? = 0
configure:1981: test -z 
			 || test ! -s conftest.err
configure:1984: $? = 0
configure:1987: test -s conftest.o
configure:1990: $? = 0
configure:2001: result: yes
configure:2018: checking for gcc option to accept ANSI C
configure:2088: gcc  -c -march=i686  conftest.c >&5
configure:2094: $? = 0
configure:2098: test -z 
			 || test ! -s conftest.err
configure:2101: $? = 0
configure:2104: test -s conftest.o
configure:2107: $? = 0
configure:2125: result: none needed
configure:2143: gcc -c -march=i686  conftest.c >&5
conftest.c:2: error: parse error before 'me'
configure:2149: $? = 1
configure: failed program was:
| #ifndef __cplusplus
|   choke me
| #endif
configure:2353: checking whether gcc accepts -no-cpp-precomp
configure:2377: gcc -o conftest -no-cpp-precomp   conftest.c  >&5
configure:2380: $? = 0
configure:2394: result:  -no-cpp-precomp
configure:2398: checking whether gcc accepts -Wall
configure:2422: gcc -o conftest -Wall   conftest.c  >&5
configure:2425: $? = 0
configure:2439: result:  -Wall
configure:2441: checking whether gcc accepts -W
configure:2465: gcc -o conftest -W   conftest.c  >&5
configure:2468: $? = 0
configure:2482: result:  -W
configure:2484: checking whether gcc accepts -Wno-unused
configure:2508: gcc -o conftest -Wno-unused   conftest.c  >&5
configure:2511: $? = 0
configure:2525: result:  -Wno-unused
configure:2527: checking whether gcc accepts -g
configure:2551: gcc -o conftest -g   conftest.c  >&5
configure:2554: $? = 0
configure:2568: result:  -g
configure:2579: checking whether gcc accepts -fPIC
configure:2603: gcc -o conftest -fPIC   conftest.c  >&5
configure:2606: $? = 0
configure:2620: result:  -fPIC
configure:2622: checking whether gcc accepts -fpic
configure:2646: gcc -o conftest -fpic   conftest.c  >&5
conftest.c:1: warning: -fpic is not supported; -fPIC assumed
configure:2649: $? = 0
configure:2663: result:  -fpic
configure:2668: checking whether gcc accepts -fno-common
configure:2692: gcc -o conftest -fno-common   conftest.c  >&5
configure:2695: $? = 0
configure:2709: result:  -fno-common
configure:2766: checking whether gcc accepts -dynamiclib
configure:2790: gcc -o conftest -dynamiclib   conftest.c  >&5
configure:2793: $? = 0
configure:2807: result:  -dynamiclib
configure:2809: checking whether gcc accepts -bundle
configure:2833: gcc -o conftest -bundle   conftest.c  >&5
configure:2836: $? = 0
configure:2850: result:  -bundle
configure:2852: checking whether gcc accepts -flat_namespace -undefined suppress
configure:2876: gcc -o conftest -flat_namespace -undefined suppress   conftest.c  >&5
configure:2879: $? = 0
configure:2893: result:  -flat_namespace -undefined suppress
configure:3076: checking for gauche-config
configure:3107: result: no
configure:3114: checking for Gauche
configure:3117: WARNING: can't find Gauche!
configure:3274: creating ./config.status

## ---------------------- ##
## Running config.status. ##
## ---------------------- ##

This file was extended by rts config.status 0.1, which was
generated by GNU Autoconf 2.59.  Invocation command line was

  CONFIG_FILES    = 
  CONFIG_HEADERS  = 
  CONFIG_LINKS    = 
  CONFIG_COMMANDS = 
  $ ./config.status 

on berlioz.fs.se.uec.ac.jp

config.status:661: creating Makefile

## ---------------- ##
## Cache variables. ##
## ---------------- ##

ac_cv_build=i686-apple-darwin8.8.1
ac_cv_build_alias=i686-apple-darwin8.8.1
ac_cv_c_compiler_gnu=yes
ac_cv_env_CC_set=
ac_cv_env_CC_value=
ac_cv_env_CFLAGS_set=set
ac_cv_env_CFLAGS_value=-march=i686
ac_cv_env_CPPFLAGS_set=
ac_cv_env_CPPFLAGS_value=
ac_cv_env_LDFLAGS_set=
ac_cv_env_LDFLAGS_value=
ac_cv_env_build_alias_set=
ac_cv_env_build_alias_value=
ac_cv_env_host_alias_set=
ac_cv_env_host_alias_value=
ac_cv_env_target_alias_set=
ac_cv_env_target_alias_value=
ac_cv_exeext=
ac_cv_host=i686-apple-darwin8.8.1
ac_cv_host_alias=i686-apple-darwin8.8.1
ac_cv_objext=o
ac_cv_path_GAUCHE_CONFIG=no
ac_cv_prog_ac_ct_CC=gcc
ac_cv_prog_cc_g=yes
ac_cv_prog_cc_stdc=

## ----------------- ##
## Output variables. ##
## ----------------- ##

ARCHFILES=' libpmrecv.dylib'
CC='gcc'
CFLAGS='-march=i686'
CPPFLAGS=''
C_COMPILER='gcc'
C_PREPROC=''
DASH_W=' -W'
DASH_Wall=' -Wall'
DASH_Wno_unused=' -Wno-unused'
DASH_bundle=' -bundle'
DASH_dynamiclib=' -dynamiclib'
DASH_fPIC=' -fPIC'
DASH_flat_namespace_undefined_suppress=' -flat_namespace -undefined suppress'
DASH_fno_common=' -fno-common'
DASH_fpic=' -fpic'
DASH_g=' -g'
DASH_no_cpp_precomp=' -no-cpp-precomp'
DASH_rdynamic=''
DASH_shared=''
DEFS='-DPACKAGE_NAME=\"rts\" -DPACKAGE_TARNAME=\"rts\" -DPACKAGE_VERSION=\"0.1\" -DPACKAGE_STRING=\"rts\ 0.1\" -DPACKAGE_BUGREPORT=\"\" '
ECHO_C=''
ECHO_N='-n'
ECHO_T=''
EXEEXT=''
FLAGS_DYN=' -no-cpp-precomp -Wall -W -Wno-unused -fPIC -fno-common -bundle -flat_namespace -undefined suppress'
FLAGS_OBJ=' -no-cpp-precomp -Wall -W -Wno-unused -fPIC -fno-common'
GAUCHE_CFLAGS=''
GAUCHE_CONFIG='no'
GAUCHE_LIBS=''
LDFLAGS=''
LIBOBJS=''
LIBS=''
LTLIBOBJS=''
OBJEXT='o'
PACKAGE_BUGREPORT=''
PACKAGE_NAME='rts'
PACKAGE_STRING='rts 0.1'
PACKAGE_TARNAME='rts'
PACKAGE_VERSION='0.1'
PATH_SEPARATOR=':'
SHELL='/bin/sh'
SOEXT='dylib'
ac_ct_CC='gcc'
bindir='${exec_prefix}/bin'
build='i686-apple-darwin8.8.1'
build_alias=''
build_cpu='i686'
build_os='darwin8.8.1'
build_vendor='apple'
datadir='${prefix}/share'
exec_prefix='${prefix}'
host='i686-apple-darwin8.8.1'
host_alias=''
host_cpu='i686'
host_os='darwin8.8.1'
host_vendor='apple'
includedir='${prefix}/include'
infodir='${prefix}/info'
libdir='${exec_prefix}/lib'
libexecdir='${exec_prefix}/libexec'
localstatedir='${prefix}/var'
mandir='${prefix}/man'
oldincludedir='/usr/include'
prefix='/usr/local'
program_transform_name='s,x,x,'
sbindir='${exec_prefix}/sbin'
sharedstatedir='${prefix}/com'
sysconfdir='${prefix}/etc'
target_alias=''

## ----------- ##
## confdefs.h. ##
## ----------- ##

#define PACKAGE_BUGREPORT ""
#define PACKAGE_NAME "rts"
#define PACKAGE_STRING "rts 0.1"
#define PACKAGE_TARNAME "rts"
#define PACKAGE_VERSION "0.1"

configure: exit 0
