This is SBCL 1.0.1.34, an implementation of ANSI Common Lisp.
More information about SBCL is available at <http://www.sbcl.org/>.

SBCL is free software, provided as is, with absolutely no warranty.
It is mostly in the public domain; some portions are provided under
BSD-style licenses.  See the CREDITS and COPYING files in the
distribution for more information.

 ACL2 Version 3.1 built January 26, 2007  15:12:42.
 Copyright (C) 2006  University of Texas at Austin
 ACL2 comes with ABSOLUTELY NO WARRANTY.  This is free software and you
 are welcome to redistribute it under certain conditions.  For details,
 see the GNU General Public License.

 Initialized with (INITIALIZE-ACL2 'INCLUDE-BOOK *ACL2-PASS-2-FILES*).
 See the documentation topic note-3-1 for recent changes.
 Note: We have modified the prompt in some underlying Lisps to further
 distinguish it from the ACL2 prompt.

 NOTE!!  Proof trees are disabled in ACL2.  To enable them in emacs,
 look under the ACL2 source directory in interface/emacs/README.doc; 
 and, to turn on proof trees, execute :START-PROOF-TREE in the ACL2 
 command loop.   Look in the ACL2 documentation under PROOF-TREE.

ACL2 Version 3.1.  Level 1.  Cbd 
"/Users/huangjianshi/src/acl2-sources/books/workshops/2006/greve/nary/".
Type :help for help.
Type (good-bye) to quit completely out of ACL2.

ACL2 !>
Exiting the ACL2 read-eval-print loop.  To re-enter, execute (LP).
* 
#<PACKAGE "ACL2">
* 
ACL2 Version 3.1.  Level 1.  Cbd 
"/Users/huangjianshi/src/acl2-sources/books/workshops/2006/greve/nary/".
Type :help for help.
Type (good-bye) to quit completely out of ACL2.

ACL2 !> (PROVE PROOF-TREE
        WARNING OBSERVATION EVENT EXPANSION)
ACL2 !>
Summary
Form:  ( DEFUN UNHIDE ...)
Rules: NIL
Warnings:  None
Time:  0.00 seconds (prove: 0.00, print: 0.00, other: 0.00)
UNHIDE

Summary
Form:  ( DEFTHM UNHIDE-UNHIDDEN ...)
Rules: ((:DEFINITION UNHIDE)
        (:EXECUTABLE-COUNTERPART IF)
        (:EXECUTABLE-COUNTERPART SYNP))
Warnings:  None
Time:  0.00 seconds (prove: 0.00, print: 0.00, other: 0.00)
UNHIDE-UNHIDDEN

Summary
Form:  ( DEFTHM UNIDE-HIDE ...)
Rules: ((:DEFINITION HIDE)
        (:DEFINITION UNHIDE)
        (:FAKE-RUNE-FOR-TYPE-SET NIL))
Warnings:  None
Time:  0.00 seconds (prove: 0.00, print: 0.00, other: 0.00)
UNIDE-HIDE

Summary
Form:  ( IN-THEORY (DISABLE ...))
Rules: NIL
Warnings:  None
Time:  0.00 seconds (prove: 0.00, print: 0.00, other: 0.00)
1795

Summary
Form:  ( DEFMACRO SKIP-REWRITE ...)
Rules: NIL
Warnings:  None
Time:  0.00 seconds (prove: 0.00, print: 0.00, other: 0.00)
SKIP-REWRITE
T

Summary
Form:  ( DEFUN ITH ...)
Rules: ((:COMPOUND-RECOGNIZER ZP-COMPOUND-RECOGNIZER)
        (:FAKE-RUNE-FOR-TYPE-SET NIL))
Warnings:  None
Time:  0.02 seconds (prove: 0.00, print: 0.00, other: 0.02)
ITH

Summary
Form:  ( DEFUN REMOVE-ITH ...)
Rules: ((:COMPOUND-RECOGNIZER ZP-COMPOUND-RECOGNIZER)
        (:FAKE-RUNE-FOR-TYPE-SET NIL))
Warnings:  None
Time:  0.01 seconds (prove: 0.00, print: 0.00, other: 0.01)
REMOVE-ITH

Summary
Form:  ( DEFUN REPLACE-ITH ...)
Rules: ((:COMPOUND-RECOGNIZER ZP-COMPOUND-RECOGNIZER)
        (:FAKE-RUNE-FOR-TYPE-SET NIL))
Warnings:  None
Time:  0.01 seconds (prove: 0.00, print: 0.00, other: 0.01)
REPLACE-ITH

Summary
Form:  ( DEFUN REWRITE-RHS? ...)
Rules: ((:FAKE-RUNE-FOR-TYPE-SET NIL))
Warnings:  None
Time:  0.01 seconds (prove: 0.00, print: 0.00, other: 0.01)
REWRITE-RHS?

Summary
Form:  ( DEFUN REWRITE-WITH-LEMMA? ...)
Rules: ((:TYPE-PRESCRIPTION MEMBER))
Warnings:  None
Time:  0.02 seconds (prove: 0.00, print: 0.00, other: 0.02)
REWRITE-WITH-LEMMA?

Summary
Form:  ( DEFUN REWRITING-RHS? ...)
Rules: ((:TYPE-PRESCRIPTION REWRITE-WITH-LEMMA?))
Warnings:  None
Time:  0.01 seconds (prove: 0.00, print: 0.00, other: 0.01)
REWRITING-RHS?

Summary
Form:  ( DEFUN NON-RECURSIVE ...)
Rules: NIL
Warnings:  None
Time:  0.00 seconds (prove: 0.00, print: 0.00, other: 0.00)
NON-RECURSIVE

Summary
Form:  ( DEFUN SYMBOL-TERM ...)
Rules: NIL
Warnings:  None
Time:  0.00 seconds (prove: 0.00, print: 0.00, other: 0.00)
SYMBOL-TERM

Summary
Form:  ( DEFUN TERM-CONTAINS ...)
Rules: ((:FAKE-RUNE-FOR-TYPE-SET NIL))
Warnings:  None
Time:  0.01 seconds (prove: 0.00, print: 0.00, other: 0.01)
TERM-CONTAINS

Summary
Form:  ( DEFUN EQUIV-EXP ...)
Rules: ((:TYPE-PRESCRIPTION TERM-CONTAINS))
Warnings:  None
Time:  0.01 seconds (prove: 0.00, print: 0.00, other: 0.01)
EQUIV-EXP

Summary
Form:  ( DEFUN WF-CONG ...)
Rules: ((:TYPE-PRESCRIPTION EQUIV-EXP))
Warnings:  None
Time:  0.00 seconds (prove: 0.00, print: 0.00, other: 0.00)
WF-CONG

Summary
Form:  ( DEFUN WF-CONG-LIST ...)
Rules: ((:FAKE-RUNE-FOR-TYPE-SET NIL))
Warnings:  None
Time:  0.00 seconds (prove: 0.00, print: 0.00, other: 0.00)
WF-CONG-LIST

Summary
Form:  ( DEFUN IN-PKG-OF ...)
Rules: ((:FAKE-RUNE-FOR-TYPE-SET NIL))
Warnings:  None
Time:  0.00 seconds (prove: 0.00, print: 0.00, other: 0.00)
IN-PKG-OF

Summary
Form:  ( DEFUN IN-LISP-PKG ...)
Rules: ((:FAKE-RUNE-FOR-TYPE-SET NIL))
Warnings:  None
Time:  0.00 seconds (prove: 0.00, print: 0.00, other: 0.00)
IN-LISP-PKG

Summary
Form:  ( DEFUN FN-WITNESS ...)
Rules: NIL
Warnings:  None
Time:  0.00 seconds (prove: 0.00, print: 0.00, other: 0.00)
FN-WITNESS

Summary
Form:  ( DEFUN SAFE-SYMBOL ...)
Rules: NIL
Warnings:  None
Time:  0.00 seconds (prove: 0.00, print: 0.00, other: 0.00)
SAFE-SYMBOL

Summary
Form:  ( DEFUN REPLACE-VAR-TERM ...)
Rules: ((:FAKE-RUNE-FOR-TYPE-SET NIL))
Warnings:  None
Time:  0.01 seconds (prove: 0.00, print: 0.00, other: 0.01)
REPLACE-VAR-TERM

Summary
Form:  ( DEFUN REPLACE-CONG-TERM ...)
Rules: NIL
Warnings:  None
Time:  0.00 seconds (prove: 0.00, print: 0.00, other: 0.00)
REPLACE-CONG-TERM

Summary
Form:  ( DEFUN REPLACE-CONG-TERMS ...)
Rules: NIL
Warnings:  None
Time:  0.00 seconds (prove: 0.00, print: 0.00, other: 0.00)
REPLACE-CONG-TERMS

Summary
Form:  ( DEFUN PREFIX-LIST ...)
Rules: NIL
Warnings:  None
Time:  0.00 seconds (prove: 0.00, print: 0.00, other: 0.00)
PREFIX-LIST

Summary
Form:  ( DEFUN DEQUOTE ...)
Rules: NIL
Warnings:  None
Time:  0.00 seconds (prove: 0.00, print: 0.00, other: 0.00)
DEQUOTE

Summary
Form:  ( DEFUN COMPARE-ARGS-TO-TERM ...)
Rules: ((:FAKE-RUNE-FOR-TYPE-SET NIL))
Warnings:  None
Time:  0.01 seconds (prove: 0.00, print: 0.00, other: 0.01)
COMPARE-ARGS-TO-TERM

Summary
Form:  ( DEFUN DEFCONTEXT-FN ...)
Rules: NIL
Warnings:  None
Time:  0.06 seconds (prove: 0.00, print: 0.00, other: 0.06)
DEFCONTEXT-FN

Summary
Form:  ( DEFMACRO DEFCONTEXT ...)
Rules: NIL
Warnings:  None
Time:  0.00 seconds (prove: 0.00, print: 0.00, other: 0.00)
DEFCONTEXT

Summary
Form:  ( DEFUN LOCATE ...)
Rules: ((:FAKE-RUNE-FOR-TYPE-SET NIL)
        (:TYPE-PRESCRIPTION LOCATE))
Warnings:  None
Time:  0.00 seconds (prove: 0.00, print: 0.00, other: 0.00)
LOCATE

Summary
Form:  ( DEFUN IMP ...)
Rules: NIL
Warnings:  None
Time:  0.00 seconds (prove: 0.00, print: 0.00, other: 0.00)

Summary
Form:  ( PROGN (DEFUN IMP ...) ...)
Rules: NIL
Warnings:  None
Time:  0.00 seconds (prove: 0.00, print: 0.00, other: 0.00)
(:DEFUND IMP)

Summary
Form:  ( DEFTHM IMPLIES-IMP ...)
Rules: ((:TYPE-PRESCRIPTION IMP))
Warnings:  None
Time:  0.00 seconds (prove: 0.00, print: 0.00, other: 0.00)
IMPLIES-IMP
T

Summary
Form:  ( DEFUN APPEARS-IN-CLAUSE ...)
Rules: ((:FAKE-RUNE-FOR-TYPE-SET NIL))
Warnings:  None
Time:  0.01 seconds (prove: 0.00, print: 0.00, other: 0.01)
APPEARS-IN-CLAUSE

Summary
Form:  ( DEFUN IN-CONCLUSION-FN ...)
Rules: ((:EXECUTABLE-COUNTERPART CONS))
Warnings:  None
Time:  0.00 seconds (prove: 0.00, print: 0.00, other: 0.00)
IN-CONCLUSION-FN

Summary
Form:  ( DEFMACRO IN-CONCLUSION ...)
Rules: NIL
Warnings:  None
Time:  0.00 seconds (prove: 0.00, print: 0.00, other: 0.00)
IN-CONCLUSION

Summary
Form:  ( DEFUN QUOTE-LIST ...)
Rules: ((:FAKE-RUNE-FOR-TYPE-SET NIL))
Warnings:  None
Time:  0.00 seconds (prove: 0.00, print: 0.00, other: 0.00)
QUOTE-LIST

Summary
Form:  ( DEFUN EQUAL_LEN ...)
Rules: ((:COMPOUND-RECOGNIZER ZP-COMPOUND-RECOGNIZER)
        (:FAKE-RUNE-FOR-TYPE-SET NIL))
Warnings:  None
Time:  0.01 seconds (prove: 0.00, print: 0.00, other: 0.01)
EQUAL_LEN

Summary
Form:  ( DEFUN SYN__CONSP ...)
Rules: ((:DEFINITION EQUAL_LEN)
        (:DEFINITION NOT)
        (:FAKE-RUNE-FOR-TYPE-SET NIL))
Warnings:  None
Time:  0.00 seconds (prove: 0.00, print: 0.00, other: 0.00)
SYN__CONSP

Summary
Form:  ( DEFUN SYN__CDR ...)
Rules: ((:DEFINITION EQUAL_LEN)
        (:DEFINITION NOT)
        (:DEFINITION SYN__CONSP)
        (:ELIM CAR-CDR-ELIM)
        (:EXECUTABLE-COUNTERPART BINARY-+)
        (:EXECUTABLE-COUNTERPART EQUAL)
        (:EXECUTABLE-COUNTERPART NOT)
        (:EXECUTABLE-COUNTERPART SYMBOLP)
        (:EXECUTABLE-COUNTERPART ZP)
        (:FAKE-RUNE-FOR-TYPE-SET NIL)
        (:REWRITE CDR-CONS))
Warnings:  None
Time:  0.01 seconds (prove: 0.01, print: 0.00, other: 0.01)
SYN__CDR

Summary
Form:  ( DEFUN SYN__CAR ...)
Rules: ((:DEFINITION EQUAL_LEN)
        (:DEFINITION NOT)
        (:DEFINITION SYN__CONSP)
        (:ELIM CAR-CDR-ELIM)
        (:EXECUTABLE-COUNTERPART BINARY-+)
        (:EXECUTABLE-COUNTERPART EQUAL)
        (:EXECUTABLE-COUNTERPART NOT)
        (:EXECUTABLE-COUNTERPART SYMBOLP)
        (:EXECUTABLE-COUNTERPART ZP)
        (:FAKE-RUNE-FOR-TYPE-SET NIL)
        (:REWRITE CDR-CONS))
Warnings:  None
Time:  0.01 seconds (prove: 0.00, print: 0.00, other: 0.01)
SYN__CAR

Summary
Form:  ( DEFUN SYN__QUOTEP ...)
Rules: ((:DEFINITION EQUAL_LEN)
        (:DEFINITION NOT)
        (:FAKE-RUNE-FOR-TYPE-SET NIL))
Warnings:  None
Time:  0.00 seconds (prove: 0.00, print: 0.00, other: 0.00)
SYN__QUOTEP

Summary
Form:  ( DEFUN SYN__DEQUOTE ...)
Rules: ((:DEFINITION EQUAL_LEN)
        (:DEFINITION NOT)
        (:DEFINITION SYN__QUOTEP)
        (:ELIM CAR-CDR-ELIM)
        (:EXECUTABLE-COUNTERPART BINARY-+)
        (:EXECUTABLE-COUNTERPART EQUAL)
        (:EXECUTABLE-COUNTERPART NOT)
        (:EXECUTABLE-COUNTERPART SYMBOLP)
        (:EXECUTABLE-COUNTERPART ZP)
        (:FAKE-RUNE-FOR-TYPE-SET NIL)
        (:REWRITE CDR-CONS))
Warnings:  None
Time:  0.01 seconds (prove: 0.00, print: 0.00, other: 0.00)
SYN__DEQUOTE

Summary
Form:  ( DEFUN DELIST ...)
Rules: ((:DEFINITION ACL2-COUNT)
        (:DEFINITION EQUAL_LEN)
        (:DEFINITION FIX)
        (:DEFINITION NOT)
        (:DEFINITION O-FINP)
        (:DEFINITION O<)
        (:DEFINITION SYN__CDR)
        (:DEFINITION SYN__CONSP)
        (:ELIM CAR-CDR-ELIM)
        (:EXECUTABLE-COUNTERPART ACL2-COUNT)
        (:EXECUTABLE-COUNTERPART BINARY-+)
        (:EXECUTABLE-COUNTERPART CONSP)
        (:EXECUTABLE-COUNTERPART EQUAL)
        (:EXECUTABLE-COUNTERPART NOT)
        (:EXECUTABLE-COUNTERPART SYMBOLP)
        (:EXECUTABLE-COUNTERPART ZP)
        (:FAKE-RUNE-FOR-LINEAR NIL)
        (:FAKE-RUNE-FOR-TYPE-SET NIL)
        (:REWRITE CAR-CONS)
        (:REWRITE CDR-CONS)
        (:REWRITE COMMUTATIVITY-OF-+)
        (:REWRITE UNICITY-OF-0)
        (:TYPE-PRESCRIPTION ACL2-COUNT)
        (:TYPE-PRESCRIPTION QUOTE-LIST))
Warnings:  None
Time:  0.02 seconds (prove: 0.01, print: 0.00, other: 0.00)
DELIST

Summary
Form:  ( DEFUN IN-CONCLUSION-CHECK-FN ...)
Rules: NIL
Warnings:  None
Time:  0.00 seconds (prove: 0.00, print: 0.00, other: 0.00)
IN-CONCLUSION-CHECK-FN

Summary
Form:  ( DEFMACRO IN-CONCLUSION-CHECK ...)
Rules: NIL
Warnings:  None
Time:  0.01 seconds (prove: 0.00, print: 0.00, other: 0.01)
IN-CONCLUSION-CHECK

Summary
Form:  ( DEFTHM OPEN-IMP-IN-CONCLUSION ...)
Rules: ((:DEFINITION IMP)
        (:EXECUTABLE-COUNTERPART SYNP)
        (:FAKE-RUNE-FOR-TYPE-SET NIL))
Warnings:  None
Time:  0.00 seconds (prove: 0.00, print: 0.00, other: 0.00)
OPEN-IMP-IN-CONCLUSION

Summary
Form:  ( DEFMACRO => ...)
Rules: NIL
Warnings:  None
Time:  0.02 seconds (prove: 0.00, print: 0.00, other: 0.02)
=>

Summary
Form:  ( DEFUN REMOVE-KEYWORDS ...)
Rules: ((:FAKE-RUNE-FOR-TYPE-SET NIL))
Warnings:  None
Time:  0.01 seconds (prove: 0.00, print: 0.00, other: 0.01)
REMOVE-KEYWORDS

Summary
Form:  ( DEFUN GENERATE-CONG-HYP ...)
Rules: NIL
Warnings:  None
Time:  0.03 seconds (prove: 0.00, print: 0.00, other: 0.03)
GENERATE-CONG-HYP

Summary
Form:  ( DEFUN WRAPPED-HYP ...)
Rules: NIL
Warnings:  None
Time:  0.00 seconds (prove: 0.00, print: 0.00, other: 0.00)
WRAPPED-HYP

Summary
Form:  ( DEFUN WRAPPED-HYPS ...)
Rules: NIL
Warnings:  None
Time:  0.00 seconds (prove: 0.00, print: 0.00, other: 0.00)
WRAPPED-HYPS

Summary
Form:  ( DEFUN GENERATE-ASYMMETRIC-HYPS ...)
Rules: NIL
Warnings:  None
Time:  0.01 seconds (prove: 0.00, print: 0.00, other: 0.01)
GENERATE-ASYMMETRIC-HYPS

Summary
Form:  ( DEFUN GENERATE-CONG-HYPS ...)
Rules: NIL
Warnings:  None
Time:  0.01 seconds (prove: 0.00, print: 0.00, other: 0.01)
GENERATE-CONG-HYPS

Summary
Form:  ( DEFUN GENERATE-CONG-SYNTAX-HYP ...)
Rules: ((:FAKE-RUNE-FOR-TYPE-SET NIL))
Warnings:  None
Time:  0.00 seconds (prove: 0.00, print: 0.00, other: 0.00)
GENERATE-CONG-SYNTAX-HYP

Summary
Form:  ( DEFUN GENERATE-CONG-SYNTAX-HYPS-REC ...)
Rules: ((:FAKE-RUNE-FOR-TYPE-SET NIL))
Warnings:  None
Time:  0.00 seconds (prove: 0.00, print: 0.00, other: 0.00)
GENERATE-CONG-SYNTAX-HYPS-REC

Summary
Form:  ( DEFUN GENERATE-CONG-SYNTAX-HYPS ...)
Rules: ((:FAKE-RUNE-FOR-TYPE-SET NIL))
Warnings:  None
Time:  0.01 seconds (prove: 0.00, print: 0.00, other: 0.01)
GENERATE-CONG-SYNTAX-HYPS

Summary
Form:  ( DEFUN CONG-EQUIVS ...)
Rules: NIL
Warnings:  None
Time:  0.00 seconds (prove: 0.00, print: 0.00, other: 0.00)
CONG-EQUIVS

Summary
Form:  ( DEFMACRO BIND-CONTEXT ...)
Rules: NIL
Warnings:  None
Time:  0.00 seconds (prove: 0.00, print: 0.00, other: 0.00)
BIND-CONTEXT

Summary
Form:  ( DEFMACRO BIND-CONTEXTP ...)
Rules: NIL
Warnings:  None
Time:  0.00 seconds (prove: 0.00, print: 0.00, other: 0.00)
BIND-CONTEXTP

Summary
Form:  ( DEFUN REPLACE-TERM ...)
Rules: ((:FAKE-RUNE-FOR-TYPE-SET NIL))
Warnings:  None
Time:  0.00 seconds (prove: 0.00, print: 0.00, other: 0.00)
REPLACE-TERM

Summary
Form:  ( DEFUN MAKE-KEYARGS ...)
Rules: ((:FAKE-RUNE-FOR-TYPE-SET NIL))
Warnings:  None
Time:  0.01 seconds (prove: 0.00, print: 0.00, other: 0.01)
MAKE-KEYARGS

Summary
Form:  ( DEFUN BIND-KEYARGS ...)
Rules: ((:FAKE-RUNE-FOR-TYPE-SET NIL))
Warnings:  None
Time:  0.00 seconds (prove: 0.00, print: 0.00, other: 0.00)
BIND-KEYARGS

Summary
Form:  ( DEFUN DEFEQUIV-FN ...)
Rules: NIL
Warnings:  None
Time:  0.15 seconds (prove: 0.00, print: 0.00, other: 0.15)
DEFEQUIV-FN

Summary
Form:  ( DEFMACRO DEFEQUIVP+ ...)
Rules: NIL
Warnings:  None
Time:  0.03 seconds (prove: 0.00, print: 0.00, other: 0.03)
DEFEQUIVP+

Summary
Form:  ( DEFMACRO DEFEQUIV+ ...)
Rules: NIL
Warnings:  None
Time:  0.00 seconds (prove: 0.00, print: 0.00, other: 0.00)
DEFEQUIV+

Summary
Form:  ( DEFMACRO DEFCONG+ ...)
Rules: NIL
Warnings:  None
Time:  0.01 seconds (prove: 0.00, print: 0.00, other: 0.01)
DEFCONG+

Summary
Form:  ( DEFMACRO DEFCONGP+ ...)
Rules: NIL
Warnings:  None
Time:  0.01 seconds (prove: 0.00, print: 0.00, other: 0.01)
DEFCONGP+

Summary
Form:  ( TABLE ACL2-DEFAULTS-TABLE ...)
Rules: NIL
Warnings:  None
Time:  0.00 seconds (prove: 0.00, print: 0.00, other: 0.00)
ACL2-DEFAULTS-TABLE

Summary
Form:  ( INCLUDE-BOOK "nary" ...)
Rules: NIL
Warnings:  None
Time:  0.48 seconds (prove: 0.00, print: 0.00, other: 0.48)

"/Users/huangjianshi/src/acl2-sources/books/workshops/2006/greve/nary/nary.fasl"


Summary
Form:  (CERTIFY-BOOK "nary" ...)
Rules: NIL
Warnings:  None
Time:  1.55 seconds (prove: 0.03, print: 0.00, other: 1.52)
 "/Users/huangjianshi/src/acl2-sources/books/workshops/2006/greve/nary/nary.lisp"
ACL2 !>
Exiting the ACL2 read-eval-print loop.  To re-enter, execute (LP).
* 