This is SBCL 1.0.1.34, an implementation of ANSI Common Lisp.
More information about SBCL is available at <http://www.sbcl.org/>.

SBCL is free software, provided as is, with absolutely no warranty.
It is mostly in the public domain; some portions are provided under
BSD-style licenses.  See the CREDITS and COPYING files in the
distribution for more information.

 ACL2 Version 3.1 built January 26, 2007  15:12:42.
 Copyright (C) 2006  University of Texas at Austin
 ACL2 comes with ABSOLUTELY NO WARRANTY.  This is free software and you
 are welcome to redistribute it under certain conditions.  For details,
 see the GNU General Public License.

 Initialized with (INITIALIZE-ACL2 'INCLUDE-BOOK *ACL2-PASS-2-FILES*).
 See the documentation topic note-3-1 for recent changes.
 Note: We have modified the prompt in some underlying Lisps to further
 distinguish it from the ACL2 prompt.

 NOTE!!  Proof trees are disabled in ACL2.  To enable them in emacs,
 look under the ACL2 source directory in interface/emacs/README.doc; 
 and, to turn on proof trees, execute :START-PROOF-TREE in the ACL2 
 command loop.   Look in the ACL2 documentation under PROOF-TREE.

ACL2 Version 3.1.  Level 1.  Cbd 
"/Users/huangjianshi/src/acl2-sources/books/workshops/2006/greve/nary/".
Type :help for help.
Type (good-bye) to quit completely out of ACL2.

ACL2 !>
Exiting the ACL2 read-eval-print loop.  To re-enter, execute (LP).
* 
#<PACKAGE "ACL2">
* 
ACL2 Version 3.1.  Level 1.  Cbd 
"/Users/huangjianshi/src/acl2-sources/books/workshops/2006/greve/nary/".
Type :help for help.
Type (good-bye) to quit completely out of ACL2.

ACL2 !> (PROVE PROOF-TREE
        WARNING OBSERVATION EVENT EXPANSION)
ACL2 !>
Summary
Form:  ( DEFTHM EQUAL-CONS-CASES ...)
Rules: ((:FAKE-RUNE-FOR-TYPE-SET NIL)
        (:REWRITE CAR-CONS)
        (:REWRITE CDR-CONS)
        (:REWRITE CONS-CAR-CDR))
Warnings:  None
Time:  0.00 seconds (prove: 0.00, print: 0.00, other: 0.00)
EQUAL-CONS-CASES

Summary
Form:  ( DEFUN LASTATOM ...)
Rules: NIL
Warnings:  None
Time:  0.01 seconds (prove: 0.00, print: 0.00, other: 0.01)
LASTATOM

Summary
Form:  ( DEFTHM LASTATOM-UPDATE-NTH-< ...)
Rules: ((:COMPOUND-RECOGNIZER ZP-COMPOUND-RECOGNIZER)
        (:DEFINITION LASTATOM)
        (:DEFINITION LEN)
        (:DEFINITION NFIX)
        (:DEFINITION UPDATE-NTH)
        (:EXECUTABLE-COUNTERPART <)
        (:EXECUTABLE-COUNTERPART INTEGERP)
        (:EXECUTABLE-COUNTERPART NOT)
        (:EXECUTABLE-COUNTERPART ZP)
        (:FAKE-RUNE-FOR-LINEAR NIL)
        (:FAKE-RUNE-FOR-TYPE-SET NIL)
        (:INDUCTION LASTATOM)
        (:INDUCTION LEN)
        (:INDUCTION UPDATE-NTH)
        (:REWRITE CDR-CONS)
        (:TYPE-PRESCRIPTION LEN))
Warnings:  None
Time:  0.01 seconds (prove: 0.01, print: 0.00, other: 0.00)
LASTATOM-UPDATE-NTH-<

Summary
Form:  ( DEFTHM LASTATOM-UPDATE-NTH-> ...)
Rules: ((:COMPOUND-RECOGNIZER ZP-COMPOUND-RECOGNIZER)
        (:DEFINITION LASTATOM)
        (:DEFINITION LEN)
        (:DEFINITION NFIX)
        (:DEFINITION NOT)
        (:DEFINITION UPDATE-NTH)
        (:EXECUTABLE-COUNTERPART <)
        (:EXECUTABLE-COUNTERPART INTEGERP)
        (:EXECUTABLE-COUNTERPART LASTATOM)
        (:EXECUTABLE-COUNTERPART NOT)
        (:EXECUTABLE-COUNTERPART ZP)
        (:FAKE-RUNE-FOR-LINEAR NIL)
        (:FAKE-RUNE-FOR-TYPE-SET NIL)
        (:INDUCTION LEN)
        (:INDUCTION UPDATE-NTH)
        (:REWRITE CDR-CONS)
        (:REWRITE DEFAULT-CAR)
        (:REWRITE DEFAULT-CDR)
        (:REWRITE LASTATOM-UPDATE-NTH-<)
        (:TYPE-PRESCRIPTION LEN)
        (:TYPE-PRESCRIPTION TRUE-LISTP-UPDATE-NTH)
        (:TYPE-PRESCRIPTION UPDATE-NTH))
Warnings:  None
Time:  0.01 seconds (prove: 0.01, print: 0.00, other: 0.00)
LASTATOM-UPDATE-NTH->

Summary
Form:  ( DEFTHM LASTATOM-UPDATE-NTH ...)
Rules: ((:COMPOUND-RECOGNIZER ZP-COMPOUND-RECOGNIZER)
        (:DEFINITION LASTATOM)
        (:DEFINITION LEN)
        (:DEFINITION NFIX)
        (:DEFINITION UPDATE-NTH)
        (:EXECUTABLE-COUNTERPART <)
        (:EXECUTABLE-COUNTERPART EQUAL)
        (:EXECUTABLE-COUNTERPART LASTATOM)
        (:FAKE-RUNE-FOR-LINEAR NIL)
        (:FAKE-RUNE-FOR-TYPE-SET NIL)
        (:REWRITE CDR-CONS)
        (:REWRITE DEFAULT-CDR)
        (:REWRITE LASTATOM-UPDATE-NTH-<)
        (:REWRITE LASTATOM-UPDATE-NTH->)
        (:TYPE-PRESCRIPTION LEN))
Warnings:  None
Time:  0.01 seconds (prove: 0.01, print: 0.00, other: 0.00)
LASTATOM-UPDATE-NTH

Summary
Form:  ( DEFUN NFIX-EQUIV ...)
Rules: ((:FAKE-RUNE-FOR-TYPE-SET NIL))
Warnings:  None
Time:  0.00 seconds (prove: 0.00, print: 0.00, other: 0.00)
NFIX-EQUIV

Summary
Form:  ( DEFTHM EQUAL-NFIX-REWRITE ...)
Rules: ((:COMPOUND-RECOGNIZER NATP-COMPOUND-RECOGNIZER)
        (:DEFINITION IFF)
        (:DEFINITION NATP)
        (:DEFINITION NFIX)
        (:DEFINITION NFIX-EQUIV)
        (:FAKE-RUNE-FOR-TYPE-SET NIL)
        (:TYPE-PRESCRIPTION NFIX-EQUIV))
Warnings:  None
Time:  0.00 seconds (prove: 0.00, print: 0.00, other: 0.00)

Summary
Form:  ( PROGN (DEFTHM EQUAL-NFIX-REWRITE ...) ...)
Rules: NIL
Warnings:  None
Time:  0.00 seconds (prove: 0.00, print: 0.00, other: 0.00)
(:DEFTHMD EQUAL-NFIX-REWRITE)

Summary
Form:  THEORY-INVARIANT
Rules: NIL
Warnings:  None
Time:  0.00 seconds (prove: 0.00, print: 0.00, other: 0.00)
1

Summary
Form:  ( DEFTHM NFIX-EQUIV-IS-AN-EQUIVALENCE ...)
Rules: ((:COMPOUND-RECOGNIZER BOOLEANP-COMPOUND-RECOGNIZER)
        (:DEFINITION NFIX-EQUIV)
        (:FAKE-RUNE-FOR-TYPE-SET NIL))
Warnings:  None
Time:  0.00 seconds (prove: 0.00, print: 0.00, other: 0.00)
NFIX-EQUIV-IS-AN-EQUIVALENCE

Summary
Form:  ( DEFTHM NFIX-EQUIV-IMPLIES-EQUAL-NTH-1 ...)
Rules: ((:COMPOUND-RECOGNIZER ZP-COMPOUND-RECOGNIZER)
        (:DEFINITION NFIX)
        (:DEFINITION NFIX-EQUIV)
        (:DEFINITION NTH)
        (:EXECUTABLE-COUNTERPART ZP)
        (:FAKE-RUNE-FOR-TYPE-SET NIL))
Warnings:  None
Time:  0.00 seconds (prove: 0.00, print: 0.00, other: 0.00)
NFIX-EQUIV-IMPLIES-EQUAL-NTH-1

Summary
Form:  ( DEFTHM NFIX-EQUIV-IMPLIES-EQUAL-UPDATE-NTH-1 ...)
Rules: ((:COMPOUND-RECOGNIZER ZP-COMPOUND-RECOGNIZER)
        (:DEFINITION NFIX)
        (:DEFINITION NFIX-EQUIV)
        (:DEFINITION UPDATE-NTH)
        (:EXECUTABLE-COUNTERPART ZP)
        (:FAKE-RUNE-FOR-TYPE-SET NIL))
Warnings:  None
Time:  0.00 seconds (prove: 0.00, print: 0.00, other: 0.00)
NFIX-EQUIV-IMPLIES-EQUAL-UPDATE-NTH-1

Summary
Form:  ( DEFUN NMX-INDUCTION ...)
Rules: ((:COMPOUND-RECOGNIZER ZP-COMPOUND-RECOGNIZER))
Warnings:  None
Time:  0.01 seconds (prove: 0.00, print: 0.00, other: 0.01)
NMX-INDUCTION

Summary
Form:  ( DEFTHM UPDATE-NTH-OF-UPDATE-NTH ...)
Rules: ((:COMPOUND-RECOGNIZER ZP-COMPOUND-RECOGNIZER)
        (:DEFINITION NFIX)
        (:DEFINITION NFIX-EQUIV)
        (:DEFINITION NOT)
        (:DEFINITION UPDATE-NTH)
        (:EXECUTABLE-COUNTERPART ZP)
        (:FAKE-RUNE-FOR-TYPE-SET NIL)
        (:INDUCTION NMX-INDUCTION)
        (:REWRITE CAR-CONS)
        (:REWRITE CDR-CONS)
        (:REWRITE EQUAL-CONS-CASES)
        (:TYPE-PRESCRIPTION UPDATE-NTH))
Warnings:  None
Time:  0.01 seconds (prove: 0.01, print: 0.00, other: 0.00)
UPDATE-NTH-OF-UPDATE-NTH

Summary
Form:  ( DEFTHM UPDATE-NTH-OVER-UPDATE-NTH ...)
Rules: ((:COMPOUND-RECOGNIZER ZP-COMPOUND-RECOGNIZER)
        (:DEFINITION NFIX)
        (:DEFINITION NFIX-EQUIV)
        (:DEFINITION NOT)
        (:DEFINITION SYNP)
        (:DEFINITION UPDATE-NTH)
        (:ELIM CAR-CDR-ELIM)
        (:EXECUTABLE-COUNTERPART <)
        (:EXECUTABLE-COUNTERPART BINARY-+)
        (:EXECUTABLE-COUNTERPART CDR)
        (:EXECUTABLE-COUNTERPART ZP)
        (:FAKE-RUNE-FOR-LINEAR NIL)
        (:FAKE-RUNE-FOR-TYPE-SET NIL)
        (:INDUCTION NMX-INDUCTION)
        (:INDUCTION UPDATE-NTH)
        (:REWRITE CAR-CONS)
        (:REWRITE CDR-CONS)
        (:REWRITE DEFAULT-CAR)
        (:REWRITE DEFAULT-CDR)
        (:REWRITE EQUAL-CONS-CASES)
        (:REWRITE UPDATE-NTH-OF-UPDATE-NTH)
        (:REWRITE ZP-OPEN)
        (:TYPE-PRESCRIPTION TRUE-LISTP-UPDATE-NTH)
        (:TYPE-PRESCRIPTION UPDATE-NTH))
Warnings:  None
Time:  0.06 seconds (prove: 0.06, print: 0.00, other: 0.00)
UPDATE-NTH-OVER-UPDATE-NTH

Summary
Form:  ( DEFTHM NFIX-EQUIV-NFIX ...)
Rules: ((:DEFINITION NFIX)
        (:DEFINITION NFIX-EQUIV)
        (:FAKE-RUNE-FOR-TYPE-SET NIL))
Warnings:  None
Time:  0.00 seconds (prove: 0.00, print: 0.00, other: 0.00)
NFIX-EQUIV-NFIX

Summary
Form:  ( DEFUN CLR-NTH ...)
Rules: ((:TYPE-PRESCRIPTION UPDATE-NTH))
Warnings:  None
Time:  0.00 seconds (prove: 0.00, print: 0.00, other: 0.00)

Summary
Form:  ( PROGN (DEFUN CLR-NTH ...) ...)
Rules: NIL
Warnings:  None
Time:  0.00 seconds (prove: 0.00, print: 0.00, other: 0.00)
(:DEFUND CLR-NTH)

Summary
Form:  ( DEFTHM LASTATOM-CLR-NTH ...)
Rules: ((:DEFINITION CLR-NTH)
        (:DEFINITION NFIX)
        (:FAKE-RUNE-FOR-TYPE-SET NIL)
        (:REWRITE LASTATOM-UPDATE-NTH))
Warnings:  None
Time:  0.00 seconds (prove: 0.00, print: 0.00, other: 0.00)
LASTATOM-CLR-NTH

Summary
Form:  ( DEFTHM LEN-CLR-NTH ...)
Rules: ((:DEFINITION CLR-NTH)
        (:REWRITE LEN-UPDATE-NTH))
Warnings:  None
Time:  0.00 seconds (prove: 0.00, print: 0.00, other: 0.00)
LEN-CLR-NTH

Summary
Form:  ( DEFTHM NFIX-EQUIV-IMPLIES-EQUAL-CLR-NTH-1 ...)
Rules: ((:COMPOUND-RECOGNIZER ZP-COMPOUND-RECOGNIZER)
        (:DEFINITION CLR-NTH)
        (:DEFINITION NFIX)
        (:DEFINITION NFIX-EQUIV)
        (:DEFINITION UPDATE-NTH)
        (:EXECUTABLE-COUNTERPART ZP)
        (:FAKE-RUNE-FOR-TYPE-SET NIL))
Warnings:  None
Time:  0.00 seconds (prove: 0.00, print: 0.00, other: 0.00)
NFIX-EQUIV-IMPLIES-EQUAL-CLR-NTH-1

Summary
Form:  ( DEFTHM CLR-NTH-DEFN ...)
Rules: ((:DEFINITION CLR-NTH)
        (:DEFINITION UPDATE-NTH)
        (:FAKE-RUNE-FOR-TYPE-SET NIL))
Warnings:  None
Time:  0.00 seconds (prove: 0.00, print: 0.00, other: 0.00)
CLR-NTH-DEFN

Summary
Form:  ( DEFTHM OPEN-CLR-NTH ...)
Rules: ((:COMPOUND-RECOGNIZER ZP-COMPOUND-RECOGNIZER)
        (:DEFINITION CLR-NTH-DEFN)
        (:DEFINITION NOT)
        (:FAKE-RUNE-FOR-TYPE-SET NIL))
Warnings:  None
Time:  0.00 seconds (prove: 0.00, print: 0.00, other: 0.00)
OPEN-CLR-NTH

Summary
Form:  ( DEFTHM OPEN-UPDATE-NTH ...)
Rules: ((:COMPOUND-RECOGNIZER ZP-COMPOUND-RECOGNIZER)
        (:DEFINITION NOT)
        (:DEFINITION UPDATE-NTH)
        (:FAKE-RUNE-FOR-TYPE-SET NIL))
Warnings:  None
Time:  0.00 seconds (prove: 0.00, print: 0.00, other: 0.00)
OPEN-UPDATE-NTH

Summary
Form:  ( DEFTHM CLR-NTH-UPDATE-NTH ...)
Rules: ((:COMPOUND-RECOGNIZER ZP-COMPOUND-RECOGNIZER)
        (:DEFINITION CLR-NTH)
        (:DEFINITION NFIX)
        (:DEFINITION NFIX-EQUIV)
        (:FAKE-RUNE-FOR-TYPE-SET NIL)
        (:REWRITE CDR-CONS)
        (:REWRITE OPEN-UPDATE-NTH)
        (:REWRITE UPDATE-NTH-OF-UPDATE-NTH)
        (:REWRITE UPDATE-NTH-OVER-UPDATE-NTH))
Warnings:  None
Time:  0.01 seconds (prove: 0.01, print: 0.00, other: 0.00)
CLR-NTH-UPDATE-NTH

Summary
Form:  ( DEFTHM CLR-NTH-OF-CLR-NTH ...)
Rules: ((:DEFINITION CLR-NTH)
        (:FAKE-RUNE-FOR-TYPE-SET NIL)
        (:REWRITE UPDATE-NTH-OF-UPDATE-NTH))
Warnings:  None
Time:  0.00 seconds (prove: 0.00, print: 0.00, other: 0.00)
CLR-NTH-OF-CLR-NTH

Summary
Form:  ( DEFTHM CLR-NTH-OVER-CLR-NTH ...)
Rules: ((:COMPOUND-RECOGNIZER ZP-COMPOUND-RECOGNIZER)
        (:DEFINITION CLR-NTH)
        (:DEFINITION NOT)
        (:DEFINITION UPDATE-NTH)
        (:ELIM CAR-CDR-ELIM)
        (:EXECUTABLE-COUNTERPART CAR)
        (:EXECUTABLE-COUNTERPART CDR)
        (:EXECUTABLE-COUNTERPART CONS)
        (:EXECUTABLE-COUNTERPART EQUAL)
        (:FAKE-RUNE-FOR-TYPE-SET NIL)
        (:INDUCTION UPDATE-NTH)
        (:REWRITE CAR-CONS)
        (:REWRITE CDR-CONS)
        (:REWRITE DEFAULT-CDR)
        (:REWRITE EQUAL-CONS-CASES)
        (:REWRITE OPEN-UPDATE-NTH)
        (:TYPE-PRESCRIPTION UPDATE-NTH))
Warnings:  None
Time:  0.02 seconds (prove: 0.02, print: 0.00, other: 0.00)
CLR-NTH-OVER-CLR-NTH

Summary
Form:  ( DEFTHM NTH-CLR-NTH ...)
Rules: ((:DEFINITION CLR-NTH)
        (:DEFINITION NFIX)
        (:DEFINITION NFIX-EQUIV)
        (:FAKE-RUNE-FOR-TYPE-SET NIL)
        (:REWRITE NTH-UPDATE-NTH))
Warnings:  None
Time:  0.00 seconds (prove: 0.00, print: 0.00, other: 0.00)
NTH-CLR-NTH

Summary
Form:  ( DEFUN EQUAL-NTH-CONCLUSION ...)
Rules: ((:FAKE-RUNE-FOR-TYPE-SET NIL))
Warnings:  None
Time:  0.02 seconds (prove: 0.00, print: 0.00, other: 0.02)
EQUAL-NTH-CONCLUSION

Summary
Form:  ( DEFTHM OPEN-EQUAL-NTH-CONCLUSION ...)
Rules: ((:DEFINITION CLR-NTH-DEFN)
        (:DEFINITION EQUAL-NTH-CONCLUSION)
        (:DEFINITION LASTATOM)
        (:DEFINITION LEN)
        (:DEFINITION NOT)
        (:DEFINITION NTH)
        (:EXECUTABLE-COUNTERPART EQUAL)
        (:FAKE-RUNE-FOR-LINEAR NIL)
        (:FAKE-RUNE-FOR-TYPE-SET NIL)
        (:REWRITE CAR-CONS)
        (:REWRITE CDR-CONS)
        (:REWRITE EQUAL-CONS-CASES)
        (:TYPE-PRESCRIPTION LEN))
Warnings:  None
Time:  0.02 seconds (prove: 0.02, print: 0.00, other: 0.00)
OPEN-EQUAL-NTH-CONCLUSION

Summary
Form:  ( DEFUN EQUAL-NTH-CONCLUSION-FN ...)
Rules: ((:FAKE-RUNE-FOR-TYPE-SET NIL))
Warnings:  None
Time:  0.01 seconds (prove: 0.00, print: 0.00, other: 0.01)
EQUAL-NTH-CONCLUSION-FN

Summary
Form:  ( DEFTHM EQUAL-NTH-CONCLUSION-FN-TO-EQUAL-NTH-CONCLUSION ...)
Rules: ((:COMPOUND-RECOGNIZER ZP-COMPOUND-RECOGNIZER)
        (:DEFINITION EQUAL-NTH-CONCLUSION)
        (:DEFINITION EQUAL-NTH-CONCLUSION-FN)
        (:DEFINITION NOT)
        (:DEFINITION OPEN-EQUAL-NTH-CONCLUSION)
        (:EXECUTABLE-COUNTERPART EQUAL)
        (:FAKE-RUNE-FOR-TYPE-SET NIL)
        (:INDUCTION EQUAL-NTH-CONCLUSION-FN))
Warnings:  None
Time:  0.02 seconds (prove: 0.02, print: 0.00, other: 0.00)

Summary
Form:  ( PROGN (DEFTHM EQUAL-NTH-CONCLUSION-FN-TO-EQUAL-NTH-CONCLUSION
...) ...)
Rules: NIL
Warnings:  None
Time:  0.02 seconds (prove: 0.02, print: 0.00, other: 0.00)
(:DEFTHMD EQUAL-NTH-CONCLUSION-FN-TO-EQUAL-NTH-CONCLUSION)

Summary
Form:  ( DEFTHM EQUAL-NTH-CONCLUSION-FN-TO-EQUAL ...)
Rules: ((:COMPOUND-RECOGNIZER ZP-COMPOUND-RECOGNIZER)
        (:DEFINITION EQUAL-NTH-CONCLUSION-FN)
        (:DEFINITION NOT)
        (:EXECUTABLE-COUNTERPART EQUAL)
        (:EXECUTABLE-COUNTERPART NOT)
        (:FAKE-RUNE-FOR-TYPE-SET NIL)
        (:INDUCTION EQUAL-NTH-CONCLUSION-FN))
Warnings:  None
Time:  0.01 seconds (prove: 0.01, print: 0.00, other: 0.00)
EQUAL-NTH-CONCLUSION-FN-TO-EQUAL

Summary
Form:  ( DEFTHM EQUAL-TO-NTH-REDUCTION ...)
Rules: ((:REWRITE EQUAL-NTH-CONCLUSION-FN-TO-EQUAL)
        (:REWRITE EQUAL-NTH-CONCLUSION-FN-TO-EQUAL-NTH-CONCLUSION))
Warnings:  None
Time:  0.00 seconds (prove: 0.00, print: 0.00, other: 0.00)

Summary
Form:  ( PROGN (DEFTHM EQUAL-TO-NTH-REDUCTION ...) ...)
Rules: NIL
Warnings:  None
Time:  0.00 seconds (prove: 0.00, print: 0.00, other: 0.00)
(:DEFTHMD EQUAL-TO-NTH-REDUCTION)

Summary
Form:  ( DEFTHM EQUAL-UPDATE-NTH-REDUCTION ...)
Rules: ((:COMPOUND-RECOGNIZER ZP-COMPOUND-RECOGNIZER)
        (:DEFINITION CLR-NTH-DEFN)
        (:DEFINITION LEN)
        (:DEFINITION NFIX)
        (:DEFINITION NOT)
        (:DEFINITION NTH)
        (:DEFINITION UPDATE-NTH)
        (:EXECUTABLE-COUNTERPART <)
        (:EXECUTABLE-COUNTERPART BINARY-+)
        (:EXECUTABLE-COUNTERPART CONS)
        (:EXECUTABLE-COUNTERPART EQUAL)
        (:EXECUTABLE-COUNTERPART INTEGERP)
        (:EXECUTABLE-COUNTERPART NOT)
        (:EXECUTABLE-COUNTERPART ZP)
        (:FAKE-RUNE-FOR-LINEAR NIL)
        (:FAKE-RUNE-FOR-TYPE-SET NIL)
        (:INDUCTION LEN)
        (:INDUCTION NTH)
        (:INDUCTION UPDATE-NTH)
        (:REWRITE CAR-CONS)
        (:REWRITE CDR-CONS)
        (:REWRITE DEFAULT-CDR)
        (:REWRITE EQUAL-CONS-CASES)
        (:REWRITE OPEN-CLR-NTH)
        (:REWRITE OPEN-UPDATE-NTH)
        (:TYPE-PRESCRIPTION LEN)
        (:TYPE-PRESCRIPTION UPDATE-NTH))
Warnings:  None
Time:  0.20 seconds (prove: 0.20, print: 0.00, other: 0.00)
EQUAL-UPDATE-NTH-REDUCTION

Summary
Form:  ( DEFTHM UPDATE-NTH-NTH ...)
Rules: ((:COMPOUND-RECOGNIZER ZP-COMPOUND-RECOGNIZER)
        (:DEFINITION LEN)
        (:DEFINITION NFIX)
        (:DEFINITION NTH)
        (:EXECUTABLE-COUNTERPART <)
        (:FAKE-RUNE-FOR-TYPE-SET NIL)
        (:REWRITE EQUAL-CONS-CASES)
        (:REWRITE EQUAL-UPDATE-NTH-REDUCTION)
        (:REWRITE OPEN-UPDATE-NTH))
Warnings:  None
Time:  0.00 seconds (prove: 0.00, print: 0.00, other: 0.00)
UPDATE-NTH-NTH

Summary
Form:  ( IN-THEORY (DISABLE ...))
Rules: NIL
Warnings:  None
Time:  0.00 seconds (prove: 0.00, print: 0.00, other: 0.00)
1833

Summary
Form:  ( IN-THEORY (ENABLE ...))
Rules: NIL
Warnings:  None
Time:  0.00 seconds (prove: 0.00, print: 0.00, other: 0.00)
1834

Summary
Form:  ( IN-THEORY (DISABLE ...))
Rules: NIL
Warnings:  None
Time:  0.00 seconds (prove: 0.00, print: 0.00, other: 0.00)
1830

Summary
Form:  ( DEFUN NFIX-LIST ...)
Rules: ((:FAKE-RUNE-FOR-TYPE-SET NIL))
Warnings:  None
Time:  0.01 seconds (prove: 0.00, print: 0.00, other: 0.01)
NFIX-LIST

Summary
Form:  ( DEFUN NFIX-LIST-EQUIV ...)
Rules: ((:FAKE-RUNE-FOR-TYPE-SET NIL))
Warnings:  None
Time:  0.00 seconds (prove: 0.00, print: 0.00, other: 0.00)
NFIX-LIST-EQUIV

Summary
Form:  ( DEFTHM NFIX-LIST-EQUIV-IS-AN-EQUIVALENCE ...)
Rules: ((:COMPOUND-RECOGNIZER BOOLEANP-COMPOUND-RECOGNIZER)
        (:DEFINITION NFIX-LIST-EQUIV)
        (:FAKE-RUNE-FOR-TYPE-SET NIL))
Warnings:  None
Time:  0.00 seconds (prove: 0.00, print: 0.00, other: 0.00)
NFIX-LIST-EQUIV-IS-AN-EQUIVALENCE

Summary
Form:  ( DEFTHM OPEN-NFIX-LIST-EQUIV ...)
Rules: ((:COMPOUND-RECOGNIZER NATP-COMPOUND-RECOGNIZER)
        (:DEFINITION NATP)
        (:DEFINITION NFIX-LIST)
        (:DEFINITION NFIX-LIST-EQUIV)
        (:DEFINITION NOT)
        (:EQUIVALENCE NFIX-EQUIV-IS-AN-EQUIVALENCE)
        (:FAKE-RUNE-FOR-TYPE-SET NIL)
        (:INDUCTION NFIX-LIST)
        (:REWRITE CAR-CONS)
        (:REWRITE CDR-CONS)
        (:REWRITE EQUAL-CONS-CASES)
        (:REWRITE EQUAL-NFIX-REWRITE)
        (:REWRITE NFIX-EQUIV-NFIX)
        (:TYPE-PRESCRIPTION NFIX)
        (:TYPE-PRESCRIPTION NFIX-LIST))
Warnings:  None
Time:  0.00 seconds (prove: 0.00, print: 0.00, other: 0.00)
OPEN-NFIX-LIST-EQUIV

Summary
Form:  ( IN-THEORY (DISABLE ...))
Rules: NIL
Warnings:  None
Time:  0.00 seconds (prove: 0.00, print: 0.00, other: 0.00)
1838

Summary
Form:  ( DEFUN NTH* ...)
Rules: ((:FAKE-RUNE-FOR-TYPE-SET NIL))
Warnings:  None
Time:  0.01 seconds (prove: 0.00, print: 0.00, other: 0.01)
NTH*

Summary
Form:  ( DEFUN NTH*-EQUIV ...)
Rules: ((:FAKE-RUNE-FOR-TYPE-SET NIL))
Warnings:  None
Time:  0.02 seconds (prove: 0.00, print: 0.00, other: 0.02)

Summary
Form:  ( PROGN (DEFUN NTH*-EQUIV ...) ...)
Rules: NIL
Warnings:  None
Time:  0.02 seconds (prove: 0.00, print: 0.00, other: 0.02)
(:DEFUND NTH*-EQUIV)

Summary
Form:  ( DEFTHM NTH*-EQUIV-DEF ...)
Rules: ((:DEFINITION NOT)
        (:DEFINITION NTH*)
        (:DEFINITION NTH*-EQUIV)
        (:FAKE-RUNE-FOR-TYPE-SET NIL)
        (:REWRITE CAR-CONS)
        (:REWRITE CDR-CONS)
        (:REWRITE EQUAL-CONS-CASES))
Warnings:  None
Time:  0.00 seconds (prove: 0.00, print: 0.00, other: 0.00)
NTH*-EQUIV-DEF

Summary
Form:  ( DEFUN CLR-NTH* ...)
Rules: ((:TYPE-PRESCRIPTION CLR-NTH))
Warnings:  None
Time:  0.00 seconds (prove: 0.00, print: 0.00, other: 0.00)
CLR-NTH*

Summary
Form:  ( DEFTHM OPEN-CLR-NTH* ...)
Rules: ((:DEFINITION CLR-NTH*)
        (:FAKE-RUNE-FOR-TYPE-SET NIL))
Warnings:  None
Time:  0.00 seconds (prove: 0.00, print: 0.00, other: 0.00)
OPEN-CLR-NTH*

Summary
Form:  ( DEFTHM CLR-NTH-CLR-NTH* ...)
Rules: ((:CONGRUENCE NFIX-EQUIV-IMPLIES-EQUAL-CLR-NTH-1)
        (:DEFINITION CLR-NTH*)
        (:FAKE-RUNE-FOR-TYPE-SET NIL)
        (:INDUCTION CLR-NTH*)
        (:REWRITE CLR-NTH-OF-CLR-NTH)
        (:REWRITE CLR-NTH-OVER-CLR-NTH)
        (:REWRITE OPEN-CLR-NTH*))
Warnings:  None
Time:  0.01 seconds (prove: 0.01, print: 0.00, other: 0.00)
CLR-NTH-CLR-NTH*

Summary
Form:  ( DEFUN EQUAL-NTH*-CONCLUSION ...)
Rules: ((:FAKE-RUNE-FOR-TYPE-SET NIL))
Warnings:  None
Time:  0.00 seconds (prove: 0.00, print: 0.00, other: 0.00)
EQUAL-NTH*-CONCLUSION

Summary
Form:  ( DEFTHM NTH*-EQUIV-OVER-CLR-NTH-BACKCHAINING ...)
Rules: ((:DEFINITION NTH*)
        (:DEFINITION NTH*-EQUIV)
        (:EXECUTABLE-COUNTERPART EQUAL)
        (:FAKE-RUNE-FOR-TYPE-SET NIL)
        (:INDUCTION NTH*)
        (:REWRITE CAR-CONS)
        (:REWRITE CDR-CONS)
        (:REWRITE EQUAL-CONS-CASES)
        (:REWRITE NTH-CLR-NTH)
        (:TYPE-PRESCRIPTION NTH*)
        (:TYPE-PRESCRIPTION NTH*-EQUIV))
Warnings:  None
Time:  0.01 seconds (prove: 0.01, print: 0.00, other: 0.00)
NTH*-EQUIV-OVER-CLR-NTH-BACKCHAINING

Summary
Form:  ( DEFTHM NTH*-EQUIV-IDENTITY ...)
Rules: ((:DEFINITION NTH*-EQUIV)
        (:FAKE-RUNE-FOR-TYPE-SET NIL)
        (:TYPE-PRESCRIPTION NTH*-EQUIV))
Warnings:  None
Time:  0.00 seconds (prove: 0.00, print: 0.00, other: 0.00)
NTH*-EQUIV-IDENTITY

Summary
Form:  ( DEFUN EQUAL-NTH*-INDUCTION ...)
Rules: ((:FAKE-RUNE-FOR-TYPE-SET NIL))
Warnings:  None
Time:  0.01 seconds (prove: 0.00, print: 0.00, other: 0.01)
EQUAL-NTH*-INDUCTION

Summary
Form:  ( DEFTHM EQUAL-NTH*-REDUCTION ...)
Rules: ((:DEFINITION CLR-NTH*)
        (:DEFINITION EQUAL-NTH*-CONCLUSION)
        (:DEFINITION EQUAL-NTH-CONCLUSION)
        (:DEFINITION MAX)
        (:DEFINITION NTH*-EQUIV-DEF)
        (:EXECUTABLE-COUNTERPART EQUAL)
        (:FAKE-RUNE-FOR-LINEAR NIL)
        (:FAKE-RUNE-FOR-TYPE-SET NIL)
        (:INDUCTION EQUAL-NTH*-INDUCTION)
        (:REWRITE CLR-NTH-CLR-NTH*)
        (:REWRITE LASTATOM-CLR-NTH)
        (:REWRITE LEN-CLR-NTH)
        (:REWRITE NTH*-EQUIV-IDENTITY)
        (:REWRITE NTH*-EQUIV-OVER-CLR-NTH-BACKCHAINING)
        (:REWRITE OPEN-CLR-NTH*)
        (:TYPE-PRESCRIPTION LASTATOM)
        (:TYPE-PRESCRIPTION LEN)
        (:TYPE-PRESCRIPTION NFIX)
        (:TYPE-PRESCRIPTION NTH*-EQUIV))
Warnings:  None
Time:  0.16 seconds (prove: 0.16, print: 0.00, other: 0.00)

Summary
Form:  ( PROGN (DEFTHM EQUAL-NTH*-REDUCTION ...) ...)
Rules: NIL
Warnings:  None
Time:  0.16 seconds (prove: 0.16, print: 0.00, other: 0.00)
(:DEFTHMD EQUAL-NTH*-REDUCTION)

Summary
Form:  ( DEFUN COPY-NTH* ...)
Rules: ((:TYPE-PRESCRIPTION TRUE-LISTP-UPDATE-NTH)
        (:TYPE-PRESCRIPTION UPDATE-NTH))
Warnings:  None
Time:  0.01 seconds (prove: 0.00, print: 0.00, other: 0.01)
COPY-NTH*

Summary
Form:  ( DEFTHM CLR-NTH-THRU-CLR-NTH* ...)
Rules: ((:DEFINITION CLR-NTH*)
        (:ELIM CAR-CDR-ELIM)
        (:FAKE-RUNE-FOR-TYPE-SET NIL)
        (:INDUCTION CLR-NTH*)
        (:REWRITE CLR-NTH-OVER-CLR-NTH)
        (:REWRITE CLR-NTH-UPDATE-NTH)
        (:REWRITE OPEN-CLR-NTH*))
Warnings:  None
Time:  0.02 seconds (prove: 0.02, print: 0.00, other: 0.00)
CLR-NTH-THRU-CLR-NTH*

Summary
Form:  ( DEFTHM NTH*-CLR-COPY-NTH* ...)
Rules: ((:DEFINITION CLR-NTH*)
        (:DEFINITION COPY-NTH*)
        (:FAKE-RUNE-FOR-TYPE-SET NIL)
        (:INDUCTION CLR-NTH*)
        (:INDUCTION COPY-NTH*)
        (:REWRITE CLR-NTH-THRU-CLR-NTH*)
        (:REWRITE OPEN-CLR-NTH*))
Warnings:  None
Time:  0.00 seconds (prove: 0.00, print: 0.00, other: 0.00)
NTH*-CLR-COPY-NTH*

Summary
Form:  ( DEFUN NTH*-COPY-EQUIV ...)
Rules: ((:FAKE-RUNE-FOR-TYPE-SET NIL))
Warnings:  None
Time:  0.00 seconds (prove: 0.00, print: 0.00, other: 0.00)

Summary
Form:  ( PROGN (DEFUN NTH*-COPY-EQUIV ...) ...)
Rules: NIL
Warnings:  None
Time:  0.00 seconds (prove: 0.00, print: 0.00, other: 0.00)
(:DEFUND NTH*-COPY-EQUIV)

Summary
Form:  ( DEFUN MAXVAL-P ...)
Rules: NIL
Warnings:  None
Time:  0.00 seconds (prove: 0.00, print: 0.00, other: 0.00)
MAXVAL-P

Summary
Form:  ( DEFUN MAXVAL ...)
Rules: ((:TYPE-PRESCRIPTION NFIX))
Warnings:  None
Time:  0.00 seconds (prove: 0.00, print: 0.00, other: 0.00)
MAXVAL

Summary
Form:  ( DEFTHM MAXVAL-P-MAXVAL-PROP ...)
Rules: ((:DEFINITION MAXVAL)
        (:DEFINITION MAXVAL-P)
        (:DEFINITION NOT)
        (:ELIM CAR-CDR-ELIM)
        (:FAKE-RUNE-FOR-LINEAR NIL)
        (:FAKE-RUNE-FOR-TYPE-SET NIL)
        (:INDUCTION MAXVAL)
        (:INDUCTION MAXVAL-P)
        (:TYPE-PRESCRIPTION MAXVAL-P)
        (:TYPE-PRESCRIPTION NFIX))
Warnings:  None
Time:  0.02 seconds (prove: 0.02, print: 0.00, other: 0.00)
MAXVAL-P-MAXVAL-PROP

Summary
Form:  ( DEFTHM NOT-MAXVAL-P-MAXVAL-PROP-2 ...)
Rules: ((:DEFINITION MAXVAL)
        (:DEFINITION MAXVAL-P)
        (:DEFINITION NOT)
        (:ELIM CAR-CDR-ELIM)
        (:FAKE-RUNE-FOR-TYPE-SET NIL)
        (:INDUCTION MAXVAL)
        (:INDUCTION MAXVAL-P)
        (:REWRITE MAXVAL-P-MAXVAL-PROP)
        (:TYPE-PRESCRIPTION MAXVAL-P)
        (:TYPE-PRESCRIPTION NFIX))
Warnings:  None
Time:  0.01 seconds (prove: 0.01, print: 0.00, other: 0.00)
NOT-MAXVAL-P-MAXVAL-PROP-2

Summary
Form:  ( DEFTHM MAXVAL-P-MAXVAL-PROP-3 ...)
Rules: ((:DEFINITION MAXVAL)
        (:DEFINITION MAXVAL-P)
        (:DEFINITION NOT)
        (:FAKE-RUNE-FOR-TYPE-SET NIL)
        (:INDUCTION MAXVAL)
        (:INDUCTION MAXVAL-P)
        (:TYPE-PRESCRIPTION MAXVAL-P)
        (:TYPE-PRESCRIPTION NFIX))
Warnings:  None
Time:  0.00 seconds (prove: 0.00, print: 0.00, other: 0.00)
MAXVAL-P-MAXVAL-PROP-3

Summary
Form:  ( DEFUN MAXSIZE ...)
Rules: ((:FAKE-RUNE-FOR-TYPE-SET NIL)
        (:TYPE-PRESCRIPTION MAXVAL))
Warnings:  None
Time:  0.00 seconds (prove: 0.00, print: 0.00, other: 0.00)

Summary
Form:  ( PROGN (DEFUN MAXSIZE ...) ...)
Rules: NIL
Warnings:  None
Time:  0.00 seconds (prove: 0.00, print: 0.00, other: 0.00)
(:DEFUND MAXSIZE)

Summary
Form:  ( DEFTHM MAX-MAXSIZE ...)
Rules: ((:DEFINITION MAX)
        (:DEFINITION MAXSIZE)
        (:DEFINITION MAXVAL-P)
        (:FAKE-RUNE-FOR-LINEAR NIL)
        (:FAKE-RUNE-FOR-TYPE-SET NIL)
        (:LINEAR MAXVAL-P-MAXVAL-PROP-3)
        (:LINEAR NOT-MAXVAL-P-MAXVAL-PROP-2)
        (:TYPE-PRESCRIPTION MAXVAL)
        (:TYPE-PRESCRIPTION MAXVAL-P)
        (:TYPE-PRESCRIPTION NFIX))
Warnings:  None
Time:  0.00 seconds (prove: 0.00, print: 0.00, other: 0.00)
MAX-MAXSIZE

Summary
Form:  ( DEFTHM OPEN-MAXSIZE ...)
Rules: ((:DEFINITION MAXSIZE)
        (:DEFINITION MAXVAL)
        (:FAKE-RUNE-FOR-LINEAR NIL)
        (:LINEAR NOT-MAXVAL-P-MAXVAL-PROP-2)
        (:TYPE-PRESCRIPTION NFIX))
Warnings:  None
Time:  0.00 seconds (prove: 0.00, print: 0.00, other: 0.00)
OPEN-MAXSIZE

Summary
Form:  ( DEFTHM EQUAL-MAX-REDUCTION ...)
Rules: ((:DEFINITION IFF)
        (:DEFINITION MAX)
        (:EXECUTABLE-COUNTERPART IF)
        (:FAKE-RUNE-FOR-LINEAR NIL)
        (:FAKE-RUNE-FOR-TYPE-SET NIL))
Warnings:  None
Time:  0.00 seconds (prove: 0.00, print: 0.00, other: 0.00)
EQUAL-MAX-REDUCTION

Summary
Form:  ( DEFTHM LEN-COPY-NTH* ...)
Rules: ((:DEFINITION COPY-NTH*)
        (:DEFINITION MAX)
        (:DEFINITION MAXSIZE)
        (:FAKE-RUNE-FOR-TYPE-SET NIL)
        (:INDUCTION COPY-NTH*)
        (:REWRITE EQUAL-MAX-REDUCTION)
        (:REWRITE LEN-UPDATE-NTH)
        (:REWRITE MAX-MAXSIZE)
        (:REWRITE OPEN-MAXSIZE)
        (:TYPE-PRESCRIPTION LEN))
Warnings:  None
Time:  0.00 seconds (prove: 0.00, print: 0.00, other: 0.00)
LEN-COPY-NTH*

Summary
Form:  ( ENCAPSULATE NIL (DEFUN MAXVAL-P ...) ...)
Rules: NIL
Warnings:  None
Time:  0.08 seconds (prove: 0.05, print: 0.00, other: 0.03)
T

Summary
Form:  ( DEFTHM NTH*-COPY-EQUIV-REDUCTION ...)
Rules: ((:DEFINITION EQUAL-NTH*-CONCLUSION)
        (:DEFINITION MAX)
        (:DEFINITION NTH*-COPY-EQUIV)
        (:EXECUTABLE-COUNTERPART EQUAL)
        (:FAKE-RUNE-FOR-TYPE-SET NIL)
        (:REWRITE LEN-COPY-NTH*)
        (:REWRITE NTH*-CLR-COPY-NTH*)
        (:REWRITE NTH*-EQUIV-IDENTITY)
        (:TYPE-PRESCRIPTION NTH*-EQUIV))
Warnings:  None
Time:  0.01 seconds (prove: 0.01, print: 0.00, other: 0.00)
NTH*-COPY-EQUIV-REDUCTION

Summary
Form:  ( DEFTHM NTH*-EQUIV-UPDATE-NTH-CHAINING ...)
Rules: ((:COMPOUND-RECOGNIZER NATP-COMPOUND-RECOGNIZER)
        (:CONGRUENCE NFIX-EQUIV-IMPLIES-EQUAL-NTH-1)
        (:CONGRUENCE NFIX-EQUIV-IMPLIES-EQUAL-UPDATE-NTH-1)
        (:DEFINITION NOT)
        (:DEFINITION NTH*-EQUIV-DEF)
        (:EQUIVALENCE NFIX-EQUIV-IS-AN-EQUIVALENCE)
        (:FAKE-RUNE-FOR-TYPE-SET NIL)
        (:INDUCTION LEN)
        (:REWRITE EQUAL-NFIX-REWRITE)
        (:REWRITE NFIX-EQUIV-NFIX)
        (:REWRITE NTH-UPDATE-NTH)
        (:TYPE-PRESCRIPTION NFIX)
        (:TYPE-PRESCRIPTION NTH*-EQUIV))
Warnings:  None
Time:  0.00 seconds (prove: 0.00, print: 0.00, other: 0.00)
NTH*-EQUIV-UPDATE-NTH-CHAINING

Summary
Form:  ( DEFTHM NTH*-EQUIV-COPY-NTH* ...)
Rules: ((:DEFINITION COPY-NTH*)
        (:DEFINITION NTH*-EQUIV-DEF)
        (:FAKE-RUNE-FOR-TYPE-SET NIL)
        (:INDUCTION COPY-NTH*)
        (:REWRITE NTH*-EQUIV-UPDATE-NTH-CHAINING)
        (:REWRITE NTH-UPDATE-NTH)
        (:TYPE-PRESCRIPTION NTH*-EQUIV))
Warnings:  None
Time:  0.00 seconds (prove: 0.00, print: 0.00, other: 0.00)
NTH*-EQUIV-COPY-NTH*

Summary
Form:  ( DEFTHM NTH*-COPY-NTH* ...)
Rules: ((:DEFINITION NTH*-EQUIV))
Warnings:  None
Time:  0.00 seconds (prove: 0.00, print: 0.00, other: 0.00)
NTH*-COPY-NTH*

Summary
Form:  ( DEFTHM NTH*-EQUIV-COPY-NTH*-COPY-NTH* ...)
Rules: ((:DEFINITION NTH*-EQUIV)
        (:FAKE-RUNE-FOR-TYPE-SET NIL)
        (:REWRITE NTH*-COPY-NTH*))
Warnings:  None
Time:  0.00 seconds (prove: 0.00, print: 0.00, other: 0.00)
NTH*-EQUIV-COPY-NTH*-COPY-NTH*

Summary
Form:  ( DEFTHM LASTATOM-COPY-NTH* ...)
Rules: ((:DEFINITION COPY-NTH*)
        (:DEFINITION MAX)
        (:DEFINITION MAXSIZE)
        (:DEFINITION MAXVAL)
        (:DEFINITION MAXVAL-P)
        (:DEFINITION NOT)
        (:EXECUTABLE-COUNTERPART NOT)
        (:FAKE-RUNE-FOR-LINEAR NIL)
        (:FAKE-RUNE-FOR-TYPE-SET NIL)
        (:INDUCTION COPY-NTH*)
        (:INDUCTION MAXVAL)
        (:LINEAR MAXVAL-P-MAXVAL-PROP-3)
        (:LINEAR NOT-MAXVAL-P-MAXVAL-PROP-2)
        (:REWRITE LASTATOM-UPDATE-NTH)
        (:REWRITE LEN-COPY-NTH*)
        (:TYPE-PRESCRIPTION LEN)
        (:TYPE-PRESCRIPTION MAX)
        (:TYPE-PRESCRIPTION MAXVAL)
        (:TYPE-PRESCRIPTION MAXVAL-P)
        (:TYPE-PRESCRIPTION NFIX))
Warnings:  None
Time:  0.03 seconds (prove: 0.03, print: 0.00, other: 0.00)
LASTATOM-COPY-NTH*

Summary
Form:  ( DEFTHM NTH*-EQUIV-REDUCTION ...)
Rules: ((:DEFINITION EQUAL-NTH*-CONCLUSION)
        (:DEFINITION MAX)
        (:DEFINITION NOT)
        (:EXECUTABLE-COUNTERPART NOT)
        (:FAKE-RUNE-FOR-TYPE-SET NIL)
        (:REWRITE LASTATOM-COPY-NTH*)
        (:REWRITE LEN-COPY-NTH*)
        (:REWRITE NTH*-CLR-COPY-NTH*)
        (:REWRITE NTH*-COPY-EQUIV-REDUCTION)
        (:REWRITE NTH*-EQUIV-COPY-NTH*-COPY-NTH*)
        (:TYPE-PRESCRIPTION NTH*-EQUIV))
Warnings:  None
Time:  0.00 seconds (prove: 0.00, print: 0.00, other: 0.00)
NTH*-EQUIV-REDUCTION

Summary
Form:  ( DEFUN USE ...)
Rules: ((:TYPE-PRESCRIPTION COPY-NTH*))
Warnings:  None
Time:  0.00 seconds (prove: 0.00, print: 0.00, other: 0.00)
USE

Summary
Form:  ( DEFTHM NTH-USE ...)
Rules: ((:COMPOUND-RECOGNIZER NATP-COMPOUND-RECOGNIZER)
        (:CONGRUENCE NFIX-EQUIV-IMPLIES-EQUAL-NTH-1)
        (:CONGRUENCE NFIX-EQUIV-IMPLIES-EQUAL-UPDATE-NTH-1)
        (:DEFINITION COPY-NTH*)
        (:DEFINITION MEMBER)
        (:DEFINITION NFIX-LIST)
        (:DEFINITION NOT)
        (:DEFINITION USE)
        (:EQUIVALENCE NFIX-EQUIV-IS-AN-EQUIVALENCE)
        (:EXECUTABLE-COUNTERPART CONSP)
        (:FAKE-RUNE-FOR-TYPE-SET NIL)
        (:INDUCTION COPY-NTH*)
        (:INDUCTION NFIX-LIST)
        (:REWRITE CAR-CONS)
        (:REWRITE CDR-CONS)
        (:REWRITE EQUAL-NFIX-REWRITE)
        (:REWRITE NFIX-EQUIV-NFIX)
        (:REWRITE NTH-UPDATE-NTH)
        (:TYPE-PRESCRIPTION NFIX)
        (:TYPE-PRESCRIPTION NFIX-LIST))
Warnings:  None
Time:  0.00 seconds (prove: 0.00, print: 0.00, other: 0.00)
NTH-USE

Summary
Form:  ( DEFTHM NTH*-GET-COPY-EQUIVALENCE ...)
Rules: ((:DEFINITION NTH*-COPY-EQUIV)
        (:DEFINITION NTH*-EQUIV)
        (:DEFINITION USE)
        (:FAKE-RUNE-FOR-TYPE-SET NIL))
Warnings:  None
Time:  0.00 seconds (prove: 0.00, print: 0.00, other: 0.00)
NTH*-GET-COPY-EQUIVALENCE

Summary
Form:  ( DEFTHM NTH-COPY-NTH* ...)
Rules: ((:COMPOUND-RECOGNIZER NATP-COMPOUND-RECOGNIZER)
        (:CONGRUENCE NFIX-EQUIV-IMPLIES-EQUAL-NTH-1)
        (:DEFINITION COPY-NTH*)
        (:DEFINITION MEMBER)
        (:DEFINITION NFIX-LIST)
        (:DEFINITION NOT)
        (:EQUIVALENCE NFIX-EQUIV-IS-AN-EQUIVALENCE)
        (:EXECUTABLE-COUNTERPART CONSP)
        (:FAKE-RUNE-FOR-TYPE-SET NIL)
        (:INDUCTION COPY-NTH*)
        (:INDUCTION NFIX-LIST)
        (:REWRITE CAR-CONS)
        (:REWRITE CDR-CONS)
        (:REWRITE EQUAL-NFIX-REWRITE)
        (:REWRITE NFIX-EQUIV-NFIX)
        (:REWRITE NTH-UPDATE-NTH)
        (:TYPE-PRESCRIPTION MEMBER)
        (:TYPE-PRESCRIPTION NFIX)
        (:TYPE-PRESCRIPTION NFIX-LIST))
Warnings:  None
Time:  0.01 seconds (prove: 0.01, print: 0.00, other: 0.00)
NTH-COPY-NTH*

Summary
Form:  ( DEFTHM UPDATE-NTH-NIL-REDUCTION ...)
Rules: ((:DEFINITION CLR-NTH))
Warnings:  None
Time:  0.00 seconds (prove: 0.00, print: 0.00, other: 0.00)
UPDATE-NTH-NIL-REDUCTION

Summary
Form:  ( DEFTHM CLR-NTH-COPY-NTH*-MEMBER ...)
Rules: ((:COMPOUND-RECOGNIZER NATP-COMPOUND-RECOGNIZER)
        (:CONGRUENCE NFIX-EQUIV-IMPLIES-EQUAL-CLR-NTH-1)
        (:CONGRUENCE NFIX-EQUIV-IMPLIES-EQUAL-NTH-1)
        (:CONGRUENCE NFIX-EQUIV-IMPLIES-EQUAL-UPDATE-NTH-1)
        (:DEFINITION COPY-NTH*)
        (:DEFINITION MEMBER)
        (:DEFINITION NFIX-LIST)
        (:DEFINITION NOT)
        (:ELIM CAR-CDR-ELIM)
        (:EQUIVALENCE NFIX-EQUIV-IS-AN-EQUIVALENCE)
        (:EXECUTABLE-COUNTERPART CONSP)
        (:FAKE-RUNE-FOR-TYPE-SET NIL)
        (:INDUCTION COPY-NTH*)
        (:INDUCTION NFIX-LIST)
        (:REWRITE CAR-CONS)
        (:REWRITE CDR-CONS)
        (:REWRITE CLR-NTH-OF-CLR-NTH)
        (:REWRITE CLR-NTH-UPDATE-NTH)
        (:REWRITE EQUAL-NFIX-REWRITE)
        (:REWRITE NFIX-EQUIV-NFIX)
        (:REWRITE NTH-CLR-NTH)
        (:REWRITE UPDATE-NTH-NIL-REDUCTION)
        (:TYPE-PRESCRIPTION NFIX)
        (:TYPE-PRESCRIPTION NFIX-LIST))
Warnings:  None
Time:  0.03 seconds (prove: 0.03, print: 0.00, other: 0.00)
CLR-NTH-COPY-NTH*-MEMBER

Summary
Form:  ( DEFTHM CLR-NTH-COPY-NTH*-NON-MEMBER ...)
Rules: ((:COMPOUND-RECOGNIZER NATP-COMPOUND-RECOGNIZER)
        (:DEFINITION COPY-NTH*)
        (:DEFINITION MEMBER)
        (:DEFINITION NFIX-LIST)
        (:DEFINITION NOT)
        (:EQUIVALENCE NFIX-EQUIV-IS-AN-EQUIVALENCE)
        (:EXECUTABLE-COUNTERPART CONSP)
        (:FAKE-RUNE-FOR-TYPE-SET NIL)
        (:INDUCTION COPY-NTH*)
        (:INDUCTION NFIX-LIST)
        (:REWRITE CAR-CONS)
        (:REWRITE CDR-CONS)
        (:REWRITE CLR-NTH-UPDATE-NTH)
        (:REWRITE EQUAL-NFIX-REWRITE)
        (:REWRITE NFIX-EQUIV-NFIX)
        (:TYPE-PRESCRIPTION MEMBER)
        (:TYPE-PRESCRIPTION NFIX)
        (:TYPE-PRESCRIPTION NFIX-LIST))
Warnings:  None
Time:  0.01 seconds (prove: 0.01, print: 0.00, other: 0.00)
CLR-NTH-COPY-NTH*-NON-MEMBER

Summary
Form:  ( DEFTHM CLR-NTH*-COPY-NTH* ...)
Rules: ((:FAKE-RUNE-FOR-TYPE-SET NIL)
        (:REWRITE CLR-NTH-COPY-NTH*-MEMBER)
        (:REWRITE CLR-NTH-COPY-NTH*-NON-MEMBER)
        (:TYPE-PRESCRIPTION MEMBER))
Warnings:  None
Time:  0.00 seconds (prove: 0.00, print: 0.00, other: 0.00)
CLR-NTH*-COPY-NTH*

Summary
Form:  ( DEFTHM UPDATE-NTH-THRU-COPY-NTH* ...)
Rules: ((:COMPOUND-RECOGNIZER NATP-COMPOUND-RECOGNIZER)
        (:DEFINITION COPY-NTH*)
        (:DEFINITION MAX)
        (:DEFINITION MEMBER)
        (:DEFINITION NFIX-LIST)
        (:DEFINITION NOT)
        (:EQUIVALENCE NFIX-EQUIV-IS-AN-EQUIVALENCE)
        (:EXECUTABLE-COUNTERPART CONSP)
        (:FAKE-RUNE-FOR-LINEAR NIL)
        (:FAKE-RUNE-FOR-TYPE-SET NIL)
        (:INDUCTION COPY-NTH*)
        (:INDUCTION NFIX-LIST)
        (:REWRITE CAR-CONS)
        (:REWRITE CDR-CONS)
        (:REWRITE CLR-NTH*-COPY-NTH*)
        (:REWRITE CLR-NTH-OVER-CLR-NTH)
        (:REWRITE CLR-NTH-UPDATE-NTH)
        (:REWRITE EQUAL-NFIX-REWRITE)
        (:REWRITE EQUAL-UPDATE-NTH-REDUCTION)
        (:REWRITE LEN-CLR-NTH)
        (:REWRITE LEN-COPY-NTH*)
        (:REWRITE LEN-UPDATE-NTH)
        (:REWRITE NFIX-EQUIV-NFIX)
        (:REWRITE NTH-UPDATE-NTH)
        (:TYPE-PRESCRIPTION LEN)
        (:TYPE-PRESCRIPTION MAXSIZE)
        (:TYPE-PRESCRIPTION MEMBER)
        (:TYPE-PRESCRIPTION NFIX)
        (:TYPE-PRESCRIPTION NFIX-LIST))
Warnings:  None
Time:  0.04 seconds (prove: 0.04, print: 0.00, other: 0.00)
UPDATE-NTH-THRU-COPY-NTH*

Summary
Form:  ( DEFTHM COPY-NTH*-UPDATE-NTH-MEMBER ...)
Rules: ((:COMPOUND-RECOGNIZER NATP-COMPOUND-RECOGNIZER)
        (:CONGRUENCE NFIX-EQUIV-IMPLIES-EQUAL-NTH-1)
        (:CONGRUENCE NFIX-EQUIV-IMPLIES-EQUAL-UPDATE-NTH-1)
        (:DEFINITION COPY-NTH*)
        (:DEFINITION MEMBER)
        (:DEFINITION NFIX-LIST)
        (:DEFINITION NOT)
        (:ELIM CAR-CDR-ELIM)
        (:EQUIVALENCE NFIX-EQUIV-IS-AN-EQUIVALENCE)
        (:EXECUTABLE-COUNTERPART CONSP)
        (:FAKE-RUNE-FOR-TYPE-SET NIL)
        (:INDUCTION COPY-NTH*)
        (:INDUCTION NFIX-LIST)
        (:REWRITE CAR-CONS)
        (:REWRITE CDR-CONS)
        (:REWRITE EQUAL-NFIX-REWRITE)
        (:REWRITE NFIX-EQUIV-NFIX)
        (:REWRITE NTH-UPDATE-NTH)
        (:REWRITE UPDATE-NTH-OF-UPDATE-NTH)
        (:REWRITE UPDATE-NTH-OVER-UPDATE-NTH)
        (:REWRITE UPDATE-NTH-THRU-COPY-NTH*)
        (:TYPE-PRESCRIPTION NFIX)
        (:TYPE-PRESCRIPTION NFIX-LIST))
Warnings:  None
Time:  0.03 seconds (prove: 0.03, print: 0.00, other: 0.00)
COPY-NTH*-UPDATE-NTH-MEMBER

Summary
Form:  ( DEFTHM COPY-NTH*-UPDATE-NTH-NON-MEMBER ...)
Rules: ((:COMPOUND-RECOGNIZER NATP-COMPOUND-RECOGNIZER)
        (:DEFINITION COPY-NTH*)
        (:DEFINITION MEMBER)
        (:DEFINITION NFIX-LIST)
        (:DEFINITION NOT)
        (:EQUIVALENCE NFIX-EQUIV-IS-AN-EQUIVALENCE)
        (:EXECUTABLE-COUNTERPART CONSP)
        (:FAKE-RUNE-FOR-TYPE-SET NIL)
        (:INDUCTION COPY-NTH*)
        (:INDUCTION NFIX-LIST)
        (:REWRITE CAR-CONS)
        (:REWRITE CDR-CONS)
        (:REWRITE EQUAL-NFIX-REWRITE)
        (:REWRITE NFIX-EQUIV-NFIX)
        (:REWRITE NTH-UPDATE-NTH)
        (:TYPE-PRESCRIPTION MEMBER)
        (:TYPE-PRESCRIPTION NFIX)
        (:TYPE-PRESCRIPTION NFIX-LIST))
Warnings:  None
Time:  0.01 seconds (prove: 0.01, print: 0.00, other: 0.00)
COPY-NTH*-UPDATE-NTH-NON-MEMBER

Summary
Form:  ( DEFTHM COPY-NTH*-UPDATE-NTH ...)
Rules: ((:FAKE-RUNE-FOR-TYPE-SET NIL)
        (:REWRITE COPY-NTH*-UPDATE-NTH-MEMBER)
        (:REWRITE COPY-NTH*-UPDATE-NTH-NON-MEMBER))
Warnings:  None
Time:  0.00 seconds (prove: 0.00, print: 0.00, other: 0.00)
COPY-NTH*-UPDATE-NTH

Summary
Form:  ( DEFTHM USE-UPDATE-NTH-NON-MEMBER ...)
Rules: ((:DEFINITION NOT)
        (:DEFINITION USE)
        (:FAKE-RUNE-FOR-TYPE-SET NIL)
        (:REWRITE COPY-NTH*-UPDATE-NTH))
Warnings:  None
Time:  0.00 seconds (prove: 0.00, print: 0.00, other: 0.00)
USE-UPDATE-NTH-NON-MEMBER

Summary
Form:  ( DEFTHM USE-UPDATE-NTH-MEMBER ...)
Rules: ((:DEFINITION USE)
        (:FAKE-RUNE-FOR-TYPE-SET NIL)
        (:REWRITE COPY-NTH*-UPDATE-NTH)
        (:TYPE-PRESCRIPTION MEMBER))
Warnings:  None
Time:  0.00 seconds (prove: 0.00, print: 0.00, other: 0.00)

Summary
Form:  ( PROGN (DEFTHM USE-UPDATE-NTH-MEMBER ...) ...)
Rules: NIL
Warnings:  None
Time:  0.00 seconds (prove: 0.00, print: 0.00, other: 0.00)
(:DEFTHMD USE-UPDATE-NTH-MEMBER)

Summary
Form:  ( DEFTHM USE-UPDATE-NTH ...)
Rules: ((:FAKE-RUNE-FOR-TYPE-SET NIL)
        (:REWRITE USE-UPDATE-NTH-MEMBER)
        (:REWRITE USE-UPDATE-NTH-NON-MEMBER))
Warnings:  None
Time:  0.00 seconds (prove: 0.00, print: 0.00, other: 0.00)

Summary
Form:  ( PROGN (DEFTHM USE-UPDATE-NTH ...) ...)
Rules: NIL
Warnings:  None
Time:  0.00 seconds (prove: 0.00, print: 0.00, other: 0.00)
(:DEFTHMD USE-UPDATE-NTH)

Summary
Form:  ( DEFTHM USE-USE ...)
Rules: ((:DEFINITION COPY-NTH*)
        (:DEFINITION MEMBER)
        (:DEFINITION NFIX-LIST)
        (:DEFINITION USE)
        (:EXECUTABLE-COUNTERPART EQUAL)
        (:FAKE-RUNE-FOR-TYPE-SET NIL)
        (:INDUCTION COPY-NTH*)
        (:REWRITE CAR-CONS)
        (:REWRITE COPY-NTH*-UPDATE-NTH)
        (:REWRITE NTH-COPY-NTH*)
        (:REWRITE UPDATE-NTH-OF-UPDATE-NTH)
        (:TYPE-PRESCRIPTION NFIX-LIST))
Warnings:  None
Time:  0.00 seconds (prove: 0.00, print: 0.00, other: 0.00)
USE-USE

Summary
Form:  ( DEFTHM MEMBER-APPEND ...)
Rules: ((:DEFINITION BINARY-APPEND)
        (:DEFINITION ENDP)
        (:DEFINITION EQL)
        (:DEFINITION IFF)
        (:DEFINITION MEMBER)
        (:DEFINITION NOT)
        (:FAKE-RUNE-FOR-TYPE-SET NIL)
        (:INDUCTION BINARY-APPEND)
        (:INDUCTION MEMBER)
        (:REWRITE CAR-CONS)
        (:REWRITE CDR-CONS)
        (:TYPE-PRESCRIPTION MEMBER))
Warnings:  None
Time:  0.01 seconds (prove: 0.01, print: 0.00, other: 0.00)
MEMBER-APPEND

Summary
Form:  ( DEFTHM NFIX-LIST-APPEND ...)
Rules: ((:DEFINITION BINARY-APPEND)
        (:DEFINITION NFIX-LIST)
        (:EXECUTABLE-COUNTERPART CONSP)
        (:FAKE-RUNE-FOR-TYPE-SET NIL)
        (:INDUCTION BINARY-APPEND)
        (:INDUCTION NFIX-LIST)
        (:REWRITE CAR-CONS)
        (:REWRITE CDR-CONS)
        (:TYPE-PRESCRIPTION NFIX-LIST))
Warnings:  None
Time:  0.00 seconds (prove: 0.00, print: 0.00, other: 0.00)
NFIX-LIST-APPEND

Summary
Form:  ( DEFTHM OPEN-USE ...)
Rules: ((:DEFINITION COPY-NTH*)
        (:DEFINITION NOT)
        (:DEFINITION USE)
        (:EXECUTABLE-COUNTERPART EQUAL)
        (:FAKE-RUNE-FOR-TYPE-SET NIL))
Warnings:  None
Time:  0.00 seconds (prove: 0.00, print: 0.00, other: 0.00)

Summary
Form:  ( PROGN (DEFTHM OPEN-USE ...) ...)
Rules: NIL
Warnings:  None
Time:  0.00 seconds (prove: 0.00, print: 0.00, other: 0.00)
(:DEFTHMD OPEN-USE)

Summary
Form:  ( DEFUN SUBSET ...)
Rules: NIL
Warnings:  None
Time:  0.01 seconds (prove: 0.00, print: 0.00, other: 0.01)
SUBSET

Summary
Form:  ( DEFTHM NTH*-USE ...)
Rules: ((:COMPOUND-RECOGNIZER NATP-COMPOUND-RECOGNIZER)
        (:DEFINITION MEMBER)
        (:DEFINITION NFIX-LIST)
        (:DEFINITION NTH*)
        (:DEFINITION SUBSET)
        (:DEFINITION USE)
        (:ELIM CAR-CDR-ELIM)
        (:EXECUTABLE-COUNTERPART EQUAL)
        (:FAKE-RUNE-FOR-TYPE-SET NIL)
        (:INDUCTION MEMBER)
        (:INDUCTION NFIX-LIST)
        (:INDUCTION NTH*)
        (:INDUCTION SUBSET)
        (:REWRITE CAR-CONS)
        (:REWRITE CDR-CONS)
        (:REWRITE EQUAL-CONS-CASES)
        (:REWRITE EQUAL-NFIX-REWRITE)
        (:REWRITE NTH-COPY-NTH*)
        (:TYPE-PRESCRIPTION MEMBER)
        (:TYPE-PRESCRIPTION NFIX)
        (:TYPE-PRESCRIPTION NFIX-LIST)
        (:TYPE-PRESCRIPTION NTH*))
Warnings:  None
Time:  0.02 seconds (prove: 0.02, print: 0.00, other: 0.00)
NTH*-USE

Summary
Form:  ( DEFTHM SUBSET-APPEND ...)
Rules: ((:DEFINITION BINARY-APPEND)
        (:DEFINITION MEMBER)
        (:DEFINITION SUBSET)
        (:ELIM CAR-CDR-ELIM)
        (:FAKE-RUNE-FOR-TYPE-SET NIL)
        (:INDUCTION BINARY-APPEND)
        (:INDUCTION SUBSET)
        (:REWRITE CAR-CONS)
        (:REWRITE CDR-CONS)
        (:TYPE-PRESCRIPTION MEMBER)
        (:TYPE-PRESCRIPTION SUBSET))
Warnings:  None
Time:  0.01 seconds (prove: 0.01, print: 0.00, other: 0.00)
SUBSET-APPEND

Summary
Form:  ( DEFTHM EQUAL-NTH*-APPEND-REDUCTION ...)
Rules: ((:DEFINITION BINARY-APPEND)
        (:DEFINITION NTH*)
        (:EXECUTABLE-COUNTERPART EQUAL)
        (:FAKE-RUNE-FOR-TYPE-SET NIL)
        (:INDUCTION BINARY-APPEND)
        (:INDUCTION NTH*)
        (:REWRITE CAR-CONS)
        (:REWRITE CDR-CONS)
        (:REWRITE EQUAL-CONS-CASES)
        (:TYPE-PRESCRIPTION NTH*))
Warnings:  None
Time:  0.01 seconds (prove: 0.01, print: 0.00, other: 0.00)
EQUAL-NTH*-APPEND-REDUCTION

Summary
Form:  ( DEFTHM CLR-NTH-USE ...)
Rules: ((:DEFINITION USE)
        (:FAKE-RUNE-FOR-TYPE-SET NIL)
        (:REWRITE CLR-NTH*-COPY-NTH*)
        (:TYPE-PRESCRIPTION MEMBER))
Warnings:  None
Time:  0.00 seconds (prove: 0.00, print: 0.00, other: 0.00)
CLR-NTH-USE

Summary
Form:  ( IN-THEORY (DISABLE ...))
Rules: NIL
Warnings:  None
Time:  0.00 seconds (prove: 0.00, print: 0.00, other: 0.00)
1917

Summary
Form:  ( INCLUDE-BOOK "nth-rules" ...)
Rules: NIL
Warnings:  None
Time:  0.12 seconds (prove: 0.00, print: 0.00, other: 0.12)

"/Users/huangjianshi/src/acl2-sources/books/workshops/2006/greve/nary/nth-rules.fasl"


Summary
Form:  (CERTIFY-BOOK "nth-rules" ...)
Rules: NIL
Warnings:  None
Time:  1.29 seconds (prove: 0.90, print: 0.00, other: 0.39)
 "/Users/huangjianshi/src/acl2-sources/books/workshops/2006/greve/nary/nth-rules.lisp"
ACL2 !>
Exiting the ACL2 read-eval-print loop.  To re-enter, execute (LP).
* 