This is SBCL 1.0.1.34, an implementation of ANSI Common Lisp.
More information about SBCL is available at <http://www.sbcl.org/>.

SBCL is free software, provided as is, with absolutely no warranty.
It is mostly in the public domain; some portions are provided under
BSD-style licenses.  See the CREDITS and COPYING files in the
distribution for more information.

 ACL2 Version 3.1 built January 26, 2007  15:12:42.
 Copyright (C) 2006  University of Texas at Austin
 ACL2 comes with ABSOLUTELY NO WARRANTY.  This is free software and you
 are welcome to redistribute it under certain conditions.  For details,
 see the GNU General Public License.

 Initialized with (INITIALIZE-ACL2 'INCLUDE-BOOK *ACL2-PASS-2-FILES*).
 See the documentation topic note-3-1 for recent changes.
 Note: We have modified the prompt in some underlying Lisps to further
 distinguish it from the ACL2 prompt.

 NOTE!!  Proof trees are disabled in ACL2.  To enable them in emacs,
 look under the ACL2 source directory in interface/emacs/README.doc; 
 and, to turn on proof trees, execute :START-PROOF-TREE in the ACL2 
 command loop.   Look in the ACL2 documentation under PROOF-TREE.

ACL2 Version 3.1.  Level 1.  Cbd 
"/Users/huangjianshi/src/acl2-sources/books/misc/".
Type :help for help.
Type (good-bye) to quit completely out of ACL2.

ACL2 !>
Exiting the ACL2 read-eval-print loop.  To re-enter, execute (LP).
* 
#<PACKAGE "ACL2">
* 
ACL2 Version 3.1.  Level 1.  Cbd 
"/Users/huangjianshi/src/acl2-sources/books/misc/".
Type :help for help.
Type (good-bye) to quit completely out of ACL2.

ACL2 !> (PROVE PROOF-TREE
        WARNING OBSERVATION EVENT EXPANSION)
ACL2 !>:INVISIBLE

Summary
Form:  ( DEFMACRO USE-HINT-ALWAYS ...)
Rules: NIL
Warnings:  None
Time:  0.00 seconds (prove: 0.00, print: 0.00, other: 0.00)
USE-HINT-ALWAYS

Summary
Form:  ( DEFMACRO WHEN-OCCUR ...)
Rules: NIL
Warnings:  None
Time:  0.00 seconds (prove: 0.00, print: 0.00, other: 0.00)
WHEN-OCCUR

Summary
Form:  ( DEFMACRO WHEN-OCCUR-& ...)
Rules: NIL
Warnings:  None
Time:  0.00 seconds (prove: 0.00, print: 0.00, other: 0.00)
WHEN-OCCUR-&

Summary
Form:  ( DEFUN MULTIPLE-OCCUR-CHECK ...)
Rules: NIL
Warnings:  None
Time:  0.01 seconds (prove: 0.00, print: 0.00, other: 0.01)
MULTIPLE-OCCUR-CHECK

Summary
Form:  ( DEFMACRO WHEN-MULTIPLE-OCCUR ...)
Rules: NIL
Warnings:  None
Time:  0.00 seconds (prove: 0.00, print: 0.00, other: 0.00)
WHEN-MULTIPLE-OCCUR

Summary
Form:  ( DEFMACRO WHEN-MULTIPLE-OCCUR-& ...)
Rules: NIL
Warnings:  None
Time:  0.00 seconds (prove: 0.00, print: 0.00, other: 0.00)
WHEN-MULTIPLE-OCCUR-&

Summary
Form:  ( DEFMACRO SHOW-HINT ...)
Rules: NIL
Warnings:  None
Time:  0.01 seconds (prove: 0.00, print: 0.00, other: 0.01)
SHOW-HINT

Summary
Form:  ( DEFUN FMETA-VARP ...)
Rules: NIL
Warnings:  None
Time:  0.00 seconds (prove: 0.00, print: 0.00, other: 0.00)
FMETA-VARP

Summary
Form:  ( DEFUN FMETA-VAR-NAME ...)
Rules: NIL
Warnings:  None
Time:  0.00 seconds (prove: 0.00, print: 0.00, other: 0.00)
FMETA-VAR-NAME

Summary
Form:  ( DEFMACRO MV2-OR ...)
Rules: NIL
Warnings:  None
Time:  0.00 seconds (prove: 0.00, print: 0.00, other: 0.00)
MV2-OR

Summary
Form:  ( MUTUAL-RECURSION ( DEFUN PATTERN-MATCH ...) ...)
Rules: NIL
Warnings:  None
Time:  0.02 seconds (prove: 0.00, print: 0.00, other: 0.02)
(PATTERN-MATCH PATTERN-MATCH-LST)

Summary
Form:  ( MUTUAL-RECURSION ( DEFUN PATTERN-OCCUR ...) ...)
Rules: NIL
Warnings:  None
Time:  0.01 seconds (prove: 0.00, print: 0.00, other: 0.01)
(PATTERN-OCCUR PATTERN-OCCUR-LST)

Summary
Form:  ( MUTUAL-RECURSION ( DEFUN SUBST-META ...) ...)
Rules: NIL
Warnings:  None
Time:  0.01 seconds (prove: 0.00, print: 0.00, other: 0.01)
(SUBST-META SUBST-META-LST)

Summary
Form:  ( DEFMACRO WHEN-PATTERN ...)
Rules: NIL
Warnings:  None
Time:  0.00 seconds (prove: 0.00, print: 0.00, other: 0.00)
WHEN-PATTERN

Summary
Form:  ( DEFUN MULTIPLE-PATTERN-CHECK ...)
Rules: NIL
Warnings:  None
Time:  0.01 seconds (prove: 0.00, print: 0.00, other: 0.01)
MULTIPLE-PATTERN-CHECK

Summary
Form:  ( DEFMACRO WHEN-MULTI-PATTERNS ...)
Rules: NIL
Warnings:  None
Time:  0.00 seconds (prove: 0.00, print: 0.00, other: 0.00)
WHEN-MULTI-PATTERNS

Summary
Form:  ( DEFMACRO WHEN-GS-MATCH ...)
Rules: NIL
Warnings:  None
Time:  0.00 seconds (prove: 0.00, print: 0.00, other: 0.00)
WHEN-GS-MATCH

Summary
Form:  ( DEFMACRO WHEN-GS-MATCH-& ...)
Rules: NIL
Warnings:  None
Time:  0.00 seconds (prove: 0.00, print: 0.00, other: 0.00)
WHEN-GS-MATCH-&

Summary
Form:  ( DEFMACRO WHEN-NOT-GS-MATCH ...)
Rules: NIL
Warnings:  None
Time:  0.00 seconds (prove: 0.00, print: 0.00, other: 0.00)
WHEN-NOT-GS-MATCH

Summary
Form:  ( DEFMACRO WHEN-NOT-GS-MATCH-& ...)
Rules: NIL
Warnings:  None
Time:  0.00 seconds (prove: 0.00, print: 0.00, other: 0.00)
WHEN-NOT-GS-MATCH-&

Summary
Form:  ( DEFUN GSNUM-PATTERN-MATCH ...)
Rules: NIL
Warnings:  None
Time:  0.00 seconds (prove: 0.00, print: 0.00, other: 0.00)
GSNUM-PATTERN-MATCH

Summary
Form:  ( DEFUN GSLIST-PATTERN-MATCH ...)
Rules: NIL
Warnings:  None
Time:  0.01 seconds (prove: 0.00, print: 0.00, other: 0.01)
GSLIST-PATTERN-MATCH

Summary
Form:  ( DEFUN GS-PATTERN-MATCH ...)
Rules: NIL
Warnings:  None
Time:  0.00 seconds (prove: 0.00, print: 0.00, other: 0.00)
GS-PATTERN-MATCH

Summary
Form:  ( DEFMACRO SHOW-CLAUSE ...)
Rules: NIL
Warnings:  None
Time:  0.00 seconds (prove: 0.00, print: 0.00, other: 0.00)
SHOW-CLAUSE

Summary
Form:  ( DEFMACRO WHEN-OCCUR-POSITIVE ...)
Rules: NIL
Warnings:  None
Time:  0.00 seconds (prove: 0.00, print: 0.00, other: 0.00)
WHEN-OCCUR-POSITIVE

Summary
Form:  ( DEFMACRO WHEN-OCCUR-NEGATIVE ...)
Rules: NIL
Warnings:  None
Time:  0.00 seconds (prove: 0.00, print: 0.00, other: 0.00)
WHEN-OCCUR-NEGATIVE

Summary
Form:  ( DEFMACRO WHEN-OCCUR-POSITIVE-& ...)
Rules: NIL
Warnings:  None
Time:  0.00 seconds (prove: 0.00, print: 0.00, other: 0.00)
WHEN-OCCUR-POSITIVE-&

Summary
Form:  ( DEFMACRO WHEN-OCCUR-NEGATIVE-& ...)
Rules: NIL
Warnings:  None
Time:  0.00 seconds (prove: 0.00, print: 0.00, other: 0.00)
WHEN-OCCUR-NEGATIVE-&

Summary
Form:  ( DEFUN PATTERN-POSITIVE-P ...)
Rules: NIL
Warnings:  None
Time:  0.01 seconds (prove: 0.00, print: 0.00, other: 0.01)
PATTERN-POSITIVE-P

Summary
Form:  ( DEFUN PATTERN-NEGATIVE-P ...)
Rules: NIL
Warnings:  None
Time:  0.01 seconds (prove: 0.00, print: 0.00, other: 0.01)
PATTERN-NEGATIVE-P

Summary
Form:  ( DEFUN MULTI-PATTERNS-POSITIVE-P ...)
Rules: NIL
Warnings:  None
Time:  0.01 seconds (prove: 0.00, print: 0.00, other: 0.01)
MULTI-PATTERNS-POSITIVE-P

Summary
Form:  ( DEFUN MULTI-PATTERNS-NEGATIVE-P ...)
Rules: NIL
Warnings:  None
Time:  0.00 seconds (prove: 0.00, print: 0.00, other: 0.00)
MULTI-PATTERNS-NEGATIVE-P

Summary
Form:  ( DEFUN MULTI-PATTERNS-ASSERTED-P ...)
Rules: NIL
Warnings:  None
Time:  0.00 seconds (prove: 0.00, print: 0.00, other: 0.00)
MULTI-PATTERNS-ASSERTED-P

Summary
Form:  ( DEFMACRO WHEN-POS/NEG-OCCUR ...)
Rules: NIL
Warnings:  None
Time:  0.00 seconds (prove: 0.00, print: 0.00, other: 0.00)
WHEN-POS/NEG-OCCUR

Summary
Form:  ( TABLE ACL2-DEFAULTS-TABLE ...)
Rules: NIL
Warnings:  None
Time:  0.00 seconds (prove: 0.00, print: 0.00, other: 0.00)
ACL2-DEFAULTS-TABLE

Summary
Form:  ( INCLUDE-BOOK "computed-hint" ...)
Rules: NIL
Warnings:  None
Time:  0.17 seconds (prove: 0.00, print: 0.00, other: 0.17)

"/Users/huangjianshi/src/acl2-sources/books/misc/computed-hint.fasl"


Summary
Form:  (CERTIFY-BOOK "computed-hint" ...)
Rules: NIL
Warnings:  None
Time:  0.49 seconds (prove: 0.00, print: 0.00, other: 0.49)
 "/Users/huangjianshi/src/acl2-sources/books/misc/computed-hint.lisp"
ACL2 !>
Exiting the ACL2 read-eval-print loop.  To re-enter, execute (LP).
* 