This is SBCL 1.0.1.34, an implementation of ANSI Common Lisp.
More information about SBCL is available at <http://www.sbcl.org/>.

SBCL is free software, provided as is, with absolutely no warranty.
It is mostly in the public domain; some portions are provided under
BSD-style licenses.  See the CREDITS and COPYING files in the
distribution for more information.

 ACL2 Version 3.1 built January 26, 2007  15:12:42.
 Copyright (C) 2006  University of Texas at Austin
 ACL2 comes with ABSOLUTELY NO WARRANTY.  This is free software and you
 are welcome to redistribute it under certain conditions.  For details,
 see the GNU General Public License.

 Initialized with (INITIALIZE-ACL2 'INCLUDE-BOOK *ACL2-PASS-2-FILES*).
 See the documentation topic note-3-1 for recent changes.
 Note: We have modified the prompt in some underlying Lisps to further
 distinguish it from the ACL2 prompt.

 NOTE!!  Proof trees are disabled in ACL2.  To enable them in emacs,
 look under the ACL2 source directory in interface/emacs/README.doc; 
 and, to turn on proof trees, execute :START-PROOF-TREE in the ACL2 
 command loop.   Look in the ACL2 documentation under PROOF-TREE.

ACL2 Version 3.1.  Level 1.  Cbd 
"/Users/huangjianshi/src/acl2-sources/books/misc/".
Type :help for help.
Type (good-bye) to quit completely out of ACL2.

ACL2 !>
Exiting the ACL2 read-eval-print loop.  To re-enter, execute (LP).
* 
#<PACKAGE "ACL2">
* 
ACL2 Version 3.1.  Level 1.  Cbd 
"/Users/huangjianshi/src/acl2-sources/books/misc/".
Type :help for help.
Type (good-bye) to quit completely out of ACL2.

ACL2 !> (PROVE PROOF-TREE
        WARNING OBSERVATION EVENT EXPANSION)
ACL2 !>
Summary
Form:  ( DEFUN FIRSTN ...)
Rules: ((:COMPOUND-RECOGNIZER ZP-COMPOUND-RECOGNIZER)
        (:FAKE-RUNE-FOR-TYPE-SET NIL))
Warnings:  None
Time:  0.01 seconds (prove: 0.00, print: 0.00, other: 0.01)
FIRSTN

Summary
Form:  ( DEFTHM MEMBER-EQUAL-CAR-FIRSTN ...)
Rules: ((:COMPOUND-RECOGNIZER ZP-COMPOUND-RECOGNIZER)
        (:DEFINITION ENDP)
        (:DEFINITION FIRSTN)
        (:DEFINITION MEMBER-EQUAL)
        (:DEFINITION NOT)
        (:ELIM CAR-CDR-ELIM)
        (:EXECUTABLE-COUNTERPART <)
        (:EXECUTABLE-COUNTERPART BINARY-+)
        (:EXECUTABLE-COUNTERPART INTEGERP)
        (:EXECUTABLE-COUNTERPART NOT)
        (:EXECUTABLE-COUNTERPART ZP)
        (:FAKE-RUNE-FOR-LINEAR NIL)
        (:FAKE-RUNE-FOR-TYPE-SET NIL)
        (:INDUCTION FIRSTN)
        (:INDUCTION MEMBER-EQUAL)
        (:REWRITE CAR-CONS)
        (:REWRITE CDR-CONS))
Warnings:  None
Time:  0.01 seconds (prove: 0.01, print: 0.00, other: 0.00)
MEMBER-EQUAL-CAR-FIRSTN

Summary
Form:  ( DEFTHM FIRSTN-TOO-LONG ...)
Rules: ((:COMPOUND-RECOGNIZER ZP-COMPOUND-RECOGNIZER)
        (:DEFINITION ENDP)
        (:DEFINITION FIRSTN)
        (:DEFINITION LEN)
        (:DEFINITION NOT)
        (:DEFINITION TRUE-LISTP)
        (:EXECUTABLE-COUNTERPART <)
        (:EXECUTABLE-COUNTERPART CONSP)
        (:EXECUTABLE-COUNTERPART EQUAL)
        (:EXECUTABLE-COUNTERPART INTEGERP)
        (:EXECUTABLE-COUNTERPART LEN)
        (:EXECUTABLE-COUNTERPART NOT)
        (:EXECUTABLE-COUNTERPART ZP)
        (:FAKE-RUNE-FOR-LINEAR NIL)
        (:FAKE-RUNE-FOR-TYPE-SET NIL)
        (:INDUCTION FIRSTN)
        (:INDUCTION LEN)
        (:INDUCTION TRUE-LISTP)
        (:REWRITE CONS-CAR-CDR)
        (:TYPE-PRESCRIPTION LEN))
Warnings:  None
Time:  0.00 seconds (prove: 0.00, print: 0.00, other: 0.00)
FIRSTN-TOO-LONG

Summary
Form:  ( DEFUN REPEAT ...)
Rules: ((:FAKE-RUNE-FOR-TYPE-SET NIL))
Warnings:  None
Time:  0.01 seconds (prove: 0.00, print: 0.00, other: 0.01)
REPEAT

Summary
Form:  ( DEFUN EVNP ...)
Rules: ((:COMPOUND-RECOGNIZER ZP-COMPOUND-RECOGNIZER)
        (:DEFINITION ACL2-COUNT)
        (:DEFINITION INTEGER-ABS)
        (:DEFINITION NOT)
        (:DEFINITION O-FINP)
        (:DEFINITION O<)
        (:DEFINITION SYNP)
        (:FAKE-RUNE-FOR-LINEAR NIL)
        (:FAKE-RUNE-FOR-TYPE-SET NIL)
        (:REWRITE ZP-OPEN))
Warnings:  None
Time:  0.01 seconds (prove: 0.00, print: 0.00, other: 0.01)
EVNP

Summary
Form:  ( DEFUN REV ...)
Rules: ((:FAKE-RUNE-FOR-TYPE-SET NIL)
        (:TYPE-PRESCRIPTION BINARY-APPEND))
Warnings:  None
Time:  0.01 seconds (prove: 0.00, print: 0.00, other: 0.01)
REV

Summary
Form:  ( DEFTHM CAR-APPEND ...)
Rules: ((:DEFINITION BINARY-APPEND)
        (:ELIM CAR-CDR-ELIM)
        (:FAKE-RUNE-FOR-TYPE-SET NIL)
        (:REWRITE CAR-CONS)
        (:REWRITE CDR-CONS))
Warnings:  None
Time:  0.00 seconds (prove: 0.00, print: 0.00, other: 0.00)
CAR-APPEND

Summary
Form:  ( DEFTHM ASSOC-OF-APPEND ...)
Rules: ((:DEFINITION BINARY-APPEND)
        (:DEFINITION ENDP)
        (:DEFINITION NOT)
        (:FAKE-RUNE-FOR-TYPE-SET NIL)
        (:INDUCTION BINARY-APPEND)
        (:REWRITE CAR-CONS)
        (:REWRITE CDR-CONS))
Warnings:  None
Time:  0.00 seconds (prove: 0.00, print: 0.00, other: 0.00)
ASSOC-OF-APPEND

Summary
Form:  ( DEFTHM TRUE-LISTP-APPEND ...)
Rules: ((:DEFINITION BINARY-APPEND)
        (:DEFINITION ENDP)
        (:DEFINITION NOT)
        (:DEFINITION TRUE-LISTP)
        (:FAKE-RUNE-FOR-TYPE-SET NIL)
        (:INDUCTION BINARY-APPEND)
        (:REWRITE CDR-CONS))
Warnings:  None
Time:  0.00 seconds (prove: 0.00, print: 0.00, other: 0.00)
TRUE-LISTP-APPEND

Summary
Form:  ( DEFTHM LEN-APPEND ...)
Rules: ((:DEFINITION BINARY-APPEND)
        (:DEFINITION FIX)
        (:DEFINITION LEN)
        (:FAKE-RUNE-FOR-LINEAR NIL)
        (:FAKE-RUNE-FOR-TYPE-SET NIL)
        (:INDUCTION BINARY-APPEND)
        (:INDUCTION LEN)
        (:REWRITE CDR-CONS)
        (:REWRITE COMMUTATIVITY-OF-+)
        (:REWRITE UNICITY-OF-0)
        (:TYPE-PRESCRIPTION LEN))
Warnings:  None
Time:  0.00 seconds (prove: 0.00, print: 0.00, other: 0.00)
LEN-APPEND

Summary
Form:  ( DEFTHM |+-CONSTANT-FOLDING| ...)
Rules: ((:EXECUTABLE-COUNTERPART IF)
        (:EXECUTABLE-COUNTERPART SYNP)
        (:REWRITE ASSOCIATIVITY-OF-+))
Warnings:  None
Time:  0.00 seconds (prove: 0.00, print: 0.00, other: 0.00)
|+-CONSTANT-FOLDING|

Summary
Form:  ( DEFUN DELETE-EQUAL ...)
Rules: NIL
Warnings:  None
Time:  0.01 seconds (prove: 0.00, print: 0.00, other: 0.01)
DELETE-EQUAL

Summary
Form:  ( DEFUN PERM ...)
Rules: NIL
Warnings:  None
Time:  0.00 seconds (prove: 0.00, print: 0.00, other: 0.00)
PERM

Summary
Form:  ( DEFTHM PERM-REFLEXIVE ...)
Rules: ((:DEFINITION DELETE-EQUAL)
        (:DEFINITION ENDP)
        (:DEFINITION MEMBER-EQUAL)
        (:DEFINITION NOT)
        (:DEFINITION PERM)
        (:FAKE-RUNE-FOR-TYPE-SET NIL)
        (:INDUCTION PERM)
        (:TYPE-PRESCRIPTION PERM))
Warnings:  None
Time:  0.00 seconds (prove: 0.00, print: 0.00, other: 0.00)
PERM-REFLEXIVE

Summary
Form:  ( DEFTHM PERM-CONS ...)
Rules: ((:DEFINITION DELETE-EQUAL)
        (:DEFINITION ENDP)
        (:DEFINITION MEMBER-EQUAL)
        (:DEFINITION NOT)
        (:DEFINITION PERM)
        (:ELIM CAR-CDR-ELIM)
        (:EXECUTABLE-COUNTERPART EQUAL)
        (:FAKE-RUNE-FOR-TYPE-SET NIL)
        (:INDUCTION PERM)
        (:REWRITE CAR-CONS)
        (:REWRITE CDR-CONS)
        (:TYPE-PRESCRIPTION MEMBER-EQUAL))
Warnings:  None
Time:  0.02 seconds (prove: 0.01, print: 0.00, other: 0.00)
PERM-CONS

Summary
Form:  ( DEFTHM PERM-SYMMETRIC ...)
Rules: ((:DEFINITION ENDP)
        (:DEFINITION NOT)
        (:DEFINITION PERM)
        (:ELIM CAR-CDR-ELIM)
        (:FAKE-RUNE-FOR-TYPE-SET NIL)
        (:INDUCTION PERM)
        (:REWRITE PERM-CONS)
        (:TYPE-PRESCRIPTION MEMBER-EQUAL)
        (:TYPE-PRESCRIPTION PERM))
Warnings:  None
Time:  0.01 seconds (prove: 0.01, print: 0.00, other: 0.00)
PERM-SYMMETRIC

Summary
Form:  ( DEFTHM MEMBER-EQUAL-DELETE-EQUAL ...)
Rules: ((:DEFINITION DELETE-EQUAL)
        (:DEFINITION ENDP)
        (:DEFINITION MEMBER-EQUAL)
        (:DEFINITION NOT)
        (:EXECUTABLE-COUNTERPART CONSP)
        (:FAKE-RUNE-FOR-TYPE-SET NIL)
        (:INDUCTION DELETE-EQUAL)
        (:INDUCTION MEMBER-EQUAL)
        (:REWRITE CAR-CONS)
        (:REWRITE CDR-CONS)
        (:TYPE-PRESCRIPTION MEMBER-EQUAL))
Warnings:  None
Time:  0.00 seconds (prove: 0.00, print: 0.00, other: 0.00)
MEMBER-EQUAL-DELETE-EQUAL

Summary
Form:  ( DEFTHM PERM-MEMBER-EQUAL ...)
Rules: ((:DEFINITION ENDP)
        (:DEFINITION MEMBER-EQUAL)
        (:DEFINITION NOT)
        (:DEFINITION PERM)
        (:FAKE-RUNE-FOR-TYPE-SET NIL)
        (:INDUCTION MEMBER-EQUAL)
        (:INDUCTION PERM)
        (:REWRITE MEMBER-EQUAL-DELETE-EQUAL)
        (:TYPE-PRESCRIPTION MEMBER-EQUAL))
Warnings:  None
Time:  0.00 seconds (prove: 0.00, print: 0.00, other: 0.00)
PERM-MEMBER-EQUAL

Summary
Form:  ( DEFTHM MEMBER-EQUAL-DELETE-EQUAL2 ...)
Rules: ((:DEFINITION DELETE-EQUAL)
        (:DEFINITION ENDP)
        (:DEFINITION MEMBER-EQUAL)
        (:DEFINITION NOT)
        (:FAKE-RUNE-FOR-TYPE-SET NIL)
        (:INDUCTION DELETE-EQUAL)
        (:INDUCTION MEMBER-EQUAL)
        (:REWRITE CAR-CONS)
        (:REWRITE CDR-CONS)
        (:TYPE-PRESCRIPTION MEMBER-EQUAL))
Warnings:  None
Time:  0.00 seconds (prove: 0.00, print: 0.00, other: 0.00)
MEMBER-EQUAL-DELETE-EQUAL2

Summary
Form:  ( DEFTHM COMM-DELETE-EQUAL ...)
Rules: ((:DEFINITION DELETE-EQUAL)
        (:DEFINITION ENDP)
        (:DEFINITION NOT)
        (:EXECUTABLE-COUNTERPART CONSP)
        (:EXECUTABLE-COUNTERPART EQUAL)
        (:FAKE-RUNE-FOR-TYPE-SET NIL)
        (:INDUCTION DELETE-EQUAL)
        (:REWRITE CAR-CONS)
        (:REWRITE CDR-CONS))
Warnings:  None
Time:  0.00 seconds (prove: 0.00, print: 0.00, other: 0.00)
COMM-DELETE-EQUAL

Summary
Form:  ( DEFTHM PERM-DELETE-EQUAL ...)
Rules: ((:DEFINITION DELETE-EQUAL)
        (:DEFINITION ENDP)
        (:DEFINITION NOT)
        (:DEFINITION PERM)
        (:EXECUTABLE-COUNTERPART PERM)
        (:FAKE-RUNE-FOR-TYPE-SET NIL)
        (:INDUCTION DELETE-EQUAL)
        (:INDUCTION PERM)
        (:REWRITE COMM-DELETE-EQUAL)
        (:REWRITE MEMBER-EQUAL-DELETE-EQUAL2)
        (:REWRITE PERM-CONS)
        (:REWRITE PERM-SYMMETRIC)
        (:TYPE-PRESCRIPTION MEMBER-EQUAL)
        (:TYPE-PRESCRIPTION PERM))
Warnings:  None
Time:  0.01 seconds (prove: 0.01, print: 0.00, other: 0.00)
PERM-DELETE-EQUAL

Summary
Form:  ( DEFTHM PERM-TRANSITIVE ...)
Rules: ((:DEFINITION ENDP)
        (:DEFINITION NOT)
        (:DEFINITION PERM)
        (:INDUCTION PERM)
        (:REWRITE PERM-DELETE-EQUAL)
        (:REWRITE PERM-MEMBER-EQUAL)
        (:REWRITE PERM-SYMMETRIC)
        (:TYPE-PRESCRIPTION MEMBER-EQUAL)
        (:TYPE-PRESCRIPTION PERM))
Warnings:  None
Time:  0.01 seconds (prove: 0.01, print: 0.00, other: 0.00)
PERM-TRANSITIVE

Summary
Form:  ( DEFTHM PERM-IS-AN-EQUIVALENCE ...)
Rules: ((:COMPOUND-RECOGNIZER BOOLEANP-COMPOUND-RECOGNIZER)
        (:REWRITE PERM-REFLEXIVE)
        (:REWRITE PERM-SYMMETRIC)
        (:REWRITE PERM-TRANSITIVE)
        (:TYPE-PRESCRIPTION PERM))
Warnings:  None
Time:  0.00 seconds (prove: 0.00, print: 0.00, other: 0.00)
PERM-IS-AN-EQUIVALENCE

Summary
Form:  ( DEFTHM PERM-IMPLIES-PERM-CONS-2 ...)
Rules: ((:DEFINITION DELETE-EQUAL)
        (:DEFINITION MEMBER-EQUAL)
        (:EQUIVALENCE PERM-IS-AN-EQUIVALENCE)
        (:FAKE-RUNE-FOR-TYPE-SET NIL)
        (:REWRITE CAR-CONS)
        (:REWRITE CDR-CONS)
        (:REWRITE PERM-CONS)
        (:REWRITE PERM-SYMMETRIC)
        (:REWRITE PERM-TRANSITIVE))
Warnings:  None
Time:  0.00 seconds (prove: 0.00, print: 0.00, other: 0.00)
PERM-IMPLIES-PERM-CONS-2

Summary
Form:  ( DEFTHM PERM-IMPLIES-IFF-MEMBER-EQUAL-2 ...)
Rules: ((:DEFINITION IFF)
        (:FAKE-RUNE-FOR-TYPE-SET NIL)
        (:REWRITE PERM-MEMBER-EQUAL)
        (:TYPE-PRESCRIPTION MEMBER-EQUAL))
Warnings:  None
Time:  0.00 seconds (prove: 0.00, print: 0.00, other: 0.00)
PERM-IMPLIES-IFF-MEMBER-EQUAL-2

Summary
Form:  ( DEFTHM ATOM-PERM ...)
Rules: ((:DEFINITION NOT)
        (:DEFINITION PERM)
        (:EXECUTABLE-COUNTERPART CONSP)
        (:REWRITE PERM-SYMMETRIC))
Warnings:  None
Time:  0.00 seconds (prove: 0.00, print: 0.00, other: 0.00)
ATOM-PERM

Summary
Form:  ( DEFTHM MEMBER-EQUAL-APPEND ...)
Rules: ((:CONGRUENCE PERM-IMPLIES-IFF-MEMBER-EQUAL-2)
        (:DEFINITION BINARY-APPEND)
        (:DEFINITION ENDP)
        (:DEFINITION IFF)
        (:DEFINITION MEMBER-EQUAL)
        (:DEFINITION NOT)
        (:EXECUTABLE-COUNTERPART CONSP)
        (:FAKE-RUNE-FOR-TYPE-SET NIL)
        (:FORWARD-CHAINING ATOM-PERM)
        (:INDUCTION BINARY-APPEND)
        (:INDUCTION MEMBER-EQUAL)
        (:REWRITE CAR-CONS)
        (:REWRITE CDR-CONS)
        (:TYPE-PRESCRIPTION MEMBER-EQUAL))
Warnings:  None
Time:  0.00 seconds (prove: 0.00, print: 0.00, other: 0.00)
MEMBER-EQUAL-APPEND

Summary
Form:  ( DEFTHM PERM-IMPLIES-PERM-APPEND-1 ...)
Rules: ((:CONGRUENCE PERM-IMPLIES-IFF-MEMBER-EQUAL-2)
        (:CONGRUENCE PERM-IMPLIES-PERM-CONS-2)
        (:DEFINITION BINARY-APPEND)
        (:DEFINITION DELETE-EQUAL)
        (:DEFINITION ENDP)
        (:DEFINITION MEMBER-EQUAL)
        (:DEFINITION NOT)
        (:DEFINITION PERM)
        (:ELIM CAR-CDR-ELIM)
        (:EQUIVALENCE PERM-IS-AN-EQUIVALENCE)
        (:EXECUTABLE-COUNTERPART CONSP)
        (:FAKE-RUNE-FOR-TYPE-SET NIL)
        (:FORWARD-CHAINING ATOM-PERM)
        (:INDUCTION BINARY-APPEND)
        (:INDUCTION DELETE-EQUAL)
        (:INDUCTION MEMBER-EQUAL)
        (:INDUCTION PERM)
        (:REWRITE CAR-CONS)
        (:REWRITE CDR-CONS)
        (:REWRITE MEMBER-EQUAL-APPEND)
        (:REWRITE PERM-REFLEXIVE)
        (:REWRITE PERM-SYMMETRIC)
        (:TYPE-PRESCRIPTION MEMBER-EQUAL))
Warnings:  None
Time:  0.04 seconds (prove: 0.04, print: 0.00, other: 0.00)
PERM-IMPLIES-PERM-APPEND-1

Summary
Form:  ( DEFTHM PERM-IMPLIES-PERM-APPEND-2 ...)
Rules: ((:CONGRUENCE PERM-IMPLIES-PERM-APPEND-1)
        (:CONGRUENCE PERM-IMPLIES-PERM-CONS-2)
        (:DEFINITION BINARY-APPEND)
        (:DEFINITION ENDP)
        (:DEFINITION NOT)
        (:EQUIVALENCE PERM-IS-AN-EQUIVALENCE)
        (:EXECUTABLE-COUNTERPART CONSP)
        (:FAKE-RUNE-FOR-TYPE-SET NIL)
        (:FORWARD-CHAINING ATOM-PERM)
        (:INDUCTION BINARY-APPEND)
        (:REWRITE PERM-SYMMETRIC)
        (:REWRITE PERM-TRANSITIVE))
Warnings:  None
Time:  0.00 seconds (prove: 0.00, print: 0.00, other: 0.00)
PERM-IMPLIES-PERM-APPEND-2

Summary
Form:  ( DEFTHM PERM-APPEND-CONS ...)
Rules: ((:CONGRUENCE PERM-IMPLIES-PERM-APPEND-1)
        (:CONGRUENCE PERM-IMPLIES-PERM-CONS-2)
        (:DEFINITION BINARY-APPEND)
        (:DEFINITION DELETE-EQUAL)
        (:DEFINITION ENDP)
        (:DEFINITION MEMBER-EQUAL)
        (:DEFINITION NOT)
        (:DEFINITION PERM)
        (:EQUIVALENCE PERM-IS-AN-EQUIVALENCE)
        (:EXECUTABLE-COUNTERPART CONSP)
        (:FAKE-RUNE-FOR-TYPE-SET NIL)
        (:FORWARD-CHAINING ATOM-PERM)
        (:INDUCTION BINARY-APPEND)
        (:REWRITE CAR-CONS)
        (:REWRITE CDR-CONS)
        (:REWRITE MEMBER-EQUAL-APPEND)
        (:REWRITE PERM-CONS)
        (:REWRITE PERM-REFLEXIVE)
        (:REWRITE PERM-SYMMETRIC)
        (:REWRITE PERM-TRANSITIVE))
Warnings:  None
Time:  0.01 seconds (prove: 0.01, print: 0.00, other: 0.00)
PERM-APPEND-CONS

Summary
Form:  ( DEFTHM PERM-IMPLIES-EQUAL-LEN-1 ...)
Rules: ((:CONGRUENCE PERM-IMPLIES-IFF-MEMBER-EQUAL-2)
        (:DEFINITION DELETE-EQUAL)
        (:DEFINITION LEN)
        (:DEFINITION MEMBER-EQUAL)
        (:DEFINITION PERM)
        (:ELIM CAR-CDR-ELIM)
        (:EQUIVALENCE PERM-IS-AN-EQUIVALENCE)
        (:EXECUTABLE-COUNTERPART CONSP)
        (:EXECUTABLE-COUNTERPART EQUAL)
        (:FAKE-RUNE-FOR-TYPE-SET NIL)
        (:FORWARD-CHAINING ATOM-PERM)
        (:INDUCTION DELETE-EQUAL)
        (:INDUCTION LEN)
        (:INDUCTION MEMBER-EQUAL)
        (:INDUCTION PERM)
        (:REWRITE CDR-CONS))
Warnings:  None
Time:  0.01 seconds (prove: 0.01, print: 0.00, other: 0.00)
PERM-IMPLIES-EQUAL-LEN-1

Summary
Form:  ( DEFTHM PERM-REV ...)
Rules: ((:CONGRUENCE PERM-IMPLIES-PERM-APPEND-1)
        (:CONGRUENCE PERM-IMPLIES-PERM-CONS-2)
        (:DEFINITION BINARY-APPEND)
        (:DEFINITION DELETE-EQUAL)
        (:DEFINITION ENDP)
        (:DEFINITION MEMBER-EQUAL)
        (:DEFINITION NOT)
        (:DEFINITION PERM)
        (:DEFINITION REV)
        (:ELIM CAR-CDR-ELIM)
        (:EQUIVALENCE PERM-IS-AN-EQUIVALENCE)
        (:EXECUTABLE-COUNTERPART BINARY-APPEND)
        (:EXECUTABLE-COUNTERPART PERM)
        (:FAKE-RUNE-FOR-TYPE-SET NIL)
        (:FORWARD-CHAINING ATOM-PERM)
        (:INDUCTION BINARY-APPEND)
        (:INDUCTION REV)
        (:REWRITE ASSOC-OF-APPEND)
        (:REWRITE CAR-CONS)
        (:REWRITE CDR-CONS)
        (:REWRITE CONS-CAR-CDR)
        (:REWRITE PERM-APPEND-CONS)
        (:REWRITE PERM-SYMMETRIC))
Warnings:  None
Time:  0.03 seconds (prove: 0.03, print: 0.00, other: 0.00)
PERM-REV

Summary
Form:  ( DEFTHM PERM-APPEND-NIL ...)
Rules: ((:CONGRUENCE PERM-IMPLIES-PERM-APPEND-1)
        (:CONGRUENCE PERM-IMPLIES-PERM-CONS-2)
        (:DEFINITION BINARY-APPEND)
        (:DEFINITION ENDP)
        (:DEFINITION NOT)
        (:EQUIVALENCE PERM-IS-AN-EQUIVALENCE)
        (:EXECUTABLE-COUNTERPART BINARY-APPEND)
        (:EXECUTABLE-COUNTERPART PERM)
        (:FAKE-RUNE-FOR-TYPE-SET NIL)
        (:FORWARD-CHAINING ATOM-PERM)
        (:INDUCTION BINARY-APPEND)
        (:REWRITE CONS-CAR-CDR)
        (:REWRITE PERM-SYMMETRIC))
Warnings:  None
Time:  0.00 seconds (prove: 0.00, print: 0.00, other: 0.00)
PERM-APPEND-NIL

Summary
Form:  ( DEFTHM APPEND-REPEAT ...)
Rules: ((:COMPOUND-RECOGNIZER ZP-COMPOUND-RECOGNIZER)
        (:DEFINITION BINARY-APPEND)
        (:DEFINITION REPEAT)
        (:EXECUTABLE-COUNTERPART CONSP)
        (:FAKE-RUNE-FOR-TYPE-SET NIL)
        (:INDUCTION REPEAT)
        (:REWRITE CAR-CONS)
        (:REWRITE CDR-CONS)
        (:TYPE-PRESCRIPTION REPEAT))
Warnings:  None
Time:  0.00 seconds (prove: 0.00, print: 0.00, other: 0.00)
APPEND-REPEAT

Summary
Form:  ( DEFTHM REV-REPEAT ...)
Rules: ((:COMPOUND-RECOGNIZER ZP-COMPOUND-RECOGNIZER)
        (:DEFINITION REPEAT)
        (:DEFINITION REV)
        (:EXECUTABLE-COUNTERPART EQUAL)
        (:EXECUTABLE-COUNTERPART REV)
        (:FAKE-RUNE-FOR-TYPE-SET NIL)
        (:INDUCTION REPEAT)
        (:REWRITE APPEND-REPEAT)
        (:REWRITE CAR-CONS)
        (:REWRITE CDR-CONS)
        (:TYPE-PRESCRIPTION REPEAT))
Warnings:  None
Time:  0.00 seconds (prove: 0.00, print: 0.00, other: 0.00)
REV-REPEAT

Summary
Form:  ( DEFTHM LEN-REPEAT ...)
Rules: ((:COMPOUND-RECOGNIZER ZP-COMPOUND-RECOGNIZER)
        (:DEFINITION FIX)
        (:DEFINITION LEN)
        (:DEFINITION NFIX)
        (:DEFINITION REPEAT)
        (:DEFINITION SYNP)
        (:EXECUTABLE-COUNTERPART <)
        (:EXECUTABLE-COUNTERPART BINARY-+)
        (:EXECUTABLE-COUNTERPART EQUAL)
        (:EXECUTABLE-COUNTERPART INTEGERP)
        (:EXECUTABLE-COUNTERPART LEN)
        (:EXECUTABLE-COUNTERPART NOT)
        (:EXECUTABLE-COUNTERPART ZP)
        (:FAKE-RUNE-FOR-LINEAR NIL)
        (:FAKE-RUNE-FOR-TYPE-SET NIL)
        (:INDUCTION REPEAT)
        (:REWRITE |+-CONSTANT-FOLDING|)
        (:REWRITE CDR-CONS)
        (:REWRITE UNICITY-OF-0)
        (:TYPE-PRESCRIPTION REPEAT))
Warnings:  None
Time:  0.00 seconds (prove: 0.00, print: 0.00, other: 0.00)
LEN-REPEAT

Summary
Form:  ( DEFTHM CONSP-REPEAT ...)
Rules: ((:COMPOUND-RECOGNIZER ZP-COMPOUND-RECOGNIZER)
        (:DEFINITION NOT)
        (:DEFINITION REPEAT)
        (:DEFINITION SYNP)
        (:EXECUTABLE-COUNTERPART CONSP)
        (:EXECUTABLE-COUNTERPART EQUAL)
        (:FAKE-RUNE-FOR-TYPE-SET NIL)
        (:INDUCTION REPEAT)
        (:REWRITE ZP-OPEN)
        (:TYPE-PRESCRIPTION REPEAT))
Warnings:  None
Time:  0.00 seconds (prove: 0.00, print: 0.00, other: 0.00)
CONSP-REPEAT

Summary
Form:  ( DEFTHM CAR-REPEAT ...)
Rules: ((:COMPOUND-RECOGNIZER ZP-COMPOUND-RECOGNIZER)
        (:DEFINITION NOT)
        (:DEFINITION REPEAT)
        (:DEFINITION SYNP)
        (:EXECUTABLE-COUNTERPART CAR)
        (:EXECUTABLE-COUNTERPART EQUAL)
        (:FAKE-RUNE-FOR-TYPE-SET NIL)
        (:INDUCTION REPEAT)
        (:REWRITE CAR-CONS)
        (:REWRITE ZP-OPEN))
Warnings:  None
Time:  0.00 seconds (prove: 0.00, print: 0.00, other: 0.00)
CAR-REPEAT

Summary
Form:  ( DEFUN DATA ...)
Rules: NIL
Warnings:  None
Time:  0.00 seconds (prove: 0.00, print: 0.00, other: 0.00)
DATA

Summary
Form:  ( IN-THEORY (DISABLE ...))
Rules: NIL
Warnings:  None
Time:  0.00 seconds (prove: 0.00, print: 0.00, other: 0.00)
1849

Summary
Form:  ( DEFUN ORDERED ...)
Rules: NIL
Warnings:  None
Time:  0.01 seconds (prove: 0.00, print: 0.00, other: 0.01)
ORDERED

Summary
Form:  ( DEFUN ALL-GTE ...)
Rules: NIL
Warnings:  None
Time:  0.01 seconds (prove: 0.00, print: 0.00, other: 0.01)
ALL-GTE

Summary
Form:  ( DEFTHM ALL-GTE-DELETE-EQUAL-1 ...)
Rules: ((:DEFINITION ALL-GTE)
        (:DEFINITION DELETE-EQUAL)
        (:DEFINITION ENDP)
        (:DEFINITION NOT)
        (:EXECUTABLE-COUNTERPART CONSP)
        (:FAKE-RUNE-FOR-TYPE-SET NIL)
        (:INDUCTION ALL-GTE)
        (:INDUCTION DELETE-EQUAL)
        (:REWRITE CAR-CONS)
        (:REWRITE CDR-CONS)
        (:TYPE-PRESCRIPTION ALL-GTE))
Warnings:  None
Time:  0.00 seconds (prove: 0.00, print: 0.00, other: 0.00)
ALL-GTE-DELETE-EQUAL-1

Summary
Form:  ( DEFTHM ALL-GTE-DELETE-EQUAL-2 ...)
Rules: ((:DEFINITION ALL-GTE)
        (:DEFINITION DELETE-EQUAL)
        (:DEFINITION ENDP)
        (:DEFINITION NOT)
        (:EXECUTABLE-COUNTERPART CONSP)
        (:FAKE-RUNE-FOR-TYPE-SET NIL)
        (:INDUCTION ALL-GTE)
        (:INDUCTION DELETE-EQUAL)
        (:REWRITE ALL-GTE-DELETE-EQUAL-1)
        (:REWRITE CAR-CONS)
        (:REWRITE CDR-CONS)
        (:TYPE-PRESCRIPTION ALL-GTE))
Warnings:  None
Time:  0.01 seconds (prove: 0.01, print: 0.00, other: 0.00)
ALL-GTE-DELETE-EQUAL-2

Summary
Form:  ( DEFTHM LEMMA ...)
Rules: ((:DEFINITION ALL-GTE)
        (:DEFINITION ENDP)
        (:DEFINITION NOT)
        (:DEFINITION PERM)
        (:EQUIVALENCE PERM-IS-AN-EQUIVALENCE)
        (:EXECUTABLE-COUNTERPART CONSP)
        (:EXECUTABLE-COUNTERPART SYNP)
        (:FAKE-RUNE-FOR-TYPE-SET NIL)
        (:FORWARD-CHAINING ATOM-PERM)
        (:INDUCTION ALL-GTE)
        (:INDUCTION PERM)
        (:REWRITE ALL-GTE-DELETE-EQUAL-2)
        (:TYPE-PRESCRIPTION ALL-GTE))
Warnings:  None
Time:  0.01 seconds (prove: 0.01, print: 0.00, other: 0.00)
LEMMA

Summary
Form:  ( DEFTHM PERM-IMPLIES-EQUAL-ALL-GTE-2 ...)
Rules: ((:CONGRUENCE PERM-IMPLIES-IFF-MEMBER-EQUAL-2)
        (:DEFINITION ALL-GTE)
        (:DEFINITION ENDP)
        (:DEFINITION MEMBER-EQUAL)
        (:DEFINITION NOT)
        (:DEFINITION PERM)
        (:DEFINITION SYNP)
        (:ELIM CAR-CDR-ELIM)
        (:EQUIVALENCE PERM-IS-AN-EQUIVALENCE)
        (:EXECUTABLE-COUNTERPART CONSP)
        (:EXECUTABLE-COUNTERPART EQUAL)
        (:FAKE-RUNE-FOR-TYPE-SET NIL)
        (:FORWARD-CHAINING ATOM-PERM)
        (:INDUCTION ALL-GTE)
        (:INDUCTION MEMBER-EQUAL)
        (:INDUCTION PERM)
        (:REWRITE ALL-GTE-DELETE-EQUAL-1)
        (:REWRITE ALL-GTE-DELETE-EQUAL-2)
        (:REWRITE LEMMA)
        (:TYPE-PRESCRIPTION ALL-GTE))
Warnings:  None
Time:  0.02 seconds (prove: 0.02, print: 0.00, other: 0.00)
PERM-IMPLIES-EQUAL-ALL-GTE-2

Summary
Form:  ( ENCAPSULATE NIL (LOCAL ...) ...)
Rules: NIL
Warnings:  None
Time:  0.04 seconds (prove: 0.03, print: 0.00, other: 0.00)
T

Summary
Form:  ( DEFTHM ALL-GTE-IMPLIES-GTE-MEMBER-EQUAL ...)
Rules: ((:CONGRUENCE PERM-IMPLIES-EQUAL-ALL-GTE-2)
        (:CONGRUENCE PERM-IMPLIES-IFF-MEMBER-EQUAL-2)
        (:DEFINITION ALL-GTE)
        (:DEFINITION ENDP)
        (:DEFINITION MEMBER-EQUAL)
        (:DEFINITION NOT)
        (:EXECUTABLE-COUNTERPART CONSP)
        (:FAKE-RUNE-FOR-TYPE-SET NIL)
        (:FORWARD-CHAINING ATOM-PERM)
        (:INDUCTION ALL-GTE)
        (:INDUCTION MEMBER-EQUAL))
Warnings:  None
Time:  0.00 seconds (prove: 0.00, print: 0.00, other: 0.00)
ALL-GTE-IMPLIES-GTE-MEMBER-EQUAL

Summary
Form:  ( DEFTHM GTE-CAR-FIRSTN ...)
Rules: ((:CONGRUENCE PERM-IMPLIES-EQUAL-ALL-GTE-2)
        (:DEFINITION NOT)
        (:FAKE-RUNE-FOR-LINEAR NIL)
        (:LINEAR ALL-GTE-IMPLIES-GTE-MEMBER-EQUAL)
        (:REWRITE MEMBER-EQUAL-CAR-FIRSTN)
        (:TYPE-PRESCRIPTION ALL-GTE))
Warnings:  None
Time:  0.00 seconds (prove: 0.00, print: 0.00, other: 0.00)
GTE-CAR-FIRSTN

Summary
Form:  ( DEFTHM ALL-GTE-HELPER ...)
Rules: ((:CONGRUENCE PERM-IMPLIES-EQUAL-ALL-GTE-2)
        (:DEFINITION ALL-GTE)
        (:DEFINITION ENDP)
        (:DEFINITION NOT)
        (:EXECUTABLE-COUNTERPART CONSP)
        (:FAKE-RUNE-FOR-LINEAR NIL)
        (:FAKE-RUNE-FOR-TYPE-SET NIL)
        (:FORWARD-CHAINING ATOM-PERM)
        (:INDUCTION ALL-GTE)
        (:TYPE-PRESCRIPTION ALL-GTE))
Warnings:  None
Time:  0.01 seconds (prove: 0.01, print: 0.00, other: 0.00)
ALL-GTE-HELPER

Summary
Form:  ( DEFUN ALL-ALL-GTE ...)
Rules: NIL
Warnings:  None
Time:  0.01 seconds (prove: 0.00, print: 0.00, other: 0.01)
ALL-ALL-GTE

Summary
Form:  ( DEFTHM PERM-IMPLIES-EQUAL-ALL-ALL-GTE-1 ...)
Rules: ((:CONGRUENCE PERM-IMPLIES-IFF-MEMBER-EQUAL-2)
        (:DEFINITION ALL-ALL-GTE)
        (:DEFINITION DELETE-EQUAL)
        (:DEFINITION ENDP)
        (:DEFINITION MEMBER-EQUAL)
        (:DEFINITION NOT)
        (:DEFINITION PERM)
        (:ELIM CAR-CDR-ELIM)
        (:EQUIVALENCE PERM-IS-AN-EQUIVALENCE)
        (:EXECUTABLE-COUNTERPART CONSP)
        (:EXECUTABLE-COUNTERPART EQUAL)
        (:FAKE-RUNE-FOR-LINEAR NIL)
        (:FAKE-RUNE-FOR-TYPE-SET NIL)
        (:FORWARD-CHAINING ATOM-PERM)
        (:INDUCTION ALL-ALL-GTE)
        (:INDUCTION DELETE-EQUAL)
        (:INDUCTION MEMBER-EQUAL)
        (:INDUCTION PERM)
        (:REWRITE ALL-GTE-HELPER)
        (:REWRITE CAR-CONS)
        (:REWRITE CDR-CONS)
        (:TYPE-PRESCRIPTION ALL-GTE))
Warnings:  None
Time:  0.05 seconds (prove: 0.05, print: 0.00, other: 0.00)
PERM-IMPLIES-EQUAL-ALL-ALL-GTE-1

Summary
Form:  ( DEFTHM PERM-IMPLIES-EQUAL-ALL-ALL-GTE-2 ...)
Rules: ((:CONGRUENCE PERM-IMPLIES-EQUAL-ALL-ALL-GTE-1)
        (:CONGRUENCE PERM-IMPLIES-EQUAL-ALL-GTE-2)
        (:DEFINITION ALL-ALL-GTE)
        (:DEFINITION ENDP)
        (:DEFINITION NOT)
        (:EXECUTABLE-COUNTERPART CONSP)
        (:EXECUTABLE-COUNTERPART EQUAL)
        (:FAKE-RUNE-FOR-LINEAR NIL)
        (:FAKE-RUNE-FOR-TYPE-SET NIL)
        (:FORWARD-CHAINING ATOM-PERM)
        (:INDUCTION ALL-ALL-GTE)
        (:REWRITE ALL-GTE-HELPER)
        (:TYPE-PRESCRIPTION ALL-GTE))
Warnings:  None
Time:  0.00 seconds (prove: 0.00, print: 0.00, other: 0.00)
PERM-IMPLIES-EQUAL-ALL-ALL-GTE-2

Summary
Form:  ( DEFTHM ALL-ALL-GTE-CDR ...)
Rules: ((:CONGRUENCE PERM-IMPLIES-EQUAL-ALL-ALL-GTE-1)
        (:CONGRUENCE PERM-IMPLIES-EQUAL-ALL-ALL-GTE-2)
        (:DEFINITION ALL-ALL-GTE)
        (:DEFINITION ALL-GTE)
        (:DEFINITION ENDP)
        (:DEFINITION NOT)
        (:EXECUTABLE-COUNTERPART CONSP)
        (:FAKE-RUNE-FOR-LINEAR NIL)
        (:FAKE-RUNE-FOR-TYPE-SET NIL)
        (:FORWARD-CHAINING ATOM-PERM)
        (:INDUCTION ALL-ALL-GTE)
        (:REWRITE ALL-GTE-HELPER)
        (:REWRITE DEFAULT-CDR)
        (:TYPE-PRESCRIPTION ALL-ALL-GTE)
        (:TYPE-PRESCRIPTION ALL-GTE))
Warnings:  None
Time:  0.01 seconds (prove: 0.01, print: 0.00, other: 0.00)
ALL-ALL-GTE-CDR

Summary
Form:  ( DEFTHM ORDERED-CONS ...)
Rules: ((:CONGRUENCE PERM-IMPLIES-EQUAL-ALL-GTE-2)
        (:DEFINITION ALL-GTE)
        (:DEFINITION MEMBER-EQUAL)
        (:DEFINITION ORDERED)
        (:EXECUTABLE-COUNTERPART CONSP)
        (:EXECUTABLE-COUNTERPART EQUAL)
        (:FAKE-RUNE-FOR-LINEAR NIL)
        (:FAKE-RUNE-FOR-TYPE-SET NIL)
        (:FORWARD-CHAINING ATOM-PERM)
        (:LINEAR ALL-GTE-IMPLIES-GTE-MEMBER-EQUAL)
        (:REWRITE CAR-CONS)
        (:REWRITE CDR-CONS)
        (:TYPE-PRESCRIPTION ALL-GTE))
Warnings:  None
Time:  0.00 seconds (prove: 0.00, print: 0.00, other: 0.00)
ORDERED-CONS

Summary
Form:  ( DEFTHM ALL-GTE-APPEND-CONS ...)
Rules: ((:CONGRUENCE PERM-IMPLIES-EQUAL-ALL-GTE-2)
        (:CONGRUENCE PERM-IMPLIES-PERM-CONS-2)
        (:DEFINITION ALL-GTE)
        (:DEFINITION NOT)
        (:FAKE-RUNE-FOR-TYPE-SET NIL)
        (:REWRITE CAR-CONS)
        (:REWRITE CDR-CONS)
        (:REWRITE PERM-APPEND-CONS)
        (:REWRITE PERM-APPEND-NIL)
        (:TYPE-PRESCRIPTION ALL-GTE))
Warnings:  None
Time:  0.00 seconds (prove: 0.00, print: 0.00, other: 0.00)
ALL-GTE-APPEND-CONS

Summary
Form:  ( DEFTHM ORDERED-APPEND ...)
Rules: ((:CONGRUENCE PERM-IMPLIES-EQUAL-ALL-ALL-GTE-1)
        (:CONGRUENCE PERM-IMPLIES-EQUAL-ALL-GTE-2)
        (:DEFINITION ALL-ALL-GTE)
        (:DEFINITION ALL-GTE)
        (:DEFINITION BINARY-APPEND)
        (:DEFINITION ENDP)
        (:DEFINITION NOT)
        (:DEFINITION ORDERED)
        (:ELIM CAR-CDR-ELIM)
        (:EXECUTABLE-COUNTERPART CONSP)
        (:EXECUTABLE-COUNTERPART DATA)
        (:EXECUTABLE-COUNTERPART EQUAL)
        (:FAKE-RUNE-FOR-LINEAR NIL)
        (:FAKE-RUNE-FOR-TYPE-SET NIL)
        (:FORWARD-CHAINING ATOM-PERM)
        (:INDUCTION ALL-ALL-GTE)
        (:INDUCTION ALL-GTE)
        (:INDUCTION BINARY-APPEND)
        (:INDUCTION ORDERED)
        (:REWRITE ALL-GTE-HELPER)
        (:REWRITE CAR-APPEND)
        (:REWRITE CAR-CONS)
        (:REWRITE CDR-CONS)
        (:REWRITE DEFAULT-<-2)
        (:REWRITE DEFAULT-CAR)
        (:TYPE-PRESCRIPTION ALL-ALL-GTE)
        (:TYPE-PRESCRIPTION ALL-GTE)
        (:TYPE-PRESCRIPTION ORDERED))
Warnings:  None
Time:  0.07 seconds (prove: 0.07, print: 0.00, other: 0.00)
ORDERED-APPEND

Summary
Form:  ( DEFTHM ORDERED-CONS-APPEND-CONS ...)
Rules: ((:DEFINITION ALL-GTE)
        (:DEFINITION NOT)
        (:EXECUTABLE-COUNTERPART CONSP)
        (:EXECUTABLE-COUNTERPART NOT)
        (:EXECUTABLE-COUNTERPART ORDERED)
        (:FAKE-RUNE-FOR-LINEAR NIL)
        (:REWRITE ALL-GTE-APPEND-CONS)
        (:REWRITE ALL-GTE-HELPER)
        (:REWRITE ORDERED-APPEND)
        (:REWRITE ORDERED-CONS)
        (:TYPE-PRESCRIPTION ALL-ALL-GTE)
        (:TYPE-PRESCRIPTION ALL-GTE)
        (:TYPE-PRESCRIPTION ORDERED))
Warnings:  None
Time:  0.00 seconds (prove: 0.00, print: 0.00, other: 0.00)
ORDERED-CONS-APPEND-CONS

Summary
Form:  ( DEFTHM ALL-ALL-GTE-CONS ...)
Rules: ((:CONGRUENCE PERM-IMPLIES-EQUAL-ALL-ALL-GTE-1)
        (:DEFINITION ALL-ALL-GTE)
        (:DEFINITION ALL-GTE)
        (:DEFINITION ENDP)
        (:DEFINITION NOT)
        (:EXECUTABLE-COUNTERPART CONSP)
        (:EXECUTABLE-COUNTERPART EQUAL)
        (:EXECUTABLE-COUNTERPART SYNP)
        (:FAKE-RUNE-FOR-LINEAR NIL)
        (:FAKE-RUNE-FOR-TYPE-SET NIL)
        (:FORWARD-CHAINING ATOM-PERM)
        (:INDUCTION ALL-ALL-GTE)
        (:REWRITE ALL-GTE-HELPER)
        (:REWRITE CAR-CONS)
        (:REWRITE CDR-CONS)
        (:TYPE-PRESCRIPTION ALL-ALL-GTE)
        (:TYPE-PRESCRIPTION ALL-GTE))
Warnings:  None
Time:  0.01 seconds (prove: 0.01, print: 0.00, other: 0.00)
ALL-ALL-GTE-CONS

Summary
Form:  ( DEFTHM ALL-ALL-GTE-APPEND1 ...)
Rules: ((:CONGRUENCE PERM-IMPLIES-EQUAL-ALL-ALL-GTE-1)
        (:CONGRUENCE PERM-IMPLIES-EQUAL-ALL-ALL-GTE-2)
        (:CONGRUENCE PERM-IMPLIES-PERM-APPEND-1)
        (:DEFINITION ALL-ALL-GTE)
        (:DEFINITION ALL-GTE)
        (:DEFINITION BINARY-APPEND)
        (:DEFINITION ENDP)
        (:DEFINITION NOT)
        (:DEFINITION SYNP)
        (:ELIM CAR-CDR-ELIM)
        (:EXECUTABLE-COUNTERPART ALL-ALL-GTE)
        (:EXECUTABLE-COUNTERPART CONSP)
        (:FAKE-RUNE-FOR-LINEAR NIL)
        (:FAKE-RUNE-FOR-TYPE-SET NIL)
        (:FORWARD-CHAINING ATOM-PERM)
        (:INDUCTION ALL-ALL-GTE)
        (:INDUCTION BINARY-APPEND)
        (:REWRITE ALL-ALL-GTE-CDR)
        (:REWRITE ALL-ALL-GTE-CONS)
        (:REWRITE ALL-GTE-HELPER)
        (:TYPE-PRESCRIPTION ALL-ALL-GTE)
        (:TYPE-PRESCRIPTION ALL-GTE))
Warnings:  None
Time:  0.02 seconds (prove: 0.02, print: 0.00, other: 0.00)
ALL-ALL-GTE-APPEND1

Summary
Form:  ( DEFTHM ALL-ALL-GTE-APPEND2 ...)
Rules: ((:CONGRUENCE PERM-IMPLIES-EQUAL-ALL-ALL-GTE-1)
        (:CONGRUENCE PERM-IMPLIES-PERM-APPEND-1)
        (:DEFINITION ALL-ALL-GTE)
        (:DEFINITION BINARY-APPEND)
        (:DEFINITION ENDP)
        (:DEFINITION NOT)
        (:EXECUTABLE-COUNTERPART CONSP)
        (:EXECUTABLE-COUNTERPART EQUAL)
        (:FAKE-RUNE-FOR-LINEAR NIL)
        (:FAKE-RUNE-FOR-TYPE-SET NIL)
        (:FORWARD-CHAINING ATOM-PERM)
        (:INDUCTION ALL-ALL-GTE)
        (:INDUCTION BINARY-APPEND)
        (:REWRITE ALL-GTE-HELPER)
        (:REWRITE CAR-CONS)
        (:REWRITE CDR-CONS)
        (:TYPE-PRESCRIPTION ALL-ALL-GTE)
        (:TYPE-PRESCRIPTION ALL-GTE))
Warnings:  None
Time:  0.01 seconds (prove: 0.01, print: 0.00, other: 0.00)
ALL-ALL-GTE-APPEND2

Summary
Form:  ( DEFTHM ALL-ALL-GTE-NIL ...)
Rules: ((:CONGRUENCE PERM-IMPLIES-EQUAL-ALL-ALL-GTE-1)
        (:DEFINITION ALL-ALL-GTE)
        (:DEFINITION ALL-GTE)
        (:DEFINITION ENDP)
        (:DEFINITION NOT)
        (:EXECUTABLE-COUNTERPART ALL-ALL-GTE)
        (:EXECUTABLE-COUNTERPART CONSP)
        (:FAKE-RUNE-FOR-TYPE-SET NIL)
        (:FORWARD-CHAINING ATOM-PERM)
        (:INDUCTION ALL-ALL-GTE)
        (:TYPE-PRESCRIPTION ALL-ALL-GTE))
Warnings:  None
Time:  0.00 seconds (prove: 0.00, print: 0.00, other: 0.00)
ALL-ALL-GTE-NIL

Summary
Form:  ( DEFTHM ORDERED-REPEAT ...)
Rules: ((:COMPOUND-RECOGNIZER ZP-COMPOUND-RECOGNIZER)
        (:DEFINITION NOT)
        (:DEFINITION ORDERED)
        (:DEFINITION REPEAT)
        (:DEFINITION SYNP)
        (:EXECUTABLE-COUNTERPART ORDERED)
        (:FAKE-RUNE-FOR-LINEAR NIL)
        (:FAKE-RUNE-FOR-TYPE-SET NIL)
        (:INDUCTION REPEAT)
        (:REWRITE CAR-CONS)
        (:REWRITE CAR-REPEAT)
        (:REWRITE CDR-CONS)
        (:REWRITE CONSP-REPEAT)
        (:REWRITE ZP-OPEN)
        (:TYPE-PRESCRIPTION ORDERED)
        (:TYPE-PRESCRIPTION REPEAT))
Warnings:  None
Time:  0.00 seconds (prove: 0.00, print: 0.00, other: 0.00)
ORDERED-REPEAT

Summary
Form:  ( DEFTHM ALL-ALL-GTE-REPEAT ...)
Rules: ((:COMPOUND-RECOGNIZER ZP-COMPOUND-RECOGNIZER)
        (:DEFINITION ALL-ALL-GTE)
        (:DEFINITION NOT)
        (:DEFINITION REPEAT)
        (:DEFINITION SYNP)
        (:EXECUTABLE-COUNTERPART CONSP)
        (:EXECUTABLE-COUNTERPART EQUAL)
        (:EXECUTABLE-COUNTERPART ZP)
        (:FAKE-RUNE-FOR-TYPE-SET NIL)
        (:INDUCTION REPEAT)
        (:REWRITE CAR-CONS)
        (:REWRITE CDR-CONS)
        (:REWRITE ZP-OPEN)
        (:TYPE-PRESCRIPTION ALL-GTE)
        (:TYPE-PRESCRIPTION REPEAT))
Warnings:  None
Time:  0.00 seconds (prove: 0.00, print: 0.00, other: 0.00)
ALL-ALL-GTE-REPEAT

Summary
Form:  ( DEFTHM ALL-ALL-GTE-REPEAT-2 ...)
Rules: ((:COMPOUND-RECOGNIZER ZP-COMPOUND-RECOGNIZER)
        (:DEFINITION REPEAT)
        (:DEFINITION SYNP)
        (:INDUCTION REPEAT)
        (:REWRITE ALL-ALL-GTE-CONS)
        (:REWRITE ALL-ALL-GTE-NIL)
        (:TYPE-PRESCRIPTION ALL-ALL-GTE))
Warnings:  None
Time:  0.00 seconds (prove: 0.00, print: 0.00, other: 0.00)
ALL-ALL-GTE-REPEAT-2

Summary
Form:  ( DEFUN MAX-PAIR ...)
Rules: NIL
Warnings:  None
Time:  0.00 seconds (prove: 0.00, print: 0.00, other: 0.00)
MAX-PAIR

Summary
Form:  ( DEFUN MIN-PAIR ...)
Rules: NIL
Warnings:  None
Time:  0.00 seconds (prove: 0.00, print: 0.00, other: 0.00)
MIN-PAIR

Summary
Form:  ( DEFUN CSTEP ...)
Rules: ((:DEFINITION ACL2-COUNT)
        (:DEFINITION ENDP)
        (:DEFINITION O-FINP)
        (:DEFINITION O<)
        (:ELIM CAR-CDR-ELIM)
        (:FAKE-RUNE-FOR-LINEAR NIL)
        (:FAKE-RUNE-FOR-TYPE-SET NIL)
        (:REWRITE CAR-CONS)
        (:REWRITE CDR-CONS)
        (:TYPE-PRESCRIPTION ACL2-COUNT))
Warnings:  None
Time:  0.01 seconds (prove: 0.00, print: 0.00, other: 0.01)
CSTEP

Summary
Form:  ( DEFUN CFEED ...)
Rules: ((:TYPE-PRESCRIPTION CSTEP))
Warnings:  None
Time:  0.02 seconds (prove: 0.00, print: 0.00, other: 0.02)
CFEED

Summary
Form:  ( DEFUN CDRAIN ...)
Rules: ((:FAKE-RUNE-FOR-TYPE-SET NIL))
Warnings:  None
Time:  0.01 seconds (prove: 0.00, print: 0.00, other: 0.01)
CDRAIN

Summary
Form:  ( DEFUN CSORT ...)
Rules: ((:TYPE-PRESCRIPTION CDRAIN)
        (:TYPE-PRESCRIPTION CFEED))
Warnings:  None
Time:  0.00 seconds (prove: 0.00, print: 0.00, other: 0.00)
CSORT

Summary
Form:  ( DEFTHM PERM-CSTEP ...)
Rules: ((:CONGRUENCE PERM-IMPLIES-PERM-CONS-2)
        (:DEFINITION CSTEP)
        (:DEFINITION DELETE-EQUAL)
        (:DEFINITION ENDP)
        (:DEFINITION MAX-PAIR)
        (:DEFINITION MEMBER-EQUAL)
        (:DEFINITION MIN-PAIR)
        (:DEFINITION NOT)
        (:DEFINITION PERM)
        (:EQUIVALENCE PERM-IS-AN-EQUIVALENCE)
        (:EXECUTABLE-COUNTERPART PERM)
        (:FAKE-RUNE-FOR-TYPE-SET NIL)
        (:FORWARD-CHAINING ATOM-PERM)
        (:INDUCTION CSTEP)
        (:REWRITE CAR-CONS)
        (:REWRITE CDR-CONS)
        (:REWRITE PERM-SYMMETRIC)
        (:REWRITE PERM-TRANSITIVE))
Warnings:  None
Time:  0.03 seconds (prove: 0.03, print: 0.00, other: 0.00)
PERM-CSTEP

Summary
Form:  ( DEFTHM PERM-CFEED ...)
Rules: ((:CONGRUENCE PERM-IMPLIES-PERM-APPEND-1)
        (:CONGRUENCE PERM-IMPLIES-PERM-APPEND-2)
        (:DEFINITION BINARY-APPEND)
        (:DEFINITION CFEED)
        (:DEFINITION ENDP)
        (:DEFINITION NOT)
        (:EQUIVALENCE PERM-IS-AN-EQUIVALENCE)
        (:EXECUTABLE-COUNTERPART CONSP)
        (:FAKE-RUNE-FOR-TYPE-SET NIL)
        (:FORWARD-CHAINING ATOM-PERM)
        (:INDUCTION CFEED)
        (:REWRITE PERM-APPEND-CONS)
        (:REWRITE PERM-CSTEP)
        (:REWRITE PERM-SYMMETRIC)
        (:REWRITE PERM-TRANSITIVE))
Warnings:  None
Time:  0.00 seconds (prove: 0.00, print: 0.00, other: 0.00)
PERM-CFEED

Summary
Form:  ( DEFTHM PERM-CDRAIN ...)
Rules: ((:COMPOUND-RECOGNIZER ZP-COMPOUND-RECOGNIZER)
        (:CONGRUENCE PERM-IMPLIES-EQUAL-LEN-1)
        (:CONGRUENCE PERM-IMPLIES-PERM-CONS-2)
        (:DEFINITION CDRAIN)
        (:DEFINITION LEN)
        (:DEFINITION NOT)
        (:EQUIVALENCE PERM-IS-AN-EQUIVALENCE)
        (:FAKE-RUNE-FOR-TYPE-SET NIL)
        (:INDUCTION CDRAIN)
        (:REWRITE CONS-CAR-CDR)
        (:REWRITE PERM-CSTEP)
        (:REWRITE PERM-SYMMETRIC)
        (:TYPE-PRESCRIPTION LEN))
Warnings:  None
Time:  0.00 seconds (prove: 0.00, print: 0.00, other: 0.00)
PERM-CDRAIN

Summary
Form:  ( DEFTHM LEN-CSTEP ...)
Rules: ((:CONGRUENCE PERM-IMPLIES-EQUAL-LEN-1)
        (:REWRITE PERM-CSTEP))
Warnings:  None
Time:  0.00 seconds (prove: 0.00, print: 0.00, other: 0.00)
LEN-CSTEP

Summary
Form:  ( DEFTHM LEN-CFEED ...)
Rules: ((:CONGRUENCE PERM-IMPLIES-EQUAL-LEN-1)
        (:REWRITE LEN-APPEND)
        (:REWRITE PERM-CFEED))
Warnings:  None
Time:  0.00 seconds (prove: 0.00, print: 0.00, other: 0.00)
LEN-CFEED

Summary
Form:  ( DEFTHM TRUE-LISTP-CSTEP ...)
Rules: ((:DEFINITION CSTEP)
        (:DEFINITION ENDP)
        (:DEFINITION MAX-PAIR)
        (:DEFINITION MIN-PAIR)
        (:DEFINITION NOT)
        (:DEFINITION TRUE-LISTP)
        (:EXECUTABLE-COUNTERPART CONSP)
        (:EXECUTABLE-COUNTERPART CSTEP)
        (:EXECUTABLE-COUNTERPART TRUE-LISTP)
        (:FAKE-RUNE-FOR-TYPE-SET NIL)
        (:INDUCTION CSTEP)
        (:TYPE-PRESCRIPTION CSTEP)
        (:TYPE-PRESCRIPTION TRUE-LISTP))
Warnings:  None
Time:  0.00 seconds (prove: 0.00, print: 0.00, other: 0.00)
TRUE-LISTP-CSTEP

Summary
Form:  ( DEFTHM TRUE-LISTP-CFEED ...)
Rules: ((:DEFINITION CFEED)
        (:DEFINITION CSTEP)
        (:DEFINITION ENDP)
        (:DEFINITION MAX-PAIR)
        (:DEFINITION MIN-PAIR)
        (:DEFINITION NOT)
        (:DEFINITION TRUE-LISTP)
        (:FAKE-RUNE-FOR-TYPE-SET NIL)
        (:INDUCTION CFEED)
        (:REWRITE CAR-CONS)
        (:REWRITE CDR-CONS)
        (:REWRITE TRUE-LISTP-CSTEP)
        (:TYPE-PRESCRIPTION CFEED)
        (:TYPE-PRESCRIPTION CSTEP)
        (:TYPE-PRESCRIPTION TRUE-LISTP))
Warnings:  None
Time:  0.01 seconds (prove: 0.01, print: 0.00, other: 0.00)
TRUE-LISTP-CFEED

Summary
Form:  ( DEFTHM TRUE-LISTP-CDRAIN ...)
Rules: ((:COMPOUND-RECOGNIZER ZP-COMPOUND-RECOGNIZER)
        (:DEFINITION CDRAIN)
        (:DEFINITION TRUE-LISTP)
        (:EXECUTABLE-COUNTERPART CAR)
        (:EXECUTABLE-COUNTERPART CDR)
        (:EXECUTABLE-COUNTERPART CONSP)
        (:EXECUTABLE-COUNTERPART CSTEP)
        (:FAKE-RUNE-FOR-TYPE-SET NIL)
        (:INDUCTION CDRAIN)
        (:REWRITE TRUE-LISTP-CSTEP)
        (:TYPE-PRESCRIPTION CDRAIN)
        (:TYPE-PRESCRIPTION CSTEP)
        (:TYPE-PRESCRIPTION TRUE-LISTP))
Warnings:  None
Time:  0.00 seconds (prove: 0.00, print: 0.00, other: 0.00)
TRUE-LISTP-CDRAIN

Summary
Form:  ( DEFTHM LEN-CDRAIN ...)
Rules: ((:CONGRUENCE PERM-IMPLIES-EQUAL-LEN-1)
        (:DEFINITION NOT)
        (:FAKE-RUNE-FOR-TYPE-SET NIL)
        (:REWRITE PERM-CDRAIN))
Warnings:  None
Time:  0.00 seconds (prove: 0.00, print: 0.00, other: 0.00)
LEN-CDRAIN

Summary
Form:  ( DEFTHM CFEED-OPENER ...)
Rules: ((:DEFINITION CFEED)
        (:FAKE-RUNE-FOR-TYPE-SET NIL)
        (:REWRITE CAR-CONS)
        (:REWRITE CDR-CONS))
Warnings:  None
Time:  0.00 seconds (prove: 0.00, print: 0.00, other: 0.00)
CFEED-OPENER

Summary
Form:  ( DEFTHM CSTEP-APPEND1 ...)
Rules: ((:COMPOUND-RECOGNIZER ZP-COMPOUND-RECOGNIZER)
        (:CONGRUENCE PERM-IMPLIES-EQUAL-LEN-1)
        (:DEFINITION BINARY-APPEND)
        (:DEFINITION CSTEP)
        (:DEFINITION ENDP)
        (:DEFINITION EVNP)
        (:DEFINITION FIX)
        (:DEFINITION LEN)
        (:DEFINITION MAX-PAIR)
        (:DEFINITION MIN-PAIR)
        (:DEFINITION NOT)
        (:DEFINITION SYNP)
        (:EXECUTABLE-COUNTERPART BINARY-+)
        (:EXECUTABLE-COUNTERPART CONSP)
        (:EXECUTABLE-COUNTERPART EVNP)
        (:EXECUTABLE-COUNTERPART LEN)
        (:FAKE-RUNE-FOR-TYPE-SET NIL)
        (:FORWARD-CHAINING ATOM-PERM)
        (:INDUCTION CSTEP)
        (:REWRITE |+-CONSTANT-FOLDING|)
        (:REWRITE CAR-CONS)
        (:REWRITE CDR-CONS)
        (:REWRITE UNICITY-OF-0)
        (:TYPE-PRESCRIPTION LEN))
Warnings:  None
Time:  0.01 seconds (prove: 0.01, print: 0.00, other: 0.00)
CSTEP-APPEND1

Summary
Form:  ( DEFTHM CSTEP-NOOP ...)
Rules: ((:DEFINITION CSTEP)
        (:DEFINITION ENDP)
        (:DEFINITION MAX-PAIR)
        (:DEFINITION MIN-PAIR)
        (:DEFINITION NOT)
        (:DEFINITION ORDERED)
        (:DEFINITION TRUE-LISTP)
        (:EXECUTABLE-COUNTERPART CONSP)
        (:EXECUTABLE-COUNTERPART CSTEP)
        (:EXECUTABLE-COUNTERPART EQUAL)
        (:EXECUTABLE-COUNTERPART NOT)
        (:EXECUTABLE-COUNTERPART ORDERED)
        (:FAKE-RUNE-FOR-TYPE-SET NIL)
        (:INDUCTION CSTEP)
        (:REWRITE CAR-CONS)
        (:REWRITE CDR-CONS)
        (:REWRITE CONS-CAR-CDR)
        (:TYPE-PRESCRIPTION CSTEP))
Warnings:  None
Time:  0.00 seconds (prove: 0.00, print: 0.00, other: 0.00)
CSTEP-NOOP

Summary
Form:  ( DEFTHM CSTEP-APPEND2 ...)
Rules: ((:CONGRUENCE PERM-IMPLIES-EQUAL-ALL-ALL-GTE-1)
        (:DEFINITION ALL-ALL-GTE)
        (:DEFINITION ALL-GTE)
        (:DEFINITION BINARY-APPEND)
        (:DEFINITION CSTEP)
        (:DEFINITION ENDP)
        (:DEFINITION MAX-PAIR)
        (:DEFINITION MIN-PAIR)
        (:DEFINITION NOT)
        (:DEFINITION ORDERED)
        (:DEFINITION TRUE-LISTP)
        (:EXECUTABLE-COUNTERPART CONSP)
        (:EXECUTABLE-COUNTERPART CSTEP)
        (:EXECUTABLE-COUNTERPART EQUAL)
        (:EXECUTABLE-COUNTERPART NOT)
        (:EXECUTABLE-COUNTERPART ORDERED)
        (:FAKE-RUNE-FOR-TYPE-SET NIL)
        (:FORWARD-CHAINING ATOM-PERM)
        (:INDUCTION CSTEP)
        (:REWRITE CAR-CONS)
        (:REWRITE CDR-CONS)
        (:REWRITE CONS-CAR-CDR)
        (:REWRITE CSTEP-NOOP)
        (:TYPE-PRESCRIPTION ORDERED))
Warnings:  None
Time:  0.03 seconds (prove: 0.02, print: 0.00, other: 0.00)
CSTEP-APPEND2

Summary
Form:  ( DEFUN PHI ...)
Rules: ((:DEFINITION ACL2-COUNT)
        (:DEFINITION ALL-GTE)
        (:DEFINITION ENDP)
        (:DEFINITION NOT)
        (:DEFINITION O-FINP)
        (:DEFINITION O<)
        (:FAKE-RUNE-FOR-LINEAR NIL)
        (:FAKE-RUNE-FOR-TYPE-SET NIL)
        (:TYPE-PRESCRIPTION ACL2-COUNT))
Warnings:  None
Time:  0.01 seconds (prove: 0.00, print: 0.00, other: 0.01)
PHI

Summary
Form:  ( DEFTHM ALL-GTE-CSTEP ...)
Rules: ((:CONGRUENCE PERM-IMPLIES-EQUAL-ALL-GTE-2)
        (:DEFINITION ENDP)
        (:DEFINITION NOT)
        (:INDUCTION CSTEP)
        (:REWRITE PERM-CSTEP)
        (:TYPE-PRESCRIPTION ALL-GTE))
Warnings:  None
Time:  0.00 seconds (prove: 0.00, print: 0.00, other: 0.00)
ALL-GTE-CSTEP

Summary
Form:  ( DEFTHM PHI-CSTEP ...)
Rules: ((:CONGRUENCE PERM-IMPLIES-EQUAL-ALL-GTE-2)
        (:DEFINITION ALL-GTE)
        (:DEFINITION CSTEP)
        (:DEFINITION ENDP)
        (:DEFINITION MAX-PAIR)
        (:DEFINITION MIN-PAIR)
        (:DEFINITION NOT)
        (:DEFINITION PHI)
        (:EXECUTABLE-COUNTERPART PHI)
        (:FAKE-RUNE-FOR-LINEAR NIL)
        (:FAKE-RUNE-FOR-TYPE-SET NIL)
        (:INDUCTION CSTEP)
        (:REWRITE ALL-GTE-CSTEP)
        (:REWRITE ALL-GTE-HELPER)
        (:REWRITE CAR-CONS)
        (:REWRITE CDR-CONS)
        (:REWRITE DEFAULT-CDR)
        (:REWRITE PERM-CSTEP)
        (:TYPE-PRESCRIPTION ALL-GTE)
        (:TYPE-PRESCRIPTION PHI))
Warnings:  None
Time:  0.02 seconds (prove: 0.02, print: 0.00, other: 0.00)
PHI-CSTEP

Summary
Form:  ( DEFTHM PHI-CONS ...)
Rules: ((:DEFINITION ALL-GTE)
        (:DEFINITION ENDP)
        (:DEFINITION PHI)
        (:FAKE-RUNE-FOR-TYPE-SET NIL)
        (:REWRITE CAR-CONS)
        (:REWRITE CDR-CONS))
Warnings:  None
Time:  0.00 seconds (prove: 0.00, print: 0.00, other: 0.00)
PHI-CONS

Summary
Form:  ( DEFTHM PHI-CFEED ...)
Rules: ((:DEFINITION CFEED)
        (:DEFINITION ENDP)
        (:DEFINITION NOT)
        (:INDUCTION CFEED)
        (:REWRITE CDR-CONS)
        (:REWRITE PHI-CSTEP)
        (:TYPE-PRESCRIPTION PHI))
Warnings:  None
Time:  0.00 seconds (prove: 0.00, print: 0.00, other: 0.00)
PHI-CFEED

Summary
Form:  ( DEFTHM PERM-CSORT ...)
Rules: ((:DEFINITION CSORT)
        (:DEFINITION FIX)
        (:EQUIVALENCE PERM-IS-AN-EQUIVALENCE)
        (:EXECUTABLE-COUNTERPART LEN)
        (:FAKE-RUNE-FOR-LINEAR NIL)
        (:REWRITE COMMUTATIVITY-OF-+)
        (:REWRITE LEN-CFEED)
        (:REWRITE PERM-APPEND-NIL)
        (:REWRITE PERM-CDRAIN)
        (:REWRITE PERM-CFEED)
        (:REWRITE PERM-REFLEXIVE)
        (:REWRITE UNICITY-OF-0)
        (:TYPE-PRESCRIPTION LEN))
Warnings:  None
Time:  0.00 seconds (prove: 0.00, print: 0.00, other: 0.00)
PERM-CSORT

Summary
Form:  ( DEFTHM ORDERED-FIRSTN-CDRAIN ...)
Rules: ((:COMPOUND-RECOGNIZER ZP-COMPOUND-RECOGNIZER)
        (:CONGRUENCE PERM-IMPLIES-EQUAL-ALL-GTE-2)
        (:CONGRUENCE PERM-IMPLIES-EQUAL-LEN-1)
        (:DEFINITION ALL-GTE)
        (:DEFINITION CDRAIN)
        (:DEFINITION CSTEP)
        (:DEFINITION ENDP)
        (:DEFINITION FIRSTN)
        (:DEFINITION FIX)
        (:DEFINITION LEN)
        (:DEFINITION NOT)
        (:DEFINITION ORDERED)
        (:DEFINITION PHI)
        (:DEFINITION SYNP)
        (:ELIM CAR-CDR-ELIM)
        (:EQUIVALENCE PERM-IS-AN-EQUIVALENCE)
        (:EXECUTABLE-COUNTERPART <)
        (:EXECUTABLE-COUNTERPART BINARY-+)
        (:EXECUTABLE-COUNTERPART CONSP)
        (:EXECUTABLE-COUNTERPART INTEGERP)
        (:EXECUTABLE-COUNTERPART LEN)
        (:EXECUTABLE-COUNTERPART NOT)
        (:EXECUTABLE-COUNTERPART ORDERED)
        (:EXECUTABLE-COUNTERPART PHI)
        (:EXECUTABLE-COUNTERPART ZP)
        (:FAKE-RUNE-FOR-LINEAR NIL)
        (:FAKE-RUNE-FOR-TYPE-SET NIL)
        (:FORWARD-CHAINING ATOM-PERM)
        (:INDUCTION CDRAIN)
        (:REWRITE |+-CONSTANT-FOLDING|)
        (:REWRITE CAR-CONS)
        (:REWRITE CDR-CONS)
        (:REWRITE FIRSTN-TOO-LONG)
        (:REWRITE LEN-CSTEP)
        (:REWRITE ORDERED-CONS)
        (:REWRITE PERM-CDRAIN)
        (:REWRITE PERM-CSTEP)
        (:REWRITE PERM-REFLEXIVE)
        (:REWRITE PHI-CONS)
        (:REWRITE PHI-CSTEP)
        (:REWRITE UNICITY-OF-0)
        (:REWRITE ZP-OPEN)
        (:TYPE-PRESCRIPTION CDRAIN)
        (:TYPE-PRESCRIPTION CSTEP)
        (:TYPE-PRESCRIPTION FIRSTN)
        (:TYPE-PRESCRIPTION LEN)
        (:TYPE-PRESCRIPTION ORDERED)
        (:TYPE-PRESCRIPTION PHI))
Warnings:  None
Time:  0.07 seconds (prove: 0.07, print: 0.00, other: 0.00)
ORDERED-FIRSTN-CDRAIN

Summary
Form:  ( DEFTHM ORDERED-CSORT ...)
Rules: ((:CONGRUENCE PERM-IMPLIES-EQUAL-LEN-1)
        (:DEFINITION CSORT)
        (:DEFINITION FIX)
        (:DEFINITION NOT)
        (:EXECUTABLE-COUNTERPART LEN)
        (:EXECUTABLE-COUNTERPART PHI)
        (:FAKE-RUNE-FOR-LINEAR NIL)
        (:FAKE-RUNE-FOR-TYPE-SET NIL)
        (:REWRITE COMMUTATIVITY-OF-+)
        (:REWRITE FIRSTN-TOO-LONG)
        (:REWRITE LEN-CDRAIN)
        (:REWRITE LEN-CFEED)
        (:REWRITE PERM-APPEND-NIL)
        (:REWRITE PERM-CFEED)
        (:REWRITE PHI-CFEED)
        (:REWRITE TRUE-LISTP-CDRAIN)
        (:REWRITE TRUE-LISTP-CFEED)
        (:REWRITE UNICITY-OF-0)
        (:TYPE-PRESCRIPTION LEN)
        (:TYPE-PRESCRIPTION ORDERED))
Warnings:  None
Time:  0.00 seconds (prove: 0.00, print: 0.00, other: 0.00)
ORDERED-CSORT

Summary
Form:  ( DEFTHM BRIDGE ...)
Rules: ((:COMPOUND-RECOGNIZER ZP-COMPOUND-RECOGNIZER)
        (:CONGRUENCE PERM-IMPLIES-PERM-CONS-2)
        (:DEFINITION ALL-GTE)
        (:DEFINITION BINARY-APPEND)
        (:DEFINITION EVNP)
        (:DEFINITION FIX)
        (:DEFINITION LEN)
        (:DEFINITION NOT)
        (:DEFINITION SYNP)
        (:DEFINITION TRUE-LISTP)
        (:EXECUTABLE-COUNTERPART BINARY-+)
        (:EXECUTABLE-COUNTERPART CONSP)
        (:EXECUTABLE-COUNTERPART NOT)
        (:EXECUTABLE-COUNTERPART ORDERED)
        (:FAKE-RUNE-FOR-LINEAR NIL)
        (:FAKE-RUNE-FOR-TYPE-SET NIL)
        (:REWRITE |+-CONSTANT-FOLDING|)
        (:REWRITE ALL-GTE-APPEND-CONS)
        (:REWRITE ALL-GTE-HELPER)
        (:REWRITE ASSOC-OF-APPEND)
        (:REWRITE CAR-CONS)
        (:REWRITE CDR-CONS)
        (:REWRITE CSTEP-NOOP)
        (:REWRITE ORDERED-APPEND)
        (:REWRITE ORDERED-CONS)
        (:REWRITE PERM-APPEND-CONS)
        (:REWRITE PERM-APPEND-NIL)
        (:REWRITE TRUE-LISTP-APPEND)
        (:REWRITE UNICITY-OF-0)
        (:TYPE-PRESCRIPTION ALL-ALL-GTE)
        (:TYPE-PRESCRIPTION ALL-GTE)
        (:TYPE-PRESCRIPTION EVNP)
        (:TYPE-PRESCRIPTION LEN)
        (:TYPE-PRESCRIPTION ORDERED))
Warnings:  None
Time:  0.01 seconds (prove: 0.01, print: 0.00, other: 0.00)
BRIDGE

Summary
Form:  ( DEFUN POSITIVE-INFINITY-HINT ...)
Rules: ((:FAKE-RUNE-FOR-TYPE-SET NIL))
Warnings:  None
Time:  0.01 seconds (prove: 0.00, print: 0.00, other: 0.01)
POSITIVE-INFINITY-HINT

Summary
Form:  ( DEFTHM POSITIVE-INFINITY-GEN ...)
Rules: ((:COMPOUND-RECOGNIZER ZP-COMPOUND-RECOGNIZER)
        (:CONGRUENCE PERM-IMPLIES-EQUAL-ALL-ALL-GTE-1)
        (:CONGRUENCE PERM-IMPLIES-EQUAL-ALL-ALL-GTE-2)
        (:CONGRUENCE PERM-IMPLIES-EQUAL-ALL-GTE-2)
        (:CONGRUENCE PERM-IMPLIES-EQUAL-LEN-1)
        (:CONGRUENCE PERM-IMPLIES-PERM-CONS-2)
        (:DEFINITION ALL-ALL-GTE)
        (:DEFINITION ALL-GTE)
        (:DEFINITION BINARY-APPEND)
        (:DEFINITION CDRAIN)
        (:DEFINITION CFEED)
        (:DEFINITION CSTEP)
        (:DEFINITION ENDP)
        (:DEFINITION EVNP)
        (:DEFINITION FIX)
        (:DEFINITION LEN)
        (:DEFINITION NOT)
        (:DEFINITION ORDERED)
        (:DEFINITION PHI)
        (:DEFINITION REV)
        (:DEFINITION SYNP)
        (:ELIM CAR-CDR-ELIM)
        (:EXECUTABLE-COUNTERPART BINARY-+)
        (:EXECUTABLE-COUNTERPART CONSP)
        (:EXECUTABLE-COUNTERPART EVNP)
        (:EXECUTABLE-COUNTERPART LEN)
        (:EXECUTABLE-COUNTERPART ORDERED)
        (:EXECUTABLE-COUNTERPART PHI)
        (:EXECUTABLE-COUNTERPART ZP)
        (:FAKE-RUNE-FOR-LINEAR NIL)
        (:FAKE-RUNE-FOR-TYPE-SET NIL)
        (:FORWARD-CHAINING ATOM-PERM)
        (:INDUCTION POSITIVE-INFINITY-HINT)
        (:REWRITE |+-CONSTANT-FOLDING|)
        (:REWRITE ALL-ALL-GTE-CDR)
        (:REWRITE ALL-ALL-GTE-CONS)
        (:REWRITE ALL-ALL-GTE-NIL)
        (:REWRITE ALL-GTE-HELPER)
        (:REWRITE ASSOC-OF-APPEND)
        (:REWRITE BRIDGE)
        (:REWRITE CAR-APPEND)
        (:REWRITE CAR-CONS)
        (:REWRITE CDR-CONS)
        (:REWRITE CFEED-OPENER)
        (:REWRITE ORDERED-APPEND)
        (:REWRITE ORDERED-CONS)
        (:REWRITE PERM-APPEND-CONS)
        (:REWRITE PERM-APPEND-NIL)
        (:REWRITE PERM-CSTEP)
        (:REWRITE PERM-REV)
        (:REWRITE PHI-CONS)
        (:REWRITE PHI-CSTEP)
        (:REWRITE UNICITY-OF-0)
        (:TYPE-PRESCRIPTION ALL-ALL-GTE)
        (:TYPE-PRESCRIPTION ALL-GTE)
        (:TYPE-PRESCRIPTION BINARY-APPEND)
        (:TYPE-PRESCRIPTION EVNP)
        (:TYPE-PRESCRIPTION LEN)
        (:TYPE-PRESCRIPTION ORDERED)
        (:TYPE-PRESCRIPTION PHI))
Warnings:  None
Time:  0.56 seconds (prove: 0.56, print: 0.00, other: 0.00)
POSITIVE-INFINITY-GEN

Summary
Form:  ( DEFTHM POSITIVE-INFINITY ...)
Rules: ((:COMPOUND-RECOGNIZER ZP-COMPOUND-RECOGNIZER)
        (:DEFINITION ALL-ALL-GTE)
        (:DEFINITION BINARY-APPEND)
        (:DEFINITION CDRAIN)
        (:DEFINITION CFEED)
        (:DEFINITION NFIX)
        (:DEFINITION NOT)
        (:DEFINITION REPEAT)
        (:EXECUTABLE-COUNTERPART CONSP)
        (:EXECUTABLE-COUNTERPART EVNP)
        (:EXECUTABLE-COUNTERPART LEN)
        (:EXECUTABLE-COUNTERPART ORDERED)
        (:FAKE-RUNE-FOR-LINEAR NIL)
        (:FAKE-RUNE-FOR-TYPE-SET NIL)
        (:REWRITE ALL-ALL-GTE-NIL)
        (:REWRITE ALL-ALL-GTE-REPEAT)
        (:REWRITE ALL-GTE-HELPER)
        (:REWRITE LEN-REPEAT)
        (:REWRITE ORDERED-REPEAT)
        (:REWRITE REV-REPEAT)
        (:TYPE-PRESCRIPTION ALL-GTE)
        (:TYPE-PRESCRIPTION LEN)
        (:TYPE-PRESCRIPTION PHI))
Warnings:  None
Time:  0.00 seconds (prove: 0.00, print: 0.00, other: 0.00)
POSITIVE-INFINITY

Summary
Form:  ( DEFTHM NEGATIVE-INFINITY-GEN ...)
Rules: ((:CONGRUENCE PERM-IMPLIES-EQUAL-ALL-ALL-GTE-1)
        (:DEFINITION ALL-ALL-GTE)
        (:DEFINITION BINARY-APPEND)
        (:DEFINITION CFEED)
        (:DEFINITION CSTEP)
        (:DEFINITION ENDP)
        (:DEFINITION MAX-PAIR)
        (:DEFINITION MIN-PAIR)
        (:DEFINITION NOT)
        (:EXECUTABLE-COUNTERPART CONSP)
        (:FAKE-RUNE-FOR-LINEAR NIL)
        (:FAKE-RUNE-FOR-TYPE-SET NIL)
        (:FORWARD-CHAINING ATOM-PERM)
        (:INDUCTION CFEED)
        (:REWRITE ALL-GTE-HELPER)
        (:REWRITE CAR-CONS)
        (:REWRITE CDR-CONS)
        (:REWRITE CSTEP-APPEND2)
        (:REWRITE CSTEP-NOOP)
        (:REWRITE ORDERED-CONS)
        (:REWRITE PERM-CSTEP)
        (:TYPE-PRESCRIPTION ALL-ALL-GTE)
        (:TYPE-PRESCRIPTION ALL-GTE)
        (:TYPE-PRESCRIPTION ORDERED))
Warnings:  None
Time:  0.21 seconds (prove: 0.21, print: 0.00, other: 0.00)
NEGATIVE-INFINITY-GEN

Summary
Form:  ( DEFTHM NEGATIVE-INFINITY ...)
Rules: ((:DEFINITION ALL-ALL-GTE)
        (:DEFINITION BINARY-APPEND)
        (:DEFINITION NOT)
        (:EXECUTABLE-COUNTERPART CONSP)
        (:FAKE-RUNE-FOR-TYPE-SET NIL)
        (:REWRITE ALL-ALL-GTE-REPEAT-2)
        (:REWRITE ORDERED-REPEAT)
        (:TYPE-PRESCRIPTION ALL-ALL-GTE)
        (:TYPE-PRESCRIPTION REPEAT))
Warnings:  None
Time:  0.00 seconds (prove: 0.00, print: 0.00, other: 0.00)
NEGATIVE-INFINITY

Summary
Form:  ( INCLUDE-BOOK "csort" ...)
Rules: NIL
Warnings:  None
Time:  0.10 seconds (prove: 0.00, print: 0.00, other: 0.10)

"/Users/huangjianshi/src/acl2-sources/books/misc/csort.fasl"


Summary
Form:  (CERTIFY-BOOK "csort" ...)
Rules: NIL
Warnings:  None
Time:  1.72 seconds (prove: 1.41, print: 0.00, other: 0.30)
 "/Users/huangjianshi/src/acl2-sources/books/misc/csort.lisp"
ACL2 !>
Exiting the ACL2 read-eval-print loop.  To re-enter, execute (LP).
* 