This is SBCL 1.0.1.34, an implementation of ANSI Common Lisp.
More information about SBCL is available at <http://www.sbcl.org/>.

SBCL is free software, provided as is, with absolutely no warranty.
It is mostly in the public domain; some portions are provided under
BSD-style licenses.  See the CREDITS and COPYING files in the
distribution for more information.

 ACL2 Version 3.1 built January 26, 2007  15:12:42.
 Copyright (C) 2006  University of Texas at Austin
 ACL2 comes with ABSOLUTELY NO WARRANTY.  This is free software and you
 are welcome to redistribute it under certain conditions.  For details,
 see the GNU General Public License.

 Initialized with (INITIALIZE-ACL2 'INCLUDE-BOOK *ACL2-PASS-2-FILES*).
 See the documentation topic note-3-1 for recent changes.
 Note: We have modified the prompt in some underlying Lisps to further
 distinguish it from the ACL2 prompt.

 NOTE!!  Proof trees are disabled in ACL2.  To enable them in emacs,
 look under the ACL2 source directory in interface/emacs/README.doc; 
 and, to turn on proof trees, execute :START-PROOF-TREE in the ACL2 
 command loop.   Look in the ACL2 documentation under PROOF-TREE.

ACL2 Version 3.1.  Level 1.  Cbd 
"/Users/huangjianshi/src/acl2-sources/books/misc/".
Type :help for help.
Type (good-bye) to quit completely out of ACL2.

ACL2 !>
Exiting the ACL2 read-eval-print loop.  To re-enter, execute (LP).
* 
#<PACKAGE "ACL2">
* 
ACL2 Version 3.1.  Level 1.  Cbd 
"/Users/huangjianshi/src/acl2-sources/books/misc/".
Type :help for help.
Type (good-bye) to quit completely out of ACL2.

ACL2 !> (PROVE PROOF-TREE
        WARNING OBSERVATION EVENT EXPANSION)
ACL2 !>
Summary
Form:  ( DEFMACRO DEFUN-NONEXEC ...)
Rules: NIL
Warnings:  None
Time:  0.01 seconds (prove: 0.00, print: 0.00, other: 0.01)
DEFUN-NONEXEC
:INVISIBLE

Summary
Form:  ( DEFUN TEST ...)
Rules: NIL
Warnings:  None
Time:  0.00 seconds (prove: 0.00, print: 0.00, other: 0.00)
TEST

Summary
Form:  ( ENCAPSULATE ((TEST ...) ...) ...)
Rules: NIL
Warnings:  None
Time:  0.00 seconds (prove: 0.00, print: 0.00, other: 0.00)
T
:INVISIBLE

Summary
Form:  ( DEFUN BASE ...)
Rules: NIL
Warnings:  None
Time:  0.00 seconds (prove: 0.00, print: 0.00, other: 0.00)
BASE

Summary
Form:  ( ENCAPSULATE ((BASE ...) ...) ...)
Rules: NIL
Warnings:  None
Time:  0.00 seconds (prove: 0.00, print: 0.00, other: 0.00)
T
:INVISIBLE

Summary
Form:  ( DEFUN ST ...)
Rules: NIL
Warnings:  None
Time:  0.00 seconds (prove: 0.00, print: 0.00, other: 0.00)
ST

Summary
Form:  ( ENCAPSULATE ((ST ...) ...) ...)
Rules: NIL
Warnings:  None
Time:  0.00 seconds (prove: 0.00, print: 0.00, other: 0.00)
T

Summary
Form:  ( DEFUN STN ...)
Rules: NIL
Warnings:  None
Time:  0.01 seconds (prove: 0.00, print: 0.00, other: 0.01)
STN

Summary
Form:  ( DEFCHOOSE FCH ...)
Rules: NIL
Warnings:  None
Time:  0.00 seconds (prove: 0.00, print: 0.00, other: 0.00)
FCH

Summary
Form:  ( DEFUN FN ...)
Rules: ((:COMPOUND-RECOGNIZER NATP-COMPOUND-RECOGNIZER)
        (:COMPOUND-RECOGNIZER ZP-COMPOUND-RECOGNIZER)
        (:DEFINITION NFIX)
        (:DEFINITION O-FINP)
        (:DEFINITION O-P)
        (:DEFINITION O<)
        (:FAKE-RUNE-FOR-LINEAR NIL)
        (:FAKE-RUNE-FOR-TYPE-SET NIL))
Warnings:  None
Time:  0.01 seconds (prove: 0.00, print: 0.00, other: 0.01)
FN

Summary
Form:  ( DEFUN F ...)
Rules: NIL
Warnings:  None
Time:  0.00 seconds (prove: 0.00, print: 0.00, other: 0.00)
F

Summary
Form:  ( DEFTHM TEST-FCH ...)
Rules: ((:DEFINITION NOT)
        (:DEFINITION STN)
        (:EXECUTABLE-COUNTERPART ZP))
Warnings:  None
Time:  0.00 seconds (prove: 0.00, print: 0.00, other: 0.00)
TEST-FCH

Summary
Form:  ( DEFTHM TEST-F-DEF ...)
Rules: ((:DEFINITION F)
        (:DEFINITION FN)
        (:DEFINITION NOT)
        (:DEFINITION SYNP)
        (:FAKE-RUNE-FOR-TYPE-SET NIL)
        (:REWRITE TEST-FCH)
        (:REWRITE ZP-OPEN))
Warnings:  None
Time:  0.00 seconds (prove: 0.00, print: 0.00, other: 0.00)
TEST-F-DEF

Summary
Form:  ( DEFTHM OPEN-STN ...)
Rules: ((:COMPOUND-RECOGNIZER ZP-COMPOUND-RECOGNIZER)
        (:DEFINITION STN)
        (:FAKE-RUNE-FOR-TYPE-SET NIL))
Warnings:  None
Time:  0.00 seconds (prove: 0.00, print: 0.00, other: 0.00)
OPEN-STN

Summary
Form:  ( DEFTHM |+1-1| ...)
Rules: ((:DEFINITION FIX)
        (:EXECUTABLE-COUNTERPART BINARY-+)
        (:EXECUTABLE-COUNTERPART EQUAL)
        (:EXECUTABLE-COUNTERPART FIX)
        (:FAKE-RUNE-FOR-LINEAR NIL)
        (:FAKE-RUNE-FOR-TYPE-SET NIL)
        (:REWRITE DEFAULT-+-2))
Warnings:  None
Time:  0.00 seconds (prove: 0.00, print: 0.00, other: 0.00)
|+1-1|

Summary
Form:  ( DEFTHM ST-STN-FCH ...)
Rules: ((:COMPOUND-RECOGNIZER ZP-COMPOUND-RECOGNIZER)
        (:DEFINITION FIX)
        (:DEFINITION NFIX)
        (:DEFINITION NOT)
        (:DEFINITION STN)
        (:EXECUTABLE-COUNTERPART BINARY-+)
        (:EXECUTABLE-COUNTERPART ZP)
        (:FAKE-RUNE-FOR-TYPE-SET NIL)
        (:REWRITE |+1-1|)
        (:REWRITE OPEN-STN))
Warnings:  None
Time:  0.00 seconds (prove: 0.00, print: 0.00, other: 0.00)
ST-STN-FCH

Summary
Form:  ( DEFTHM TEST-NIL-FCH ...)
Rules: ((:DEFINITION IFF)
        (:DEFINITION NOT)
        (:DEFINITION STN)
        (:DEFINITION SYNP)
        (:FORWARD-CHAINING ST-STN-FCH)
        (:REWRITE ZP-OPEN))
Warnings:  None
Time:  0.00 seconds (prove: 0.00, print: 0.00, other: 0.00)
TEST-NIL-FCH

Summary
Form:  ( DEFTHM FN-ST ...)
Rules: ((:COMPOUND-RECOGNIZER ZP-COMPOUND-RECOGNIZER)
        (:DEFINITION FN)
        (:DEFINITION STN)
        (:FAKE-RUNE-FOR-TYPE-SET NIL)
        (:INDUCTION FN)
        (:INDUCTION STN)
        (:REWRITE OPEN-STN))
Warnings:  None
Time:  0.00 seconds (prove: 0.00, print: 0.00, other: 0.00)
FN-ST

Summary
Form:  ( DEFTHM GENERIC-TAIL-RECURSIVE-F ...)
Rules: ((:COMPOUND-RECOGNIZER ZP-COMPOUND-RECOGNIZER)
        (:DEFINITION F)
        (:DEFINITION FN)
        (:DEFINITION NOT)
        (:DEFINITION STN)
        (:DEFINITION SYNP)
        (:FAKE-RUNE-FOR-TYPE-SET NIL)
        (:REWRITE OPEN-STN)
        (:REWRITE TEST-FCH)
        (:REWRITE TEST-NIL-FCH)
        (:REWRITE ZP-OPEN))
Warnings:  None
Time:  0.00 seconds (prove: 0.00, print: 0.00, other: 0.00)
GENERIC-TAIL-RECURSIVE-F

Summary
Form:  ( ENCAPSULATE NIL (LOCAL ...) ...)
Rules: NIL
Warnings:  None
Time:  0.02 seconds (prove: 0.02, print: 0.00, other: 0.00)
T

Summary
Form:  ( DEFUN ARITY-1-TAIL-RECURSIVE-ENCAP ...)
Rules: NIL
Warnings:  None
Time:  0.03 seconds (prove: 0.00, print: 0.00, other: 0.03)
ARITY-1-TAIL-RECURSIVE-ENCAP

Summary
Form:  ( DEFUN PROBABLY-TAIL-RECURSIVEP ...)
Rules: ((:FAKE-RUNE-FOR-TYPE-SET NIL))
Warnings:  None
Time:  0.01 seconds (prove: 0.00, print: 0.00, other: 0.01)
PROBABLY-TAIL-RECURSIVEP

Summary
Form:  ( DEFUN DESTRUCTURE-TAIL-RECURSION-AUX ...)
Rules: NIL
Warnings:  None
Time:  0.01 seconds (prove: 0.00, print: 0.00, other: 0.01)
DESTRUCTURE-TAIL-RECURSION-AUX

Summary
Form:  ( DEFUN DESTRUCTURE-TAIL-RECURSION ...)
Rules: NIL
Warnings:  None
Time:  0.01 seconds (prove: 0.00, print: 0.00, other: 0.01)
DESTRUCTURE-TAIL-RECURSION

Summary
Form:  ( DEFUN ARBITRARY-TAIL-RECURSIVE-ENCAP ...)
Rules: NIL
Warnings:  None
Time:  0.02 seconds (prove: 0.00, print: 0.00, other: 0.02)
ARBITRARY-TAIL-RECURSIVE-ENCAP

Summary
Form:  ( DEFUN REMOVE-XARGS-DOMAIN-AND-MEASURE ...)
Rules: ((:EXECUTABLE-COUNTERPART EQUAL)
        (:FAKE-RUNE-FOR-TYPE-SET NIL))
Warnings:  None
Time:  0.03 seconds (prove: 0.00, print: 0.00, other: 0.03)
REMOVE-XARGS-DOMAIN-AND-MEASURE

Summary
Form:  ( MUTUAL-RECURSION ( DEFUN SUBST-FN-INTO-PSEUDO-TERM ...) ...)
Rules: NIL
Warnings:  None
Time:  0.03 seconds (prove: 0.00, print: 0.00, other: 0.03)
(SUBST-FN-INTO-PSEUDO-TERM SUBST-FN-INTO-PSEUDO-BINDINGS
                           SUBST-FN-INTO-PSEUDO-COND-CLAUSES
                           SUBST-FN-INTO-PSEUDO-TERM-LIST)

Summary
Form:  ( DEFUN DEFAULT-DEFPUN-RULE-CLASSES ...)
Rules: ((:FAKE-RUNE-FOR-TYPE-SET NIL))
Warnings:  None
Time:  0.00 seconds (prove: 0.00, print: 0.00, other: 0.00)
DEFAULT-DEFPUN-RULE-CLASSES

Summary
Form:  ( DEFUN DESTRUCTURE-DCL-BODY-KEYPAIRS ...)
Rules: ((:FAKE-RUNE-FOR-TYPE-SET NIL))
Warnings:  None
Time:  0.01 seconds (prove: 0.00, print: 0.00, other: 0.01)
DESTRUCTURE-DCL-BODY-KEYPAIRS

Summary
Form:  ( DEFUN DEFPUN-SYNTAX-ER ...)
Rules: NIL
Warnings:  None
Time:  0.00 seconds (prove: 0.00, print: 0.00, other: 0.00)
DEFPUN-SYNTAX-ER

Summary
Form:  ( DEFMACRO DEFPUN ...)
Rules: NIL
Warnings:  None
Time:  0.03 seconds (prove: 0.00, print: 0.00, other: 0.03)
DEFPUN

Summary
Form:  ( INCLUDE-BOOK "defpun" ...)
Rules: NIL
Warnings:  None
Time:  0.19 seconds (prove: 0.00, print: 0.00, other: 0.19)

"/Users/huangjianshi/src/acl2-sources/books/misc/defpun.fasl"


Summary
Form:  (CERTIFY-BOOK "defpun" ...)
Rules: NIL
Warnings:  None
Time:  0.59 seconds (prove: 0.02, print: 0.00, other: 0.57)
 "/Users/huangjianshi/src/acl2-sources/books/misc/defpun.lisp"
ACL2 !>
Exiting the ACL2 read-eval-print loop.  To re-enter, execute (LP).
* 