This is SBCL 1.0.1.34, an implementation of ANSI Common Lisp.
More information about SBCL is available at <http://www.sbcl.org/>.

SBCL is free software, provided as is, with absolutely no warranty.
It is mostly in the public domain; some portions are provided under
BSD-style licenses.  See the CREDITS and COPYING files in the
distribution for more information.

 ACL2 Version 3.1 built January 26, 2007  15:12:42.
 Copyright (C) 2006  University of Texas at Austin
 ACL2 comes with ABSOLUTELY NO WARRANTY.  This is free software and you
 are welcome to redistribute it under certain conditions.  For details,
 see the GNU General Public License.

 Initialized with (INITIALIZE-ACL2 'INCLUDE-BOOK *ACL2-PASS-2-FILES*).
 See the documentation topic note-3-1 for recent changes.
 Note: We have modified the prompt in some underlying Lisps to further
 distinguish it from the ACL2 prompt.

 NOTE!!  Proof trees are disabled in ACL2.  To enable them in emacs,
 look under the ACL2 source directory in interface/emacs/README.doc; 
 and, to turn on proof trees, execute :START-PROOF-TREE in the ACL2 
 command loop.   Look in the ACL2 documentation under PROOF-TREE.

ACL2 Version 3.1.  Level 1.  Cbd 
"/Users/huangjianshi/src/acl2-sources/books/misc/".
Type :help for help.
Type (good-bye) to quit completely out of ACL2.

ACL2 !>
Exiting the ACL2 read-eval-print loop.  To re-enter, execute (LP).
* 
#<PACKAGE "ACL2">
* 
ACL2 Version 3.1.  Level 1.  Cbd 
"/Users/huangjianshi/src/acl2-sources/books/misc/".
Type :help for help.
Type (good-bye) to quit completely out of ACL2.

ACL2 !> (PROVE PROOF-TREE
        WARNING OBSERVATION EVENT EXPANSION)
ACL2 !>
Summary
Form:  ( DEFMACRO ENABLE-DISABLE ...)
Rules: NIL
Warnings:  None
Time:  0.01 seconds (prove: 0.00, print: 0.00, other: 0.01)
ENABLE-DISABLE

Summary
Form:  ( MUTUAL-RECURSION ( DEFUN UNDEFT-TERMP ...) ...)
Rules: NIL
Warnings:  None
Time:  0.02 seconds (prove: 0.00, print: 0.00, other: 0.02)
(UNDEFT-TERMP UNDEFT-TERMP-LST)

Summary
Form:  ( MUTUAL-RECURSION ( DEFUN DTERM-ALL-VARS ...) ...)
Rules: NIL
Warnings:  None
Time:  0.01 seconds (prove: 0.00, print: 0.00, other: 0.01)
(DTERM-ALL-VARS DTERM-ALL-VARS-LST)

Summary
Form:  ( MUTUAL-RECURSION ( DEFUN DTERM-SUBLIS ...) ...)
Rules: NIL
Warnings:  None
Time:  0.01 seconds (prove: 0.00, print: 0.00, other: 0.01)
(DTERM-SUBLIS DTERM-SUBLIS-LST)

Summary
Form:  ( DEFUN DTERM-SUBLIS-SUBST-TO-ALIST ...)
Rules: NIL
Warnings:  None
Time:  0.01 seconds (prove: 0.00, print: 0.00, other: 0.01)
DTERM-SUBLIS-SUBST-TO-ALIST

Summary
Form:  ( DEFUN DTERM-SUBLIS-SUBST ...)
Rules: NIL
Warnings:  None
Time:  0.00 seconds (prove: 0.00, print: 0.00, other: 0.00)
DTERM-SUBLIS-SUBST

Summary
Form:  ( DEFUN ASSOC-KEYS-OTHER-THAN ...)
Rules: NIL
Warnings:  None
Time:  0.00 seconds (prove: 0.00, print: 0.00, other: 0.00)
ASSOC-KEYS-OTHER-THAN

Summary
Form:  ( DEFUN DTERM-SUBLIS-INTO-LMI ...)
Rules: NIL
Warnings:  None
Time:  0.00 seconds (prove: 0.00, print: 0.00, other: 0.00)
DTERM-SUBLIS-INTO-LMI

Summary
Form:  ( DEFUN DTERM-SUBLIS-INTO-USE-HINT ...)
Rules: NIL
Warnings:  None
Time:  0.01 seconds (prove: 0.00, print: 0.00, other: 0.01)
DTERM-SUBLIS-INTO-USE-HINT

Summary
Form:  ( DEFUN CONVERT-KEYWORD-ALIST-TO-ALIST ...)
Rules: NIL
Warnings:  None
Time:  0.01 seconds (prove: 0.00, print: 0.00, other: 0.01)
CONVERT-KEYWORD-ALIST-TO-ALIST

Summary
Form:  ( DEFUN NEGATE-DTERM ...)
Rules: NIL
Warnings:  None
Time:  0.00 seconds (prove: 0.00, print: 0.00, other: 0.00)
NEGATE-DTERM

Summary
Form:  ( DEFUN CONJOIN-DTERMS ...)
Rules: NIL
Warnings:  None
Time:  0.01 seconds (prove: 0.00, print: 0.00, other: 0.01)
CONJOIN-DTERMS

Summary
Form:  ( DEFUN IMPLICATE-DTERMS ...)
Rules: NIL
Warnings:  None
Time:  0.01 seconds (prove: 0.00, print: 0.00, other: 0.01)
IMPLICATE-DTERMS

Summary
Form:  ( DEFUN DTERM-HYP ...)
Rules: NIL
Warnings:  None
Time:  0.01 seconds (prove: 0.00, print: 0.00, other: 0.01)
DTERM-HYP

Summary
Form:  ( DEFUN DTERM-CONCL ...)
Rules: NIL
Warnings:  None
Time:  0.01 seconds (prove: 0.00, print: 0.00, other: 0.01)
DTERM-CONCL

Summary
Form:  ( DEFUN APPLY-PROOF-STEP ...)
Rules: NIL
Warnings:  None
Time:  0.01 seconds (prove: 0.00, print: 0.00, other: 0.01)
APPLY-PROOF-STEP

Summary
Form:  ( DEFUN PAIRLIS1 ...)
Rules: NIL
Warnings:  None
Time:  0.00 seconds (prove: 0.00, print: 0.00, other: 0.00)
PAIRLIS1

Summary
Form:  ( DEFUN GENERALIZATION-PHRASEP ...)
Rules: NIL
Warnings:  None
Time:  0.02 seconds (prove: 0.00, print: 0.00, other: 0.02)
GENERALIZATION-PHRASEP

Summary
Form:  ( MUTUAL-RECURSION ( DEFUN TRANSLATE-PROOF1 ...) ...)
Rules: NIL
Warnings:  None
Time:  0.57 seconds (prove: 0.00, print: 0.00, other: 0.57)
(TRANSLATE-PROOF1 TRANSLATE-PROOF2
                  TRANSLATE-PROOF DEFT-FN)

Summary
Form:  ( DEFUN DELETE-NULL-CDRS ...)
Rules: NIL
Warnings:  None
Time:  0.01 seconds (prove: 0.00, print: 0.00, other: 0.01)
DELETE-NULL-CDRS

Summary
Form:  ( DEFMACRO DFT ...)
Rules: NIL
Warnings:  None
Time:  0.01 seconds (prove: 0.00, print: 0.00, other: 0.01)
DFT

Summary
Form:  ( INCLUDE-BOOK "dft" ...)
Rules: NIL
Warnings:  None
Time:  0.37 seconds (prove: 0.00, print: 0.00, other: 0.37)

"/Users/huangjianshi/src/acl2-sources/books/misc/dft.fasl"


Summary
Form:  (CERTIFY-BOOK "dft" ...)
Rules: NIL
Warnings:  None
Time:  1.34 seconds (prove: 0.00, print: 0.00, other: 1.34)
 "/Users/huangjianshi/src/acl2-sources/books/misc/dft.lisp"
ACL2 !>
Exiting the ACL2 read-eval-print loop.  To re-enter, execute (LP).
* 