This is SBCL 1.0.1.34, an implementation of ANSI Common Lisp.
More information about SBCL is available at <http://www.sbcl.org/>.

SBCL is free software, provided as is, with absolutely no warranty.
It is mostly in the public domain; some portions are provided under
BSD-style licenses.  See the CREDITS and COPYING files in the
distribution for more information.

 ACL2 Version 3.1 built January 26, 2007  15:12:42.
 Copyright (C) 2006  University of Texas at Austin
 ACL2 comes with ABSOLUTELY NO WARRANTY.  This is free software and you
 are welcome to redistribute it under certain conditions.  For details,
 see the GNU General Public License.

 Initialized with (INITIALIZE-ACL2 'INCLUDE-BOOK *ACL2-PASS-2-FILES*).
 See the documentation topic note-3-1 for recent changes.
 Note: We have modified the prompt in some underlying Lisps to further
 distinguish it from the ACL2 prompt.

 NOTE!!  Proof trees are disabled in ACL2.  To enable them in emacs,
 look under the ACL2 source directory in interface/emacs/README.doc; 
 and, to turn on proof trees, execute :START-PROOF-TREE in the ACL2 
 command loop.   Look in the ACL2 documentation under PROOF-TREE.

ACL2 Version 3.1.  Level 1.  Cbd 
"/Users/huangjianshi/src/acl2-sources/books/misc/".
Type :help for help.
Type (good-bye) to quit completely out of ACL2.

ACL2 !>
Exiting the ACL2 read-eval-print loop.  To re-enter, execute (LP).
* 
#<PACKAGE "ACL2">
* 
ACL2 Version 3.1.  Level 1.  Cbd 
"/Users/huangjianshi/src/acl2-sources/books/misc/".
Type :help for help.
Type (good-bye) to quit completely out of ACL2.

ACL2 !> (PROVE PROOF-TREE
        WARNING OBSERVATION EVENT EXPANSION)
ACL2 !>
Summary
Form:  ( DEFLABEL EXPANDER ...)
Rules: NIL
Warnings:  None
Time:  0.00 seconds (prove: 0.00, print: 0.00, other: 0.00)
EXPANDER
T
:INVISIBLE

Summary
Form:  ( DEFUN HIDDEN-EXPANDER-FUNCTION ...)
Rules: NIL
Warnings:  None
Time:  0.01 seconds (prove: 0.00, print: 0.00, other: 0.01)
HIDDEN-EXPANDER-FUNCTION

Summary
Form:  ( ENCAPSULATE ((HIDDEN-EXPANDER-FUNCTION ...) ...) ...)
Rules: NIL
Warnings:  None
Time:  0.01 seconds (prove: 0.00, print: 0.00, other: 0.01)
T

Summary
Form:  ( DEFUN SILLY-REC-FN-FOR-REWRITE* ...)
Rules: NIL
Warnings:  None
Time:  0.01 seconds (prove: 0.00, print: 0.00, other: 0.01)
SILLY-REC-FN-FOR-REWRITE*

Summary
Form:  ( VERIFY-GUARDS SILLY-REC-FN-FOR-REWRITE*)
Rules: NIL
Warnings:  None
Time:  0.00 seconds (prove: 0.00, print: 0.00, other: 0.00)
SILLY-REC-FN-FOR-REWRITE*
:INVISIBLE

Summary
Form:  ( DEFCONST *VALID-OUTPUT-NAMES-EXCEPT-ERROR* ...)
Rules: NIL
Warnings:  None
Time:  0.00 seconds (prove: 0.00, print: 0.00, other: 0.00)
*VALID-OUTPUT-NAMES-EXCEPT-ERROR*

Summary
Form:  ( DEFMACRO TOOL1 ...)
Rules: NIL
Warnings:  None
Time:  0.01 seconds (prove: 0.00, print: 0.00, other: 0.01)
TOOL1

Summary
Form:  ( DEFUN POP-CLAUSES ...)
Rules: NIL
Warnings:  None
Time:  0.01 seconds (prove: 0.00, print: 0.00, other: 0.01)
POP-CLAUSES

Summary
Form:  ( DEFUN PROVE-LOOP1-CLAUSES ...)
Rules: NIL
Warnings:  None
Time:  0.02 seconds (prove: 0.00, print: 0.00, other: 0.02)
PROVE-LOOP1-CLAUSES

Summary
Form:  ( DEFUN PROVE-LOOP-CLAUSES ...)
Rules: NIL
Warnings:  None
Time:  0.01 seconds (prove: 0.00, print: 0.00, other: 0.01)
PROVE-LOOP-CLAUSES

Summary
Form:  ( DEFUN PROVE-CLAUSES ...)
Rules: NIL
Warnings:  None
Time:  0.03 seconds (prove: 0.00, print: 0.00, other: 0.03)
PROVE-CLAUSES

Summary
Form:  ( DEFUN CHK-FOR-HIDDEN-EXPANDER-FUNCTION1 ...)
Rules: NIL
Warnings:  None
Time:  0.01 seconds (prove: 0.00, print: 0.00, other: 0.01)
CHK-FOR-HIDDEN-EXPANDER-FUNCTION1

Summary
Form:  ( DEFUN CHK-FOR-HIDDEN-EXPANDER-FUNCTION ...)
Rules: NIL
Warnings:  None
Time:  0.00 seconds (prove: 0.00, print: 0.00, other: 0.00)
CHK-FOR-HIDDEN-EXPANDER-FUNCTION

Summary
Form:  ( DEFUN UNTRANSLATE-CLAUSE-LST ...)
Rules: NIL
Warnings:  None
Time:  0.00 seconds (prove: 0.00, print: 0.00, other: 0.00)
UNTRANSLATE-CLAUSE-LST

Summary
Form:  ( DEFUN TOOL1-PRINT ...)
Rules: NIL
Warnings:  None
Time:  0.00 seconds (prove: 0.00, print: 0.00, other: 0.00)
TOOL1-PRINT

Summary
Form:  ( DEFUN HIDE-SPECIAL-HYPS ...)
Rules: NIL
Warnings:  None
Time:  0.01 seconds (prove: 0.00, print: 0.00, other: 0.01)
HIDE-SPECIAL-HYPS

Summary
Form:  ( DEFUN FIX-SPECIAL-HYPS ...)
Rules: NIL
Warnings:  None
Time:  0.05 seconds (prove: 0.00, print: 0.00, other: 0.05)
FIX-SPECIAL-HYPS

Summary
Form:  ( DEFUN REMOVE-HIDDEN-TERMS ...)
Rules: NIL
Warnings:  None
Time:  0.01 seconds (prove: 0.00, print: 0.00, other: 0.01)
REMOVE-HIDDEN-TERMS

Summary
Form:  ( DEFUN ADD-KEY-VAL-PAIR-TO-KEY-VAL-ALIST ...)
Rules: NIL
Warnings:  None
Time:  0.01 seconds (prove: 0.00, print: 0.00, other: 0.01)
ADD-KEY-VAL-PAIR-TO-KEY-VAL-ALIST

Summary
Form:  ( DEFUN REMOVE-HIDDEN-EXPANDER-TERM-FROM-CL ...)
Rules: NIL
Warnings:  None
Time:  0.01 seconds (prove: 0.00, print: 0.00, other: 0.01)
REMOVE-HIDDEN-EXPANDER-TERM-FROM-CL

Summary
Form:  ( DEFUN REMOVE-HIDDEN-EXPANDER-TERM-FROM-CL-LIST ...)
Rules: NIL
Warnings:  None
Time:  0.00 seconds (prove: 0.00, print: 0.00, other: 0.00)
REMOVE-HIDDEN-EXPANDER-TERM-FROM-CL-LIST

Summary
Form:  ( DEFUN GET-ASSNS ...)
Rules: NIL
Warnings:  None
Time:  0.00 seconds (prove: 0.00, print: 0.00, other: 0.00)
GET-ASSNS

Summary
Form:  ( DEFUN TOOL1-FN ...)
Rules: NIL
Warnings:  None
Time:  0.30 seconds (prove: 0.00, print: 0.00, other: 0.30)
TOOL1-FN

Summary
Form:  ( DEFMACRO TOOL2 ...)
Rules: NIL
Warnings:  None
Time:  0.01 seconds (prove: 0.00, print: 0.00, other: 0.01)
TOOL2

Summary
Form:  ( DEFUN TOOL2-PRINT ...)
Rules: NIL
Warnings:  None
Time:  0.00 seconds (prove: 0.00, print: 0.00, other: 0.00)
TOOL2-PRINT

Summary
Form:  ( DEFUN EXPANDER-REPEAT-LIMIT ...)
Rules: NIL
Warnings:  None
Time:  0.00 seconds (prove: 0.00, print: 0.00, other: 0.00)
EXPANDER-REPEAT-LIMIT

Summary
Form:  ( DEFUN REWRITE* ...)
Rules: NIL
Warnings:  None
Time:  0.01 seconds (prove: 0.00, print: 0.00, other: 0.01)
REWRITE*

Summary
Form:  ( DEFUN TOOL2-FN ...)
Rules: NIL
Warnings:  None
Time:  0.37 seconds (prove: 0.00, print: 0.00, other: 0.37)
TOOL2-FN

Summary
Form:  ( DEFUN TOOL2-FN-LST ...)
Rules: NIL
Warnings:  None
Time:  0.01 seconds (prove: 0.00, print: 0.00, other: 0.01)
TOOL2-FN-LST

Summary
Form:  ( DEFUN TOOL-FN ...)
Rules: NIL
Warnings:  None
Time:  0.01 seconds (prove: 0.00, print: 0.00, other: 0.01)
TOOL-FN

Summary
Form:  ( DEFMACRO DEFTHM? ...)
Rules: NIL
Warnings:  None
Time:  0.01 seconds (prove: 0.00, print: 0.00, other: 0.01)
DEFTHM?

Summary
Form:  ( DEFCONST *ADJUST-HINTS-EXEC-THEORY* ...)
Rules: NIL
Warnings:  None
Time:  0.00 seconds (prove: 0.00, print: 0.00, other: 0.00)
*ADJUST-HINTS-EXEC-THEORY*

Summary
Form:  ( DEFUN ADJUST-HINTS-WITH-RUNES1 ...)
Rules: NIL
Warnings:  None
Time:  0.01 seconds (prove: 0.00, print: 0.00, other: 0.01)
ADJUST-HINTS-WITH-RUNES1

Summary
Form:  ( DEFUN ADJUST-HINTS-WITH-RUNES ...)
Rules: NIL
Warnings:  None
Time:  0.01 seconds (prove: 0.00, print: 0.00, other: 0.01)
ADJUST-HINTS-WITH-RUNES

Summary
Form:  ( DEFCONST *FAKE-RUNES* ...)
Rules: NIL
Warnings:  None
Time:  0.00 seconds (prove: 0.00, print: 0.00, other: 0.00)
*FAKE-RUNES*

Summary
Form:  ( DEFUN DEFTHM-?-FN-FORMS1-LST ...)
Rules: NIL
Warnings:  None
Time:  0.01 seconds (prove: 0.00, print: 0.00, other: 0.01)
DEFTHM-?-FN-FORMS1-LST

Summary
Form:  ( DEFUN DEFTHM?-FN-FORMS ...)
Rules: NIL
Warnings:  None
Time:  0.13 seconds (prove: 0.00, print: 0.00, other: 0.13)
DEFTHM?-FN-FORMS

Summary
Form:  ( DEFUN DEFTHM?-FN ...)
Rules: NIL
Warnings:  None
Time:  0.04 seconds (prove: 0.00, print: 0.00, other: 0.04)
DEFTHM?-FN

Summary
Form:  ( DEFMACRO SYMSIM ...)
Rules: NIL
Warnings:  None
Time:  0.01 seconds (prove: 0.00, print: 0.00, other: 0.01)
SYMSIM

Summary
Form:  ( DEFUN SYMSIM-FN-PRINT-LST ...)
Rules: NIL
Warnings:  None
Time:  0.01 seconds (prove: 0.00, print: 0.00, other: 0.01)
SYMSIM-FN-PRINT-LST

Summary
Form:  ( DEFUN SYMSIM-FN ...)
Rules: NIL
Warnings:  None
Time:  0.01 seconds (prove: 0.00, print: 0.00, other: 0.01)
SYMSIM-FN

Summary
Form:  ( TABLE ACL2-DEFAULTS-TABLE ...)
Rules: NIL
Warnings:  None
Time:  0.00 seconds (prove: 0.00, print: 0.00, other: 0.00)
ACL2-DEFAULTS-TABLE

Summary
Form:  ( INCLUDE-BOOK "expander" ...)
Rules: NIL
Warnings:  None
Time:  0.83 seconds (prove: 0.00, print: 0.00, other: 0.83)

"/Users/huangjianshi/src/acl2-sources/books/misc/expander.fasl"


Summary
Form:  (CERTIFY-BOOK "expander" ...)
Rules: NIL
Warnings:  None
Time:  2.54 seconds (prove: 0.00, print: 0.00, other: 2.54)
 "/Users/huangjianshi/src/acl2-sources/books/misc/expander.lisp"
ACL2 !>
Exiting the ACL2 read-eval-print loop.  To re-enter, execute (LP).
* 