This is SBCL 1.0.1.34, an implementation of ANSI Common Lisp.
More information about SBCL is available at <http://www.sbcl.org/>.

SBCL is free software, provided as is, with absolutely no warranty.
It is mostly in the public domain; some portions are provided under
BSD-style licenses.  See the CREDITS and COPYING files in the
distribution for more information.

 ACL2 Version 3.1 built January 26, 2007  15:12:42.
 Copyright (C) 2006  University of Texas at Austin
 ACL2 comes with ABSOLUTELY NO WARRANTY.  This is free software and you
 are welcome to redistribute it under certain conditions.  For details,
 see the GNU General Public License.

 Initialized with (INITIALIZE-ACL2 'INCLUDE-BOOK *ACL2-PASS-2-FILES*).
 See the documentation topic note-3-1 for recent changes.
 Note: We have modified the prompt in some underlying Lisps to further
 distinguish it from the ACL2 prompt.

 NOTE!!  Proof trees are disabled in ACL2.  To enable them in emacs,
 look under the ACL2 source directory in interface/emacs/README.doc; 
 and, to turn on proof trees, execute :START-PROOF-TREE in the ACL2 
 command loop.   Look in the ACL2 documentation under PROOF-TREE.

ACL2 Version 3.1.  Level 1.  Cbd 
"/Users/huangjianshi/src/acl2-sources/books/misc/".
Type :help for help.
Type (good-bye) to quit completely out of ACL2.

ACL2 !>
Exiting the ACL2 read-eval-print loop.  To re-enter, execute (LP).
* 
#<PACKAGE "ACL2">
* 
ACL2 Version 3.1.  Level 1.  Cbd 
"/Users/huangjianshi/src/acl2-sources/books/misc/".
Type :help for help.
Type (good-bye) to quit completely out of ACL2.

ACL2 !> (PROVE PROOF-TREE
        WARNING OBSERVATION EVENT EXPANSION)
ACL2 !>
Summary
Form:  ( DEFPKG "HANOI" ...)
Rules: NIL
Warnings:  None
Time:  0.38 seconds (prove: 0.00, print: 0.00, other: 0.38)
 "HANOI"
ACL2 !>
Summary
Form:  ( DEFUN MEM ...)
Rules: NIL
Warnings:  None
Time:  0.01 seconds (prove: 0.00, print: 0.00, other: 0.01)
MEM

Summary
Form:  ( DEFUN APP ...)
Rules: ((:FAKE-RUNE-FOR-TYPE-SET NIL))
Warnings:  None
Time:  0.01 seconds (prove: 0.00, print: 0.00, other: 0.01)
APP

Summary
Form:  ( DEFUN DEL ...)
Rules: NIL
Warnings:  None
Time:  0.01 seconds (prove: 0.00, print: 0.00, other: 0.01)
DEL

Summary
Form:  ( DEFUN PERM ...)
Rules: NIL
Warnings:  None
Time:  0.01 seconds (prove: 0.00, print: 0.00, other: 0.01)
PERM

Summary
Form:  ( DEFTHM PERM-OPENER ...)
Rules: ((:DEFINITION DEL)
        (:DEFINITION MEM)
        (:DEFINITION NOT)
        (:DEFINITION PERM)
        (:EXECUTABLE-COUNTERPART <)
        (:EXECUTABLE-COUNTERPART CAR)
        (:EXECUTABLE-COUNTERPART CDR)
        (:EXECUTABLE-COUNTERPART CONS)
        (:EXECUTABLE-COUNTERPART CONSP)
        (:EXECUTABLE-COUNTERPART DEL)
        (:EXECUTABLE-COUNTERPART EQUAL)
        (:EXECUTABLE-COUNTERPART INTEGERP)
        (:EXECUTABLE-COUNTERPART MEM)
        (:EXECUTABLE-COUNTERPART NOT)
        (:FAKE-RUNE-FOR-LINEAR NIL)
        (:FAKE-RUNE-FOR-TYPE-SET NIL)
        (:REWRITE CAR-CONS)
        (:REWRITE CDR-CONS))
Warnings:  None
Time:  0.06 seconds (prove: 0.05, print: 0.00, other: 0.00)
PERM-OPENER

Summary
Form:  ( DEFTHM APP-ASSOC ...)
Rules: ((:DEFINITION APP)
        (:FAKE-RUNE-FOR-TYPE-SET NIL)
        (:INDUCTION APP)
        (:REWRITE CAR-CONS)
        (:REWRITE CDR-CONS))
Warnings:  None
Time:  0.00 seconds (prove: 0.00, print: 0.00, other: 0.00)
APP-ASSOC

Summary
Form:  ( DEFTHM APP-RIGHT-ID ...)
Rules: ((:DEFINITION APP)
        (:DEFINITION TRUE-LISTP)
        (:EXECUTABLE-COUNTERPART APP)
        (:EXECUTABLE-COUNTERPART CONSP)
        (:EXECUTABLE-COUNTERPART EQUAL)
        (:FAKE-RUNE-FOR-TYPE-SET NIL)
        (:INDUCTION APP)
        (:INDUCTION TRUE-LISTP)
        (:REWRITE ACL2::CONS-CAR-CDR))
Warnings:  None
Time:  0.00 seconds (prove: 0.00, print: 0.00, other: 0.00)
APP-RIGHT-ID

Summary
Form:  ( DEFUN GET ...)
Rules: NIL
Warnings:  None
Time:  0.01 seconds (prove: 0.00, print: 0.00, other: 0.01)
GET

Summary
Form:  ( DEFUN PUT ...)
Rules: ((:FAKE-RUNE-FOR-TYPE-SET NIL))
Warnings:  None
Time:  0.01 seconds (prove: 0.00, print: 0.00, other: 0.01)
PUT

Summary
Form:  ( DEFTHM GET-PUT ...)
Rules: ((:COMPOUND-RECOGNIZER ACL2::NATP-COMPOUND-RECOGNIZER)
        (:COMPOUND-RECOGNIZER ACL2::ZP-COMPOUND-RECOGNIZER)
        (:DEFINITION GET)
        (:DEFINITION NATP)
        (:DEFINITION NOT)
        (:DEFINITION PUT)
        (:EXECUTABLE-COUNTERPART <)
        (:EXECUTABLE-COUNTERPART BINARY-+)
        (:EXECUTABLE-COUNTERPART INTEGERP)
        (:EXECUTABLE-COUNTERPART NOT)
        (:EXECUTABLE-COUNTERPART ZP)
        (:FAKE-RUNE-FOR-LINEAR NIL)
        (:FAKE-RUNE-FOR-TYPE-SET NIL)
        (:INDUCTION GET)
        (:INDUCTION PUT)
        (:REWRITE CAR-CONS)
        (:REWRITE CDR-CONS))
Warnings:  None
Time:  0.02 seconds (prove: 0.02, print: 0.00, other: 0.00)
GET-PUT

Summary
Form:  ( DEFTHM PUT-GET ...)
Rules: ((:COMPOUND-RECOGNIZER ACL2::ZP-COMPOUND-RECOGNIZER)
        (:DEFINITION GET)
        (:DEFINITION LEN)
        (:DEFINITION NATP)
        (:DEFINITION PUT)
        (:EXECUTABLE-COUNTERPART <)
        (:EXECUTABLE-COUNTERPART INTEGERP)
        (:EXECUTABLE-COUNTERPART NOT)
        (:EXECUTABLE-COUNTERPART ZP)
        (:FAKE-RUNE-FOR-LINEAR NIL)
        (:FAKE-RUNE-FOR-TYPE-SET NIL)
        (:INDUCTION GET)
        (:INDUCTION LEN)
        (:INDUCTION PUT)
        (:REWRITE ACL2::CONS-CAR-CDR)
        (:TYPE-PRESCRIPTION LEN))
Warnings:  None
Time:  0.00 seconds (prove: 0.00, print: 0.00, other: 0.00)
PUT-GET

Summary
Form:  ( DEFTHM PUT-PUT-1 ...)
Rules: ((:COMPOUND-RECOGNIZER ACL2::ZP-COMPOUND-RECOGNIZER)
        (:DEFINITION NATP)
        (:DEFINITION NOT)
        (:DEFINITION PUT)
        (:EXECUTABLE-COUNTERPART <)
        (:EXECUTABLE-COUNTERPART BINARY-+)
        (:EXECUTABLE-COUNTERPART INTEGERP)
        (:EXECUTABLE-COUNTERPART NOT)
        (:EXECUTABLE-COUNTERPART ZP)
        (:FAKE-RUNE-FOR-LINEAR NIL)
        (:FAKE-RUNE-FOR-TYPE-SET NIL)
        (:INDUCTION PUT)
        (:REWRITE CAR-CONS)
        (:REWRITE CDR-CONS))
Warnings:  None
Time:  0.03 seconds (prove: 0.03, print: 0.00, other: 0.00)
PUT-PUT-1

Summary
Form:  ( DEFTHM PUT-PUT-2 ...)
Rules: ((:COMPOUND-RECOGNIZER ACL2::ZP-COMPOUND-RECOGNIZER)
        (:DEFINITION PUT)
        (:FAKE-RUNE-FOR-TYPE-SET NIL)
        (:INDUCTION PUT)
        (:REWRITE CAR-CONS)
        (:REWRITE CDR-CONS))
Warnings:  None
Time:  0.00 seconds (prove: 0.00, print: 0.00, other: 0.00)
PUT-PUT-2

Summary
Form:  ( DEFTHM TRUE-LISTP-PUT ...)
Rules: ((:COMPOUND-RECOGNIZER ACL2::ZP-COMPOUND-RECOGNIZER)
        (:DEFINITION LEN)
        (:DEFINITION NATP)
        (:DEFINITION PUT)
        (:DEFINITION TRUE-LISTP)
        (:EXECUTABLE-COUNTERPART <)
        (:EXECUTABLE-COUNTERPART INTEGERP)
        (:EXECUTABLE-COUNTERPART NOT)
        (:EXECUTABLE-COUNTERPART ZP)
        (:FAKE-RUNE-FOR-LINEAR NIL)
        (:FAKE-RUNE-FOR-TYPE-SET NIL)
        (:INDUCTION LEN)
        (:INDUCTION PUT)
        (:INDUCTION TRUE-LISTP)
        (:REWRITE CDR-CONS)
        (:TYPE-PRESCRIPTION LEN))
Warnings:  None
Time:  0.00 seconds (prove: 0.00, print: 0.00, other: 0.00)
TRUE-LISTP-PUT

Summary
Form:  ( DEFTHM LEN-PUT ...)
Rules: ((:COMPOUND-RECOGNIZER ACL2::ZP-COMPOUND-RECOGNIZER)
        (:DEFINITION LEN)
        (:DEFINITION NATP)
        (:DEFINITION PUT)
        (:EXECUTABLE-COUNTERPART <)
        (:EXECUTABLE-COUNTERPART INTEGERP)
        (:EXECUTABLE-COUNTERPART NOT)
        (:EXECUTABLE-COUNTERPART ZP)
        (:FAKE-RUNE-FOR-LINEAR NIL)
        (:FAKE-RUNE-FOR-TYPE-SET NIL)
        (:INDUCTION LEN)
        (:INDUCTION PUT)
        (:REWRITE CDR-CONS)
        (:TYPE-PRESCRIPTION LEN))
Warnings:  None
Time:  0.00 seconds (prove: 0.00, print: 0.00, other: 0.00)
LEN-PUT

Summary
Form:  ( DEFUN PUSH ...)
Rules: ((:FAKE-RUNE-FOR-TYPE-SET NIL))
Warnings:  None
Time:  0.00 seconds (prove: 0.00, print: 0.00, other: 0.00)
PUSH

Summary
Form:  ( DEFUN POP ...)
Rules: NIL
Warnings:  None
Time:  0.00 seconds (prove: 0.00, print: 0.00, other: 0.00)
POP

Summary
Form:  ( DEFUN TOP ...)
Rules: NIL
Warnings:  None
Time:  0.00 seconds (prove: 0.00, print: 0.00, other: 0.00)
TOP

Summary
Form:  ( DEFUN H ...)
Rules: ((:FAKE-RUNE-FOR-TYPE-SET NIL)
        (:TYPE-PRESCRIPTION APP))
Warnings:  None
Time:  0.01 seconds (prove: 0.00, print: 0.00, other: 0.01)
H

Summary
Form:  ( DEFUN HANOI ...)
Rules: ((:TYPE-PRESCRIPTION H))
Warnings:  None
Time:  0.00 seconds (prove: 0.00, print: 0.00, other: 0.00)
HANOI

Summary
Form:  ( DEFUN A ...)
Rules: NIL
Warnings:  None
Time:  0.00 seconds (prove: 0.00, print: 0.00, other: 0.00)
A

Summary
Form:  ( DEFUN B ...)
Rules: NIL
Warnings:  None
Time:  0.00 seconds (prove: 0.00, print: 0.00, other: 0.00)
B

Summary
Form:  ( DEFUN LEGAL-SYNTAXP ...)
Rules: NIL
Warnings:  None
Time:  0.01 seconds (prove: 0.00, print: 0.00, other: 0.01)
LEGAL-SYNTAXP

Summary
Form:  ( DEFUN LEGAL-MOVEP ...)
Rules: NIL
Warnings:  None
Time:  0.01 seconds (prove: 0.00, print: 0.00, other: 0.01)
LEGAL-MOVEP

Summary
Form:  ( DEFUN DO-MOVE ...)
Rules: ((:TYPE-PRESCRIPTION PUT))
Warnings:  None
Time:  0.00 seconds (prove: 0.00, print: 0.00, other: 0.00)
DO-MOVE

Summary
Form:  ( DEFUN PLAY ...)
Rules: ((:TYPE-PRESCRIPTION DO-MOVE))
Warnings:  None
Time:  0.01 seconds (prove: 0.00, print: 0.00, other: 0.01)
PLAY

Summary
Form:  ( DEFUN TOWER ...)
Rules: ((:FAKE-RUNE-FOR-TYPE-SET NIL)
        (:TYPE-PRESCRIPTION APP))
Warnings:  None
Time:  0.01 seconds (prove: 0.00, print: 0.00, other: 0.01)
TOWER

Summary
Form:  ( DEFTHM EXAMPLES ...)
Rules: ((:EXECUTABLE-COUNTERPART CONS)
        (:EXECUTABLE-COUNTERPART EQUAL)
        (:EXECUTABLE-COUNTERPART HANOI)
        (:EXECUTABLE-COUNTERPART IF)
        (:EXECUTABLE-COUNTERPART PLAY)
        (:EXECUTABLE-COUNTERPART TOWER))
Warnings:  None
Time:  0.00 seconds (prove: 0.00, print: 0.00, other: 0.00)
EXAMPLES

Summary
Form:  ( DEFTHM TRUE-LISTP-TOWER ...)
Rules: ((:COMPOUND-RECOGNIZER ACL2::ZP-COMPOUND-RECOGNIZER)
        (:DEFINITION APP)
        (:DEFINITION NOT)
        (:DEFINITION TOWER)
        (:DEFINITION TRUE-LISTP)
        (:EXECUTABLE-COUNTERPART CONSP)
        (:EXECUTABLE-COUNTERPART TRUE-LISTP)
        (:FAKE-RUNE-FOR-TYPE-SET NIL)
        (:INDUCTION APP)
        (:INDUCTION TOWER)
        (:INDUCTION TRUE-LISTP)
        (:TYPE-PRESCRIPTION APP)
        (:TYPE-PRESCRIPTION TRUE-LISTP))
Warnings:  None
Time:  0.00 seconds (prove: 0.00, print: 0.00, other: 0.00)
TRUE-LISTP-TOWER

Summary
Form:  ( DEFTHM PLAY-APP ...)
Rules: ((:COMPOUND-RECOGNIZER ACL2::NATP-COMPOUND-RECOGNIZER)
        (:DEFINITION A)
        (:DEFINITION APP)
        (:DEFINITION B)
        (:DEFINITION DO-MOVE)
        (:DEFINITION GET)
        (:DEFINITION LEGAL-MOVEP)
        (:DEFINITION LEGAL-SYNTAXP)
        (:DEFINITION MEM)
        (:DEFINITION NOT)
        (:DEFINITION PLAY)
        (:DEFINITION POP)
        (:DEFINITION PUSH)
        (:DEFINITION PUT)
        (:DEFINITION TOP)
        (:ELIM CAR-CDR-ELIM)
        (:EXECUTABLE-COUNTERPART BINARY-+)
        (:EXECUTABLE-COUNTERPART CAR)
        (:EXECUTABLE-COUNTERPART CDR)
        (:EXECUTABLE-COUNTERPART CONSP)
        (:EXECUTABLE-COUNTERPART EQUAL)
        (:EXECUTABLE-COUNTERPART GET)
        (:EXECUTABLE-COUNTERPART MEM)
        (:EXECUTABLE-COUNTERPART NOT)
        (:EXECUTABLE-COUNTERPART ZP)
        (:FAKE-RUNE-FOR-TYPE-SET NIL)
        (:INDUCTION APP)
        (:INDUCTION PLAY)
        (:REWRITE CAR-CONS)
        (:REWRITE CDR-CONS)
        (:REWRITE DEFAULT-CAR)
        (:REWRITE PUT-PUT-1))
Warnings:  None
Time:  0.79 seconds (prove: 0.79, print: 0.00, other: 0.00)
PLAY-APP

Summary
Form:  ( DEFUN BIG-TOPS ...)
Rules: NIL
Warnings:  None
Time:  0.01 seconds (prove: 0.00, print: 0.00, other: 0.01)
BIG-TOPS

Summary
Form:  ( DEFUN INDUCTION-HINT ...)
Rules: ((:FAKE-RUNE-FOR-TYPE-SET NIL))
Warnings:  None
Time:  0.01 seconds (prove: 0.00, print: 0.00, other: 0.01)
INDUCTION-HINT

Summary
Form:  ( DEFTHM H-LEMMA ...)
Rules: ((:COMPOUND-RECOGNIZER ACL2::NATP-COMPOUND-RECOGNIZER)
        (:COMPOUND-RECOGNIZER ACL2::ZP-COMPOUND-RECOGNIZER)
        (:DEFINITION A)
        (:DEFINITION APP)
        (:DEFINITION B)
        (:DEFINITION BIG-TOPS)
        (:DEFINITION DO-MOVE)
        (:DEFINITION GET)
        (:DEFINITION H)
        (:DEFINITION LEGAL-MOVEP)
        (:DEFINITION LEGAL-SYNTAXP)
        (:DEFINITION LEN)
        (:DEFINITION MEM)
        (:DEFINITION NATP)
        (:DEFINITION NOT)
        (:DEFINITION PLAY)
        (:DEFINITION POP)
        (:DEFINITION PUSH)
        (:DEFINITION TOP)
        (:DEFINITION TOWER)
        (:EXECUTABLE-COUNTERPART <)
        (:EXECUTABLE-COUNTERPART BINARY-+)
        (:EXECUTABLE-COUNTERPART CAR)
        (:EXECUTABLE-COUNTERPART CDR)
        (:EXECUTABLE-COUNTERPART CONSP)
        (:EXECUTABLE-COUNTERPART EQUAL)
        (:EXECUTABLE-COUNTERPART INTEGERP)
        (:EXECUTABLE-COUNTERPART LEN)
        (:EXECUTABLE-COUNTERPART NOT)
        (:EXECUTABLE-COUNTERPART TOWER)
        (:EXECUTABLE-COUNTERPART ZP)
        (:FAKE-RUNE-FOR-LINEAR NIL)
        (:FAKE-RUNE-FOR-TYPE-SET NIL)
        (:INDUCTION INDUCTION-HINT)
        (:REWRITE APP-ASSOC)
        (:REWRITE CAR-CONS)
        (:REWRITE CDR-CONS)
        (:REWRITE GET-PUT)
        (:REWRITE LEN-PUT)
        (:REWRITE PERM-OPENER)
        (:REWRITE PLAY-APP)
        (:REWRITE PUT-GET)
        (:REWRITE PUT-PUT-1)
        (:REWRITE PUT-PUT-2)
        (:REWRITE TRUE-LISTP-PUT))
Warnings:  None
Time:  3.32 seconds (prove: 3.32, print: 0.00, other: 0.00)
H-LEMMA

Summary
Form:  ( DEFTHM HANOI-CORRECT ...)
Rules: ((:COMPOUND-RECOGNIZER ACL2::ZP-COMPOUND-RECOGNIZER)
        (:DEFINITION BIG-TOPS)
        (:DEFINITION H)
        (:DEFINITION HANOI)
        (:DEFINITION NATP)
        (:DEFINITION NOT)
        (:DEFINITION PUT)
        (:DEFINITION TOWER)
        (:EXECUTABLE-COUNTERPART BINARY-+)
        (:EXECUTABLE-COUNTERPART CAR)
        (:EXECUTABLE-COUNTERPART CDR)
        (:EXECUTABLE-COUNTERPART CONS)
        (:EXECUTABLE-COUNTERPART CONSP)
        (:EXECUTABLE-COUNTERPART EQUAL)
        (:EXECUTABLE-COUNTERPART GET)
        (:EXECUTABLE-COUNTERPART LEN)
        (:EXECUTABLE-COUNTERPART PERM)
        (:EXECUTABLE-COUNTERPART PLAY)
        (:EXECUTABLE-COUNTERPART TRUE-LISTP)
        (:EXECUTABLE-COUNTERPART ZP)
        (:REWRITE APP-RIGHT-ID)
        (:REWRITE TRUE-LISTP-TOWER))
Warnings:  None
Time:  0.01 seconds (prove: 0.01, print: 0.00, other: 0.00)
HANOI-CORRECT

Summary
Form:  ( INCLUDE-BOOK "hanoi" ...)
Rules: NIL
Warnings:  None
Time:  0.10 seconds (prove: 0.00, print: 0.00, other: 0.10)

"/Users/huangjianshi/src/acl2-sources/books/misc/hanoi.fasl"


Summary
Form:  (CERTIFY-BOOK "hanoi" ...)
Rules: NIL
Warnings:  None
Time:  4.52 seconds (prove: 4.24, print: 0.00, other: 0.28)
 "/Users/huangjianshi/src/acl2-sources/books/misc/hanoi.lisp"
ACL2 !>
Exiting the ACL2 read-eval-print loop.  To re-enter, execute (LP).
* 