This is SBCL 1.0.1.34, an implementation of ANSI Common Lisp.
More information about SBCL is available at <http://www.sbcl.org/>.

SBCL is free software, provided as is, with absolutely no warranty.
It is mostly in the public domain; some portions are provided under
BSD-style licenses.  See the CREDITS and COPYING files in the
distribution for more information.

 ACL2 Version 3.1 built January 26, 2007  15:12:42.
 Copyright (C) 2006  University of Texas at Austin
 ACL2 comes with ABSOLUTELY NO WARRANTY.  This is free software and you
 are welcome to redistribute it under certain conditions.  For details,
 see the GNU General Public License.

 Initialized with (INITIALIZE-ACL2 'INCLUDE-BOOK *ACL2-PASS-2-FILES*).
 See the documentation topic note-3-1 for recent changes.
 Note: We have modified the prompt in some underlying Lisps to further
 distinguish it from the ACL2 prompt.

 NOTE!!  Proof trees are disabled in ACL2.  To enable them in emacs,
 look under the ACL2 source directory in interface/emacs/README.doc; 
 and, to turn on proof trees, execute :START-PROOF-TREE in the ACL2 
 command loop.   Look in the ACL2 documentation under PROOF-TREE.

ACL2 Version 3.1.  Level 1.  Cbd 
"/Users/huangjianshi/src/acl2-sources/books/misc/".
Type :help for help.
Type (good-bye) to quit completely out of ACL2.

ACL2 !>
Exiting the ACL2 read-eval-print loop.  To re-enter, execute (LP).
* 
#<PACKAGE "ACL2">
* 
ACL2 Version 3.1.  Level 1.  Cbd 
"/Users/huangjianshi/src/acl2-sources/books/misc/".
Type :help for help.
Type (good-bye) to quit completely out of ACL2.

ACL2 !> (PROVE PROOF-TREE
        WARNING OBSERVATION EVENT EXPANSION)
ACL2 !>
Summary
Form:  ( DEFUN DUP ...)
Rules: ((:FAKE-RUNE-FOR-TYPE-SET NIL))
Warnings:  None
Time:  0.01 seconds (prove: 0.00, print: 0.00, other: 0.01)
DUP

Summary
Form:  ( DEFTHM DUP-EXAMPLES ...)
Rules: ((:EXECUTABLE-COUNTERPART DUP)
        (:EXECUTABLE-COUNTERPART EQUAL)
        (:EXECUTABLE-COUNTERPART IF))
Warnings:  None
Time:  0.00 seconds (prove: 0.00, print: 0.00, other: 0.00)
DUP-EXAMPLES

Summary
Form:  ( DEFUN APP ...)
Rules: ((:FAKE-RUNE-FOR-TYPE-SET NIL))
Warnings:  None
Time:  0.00 seconds (prove: 0.00, print: 0.00, other: 0.00)
APP

Summary
Form:  ( DEFTHM APP-EXAMPLES ...)
Rules: ((:EXECUTABLE-COUNTERPART APP)
        (:EXECUTABLE-COUNTERPART EQUAL)
        (:EXECUTABLE-COUNTERPART IF))
Warnings:  None
Time:  0.00 seconds (prove: 0.00, print: 0.00, other: 0.00)
APP-EXAMPLES

Summary
Form:  ( DEFUN MEMP ...)
Rules: NIL
Warnings:  None
Time:  0.01 seconds (prove: 0.00, print: 0.00, other: 0.01)
MEMP

Summary
Form:  ( DEFTHM MEMP-EXAMPLES ...)
Rules: ((:EXECUTABLE-COUNTERPART IF)
        (:EXECUTABLE-COUNTERPART MEMP)
        (:EXECUTABLE-COUNTERPART NOT))
Warnings:  None
Time:  0.00 seconds (prove: 0.00, print: 0.00, other: 0.00)
MEMP-EXAMPLES

Summary
Form:  ( DEFUN REV ...)
Rules: ((:FAKE-RUNE-FOR-TYPE-SET NIL)
        (:TYPE-PRESCRIPTION APP))
Warnings:  None
Time:  0.01 seconds (prove: 0.00, print: 0.00, other: 0.01)
REV

Summary
Form:  ( DEFTHM REV-EXAMPLES ...)
Rules: ((:EXECUTABLE-COUNTERPART EQUAL)
        (:EXECUTABLE-COUNTERPART IF)
        (:EXECUTABLE-COUNTERPART REV))
Warnings:  None
Time:  0.00 seconds (prove: 0.00, print: 0.00, other: 0.00)
REV-EXAMPLES

Summary
Form:  ( DEFUN REV1 ...)
Rules: ((:FAKE-RUNE-FOR-TYPE-SET NIL))
Warnings:  None
Time:  0.00 seconds (prove: 0.00, print: 0.00, other: 0.00)
REV1

Summary
Form:  ( DEFTHM REV1-EXAMPLES ...)
Rules: ((:EXECUTABLE-COUNTERPART EQUAL)
        (:EXECUTABLE-COUNTERPART IF)
        (:EXECUTABLE-COUNTERPART REV1))
Warnings:  None
Time:  0.00 seconds (prove: 0.00, print: 0.00, other: 0.00)
REV1-EXAMPLES

Summary
Form:  ( DEFUN PROPERP ...)
Rules: ((:FAKE-RUNE-FOR-TYPE-SET NIL))
Warnings:  None
Time:  0.00 seconds (prove: 0.00, print: 0.00, other: 0.00)
PROPERP

Summary
Form:  ( DEFTHM PROPERP-EXAMPLES ...)
Rules: ((:EXECUTABLE-COUNTERPART IF)
        (:EXECUTABLE-COUNTERPART NOT)
        (:EXECUTABLE-COUNTERPART PROPERP))
Warnings:  None
Time:  0.00 seconds (prove: 0.00, print: 0.00, other: 0.00)
PROPERP-EXAMPLES

Summary
Form:  ( DEFUN MAPNIL ...)
Rules: ((:FAKE-RUNE-FOR-TYPE-SET NIL))
Warnings:  None
Time:  0.00 seconds (prove: 0.00, print: 0.00, other: 0.00)
MAPNIL

Summary
Form:  ( DEFTHM MAPNIL-EXAMPLES ...)
Rules: ((:EXECUTABLE-COUNTERPART EQUAL)
        (:EXECUTABLE-COUNTERPART IF)
        (:EXECUTABLE-COUNTERPART MAPNIL))
Warnings:  None
Time:  0.00 seconds (prove: 0.00, print: 0.00, other: 0.00)
MAPNIL-EXAMPLES

Summary
Form:  ( DEFUN SWAPTREE ...)
Rules: ((:FAKE-RUNE-FOR-TYPE-SET NIL))
Warnings:  None
Time:  0.00 seconds (prove: 0.00, print: 0.00, other: 0.00)
SWAPTREE

Summary
Form:  ( DEFTHM SWAPTREE-EXAMPLES ...)
Rules: ((:EXECUTABLE-COUNTERPART EQUAL)
        (:EXECUTABLE-COUNTERPART IF)
        (:EXECUTABLE-COUNTERPART SWAPTREE))
Warnings:  None
Time:  0.00 seconds (prove: 0.00, print: 0.00, other: 0.00)
SWAPTREE-EXAMPLES

Summary
Form:  ( DEFUN ZIPLISTS ...)
Rules: ((:FAKE-RUNE-FOR-TYPE-SET NIL))
Warnings:  None
Time:  0.00 seconds (prove: 0.00, print: 0.00, other: 0.00)
ZIPLISTS

Summary
Form:  ( DEFTHM ZIPLISTS-EXAMPLES ...)
Rules: ((:EXECUTABLE-COUNTERPART EQUAL)
        (:EXECUTABLE-COUNTERPART IF)
        (:EXECUTABLE-COUNTERPART ZIPLISTS))
Warnings:  None
Time:  0.00 seconds (prove: 0.00, print: 0.00, other: 0.00)
ZIPLISTS-EXAMPLES

Summary
Form:  ( DEFUN LOOKUP ...)
Rules: NIL
Warnings:  None
Time:  0.01 seconds (prove: 0.00, print: 0.00, other: 0.01)
LOOKUP

Summary
Form:  ( DEFTHM LOOKUP-EXAMPLES ...)
Rules: ((:EXECUTABLE-COUNTERPART EQUAL)
        (:EXECUTABLE-COUNTERPART IF)
        (:EXECUTABLE-COUNTERPART LOOKUP))
Warnings:  None
Time:  0.00 seconds (prove: 0.00, print: 0.00, other: 0.00)
LOOKUP-EXAMPLES

Summary
Form:  ( DEFUN FOUNDP ...)
Rules: NIL
Warnings:  None
Time:  0.00 seconds (prove: 0.00, print: 0.00, other: 0.00)
FOUNDP

Summary
Form:  ( DEFTHM FOUNDP-EXAMPLES ...)
Rules: ((:EXECUTABLE-COUNTERPART EQUAL)
        (:EXECUTABLE-COUNTERPART FOUNDP)
        (:EXECUTABLE-COUNTERPART IF))
Warnings:  None
Time:  0.00 seconds (prove: 0.00, print: 0.00, other: 0.00)
FOUNDP-EXAMPLES

Summary
Form:  ( DEFUN SUBP ...)
Rules: NIL
Warnings:  None
Time:  0.00 seconds (prove: 0.00, print: 0.00, other: 0.00)
SUBP

Summary
Form:  ( DEFTHM SUBP-EXAMPLES ...)
Rules: ((:EXECUTABLE-COUNTERPART IF)
        (:EXECUTABLE-COUNTERPART NOT)
        (:EXECUTABLE-COUNTERPART SUBP))
Warnings:  None
Time:  0.00 seconds (prove: 0.00, print: 0.00, other: 0.00)
SUBP-EXAMPLES

Summary
Form:  ( DEFUN INT ...)
Rules: ((:FAKE-RUNE-FOR-TYPE-SET NIL))
Warnings:  None
Time:  0.01 seconds (prove: 0.00, print: 0.00, other: 0.01)
INT

Summary
Form:  ( DEFTHM INT-EXAMPLES ...)
Rules: ((:EXECUTABLE-COUNTERPART EQUAL)
        (:EXECUTABLE-COUNTERPART IF)
        (:EXECUTABLE-COUNTERPART INT))
Warnings:  None
Time:  0.00 seconds (prove: 0.00, print: 0.00, other: 0.00)
INT-EXAMPLES

Summary
Form:  ( DEFUN MEM ...)
Rules: NIL
Warnings:  None
Time:  0.01 seconds (prove: 0.00, print: 0.00, other: 0.01)
MEM

Summary
Form:  ( DEFUN LONESOMEP ...)
Rules: NIL
Warnings:  None
Time:  0.00 seconds (prove: 0.00, print: 0.00, other: 0.00)
LONESOMEP

Summary
Form:  ( DEFUN COLLECT-LONESOMEP ...)
Rules: ((:FAKE-RUNE-FOR-TYPE-SET NIL))
Warnings:  None
Time:  0.01 seconds (prove: 0.00, print: 0.00, other: 0.01)
COLLECT-LONESOMEP

Summary
Form:  ( DEFUN LEAVES ...)
Rules: ((:FAKE-RUNE-FOR-TYPE-SET NIL)
        (:TYPE-PRESCRIPTION APP))
Warnings:  None
Time:  0.01 seconds (prove: 0.00, print: 0.00, other: 0.01)
LEAVES

Summary
Form:  ( DEFUN LONESOMES ...)
Rules: ((:TYPE-PRESCRIPTION COLLECT-LONESOMEP))
Warnings:  None
Time:  0.00 seconds (prove: 0.00, print: 0.00, other: 0.00)
LONESOMES

Summary
Form:  ( DEFTHM LONESOMES-EXAMPLES ...)
Rules: ((:EXECUTABLE-COUNTERPART EQUAL)
        (:EXECUTABLE-COUNTERPART IF)
        (:EXECUTABLE-COUNTERPART LONESOMES))
Warnings:  None
Time:  0.00 seconds (prove: 0.00, print: 0.00, other: 0.00)
LONESOMES-EXAMPLES

Summary
Form:  ( DEFUN TREECOPY ...)
Rules: ((:FAKE-RUNE-FOR-TYPE-SET NIL))
Warnings:  None
Time:  0.00 seconds (prove: 0.00, print: 0.00, other: 0.00)
TREECOPY

Summary
Form:  ( DEFTHM TREECOPY-IS-ID ...)
Rules: ((:DEFINITION TREECOPY)
        (:FAKE-RUNE-FOR-TYPE-SET NIL)
        (:INDUCTION TREECOPY)
        (:REWRITE CONS-CAR-CDR))
Warnings:  None
Time:  0.00 seconds (prove: 0.00, print: 0.00, other: 0.00)
TREECOPY-IS-ID

Summary
Form:  ( DEFTHM ASSOCIATIVITY-OF-APP ...)
Rules: ((:DEFINITION APP)
        (:FAKE-RUNE-FOR-TYPE-SET NIL)
        (:INDUCTION APP)
        (:REWRITE CAR-CONS)
        (:REWRITE CDR-CONS))
Warnings:  None
Time:  0.00 seconds (prove: 0.00, print: 0.00, other: 0.00)
ASSOCIATIVITY-OF-APP

Summary
Form:  ( DEFTHM DUP-APP ...)
Rules: ((:DEFINITION APP)
        (:DEFINITION DUP)
        (:EXECUTABLE-COUNTERPART CONSP)
        (:FAKE-RUNE-FOR-TYPE-SET NIL)
        (:INDUCTION APP)
        (:INDUCTION DUP)
        (:REWRITE CAR-CONS)
        (:REWRITE CDR-CONS)
        (:TYPE-PRESCRIPTION DUP))
Warnings:  None
Time:  0.00 seconds (prove: 0.00, print: 0.00, other: 0.00)
DUP-APP

Summary
Form:  ( DEFTHM DUP-MAPNIL ...)
Rules: ((:DEFINITION DUP)
        (:DEFINITION MAPNIL)
        (:EXECUTABLE-COUNTERPART DUP)
        (:EXECUTABLE-COUNTERPART EQUAL)
        (:EXECUTABLE-COUNTERPART MAPNIL)
        (:FAKE-RUNE-FOR-TYPE-SET NIL)
        (:INDUCTION DUP)
        (:INDUCTION MAPNIL)
        (:REWRITE CAR-CONS)
        (:REWRITE CDR-CONS)
        (:TYPE-PRESCRIPTION DUP)
        (:TYPE-PRESCRIPTION MAPNIL))
Warnings:  None
Time:  0.00 seconds (prove: 0.00, print: 0.00, other: 0.00)
DUP-MAPNIL

Summary
Form:  ( DEFTHM PROPERP-APP-NIL ...)
Rules: ((:DEFINITION APP)
        (:DEFINITION PROPERP)
        (:EXECUTABLE-COUNTERPART PROPERP)
        (:FAKE-RUNE-FOR-TYPE-SET NIL)
        (:INDUCTION APP)
        (:REWRITE CDR-CONS)
        (:TYPE-PRESCRIPTION PROPERP))
Warnings:  None
Time:  0.00 seconds (prove: 0.00, print: 0.00, other: 0.00)
PROPERP-APP-NIL

Summary
Form:  ( DEFTHM SWAPTREE-SWAPTREE ...)
Rules: ((:DEFINITION SWAPTREE)
        (:FAKE-RUNE-FOR-TYPE-SET NIL)
        (:INDUCTION SWAPTREE)
        (:REWRITE CAR-CONS)
        (:REWRITE CDR-CONS)
        (:REWRITE CONS-CAR-CDR))
Warnings:  None
Time:  0.00 seconds (prove: 0.00, print: 0.00, other: 0.00)
SWAPTREE-SWAPTREE

Summary
Form:  ( DEFTHM MEMP-APP ...)
Rules: ((:DEFINITION APP)
        (:DEFINITION MEMP)
        (:EXECUTABLE-COUNTERPART EQUAL)
        (:FAKE-RUNE-FOR-TYPE-SET NIL)
        (:INDUCTION APP)
        (:INDUCTION MEMP)
        (:REWRITE CAR-CONS)
        (:REWRITE CDR-CONS)
        (:TYPE-PRESCRIPTION MEMP))
Warnings:  None
Time:  0.00 seconds (prove: 0.00, print: 0.00, other: 0.00)
MEMP-APP

Summary
Form:  ( DEFTHM PROBLEM-6-1 ...)
Rules: ((:FAKE-RUNE-FOR-TYPE-SET NIL)
        (:REWRITE MEMP-APP)
        (:TYPE-PRESCRIPTION MEMP))
Warnings:  None
Time:  0.00 seconds (prove: 0.00, print: 0.00, other: 0.00)
PROBLEM-6-1

Summary
Form:  ( DEFTHM PROPERP-APP ...)
Rules: ((:DEFINITION APP)
        (:DEFINITION PROPERP)
        (:FAKE-RUNE-FOR-TYPE-SET NIL)
        (:INDUCTION APP)
        (:REWRITE CDR-CONS))
Warnings:  None
Time:  0.00 seconds (prove: 0.00, print: 0.00, other: 0.00)
PROPERP-APP

Summary
Form:  ( DEFTHM PROPERP-REV ...)
Rules: ((:DEFINITION PROPERP)
        (:DEFINITION REV)
        (:EXECUTABLE-COUNTERPART PROPERP)
        (:FAKE-RUNE-FOR-TYPE-SET NIL)
        (:INDUCTION REV)
        (:REWRITE CDR-CONS)
        (:REWRITE PROPERP-APP)
        (:TYPE-PRESCRIPTION PROPERP))
Warnings:  None
Time:  0.00 seconds (prove: 0.00, print: 0.00, other: 0.00)
PROPERP-REV

Summary
Form:  ( DEFTHM APP-RIGHT-IDENTITY ...)
Rules: ((:DEFINITION APP)
        (:DEFINITION PROPERP)
        (:EXECUTABLE-COUNTERPART APP)
        (:EXECUTABLE-COUNTERPART CONSP)
        (:EXECUTABLE-COUNTERPART EQUAL)
        (:FAKE-RUNE-FOR-TYPE-SET NIL)
        (:INDUCTION APP)
        (:INDUCTION PROPERP)
        (:REWRITE CONS-CAR-CDR))
Warnings:  None
Time:  0.00 seconds (prove: 0.00, print: 0.00, other: 0.00)
APP-RIGHT-IDENTITY

Summary
Form:  ( DEFTHM REV-APP ...)
Rules: ((:DEFINITION APP)
        (:DEFINITION REV)
        (:ELIM CAR-CDR-ELIM)
        (:FAKE-RUNE-FOR-TYPE-SET NIL)
        (:INDUCTION APP)
        (:INDUCTION REV)
        (:REWRITE APP-RIGHT-IDENTITY)
        (:REWRITE ASSOCIATIVITY-OF-APP)
        (:REWRITE CAR-CONS)
        (:REWRITE CDR-CONS)
        (:REWRITE PROPERP-REV))
Warnings:  None
Time:  0.01 seconds (prove: 0.01, print: 0.00, other: 0.00)
REV-APP

Summary
Form:  ( DEFTHM REV-REV ...)
Rules: ((:DEFINITION APP)
        (:DEFINITION PROPERP)
        (:DEFINITION REV)
        (:EXECUTABLE-COUNTERPART CONSP)
        (:EXECUTABLE-COUNTERPART EQUAL)
        (:EXECUTABLE-COUNTERPART REV)
        (:FAKE-RUNE-FOR-TYPE-SET NIL)
        (:INDUCTION PROPERP)
        (:INDUCTION REV)
        (:REWRITE CAR-CONS)
        (:REWRITE CDR-CONS)
        (:REWRITE CONS-CAR-CDR)
        (:REWRITE REV-APP))
Warnings:  None
Time:  0.00 seconds (prove: 0.00, print: 0.00, other: 0.00)
REV-REV

Summary
Form:  ( DEFTHM TRIPLE-REV ...)
Rules: ((:FAKE-RUNE-FOR-TYPE-SET NIL)
        (:REWRITE PROPERP-REV)
        (:REWRITE REV-REV))
Warnings:  None
Time:  0.00 seconds (prove: 0.00, print: 0.00, other: 0.00)
TRIPLE-REV

Summary
Form:  ( DEFTHM MEMP-REV ...)
Rules: ((:DEFINITION MEMP)
        (:DEFINITION REV)
        (:EXECUTABLE-COUNTERPART CONSP)
        (:EXECUTABLE-COUNTERPART EQUAL)
        (:FAKE-RUNE-FOR-TYPE-SET NIL)
        (:INDUCTION MEMP)
        (:INDUCTION REV)
        (:REWRITE CAR-CONS)
        (:REWRITE CDR-CONS)
        (:REWRITE MEMP-APP)
        (:TYPE-PRESCRIPTION MEMP))
Warnings:  None
Time:  0.00 seconds (prove: 0.00, print: 0.00, other: 0.00)
MEMP-REV

Summary
Form:  ( DEFTHM MEMP-DUP ...)
Rules: ((:DEFINITION DUP)
        (:DEFINITION MEMP)
        (:EXECUTABLE-COUNTERPART CONSP)
        (:EXECUTABLE-COUNTERPART EQUAL)
        (:FAKE-RUNE-FOR-TYPE-SET NIL)
        (:INDUCTION DUP)
        (:INDUCTION MEMP)
        (:REWRITE CAR-CONS)
        (:REWRITE CDR-CONS)
        (:TYPE-PRESCRIPTION DUP))
Warnings:  None
Time:  0.00 seconds (prove: 0.00, print: 0.00, other: 0.00)
MEMP-DUP

Summary
Form:  ( DEFTHM COMPLICATED-MEMP-THEOREM ...)
Rules: ((:REWRITE MEMP-DUP)
        (:REWRITE MEMP-REV))
Warnings:  None
Time:  0.00 seconds (prove: 0.00, print: 0.00, other: 0.00)
COMPLICATED-MEMP-THEOREM

Summary
Form:  ( DEFUN LEAVES ...)
Rules: NIL
Warnings:  None
Time:  0.00 seconds (prove: 0.00, print: 0.00, other: 0.00)
:REDUNDANT

Summary
Form:  ( DEFTHM LEAVES-SWAPTREE ...)
Rules: ((:DEFINITION APP)
        (:DEFINITION LEAVES)
        (:DEFINITION REV)
        (:DEFINITION SWAPTREE)
        (:EXECUTABLE-COUNTERPART CONSP)
        (:EXECUTABLE-COUNTERPART REV)
        (:FAKE-RUNE-FOR-TYPE-SET NIL)
        (:INDUCTION LEAVES)
        (:INDUCTION SWAPTREE)
        (:REWRITE CAR-CONS)
        (:REWRITE CDR-CONS)
        (:REWRITE REV-APP))
Warnings:  None
Time:  0.00 seconds (prove: 0.00, print: 0.00, other: 0.00)
LEAVES-SWAPTREE

Summary
Form:  ( DEFTHM SUBP-CDR ...)
Rules: ((:DEFINITION MEMP)
        (:DEFINITION NOT)
        (:DEFINITION SUBP)
        (:EXECUTABLE-COUNTERPART CONSP)
        (:FAKE-RUNE-FOR-TYPE-SET NIL)
        (:INDUCTION SUBP)
        (:REWRITE DEFAULT-CDR)
        (:TYPE-PRESCRIPTION MEMP)
        (:TYPE-PRESCRIPTION SUBP))
Warnings:  None
Time:  0.00 seconds (prove: 0.00, print: 0.00, other: 0.00)
SUBP-CDR

Summary
Form:  ( DEFTHM SUBP-REFLEXIVE ...)
Rules: ((:DEFINITION MEMP)
        (:DEFINITION SUBP)
        (:EXECUTABLE-COUNTERPART CDR)
        (:FAKE-RUNE-FOR-TYPE-SET NIL)
        (:INDUCTION SUBP)
        (:REWRITE DEFAULT-CDR)
        (:REWRITE SUBP-CDR)
        (:TYPE-PRESCRIPTION SUBP))
Warnings:  None
Time:  0.00 seconds (prove: 0.00, print: 0.00, other: 0.00)
SUBP-REFLEXIVE

Summary
Form:  ( DEFTHM SUBP-INT ...)
Rules: ((:DEFINITION INT)
        (:DEFINITION PROPERP)
        (:DEFINITION SUBP)
        (:EXECUTABLE-COUNTERPART CONSP)
        (:EXECUTABLE-COUNTERPART EQUAL)
        (:FAKE-RUNE-FOR-TYPE-SET NIL)
        (:INDUCTION INT)
        (:INDUCTION PROPERP)
        (:INDUCTION SUBP)
        (:REWRITE CONS-CAR-CDR)
        (:REWRITE SUBP-CDR)
        (:TYPE-PRESCRIPTION MEMP))
Warnings:  None
Time:  0.01 seconds (prove: 0.00, print: 0.00, other: 0.00)
SUBP-INT

Summary
Form:  ( DEFTHM INT-X-X ...)
Rules: ((:FAKE-RUNE-FOR-TYPE-SET NIL)
        (:REWRITE SUBP-INT)
        (:REWRITE SUBP-REFLEXIVE)
        (:TYPE-PRESCRIPTION PROPERP))
Warnings:  None
Time:  0.00 seconds (prove: 0.00, print: 0.00, other: 0.00)
INT-X-X

Summary
Form:  ( DEFTHM MEMP-SUBP ...)
Rules: ((:DEFINITION MEMP)
        (:DEFINITION SUBP)
        (:FAKE-RUNE-FOR-TYPE-SET NIL)
        (:INDUCTION MEMP)
        (:INDUCTION SUBP)
        (:REWRITE SUBP-CDR)
        (:TYPE-PRESCRIPTION MEMP))
Warnings:  None
Time:  0.00 seconds (prove: 0.00, print: 0.00, other: 0.00)
MEMP-SUBP

Summary
Form:  ( DEFTHM SUBP-TRANSITIVE ...)
Rules: ((:DEFINITION SUBP)
        (:INDUCTION SUBP)
        (:REWRITE MEMP-SUBP)
        (:REWRITE SUBP-CDR)
        (:TYPE-PRESCRIPTION MEMP)
        (:TYPE-PRESCRIPTION SUBP))
Warnings:  None
Time:  0.01 seconds (prove: 0.01, print: 0.00, other: 0.00)
SUBP-TRANSITIVE

Summary
Form:  ( DEFTHM SUBP-APP-1 ...)
Rules: ((:DEFINITION APP)
        (:DEFINITION SUBP)
        (:EXECUTABLE-COUNTERPART EQUAL)
        (:FAKE-RUNE-FOR-TYPE-SET NIL)
        (:INDUCTION APP)
        (:INDUCTION SUBP)
        (:REWRITE CAR-CONS)
        (:REWRITE CDR-CONS)
        (:REWRITE SUBP-CDR)
        (:TYPE-PRESCRIPTION MEMP)
        (:TYPE-PRESCRIPTION SUBP))
Warnings:  None
Time:  0.01 seconds (prove: 0.01, print: 0.00, other: 0.00)
SUBP-APP-1

Summary
Form:  ( DEFTHM SUBP-APP-A-A ...)
Rules: ((:EXECUTABLE-COUNTERPART IF)
        (:REWRITE SUBP-APP-1)
        (:REWRITE SUBP-REFLEXIVE)
        (:TYPE-PRESCRIPTION SUBP))
Warnings:  None
Time:  0.00 seconds (prove: 0.00, print: 0.00, other: 0.00)
SUBP-APP-A-A

Summary
Form:  ( DEFUN SETEQP ...)
Rules: ((:TYPE-PRESCRIPTION SUBP))
Warnings:  None
Time:  0.00 seconds (prove: 0.00, print: 0.00, other: 0.00)
SETEQP

Summary
Form:  ( DEFTHM SUBP-APP-2 ...)
Rules: ((:DEFINITION MEMP)
        (:DEFINITION SUBP)
        (:FAKE-RUNE-FOR-TYPE-SET NIL)
        (:INDUCTION SUBP)
        (:REWRITE MEMP-APP)
        (:REWRITE MEMP-SUBP)
        (:REWRITE SUBP-CDR)
        (:TYPE-PRESCRIPTION MEMP)
        (:TYPE-PRESCRIPTION SUBP))
Warnings:  None
Time:  0.00 seconds (prove: 0.00, print: 0.00, other: 0.00)
SUBP-APP-2

Summary
Form:  ( DEFTHM SETEQ-REV ...)
Rules: ((:DEFINITION MEMP)
        (:DEFINITION NOT)
        (:DEFINITION REV)
        (:DEFINITION SETEQP)
        (:DEFINITION SUBP)
        (:EXECUTABLE-COUNTERPART CDR)
        (:EXECUTABLE-COUNTERPART CONSP)
        (:EXECUTABLE-COUNTERPART SUBP)
        (:FAKE-RUNE-FOR-TYPE-SET NIL)
        (:INDUCTION REV)
        (:REWRITE CAR-CONS)
        (:REWRITE CDR-CONS)
        (:REWRITE DEFAULT-CDR)
        (:REWRITE MEMP-APP)
        (:REWRITE MEMP-REV)
        (:REWRITE SUBP-APP-1)
        (:REWRITE SUBP-APP-2)
        (:REWRITE SUBP-CDR)
        (:TYPE-PRESCRIPTION SETEQP)
        (:TYPE-PRESCRIPTION SUBP))
Warnings:  None
Time:  0.00 seconds (prove: 0.00, print: 0.00, other: 0.00)
SETEQ-REV

Summary
Form:  ( DEFTHM SUBP-APP-3 ...)
Rules: ((:DEFINITION MEMP)
        (:DEFINITION SUBP)
        (:FAKE-RUNE-FOR-TYPE-SET NIL)
        (:INDUCTION SUBP)
        (:REWRITE MEMP-APP)
        (:REWRITE MEMP-SUBP)
        (:REWRITE SUBP-APP-2)
        (:REWRITE SUBP-CDR)
        (:TYPE-PRESCRIPTION MEMP)
        (:TYPE-PRESCRIPTION SUBP))
Warnings:  None
Time:  0.01 seconds (prove: 0.00, print: 0.00, other: 0.00)
SUBP-APP-3

Summary
Form:  ( DEFTHM APP-COMMUTATIVE ...)
Rules: ((:DEFINITION SETEQP)
        (:REWRITE SUBP-APP-1)
        (:REWRITE SUBP-APP-2)
        (:REWRITE SUBP-APP-3)
        (:REWRITE SUBP-REFLEXIVE)
        (:TYPE-PRESCRIPTION SETEQP))
Warnings:  None
Time:  0.00 seconds (prove: 0.00, print: 0.00, other: 0.00)
APP-COMMUTATIVE

Summary
Form:  ( DEFUN LIST-OF-ATOMSP ...)
Rules: NIL
Warnings:  None
Time:  0.00 seconds (prove: 0.00, print: 0.00, other: 0.00)
LIST-OF-ATOMSP

Summary
Form:  ( DEFTHM LIST-OF-ATOMSP-APP ...)
Rules: ((:DEFINITION APP)
        (:DEFINITION LIST-OF-ATOMSP)
        (:EXECUTABLE-COUNTERPART EQUAL)
        (:FAKE-RUNE-FOR-TYPE-SET NIL)
        (:INDUCTION APP)
        (:INDUCTION LIST-OF-ATOMSP)
        (:REWRITE CAR-CONS)
        (:REWRITE CDR-CONS)
        (:TYPE-PRESCRIPTION LIST-OF-ATOMSP))
Warnings:  None
Time:  0.00 seconds (prove: 0.00, print: 0.00, other: 0.00)
LIST-OF-ATOMSP-APP

Summary
Form:  ( DEFTHM LIST-OF-ATOMSP-LEAVES ...)
Rules: ((:DEFINITION LEAVES)
        (:DEFINITION LIST-OF-ATOMSP)
        (:EXECUTABLE-COUNTERPART LIST-OF-ATOMSP)
        (:FAKE-RUNE-FOR-TYPE-SET NIL)
        (:INDUCTION LEAVES)
        (:REWRITE CAR-CONS)
        (:REWRITE CDR-CONS)
        (:REWRITE LIST-OF-ATOMSP-APP)
        (:TYPE-PRESCRIPTION LIST-OF-ATOMSP))
Warnings:  None
Time:  0.00 seconds (prove: 0.00, print: 0.00, other: 0.00)
LIST-OF-ATOMSP-LEAVES

Summary
Form:  ( DEFTHM LEAVES-OF-LIST-OF-ATOMS ...)
Rules: ((:DEFINITION APP)
        (:DEFINITION LEAVES)
        (:DEFINITION LIST-OF-ATOMSP)
        (:DEFINITION PROPERP)
        (:EXECUTABLE-COUNTERPART APP)
        (:EXECUTABLE-COUNTERPART CAR)
        (:EXECUTABLE-COUNTERPART CDR)
        (:EXECUTABLE-COUNTERPART CONSP)
        (:EXECUTABLE-COUNTERPART EQUAL)
        (:EXECUTABLE-COUNTERPART LEAVES)
        (:EXECUTABLE-COUNTERPART LIST-OF-ATOMSP)
        (:EXECUTABLE-COUNTERPART NOT)
        (:FAKE-RUNE-FOR-TYPE-SET NIL)
        (:INDUCTION APP)
        (:INDUCTION LEAVES)
        (:INDUCTION LIST-OF-ATOMSP)
        (:INDUCTION PROPERP)
        (:REWRITE CAR-CONS)
        (:REWRITE CDR-CONS)
        (:REWRITE CONS-EQUAL))
Warnings:  None
Time:  0.01 seconds (prove: 0.01, print: 0.00, other: 0.00)
LEAVES-OF-LIST-OF-ATOMS

Summary
Form:  ( DEFTHM PROPERP-LEAVES ...)
Rules: ((:DEFINITION LEAVES)
        (:DEFINITION PROPERP)
        (:EXECUTABLE-COUNTERPART PROPERP)
        (:FAKE-RUNE-FOR-TYPE-SET NIL)
        (:INDUCTION LEAVES)
        (:REWRITE CDR-CONS)
        (:REWRITE PROPERP-APP)
        (:TYPE-PRESCRIPTION PROPERP))
Warnings:  None
Time:  0.00 seconds (prove: 0.00, print: 0.00, other: 0.00)
PROPERP-LEAVES

Summary
Form:  ( DEFTHM LEAVES-LEAVES ...)
Rules: ((:FAKE-RUNE-FOR-TYPE-SET NIL)
        (:REWRITE LEAVES-OF-LIST-OF-ATOMS)
        (:REWRITE LIST-OF-ATOMSP-LEAVES)
        (:REWRITE PROPERP-LEAVES))
Warnings:  None
Time:  0.00 seconds (prove: 0.00, print: 0.00, other: 0.00)
LEAVES-LEAVES

Summary
Form:  ( DEFTHM LEMMA8-10A ...)
Rules: ((:DEFINITION COLLECT-LONESOMEP)
        (:DEFINITION LONESOMEP)
        (:DEFINITION MEMP)
        (:DEFINITION NOT)
        (:EXECUTABLE-COUNTERPART CONSP)
        (:FAKE-RUNE-FOR-TYPE-SET NIL)
        (:INDUCTION COLLECT-LONESOMEP)
        (:REWRITE CAR-CONS)
        (:REWRITE CDR-CONS)
        (:TYPE-PRESCRIPTION COLLECT-LONESOMEP)
        (:TYPE-PRESCRIPTION MEM))
Warnings:  None
Time:  0.00 seconds (prove: 0.00, print: 0.00, other: 0.00)
LEMMA8-10A

Summary
Form:  ( DEFTHM LEMMA8-10B ...)
Rules: ((:DEFINITION COLLECT-LONESOMEP)
        (:DEFINITION LONESOMEP)
        (:DEFINITION MEMP)
        (:DEFINITION NOT)
        (:EXECUTABLE-COUNTERPART CONSP)
        (:FAKE-RUNE-FOR-TYPE-SET NIL)
        (:INDUCTION COLLECT-LONESOMEP)
        (:REWRITE CAR-CONS)
        (:REWRITE CDR-CONS)
        (:TYPE-PRESCRIPTION COLLECT-LONESOMEP)
        (:TYPE-PRESCRIPTION MEM))
Warnings:  None
Time:  0.00 seconds (prove: 0.00, print: 0.00, other: 0.00)
LEMMA8-10B

Summary
Form:  ( DEFTHM MEMP-COLLECT-LONESOMEP ...)
Rules: ((:DEFINITION COLLECT-LONESOMEP)
        (:DEFINITION IFF)
        (:DEFINITION LONESOMEP)
        (:DEFINITION MEMP)
        (:DEFINITION NOT)
        (:EXECUTABLE-COUNTERPART CONSP)
        (:FAKE-RUNE-FOR-TYPE-SET NIL)
        (:INDUCTION COLLECT-LONESOMEP)
        (:INDUCTION MEMP)
        (:REWRITE CAR-CONS)
        (:REWRITE CDR-CONS)
        (:REWRITE LEMMA8-10A)
        (:REWRITE LEMMA8-10B)
        (:TYPE-PRESCRIPTION COLLECT-LONESOMEP)
        (:TYPE-PRESCRIPTION LONESOMEP)
        (:TYPE-PRESCRIPTION MEM)
        (:TYPE-PRESCRIPTION MEMP))
Warnings:  None
Time:  0.02 seconds (prove: 0.02, print: 0.00, other: 0.00)
MEMP-COLLECT-LONESOMEP

Summary
Form:  ( DEFTHM MEMP-LONESOMES ...)
Rules: ((:DEFINITION IFF)
        (:DEFINITION LONESOMEP)
        (:DEFINITION LONESOMES)
        (:REWRITE MEMP-COLLECT-LONESOMEP)
        (:TYPE-PRESCRIPTION LONESOMEP)
        (:TYPE-PRESCRIPTION MEM)
        (:TYPE-PRESCRIPTION MEMP))
Warnings:  None
Time:  0.00 seconds (prove: 0.00, print: 0.00, other: 0.00)
MEMP-LONESOMES

Summary
Form:  ( DEFUN NUMP ...)
Rules: ((:FAKE-RUNE-FOR-TYPE-SET NIL))
Warnings:  None
Time:  0.00 seconds (prove: 0.00, print: 0.00, other: 0.00)
NUMP

Summary
Form:  ( DEFUN ADD ...)
Rules: ((:FAKE-RUNE-FOR-TYPE-SET NIL)
        (:TYPE-PRESCRIPTION MAPNIL))
Warnings:  None
Time:  0.01 seconds (prove: 0.00, print: 0.00, other: 0.01)
ADD

Summary
Form:  ( DEFUN MULT ...)
Rules: ((:TYPE-PRESCRIPTION ADD))
Warnings:  None
Time:  0.00 seconds (prove: 0.00, print: 0.00, other: 0.00)
MULT

Summary
Form:  ( DEFUN RAISE ...)
Rules: ((:TYPE-PRESCRIPTION MULT))
Warnings:  None
Time:  0.00 seconds (prove: 0.00, print: 0.00, other: 0.00)
RAISE

Summary
Form:  ( DEFTHM NUMP-MAPNIL ...)
Rules: ((:DEFINITION MAPNIL)
        (:DEFINITION NUMP)
        (:EXECUTABLE-COUNTERPART EQUAL)
        (:EXECUTABLE-COUNTERPART NUMP)
        (:FAKE-RUNE-FOR-TYPE-SET NIL)
        (:INDUCTION MAPNIL)
        (:REWRITE CAR-CONS)
        (:REWRITE CDR-CONS)
        (:TYPE-PRESCRIPTION MAPNIL)
        (:TYPE-PRESCRIPTION NUMP))
Warnings:  None
Time:  0.00 seconds (prove: 0.00, print: 0.00, other: 0.00)
NUMP-MAPNIL

Summary
Form:  ( DEFTHM NUMP-ADD ...)
Rules: ((:DEFINITION ADD)
        (:DEFINITION NUMP)
        (:EXECUTABLE-COUNTERPART EQUAL)
        (:FAKE-RUNE-FOR-TYPE-SET NIL)
        (:INDUCTION ADD)
        (:REWRITE CAR-CONS)
        (:REWRITE CDR-CONS)
        (:REWRITE NUMP-MAPNIL)
        (:TYPE-PRESCRIPTION ADD)
        (:TYPE-PRESCRIPTION NUMP))
Warnings:  None
Time:  0.00 seconds (prove: 0.00, print: 0.00, other: 0.00)
NUMP-ADD

Summary
Form:  ( DEFTHM NUMP-MULT ...)
Rules: ((:DEFINITION MULT)
        (:EXECUTABLE-COUNTERPART NUMP)
        (:INDUCTION MULT)
        (:REWRITE NUMP-ADD)
        (:TYPE-PRESCRIPTION NUMP))
Warnings:  None
Time:  0.00 seconds (prove: 0.00, print: 0.00, other: 0.00)
NUMP-MULT

Summary
Form:  ( DEFTHM NUMP-RAISE ...)
Rules: ((:DEFINITION RAISE)
        (:EXECUTABLE-COUNTERPART NUMP)
        (:INDUCTION RAISE)
        (:REWRITE NUMP-MULT)
        (:TYPE-PRESCRIPTION NUMP))
Warnings:  None
Time:  0.00 seconds (prove: 0.00, print: 0.00, other: 0.00)
NUMP-RAISE

Summary
Form:  ( DEFTHM ADD-IDENTITY ...)
Rules: ((:DEFINITION ADD)
        (:DEFINITION NUMP)
        (:EXECUTABLE-COUNTERPART ADD)
        (:EXECUTABLE-COUNTERPART CONSP)
        (:EXECUTABLE-COUNTERPART EQUAL)
        (:FAKE-RUNE-FOR-TYPE-SET NIL)
        (:INDUCTION ADD)
        (:INDUCTION NUMP)
        (:REWRITE CAR-CONS)
        (:REWRITE CDR-CONS)
        (:TYPE-PRESCRIPTION ADD))
Warnings:  None
Time:  0.00 seconds (prove: 0.00, print: 0.00, other: 0.00)
ADD-IDENTITY

Summary
Form:  ( DEFTHM RAISE-MAPNIL ...)
Rules: ((:DEFINITION MAPNIL)
        (:DEFINITION RAISE)
        (:EXECUTABLE-COUNTERPART CONSP)
        (:EXECUTABLE-COUNTERPART EQUAL)
        (:FAKE-RUNE-FOR-TYPE-SET NIL)
        (:INDUCTION MAPNIL)
        (:INDUCTION RAISE)
        (:REWRITE CDR-CONS)
        (:TYPE-PRESCRIPTION MAPNIL))
Warnings:  None
Time:  0.00 seconds (prove: 0.00, print: 0.00, other: 0.00)
RAISE-MAPNIL

Summary
Form:  ( DEFTHM MULT-MAPNIL-1 ...)
Rules: ((:DEFINITION MAPNIL)
        (:DEFINITION MULT)
        (:EXECUTABLE-COUNTERPART CONSP)
        (:EXECUTABLE-COUNTERPART EQUAL)
        (:FAKE-RUNE-FOR-TYPE-SET NIL)
        (:INDUCTION MAPNIL)
        (:INDUCTION MULT)
        (:REWRITE CDR-CONS)
        (:TYPE-PRESCRIPTION MAPNIL))
Warnings:  None
Time:  0.00 seconds (prove: 0.00, print: 0.00, other: 0.00)
MULT-MAPNIL-1

Summary
Form:  ( DEFTHM MAPNIL-NUMP ...)
Rules: ((:DEFINITION MAPNIL)
        (:DEFINITION NUMP)
        (:EXECUTABLE-COUNTERPART CONSP)
        (:EXECUTABLE-COUNTERPART EQUAL)
        (:EXECUTABLE-COUNTERPART MAPNIL)
        (:FAKE-RUNE-FOR-TYPE-SET NIL)
        (:INDUCTION MAPNIL)
        (:INDUCTION NUMP)
        (:REWRITE CAR-CONS)
        (:REWRITE CDR-CONS)
        (:TYPE-PRESCRIPTION MAPNIL))
Warnings:  None
Time:  0.00 seconds (prove: 0.00, print: 0.00, other: 0.00)
MAPNIL-NUMP

Summary
Form:  ( DEFTHM ADD-MAPNIL-1 ...)
Rules: ((:DEFINITION ADD)
        (:DEFINITION MAPNIL)
        (:EXECUTABLE-COUNTERPART CONSP)
        (:FAKE-RUNE-FOR-TYPE-SET NIL)
        (:INDUCTION ADD)
        (:INDUCTION MAPNIL)
        (:REWRITE CDR-CONS)
        (:TYPE-PRESCRIPTION MAPNIL))
Warnings:  None
Time:  0.00 seconds (prove: 0.00, print: 0.00, other: 0.00)
ADD-MAPNIL-1

Summary
Form:  ( DEFTHM ADD-ASSOCIATIVITY ...)
Rules: ((:DEFINITION ADD)
        (:FAKE-RUNE-FOR-TYPE-SET NIL)
        (:INDUCTION ADD)
        (:REWRITE ADD-MAPNIL-1)
        (:REWRITE CDR-CONS)
        (:REWRITE MAPNIL-NUMP)
        (:REWRITE NUMP-ADD)
        (:TYPE-PRESCRIPTION ADD))
Warnings:  None
Time:  0.00 seconds (prove: 0.00, print: 0.00, other: 0.00)
ADD-ASSOCIATIVITY

Summary
Form:  ( DEFTHM MULT-ADD-DISTRIBUTIVITY-2 ...)
Rules: ((:DEFINITION ADD)
        (:DEFINITION MULT)
        (:EXECUTABLE-COUNTERPART CONSP)
        (:FAKE-RUNE-FOR-TYPE-SET NIL)
        (:INDUCTION ADD)
        (:INDUCTION MULT)
        (:REWRITE ADD-ASSOCIATIVITY)
        (:REWRITE CDR-CONS)
        (:REWRITE MAPNIL-NUMP)
        (:REWRITE MULT-MAPNIL-1)
        (:REWRITE NUMP-MULT)
        (:TYPE-PRESCRIPTION ADD))
Warnings:  None
Time:  0.00 seconds (prove: 0.00, print: 0.00, other: 0.00)
MULT-ADD-DISTRIBUTIVITY-2

Summary
Form:  ( DEFTHM MULT-ASSOCIATIVE ...)
Rules: ((:DEFINITION MULT)
        (:EXECUTABLE-COUNTERPART CONSP)
        (:EXECUTABLE-COUNTERPART EQUAL)
        (:FAKE-RUNE-FOR-TYPE-SET NIL)
        (:INDUCTION MULT)
        (:REWRITE MULT-ADD-DISTRIBUTIVITY-2))
Warnings:  None
Time:  0.00 seconds (prove: 0.00, print: 0.00, other: 0.00)
MULT-ASSOCIATIVE

Summary
Form:  ( DEFTHM RAISE-ADD ...)
Rules: ((:DEFINITION ADD)
        (:DEFINITION MULT)
        (:DEFINITION RAISE)
        (:EXECUTABLE-COUNTERPART CDR)
        (:EXECUTABLE-COUNTERPART CONSP)
        (:FAKE-RUNE-FOR-TYPE-SET NIL)
        (:INDUCTION ADD)
        (:INDUCTION RAISE)
        (:REWRITE ADD-IDENTITY)
        (:REWRITE CDR-CONS)
        (:REWRITE MULT-ASSOCIATIVE)
        (:REWRITE NUMP-RAISE)
        (:REWRITE RAISE-MAPNIL)
        (:TYPE-PRESCRIPTION ADD))
Warnings:  None
Time:  0.00 seconds (prove: 0.00, print: 0.00, other: 0.00)
RAISE-ADD

Summary
Form:  ( DEFTHM ADD-IDENTITY-2 ...)
Rules: ((:DEFINITION ADD)
        (:DEFINITION MAPNIL)
        (:DEFINITION NOT)
        (:EXECUTABLE-COUNTERPART EQUAL)
        (:FAKE-RUNE-FOR-TYPE-SET NIL)
        (:INDUCTION ADD)
        (:INDUCTION MAPNIL))
Warnings:  None
Time:  0.00 seconds (prove: 0.00, print: 0.00, other: 0.00)
ADD-IDENTITY-2

Summary
Form:  ( DEFTHM ADD-CONS ...)
Rules: ((:DEFINITION ADD)
        (:DEFINITION MAPNIL)
        (:FAKE-RUNE-FOR-TYPE-SET NIL)
        (:INDUCTION ADD)
        (:REWRITE CDR-CONS))
Warnings:  None
Time:  0.00 seconds (prove: 0.00, print: 0.00, other: 0.00)
ADD-CONS

Summary
Form:  ( DEFTHM ADD-COMMUTATIVITY ...)
Rules: ((:DEFINITION ADD)
        (:ELIM CAR-CDR-ELIM)
        (:FAKE-RUNE-FOR-TYPE-SET NIL)
        (:INDUCTION ADD)
        (:REWRITE ADD-CONS)
        (:REWRITE ADD-IDENTITY-2))
Warnings:  None
Time:  0.00 seconds (prove: 0.00, print: 0.00, other: 0.00)
ADD-COMMUTATIVITY

Summary
Form:  ( DEFTHM ADD-MAPNIL-2 ...)
Rules: ((:DEFINITION ADD)
        (:FAKE-RUNE-FOR-TYPE-SET NIL)
        (:INDUCTION ADD)
        (:REWRITE MAPNIL-NUMP)
        (:REWRITE NUMP-MAPNIL))
Warnings:  None
Time:  0.00 seconds (prove: 0.00, print: 0.00, other: 0.00)
ADD-MAPNIL-2

Summary
Form:  ( DEFTHM ADD-COMMUTATIVITY2 ...)
Rules: ((:DEFINITION ADD)
        (:FAKE-RUNE-FOR-TYPE-SET NIL)
        (:INDUCTION ADD)
        (:REWRITE ADD-CONS)
        (:REWRITE ADD-MAPNIL-2)
        (:REWRITE MAPNIL-NUMP)
        (:REWRITE NUMP-ADD))
Warnings:  None
Time:  0.00 seconds (prove: 0.00, print: 0.00, other: 0.00)
ADD-COMMUTATIVITY2

Summary
Form:  ( DEFTHM MULT-ZERO ...)
Rules: ((:DEFINITION MULT)
        (:DEFINITION NOT)
        (:EXECUTABLE-COUNTERPART MAPNIL)
        (:FAKE-RUNE-FOR-TYPE-SET NIL)
        (:INDUCTION MULT)
        (:REWRITE ADD-COMMUTATIVITY)
        (:REWRITE ADD-IDENTITY-2))
Warnings:  None
Time:  0.00 seconds (prove: 0.00, print: 0.00, other: 0.00)
MULT-ZERO

Summary
Form:  ( DEFTHM MULT-CONS ...)
Rules: ((:DEFINITION ADD)
        (:DEFINITION MULT)
        (:EXECUTABLE-COUNTERPART EQUAL)
        (:EXECUTABLE-COUNTERPART MAPNIL)
        (:FAKE-RUNE-FOR-TYPE-SET NIL)
        (:INDUCTION ADD)
        (:INDUCTION MULT)
        (:REWRITE ADD-COMMUTATIVITY)
        (:REWRITE ADD-COMMUTATIVITY2)
        (:REWRITE ADD-IDENTITY-2)
        (:REWRITE CDR-CONS))
Warnings:  None
Time:  0.00 seconds (prove: 0.00, print: 0.00, other: 0.00)
MULT-CONS

Summary
Form:  ( DEFTHM MULT-COMMUTATIVITY ...)
Rules: ((:DEFINITION MULT)
        (:ELIM CAR-CDR-ELIM)
        (:EXECUTABLE-COUNTERPART EQUAL)
        (:INDUCTION MULT)
        (:REWRITE MULT-CONS)
        (:REWRITE MULT-ZERO))
Warnings:  None
Time:  0.00 seconds (prove: 0.00, print: 0.00, other: 0.00)
MULT-COMMUTATIVITY

Summary
Form:  ( DEFTHM MULT-MAPNIL-2 ...)
Rules: ((:DEFINITION MULT)
        (:EXECUTABLE-COUNTERPART EQUAL)
        (:FAKE-RUNE-FOR-TYPE-SET NIL)
        (:INDUCTION MULT)
        (:REWRITE ADD-MAPNIL-1))
Warnings:  None
Time:  0.00 seconds (prove: 0.00, print: 0.00, other: 0.00)
MULT-MAPNIL-2

Summary
Form:  ( DEFTHM MULT-ADD-DISTRIBUTIVITY-1 ...)
Rules: ((:DEFINITION ADD)
        (:DEFINITION MULT)
        (:EXECUTABLE-COUNTERPART CONSP)
        (:FAKE-RUNE-FOR-TYPE-SET NIL)
        (:INDUCTION ADD)
        (:INDUCTION MULT)
        (:REWRITE ADD-COMMUTATIVITY)
        (:REWRITE ADD-COMMUTATIVITY2)
        (:REWRITE MAPNIL-NUMP)
        (:REWRITE MULT-COMMUTATIVITY)
        (:REWRITE MULT-CONS)
        (:REWRITE MULT-MAPNIL-2)
        (:REWRITE NUMP-MULT))
Warnings:  None
Time:  0.00 seconds (prove: 0.00, print: 0.00, other: 0.00)
MULT-ADD-DISTRIBUTIVITY-1

Summary
Form:  ( DEFTHM MULT-COMMUTATIVITY2 ...)
Rules: ((:DEFINITION MULT)
        (:EXECUTABLE-COUNTERPART CONSP)
        (:EXECUTABLE-COUNTERPART EQUAL)
        (:FAKE-RUNE-FOR-TYPE-SET NIL)
        (:INDUCTION MULT)
        (:REWRITE MULT-ADD-DISTRIBUTIVITY-1)
        (:REWRITE MULT-COMMUTATIVITY))
Warnings:  None
Time:  0.00 seconds (prove: 0.00, print: 0.00, other: 0.00)
MULT-COMMUTATIVITY2

Summary
Form:  ( DEFTHM REV1-IS-APP-REV ...)
Rules: ((:DEFINITION APP)
        (:DEFINITION REV)
        (:DEFINITION REV1)
        (:EXECUTABLE-COUNTERPART CONSP)
        (:FAKE-RUNE-FOR-TYPE-SET NIL)
        (:INDUCTION REV)
        (:INDUCTION REV1)
        (:REWRITE ASSOCIATIVITY-OF-APP)
        (:REWRITE CAR-CONS)
        (:REWRITE CDR-CONS))
Warnings:  None
Time:  0.00 seconds (prove: 0.00, print: 0.00, other: 0.00)
REV1-IS-APP-REV

Summary
Form:  ( DEFTHM REV1-NIL-IS-REV ...)
Rules: ((:FAKE-RUNE-FOR-TYPE-SET NIL)
        (:REWRITE APP-RIGHT-IDENTITY)
        (:REWRITE PROPERP-REV)
        (:REWRITE REV1-IS-APP-REV))
Warnings:  None
Time:  0.00 seconds (prove: 0.00, print: 0.00, other: 0.00)
REV1-NIL-IS-REV

Summary
Form:  ( DEFUN FACT ...)
Rules: ((:TYPE-PRESCRIPTION MULT))
Warnings:  None
Time:  0.00 seconds (prove: 0.00, print: 0.00, other: 0.00)
FACT

Summary
Form:  ( DEFUN FACT1 ...)
Rules: ((:TYPE-PRESCRIPTION MULT))
Warnings:  None
Time:  0.00 seconds (prove: 0.00, print: 0.00, other: 0.00)
FACT1

Summary
Form:  ( DEFTHM FACT1-IS-FACT-GENERALIZED ...)
Rules: ((:DEFINITION ADD)
        (:DEFINITION FACT)
        (:DEFINITION FACT1)
        (:DEFINITION MULT)
        (:DEFINITION NOT)
        (:EXECUTABLE-COUNTERPART CDR)
        (:EXECUTABLE-COUNTERPART CONSP)
        (:FAKE-RUNE-FOR-TYPE-SET NIL)
        (:INDUCTION FACT)
        (:INDUCTION FACT1)
        (:REWRITE ADD-COMMUTATIVITY)
        (:REWRITE MAPNIL-NUMP)
        (:REWRITE MULT-ADD-DISTRIBUTIVITY-1)
        (:REWRITE MULT-ASSOCIATIVE)
        (:REWRITE MULT-COMMUTATIVITY)
        (:REWRITE MULT-COMMUTATIVITY2)
        (:REWRITE NUMP-MULT)
        (:TYPE-PRESCRIPTION NUMP))
Warnings:  None
Time:  0.00 seconds (prove: 0.00, print: 0.00, other: 0.00)
FACT1-IS-FACT-GENERALIZED

Summary
Form:  ( DEFTHM NUMP-FACT ...)
Rules: ((:DEFINITION FACT)
        (:DEFINITION MULT)
        (:EXECUTABLE-COUNTERPART NUMP)
        (:INDUCTION FACT)
        (:REWRITE NUMP-ADD)
        (:TYPE-PRESCRIPTION NUMP))
Warnings:  None
Time:  0.00 seconds (prove: 0.00, print: 0.00, other: 0.00)
NUMP-FACT

Summary
Form:  ( DEFTHM FACT1-IS-FACT ...)
Rules: ((:DEFINITION ADD)
        (:DEFINITION MULT)
        (:EXECUTABLE-COUNTERPART CDR)
        (:EXECUTABLE-COUNTERPART CONSP)
        (:EXECUTABLE-COUNTERPART NUMP)
        (:FAKE-RUNE-FOR-TYPE-SET NIL)
        (:REWRITE ADD-COMMUTATIVITY)
        (:REWRITE FACT1-IS-FACT-GENERALIZED)
        (:REWRITE MAPNIL-NUMP)
        (:REWRITE MULT-COMMUTATIVITY)
        (:REWRITE NUMP-FACT))
Warnings:  None
Time:  0.00 seconds (prove: 0.00, print: 0.00, other: 0.00)
FACT1-IS-FACT

Summary
Form:  ( DEFUN MC-FLATTEN ...)
Rules: ((:FAKE-RUNE-FOR-TYPE-SET NIL))
Warnings:  None
Time:  0.00 seconds (prove: 0.00, print: 0.00, other: 0.00)
MC-FLATTEN

Summary
Form:  ( DEFTHM MC-FLATTEN-IS-LEAVES-GENERALIZED ...)
Rules: ((:DEFINITION APP)
        (:DEFINITION LEAVES)
        (:DEFINITION MC-FLATTEN)
        (:EXECUTABLE-COUNTERPART CONSP)
        (:FAKE-RUNE-FOR-TYPE-SET NIL)
        (:INDUCTION LEAVES)
        (:INDUCTION MC-FLATTEN)
        (:REWRITE ASSOCIATIVITY-OF-APP)
        (:REWRITE CAR-CONS)
        (:REWRITE CDR-CONS))
Warnings:  None
Time:  0.00 seconds (prove: 0.00, print: 0.00, other: 0.00)
MC-FLATTEN-IS-LEAVES-GENERALIZED

Summary
Form:  ( DEFTHM PROPERP-LEAVES ...)
Rules: NIL
Warnings:  None
Time:  0.00 seconds (prove: 0.00, print: 0.00, other: 0.00)
:REDUNDANT

Summary
Form:  ( DEFTHM MC-FLATTEN-IS-LEAVES ...)
Rules: ((:FAKE-RUNE-FOR-TYPE-SET NIL)
        (:REWRITE APP-RIGHT-IDENTITY)
        (:REWRITE MC-FLATTEN-IS-LEAVES-GENERALIZED)
        (:REWRITE PROPERP-LEAVES))
Warnings:  None
Time:  0.00 seconds (prove: 0.00, print: 0.00, other: 0.00)
MC-FLATTEN-IS-LEAVES

Summary
Form:  ( INCLUDE-BOOK "how-to-prove-thms" ...)
Rules: NIL
Warnings:  None
Time:  0.14 seconds (prove: 0.00, print: 0.00, other: 0.14)

"/Users/huangjianshi/src/acl2-sources/books/misc/how-to-prove-thms.fasl"


Summary
Form:  (CERTIFY-BOOK "how-to-prove-thms" ...)
Rules: NIL
Warnings:  None
Time:  0.56 seconds (prove: 0.18, print: 0.00, other: 0.37)
 "/Users/huangjianshi/src/acl2-sources/books/misc/how-to-prove-thms.lisp"
ACL2 !>
Exiting the ACL2 read-eval-print loop.  To re-enter, execute (LP).
* 