This is SBCL 1.0.1.34, an implementation of ANSI Common Lisp.
More information about SBCL is available at <http://www.sbcl.org/>.

SBCL is free software, provided as is, with absolutely no warranty.
It is mostly in the public domain; some portions are provided under
BSD-style licenses.  See the CREDITS and COPYING files in the
distribution for more information.

 ACL2 Version 3.1 built January 26, 2007  15:12:42.
 Copyright (C) 2006  University of Texas at Austin
 ACL2 comes with ABSOLUTELY NO WARRANTY.  This is free software and you
 are welcome to redistribute it under certain conditions.  For details,
 see the GNU General Public License.

 Initialized with (INITIALIZE-ACL2 'INCLUDE-BOOK *ACL2-PASS-2-FILES*).
 See the documentation topic note-3-1 for recent changes.
 Note: We have modified the prompt in some underlying Lisps to further
 distinguish it from the ACL2 prompt.

 NOTE!!  Proof trees are disabled in ACL2.  To enable them in emacs,
 look under the ACL2 source directory in interface/emacs/README.doc; 
 and, to turn on proof trees, execute :START-PROOF-TREE in the ACL2 
 command loop.   Look in the ACL2 documentation under PROOF-TREE.

ACL2 Version 3.1.  Level 1.  Cbd 
"/Users/huangjianshi/src/acl2-sources/books/misc/".
Type :help for help.
Type (good-bye) to quit completely out of ACL2.

ACL2 !>
Exiting the ACL2 read-eval-print loop.  To re-enter, execute (LP).
* 
#<PACKAGE "ACL2">
* 
ACL2 Version 3.1.  Level 1.  Cbd 
"/Users/huangjianshi/src/acl2-sources/books/misc/".
Type :help for help.
Type (good-bye) to quit completely out of ACL2.

ACL2 !> (PROVE PROOF-TREE
        WARNING OBSERVATION EVENT EXPANSION)
ACL2 !>
Summary
Form:  ( DEFLABEL META-LEMMAS ...)
Rules: NIL
Warnings:  None
Time:  0.00 seconds (prove: 0.00, print: 0.00, other: 0.00)
META-LEMMAS

Summary
Form:  ( DEFLABEL META-FUNCTIONS ...)
Rules: NIL
Warnings:  None
Time:  0.00 seconds (prove: 0.00, print: 0.00, other: 0.00)
META-FUNCTIONS
("theory")

Summary
Form:  ( IN-THEORY *DEFEVALUATOR-FORM-BASE-THEORY*)
Rules: NIL
Warnings:  None
Time:  0.00 seconds (prove: 0.00, print: 0.00, other: 0.00)
40

Summary
Form:  ( MUTUAL-RECURSION ( DEFUN META-EV ...) ...)
Rules: ((:DEFINITION ACL2-COUNT)
        (:DEFINITION ATOM)
        (:DEFINITION EQ)
        (:DEFINITION NOT)
        (:DEFINITION O-FINP)
        (:DEFINITION O<)
        (:ELIM CAR-CDR-ELIM)
        (:FAKE-RUNE-FOR-LINEAR NIL)
        (:FAKE-RUNE-FOR-TYPE-SET NIL)
        (:REWRITE CAR-CONS)
        (:REWRITE CDR-CONS)
        (:TYPE-PRESCRIPTION ACL2-COUNT))
Warnings:  None
Time:  0.14 seconds (prove: 0.08, print: 0.00, other: 0.06)
(META-EV META-EV-LIST)

Summary
Form:  ( DEFTHM META-EV-CONSTRAINT-1 ...)
Rules: ((:DEFINITION META-EV)
        (:FAKE-RUNE-FOR-TYPE-SET NIL))
Warnings:  None
Time:  0.00 seconds (prove: 0.00, print: 0.00, other: 0.00)
META-EV-CONSTRAINT-1

Summary
Form:  ( DEFTHM META-EV-CONSTRAINT-2 ...)
Rules: ((:DEFINITION META-EV)
        (:FAKE-RUNE-FOR-TYPE-SET NIL))
Warnings:  None
Time:  0.00 seconds (prove: 0.00, print: 0.00, other: 0.00)
META-EV-CONSTRAINT-2

Summary
Form:  ( DEFTHM META-EV-CONSTRAINT-3 ...)
Rules: ((:DEFINITION META-EV)
        (:FAKE-RUNE-FOR-TYPE-SET NIL))
Warnings:  None
Time:  0.00 seconds (prove: 0.00, print: 0.00, other: 0.00)
META-EV-CONSTRAINT-3

Summary
Form:  ( DEFTHM META-EV-CONSTRAINT-4 ...)
Rules: ((:DEFINITION META-EV-LIST)
        (:DEFINITION NOT)
        (:FAKE-RUNE-FOR-TYPE-SET NIL))
Warnings:  None
Time:  0.00 seconds (prove: 0.00, print: 0.00, other: 0.00)
META-EV-CONSTRAINT-4

Summary
Form:  ( DEFTHM META-EV-CONSTRAINT-5 ...)
Rules: ((:DEFINITION META-EV-LIST)
        (:FAKE-RUNE-FOR-TYPE-SET NIL))
Warnings:  None
Time:  0.00 seconds (prove: 0.00, print: 0.00, other: 0.00)
META-EV-CONSTRAINT-5

Summary
Form:  ( DEFTHM META-EV-CONSTRAINT-6 ...)
Rules: ((:DEFINITION META-EV)
        (:FAKE-RUNE-FOR-TYPE-SET NIL))
Warnings:  None
Time:  0.00 seconds (prove: 0.00, print: 0.00, other: 0.00)
META-EV-CONSTRAINT-6

Summary
Form:  ( DEFTHM META-EV-CONSTRAINT-7 ...)
Rules: ((:DEFINITION META-EV)
        (:FAKE-RUNE-FOR-TYPE-SET NIL))
Warnings:  None
Time:  0.00 seconds (prove: 0.00, print: 0.00, other: 0.00)
META-EV-CONSTRAINT-7

Summary
Form:  ( DEFTHM META-EV-CONSTRAINT-8 ...)
Rules: ((:DEFINITION META-EV)
        (:FAKE-RUNE-FOR-TYPE-SET NIL))
Warnings:  None
Time:  0.01 seconds (prove: 0.01, print: 0.00, other: 0.00)
META-EV-CONSTRAINT-8

Summary
Form:  ( DEFTHM META-EV-CONSTRAINT-9 ...)
Rules: ((:DEFINITION EQL)
        (:DEFINITION META-EV)
        (:FAKE-RUNE-FOR-TYPE-SET NIL))
Warnings:  None
Time:  0.01 seconds (prove: 0.01, print: 0.00, other: 0.00)
META-EV-CONSTRAINT-9

Summary
Form:  ( DEFTHM META-EV-CONSTRAINT-10 ...)
Rules: ((:DEFINITION META-EV)
        (:FAKE-RUNE-FOR-TYPE-SET NIL))
Warnings:  None
Time:  0.01 seconds (prove: 0.01, print: 0.00, other: 0.00)
META-EV-CONSTRAINT-10

Summary
Form:  ( DEFTHM META-EV-CONSTRAINT-11 ...)
Rules: ((:DEFINITION META-EV)
        (:FAKE-RUNE-FOR-TYPE-SET NIL))
Warnings:  None
Time:  0.01 seconds (prove: 0.01, print: 0.00, other: 0.00)
META-EV-CONSTRAINT-11

Summary
Form:  ( DEFTHM META-EV-CONSTRAINT-12 ...)
Rules: ((:DEFINITION META-EV)
        (:FAKE-RUNE-FOR-TYPE-SET NIL))
Warnings:  None
Time:  0.01 seconds (prove: 0.01, print: 0.00, other: 0.00)
META-EV-CONSTRAINT-12

Summary
Form:  ( DEFTHM META-EV-CONSTRAINT-13 ...)
Rules: ((:DEFINITION META-EV)
        (:FAKE-RUNE-FOR-TYPE-SET NIL))
Warnings:  None
Time:  0.00 seconds (prove: 0.00, print: 0.00, other: 0.00)
META-EV-CONSTRAINT-13

Summary
Form:  ( TABLE ACL2-DEFAULTS-TABLE ...)
Rules: NIL
Warnings:  None
Time:  0.00 seconds (prove: 0.00, print: 0.00, other: 0.00)
ACL2-DEFAULTS-TABLE

Summary
Form:  ( ENCAPSULATE (((META-EV * ...) ...) ...) ...)
Rules: NIL
Warnings:  None
Time:  0.21 seconds (prove: 0.14, print: 0.00, other: 0.07)
T

Summary
Form:  ( DEFUN FORMAL-CONSP ...)
Rules: ((:EXECUTABLE-COUNTERPART EQUAL)
        (:FAKE-RUNE-FOR-TYPE-SET NIL))
Warnings:  None
Time:  0.01 seconds (prove: 0.00, print: 0.00, other: 0.01)
FORMAL-CONSP

Summary
Form:  ( DEFUN FORMAL-TRUE-LISTP ...)
Rules: ((:DEFINITION ACL2-COUNT)
        (:DEFINITION EQ)
        (:DEFINITION FIX)
        (:DEFINITION NOT)
        (:DEFINITION O-FINP)
        (:DEFINITION O<)
        (:DEFINITION PSEUDO-TERM-LISTP)
        (:DEFINITION PSEUDO-TERMP)
        (:DEFINITION TRUE-LISTP)
        (:ELIM CAR-CDR-ELIM)
        (:EXECUTABLE-COUNTERPART ACL2-COUNT)
        (:EXECUTABLE-COUNTERPART EQUAL)
        (:EXECUTABLE-COUNTERPART NOT)
        (:EXECUTABLE-COUNTERPART SYMBOLP)
        (:EXECUTABLE-COUNTERPART TRUE-LISTP)
        (:FAKE-RUNE-FOR-LINEAR NIL)
        (:FAKE-RUNE-FOR-TYPE-SET NIL)
        (:REWRITE CAR-CONS)
        (:REWRITE CDR-CONS)
        (:REWRITE COMMUTATIVITY-OF-+)
        (:REWRITE UNICITY-OF-0)
        (:TYPE-PRESCRIPTION ACL2-COUNT)
        (:TYPE-PRESCRIPTION PSEUDO-TERM-LISTP))
Warnings:  None
Time:  0.03 seconds (prove: 0.02, print: 0.00, other: 0.01)
FORMAL-TRUE-LISTP

Summary
Form:  ( DEFUN FORMAL-NTH ...)
Rules: ((:COMPOUND-RECOGNIZER ZP-COMPOUND-RECOGNIZER)
        (:DEFINITION EQ)
        (:DEFINITION FORMAL-TRUE-LISTP)
        (:DEFINITION NOT)
        (:DEFINITION PSEUDO-TERM-LISTP)
        (:DEFINITION PSEUDO-TERMP)
        (:DEFINITION TRUE-LISTP)
        (:ELIM CAR-CDR-ELIM)
        (:EXECUTABLE-COUNTERPART EQUAL)
        (:EXECUTABLE-COUNTERPART NOT)
        (:EXECUTABLE-COUNTERPART SYMBOLP)
        (:EXECUTABLE-COUNTERPART TRUE-LISTP)
        (:FAKE-RUNE-FOR-TYPE-SET NIL)
        (:REWRITE CAR-CONS)
        (:REWRITE CDR-CONS)
        (:REWRITE CONS-EQUAL)
        (:TYPE-PRESCRIPTION PSEUDO-TERM-LISTP)
        (:TYPE-PRESCRIPTION PSEUDO-TERMP)
        (:TYPE-PRESCRIPTION TRUE-LISTP))
Warnings:  None
Time:  0.04 seconds (prove: 0.02, print: 0.00, other: 0.02)
FORMAL-NTH

Summary
Form:  ( DEFUN REDUCE-NTH-META ...)
Rules: ((:DEFINITION EQ)
        (:DEFINITION NOT)
        (:DEFINITION PSEUDO-TERM-LISTP)
        (:DEFINITION PSEUDO-TERMP)
        (:DEFINITION TRUE-LISTP)
        (:EXECUTABLE-COUNTERPART EQUAL)
        (:EXECUTABLE-COUNTERPART NOT)
        (:EXECUTABLE-COUNTERPART PSEUDO-TERM-LISTP)
        (:EXECUTABLE-COUNTERPART SYMBOLP)
        (:EXECUTABLE-COUNTERPART TRUE-LISTP)
        (:TYPE-PRESCRIPTION PSEUDO-TERM-LISTP)
        (:TYPE-PRESCRIPTION PSEUDO-TERMP))
Warnings:  None
Time:  0.03 seconds (prove: 0.01, print: 0.00, other: 0.01)
REDUCE-NTH-META

Summary
Form:  ( DEFTHM FORMAL-TRUE-LISTP-IMPLIES-TRUE-LISTP-META-EV ...)
Rules: ((:DEFINITION EQ)
        (:DEFINITION FORMAL-TRUE-LISTP)
        (:DEFINITION NOT)
        (:DEFINITION PSEUDO-TERM-LISTP)
        (:DEFINITION PSEUDO-TERMP)
        (:DEFINITION TRUE-LISTP)
        (:ELIM CAR-CDR-ELIM)
        (:EXECUTABLE-COUNTERPART EQUAL)
        (:EXECUTABLE-COUNTERPART NOT)
        (:EXECUTABLE-COUNTERPART SYMBOLP)
        (:EXECUTABLE-COUNTERPART TRUE-LISTP)
        (:FAKE-RUNE-FOR-TYPE-SET NIL)
        (:INDUCTION FORMAL-TRUE-LISTP)
        (:REWRITE CAR-CONS)
        (:REWRITE CDR-CONS)
        (:REWRITE CONS-EQUAL)
        (:REWRITE META-EV-CONSTRAINT-2)
        (:REWRITE META-EV-CONSTRAINT-8)
        (:TYPE-PRESCRIPTION ALISTP)
        (:TYPE-PRESCRIPTION PSEUDO-TERM-LISTP)
        (:TYPE-PRESCRIPTION TRUE-LISTP))
Warnings:  None
Time:  0.04 seconds (prove: 0.04, print: 0.00, other: 0.00)
FORMAL-TRUE-LISTP-IMPLIES-TRUE-LISTP-META-EV

Summary
Form:  ( DEFTHM REDUCE-NTH-META-CORRECT-LEMMA ...)
Rules: ((:COMPOUND-RECOGNIZER ZP-COMPOUND-RECOGNIZER)
        (:DEFINITION EQ)
        (:DEFINITION FORMAL-NTH)
        (:DEFINITION FORMAL-TRUE-LISTP)
        (:DEFINITION NOT)
        (:DEFINITION NTH)
        (:DEFINITION PSEUDO-TERM-LISTP)
        (:DEFINITION PSEUDO-TERMP)
        (:DEFINITION TRUE-LISTP)
        (:ELIM CAR-CDR-ELIM)
        (:EXECUTABLE-COUNTERPART <)
        (:EXECUTABLE-COUNTERPART CAR)
        (:EXECUTABLE-COUNTERPART CDR)
        (:EXECUTABLE-COUNTERPART EQUAL)
        (:EXECUTABLE-COUNTERPART FORMAL-TRUE-LISTP)
        (:EXECUTABLE-COUNTERPART INTEGERP)
        (:EXECUTABLE-COUNTERPART NOT)
        (:EXECUTABLE-COUNTERPART PSEUDO-TERMP)
        (:EXECUTABLE-COUNTERPART SYMBOLP)
        (:EXECUTABLE-COUNTERPART TRUE-LISTP)
        (:EXECUTABLE-COUNTERPART ZP)
        (:FAKE-RUNE-FOR-LINEAR NIL)
        (:FAKE-RUNE-FOR-TYPE-SET NIL)
        (:INDUCTION FORMAL-NTH)
        (:REWRITE CAR-CONS)
        (:REWRITE CDR-CONS)
        (:REWRITE CONS-EQUAL)
        (:REWRITE DEFAULT-CDR)
        (:REWRITE META-EV-CONSTRAINT-1)
        (:REWRITE META-EV-CONSTRAINT-2)
        (:REWRITE META-EV-CONSTRAINT-8)
        (:REWRITE NTH-0-CONS)
        (:TYPE-PRESCRIPTION ALISTP)
        (:TYPE-PRESCRIPTION PSEUDO-TERM-LISTP)
        (:TYPE-PRESCRIPTION TRUE-LISTP))
Warnings:  None
Time:  0.09 seconds (prove: 0.09, print: 0.00, other: 0.00)
REDUCE-NTH-META-CORRECT-LEMMA

Summary
Form:  ( DEFTHM REDUCE-NTH-META-CORRECT ...)
Rules: ((:DEFINITION PSEUDO-TERM-LISTP)
        (:DEFINITION PSEUDO-TERMP)
        (:DEFINITION REDUCE-NTH-META)
        (:DEFINITION TRUE-LISTP)
        (:EXECUTABLE-COUNTERPART EQUAL)
        (:EXECUTABLE-COUNTERPART PSEUDO-TERM-LISTP)
        (:EXECUTABLE-COUNTERPART SYMBOLP)
        (:EXECUTABLE-COUNTERPART TRUE-LISTP)
        (:FAKE-RUNE-FOR-TYPE-SET NIL)
        (:REWRITE META-EV-CONSTRAINT-12)
        (:REWRITE META-EV-CONSTRAINT-2)
        (:REWRITE REDUCE-NTH-META-CORRECT-LEMMA)
        (:TYPE-PRESCRIPTION ALISTP)
        (:TYPE-PRESCRIPTION PSEUDO-TERM-LISTP)
        (:TYPE-PRESCRIPTION PSEUDO-TERMP))
Warnings:  None
Time:  0.02 seconds (prove: 0.02, print: 0.00, other: 0.00)
REDUCE-NTH-META-CORRECT

Summary
Form:  ( ENCAPSULATE NIL (LOCAL ...) ...)
Rules: NIL
Warnings:  None
Time:  0.15 seconds (prove: 0.14, print: 0.00, other: 0.00)
T

Summary
Form:  ( DEFUN FORMAL-MEMBER ...)
Rules: ((:DEFINITION ENDP)
        (:DEFINITION EQLABLE-LISTP)
        (:DEFINITION NOT)
        (:FAKE-RUNE-FOR-TYPE-SET NIL)
        (:FORWARD-CHAINING ATOM-LISTP-FORWARD-TO-TRUE-LISTP)
        (:FORWARD-CHAINING EQLABLE-LISTP-FORWARD-TO-ATOM-LISTP)
        (:TYPE-PRESCRIPTION ATOM-LISTP)
        (:TYPE-PRESCRIPTION EQLABLE-LISTP))
Warnings:  None
Time:  0.01 seconds (prove: 0.00, print: 0.00, other: 0.01)
FORMAL-MEMBER

Summary
Form:  ( DEFUN EXPAND-MEMBER-META ...)
Rules: ((:DEFINITION EQ)
        (:DEFINITION NOT)
        (:DEFINITION PSEUDO-TERM-LISTP)
        (:DEFINITION PSEUDO-TERMP)
        (:DEFINITION TRUE-LISTP)
        (:EXECUTABLE-COUNTERPART EQUAL)
        (:EXECUTABLE-COUNTERPART SYMBOLP)
        (:EXECUTABLE-COUNTERPART TRUE-LISTP)
        (:TYPE-PRESCRIPTION PSEUDO-TERM-LISTP))
Warnings:  None
Time:  0.02 seconds (prove: 0.00, print: 0.00, other: 0.01)
EXPAND-MEMBER-META

Summary
Form:  ( DEFTHM PSEUDO-TERMP-FORMAL-MEMBER ...)
Rules: ((:DEFINITION ENDP)
        (:DEFINITION EQLABLE-LISTP)
        (:DEFINITION FORMAL-MEMBER)
        (:DEFINITION NOT)
        (:DEFINITION PSEUDO-TERM-LISTP)
        (:DEFINITION PSEUDO-TERMP)
        (:EXECUTABLE-COUNTERPART CONSP)
        (:EXECUTABLE-COUNTERPART EQUAL)
        (:EXECUTABLE-COUNTERPART PSEUDO-TERM-LISTP)
        (:EXECUTABLE-COUNTERPART PSEUDO-TERMP)
        (:EXECUTABLE-COUNTERPART SYMBOLP)
        (:FAKE-RUNE-FOR-TYPE-SET NIL)
        (:INDUCTION EQLABLE-LISTP)
        (:INDUCTION FORMAL-MEMBER)
        (:REWRITE CAR-CONS)
        (:REWRITE CDR-CONS)
        (:TYPE-PRESCRIPTION PSEUDO-TERM-LISTP)
        (:TYPE-PRESCRIPTION PSEUDO-TERMP))
Warnings:  None
Time:  0.01 seconds (prove: 0.01, print: 0.00, other: 0.00)
PSEUDO-TERMP-FORMAL-MEMBER

Summary
Form:  ( DEFTHM EQLABLE-LISTP-RECOGNIZER ...)
Rules: ((:FORWARD-CHAINING ATOM-LISTP-FORWARD-TO-TRUE-LISTP)
        (:FORWARD-CHAINING EQLABLE-LISTP-FORWARD-TO-ATOM-LISTP)
        (:TYPE-PRESCRIPTION ATOM-LISTP)
        (:TYPE-PRESCRIPTION EQLABLE-LISTP))
Warnings:  None
Time:  0.00 seconds (prove: 0.00, print: 0.00, other: 0.00)
EQLABLE-LISTP-RECOGNIZER

Summary
Form:  ( DEFTHM EXPAND-MEMBER-META-CORRECT-LEMMA ...)
Rules: ((:COMPOUND-RECOGNIZER EQLABLE-LISTP-RECOGNIZER)
        (:DEFINITION ENDP)
        (:DEFINITION EQL)
        (:DEFINITION EQLABLE-LISTP)
        (:DEFINITION FORMAL-MEMBER)
        (:DEFINITION MEMBER)
        (:DEFINITION NOT)
        (:EXECUTABLE-COUNTERPART CAR)
        (:EXECUTABLE-COUNTERPART CDR)
        (:EXECUTABLE-COUNTERPART CONSP)
        (:EXECUTABLE-COUNTERPART EQUAL)
        (:FAKE-RUNE-FOR-TYPE-SET NIL)
        (:INDUCTION FORMAL-MEMBER)
        (:REWRITE CAR-CONS)
        (:REWRITE CDR-CONS)
        (:REWRITE META-EV-CONSTRAINT-10)
        (:REWRITE META-EV-CONSTRAINT-2)
        (:REWRITE META-EV-CONSTRAINT-9)
        (:TYPE-PRESCRIPTION ALISTP)
        (:TYPE-PRESCRIPTION EQLABLE-LISTP)
        (:TYPE-PRESCRIPTION PSEUDO-TERMP))
Warnings:  None
Time:  0.01 seconds (prove: 0.01, print: 0.00, other: 0.00)
EXPAND-MEMBER-META-CORRECT-LEMMA

Summary
Form:  ( DEFTHM EXPAND-MEMBER-META-CORRECT ...)
Rules: ((:COMPOUND-RECOGNIZER EQLABLE-LISTP-RECOGNIZER)
        (:DEFINITION EXPAND-MEMBER-META)
        (:DEFINITION PSEUDO-TERM-LISTP)
        (:DEFINITION PSEUDO-TERMP)
        (:DEFINITION TRUE-LISTP)
        (:EXECUTABLE-COUNTERPART EQUAL)
        (:EXECUTABLE-COUNTERPART PSEUDO-TERM-LISTP)
        (:EXECUTABLE-COUNTERPART SYMBOLP)
        (:EXECUTABLE-COUNTERPART TRUE-LISTP)
        (:FAKE-RUNE-FOR-TYPE-SET NIL)
        (:REWRITE EXPAND-MEMBER-META-CORRECT-LEMMA)
        (:REWRITE META-EV-CONSTRAINT-11)
        (:REWRITE META-EV-CONSTRAINT-2)
        (:TYPE-PRESCRIPTION ALISTP)
        (:TYPE-PRESCRIPTION PSEUDO-TERM-LISTP)
        (:TYPE-PRESCRIPTION PSEUDO-TERMP))
Warnings:  None
Time:  0.01 seconds (prove: 0.01, print: 0.00, other: 0.00)
EXPAND-MEMBER-META-CORRECT

Summary
Form:  ( ENCAPSULATE NIL (LOCAL ...) ...)
Rules: NIL
Warnings:  None
Time:  0.03 seconds (prove: 0.03, print: 0.00, other: 0.00)
T

Summary
Form:  ( DEFTHEORY META-LEMMA-THEORY ...)
Rules: NIL
Warnings:  None
Time:  0.00 seconds (prove: 0.00, print: 0.00, other: 0.00)
2

Summary
Form:  ( INCLUDE-BOOK "meta-lemmas" ...)
Rules: NIL
Warnings:  None
Time:  0.08 seconds (prove: 0.00, print: 0.00, other: 0.08)

"/Users/huangjianshi/src/acl2-sources/books/misc/meta-lemmas.fasl"


Summary
Form:  (CERTIFY-BOOK "meta-lemmas" ...)
Rules: NIL
Warnings:  None
Time:  0.63 seconds (prove: 0.36, print: 0.00, other: 0.27)
 "/Users/huangjianshi/src/acl2-sources/books/misc/meta-lemmas.lisp"
ACL2 !>
Exiting the ACL2 read-eval-print loop.  To re-enter, execute (LP).
* 