This is SBCL 1.0.1.34, an implementation of ANSI Common Lisp.
More information about SBCL is available at <http://www.sbcl.org/>.

SBCL is free software, provided as is, with absolutely no warranty.
It is mostly in the public domain; some portions are provided under
BSD-style licenses.  See the CREDITS and COPYING files in the
distribution for more information.

 ACL2 Version 3.1 built January 26, 2007  15:12:42.
 Copyright (C) 2006  University of Texas at Austin
 ACL2 comes with ABSOLUTELY NO WARRANTY.  This is free software and you
 are welcome to redistribute it under certain conditions.  For details,
 see the GNU General Public License.

 Initialized with (INITIALIZE-ACL2 'INCLUDE-BOOK *ACL2-PASS-2-FILES*).
 See the documentation topic note-3-1 for recent changes.
 Note: We have modified the prompt in some underlying Lisps to further
 distinguish it from the ACL2 prompt.

 NOTE!!  Proof trees are disabled in ACL2.  To enable them in emacs,
 look under the ACL2 source directory in interface/emacs/README.doc; 
 and, to turn on proof trees, execute :START-PROOF-TREE in the ACL2 
 command loop.   Look in the ACL2 documentation under PROOF-TREE.

ACL2 Version 3.1.  Level 1.  Cbd 
"/Users/huangjianshi/src/acl2-sources/books/misc/".
Type :help for help.
Type (good-bye) to quit completely out of ACL2.

ACL2 !>
Exiting the ACL2 read-eval-print loop.  To re-enter, execute (LP).
* 
#<PACKAGE "ACL2">
* 
ACL2 Version 3.1.  Level 1.  Cbd 
"/Users/huangjianshi/src/acl2-sources/books/misc/".
Type :help for help.
Type (good-bye) to quit completely out of ACL2.

ACL2 !> (PROVE PROOF-TREE
        WARNING OBSERVATION EVENT EXPANSION)
ACL2 !>
Summary
Form:  ( TABLE PRIORITIES ...)
Rules: NIL
Warnings:  None
Time:  0.00 seconds (prove: 0.00, print: 0.00, other: 0.00)
PRIORITIES

Summary
Form:  ( DEFMACRO ADD-PRIORITY ...)
Rules: NIL
Warnings:  None
Time:  0.01 seconds (prove: 0.00, print: 0.00, other: 0.01)
ADD-PRIORITY

Summary
Form:  ( DEFMACRO DEL-PRIORITY ...)
Rules: NIL
Warnings:  None
Time:  0.00 seconds (prove: 0.00, print: 0.00, other: 0.00)
DEL-PRIORITY

Summary
Form:  ( DEFMACRO CLR-PRIORITY ...)
Rules: NIL
Warnings:  None
Time:  0.00 seconds (prove: 0.00, print: 0.00, other: 0.00)
CLR-PRIORITY

Summary
Form:  ( DEFMACRO CLR-PRIORITIES ...)
Rules: NIL
Warnings:  None
Time:  0.00 seconds (prove: 0.00, print: 0.00, other: 0.00)
CLR-PRIORITIES

Summary
Form:  ( DEFUN ALL-PRIORITIZED-ITEMS ...)
Rules: ((:TYPE-PRESCRIPTION UNION-EQUAL))
Warnings:  None
Time:  0.01 seconds (prove: 0.00, print: 0.00, other: 0.01)
ALL-PRIORITIZED-ITEMS

Summary
Form:  ( DEFMACRO DISABLE-PRIORITIZED-RUNES ...)
Rules: NIL
Warnings:  None
Time:  0.00 seconds (prove: 0.00, print: 0.00, other: 0.00)
DISABLE-PRIORITIZED-RUNES

Summary
Form:  ( DEFUN NEXT-PRIORITY1 ...)
Rules: NIL
Warnings:  None
Time:  0.01 seconds (prove: 0.00, print: 0.00, other: 0.01)
NEXT-PRIORITY1

Summary
Form:  ( DEFUN NEXT-PRIORITY ...)
Rules: NIL
Warnings:  None
Time:  0.00 seconds (prove: 0.00, print: 0.00, other: 0.00)
NEXT-PRIORITY

Summary
Form:  ( DEFUN RULES-UP-TO-PRIORITY1 ...)
Rules: ((:TYPE-PRESCRIPTION UNION-EQUAL))
Warnings:  None
Time:  0.01 seconds (prove: 0.00, print: 0.00, other: 0.01)
RULES-UP-TO-PRIORITY1

Summary
Form:  ( DEFUN RULES-UP-TO-PRIORITY ...)
Rules: ((:TYPE-PRESCRIPTION RULES-UP-TO-PRIORITY1))
Warnings:  None
Time:  0.00 seconds (prove: 0.00, print: 0.00, other: 0.00)
RULES-UP-TO-PRIORITY

Summary
Form:  ( DEFUN PRIORITY-PHASED-SIMPLIFICATION ...)
Rules: ((:FAKE-RUNE-FOR-TYPE-SET NIL))
Warnings:  None
Time:  0.01 seconds (prove: 0.00, print: 0.00, other: 0.01)
PRIORITY-PHASED-SIMPLIFICATION

Summary
Form:  ( DEFCONST *PRIORITY-PHASED-SIMPLIFICATION* ...)
Rules: NIL
Warnings:  None
Time:  0.00 seconds (prove: 0.00, print: 0.00, other: 0.00)
*PRIORITY-PHASED-SIMPLIFICATION*
((PRIORITY-PHASED-SIMPLIFICATION WORLD STABLE-UNDER-SIMPLIFICATIONP 0))

Summary
Form:  ( DEFUN CCC ...)
Rules: ((:FAKE-RUNE-FOR-TYPE-SET NIL))
Warnings:  None
Time:  0.00 seconds (prove: 0.00, print: 0.00, other: 0.00)
CCC

Summary
Form:  ( DEFUN BBB ...)
Rules: ((:TYPE-PRESCRIPTION CCC))
Warnings:  None
Time:  0.01 seconds (prove: 0.00, print: 0.00, other: 0.01)
BBB

Summary
Form:  ( DEFUN AAA ...)
Rules: ((:TYPE-PRESCRIPTION BBB))
Warnings:  None
Time:  0.01 seconds (prove: 0.00, print: 0.00, other: 0.01)
AAA

Summary
Form:  ( TABLE PRIORITIES ...)
Rules: NIL
Warnings:  None
Time:  0.00 seconds (prove: 0.00, print: 0.00, other: 0.00)
PRIORITIES

Summary
Form:  ( TABLE PRIORITIES ...)
Rules: NIL
Warnings:  None
Time:  0.00 seconds (prove: 0.00, print: 0.00, other: 0.00)
PRIORITIES

Summary
Form:  ( TABLE PRIORITIES ...)
Rules: NIL
Warnings:  None
Time:  0.00 seconds (prove: 0.00, print: 0.00, other: 0.00)
PRIORITIES

Summary
Form:  ( IN-THEORY (SET-DIFFERENCE-THEORIES-FN ...))
Rules: NIL
Warnings:  None
Time:  0.00 seconds (prove: 0.00, print: 0.00, other: 0.00)
1818

Summary
Form:  ( DEFTHM SIMPLE-PRIORITY-EXAMPLE ...)
Rules: ((:DEFINITION AAA)
        (:DEFINITION BBB)
        (:DEFINITION CCC)
        (:FAKE-RUNE-FOR-TYPE-SET NIL)
        (:REWRITE ASSOCIATIVITY-OF-+)
        (:REWRITE CAR-CONS)
        (:REWRITE COMMUTATIVITY-OF-+)
        (:TYPE-PRESCRIPTION AAA))
Warnings:  None
Time:  0.04 seconds (prove: 0.04, print: 0.00, other: 0.00)
SIMPLE-PRIORITY-EXAMPLE

Summary
Form:  ( ENCAPSULATE NIL (SET-DEFAULT-HINTS ...) ...)
Rules: NIL
Warnings:  None
Time:  0.07 seconds (prove: 0.04, print: 0.00, other: 0.03)
T

Summary
Form:  ( INCLUDE-BOOK "priorities" ...)
Rules: NIL
Warnings:  None
Time:  0.05 seconds (prove: 0.00, print: 0.00, other: 0.05)

"/Users/huangjianshi/src/acl2-sources/books/misc/priorities.fasl"


Summary
Form:  (CERTIFY-BOOK "priorities" ...)
Rules: NIL
Warnings:  None
Time:  0.24 seconds (prove: 0.04, print: 0.00, other: 0.20)
 "/Users/huangjianshi/src/acl2-sources/books/misc/priorities.lisp"
ACL2 !>
Exiting the ACL2 read-eval-print loop.  To re-enter, execute (LP).
* 