This is SBCL 1.0.1.34, an implementation of ANSI Common Lisp.
More information about SBCL is available at <http://www.sbcl.org/>.

SBCL is free software, provided as is, with absolutely no warranty.
It is mostly in the public domain; some portions are provided under
BSD-style licenses.  See the CREDITS and COPYING files in the
distribution for more information.

 ACL2 Version 3.1 built January 26, 2007  15:12:42.
 Copyright (C) 2006  University of Texas at Austin
 ACL2 comes with ABSOLUTELY NO WARRANTY.  This is free software and you
 are welcome to redistribute it under certain conditions.  For details,
 see the GNU General Public License.

 Initialized with (INITIALIZE-ACL2 'INCLUDE-BOOK *ACL2-PASS-2-FILES*).
 See the documentation topic note-3-1 for recent changes.
 Note: We have modified the prompt in some underlying Lisps to further
 distinguish it from the ACL2 prompt.

 NOTE!!  Proof trees are disabled in ACL2.  To enable them in emacs,
 look under the ACL2 source directory in interface/emacs/README.doc; 
 and, to turn on proof trees, execute :START-PROOF-TREE in the ACL2 
 command loop.   Look in the ACL2 documentation under PROOF-TREE.

ACL2 Version 3.1.  Level 1.  Cbd 
"/Users/huangjianshi/src/acl2-sources/books/misc/".
Type :help for help.
Type (good-bye) to quit completely out of ACL2.

ACL2 !>
Exiting the ACL2 read-eval-print loop.  To re-enter, execute (LP).
* 
#<PACKAGE "ACL2">
* 
ACL2 Version 3.1.  Level 1.  Cbd 
"/Users/huangjianshi/src/acl2-sources/books/misc/".
Type :help for help.
Type (good-bye) to quit completely out of ACL2.

ACL2 !> (PROVE PROOF-TREE
        WARNING OBSERVATION EVENT EXPANSION)
ACL2 !>
Summary
Form:  ( INCLUDE-BOOK "total-order" ...)
Rules: NIL
Warnings:  None
Time:  0.02 seconds (prove: 0.00, print: 0.00, other: 0.02)
"/Users/huangjianshi/src/acl2-sources/books/misc/total-order.lisp"

Summary
Form:  ( DEFUN RCDP ...)
Rules: ((:DEFINITION NOT)
        (:DEFINITION NULL)
        (:DEFINITION RCDP)
        (:FAKE-RUNE-FOR-TYPE-SET NIL)
        (:TYPE-PRESCRIPTION <<))
Warnings:  None
Time:  0.01 seconds (prove: 0.00, print: 0.00, other: 0.01)
RCDP

Summary
Form:  ( DEFUN IFRP ...)
Rules: ((:DEFINITION ACL2-COUNT)
        (:DEFINITION FIX)
        (:DEFINITION NOT)
        (:DEFINITION NULL)
        (:DEFINITION O-FINP)
        (:DEFINITION O<)
        (:DEFINITION RCDP)
        (:EXECUTABLE-COUNTERPART ACL2-COUNT)
        (:EXECUTABLE-COUNTERPART EQUAL)
        (:EXECUTABLE-COUNTERPART RCDP)
        (:FAKE-RUNE-FOR-LINEAR NIL)
        (:FAKE-RUNE-FOR-TYPE-SET NIL)
        (:REWRITE COMMUTATIVITY-OF-+)
        (:REWRITE UNICITY-OF-0)
        (:TYPE-PRESCRIPTION ACL2-COUNT))
Warnings:  None
Time:  0.01 seconds (prove: 0.00, print: 0.00, other: 0.00)
IFRP

Summary
Form:  ( DEFUN ACL2->RCD ...)
Rules: ((:FAKE-RUNE-FOR-TYPE-SET NIL))
Warnings:  None
Time:  0.00 seconds (prove: 0.00, print: 0.00, other: 0.00)
ACL2->RCD

Summary
Form:  ( DEFUN RCD->ACL2 ...)
Rules: ((:DEFINITION NOT)
        (:DEFINITION RCDP)
        (:EXECUTABLE-COUNTERPART CAR)
        (:EXECUTABLE-COUNTERPART CONSP)
        (:EXECUTABLE-COUNTERPART EQUAL)
        (:EXECUTABLE-COUNTERPART IFRP)
        (:EXECUTABLE-COUNTERPART NOT)
        (:FAKE-RUNE-FOR-TYPE-SET NIL))
Warnings:  None
Time:  0.00 seconds (prove: 0.00, print: 0.00, other: 0.00)
RCD->ACL2

Summary
Form:  ( DEFUN G-AUX ...)
Rules: ((:DEFINITION ACL2-COUNT)
        (:DEFINITION ENDP)
        (:DEFINITION NOT)
        (:DEFINITION O-FINP)
        (:DEFINITION O<)
        (:DEFINITION RCDP)
        (:FAKE-RUNE-FOR-LINEAR NIL)
        (:FAKE-RUNE-FOR-TYPE-SET NIL)
        (:TYPE-PRESCRIPTION ACL2-COUNT))
Warnings:  None
Time:  0.01 seconds (prove: 0.00, print: 0.00, other: 0.01)
G-AUX

Summary
Form:  ( DEFUN G ...)
Rules: ((:DEFINITION ACL2->RCD)
        (:DEFINITION IFRP)
        (:DEFINITION RCDP)
        (:EXECUTABLE-COUNTERPART EQUAL)
        (:EXECUTABLE-COUNTERPART IFRP)
        (:EXECUTABLE-COUNTERPART NOT)
        (:EXECUTABLE-COUNTERPART RCDP)
        (:FAKE-RUNE-FOR-TYPE-SET NIL)
        (:REWRITE CAR-CONS)
        (:REWRITE CDR-CONS))
Warnings:  None
Time:  0.00 seconds (prove: 0.00, print: 0.00, other: 0.00)
G

Summary
Form:  ( DEFUN S-AUX ...)
Rules: ((:DEFINITION ACL2-COUNT)
        (:DEFINITION ENDP)
        (:DEFINITION NOT)
        (:DEFINITION O-FINP)
        (:DEFINITION O<)
        (:DEFINITION RCDP)
        (:FAKE-RUNE-FOR-LINEAR NIL)
        (:FAKE-RUNE-FOR-TYPE-SET NIL)
        (:TYPE-PRESCRIPTION ACL2-COUNT))
Warnings:  None
Time:  0.01 seconds (prove: 0.00, print: 0.00, other: 0.01)
S-AUX

Summary
Form:  ( DEFTHM S-AUX-IS-BOUNDED ...)
Rules: ((:DEFINITION RCDP)
        (:DEFINITION S-AUX)
        (:ELIM CAR-CDR-ELIM)
        (:EXECUTABLE-COUNTERPART CAR)
        (:EXECUTABLE-COUNTERPART CONSP)
        (:EXECUTABLE-COUNTERPART NOT)
        (:EXECUTABLE-COUNTERPART RCDP)
        (:FAKE-RUNE-FOR-TYPE-SET NIL)
        (:REWRITE <<-ASYMMETRIC)
        (:REWRITE <<-IRREFLEXIVE)
        (:REWRITE <<-TRANSITIVE)
        (:REWRITE <<-TRICHOTOMY)
        (:REWRITE CAR-CONS)
        (:REWRITE CDR-CONS)
        (:TYPE-PRESCRIPTION <<))
Warnings:  None
Time:  0.02 seconds (prove: 0.02, print: 0.00, other: 0.00)
S-AUX-IS-BOUNDED

Summary
Form:  ( DEFTHM S-AUX-PRESERVES-RCDP ...)
Rules: ((:DEFINITION ENDP)
        (:DEFINITION RCDP)
        (:DEFINITION S-AUX)
        (:EXECUTABLE-COUNTERPART CAR)
        (:EXECUTABLE-COUNTERPART CONSP)
        (:EXECUTABLE-COUNTERPART EQUAL)
        (:EXECUTABLE-COUNTERPART RCDP)
        (:FAKE-RUNE-FOR-TYPE-SET NIL)
        (:INDUCTION RCDP)
        (:INDUCTION S-AUX)
        (:REWRITE <<-ASYMMETRIC)
        (:REWRITE <<-IRREFLEXIVE)
        (:REWRITE <<-TRICHOTOMY)
        (:REWRITE CAR-CONS)
        (:REWRITE CDR-CONS)
        (:REWRITE S-AUX-IS-BOUNDED)
        (:TYPE-PRESCRIPTION <<)
        (:TYPE-PRESCRIPTION RCDP))
Warnings:  None
Time:  0.01 seconds (prove: 0.01, print: 0.00, other: 0.00)
S-AUX-PRESERVES-RCDP

Summary
Form:  ( DEFUN S ...)
Rules: ((:DEFINITION ACL2->RCD)
        (:DEFINITION IFRP)
        (:DEFINITION NOT)
        (:DEFINITION NULL)
        (:DEFINITION RCDP)
        (:DEFINITION S-AUX)
        (:EXECUTABLE-COUNTERPART <<)
        (:EXECUTABLE-COUNTERPART CONSP)
        (:EXECUTABLE-COUNTERPART EQUAL)
        (:EXECUTABLE-COUNTERPART IFRP)
        (:EXECUTABLE-COUNTERPART NOT)
        (:EXECUTABLE-COUNTERPART RCDP)
        (:FAKE-RUNE-FOR-TYPE-SET NIL)
        (:INDUCTION IFRP)
        (:REWRITE <<-IRREFLEXIVE)
        (:REWRITE <<-TRICHOTOMY)
        (:REWRITE CAR-CONS)
        (:REWRITE CDR-CONS)
        (:REWRITE S-AUX-IS-BOUNDED)
        (:REWRITE S-AUX-PRESERVES-RCDP)
        (:TYPE-PRESCRIPTION <<)
        (:TYPE-PRESCRIPTION IFRP)
        (:TYPE-PRESCRIPTION RCDP))
Warnings:  None
Time:  0.04 seconds (prove: 0.03, print: 0.00, other: 0.00)
S

Summary
Form:  ( DEFTHM RCDP-IMPLIES-TRUE-LISTP ...)
Rules: ((:DEFINITION NOT)
        (:DEFINITION NULL)
        (:DEFINITION RCDP)
        (:FAKE-RUNE-FOR-TYPE-SET NIL)
        (:INDUCTION RCDP)
        (:INDUCTION TRUE-LISTP)
        (:TYPE-PRESCRIPTION TRUE-LISTP))
Warnings:  None
Time:  0.00 seconds (prove: 0.00, print: 0.00, other: 0.00)
RCDP-IMPLIES-TRUE-LISTP

Summary
Form:  ( DEFTHM G-AUX-SAME-S-AUX ...)
Rules: ((:DEFINITION ENDP)
        (:DEFINITION G-AUX)
        (:DEFINITION RCDP)
        (:DEFINITION S-AUX)
        (:EXECUTABLE-COUNTERPART CAR)
        (:EXECUTABLE-COUNTERPART CONSP)
        (:EXECUTABLE-COUNTERPART ENDP)
        (:EXECUTABLE-COUNTERPART EQUAL)
        (:FAKE-RUNE-FOR-TYPE-SET NIL)
        (:FORWARD-CHAINING RCDP-IMPLIES-TRUE-LISTP)
        (:INDUCTION RCDP)
        (:INDUCTION S-AUX)
        (:REWRITE <<-ASYMMETRIC)
        (:REWRITE <<-IRREFLEXIVE)
        (:REWRITE <<-TRICHOTOMY)
        (:REWRITE CAR-CONS)
        (:REWRITE CDR-CONS)
        (:TYPE-PRESCRIPTION <<)
        (:TYPE-PRESCRIPTION RCDP))
Warnings:  None
Time:  0.01 seconds (prove: 0.01, print: 0.00, other: 0.00)
G-AUX-SAME-S-AUX

Summary
Form:  ( DEFTHM G-AUX-DIFF-S-AUX ...)
Rules: ((:DEFINITION ENDP)
        (:DEFINITION G-AUX)
        (:DEFINITION NOT)
        (:DEFINITION RCDP)
        (:DEFINITION S-AUX)
        (:ELIM CAR-CDR-ELIM)
        (:EXECUTABLE-COUNTERPART CAR)
        (:EXECUTABLE-COUNTERPART CONSP)
        (:EXECUTABLE-COUNTERPART ENDP)
        (:EXECUTABLE-COUNTERPART EQUAL)
        (:EXECUTABLE-COUNTERPART RCDP)
        (:FAKE-RUNE-FOR-TYPE-SET NIL)
        (:FORWARD-CHAINING RCDP-IMPLIES-TRUE-LISTP)
        (:INDUCTION G-AUX)
        (:INDUCTION RCDP)
        (:INDUCTION S-AUX)
        (:REWRITE <<-ASYMMETRIC)
        (:REWRITE <<-IRREFLEXIVE)
        (:REWRITE <<-TRANSITIVE)
        (:REWRITE <<-TRICHOTOMY)
        (:REWRITE CAR-CONS)
        (:REWRITE CDR-CONS)
        (:TYPE-PRESCRIPTION <<)
        (:TYPE-PRESCRIPTION RCDP))
Warnings:  None
Time:  0.08 seconds (prove: 0.08, print: 0.00, other: 0.00)
G-AUX-DIFF-S-AUX

Summary
Form:  ( DEFTHM S-AUX-SAME-G-AUX ...)
Rules: ((:DEFINITION ENDP)
        (:DEFINITION G-AUX)
        (:DEFINITION RCDP)
        (:DEFINITION S-AUX)
        (:EXECUTABLE-COUNTERPART CAR)
        (:EXECUTABLE-COUNTERPART CONSP)
        (:EXECUTABLE-COUNTERPART ENDP)
        (:EXECUTABLE-COUNTERPART EQUAL)
        (:FAKE-RUNE-FOR-TYPE-SET NIL)
        (:FORWARD-CHAINING RCDP-IMPLIES-TRUE-LISTP)
        (:INDUCTION G-AUX)
        (:INDUCTION RCDP)
        (:INDUCTION S-AUX)
        (:REWRITE <<-ASYMMETRIC)
        (:REWRITE <<-IRREFLEXIVE)
        (:REWRITE <<-TRICHOTOMY)
        (:REWRITE CAR-CONS)
        (:REWRITE CDR-CONS)
        (:REWRITE CONS-CAR-CDR)
        (:TYPE-PRESCRIPTION <<)
        (:TYPE-PRESCRIPTION RCDP))
Warnings:  None
Time:  0.01 seconds (prove: 0.01, print: 0.00, other: 0.00)
S-AUX-SAME-G-AUX

Summary
Form:  ( DEFTHM S-AUX-SAME-S-AUX ...)
Rules: ((:DEFINITION ENDP)
        (:DEFINITION RCDP)
        (:DEFINITION S-AUX)
        (:EXECUTABLE-COUNTERPART CAR)
        (:EXECUTABLE-COUNTERPART CONSP)
        (:EXECUTABLE-COUNTERPART ENDP)
        (:EXECUTABLE-COUNTERPART RCDP)
        (:FAKE-RUNE-FOR-TYPE-SET NIL)
        (:FORWARD-CHAINING RCDP-IMPLIES-TRUE-LISTP)
        (:INDUCTION RCDP)
        (:INDUCTION S-AUX)
        (:REWRITE <<-ASYMMETRIC)
        (:REWRITE <<-IRREFLEXIVE)
        (:REWRITE <<-TRICHOTOMY)
        (:REWRITE CAR-CONS)
        (:REWRITE CDR-CONS)
        (:TYPE-PRESCRIPTION <<)
        (:TYPE-PRESCRIPTION RCDP))
Warnings:  None
Time:  0.04 seconds (prove: 0.04, print: 0.00, other: 0.00)
S-AUX-SAME-S-AUX

Summary
Form:  ( DEFTHM S-AUX-DIFF-S-AUX ...)
Rules: ((:DEFINITION ENDP)
        (:DEFINITION NOT)
        (:DEFINITION RCDP)
        (:DEFINITION S-AUX)
        (:ELIM CAR-CDR-ELIM)
        (:EXECUTABLE-COUNTERPART CAR)
        (:EXECUTABLE-COUNTERPART CONSP)
        (:EXECUTABLE-COUNTERPART ENDP)
        (:EXECUTABLE-COUNTERPART EQUAL)
        (:EXECUTABLE-COUNTERPART NOT)
        (:EXECUTABLE-COUNTERPART RCDP)
        (:FAKE-RUNE-FOR-TYPE-SET NIL)
        (:FORWARD-CHAINING RCDP-IMPLIES-TRUE-LISTP)
        (:INDUCTION RCDP)
        (:INDUCTION S-AUX)
        (:REWRITE <<-ASYMMETRIC)
        (:REWRITE <<-IRREFLEXIVE)
        (:REWRITE <<-TRANSITIVE)
        (:REWRITE <<-TRICHOTOMY)
        (:REWRITE CAR-CONS)
        (:REWRITE CDR-CONS)
        (:REWRITE CONS-EQUAL)
        (:REWRITE S-AUX-IS-BOUNDED)
        (:TYPE-PRESCRIPTION <<)
        (:TYPE-PRESCRIPTION RCDP))
Warnings:  None
Time:  0.21 seconds (prove: 0.21, print: 0.00, other: 0.00)
S-AUX-DIFF-S-AUX

Summary
Form:  ( DEFTHM S-AUX-NON-NIL-CANNOT-BE-NIL ...)
Rules: ((:DEFINITION ENDP)
        (:DEFINITION RCDP)
        (:DEFINITION S-AUX)
        (:EXECUTABLE-COUNTERPART CAR)
        (:EXECUTABLE-COUNTERPART CONSP)
        (:EXECUTABLE-COUNTERPART ENDP)
        (:FAKE-RUNE-FOR-TYPE-SET NIL)
        (:FORWARD-CHAINING RCDP-IMPLIES-TRUE-LISTP)
        (:INDUCTION RCDP)
        (:INDUCTION S-AUX)
        (:REWRITE <<-ASYMMETRIC)
        (:REWRITE <<-IRREFLEXIVE)
        (:REWRITE <<-TRICHOTOMY)
        (:TYPE-PRESCRIPTION <<)
        (:TYPE-PRESCRIPTION RCDP))
Warnings:  None
Time:  0.01 seconds (prove: 0.01, print: 0.00, other: 0.00)
S-AUX-NON-NIL-CANNOT-BE-NIL

Summary
Form:  ( DEFTHM G-AUX-IS-NIL-FOR-<< ...)
Rules: ((:DEFINITION G-AUX)
        (:EXECUTABLE-COUNTERPART EQUAL)
        (:TYPE-PRESCRIPTION <<))
Warnings:  None
Time:  0.00 seconds (prove: 0.00, print: 0.00, other: 0.00)
G-AUX-IS-NIL-FOR-<<

Summary
Form:  ( DEFTHM ACL2->RCD-RCD->ACL2-OF-RCDP ...)
Rules: ((:DEFINITION ACL2->RCD)
        (:DEFINITION IFRP)
        (:DEFINITION RCD->ACL2)
        (:EXECUTABLE-COUNTERPART EQUAL)
        (:FAKE-RUNE-FOR-TYPE-SET NIL)
        (:FORWARD-CHAINING RCDP-IMPLIES-TRUE-LISTP)
        (:REWRITE CAR-CONS)
        (:REWRITE CDR-CONS)
        (:TYPE-PRESCRIPTION IFRP)
        (:TYPE-PRESCRIPTION RCDP))
Warnings:  None
Time:  0.00 seconds (prove: 0.00, print: 0.00, other: 0.00)
ACL2->RCD-RCD->ACL2-OF-RCDP

Summary
Form:  ( DEFTHM ACL2->RCD-RETURNS-RCDP ...)
Rules: ((:DEFINITION ACL2->RCD)
        (:DEFINITION IFRP)
        (:DEFINITION RCDP)
        (:EXECUTABLE-COUNTERPART EQUAL)
        (:EXECUTABLE-COUNTERPART IFRP)
        (:EXECUTABLE-COUNTERPART NOT)
        (:EXECUTABLE-COUNTERPART RCDP)
        (:FAKE-RUNE-FOR-TYPE-SET NIL)
        (:REWRITE CAR-CONS)
        (:REWRITE CDR-CONS)
        (:TYPE-PRESCRIPTION RCDP))
Warnings:  None
Time:  0.00 seconds (prove: 0.00, print: 0.00, other: 0.00)
ACL2->RCD-RETURNS-RCDP

Summary
Form:  ( DEFTHM ACL2->RCD-PRESERVES-EQUALITY ...)
Rules: ((:DEFINITION ACL2->RCD)
        (:DEFINITION IFF)
        (:DEFINITION IFRP)
        (:DEFINITION NOT)
        (:DEFINITION RCDP)
        (:EXECUTABLE-COUNTERPART EQUAL)
        (:EXECUTABLE-COUNTERPART RCDP)
        (:FAKE-RUNE-FOR-TYPE-SET NIL)
        (:REWRITE CAR-CONS)
        (:REWRITE CDR-CONS)
        (:REWRITE CONS-EQUAL)
        (:TYPE-PRESCRIPTION IFRP))
Warnings:  None
Time:  0.00 seconds (prove: 0.00, print: 0.00, other: 0.00)
ACL2->RCD-PRESERVES-EQUALITY

Summary
Form:  ( DEFTHM RCD->ACL2-ACL2->RCD-INVERSE ...)
Rules: ((:DEFINITION ACL2->RCD)
        (:DEFINITION IFRP)
        (:DEFINITION RCD->ACL2)
        (:DEFINITION RCDP)
        (:EXECUTABLE-COUNTERPART EQUAL)
        (:EXECUTABLE-COUNTERPART RCDP)
        (:FAKE-RUNE-FOR-TYPE-SET NIL)
        (:REWRITE CAR-CONS)
        (:REWRITE CDR-CONS)
        (:TYPE-PRESCRIPTION IFRP))
Warnings:  None
Time:  0.00 seconds (prove: 0.00, print: 0.00, other: 0.00)
RCD->ACL2-ACL2->RCD-INVERSE

Summary
Form:  ( DEFTHM RCD->ACL2-OF-RECORD-NON-NIL ...)
Rules: ((:DEFINITION RCD->ACL2)
        (:DEFINITION RCDP)
        (:FAKE-RUNE-FOR-TYPE-SET NIL)
        (:FORWARD-CHAINING RCDP-IMPLIES-TRUE-LISTP)
        (:TYPE-PRESCRIPTION RCDP))
Warnings:  None
Time:  0.00 seconds (prove: 0.00, print: 0.00, other: 0.00)
RCD->ACL2-OF-RECORD-NON-NIL

Summary
Form:  ( IN-THEORY (DISABLE ...))
Rules: NIL
Warnings:  None
Time:  0.00 seconds (prove: 0.00, print: 0.00, other: 0.00)
1840

Summary
Form:  ( DEFTHM G-SAME-S ...)
Rules: ((:DEFINITION G)
        (:DEFINITION S)
        (:FAKE-RUNE-FOR-TYPE-SET NIL)
        (:REWRITE ACL2->RCD-RCD->ACL2-OF-RCDP)
        (:REWRITE ACL2->RCD-RETURNS-RCDP)
        (:REWRITE G-AUX-SAME-S-AUX)
        (:REWRITE S-AUX-PRESERVES-RCDP))
Warnings:  None
Time:  0.00 seconds (prove: 0.00, print: 0.00, other: 0.00)
G-SAME-S

Summary
Form:  ( DEFTHM G-DIFF-S ...)
Rules: ((:DEFINITION G)
        (:DEFINITION NOT)
        (:DEFINITION S)
        (:FAKE-RUNE-FOR-TYPE-SET NIL)
        (:REWRITE ACL2->RCD-RCD->ACL2-OF-RCDP)
        (:REWRITE ACL2->RCD-RETURNS-RCDP)
        (:REWRITE G-AUX-DIFF-S-AUX)
        (:REWRITE S-AUX-PRESERVES-RCDP))
Warnings:  None
Time:  0.00 seconds (prove: 0.00, print: 0.00, other: 0.00)
G-DIFF-S

Summary
Form:  ( DEFTHM G-OF-S-REDUX ...)
Rules: ((:DEFINITION G)
        (:DEFINITION S)
        (:FAKE-RUNE-FOR-TYPE-SET NIL)
        (:REWRITE ACL2->RCD-RCD->ACL2-OF-RCDP)
        (:REWRITE ACL2->RCD-RETURNS-RCDP)
        (:REWRITE G-AUX-DIFF-S-AUX)
        (:REWRITE G-AUX-SAME-S-AUX)
        (:REWRITE S-AUX-PRESERVES-RCDP))
Warnings:  None
Time:  0.00 seconds (prove: 0.00, print: 0.00, other: 0.00)
G-OF-S-REDUX

Summary
Form:  ( IN-THEORY (DISABLE ...))
Rules: NIL
Warnings:  None
Time:  0.00 seconds (prove: 0.00, print: 0.00, other: 0.00)
1842

Summary
Form:  ( DEFTHM S-SAME-G ...)
Rules: ((:DEFINITION G)
        (:DEFINITION S)
        (:FAKE-RUNE-FOR-TYPE-SET NIL)
        (:REWRITE ACL2->RCD-RETURNS-RCDP)
        (:REWRITE RCD->ACL2-ACL2->RCD-INVERSE)
        (:REWRITE S-AUX-SAME-G-AUX))
Warnings:  None
Time:  0.00 seconds (prove: 0.00, print: 0.00, other: 0.00)
S-SAME-G

Summary
Form:  ( DEFTHM S-SAME-S ...)
Rules: ((:DEFINITION S)
        (:FAKE-RUNE-FOR-TYPE-SET NIL)
        (:REWRITE ACL2->RCD-RCD->ACL2-OF-RCDP)
        (:REWRITE ACL2->RCD-RETURNS-RCDP)
        (:REWRITE S-AUX-PRESERVES-RCDP)
        (:REWRITE S-AUX-SAME-S-AUX))
Warnings:  None
Time:  0.00 seconds (prove: 0.00, print: 0.00, other: 0.00)
S-SAME-S

Summary
Form:  ( DEFTHM S-DIFF-S ...)
Rules: ((:DEFINITION NOT)
        (:DEFINITION S)
        (:FAKE-RUNE-FOR-TYPE-SET NIL)
        (:REWRITE ACL2->RCD-RCD->ACL2-OF-RCDP)
        (:REWRITE ACL2->RCD-RETURNS-RCDP)
        (:REWRITE S-AUX-DIFF-S-AUX)
        (:REWRITE S-AUX-PRESERVES-RCDP))
Warnings:  None
Time:  0.00 seconds (prove: 0.00, print: 0.00, other: 0.00)
S-DIFF-S

Summary
Form:  ( DEFTHM G-OF-NIL-IS-NIL ...)
Rules: ((:DEFINITION G)
        (:DEFINITION G-AUX)
        (:DEFINITION NOT)
        (:EXECUTABLE-COUNTERPART ACL2->RCD)
        (:EXECUTABLE-COUNTERPART CONSP))
Warnings:  None
Time:  0.00 seconds (prove: 0.00, print: 0.00, other: 0.00)
G-OF-NIL-IS-NIL

Summary
Form:  ( DEFTHM S-NON-NIL-CANNOT-BE-NIL ...)
Rules: ((:DEFINITION NOT)
        (:DEFINITION S)
        (:REWRITE ACL2->RCD-RETURNS-RCDP)
        (:REWRITE S-AUX-NON-NIL-CANNOT-BE-NIL)
        (:REWRITE S-AUX-PRESERVES-RCDP))
Warnings:  None
Time:  0.00 seconds (prove: 0.00, print: 0.00, other: 0.00)
S-NON-NIL-CANNOT-BE-NIL

Summary
Form:  ( DEFTHM NON-NIL-IF-G-NON-NIL ...)
Rules: ((:DEFINITION G)
        (:DEFINITION G-AUX)
        (:EXECUTABLE-COUNTERPART ACL2->RCD)
        (:EXECUTABLE-COUNTERPART CONSP))
Warnings:  None
Time:  0.00 seconds (prove: 0.00, print: 0.00, other: 0.00)
NON-NIL-IF-G-NON-NIL

Summary
Form:  ( IN-THEORY (DISABLE ...))
Rules: NIL
Warnings:  None
Time:  0.00 seconds (prove: 0.00, print: 0.00, other: 0.00)
1846

Summary
Form:  ( INCLUDE-BOOK "records" ...)
Rules: NIL
Warnings:  None
Time:  0.05 seconds (prove: 0.00, print: 0.00, other: 0.05)

"/Users/huangjianshi/src/acl2-sources/books/misc/records.fasl"


Summary
Form:  (CERTIFY-BOOK "records" ...)
Rules: NIL
Warnings:  None
Time:  0.61 seconds (prove: 0.46, print: 0.00, other: 0.15)
 "/Users/huangjianshi/src/acl2-sources/books/misc/records.lisp"
ACL2 !>
Exiting the ACL2 read-eval-print loop.  To re-enter, execute (LP).
* 