This is SBCL 1.0.1.34, an implementation of ANSI Common Lisp.
More information about SBCL is available at <http://www.sbcl.org/>.

SBCL is free software, provided as is, with absolutely no warranty.
It is mostly in the public domain; some portions are provided under
BSD-style licenses.  See the CREDITS and COPYING files in the
distribution for more information.

 ACL2 Version 3.1 built January 26, 2007  15:12:42.
 Copyright (C) 2006  University of Texas at Austin
 ACL2 comes with ABSOLUTELY NO WARRANTY.  This is free software and you
 are welcome to redistribute it under certain conditions.  For details,
 see the GNU General Public License.

 Initialized with (INITIALIZE-ACL2 'INCLUDE-BOOK *ACL2-PASS-2-FILES*).
 See the documentation topic note-3-1 for recent changes.
 Note: We have modified the prompt in some underlying Lisps to further
 distinguish it from the ACL2 prompt.

 NOTE!!  Proof trees are disabled in ACL2.  To enable them in emacs,
 look under the ACL2 source directory in interface/emacs/README.doc; 
 and, to turn on proof trees, execute :START-PROOF-TREE in the ACL2 
 command loop.   Look in the ACL2 documentation under PROOF-TREE.

ACL2 Version 3.1.  Level 1.  Cbd 
"/Users/huangjianshi/src/acl2-sources/books/misc/".
Type :help for help.
Type (good-bye) to quit completely out of ACL2.

ACL2 !>
Exiting the ACL2 read-eval-print loop.  To re-enter, execute (LP).
* 
#<PACKAGE "ACL2">
* 
ACL2 Version 3.1.  Level 1.  Cbd 
"/Users/huangjianshi/src/acl2-sources/books/misc/".
Type :help for help.
Type (good-bye) to quit completely out of ACL2.

ACL2 !> (PROVE PROOF-TREE
        WARNING OBSERVATION EVENT EXPANSION)
ACL2 !>
Summary
Form:  ( INCLUDE-BOOK "total-order" ...)
Rules: NIL
Warnings:  None
Time:  0.02 seconds (prove: 0.00, print: 0.00, other: 0.02)
"/Users/huangjianshi/src/acl2-sources/books/misc/total-order.lisp"

Summary
Form:  ( DEFUN RCDP ...)
Rules: ((:DEFINITION ATOM)
        (:DEFINITION NOT)
        (:DEFINITION RCDP)
        (:FAKE-RUNE-FOR-TYPE-SET NIL)
        (:TYPE-PRESCRIPTION <<))
Warnings:  None
Time:  0.01 seconds (prove: 0.00, print: 0.00, other: 0.01)
RCDP

Summary
Form:  ( DEFUN LSP ...)
Rules: ((:TYPE-PRESCRIPTION RCDP))
Warnings:  None
Time:  0.01 seconds (prove: 0.00, print: 0.00, other: 0.01)
LSP

Summary
Form:  ( DEFUN G ...)
Rules: ((:DEFINITION ALISTP)
        (:DEFINITION ASSOC-EQUAL)
        (:DEFINITION ATOM)
        (:DEFINITION ENDP)
        (:DEFINITION LSP)
        (:DEFINITION NOT)
        (:DEFINITION RCDP)
        (:ELIM CAR-CDR-ELIM)
        (:EXECUTABLE-COUNTERPART ALISTP)
        (:EXECUTABLE-COUNTERPART CAR)
        (:EXECUTABLE-COUNTERPART CDR)
        (:EXECUTABLE-COUNTERPART CONSP)
        (:EXECUTABLE-COUNTERPART EQUAL)
        (:EXECUTABLE-COUNTERPART RCDP)
        (:FAKE-RUNE-FOR-TYPE-SET NIL)
        (:FORWARD-CHAINING ALISTP-FORWARD-TO-TRUE-LISTP)
        (:INDUCTION ALISTP)
        (:INDUCTION ASSOC-EQUAL)
        (:INDUCTION RCDP)
        (:REWRITE CAR-CONS)
        (:REWRITE CDR-CONS)
        (:TYPE-PRESCRIPTION ALISTP)
        (:TYPE-PRESCRIPTION RCDP))
Warnings:  None
Time:  0.06 seconds (prove: 0.06, print: 0.00, other: 0.00)
G

Summary
Form:  ( DEFUN S-AUX ...)
Rules: ((:DEFINITION ENDP)
        (:DEFINITION NOT)
        (:DEFINITION RCDP)
        (:EXECUTABLE-COUNTERPART RCDP)
        (:FAKE-RUNE-FOR-TYPE-SET NIL))
Warnings:  None
Time:  0.01 seconds (prove: 0.00, print: 0.00, other: 0.01)
S-AUX

Summary
Form:  ( DEFUN DELETE-KEY ...)
Rules: ((:DEFINITION ENDP)
        (:DEFINITION NOT)
        (:DEFINITION RCDP)
        (:EXECUTABLE-COUNTERPART RCDP)
        (:FAKE-RUNE-FOR-TYPE-SET NIL))
Warnings:  None
Time:  0.01 seconds (prove: 0.00, print: 0.00, other: 0.01)
DELETE-KEY

Summary
Form:  ( DEFUN S ...)
Rules: ((:DEFINITION LSP)
        (:DEFINITION NOT)
        (:DEFINITION NULL)
        (:DEFINITION RCDP)
        (:FAKE-RUNE-FOR-TYPE-SET NIL))
Warnings:  None
Time:  0.02 seconds (prove: 0.02, print: 0.00, other: 0.00)
S

Summary
Form:  ( DEFTHM DELETE-KEY-NO-OP ...)
Rules: ((:DEFINITION ASSOC-EQUAL)
        (:DEFINITION DELETE-KEY)
        (:DEFINITION ENDP)
        (:DEFINITION NOT)
        (:DEFINITION RCDP)
        (:EXECUTABLE-COUNTERPART CONSP)
        (:EXECUTABLE-COUNTERPART EQUAL)
        (:EXECUTABLE-COUNTERPART RCDP)
        (:FAKE-RUNE-FOR-TYPE-SET NIL)
        (:INDUCTION ASSOC-EQUAL)
        (:INDUCTION DELETE-KEY)
        (:INDUCTION RCDP)
        (:REWRITE CAR-CONS)
        (:REWRITE CDR-CONS)
        (:REWRITE CONS-CAR-CDR))
Warnings:  None
Time:  0.01 seconds (prove: 0.01, print: 0.00, other: 0.00)
DELETE-KEY-NO-OP

Summary
Form:  ( DEFTHM VALUES-NOT-NIL ...)
Rules: ((:DEFINITION ASSOC-EQUAL)
        (:DEFINITION ENDP)
        (:DEFINITION IFF)
        (:DEFINITION NOT)
        (:DEFINITION RCDP)
        (:EXECUTABLE-COUNTERPART CDR)
        (:EXECUTABLE-COUNTERPART CONSP)
        (:EXECUTABLE-COUNTERPART RCDP)
        (:FAKE-RUNE-FOR-TYPE-SET NIL)
        (:INDUCTION ASSOC-EQUAL)
        (:INDUCTION RCDP))
Warnings:  None
Time:  0.01 seconds (prove: 0.01, print: 0.00, other: 0.00)
VALUES-NOT-NIL

Summary
Form:  ( DEFTHM KEY-ORDER-LEMMA ...)
Rules: ((:DEFINITION ASSOC-EQUAL)
        (:DEFINITION ENDP)
        (:DEFINITION NOT)
        (:DEFINITION RCDP)
        (:EXECUTABLE-COUNTERPART CAR)
        (:EXECUTABLE-COUNTERPART CDR)
        (:EXECUTABLE-COUNTERPART CONSP)
        (:EXECUTABLE-COUNTERPART RCDP)
        (:FAKE-RUNE-FOR-TYPE-SET NIL)
        (:INDUCTION ASSOC-EQUAL)
        (:INDUCTION RCDP)
        (:REWRITE <<-IRREFLEXIVE)
        (:REWRITE <<-TRANSITIVE)
        (:TYPE-PRESCRIPTION <<))
Warnings:  None
Time:  0.02 seconds (prove: 0.02, print: 0.00, other: 0.00)
KEY-ORDER-LEMMA

Summary
Form:  ( DEFTHM S-AUX-TO-SAME ...)
Rules: ((:DEFINITION ASSOC-EQUAL)
        (:DEFINITION ENDP)
        (:DEFINITION NOT)
        (:DEFINITION RCDP)
        (:DEFINITION S-AUX)
        (:EXECUTABLE-COUNTERPART CDR)
        (:EXECUTABLE-COUNTERPART CONSP)
        (:EXECUTABLE-COUNTERPART EQUAL)
        (:EXECUTABLE-COUNTERPART RCDP)
        (:FAKE-RUNE-FOR-TYPE-SET NIL)
        (:INDUCTION ASSOC-EQUAL)
        (:INDUCTION RCDP)
        (:INDUCTION S-AUX)
        (:REWRITE <<-ASYMMETRIC)
        (:REWRITE <<-TRANSITIVE)
        (:REWRITE <<-TRICHOTOMY)
        (:REWRITE CAR-CONS)
        (:REWRITE CDR-CONS)
        (:REWRITE CONS-CAR-CDR)
        (:REWRITE KEY-ORDER-LEMMA)
        (:TYPE-PRESCRIPTION <<)
        (:TYPE-PRESCRIPTION RCDP)
        (:TYPE-PRESCRIPTION S-AUX))
Warnings:  None
Time:  0.01 seconds (prove: 0.01, print: 0.00, other: 0.00)
S-AUX-TO-SAME

Summary
Form:  ( DEFTHM VALUE-S-AUX ...)
Rules: ((:DEFINITION ASSOC-EQUAL)
        (:DEFINITION ENDP)
        (:DEFINITION NOT)
        (:DEFINITION RCDP)
        (:DEFINITION S-AUX)
        (:EXECUTABLE-COUNTERPART CONSP)
        (:EXECUTABLE-COUNTERPART RCDP)
        (:FAKE-RUNE-FOR-TYPE-SET NIL)
        (:INDUCTION RCDP)
        (:INDUCTION S-AUX)
        (:REWRITE <<-ASYMMETRIC)
        (:REWRITE <<-TRICHOTOMY)
        (:REWRITE CAR-CONS)
        (:REWRITE CDR-CONS)
        (:TYPE-PRESCRIPTION <<))
Warnings:  None
Time:  0.01 seconds (prove: 0.01, print: 0.00, other: 0.00)
VALUE-S-AUX

Summary
Form:  ( DEFTHM S-AUX-PRESERVES-RCDP ...)
Rules: ((:DEFINITION ENDP)
        (:DEFINITION NOT)
        (:DEFINITION RCDP)
        (:DEFINITION S-AUX)
        (:ELIM CAR-CDR-ELIM)
        (:EXECUTABLE-COUNTERPART CONSP)
        (:EXECUTABLE-COUNTERPART EQUAL)
        (:EXECUTABLE-COUNTERPART RCDP)
        (:FAKE-RUNE-FOR-TYPE-SET NIL)
        (:INDUCTION RCDP)
        (:INDUCTION S-AUX)
        (:REWRITE <<-ASYMMETRIC)
        (:REWRITE <<-TRICHOTOMY)
        (:REWRITE CAR-CONS)
        (:REWRITE CDR-CONS)
        (:REWRITE DEFAULT-CAR)
        (:TYPE-PRESCRIPTION <<)
        (:TYPE-PRESCRIPTION RCDP)
        (:TYPE-PRESCRIPTION S-AUX))
Warnings:  None
Time:  0.03 seconds (prove: 0.03, print: 0.00, other: 0.00)
S-AUX-PRESERVES-RCDP

Summary
Form:  ( DEFTHM CDR-ASSOC-EQUAL-DELETE-KEY ...)
Rules: ((:DEFINITION ASSOC-EQUAL)
        (:DEFINITION DELETE-KEY)
        (:DEFINITION ENDP)
        (:DEFINITION NOT)
        (:DEFINITION RCDP)
        (:EXECUTABLE-COUNTERPART CDR)
        (:EXECUTABLE-COUNTERPART CONSP)
        (:EXECUTABLE-COUNTERPART RCDP)
        (:FAKE-RUNE-FOR-TYPE-SET NIL)
        (:INDUCTION DELETE-KEY)
        (:INDUCTION RCDP)
        (:REWRITE CAR-CONS)
        (:REWRITE CDR-CONS)
        (:REWRITE DELETE-KEY-NO-OP)
        (:REWRITE KEY-ORDER-LEMMA)
        (:REWRITE VALUES-NOT-NIL)
        (:TYPE-PRESCRIPTION <<)
        (:TYPE-PRESCRIPTION RCDP))
Warnings:  None
Time:  0.01 seconds (prove: 0.01, print: 0.00, other: 0.00)
CDR-ASSOC-EQUAL-DELETE-KEY

Summary
Form:  ( DEFTHM RCDP-DELETE-KEY ...)
Rules: ((:DEFINITION ASSOC-EQUAL)
        (:DEFINITION DELETE-KEY)
        (:DEFINITION ENDP)
        (:DEFINITION NOT)
        (:DEFINITION RCDP)
        (:ELIM CAR-CDR-ELIM)
        (:EXECUTABLE-COUNTERPART CDR)
        (:EXECUTABLE-COUNTERPART CONSP)
        (:EXECUTABLE-COUNTERPART EQUAL)
        (:EXECUTABLE-COUNTERPART NOT)
        (:EXECUTABLE-COUNTERPART RCDP)
        (:FAKE-RUNE-FOR-TYPE-SET NIL)
        (:INDUCTION DELETE-KEY)
        (:INDUCTION RCDP)
        (:REWRITE <<-TRANSITIVE)
        (:REWRITE CAR-CONS)
        (:REWRITE CDR-CONS)
        (:REWRITE DEFAULT-CAR)
        (:REWRITE DELETE-KEY-NO-OP)
        (:REWRITE VALUES-NOT-NIL)
        (:TYPE-PRESCRIPTION <<)
        (:TYPE-PRESCRIPTION RCDP))
Warnings:  None
Time:  0.04 seconds (prove: 0.04, print: 0.00, other: 0.00)
RCDP-DELETE-KEY

Summary
Form:  ( DEFTHM S-AUX-S-AUX-SAME ...)
Rules: ((:DEFINITION ENDP)
        (:DEFINITION NOT)
        (:DEFINITION RCDP)
        (:DEFINITION S-AUX)
        (:EXECUTABLE-COUNTERPART CONSP)
        (:EXECUTABLE-COUNTERPART RCDP)
        (:FAKE-RUNE-FOR-TYPE-SET NIL)
        (:INDUCTION RCDP)
        (:INDUCTION S-AUX)
        (:REWRITE <<-ASYMMETRIC)
        (:REWRITE <<-TRICHOTOMY)
        (:REWRITE CAR-CONS)
        (:REWRITE CDR-CONS)
        (:REWRITE CONS-EQUAL)
        (:TYPE-PRESCRIPTION <<))
Warnings:  None
Time:  0.01 seconds (prove: 0.01, print: 0.00, other: 0.00)
S-AUX-S-AUX-SAME

Summary
Form:  ( DEFTHM DELETE-KEY-S-AUX-SAME ...)
Rules: ((:DEFINITION ASSOC-EQUAL)
        (:DEFINITION DELETE-KEY)
        (:DEFINITION ENDP)
        (:DEFINITION NOT)
        (:DEFINITION RCDP)
        (:DEFINITION S-AUX)
        (:EXECUTABLE-COUNTERPART CDR)
        (:EXECUTABLE-COUNTERPART CONSP)
        (:EXECUTABLE-COUNTERPART EQUAL)
        (:EXECUTABLE-COUNTERPART RCDP)
        (:FAKE-RUNE-FOR-TYPE-SET NIL)
        (:INDUCTION DELETE-KEY)
        (:INDUCTION RCDP)
        (:INDUCTION S-AUX)
        (:REWRITE <<-ASYMMETRIC)
        (:REWRITE <<-TRICHOTOMY)
        (:REWRITE CAR-CONS)
        (:REWRITE CDR-CONS)
        (:REWRITE CONS-EQUAL)
        (:REWRITE DELETE-KEY-NO-OP)
        (:REWRITE KEY-ORDER-LEMMA)
        (:REWRITE VALUES-NOT-NIL)
        (:TYPE-PRESCRIPTION <<)
        (:TYPE-PRESCRIPTION RCDP))
Warnings:  None
Time:  0.02 seconds (prove: 0.02, print: 0.00, other: 0.00)
DELETE-KEY-S-AUX-SAME

Summary
Form:  ( DEFTHM <<-S-AUX ...)
Rules: ((:DEFINITION NOT)
        (:DEFINITION RCDP)
        (:DEFINITION S-AUX)
        (:ELIM CAR-CDR-ELIM)
        (:EXECUTABLE-COUNTERPART CAR)
        (:EXECUTABLE-COUNTERPART CONSP)
        (:FAKE-RUNE-FOR-TYPE-SET NIL)
        (:REWRITE <<-TRICHOTOMY)
        (:REWRITE CAR-CONS)
        (:REWRITE CDR-CONS)
        (:TYPE-PRESCRIPTION <<))
Warnings:  None
Time:  0.01 seconds (prove: 0.01, print: 0.00, other: 0.00)
<<-S-AUX

Summary
Form:  ( DEFTHM VALUE-NIL-SUFFICIENCY ...)
Rules: ((:EXECUTABLE-COUNTERPART EQUAL)
        (:REWRITE KEY-ORDER-LEMMA)
        (:TYPE-PRESCRIPTION <<)
        (:TYPE-PRESCRIPTION RCDP))
Warnings:  None
Time:  0.00 seconds (prove: 0.00, print: 0.00, other: 0.00)
VALUE-NIL-SUFFICIENCY

Summary
Form:  ( DEFTHM CAAR-DELETE-KEY ...)
Rules: ((:DEFINITION ASSOC-EQUAL)
        (:DEFINITION DELETE-KEY)
        (:DEFINITION EQ)
        (:DEFINITION RCDP)
        (:EXECUTABLE-COUNTERPART CAR)
        (:EXECUTABLE-COUNTERPART CDR)
        (:EXECUTABLE-COUNTERPART CONSP)
        (:EXECUTABLE-COUNTERPART EQUAL)
        (:EXECUTABLE-COUNTERPART RCDP)
        (:FAKE-RUNE-FOR-TYPE-SET NIL)
        (:REWRITE CAR-CONS)
        (:REWRITE DELETE-KEY-NO-OP)
        (:REWRITE VALUES-NOT-NIL))
Warnings:  None
Time:  0.00 seconds (prove: 0.00, print: 0.00, other: 0.00)
CAAR-DELETE-KEY

Summary
Form:  ( DEFTHM S-AUX-DELETE-KEY ...)
Rules: ((:DEFINITION ASSOC-EQUAL)
        (:DEFINITION DELETE-KEY)
        (:DEFINITION ENDP)
        (:DEFINITION NOT)
        (:DEFINITION RCDP)
        (:DEFINITION S-AUX)
        (:EXECUTABLE-COUNTERPART CDR)
        (:EXECUTABLE-COUNTERPART CONSP)
        (:EXECUTABLE-COUNTERPART EQUAL)
        (:EXECUTABLE-COUNTERPART RCDP)
        (:FAKE-RUNE-FOR-TYPE-SET NIL)
        (:INDUCTION DELETE-KEY)
        (:INDUCTION RCDP)
        (:INDUCTION S-AUX)
        (:REWRITE <<-ASYMMETRIC)
        (:REWRITE <<-IRREFLEXIVE)
        (:REWRITE <<-TRICHOTOMY)
        (:REWRITE CAR-CONS)
        (:REWRITE CDR-CONS)
        (:REWRITE CONS-EQUAL)
        (:REWRITE DELETE-KEY-NO-OP)
        (:REWRITE VALUE-NIL-SUFFICIENCY)
        (:REWRITE VALUES-NOT-NIL)
        (:TYPE-PRESCRIPTION <<)
        (:TYPE-PRESCRIPTION RCDP))
Warnings:  None
Time:  0.02 seconds (prove: 0.02, print: 0.00, other: 0.00)
S-AUX-DELETE-KEY

Summary
Form:  ( DEFTHM <<-HACK ...)
Rules: ((:DEFINITION NOT)
        (:EXECUTABLE-COUNTERPART NOT)
        (:REWRITE <<-TRANSITIVE)
        (:TYPE-PRESCRIPTION <<))
Warnings:  None
Time:  0.00 seconds (prove: 0.00, print: 0.00, other: 0.00)
<<-HACK

Summary
Form:  ( DEFTHM S-AUX-DIFF-S-AUX ...)
Rules: ((:DEFINITION ENDP)
        (:DEFINITION NOT)
        (:DEFINITION RCDP)
        (:DEFINITION S-AUX)
        (:EXECUTABLE-COUNTERPART CONSP)
        (:EXECUTABLE-COUNTERPART RCDP)
        (:FAKE-RUNE-FOR-TYPE-SET NIL)
        (:INDUCTION RCDP)
        (:INDUCTION S-AUX)
        (:REWRITE <<-ASYMMETRIC)
        (:REWRITE <<-HACK)
        (:REWRITE <<-IRREFLEXIVE)
        (:REWRITE <<-S-AUX)
        (:REWRITE <<-TRICHOTOMY)
        (:REWRITE CAR-CONS)
        (:REWRITE CDR-CONS)
        (:REWRITE CONS-EQUAL)
        (:TYPE-PRESCRIPTION <<)
        (:TYPE-PRESCRIPTION RCDP)
        (:TYPE-PRESCRIPTION S-AUX))
Warnings:  None
Time:  0.14 seconds (prove: 0.14, print: 0.00, other: 0.00)
S-AUX-DIFF-S-AUX

Summary
Form:  ( DEFTHM RCDP-S-AUX ...)
Rules: ((:REWRITE S-AUX-PRESERVES-RCDP)
        (:TYPE-PRESCRIPTION RCDP))
Warnings:  None
Time:  0.00 seconds (prove: 0.00, print: 0.00, other: 0.00)
RCDP-S-AUX

Summary
Form:  ( DEFTHM CONSP-DELETE-KEY ...)
Rules: ((:DEFINITION ASSOC-EQUAL)
        (:DEFINITION DELETE-KEY)
        (:DEFINITION NOT)
        (:DEFINITION RCDP)
        (:EXECUTABLE-COUNTERPART CAR)
        (:EXECUTABLE-COUNTERPART CDR)
        (:EXECUTABLE-COUNTERPART CONSP)
        (:EXECUTABLE-COUNTERPART EQUAL)
        (:EXECUTABLE-COUNTERPART RCDP)
        (:FAKE-RUNE-FOR-TYPE-SET NIL)
        (:REWRITE DELETE-KEY-NO-OP)
        (:REWRITE VALUES-NOT-NIL))
Warnings:  None
Time:  0.00 seconds (prove: 0.00, print: 0.00, other: 0.00)
CONSP-DELETE-KEY

Summary
Form:  ( DEFTHM DELETE-KEY-DELETE-KEY ...)
Rules: ((:DEFINITION ASSOC-EQUAL)
        (:DEFINITION DELETE-KEY)
        (:DEFINITION ENDP)
        (:DEFINITION NOT)
        (:DEFINITION RCDP)
        (:EXECUTABLE-COUNTERPART CDR)
        (:EXECUTABLE-COUNTERPART CONSP)
        (:EXECUTABLE-COUNTERPART EQUAL)
        (:EXECUTABLE-COUNTERPART RCDP)
        (:FAKE-RUNE-FOR-TYPE-SET NIL)
        (:INDUCTION DELETE-KEY)
        (:INDUCTION RCDP)
        (:REWRITE CAR-CONS)
        (:REWRITE CDR-CONS)
        (:REWRITE DELETE-KEY-NO-OP)
        (:REWRITE VALUES-NOT-NIL))
Warnings:  None
Time:  0.07 seconds (prove: 0.07, print: 0.00, other: 0.00)
DELETE-KEY-DELETE-KEY

Summary
Form:  ( DEFTHM DELETE-KEY-S-AUX ...)
Rules: ((:DEFINITION ASSOC-EQUAL)
        (:DEFINITION DELETE-KEY)
        (:DEFINITION ENDP)
        (:DEFINITION NOT)
        (:DEFINITION RCDP)
        (:DEFINITION S-AUX)
        (:EXECUTABLE-COUNTERPART CDR)
        (:EXECUTABLE-COUNTERPART CONSP)
        (:EXECUTABLE-COUNTERPART EQUAL)
        (:EXECUTABLE-COUNTERPART RCDP)
        (:FAKE-RUNE-FOR-TYPE-SET NIL)
        (:INDUCTION DELETE-KEY)
        (:INDUCTION RCDP)
        (:INDUCTION S-AUX)
        (:REWRITE <<-ASYMMETRIC)
        (:REWRITE <<-HACK)
        (:REWRITE <<-IRREFLEXIVE)
        (:REWRITE <<-TRICHOTOMY)
        (:REWRITE CAR-CONS)
        (:REWRITE CDR-CONS)
        (:REWRITE DELETE-KEY-NO-OP)
        (:REWRITE VALUES-NOT-NIL)
        (:TYPE-PRESCRIPTION <<)
        (:TYPE-PRESCRIPTION RCDP))
Warnings:  None
Time:  0.10 seconds (prove: 0.10, print: 0.00, other: 0.00)
DELETE-KEY-S-AUX

Summary
Form:  ( DEFTHM DELETE-KEY-NIL ...)
Rules: ((:DEFINITION ASSOC-EQUAL)
        (:DEFINITION DELETE-KEY)
        (:DEFINITION ENDP)
        (:DEFINITION NOT)
        (:EXECUTABLE-COUNTERPART CDR)
        (:EXECUTABLE-COUNTERPART CONSP)
        (:EXECUTABLE-COUNTERPART RCDP)
        (:FAKE-RUNE-FOR-TYPE-SET NIL)
        (:INDUCTION DELETE-KEY)
        (:REWRITE CAR-CONS)
        (:REWRITE CDR-CONS)
        (:REWRITE DELETE-KEY-NO-OP)
        (:REWRITE VALUES-NOT-NIL))
Warnings:  None
Time:  0.02 seconds (prove: 0.02, print: 0.00, other: 0.00)
DELETE-KEY-NIL

Summary
Form:  ( DEFTHM ASSOC-EQUAL-S-AUX-DIFFERENT ...)
Rules: ((:DEFINITION ASSOC-EQUAL)
        (:DEFINITION ENDP)
        (:DEFINITION NOT)
        (:DEFINITION S-AUX)
        (:EXECUTABLE-COUNTERPART CONSP)
        (:EXECUTABLE-COUNTERPART EQUAL)
        (:FAKE-RUNE-FOR-TYPE-SET NIL)
        (:INDUCTION ASSOC-EQUAL)
        (:INDUCTION S-AUX)
        (:REWRITE CAR-CONS)
        (:REWRITE CDR-CONS))
Warnings:  None
Time:  0.01 seconds (prove: 0.01, print: 0.00, other: 0.00)
ASSOC-EQUAL-S-AUX-DIFFERENT

Summary
Form:  ( DEFTHM ASSOC-EQUAL-DELETE-KEY-DIFFERENT ...)
Rules: ((:DEFINITION ASSOC-EQUAL)
        (:DEFINITION DELETE-KEY)
        (:DEFINITION ENDP)
        (:DEFINITION NOT)
        (:EXECUTABLE-COUNTERPART EQUAL)
        (:FAKE-RUNE-FOR-TYPE-SET NIL)
        (:INDUCTION ASSOC-EQUAL)
        (:INDUCTION DELETE-KEY)
        (:REWRITE CAR-CONS)
        (:REWRITE CDR-CONS))
Warnings:  None
Time:  0.01 seconds (prove: 0.01, print: 0.00, other: 0.00)
ASSOC-EQUAL-DELETE-KEY-DIFFERENT

Summary
Form:  ( DEFUN BAD-FIELD ...)
Rules: ((:DEFINITION ENDP)
        (:DEFINITION NOT)
        (:DEFINITION RCDP)
        (:EXECUTABLE-COUNTERPART CAR)
        (:EXECUTABLE-COUNTERPART CONSP)
        (:EXECUTABLE-COUNTERPART EQUAL)
        (:EXECUTABLE-COUNTERPART RCDP)
        (:FAKE-RUNE-FOR-TYPE-SET NIL))
Warnings:  None
Time:  0.01 seconds (prove: 0.00, print: 0.00, other: 0.01)
BAD-FIELD

Summary
Form:  ( DEFTHM ASSOC-EQ-SYMBOL-< ...)
Rules: ((:FAKE-RUNE-FOR-TYPE-SET NIL)
        (:REWRITE VALUE-NIL-SUFFICIENCY)
        (:REWRITE VALUES-NOT-NIL)
        (:TYPE-PRESCRIPTION <<)
        (:TYPE-PRESCRIPTION RCDP))
Warnings:  None
Time:  0.00 seconds (prove: 0.00, print: 0.00, other: 0.00)
ASSOC-EQ-SYMBOL-<

Summary
Form:  ( DEFTHM ACCESS-OF-NIL-IS-NIL ...)
Rules: ((:DEFINITION ASSOC-EQUAL)
        (:DEFINITION G)
        (:EXECUTABLE-COUNTERPART CDR)
        (:EXECUTABLE-COUNTERPART CONSP)
        (:EXECUTABLE-COUNTERPART RCDP))
Warnings:  None
Time:  0.00 seconds (prove: 0.00, print: 0.00, other: 0.00)
ACCESS-OF-NIL-IS-NIL

Summary
Form:  ( DEFTHM RECORD-SET-CANNOT-BE-NIL ...)
Rules: ((:DEFINITION S)
        (:FAKE-RUNE-FOR-TYPE-SET NIL)
        (:TYPE-PRESCRIPTION S-AUX))
Warnings:  None
Time:  0.00 seconds (prove: 0.00, print: 0.00, other: 0.00)
RECORD-SET-CANNOT-BE-NIL

Summary
Form:  ( DEFTHM RECORD-GET-NON-NIL-CANNOT-BE-NIL ...)
Rules: ((:REWRITE ACCESS-OF-NIL-IS-NIL))
Warnings:  None
Time:  0.00 seconds (prove: 0.00, print: 0.00, other: 0.00)
RECORD-GET-NON-NIL-CANNOT-BE-NIL

Summary
Form:  ( DEFTHM S-SAME-G ...)
Rules: ((:DEFINITION ASSOC-EQUAL)
        (:DEFINITION DELETE-KEY)
        (:DEFINITION G)
        (:DEFINITION LSP)
        (:DEFINITION RCDP)
        (:DEFINITION S)
        (:DEFINITION S-AUX)
        (:EXECUTABLE-COUNTERPART CDR)
        (:EXECUTABLE-COUNTERPART CONSP)
        (:EXECUTABLE-COUNTERPART EQUAL)
        (:EXECUTABLE-COUNTERPART RCDP)
        (:FAKE-RUNE-FOR-TYPE-SET NIL)
        (:REWRITE CAR-CONS)
        (:REWRITE CDR-CONS)
        (:REWRITE CONS-CAR-CDR)
        (:REWRITE DELETE-KEY-NO-OP)
        (:REWRITE S-AUX-TO-SAME)
        (:REWRITE VALUES-NOT-NIL)
        (:TYPE-PRESCRIPTION <<)
        (:TYPE-PRESCRIPTION RCDP))
Warnings:  None
Time:  0.06 seconds (prove: 0.06, print: 0.00, other: 0.00)
S-SAME-G

Summary
Form:  ( DEFTHM G-SAME-S ...)
Rules: ((:DEFINITION ASSOC-EQUAL)
        (:DEFINITION DELETE-KEY)
        (:DEFINITION EQ)
        (:DEFINITION G)
        (:DEFINITION LSP)
        (:DEFINITION NOT)
        (:DEFINITION RCDP)
        (:DEFINITION S)
        (:DEFINITION S-AUX)
        (:EXECUTABLE-COUNTERPART CDR)
        (:EXECUTABLE-COUNTERPART CONSP)
        (:EXECUTABLE-COUNTERPART EQUAL)
        (:EXECUTABLE-COUNTERPART LSP)
        (:EXECUTABLE-COUNTERPART NOT)
        (:EXECUTABLE-COUNTERPART RCDP)
        (:FAKE-RUNE-FOR-TYPE-SET NIL)
        (:FORWARD-CHAINING RECORD-GET-NON-NIL-CANNOT-BE-NIL)
        (:REWRITE <<-ASYMMETRIC)
        (:REWRITE <<-HACK)
        (:REWRITE <<-TRICHOTOMY)
        (:REWRITE ASSOC-EQ-SYMBOL-<)
        (:REWRITE CAAR-DELETE-KEY)
        (:REWRITE CAR-CONS)
        (:REWRITE CDR-ASSOC-EQUAL-DELETE-KEY)
        (:REWRITE CDR-CONS)
        (:REWRITE CONSP-DELETE-KEY)
        (:REWRITE DELETE-KEY-NO-OP)
        (:REWRITE RCDP-DELETE-KEY)
        (:REWRITE RCDP-S-AUX)
        (:REWRITE VALUE-S-AUX)
        (:REWRITE VALUES-NOT-NIL)
        (:TYPE-PRESCRIPTION <<)
        (:TYPE-PRESCRIPTION RCDP)
        (:TYPE-PRESCRIPTION S-AUX))
Warnings:  None
Time:  0.31 seconds (prove: 0.31, print: 0.00, other: 0.00)
G-SAME-S

Summary
Form:  ( DEFTHM S-SAME-S ...)
Rules: ((:DEFINITION ASSOC-EQUAL)
        (:DEFINITION DELETE-KEY)
        (:DEFINITION EQ)
        (:DEFINITION LSP)
        (:DEFINITION NOT)
        (:DEFINITION RCDP)
        (:DEFINITION S)
        (:DEFINITION S-AUX)
        (:EXECUTABLE-COUNTERPART CDR)
        (:EXECUTABLE-COUNTERPART CONSP)
        (:EXECUTABLE-COUNTERPART EQUAL)
        (:EXECUTABLE-COUNTERPART LSP)
        (:EXECUTABLE-COUNTERPART RCDP)
        (:FAKE-RUNE-FOR-TYPE-SET NIL)
        (:REWRITE <<-ASYMMETRIC)
        (:REWRITE <<-HACK)
        (:REWRITE <<-IRREFLEXIVE)
        (:REWRITE <<-S-AUX)
        (:REWRITE <<-TRANSITIVE)
        (:REWRITE <<-TRICHOTOMY)
        (:REWRITE ASSOC-EQ-SYMBOL-<)
        (:REWRITE CAAR-DELETE-KEY)
        (:REWRITE CAR-CONS)
        (:REWRITE CDR-ASSOC-EQUAL-DELETE-KEY)
        (:REWRITE CDR-CONS)
        (:REWRITE CONS-CAR-CDR)
        (:REWRITE CONS-EQUAL)
        (:REWRITE CONSP-DELETE-KEY)
        (:REWRITE DELETE-KEY-NO-OP)
        (:REWRITE DELETE-KEY-S-AUX-SAME)
        (:REWRITE RCDP-DELETE-KEY)
        (:REWRITE RCDP-S-AUX)
        (:REWRITE S-AUX-DELETE-KEY)
        (:REWRITE S-AUX-S-AUX-SAME)
        (:REWRITE VALUES-NOT-NIL)
        (:TYPE-PRESCRIPTION <<)
        (:TYPE-PRESCRIPTION RCDP)
        (:TYPE-PRESCRIPTION S-AUX))
Warnings:  None
Time:  0.81 seconds (prove: 0.81, print: 0.00, other: 0.00)
S-SAME-S

Summary
Form:  ( DEFTHM S-DIFF-S ...)
Rules: ((:DEFINITION ASSOC-EQUAL)
        (:DEFINITION DELETE-KEY)
        (:DEFINITION EQ)
        (:DEFINITION LSP)
        (:DEFINITION NOT)
        (:DEFINITION RCDP)
        (:DEFINITION S)
        (:DEFINITION S-AUX)
        (:EXECUTABLE-COUNTERPART CAR)
        (:EXECUTABLE-COUNTERPART CDR)
        (:EXECUTABLE-COUNTERPART CONSP)
        (:EXECUTABLE-COUNTERPART EQUAL)
        (:EXECUTABLE-COUNTERPART LSP)
        (:EXECUTABLE-COUNTERPART RCDP)
        (:FAKE-RUNE-FOR-TYPE-SET NIL)
        (:REWRITE <<-ASYMMETRIC)
        (:REWRITE <<-HACK)
        (:REWRITE <<-IRREFLEXIVE)
        (:REWRITE <<-S-AUX)
        (:REWRITE <<-TRANSITIVE)
        (:REWRITE <<-TRICHOTOMY)
        (:REWRITE CAAR-DELETE-KEY)
        (:REWRITE CAR-CONS)
        (:REWRITE CDR-CONS)
        (:REWRITE CONS-CAR-CDR)
        (:REWRITE CONS-EQUAL)
        (:REWRITE CONSP-DELETE-KEY)
        (:REWRITE DELETE-KEY-DELETE-KEY)
        (:REWRITE DELETE-KEY-NIL)
        (:REWRITE DELETE-KEY-NO-OP)
        (:REWRITE DELETE-KEY-S-AUX)
        (:REWRITE RCDP-DELETE-KEY)
        (:REWRITE RCDP-S-AUX)
        (:REWRITE S-AUX-DIFF-S-AUX)
        (:REWRITE VALUES-NOT-NIL)
        (:TYPE-PRESCRIPTION <<)
        (:TYPE-PRESCRIPTION RCDP)
        (:TYPE-PRESCRIPTION S-AUX))
Warnings:  None
Time:  4.53 seconds (prove: 4.53, print: 0.00, other: 0.00)
S-DIFF-S

Summary
Form:  ( DEFTHM G-DIFF-S ...)
Rules: ((:DEFINITION ASSOC-EQUAL)
        (:DEFINITION DELETE-KEY)
        (:DEFINITION EQ)
        (:DEFINITION G)
        (:DEFINITION LSP)
        (:DEFINITION NOT)
        (:DEFINITION RCDP)
        (:DEFINITION S)
        (:DEFINITION S-AUX)
        (:ELIM CAR-CDR-ELIM)
        (:EXECUTABLE-COUNTERPART CAR)
        (:EXECUTABLE-COUNTERPART CDR)
        (:EXECUTABLE-COUNTERPART CONSP)
        (:EXECUTABLE-COUNTERPART EQUAL)
        (:EXECUTABLE-COUNTERPART IF)
        (:EXECUTABLE-COUNTERPART LSP)
        (:EXECUTABLE-COUNTERPART NOT)
        (:EXECUTABLE-COUNTERPART RCDP)
        (:FAKE-RUNE-FOR-TYPE-SET NIL)
        (:REWRITE <<-ASYMMETRIC)
        (:REWRITE <<-HACK)
        (:REWRITE <<-TRICHOTOMY)
        (:REWRITE ASSOC-EQUAL-DELETE-KEY-DIFFERENT)
        (:REWRITE ASSOC-EQUAL-S-AUX-DIFFERENT)
        (:REWRITE CAAR-DELETE-KEY)
        (:REWRITE CAR-CONS)
        (:REWRITE CDR-CONS)
        (:REWRITE CONSP-DELETE-KEY)
        (:REWRITE DEFAULT-CAR)
        (:REWRITE DELETE-KEY-NO-OP)
        (:REWRITE RCDP-DELETE-KEY)
        (:REWRITE RCDP-S-AUX)
        (:REWRITE VALUES-NOT-NIL)
        (:TYPE-PRESCRIPTION <<)
        (:TYPE-PRESCRIPTION RCDP)
        (:TYPE-PRESCRIPTION S-AUX))
Warnings:  None
Time:  0.94 seconds (prove: 0.94, print: 0.00, other: 0.00)
G-DIFF-S

Summary
Form:  ( DEFTHM S-PRESERVES-RECORDP ...)
Rules: ((:DEFINITION S)
        (:FAKE-RUNE-FOR-TYPE-SET NIL)
        (:REWRITE RCDP-DELETE-KEY)
        (:REWRITE RCDP-S-AUX)
        (:TYPE-PRESCRIPTION RCDP))
Warnings:  None
Time:  0.00 seconds (prove: 0.00, print: 0.00, other: 0.00)
S-PRESERVES-RECORDP

Summary
Form:  ( DEFTHM RCDP-EQUALITY-SUFFICIENCY ...)
Rules: ((:DEFINITION ASSOC-EQUAL)
        (:DEFINITION BAD-FIELD)
        (:DEFINITION ENDP)
        (:DEFINITION G)
        (:DEFINITION NOT)
        (:DEFINITION RCDP)
        (:ELIM CAR-CDR-ELIM)
        (:EXECUTABLE-COUNTERPART CAR)
        (:EXECUTABLE-COUNTERPART CDR)
        (:EXECUTABLE-COUNTERPART CONSP)
        (:EXECUTABLE-COUNTERPART EQUAL)
        (:EXECUTABLE-COUNTERPART NOT)
        (:EXECUTABLE-COUNTERPART RCDP)
        (:FAKE-RUNE-FOR-TYPE-SET NIL)
        (:INDUCTION BAD-FIELD)
        (:REWRITE <<-IRREFLEXIVE)
        (:REWRITE <<-TRICHOTOMY)
        (:REWRITE ACCESS-OF-NIL-IS-NIL)
        (:REWRITE ASSOC-EQ-SYMBOL-<)
        (:REWRITE CAR-CONS)
        (:REWRITE CDR-CONS)
        (:REWRITE CONS-EQUAL)
        (:REWRITE DEFAULT-CAR)
        (:TYPE-PRESCRIPTION <<)
        (:TYPE-PRESCRIPTION RCDP))
Warnings:  None
Time:  0.12 seconds (prove: 0.12, print: 0.00, other: 0.00)
RCDP-EQUALITY-SUFFICIENCY

Summary
Form:  ( IN-THEORY (DISABLE ...))
Rules: NIL
Warnings:  None
Time:  0.00 seconds (prove: 0.00, print: 0.00, other: 0.00)
1854

Summary
Form:  ( INCLUDE-BOOK "records0" ...)
Rules: NIL
Warnings:  None
Time:  0.04 seconds (prove: 0.00, print: 0.00, other: 0.04)

"/Users/huangjianshi/src/acl2-sources/books/misc/records0.fasl"


Summary
Form:  (CERTIFY-BOOK "records0" ...)
Rules: NIL
Warnings:  None
Time:  7.56 seconds (prove: 7.41, print: 0.00, other: 0.14)
 "/Users/huangjianshi/src/acl2-sources/books/misc/records0.lisp"
ACL2 !>
Exiting the ACL2 read-eval-print loop.  To re-enter, execute (LP).
* 