This is SBCL 1.0.1.34, an implementation of ANSI Common Lisp.
More information about SBCL is available at <http://www.sbcl.org/>.

SBCL is free software, provided as is, with absolutely no warranty.
It is mostly in the public domain; some portions are provided under
BSD-style licenses.  See the CREDITS and COPYING files in the
distribution for more information.

 ACL2 Version 3.1 built January 26, 2007  15:12:42.
 Copyright (C) 2006  University of Texas at Austin
 ACL2 comes with ABSOLUTELY NO WARRANTY.  This is free software and you
 are welcome to redistribute it under certain conditions.  For details,
 see the GNU General Public License.

 Initialized with (INITIALIZE-ACL2 'INCLUDE-BOOK *ACL2-PASS-2-FILES*).
 See the documentation topic note-3-1 for recent changes.
 Note: We have modified the prompt in some underlying Lisps to further
 distinguish it from the ACL2 prompt.

 NOTE!!  Proof trees are disabled in ACL2.  To enable them in emacs,
 look under the ACL2 source directory in interface/emacs/README.doc; 
 and, to turn on proof trees, execute :START-PROOF-TREE in the ACL2 
 command loop.   Look in the ACL2 documentation under PROOF-TREE.

ACL2 Version 3.1.  Level 1.  Cbd 
"/Users/huangjianshi/src/acl2-sources/books/misc/".
Type :help for help.
Type (good-bye) to quit completely out of ACL2.

ACL2 !>
Exiting the ACL2 read-eval-print loop.  To re-enter, execute (LP).
* 
#<PACKAGE "ACL2">
* 
ACL2 Version 3.1.  Level 1.  Cbd 
"/Users/huangjianshi/src/acl2-sources/books/misc/".
Type :help for help.
Type (good-bye) to quit completely out of ACL2.

ACL2 !> (PROVE PROOF-TREE
        WARNING OBSERVATION EVENT EXPANSION)
ACL2 !>:INVISIBLE

Summary
Form:  ( INCLUDE-BOOK "symbol-btree" ...)
Rules: NIL
Warnings:  None
Time:  0.08 seconds (prove: 0.00, print: 0.00, other: 0.08)
"/Users/huangjianshi/src/acl2-sources/books/misc/symbol-btree.lisp"

Summary
Form:  ( DEFUN RTL-UNTRANS-LOP ...)
Rules: NIL
Warnings:  None
Time:  0.01 seconds (prove: 0.00, print: 0.00, other: 0.01)
RTL-UNTRANS-LOP

Summary
Form:  ( DEFUN SUM-CAT-SIZES ...)
Rules: NIL
Warnings:  None
Time:  0.00 seconds (prove: 0.00, print: 0.00, other: 0.00)
SUM-CAT-SIZES

Summary
Form:  ( DEFUN RTL-UNTRANS-CAT ...)
Rules: NIL
Warnings:  None
Time:  0.01 seconds (prove: 0.00, print: 0.00, other: 0.01)
RTL-UNTRANS-CAT

Summary
Form:  ( DEFUN COND1-LENGTH ...)
Rules: NIL
Warnings:  None
Time:  0.01 seconds (prove: 0.00, print: 0.00, other: 0.01)
COND1-LENGTH

Summary
Form:  ( DEFMACRO RTL-UNTRANS-AND ...)
Rules: NIL
Warnings:  None
Time:  0.00 seconds (prove: 0.00, print: 0.00, other: 0.00)
RTL-UNTRANS-AND

Summary
Form:  ( DEFMACRO RTL-UNTRANS-OR ...)
Rules: NIL
Warnings:  None
Time:  0.00 seconds (prove: 0.00, print: 0.00, other: 0.00)
RTL-UNTRANS-OR

Summary
Form:  ( DEFCONST *RTL-UNTRANS-BOOLEAN-PRIMITIVES* ...)
Rules: NIL
Warnings:  None
Time:  0.00 seconds (prove: 0.00, print: 0.00, other: 0.00)
*RTL-UNTRANS-BOOLEAN-PRIMITIVES*

Summary
Form:  ( MUTUAL-RECURSION ( DEFUN RTL-UNTRANS1 ...) ...)
Rules: NIL
Warnings:  None
Time:  0.33 seconds (prove: 0.00, print: 0.00, other: 0.33)
(RTL-UNTRANS1 RTL-UNTRANS-CONS1
              RTL-UNTRANS-CONS RTL-UNTRANS-IF
              RTL-UNTRANS-INTO-CASE-CLAUSES
              RTL-UNTRANS-INTO-COND-CLAUSES
              RTL-UNTRANS-INTO-COND1-CLAUSES
              RTL-UNTRANS1-LST)

Summary
Form:  ( DEFUN STR=-UP-TO ...)
Rules: NIL
Warnings:  None
Time:  0.01 seconds (prove: 0.00, print: 0.00, other: 0.01)
STR=-UP-TO

Summary
Form:  ( DEFUN ALL-DOLLAR-SYMBS ...)
Rules: NIL
Warnings:  None
Time:  0.01 seconds (prove: 0.00, print: 0.00, other: 0.01)
ALL-DOLLAR-SYMBS

Summary
Form:  ( TABLE RTL-TBL ...)
Rules: NIL
Warnings:  None
Time:  0.00 seconds (prove: 0.00, print: 0.00, other: 0.00)
RTL-TBL

Summary
Form:  ( TABLE RTL-TBL ...)
Rules: NIL
Warnings:  None
Time:  0.00 seconds (prove: 0.00, print: 0.00, other: 0.00)
RTL-TBL

Summary
Form:  ( DEFUN DOLLARFY ...)
Rules: ((:DEFINITION EQ)
        (:DEFINITION NOT)
        (:DEFINITION STRING-APPEND)
        (:DEFINITION STRING-APPEND-LST)
        (:DEFINITION STRING-LISTP)
        (:EXECUTABLE-COUNTERPART COERCE)
        (:EXECUTABLE-COUNTERPART STRING-APPEND-LST)
        (:EXECUTABLE-COUNTERPART STRING-LISTP)
        (:FAKE-RUNE-FOR-TYPE-SET NIL)
        (:REWRITE CAR-CONS)
        (:REWRITE CDR-CONS)
        (:TYPE-PRESCRIPTION SYMBOLP-INTERN-IN-PACKAGE-OF-SYMBOL))
Warnings:  None
Time:  0.01 seconds (prove: 0.00, print: 0.00, other: 0.01)
DOLLARFY

Summary
Form:  ( DEFUN DOLLAR-ALIST ...)
Rules: ((:DEFINITION ACONS)
        (:DEFINITION ALISTP)
        (:DEFINITION DOLLARFY)
        (:DEFINITION ENDP)
        (:DEFINITION NOT)
        (:DEFINITION STRING-APPEND)
        (:DEFINITION STRING-APPEND-LST)
        (:DEFINITION SYMBOL-LISTP)
        (:EXECUTABLE-COUNTERPART COERCE)
        (:EXECUTABLE-COUNTERPART STRING-APPEND-LST)
        (:FAKE-RUNE-FOR-TYPE-SET NIL)
        (:FORWARD-CHAINING ALISTP-FORWARD-TO-TRUE-LISTP)
        (:FORWARD-CHAINING SYMBOL-LISTP-FORWARD-TO-TRUE-LISTP)
        (:REWRITE CAR-CONS)
        (:REWRITE CDR-CONS)
        (:TYPE-PRESCRIPTION ACONS)
        (:TYPE-PRESCRIPTION ALISTP)
        (:TYPE-PRESCRIPTION SYMBOL-LISTP))
Warnings:  None
Time:  0.01 seconds (prove: 0.00, print: 0.00, other: 0.01)
DOLLAR-ALIST

Summary
Form:  ( DEFUN RTL-UNTRANSLATE ...)
Rules: NIL
Warnings:  None
Time:  0.01 seconds (prove: 0.00, print: 0.00, other: 0.01)
RTL-UNTRANSLATE

Summary
Form:  ( DEFUN RTL-UNTRANSLATE-LST ...)
Rules: NIL
Warnings:  None
Time:  0.00 seconds (prove: 0.00, print: 0.00, other: 0.00)
RTL-UNTRANSLATE-LST

Summary
Form:  ( TABLE USER-DEFINED-FUNCTIONS-TABLE ...)
Rules: NIL
Warnings:  None
Time:  0.00 seconds (prove: 0.00, print: 0.00, other: 0.00)
USER-DEFINED-FUNCTIONS-TABLE

Summary
Form:  ( TABLE USER-DEFINED-FUNCTIONS-TABLE ...)
Rules: NIL
Warnings:  None
Time:  0.00 seconds (prove: 0.00, print: 0.00, other: 0.00)
USER-DEFINED-FUNCTIONS-TABLE

Summary
Form:  ( DEFMACRO EXTEND-SIGS-BTREE ...)
Rules: NIL
Warnings:  None
Time:  0.01 seconds (prove: 0.00, print: 0.00, other: 0.01)
EXTEND-SIGS-BTREE

Summary
Form:  ( DEFMACRO REBALANCE-SIGS-BTREE ...)
Rules: NIL
Warnings:  None
Time:  0.00 seconds (prove: 0.00, print: 0.00, other: 0.00)
REBALANCE-SIGS-BTREE

Summary
Form:  ( DEFUN EXPAND-ADDRESS-CAT ...)
Rules: NIL
Warnings:  None
Time:  0.02 seconds (prove: 0.00, print: 0.00, other: 0.02)
EXPAND-ADDRESS-CAT

Summary
Form:  ( TABLE DIVE-INTO-MACROS-TABLE ...)
Rules: NIL
Warnings:  None
Time:  0.00 seconds (prove: 0.00, print: 0.00, other: 0.00)
DIVE-INTO-MACROS-TABLE

Summary
Form:  ( DEFUN EXPAND-ADDRESS-LXOR ...)
Rules: NIL
Warnings:  None
Time:  0.01 seconds (prove: 0.00, print: 0.00, other: 0.01)
EXPAND-ADDRESS-LXOR

Summary
Form:  ( TABLE DIVE-INTO-MACROS-TABLE ...)
Rules: NIL
Warnings:  None
Time:  0.00 seconds (prove: 0.00, print: 0.00, other: 0.00)
DIVE-INTO-MACROS-TABLE

Summary
Form:  ( TABLE DIVE-INTO-MACROS-TABLE ...)
Rules: NIL
Warnings:  None
Time:  0.00 seconds (prove: 0.00, print: 0.00, other: 0.00)
DIVE-INTO-MACROS-TABLE

Summary
Form:  ( TABLE DIVE-INTO-MACROS-TABLE ...)
Rules: NIL
Warnings:  None
Time:  0.00 seconds (prove: 0.00, print: 0.00, other: 0.00)
DIVE-INTO-MACROS-TABLE

Summary
Form:  ( TABLE ACL2-DEFAULTS-TABLE ...)
Rules: NIL
Warnings:  None
Time:  0.00 seconds (prove: 0.00, print: 0.00, other: 0.00)
ACL2-DEFAULTS-TABLE

Summary
Form:  ( INCLUDE-BOOK "rtl-untranslate" ...)
Rules: NIL
Warnings:  None
Time:  0.40 seconds (prove: 0.00, print: 0.00, other: 0.40)

"/Users/huangjianshi/src/acl2-sources/books/misc/rtl-untranslate.fasl"


Summary
Form:  (CERTIFY-BOOK "rtl-untranslate" ...)
Rules: NIL
Warnings:  None
Time:  1.10 seconds (prove: 0.00, print: 0.00, other: 1.10)
 "/Users/huangjianshi/src/acl2-sources/books/misc/rtl-untranslate.lisp"
ACL2 !>
Exiting the ACL2 read-eval-print loop.  To re-enter, execute (LP).
* 