This is SBCL 1.0.1.34, an implementation of ANSI Common Lisp.
More information about SBCL is available at <http://www.sbcl.org/>.

SBCL is free software, provided as is, with absolutely no warranty.
It is mostly in the public domain; some portions are provided under
BSD-style licenses.  See the CREDITS and COPYING files in the
distribution for more information.

 ACL2 Version 3.1 built January 26, 2007  15:12:42.
 Copyright (C) 2006  University of Texas at Austin
 ACL2 comes with ABSOLUTELY NO WARRANTY.  This is free software and you
 are welcome to redistribute it under certain conditions.  For details,
 see the GNU General Public License.

 Initialized with (INITIALIZE-ACL2 'INCLUDE-BOOK *ACL2-PASS-2-FILES*).
 See the documentation topic note-3-1 for recent changes.
 Note: We have modified the prompt in some underlying Lisps to further
 distinguish it from the ACL2 prompt.

 NOTE!!  Proof trees are disabled in ACL2.  To enable them in emacs,
 look under the ACL2 source directory in interface/emacs/README.doc; 
 and, to turn on proof trees, execute :START-PROOF-TREE in the ACL2 
 command loop.   Look in the ACL2 documentation under PROOF-TREE.

ACL2 Version 3.1.  Level 1.  Cbd 
"/Users/huangjianshi/src/acl2-sources/books/misc/".
Type :help for help.
Type (good-bye) to quit completely out of ACL2.

ACL2 !>
Exiting the ACL2 read-eval-print loop.  To re-enter, execute (LP).
* 
#<PACKAGE "ACL2">
* 
ACL2 Version 3.1.  Level 1.  Cbd 
"/Users/huangjianshi/src/acl2-sources/books/misc/".
Type :help for help.
Type (good-bye) to quit completely out of ACL2.

ACL2 !> (PROVE PROOF-TREE
        WARNING OBSERVATION EVENT EXPANSION)
ACL2 !>:INVISIBLE
T

Summary
Form:  ( DEFUN SIMPLIFY-TERM1 ...)
Rules: NIL
Warnings:  None
Time:  0.10 seconds (prove: 0.00, print: 0.00, other: 0.10)
SIMPLIFY-TERM1

Summary
Form:  ( DEFUN SIMPLIFY-TERM* ...)
Rules: NIL
Warnings:  None
Time:  0.01 seconds (prove: 0.00, print: 0.00, other: 0.01)
SIMPLIFY-TERM*

Summary
Form:  ( DEFUN SIMPLIFY-TERM ...)
Rules: NIL
Warnings:  None
Time:  0.04 seconds (prove: 0.00, print: 0.00, other: 0.04)
SIMPLIFY-TERM

Summary
Form:  ( DEFUN STRIP-LEADING-PERCENT-FROM-SYMBOL ...)
Rules: NIL
Warnings:  None
Time:  0.01 seconds (prove: 0.00, print: 0.00, other: 0.01)
STRIP-LEADING-PERCENT-FROM-SYMBOL

Summary
Form:  ( DEFUN STRIP-LEADING-PERCENT-FROM-SYMBOL-LIST ...)
Rules: NIL
Warnings:  None
Time:  0.00 seconds (prove: 0.00, print: 0.00, other: 0.00)
STRIP-LEADING-PERCENT-FROM-SYMBOL-LIST

Summary
Form:  ( MUTUAL-RECURSION ( DEFUN STRIP-PERCENTS ...) ...)
Rules: NIL
Warnings:  None
Time:  0.01 seconds (prove: 0.00, print: 0.00, other: 0.01)
(STRIP-PERCENTS STRIP-PERCENTS-LST)

Summary
Form:  ( DEFUN PERCENTIFY ...)
Rules: NIL
Warnings:  None
Time:  0.00 seconds (prove: 0.00, print: 0.00, other: 0.00)
PERCENTIFY

Summary
Form:  ( DEFCONST *%%P* ...)
Rules: NIL
Warnings:  None
Time:  0.00 seconds (prove: 0.00, print: 0.00, other: 0.00)
*%%P*

Summary
Form:  ( DEFUN SUBLIS-FN! ...)
Rules: NIL
Warnings:  None
Time:  0.00 seconds (prove: 0.00, print: 0.00, other: 0.00)
SUBLIS-FN!

Summary
Form:  ( DEFUN %F-IS-F-LEMMAS-REV ...)
Rules: NIL
Warnings:  None
Time:  0.05 seconds (prove: 0.00, print: 0.00, other: 0.05)
%F-IS-F-LEMMAS-REV

Summary
Form:  ( DEFUN GET-STATE-VALUE ...)
Rules: NIL
Warnings:  None
Time:  0.00 seconds (prove: 0.00, print: 0.00, other: 0.00)
GET-STATE-VALUE

Summary
Form:  ( DEFUN SIMPLIFY-REPEAT-LIMIT ...)
Rules: NIL
Warnings:  None
Time:  0.00 seconds (prove: 0.00, print: 0.00, other: 0.00)
SIMPLIFY-REPEAT-LIMIT

Summary
Form:  ( DEFUN SIMPLIFY-INHIBIT ...)
Rules: NIL
Warnings:  None
Time:  0.00 seconds (prove: 0.00, print: 0.00, other: 0.00)
SIMPLIFY-INHIBIT

Summary
Form:  ( DEFUN SIMPLIFY-DEFUN ...)
Rules: NIL
Warnings:  None
Time:  0.03 seconds (prove: 0.00, print: 0.00, other: 0.03)
SIMPLIFY-DEFUN

Summary
Form:  ( DEFUN MUT-REC-FORMALS ...)
Rules: NIL
Warnings:  None
Time:  0.01 seconds (prove: 0.00, print: 0.00, other: 0.01)
MUT-REC-FORMALS

Summary
Form:  ( DEFUN F-IS-%F-LIST ...)
Rules: NIL
Warnings:  None
Time:  0.01 seconds (prove: 0.00, print: 0.00, other: 0.01)
F-IS-%F-LIST

Summary
Form:  ( DEFUN F-IS-%F-BASE-LEMMAS ...)
Rules: NIL
Warnings:  None
Time:  0.01 seconds (prove: 0.00, print: 0.00, other: 0.01)
F-IS-%F-BASE-LEMMAS

Summary
Form:  ( DEFUN F-IS-%F-INDUCTION-STEP-LEMMAS ...)
Rules: NIL
Warnings:  None
Time:  0.03 seconds (prove: 0.00, print: 0.00, other: 0.03)
F-IS-%F-INDUCTION-STEP-LEMMAS

Summary
Form:  ( DEFUN F-IS-%F-LEMMAS-MUT-REC ...)
Rules: NIL
Warnings:  None
Time:  0.01 seconds (prove: 0.00, print: 0.00, other: 0.01)
F-IS-%F-LEMMAS-MUT-REC

Summary
Form:  ( DEFUN MUTUAL-RECURSION-LEMMAS ...)
Rules: NIL
Warnings:  None
Time:  0.05 seconds (prove: 0.00, print: 0.00, other: 0.05)
MUTUAL-RECURSION-LEMMAS

Summary
Form:  ( DEFUN MY-TRANSLATE-RULE-CLASS-ALIST ...)
Rules: NIL
Warnings:  None
Time:  0.03 seconds (prove: 0.00, print: 0.00, other: 0.03)
MY-TRANSLATE-RULE-CLASS-ALIST

Summary
Form:  ( DEFUN MY-TRANSLATE-RULE-CLASS1 ...)
Rules: NIL
Warnings:  None
Time:  0.01 seconds (prove: 0.00, print: 0.00, other: 0.01)
MY-TRANSLATE-RULE-CLASS1

Summary
Form:  ( DEFUN MY-TRANSLATE-RULE-CLASS ...)
Rules: NIL
Warnings:  None
Time:  0.00 seconds (prove: 0.00, print: 0.00, other: 0.00)
MY-TRANSLATE-RULE-CLASS

Summary
Form:  ( DEFUN MY-TRANSLATE-RULE-CLASSES1 ...)
Rules: NIL
Warnings:  None
Time:  0.01 seconds (prove: 0.00, print: 0.00, other: 0.01)
MY-TRANSLATE-RULE-CLASSES1

Summary
Form:  ( DEFUN MY-TRANSLATE-RULE-CLASSES ...)
Rules: NIL
Warnings:  None
Time:  0.00 seconds (prove: 0.00, print: 0.00, other: 0.00)
MY-TRANSLATE-RULE-CLASSES

Summary
Form:  ( DEFUN STRIP-PERCENTS-FROM-LEMMA ...)
Rules: NIL
Warnings:  None
Time:  0.02 seconds (prove: 0.00, print: 0.00, other: 0.02)
STRIP-PERCENTS-FROM-LEMMA

Summary
Form:  ( DEFUN STRIP-PERCENTS-FROM-LEMMAS ...)
Rules: NIL
Warnings:  None
Time:  0.01 seconds (prove: 0.00, print: 0.00, other: 0.01)
STRIP-PERCENTS-FROM-LEMMAS

Summary
Form:  ( DEFUN SIMPLIFY-DEFUNS ...)
Rules: NIL
Warnings:  None
Time:  0.01 seconds (prove: 0.00, print: 0.00, other: 0.01)
SIMPLIFY-DEFUNS

Summary
Form:  ( DEFUN SIMPLIFY-FORM ...)
Rules: NIL
Warnings:  None
Time:  0.01 seconds (prove: 0.00, print: 0.00, other: 0.01)
SIMPLIFY-FORM

Summary
Form:  ( DEFUN SIMPLIFY-FORMS ...)
Rules: NIL
Warnings:  None
Time:  0.01 seconds (prove: 0.00, print: 0.00, other: 0.01)
SIMPLIFY-FORMS

Summary
Form:  ( DEFUN FINAL-DEFTHEORY-1 ...)
Rules: NIL
Warnings:  None
Time:  0.01 seconds (prove: 0.00, print: 0.00, other: 0.01)
FINAL-DEFTHEORY-1

Summary
Form:  ( DEFUN FINAL-DEFTHEORY ...)
Rules: NIL
Warnings:  None
Time:  0.01 seconds (prove: 0.00, print: 0.00, other: 0.01)
FINAL-DEFTHEORY

Summary
Form:  ( DEFUN INITIAL-EQUALITY-EVENTS ...)
Rules: NIL
Warnings:  None
Time:  0.00 seconds (prove: 0.00, print: 0.00, other: 0.00)
INITIAL-EQUALITY-EVENTS

Summary
Form:  ( INCLUDE-BOOK "file-io" ...)
Rules: NIL
Warnings:  None
Time:  0.10 seconds (prove: 0.00, print: 0.00, other: 0.10)
"/Users/huangjianshi/src/acl2-sources/books/misc/file-io.lisp"

Summary
Form:  ( DEFUN WRITE-LEMMA-FILE ...)
Rules: NIL
Warnings:  None
Time:  0.01 seconds (prove: 0.00, print: 0.00, other: 0.01)
WRITE-LEMMA-FILE

Summary
Form:  ( DEFUN WRITE-LEMMA-FILES ...)
Rules: NIL
Warnings:  None
Time:  0.00 seconds (prove: 0.00, print: 0.00, other: 0.00)
WRITE-LEMMA-FILES

Summary
Form:  ( DEFUN TRANSFORM-DEFUNS-FN ...)
Rules: NIL
Warnings:  None
Time:  0.02 seconds (prove: 0.00, print: 0.00, other: 0.02)
TRANSFORM-DEFUNS-FN

Summary
Form:  ( DEFMACRO TRANSFORM-DEFUNS ...)
Rules: NIL
Warnings:  None
Time:  0.00 seconds (prove: 0.00, print: 0.00, other: 0.00)
TRANSFORM-DEFUNS

Summary
Form:  ( TABLE ACL2-DEFAULTS-TABLE ...)
Rules: NIL
Warnings:  None
Time:  0.00 seconds (prove: 0.00, print: 0.00, other: 0.00)
ACL2-DEFAULTS-TABLE

Summary
Form:  ( INCLUDE-BOOK "simplify-defuns" ...)
Rules: NIL
Warnings:  None
Time:  0.54 seconds (prove: 0.00, print: 0.00, other: 0.54)

"/Users/huangjianshi/src/acl2-sources/books/misc/simplify-defuns.fasl"


Summary
Form:  (CERTIFY-BOOK "simplify-defuns" ...)
Rules: NIL
Warnings:  None
Time:  1.49 seconds (prove: 0.00, print: 0.00, other: 1.49)
 "/Users/huangjianshi/src/acl2-sources/books/misc/simplify-defuns.lisp"
ACL2 !>
Exiting the ACL2 read-eval-print loop.  To re-enter, execute (LP).
* 