This is SBCL 1.0.1.34, an implementation of ANSI Common Lisp.
More information about SBCL is available at <http://www.sbcl.org/>.

SBCL is free software, provided as is, with absolutely no warranty.
It is mostly in the public domain; some portions are provided under
BSD-style licenses.  See the CREDITS and COPYING files in the
distribution for more information.

 ACL2 Version 3.1 built January 26, 2007  15:12:42.
 Copyright (C) 2006  University of Texas at Austin
 ACL2 comes with ABSOLUTELY NO WARRANTY.  This is free software and you
 are welcome to redistribute it under certain conditions.  For details,
 see the GNU General Public License.

 Initialized with (INITIALIZE-ACL2 'INCLUDE-BOOK *ACL2-PASS-2-FILES*).
 See the documentation topic note-3-1 for recent changes.
 Note: We have modified the prompt in some underlying Lisps to further
 distinguish it from the ACL2 prompt.

 NOTE!!  Proof trees are disabled in ACL2.  To enable them in emacs,
 look under the ACL2 source directory in interface/emacs/README.doc; 
 and, to turn on proof trees, execute :START-PROOF-TREE in the ACL2 
 command loop.   Look in the ACL2 documentation under PROOF-TREE.

ACL2 Version 3.1.  Level 1.  Cbd 
"/Users/huangjianshi/src/acl2-sources/books/misc/".
Type :help for help.
Type (good-bye) to quit completely out of ACL2.

ACL2 !>
Exiting the ACL2 read-eval-print loop.  To re-enter, execute (LP).
* 
#<PACKAGE "ACL2">
* 
ACL2 Version 3.1.  Level 1.  Cbd 
"/Users/huangjianshi/src/acl2-sources/books/misc/".
Type :help for help.
Type (good-bye) to quit completely out of ACL2.

ACL2 !> (PROVE PROOF-TREE
        WARNING OBSERVATION EVENT EXPANSION)
ACL2 !>
Summary
Form:  ( DEFLABEL SIN-COS ...)
Rules: NIL
Warnings:  None
Time:  0.00 seconds (prove: 0.00, print: 0.00, other: 0.00)
SIN-COS

Summary
Form:  ( DEFUN COMPUTE-SERIES ...)
Rules: ((:COMPOUND-RECOGNIZER BOOLEANP-COMPOUND-RECOGNIZER)
        (:COMPOUND-RECOGNIZER ZP-COMPOUND-RECOGNIZER)
        (:FAKE-RUNE-FOR-TYPE-SET NIL))
Warnings:  None
Time:  0.02 seconds (prove: 0.00, print: 0.00, other: 0.02)
COMPUTE-SERIES

Summary
Form:  ( DEFTHM TYPE-OF-COMPUTE-SERIES ...)
Rules: ((:COMPOUND-RECOGNIZER ZP-COMPOUND-RECOGNIZER)
        (:CONGRUENCE IFF-IMPLIES-EQUAL-NOT)
        (:DEFINITION COMPUTE-SERIES)
        (:DEFINITION FIX)
        (:EXECUTABLE-COUNTERPART NOT)
        (:FAKE-RUNE-FOR-TYPE-SET NIL)
        (:INDUCTION COMPUTE-SERIES)
        (:REWRITE COMMUTATIVITY-OF-*)
        (:REWRITE COMMUTATIVITY-OF-+)
        (:REWRITE DISTRIBUTIVITY)
        (:REWRITE UNICITY-OF-1)
        (:TYPE-PRESCRIPTION COMPUTE-SERIES))
Warnings:  None
Time:  0.03 seconds (prove: 0.02, print: 0.00, other: 0.00)
TYPE-OF-COMPUTE-SERIES

Summary
Form:  ( DEFUN FAST-COMPUTE-SERIES ...)
Rules: ((:COMPOUND-RECOGNIZER BOOLEANP-COMPOUND-RECOGNIZER)
        (:COMPOUND-RECOGNIZER ZP-COMPOUND-RECOGNIZER)
        (:FAKE-RUNE-FOR-TYPE-SET NIL))
Warnings:  None
Time:  0.02 seconds (prove: 0.00, print: 0.00, other: 0.02)
FAST-COMPUTE-SERIES

Summary
Form:  ( DEFTHM TYPE-OF-FAST-COMPUTE-SERIES ...)
Rules: ((:COMPOUND-RECOGNIZER BOOLEANP-COMPOUND-RECOGNIZER)
        (:COMPOUND-RECOGNIZER ZP-COMPOUND-RECOGNIZER)
        (:CONGRUENCE IFF-IMPLIES-EQUAL-NOT)
        (:DEFINITION =)
        (:DEFINITION FAST-COMPUTE-SERIES)
        (:DEFINITION MV-NTH)
        (:DEFINITION NOT)
        (:EXECUTABLE-COUNTERPART <)
        (:EXECUTABLE-COUNTERPART BINARY-+)
        (:EXECUTABLE-COUNTERPART BOOLEANP)
        (:EXECUTABLE-COUNTERPART INTEGERP)
        (:EXECUTABLE-COUNTERPART NOT)
        (:EXECUTABLE-COUNTERPART ZP)
        (:FAKE-RUNE-FOR-LINEAR NIL)
        (:FAKE-RUNE-FOR-TYPE-SET NIL)
        (:INDUCTION FAST-COMPUTE-SERIES)
        (:REWRITE CAR-CONS)
        (:REWRITE CDR-CONS)
        (:REWRITE COMMUTATIVITY-OF-*)
        (:REWRITE COMMUTATIVITY-OF-+)
        (:TYPE-PRESCRIPTION FAST-COMPUTE-SERIES))
Warnings:  None
Time:  0.14 seconds (prove: 0.14, print: 0.00, other: 0.00)
TYPE-OF-FAST-COMPUTE-SERIES

Summary
Form:  ( DEFUN FAST-COMPUTE-COS ...)
Rules: ((:COMPOUND-RECOGNIZER BOOLEANP-COMPOUND-RECOGNIZER)
        (:FAKE-RUNE-FOR-TYPE-SET NIL)
        (:TYPE-PRESCRIPTION FAST-COMPUTE-SERIES)
        (:TYPE-PRESCRIPTION NONNEGATIVE-PRODUCT))
Warnings:  None
Time:  0.01 seconds (prove: 0.00, print: 0.00, other: 0.01)
FAST-COMPUTE-COS

Summary
Form:  ( DEFUN FAST-COMPUTE-SIN ...)
Rules: ((:COMPOUND-RECOGNIZER BOOLEANP-COMPOUND-RECOGNIZER)
        (:FAKE-RUNE-FOR-TYPE-SET NIL)
        (:TYPE-PRESCRIPTION FAST-COMPUTE-SERIES)
        (:TYPE-PRESCRIPTION NONNEGATIVE-PRODUCT))
Warnings:  None
Time:  0.01 seconds (prove: 0.00, print: 0.00, other: 0.01)
FAST-COMPUTE-SIN

Summary
Form:  ( DEFUN TRUNCATED-INTEGER-COS ...)
Rules: ((:COMPOUND-RECOGNIZER BOOLEANP-COMPOUND-RECOGNIZER)
        (:DEFINITION EQL)
        (:DEFINITION FAST-COMPUTE-COS)
        (:DEFINITION NOT)
        (:EXECUTABLE-COUNTERPART NOT)
        (:FAKE-RUNE-FOR-TYPE-SET NIL)
        (:REWRITE COMMUTATIVITY-OF-*)
        (:TYPE-PRESCRIPTION FAST-COMPUTE-SERIES)
        (:TYPE-PRESCRIPTION NONNEGATIVE-PRODUCT)
        (:TYPE-PRESCRIPTION TRUNCATE)
        (:TYPE-PRESCRIPTION TYPE-OF-FAST-COMPUTE-SERIES . 2)
        (:TYPE-PRESCRIPTION TYPE-OF-FAST-COMPUTE-SERIES . 1))
Warnings:  None
Time:  0.01 seconds (prove: 0.00, print: 0.00, other: 0.01)
TRUNCATED-INTEGER-COS

Summary
Form:  ( DEFUN TRUNCATED-INTEGER-SIN ...)
Rules: ((:COMPOUND-RECOGNIZER BOOLEANP-COMPOUND-RECOGNIZER)
        (:DEFINITION EQL)
        (:DEFINITION FAST-COMPUTE-SIN)
        (:DEFINITION NOT)
        (:EXECUTABLE-COUNTERPART NOT)
        (:FAKE-RUNE-FOR-TYPE-SET NIL)
        (:REWRITE COMMUTATIVITY-OF-*)
        (:TYPE-PRESCRIPTION FAST-COMPUTE-SERIES)
        (:TYPE-PRESCRIPTION NONNEGATIVE-PRODUCT)
        (:TYPE-PRESCRIPTION TRUNCATE)
        (:TYPE-PRESCRIPTION TYPE-OF-FAST-COMPUTE-SERIES . 2)
        (:TYPE-PRESCRIPTION TYPE-OF-FAST-COMPUTE-SERIES . 1))
Warnings:  None
Time:  0.01 seconds (prove: 0.00, print: 0.00, other: 0.01)
TRUNCATED-INTEGER-SIN

Summary
Form:  ( DEFUN TRUNCATED-INTEGER-SIN/COS-TABLE-FN ...)
Rules: ((:COMPOUND-RECOGNIZER ZP-COMPOUND-RECOGNIZER)
        (:DEFINITION EQ)
        (:DEFINITION EQL)
        (:DEFINITION IFIX)
        (:DEFINITION MEMBER)
        (:DEFINITION NATP)
        (:DEFINITION NOT)
        (:DEFINITION O-FINP)
        (:DEFINITION O-P)
        (:DEFINITION O<)
        (:DEFINITION SYNP)
        (:EXECUTABLE-COUNTERPART <)
        (:EXECUTABLE-COUNTERPART CAR)
        (:EXECUTABLE-COUNTERPART CDR)
        (:EXECUTABLE-COUNTERPART CONSP)
        (:EXECUTABLE-COUNTERPART EQL)
        (:EXECUTABLE-COUNTERPART EQLABLE-LISTP)
        (:EXECUTABLE-COUNTERPART EQLABLEP)
        (:EXECUTABLE-COUNTERPART EQUAL)
        (:EXECUTABLE-COUNTERPART IFIX)
        (:EXECUTABLE-COUNTERPART NOT)
        (:EXECUTABLE-COUNTERPART TRUE-LISTP)
        (:FAKE-RUNE-FOR-LINEAR NIL)
        (:FAKE-RUNE-FOR-TYPE-SET NIL)
        (:REWRITE COMMUTATIVITY-OF-+)
        (:REWRITE ZP-OPEN)
        (:TYPE-PRESCRIPTION IFIX))
Warnings:  None
Time:  0.09 seconds (prove: 0.06, print: 0.00, other: 0.03)
TRUNCATED-INTEGER-SIN/COS-TABLE-FN

Summary
Form:  ( DEFUN TRUNCATED-INTEGER-SIN/COS-TABLE ...)
Rules: ((:FAKE-RUNE-FOR-TYPE-SET NIL)
        (:TYPE-PRESCRIPTION TRUNCATED-INTEGER-SIN/COS-TABLE-FN))
Warnings:  None
Time:  0.01 seconds (prove: 0.00, print: 0.00, other: 0.01)
TRUNCATED-INTEGER-SIN/COS-TABLE

Summary
Form:  ( INCLUDE-BOOK "sin-cos" ...)
Rules: NIL
Warnings:  None
Time:  0.08 seconds (prove: 0.00, print: 0.00, other: 0.08)

"/Users/huangjianshi/src/acl2-sources/books/misc/sin-cos.fasl"


Summary
Form:  (CERTIFY-BOOK "sin-cos" ...)
Rules: NIL
Warnings:  None
Time:  0.48 seconds (prove: 0.22, print: 0.00, other: 0.26)
 "/Users/huangjianshi/src/acl2-sources/books/misc/sin-cos.lisp"
ACL2 !>
Exiting the ACL2 read-eval-print loop.  To re-enter, execute (LP).
* 