This is SBCL 1.0.1.34, an implementation of ANSI Common Lisp.
More information about SBCL is available at <http://www.sbcl.org/>.

SBCL is free software, provided as is, with absolutely no warranty.
It is mostly in the public domain; some portions are provided under
BSD-style licenses.  See the CREDITS and COPYING files in the
distribution for more information.

 ACL2 Version 3.1 built January 26, 2007  15:12:42.
 Copyright (C) 2006  University of Texas at Austin
 ACL2 comes with ABSOLUTELY NO WARRANTY.  This is free software and you
 are welcome to redistribute it under certain conditions.  For details,
 see the GNU General Public License.

 Initialized with (INITIALIZE-ACL2 'INCLUDE-BOOK *ACL2-PASS-2-FILES*).
 See the documentation topic note-3-1 for recent changes.
 Note: We have modified the prompt in some underlying Lisps to further
 distinguish it from the ACL2 prompt.

 NOTE!!  Proof trees are disabled in ACL2.  To enable them in emacs,
 look under the ACL2 source directory in interface/emacs/README.doc; 
 and, to turn on proof trees, execute :START-PROOF-TREE in the ACL2 
 command loop.   Look in the ACL2 documentation under PROOF-TREE.

ACL2 Version 3.1.  Level 1.  Cbd 
"/Users/huangjianshi/src/acl2-sources/books/misc/".
Type :help for help.
Type (good-bye) to quit completely out of ACL2.

ACL2 !>
Exiting the ACL2 read-eval-print loop.  To re-enter, execute (LP).
* 
#<PACKAGE "ACL2">
* 
ACL2 Version 3.1.  Level 1.  Cbd 
"/Users/huangjianshi/src/acl2-sources/books/misc/".
Type :help for help.
Type (good-bye) to quit completely out of ACL2.

ACL2 !> (PROVE PROOF-TREE
        WARNING OBSERVATION EVENT EXPANSION)
ACL2 !>
Summary
Form:  ( DEFUN STRICT-MERGE-SYMBOL-< ...)
Rules: ((:COMPOUND-RECOGNIZER NATP-COMPOUND-RECOGNIZER)
        (:DEFINITION ENDP)
        (:DEFINITION EQ)
        (:DEFINITION LEN)
        (:DEFINITION NOT)
        (:DEFINITION O-FINP)
        (:DEFINITION O-P)
        (:DEFINITION O<)
        (:DEFINITION SYMBOL-LISTP)
        (:FAKE-RUNE-FOR-LINEAR NIL)
        (:FAKE-RUNE-FOR-TYPE-SET NIL)
        (:FORWARD-CHAINING SYMBOL-LISTP-FORWARD-TO-TRUE-LISTP)
        (:REWRITE ASSOCIATIVITY-OF-+)
        (:REWRITE COMMUTATIVITY-OF-+)
        (:TYPE-PRESCRIPTION LEN)
        (:TYPE-PRESCRIPTION REVAPPEND)
        (:TYPE-PRESCRIPTION SYMBOL-LISTP))
Warnings:  None
Time:  0.03 seconds (prove: 0.01, print: 0.00, other: 0.02)
STRICT-MERGE-SYMBOL-<

Summary
Form:  ( DEFTHM LEN-STRICT-MERGE-SYMBOL-< ...)
Rules: ((:DEFINITION ENDP)
        (:DEFINITION EQ)
        (:DEFINITION FIX)
        (:DEFINITION LEN)
        (:DEFINITION NOT)
        (:DEFINITION REVAPPEND)
        (:DEFINITION STRICT-MERGE-SYMBOL-<)
        (:FAKE-RUNE-FOR-LINEAR NIL)
        (:FAKE-RUNE-FOR-TYPE-SET NIL)
        (:INDUCTION LEN)
        (:INDUCTION REVAPPEND)
        (:INDUCTION STRICT-MERGE-SYMBOL-<)
        (:REWRITE ASSOCIATIVITY-OF-+)
        (:REWRITE CDR-CONS)
        (:REWRITE COMMUTATIVITY-OF-+)
        (:REWRITE UNICITY-OF-0)
        (:TYPE-PRESCRIPTION LEN)
        (:TYPE-PRESCRIPTION SYMBOL-<))
Warnings:  None
Time:  0.03 seconds (prove: 0.03, print: 0.00, other: 0.00)
LEN-STRICT-MERGE-SYMBOL-<

Summary
Form:  ( DEFTHM LEN-EVENS ...)
Rules: ((:DEFINITION EVENS)
        (:DEFINITION LEN)
        (:DEFINITION NOT)
        (:DEFINITION ODDS)
        (:EXECUTABLE-COUNTERPART BINARY-+)
        (:EXECUTABLE-COUNTERPART EQUAL)
        (:EXECUTABLE-COUNTERPART EVENS)
        (:EXECUTABLE-COUNTERPART LEN)
        (:FAKE-RUNE-FOR-LINEAR NIL)
        (:FAKE-RUNE-FOR-TYPE-SET NIL)
        (:INDUCTION LEN)
        (:REWRITE CDR-CONS)
        (:REWRITE COMMUTATIVITY-OF-+)
        (:REWRITE DEFAULT-CDR)
        (:TYPE-PRESCRIPTION EVENS)
        (:TYPE-PRESCRIPTION LEN))
Warnings:  None
Time:  0.00 seconds (prove: 0.00, print: 0.00, other: 0.00)
LEN-EVENS

Summary
Form:  ( DEFTHM SYMBOL-LISTP-EVENS ...)
Rules: ((:DEFINITION ENDP)
        (:DEFINITION EVENS)
        (:DEFINITION NOT)
        (:DEFINITION SYMBOL-LISTP)
        (:EXECUTABLE-COUNTERPART CDR)
        (:EXECUTABLE-COUNTERPART CONSP)
        (:EXECUTABLE-COUNTERPART EVENS)
        (:EXECUTABLE-COUNTERPART SYMBOL-LISTP)
        (:FAKE-RUNE-FOR-TYPE-SET NIL)
        (:INDUCTION EVENS)
        (:REWRITE CAR-CONS)
        (:REWRITE CDR-CONS)
        (:TYPE-PRESCRIPTION EVENS)
        (:TYPE-PRESCRIPTION SYMBOL-LISTP))
Warnings:  None
Time:  0.00 seconds (prove: 0.00, print: 0.00, other: 0.00)
SYMBOL-LISTP-EVENS

Summary
Form:  ( DEFTHM SYMBOL-LISTP-ODDS ...)
Rules: ((:DEFINITION ODDS)
        (:DEFINITION SYMBOL-LISTP)
        (:EXECUTABLE-COUNTERPART CDR)
        (:EXECUTABLE-COUNTERPART CONSP)
        (:EXECUTABLE-COUNTERPART EVENS)
        (:EXECUTABLE-COUNTERPART SYMBOL-LISTP)
        (:FAKE-RUNE-FOR-TYPE-SET NIL)
        (:REWRITE SYMBOL-LISTP-EVENS)
        (:TYPE-PRESCRIPTION SYMBOL-LISTP))
Warnings:  None
Time:  0.00 seconds (prove: 0.00, print: 0.00, other: 0.00)
SYMBOL-LISTP-ODDS

Summary
Form:  ( DEFTHM SYMBOL-LISTP-STRICT-MERGE-SYMBOL-< ...)
Rules: ((:DEFINITION ENDP)
        (:DEFINITION EQ)
        (:DEFINITION NOT)
        (:DEFINITION REVAPPEND)
        (:DEFINITION STRICT-MERGE-SYMBOL-<)
        (:DEFINITION SYMBOL-LISTP)
        (:EXECUTABLE-COUNTERPART CONSP)
        (:FAKE-RUNE-FOR-TYPE-SET NIL)
        (:FORWARD-CHAINING SYMBOL-LISTP-FORWARD-TO-TRUE-LISTP)
        (:INDUCTION REVAPPEND)
        (:INDUCTION STRICT-MERGE-SYMBOL-<)
        (:INDUCTION SYMBOL-LISTP)
        (:REWRITE CAR-CONS)
        (:REWRITE CDR-CONS)
        (:TYPE-PRESCRIPTION SYMBOL-<)
        (:TYPE-PRESCRIPTION SYMBOL-LISTP))
Warnings:  None
Time:  0.04 seconds (prove: 0.04, print: 0.00, other: 0.00)
SYMBOL-LISTP-STRICT-MERGE-SYMBOL-<

Summary
Form:  ( DEFUN STRICT-MERGE-SORT-SYMBOL-< ...)
Rules: ((:COMPOUND-RECOGNIZER NATP-COMPOUND-RECOGNIZER)
        (:DEFINITION ENDP)
        (:DEFINITION EVENS)
        (:DEFINITION HIDE)
        (:DEFINITION LEN)
        (:DEFINITION O-FINP)
        (:DEFINITION O-P)
        (:DEFINITION O<)
        (:DEFINITION ODDS)
        (:ELIM CAR-CDR-ELIM)
        (:EXECUTABLE-COUNTERPART <)
        (:EXECUTABLE-COUNTERPART BINARY-+)
        (:EXECUTABLE-COUNTERPART LEN)
        (:FAKE-RUNE-FOR-LINEAR NIL)
        (:FAKE-RUNE-FOR-TYPE-SET NIL)
        (:INDUCTION LEN)
        (:LINEAR LEN-EVENS)
        (:REWRITE CAR-CONS)
        (:REWRITE CDR-CONS)
        (:TYPE-PRESCRIPTION EVENS)
        (:TYPE-PRESCRIPTION LEN))
Warnings:  None
Time:  0.04 seconds (prove: 0.03, print: 0.00, other: 0.01)
STRICT-MERGE-SORT-SYMBOL-<

Summary
Form:  ( DEFTHM SYMBOL-LISTP-STRICT-MERGE-SORT-SYMBOL-< ...)
Rules: ((:DEFINITION ENDP)
        (:DEFINITION NOT)
        (:DEFINITION ODDS)
        (:DEFINITION STRICT-MERGE-SORT-SYMBOL-<)
        (:DEFINITION SYMBOL-LISTP)
        (:EXECUTABLE-COUNTERPART CDR)
        (:EXECUTABLE-COUNTERPART CONSP)
        (:EXECUTABLE-COUNTERPART EVENS)
        (:EXECUTABLE-COUNTERPART NOT)
        (:EXECUTABLE-COUNTERPART STRICT-MERGE-SORT-SYMBOL-<)
        (:EXECUTABLE-COUNTERPART SYMBOL-LISTP)
        (:FAKE-RUNE-FOR-TYPE-SET NIL)
        (:INDUCTION STRICT-MERGE-SORT-SYMBOL-<)
        (:REWRITE SYMBOL-LISTP-EVENS)
        (:REWRITE SYMBOL-LISTP-STRICT-MERGE-SYMBOL-<)
        (:TYPE-PRESCRIPTION SYMBOL-LISTP))
Warnings:  None
Time:  0.01 seconds (prove: 0.01, print: 0.00, other: 0.00)
SYMBOL-LISTP-STRICT-MERGE-SORT-SYMBOL-<

Summary
Form:  ( VERIFY-GUARDS STRICT-MERGE-SORT-SYMBOL-<)
Rules: ((:DEFINITION ENDP)
        (:DEFINITION NOT)
        (:DEFINITION ODDS)
        (:DEFINITION SYMBOL-LISTP)
        (:EXECUTABLE-COUNTERPART CDR)
        (:EXECUTABLE-COUNTERPART CONSP)
        (:EXECUTABLE-COUNTERPART EVENS)
        (:EXECUTABLE-COUNTERPART NOT)
        (:EXECUTABLE-COUNTERPART STRICT-MERGE-SORT-SYMBOL-<)
        (:EXECUTABLE-COUNTERPART SYMBOL-LISTP)
        (:FAKE-RUNE-FOR-TYPE-SET NIL)
        (:FORWARD-CHAINING SYMBOL-LISTP-FORWARD-TO-TRUE-LISTP)
        (:REWRITE SYMBOL-LISTP-EVENS)
        (:REWRITE SYMBOL-LISTP-STRICT-MERGE-SORT-SYMBOL-<)
        (:TYPE-PRESCRIPTION SYMBOL-LISTP))
Warnings:  None
Time:  0.00 seconds (prove: 0.00, print: 0.00, other: 0.00)
STRICT-MERGE-SORT-SYMBOL-<

Summary
Form:  ( DEFUN STRICT-SYMBOL-<-SORTEDP ...)
Rules: ((:DEFINITION ACL2-COUNT)
        (:DEFINITION ENDP)
        (:DEFINITION NOT)
        (:DEFINITION NULL)
        (:DEFINITION O-FINP)
        (:DEFINITION O<)
        (:DEFINITION SYMBOL-LISTP)
        (:FAKE-RUNE-FOR-LINEAR NIL)
        (:FAKE-RUNE-FOR-TYPE-SET NIL)
        (:FORWARD-CHAINING SYMBOL-LISTP-FORWARD-TO-TRUE-LISTP)
        (:TYPE-PRESCRIPTION ACL2-COUNT)
        (:TYPE-PRESCRIPTION SYMBOL-LISTP))
Warnings:  None
Time:  0.01 seconds (prove: 0.00, print: 0.00, other: 0.00)
STRICT-SYMBOL-<-SORTEDP

Summary
Form:  ( DEFUN SORT-SYMBOL-LISTP ...)
Rules: NIL
Warnings:  None
Time:  0.00 seconds (prove: 0.00, print: 0.00, other: 0.00)
SORT-SYMBOL-LISTP

Summary
Form:  ( DEFTHM MEMBER-EQ-REVAPPEND-LEMMA ...)
Rules: ((:DEFINITION ENDP)
        (:DEFINITION MEMBER-EQ)
        (:DEFINITION NOT)
        (:DEFINITION REVAPPEND)
        (:FAKE-RUNE-FOR-TYPE-SET NIL)
        (:INDUCTION REVAPPEND)
        (:REWRITE CAR-CONS)
        (:REWRITE CDR-CONS)
        (:TYPE-PRESCRIPTION MEMBER-EQ))
Warnings:  None
Time:  0.00 seconds (prove: 0.00, print: 0.00, other: 0.00)
MEMBER-EQ-REVAPPEND-LEMMA

Summary
Form:  ( DEFTHM MEMBER-EQ-REVAPPEND ...)
Rules: ((:DEFINITION ENDP)
        (:DEFINITION EQ)
        (:DEFINITION IFF)
        (:DEFINITION MEMBER-EQ)
        (:DEFINITION NOT)
        (:DEFINITION REVAPPEND)
        (:FAKE-RUNE-FOR-TYPE-SET NIL)
        (:INDUCTION MEMBER-EQ)
        (:INDUCTION REVAPPEND)
        (:REWRITE CAR-CONS)
        (:REWRITE CDR-CONS)
        (:REWRITE MEMBER-EQ-REVAPPEND-LEMMA)
        (:TYPE-PRESCRIPTION MEMBER-EQ))
Warnings:  None
Time:  0.00 seconds (prove: 0.00, print: 0.00, other: 0.00)
MEMBER-EQ-REVAPPEND

Summary
Form:  ( DEFTHM MEMBER-EQ-STRICT-MERGE-SYMBOL-< ...)
Rules: ((:DEFINITION ENDP)
        (:DEFINITION EQ)
        (:DEFINITION IFF)
        (:DEFINITION MEMBER-EQ)
        (:DEFINITION NOT)
        (:DEFINITION STRICT-MERGE-SYMBOL-<)
        (:FAKE-RUNE-FOR-TYPE-SET NIL)
        (:INDUCTION MEMBER-EQ)
        (:INDUCTION STRICT-MERGE-SYMBOL-<)
        (:REWRITE CAR-CONS)
        (:REWRITE CDR-CONS)
        (:REWRITE MEMBER-EQ-REVAPPEND)
        (:TYPE-PRESCRIPTION MEMBER-EQ)
        (:TYPE-PRESCRIPTION SYMBOL-<))
Warnings:  None
Time:  0.04 seconds (prove: 0.04, print: 0.00, other: 0.00)
MEMBER-EQ-STRICT-MERGE-SYMBOL-<

Summary
Form:  ( DEFTHM MEMBER-EQ-EVENS ...)
Rules: ((:DEFINITION ENDP)
        (:DEFINITION EVENS)
        (:DEFINITION IFF)
        (:DEFINITION MEMBER-EQ)
        (:DEFINITION NOT)
        (:EXECUTABLE-COUNTERPART CAR)
        (:EXECUTABLE-COUNTERPART CDR)
        (:EXECUTABLE-COUNTERPART CONSP)
        (:EXECUTABLE-COUNTERPART EVENS)
        (:EXECUTABLE-COUNTERPART SYNP)
        (:FAKE-RUNE-FOR-TYPE-SET NIL)
        (:INDUCTION EVENS)
        (:REWRITE CAR-CONS)
        (:REWRITE CDR-CONS)
        (:REWRITE DEFAULT-CDR)
        (:TYPE-PRESCRIPTION EVENS)
        (:TYPE-PRESCRIPTION MEMBER-EQ))
Warnings:  None
Time:  0.02 seconds (prove: 0.02, print: 0.00, other: 0.00)
MEMBER-EQ-EVENS

Summary
Form:  ( DEFTHM MEMBER-EQ-STRICT-MERGE-SORT-SYMBOL-< ...)
Rules: ((:DEFINITION ENDP)
        (:DEFINITION EVENS)
        (:DEFINITION IFF)
        (:DEFINITION MEMBER-EQ)
        (:DEFINITION NOT)
        (:DEFINITION ODDS)
        (:DEFINITION STRICT-MERGE-SORT-SYMBOL-<)
        (:DEFINITION SYNP)
        (:EXECUTABLE-COUNTERPART CONSP)
        (:EXECUTABLE-COUNTERPART EVENS)
        (:INDUCTION STRICT-MERGE-SORT-SYMBOL-<)
        (:REWRITE DEFAULT-CDR)
        (:REWRITE MEMBER-EQ-EVENS)
        (:REWRITE MEMBER-EQ-STRICT-MERGE-SYMBOL-<)
        (:TYPE-PRESCRIPTION MEMBER-EQ))
Warnings:  None
Time:  0.02 seconds (prove: 0.02, print: 0.00, other: 0.00)
MEMBER-EQ-STRICT-MERGE-SORT-SYMBOL-<

Summary
Form:  ( DEFTHM MEMBER-EQ-SORT-SYMBOL-LISTP ...)
Rules: ((:CONGRUENCE IFF-IMPLIES-EQUAL-NOT)
        (:DEFINITION EVENS)
        (:DEFINITION IFF)
        (:DEFINITION MEMBER-EQ)
        (:DEFINITION NOT)
        (:DEFINITION SORT-SYMBOL-LISTP)
        (:DEFINITION STRICT-SYMBOL-<-SORTEDP)
        (:DEFINITION SYNP)
        (:EXECUTABLE-COUNTERPART CDR)
        (:EXECUTABLE-COUNTERPART CONSP)
        (:EXECUTABLE-COUNTERPART EVENS)
        (:FAKE-RUNE-FOR-TYPE-SET NIL)
        (:REWRITE CAR-CONS)
        (:REWRITE CDR-CONS)
        (:REWRITE DEFAULT-CDR)
        (:REWRITE MEMBER-EQ-EVENS)
        (:REWRITE MEMBER-EQ-STRICT-MERGE-SORT-SYMBOL-<)
        (:TYPE-PRESCRIPTION MEMBER-EQ))
Warnings:  None
Time:  0.01 seconds (prove: 0.01, print: 0.00, other: 0.00)
MEMBER-EQ-SORT-SYMBOL-LISTP

Summary
Form:  ( DEFUN STRICT-SYMBOL->-SORTEDP ...)
Rules: ((:DEFINITION ACL2-COUNT)
        (:DEFINITION ENDP)
        (:DEFINITION NOT)
        (:DEFINITION NULL)
        (:DEFINITION O-FINP)
        (:DEFINITION O<)
        (:DEFINITION SYMBOL-LISTP)
        (:FAKE-RUNE-FOR-LINEAR NIL)
        (:FAKE-RUNE-FOR-TYPE-SET NIL)
        (:FORWARD-CHAINING SYMBOL-LISTP-FORWARD-TO-TRUE-LISTP)
        (:TYPE-PRESCRIPTION ACL2-COUNT)
        (:TYPE-PRESCRIPTION SYMBOL-LISTP))
Warnings:  None
Time:  0.01 seconds (prove: 0.00, print: 0.00, other: 0.01)
STRICT-SYMBOL->-SORTEDP

Summary
Form:  ( DEFUN SORTED-LISTS-SYMBOL-> ...)
Rules: ((:TYPE-PRESCRIPTION SYMBOL-<))
Warnings:  None
Time:  0.00 seconds (prove: 0.00, print: 0.00, other: 0.00)
SORTED-LISTS-SYMBOL->

Summary
Form:  ( DEFTHM STRICT-SYMBOL-<-REVAPPEND ...)
Rules: ((:DEFINITION ENDP)
        (:DEFINITION NOT)
        (:DEFINITION REVAPPEND)
        (:DEFINITION SORTED-LISTS-SYMBOL->)
        (:DEFINITION STRICT-SYMBOL-<-SORTEDP)
        (:DEFINITION STRICT-SYMBOL->-SORTEDP)
        (:DEFINITION SYMBOL-LISTP)
        (:ELIM CAR-CDR-ELIM)
        (:EXECUTABLE-COUNTERPART CAR)
        (:EXECUTABLE-COUNTERPART CONSP)
        (:EXECUTABLE-COUNTERPART EQUAL)
        (:EXECUTABLE-COUNTERPART NOT)
        (:EXECUTABLE-COUNTERPART STRICT-SYMBOL-<-SORTEDP)
        (:EXECUTABLE-COUNTERPART STRICT-SYMBOL->-SORTEDP)
        (:EXECUTABLE-COUNTERPART SYMBOL-LISTP)
        (:FAKE-RUNE-FOR-TYPE-SET NIL)
        (:FORWARD-CHAINING SYMBOL-LISTP-FORWARD-TO-TRUE-LISTP)
        (:INDUCTION REVAPPEND)
        (:INDUCTION STRICT-SYMBOL->-SORTEDP)
        (:INDUCTION SYMBOL-LISTP)
        (:REWRITE CAR-CONS)
        (:REWRITE CDR-CONS)
        (:REWRITE DEFAULT-CAR)
        (:TYPE-PRESCRIPTION STRICT-SYMBOL-<-SORTEDP)
        (:TYPE-PRESCRIPTION SYMBOL-<)
        (:TYPE-PRESCRIPTION SYMBOL-LISTP))
Warnings:  None
Time:  0.04 seconds (prove: 0.04, print: 0.00, other: 0.00)
STRICT-SYMBOL-<-REVAPPEND

Summary
Form:  ( DEFTHM STRICT-SYMBOL-<-SORTEDP-STRICT-MERGE-SYMBOL-< ...)
Rules: ((:DEFINITION ENDP)
        (:DEFINITION EQ)
        (:DEFINITION NOT)
        (:DEFINITION REVAPPEND)
        (:DEFINITION SORTED-LISTS-SYMBOL->)
        (:DEFINITION STRICT-MERGE-SYMBOL-<)
        (:DEFINITION STRICT-SYMBOL-<-SORTEDP)
        (:DEFINITION STRICT-SYMBOL->-SORTEDP)
        (:DEFINITION SYMBOL-LISTP)
        (:ELIM CAR-CDR-ELIM)
        (:EXECUTABLE-COUNTERPART CAR)
        (:EXECUTABLE-COUNTERPART CONSP)
        (:EXECUTABLE-COUNTERPART EQUAL)
        (:EXECUTABLE-COUNTERPART NOT)
        (:EXECUTABLE-COUNTERPART SORTED-LISTS-SYMBOL->)
        (:EXECUTABLE-COUNTERPART STRICT-SYMBOL-<-SORTEDP)
        (:EXECUTABLE-COUNTERPART STRICT-SYMBOL->-SORTEDP)
        (:EXECUTABLE-COUNTERPART SYMBOL-LISTP)
        (:FAKE-RUNE-FOR-TYPE-SET NIL)
        (:FORWARD-CHAINING SYMBOL-LISTP-FORWARD-TO-TRUE-LISTP)
        (:INDUCTION STRICT-MERGE-SYMBOL-<)
        (:INDUCTION STRICT-SYMBOL-<-SORTEDP)
        (:INDUCTION SYMBOL-LISTP)
        (:REWRITE CAR-CONS)
        (:REWRITE CDR-CONS)
        (:REWRITE CONS-CAR-CDR)
        (:REWRITE STRICT-SYMBOL-<-REVAPPEND)
        (:REWRITE SYMBOL-<-ASYMMETRIC)
        (:REWRITE SYMBOL-<-TRICHOTOMY)
        (:TYPE-PRESCRIPTION STRICT-SYMBOL-<-SORTEDP)
        (:TYPE-PRESCRIPTION STRICT-SYMBOL->-SORTEDP)
        (:TYPE-PRESCRIPTION SYMBOL-<)
        (:TYPE-PRESCRIPTION SYMBOL-LISTP))
Warnings:  None
Time:  0.72 seconds (prove: 0.72, print: 0.00, other: 0.00)
STRICT-SYMBOL-<-SORTEDP-STRICT-MERGE-SYMBOL-<

Summary
Form:  ( DEFTHM STRICT-SYMBOL-<-SORTEDP-STRICT-MERGE-SORT-SYMBOL-<
...)
Rules: ((:DEFINITION ENDP)
        (:DEFINITION NOT)
        (:DEFINITION ODDS)
        (:DEFINITION SORTED-LISTS-SYMBOL->)
        (:DEFINITION STRICT-MERGE-SORT-SYMBOL-<)
        (:DEFINITION STRICT-SYMBOL-<-SORTEDP)
        (:DEFINITION SYMBOL-LISTP)
        (:EXECUTABLE-COUNTERPART CDR)
        (:EXECUTABLE-COUNTERPART CONSP)
        (:EXECUTABLE-COUNTERPART EQUAL)
        (:EXECUTABLE-COUNTERPART EVENS)
        (:EXECUTABLE-COUNTERPART NOT)
        (:EXECUTABLE-COUNTERPART STRICT-MERGE-SORT-SYMBOL-<)
        (:EXECUTABLE-COUNTERPART STRICT-SYMBOL-<-SORTEDP)
        (:EXECUTABLE-COUNTERPART STRICT-SYMBOL->-SORTEDP)
        (:EXECUTABLE-COUNTERPART SYMBOL-LISTP)
        (:FAKE-RUNE-FOR-TYPE-SET NIL)
        (:INDUCTION STRICT-MERGE-SORT-SYMBOL-<)
        (:REWRITE STRICT-SYMBOL-<-SORTEDP-STRICT-MERGE-SYMBOL-<)
        (:REWRITE SYMBOL-LISTP-EVENS)
        (:REWRITE SYMBOL-LISTP-STRICT-MERGE-SORT-SYMBOL-<)
        (:TYPE-PRESCRIPTION STRICT-SYMBOL-<-SORTEDP)
        (:TYPE-PRESCRIPTION SYMBOL-LISTP))
Warnings:  None
Time:  0.01 seconds (prove: 0.01, print: 0.00, other: 0.00)
STRICT-SYMBOL-<-SORTEDP-STRICT-MERGE-SORT-SYMBOL-<

Summary
Form:  ( DEFTHM STRICT-SYMBOL-<-SORTEDP-SORT-SYMBOL-LISTP ...)
Rules: ((:DEFINITION SORT-SYMBOL-LISTP)
        (:REWRITE STRICT-SYMBOL-<-SORTEDP-STRICT-MERGE-SORT-SYMBOL-<)
        (:TYPE-PRESCRIPTION STRICT-SYMBOL-<-SORTEDP)
        (:TYPE-PRESCRIPTION SYMBOL-LISTP))
Warnings:  None
Time:  0.00 seconds (prove: 0.00, print: 0.00, other: 0.00)
STRICT-SYMBOL-<-SORTEDP-SORT-SYMBOL-LISTP

Summary
Form:  ( INCLUDE-BOOK "sort-symbols" ...)
Rules: NIL
Warnings:  None
Time:  0.02 seconds (prove: 0.00, print: 0.00, other: 0.02)

"/Users/huangjianshi/src/acl2-sources/books/misc/sort-symbols.fasl"


Summary
Form:  (CERTIFY-BOOK "sort-symbols" ...)
Rules: NIL
Warnings:  None
Time:  1.10 seconds (prove: 1.00, print: 0.00, other: 0.09)
 "/Users/huangjianshi/src/acl2-sources/books/misc/sort-symbols.lisp"
ACL2 !>
Exiting the ACL2 read-eval-print loop.  To re-enter, execute (LP).
* 