This is SBCL 1.0.1.34, an implementation of ANSI Common Lisp.
More information about SBCL is available at <http://www.sbcl.org/>.

SBCL is free software, provided as is, with absolutely no warranty.
It is mostly in the public domain; some portions are provided under
BSD-style licenses.  See the CREDITS and COPYING files in the
distribution for more information.

 ACL2 Version 3.1 built January 26, 2007  15:12:42.
 Copyright (C) 2006  University of Texas at Austin
 ACL2 comes with ABSOLUTELY NO WARRANTY.  This is free software and you
 are welcome to redistribute it under certain conditions.  For details,
 see the GNU General Public License.

 Initialized with (INITIALIZE-ACL2 'INCLUDE-BOOK *ACL2-PASS-2-FILES*).
 See the documentation topic note-3-1 for recent changes.
 Note: We have modified the prompt in some underlying Lisps to further
 distinguish it from the ACL2 prompt.

 NOTE!!  Proof trees are disabled in ACL2.  To enable them in emacs,
 look under the ACL2 source directory in interface/emacs/README.doc; 
 and, to turn on proof trees, execute :START-PROOF-TREE in the ACL2 
 command loop.   Look in the ACL2 documentation under PROOF-TREE.

ACL2 Version 3.1.  Level 1.  Cbd 
"/Users/huangjianshi/src/acl2-sources/books/misc/".
Type :help for help.
Type (good-bye) to quit completely out of ACL2.

ACL2 !>
Exiting the ACL2 read-eval-print loop.  To re-enter, execute (LP).
* 
#<PACKAGE "ACL2">
* 
ACL2 Version 3.1.  Level 1.  Cbd 
"/Users/huangjianshi/src/acl2-sources/books/misc/".
Type :help for help.
Type (good-bye) to quit completely out of ACL2.

ACL2 !> (PROVE PROOF-TREE
        WARNING OBSERVATION EVENT EXPANSION)
ACL2 !>
Summary
Form:  ( DEFUN SYMBOL-BTREEP ...)
Rules: ((:DEFINITION ACL2-COUNT)
        (:DEFINITION FIX)
        (:DEFINITION NOT)
        (:DEFINITION NULL)
        (:DEFINITION O-FINP)
        (:DEFINITION O<)
        (:DEFINITION SYMBOL-BTREEP)
        (:DEFINITION TRUE-LISTP)
        (:ELIM CAR-CDR-ELIM)
        (:EXECUTABLE-COUNTERPART ACL2-COUNT)
        (:EXECUTABLE-COUNTERPART BINARY-+)
        (:EXECUTABLE-COUNTERPART CAR)
        (:EXECUTABLE-COUNTERPART CDR)
        (:EXECUTABLE-COUNTERPART CONSP)
        (:EXECUTABLE-COUNTERPART EQUAL)
        (:EXECUTABLE-COUNTERPART O<)
        (:FAKE-RUNE-FOR-LINEAR NIL)
        (:FAKE-RUNE-FOR-TYPE-SET NIL)
        (:REWRITE CAR-CONS)
        (:REWRITE CDR-CONS)
        (:REWRITE COMMUTATIVITY-OF-+)
        (:REWRITE DEFAULT-CAR)
        (:REWRITE UNICITY-OF-0)
        (:TYPE-PRESCRIPTION ACL2-COUNT)
        (:TYPE-PRESCRIPTION SYMBOL-<))
Warnings:  None
Time:  0.05 seconds (prove: 0.04, print: 0.00, other: 0.01)
SYMBOL-BTREEP

Summary
Form:  ( DEFUN SYMBOL-BTREE-LOOKUP ...)
Rules: ((:DEFINITION ACL2-COUNT)
        (:DEFINITION ENDP)
        (:DEFINITION EQ)
        (:DEFINITION NOT)
        (:DEFINITION O-FINP)
        (:DEFINITION O<)
        (:DEFINITION SYMBOL-BTREEP)
        (:DEFINITION TRUE-LISTP)
        (:ELIM CAR-CDR-ELIM)
        (:EXECUTABLE-COUNTERPART ACL2-COUNT)
        (:EXECUTABLE-COUNTERPART CAR)
        (:EXECUTABLE-COUNTERPART CDR)
        (:EXECUTABLE-COUNTERPART CONSP)
        (:EXECUTABLE-COUNTERPART EQUAL)
        (:EXECUTABLE-COUNTERPART NOT)
        (:EXECUTABLE-COUNTERPART SYMBOL-BTREEP)
        (:EXECUTABLE-COUNTERPART TRUE-LISTP)
        (:FAKE-RUNE-FOR-LINEAR NIL)
        (:FAKE-RUNE-FOR-TYPE-SET NIL)
        (:REWRITE CAR-CONS)
        (:REWRITE CDR-CONS)
        (:REWRITE DEFAULT-CAR)
        (:REWRITE DEFAULT-CDR)
        (:TYPE-PRESCRIPTION ACL2-COUNT))
Warnings:  None
Time:  0.05 seconds (prove: 0.04, print: 0.00, other: 0.01)
SYMBOL-BTREE-LOOKUP

Summary
Form:  ( DEFUN MERGE-SYMBOL-ALIST-< ...)
Rules: ((:COMPOUND-RECOGNIZER NATP-COMPOUND-RECOGNIZER)
        (:DEFINITION ENDP)
        (:DEFINITION LEN)
        (:DEFINITION NOT)
        (:DEFINITION O-FINP)
        (:DEFINITION O-P)
        (:DEFINITION O<)
        (:DEFINITION SYMBOL-ALISTP)
        (:FAKE-RUNE-FOR-LINEAR NIL)
        (:FAKE-RUNE-FOR-TYPE-SET NIL)
        (:FORWARD-CHAINING ALISTP-FORWARD-TO-TRUE-LISTP)
        (:FORWARD-CHAINING EQLABLE-ALISTP-FORWARD-TO-ALISTP)
        (:FORWARD-CHAINING SYMBOL-ALISTP-FORWARD-TO-EQLABLE-ALISTP)
        (:REWRITE COMMUTATIVITY-OF-+)
        (:TYPE-PRESCRIPTION ALISTP)
        (:TYPE-PRESCRIPTION EQLABLE-ALISTP)
        (:TYPE-PRESCRIPTION LEN)
        (:TYPE-PRESCRIPTION REVAPPEND)
        (:TYPE-PRESCRIPTION SYMBOL-ALISTP))
Warnings:  None
Time:  0.02 seconds (prove: 0.01, print: 0.00, other: 0.01)
MERGE-SYMBOL-ALIST-<

Summary
Form:  ( DEFTHM LEN-EVENS-< ...)
Rules: ((:DEFINITION ENDP)
        (:DEFINITION EVENS)
        (:DEFINITION LEN)
        (:DEFINITION NOT)
        (:EXECUTABLE-COUNTERPART <)
        (:EXECUTABLE-COUNTERPART BINARY-+)
        (:EXECUTABLE-COUNTERPART CONSP)
        (:EXECUTABLE-COUNTERPART EVENS)
        (:EXECUTABLE-COUNTERPART LEN)
        (:FAKE-RUNE-FOR-LINEAR NIL)
        (:FAKE-RUNE-FOR-TYPE-SET NIL)
        (:INDUCTION EVENS)
        (:REWRITE CDR-CONS)
        (:REWRITE DEFAULT-CDR)
        (:TYPE-PRESCRIPTION EVENS)
        (:TYPE-PRESCRIPTION LEN))
Warnings:  None
Time:  0.00 seconds (prove: 0.00, print: 0.00, other: 0.00)
LEN-EVENS-<

Summary
Form:  ( DEFTHM LEN-EVENS-<= ...)
Rules: ((:DEFINITION ENDP)
        (:DEFINITION EVENS)
        (:DEFINITION LEN)
        (:DEFINITION NOT)
        (:EXECUTABLE-COUNTERPART <)
        (:EXECUTABLE-COUNTERPART BINARY-+)
        (:EXECUTABLE-COUNTERPART EVENS)
        (:EXECUTABLE-COUNTERPART LEN)
        (:FAKE-RUNE-FOR-LINEAR NIL)
        (:FAKE-RUNE-FOR-TYPE-SET NIL)
        (:INDUCTION EVENS)
        (:REWRITE CDR-CONS)
        (:REWRITE DEFAULT-CDR)
        (:TYPE-PRESCRIPTION EVENS)
        (:TYPE-PRESCRIPTION LEN))
Warnings:  None
Time:  0.00 seconds (prove: 0.00, print: 0.00, other: 0.00)
LEN-EVENS-<=

Summary
Form:  ( DEFUN MERGE-SORT-SYMBOL-ALIST-< ...)
Rules: ((:COMPOUND-RECOGNIZER NATP-COMPOUND-RECOGNIZER)
        (:DEFINITION ENDP)
        (:DEFINITION LEN)
        (:DEFINITION O-FINP)
        (:DEFINITION O-P)
        (:DEFINITION O<)
        (:DEFINITION ODDS)
        (:FAKE-RUNE-FOR-LINEAR NIL)
        (:FAKE-RUNE-FOR-TYPE-SET NIL)
        (:LINEAR LEN-EVENS-<)
        (:LINEAR LEN-EVENS-<=)
        (:TYPE-PRESCRIPTION LEN))
Warnings:  None
Time:  0.01 seconds (prove: 0.00, print: 0.00, other: 0.01)
MERGE-SORT-SYMBOL-ALIST-<

Summary
Form:  ( DEFTHM SYMBOL-ALISTP-MERGE-SYMBOL-ALIST-< ...)
Rules: ((:DEFINITION ENDP)
        (:DEFINITION MERGE-SYMBOL-ALIST-<)
        (:DEFINITION NOT)
        (:DEFINITION REVAPPEND)
        (:DEFINITION SYMBOL-ALISTP)
        (:EXECUTABLE-COUNTERPART CONSP)
        (:FAKE-RUNE-FOR-TYPE-SET NIL)
        (:FORWARD-CHAINING ALISTP-FORWARD-TO-TRUE-LISTP)
        (:FORWARD-CHAINING EQLABLE-ALISTP-FORWARD-TO-ALISTP)
        (:FORWARD-CHAINING SYMBOL-ALISTP-FORWARD-TO-EQLABLE-ALISTP)
        (:INDUCTION MERGE-SYMBOL-ALIST-<)
        (:INDUCTION REVAPPEND)
        (:INDUCTION SYMBOL-ALISTP)
        (:REWRITE CAR-CONS)
        (:REWRITE CDR-CONS)
        (:REWRITE DEFAULT-CAR)
        (:TYPE-PRESCRIPTION ALISTP)
        (:TYPE-PRESCRIPTION EQLABLE-ALISTP)
        (:TYPE-PRESCRIPTION SYMBOL-<)
        (:TYPE-PRESCRIPTION SYMBOL-ALISTP))
Warnings:  None
Time:  0.06 seconds (prove: 0.06, print: 0.00, other: 0.00)
SYMBOL-ALISTP-MERGE-SYMBOL-ALIST-<

Summary
Form:  ( DEFTHM SYMBOL-ALISTP-EVENS ...)
Rules: ((:DEFINITION ENDP)
        (:DEFINITION EVENS)
        (:DEFINITION NOT)
        (:DEFINITION SYMBOL-ALISTP)
        (:EXECUTABLE-COUNTERPART CDR)
        (:EXECUTABLE-COUNTERPART CONSP)
        (:EXECUTABLE-COUNTERPART EVENS)
        (:EXECUTABLE-COUNTERPART SYMBOL-ALISTP)
        (:FAKE-RUNE-FOR-TYPE-SET NIL)
        (:INDUCTION EVENS)
        (:REWRITE CAR-CONS)
        (:REWRITE CDR-CONS)
        (:TYPE-PRESCRIPTION EVENS)
        (:TYPE-PRESCRIPTION SYMBOL-ALISTP))
Warnings:  None
Time:  0.00 seconds (prove: 0.00, print: 0.00, other: 0.00)
SYMBOL-ALISTP-EVENS

Summary
Form:  ( DEFTHM SYMBOL-ALISTP-MERGE-SORT-SYMBOL-ALIST-< ...)
Rules: ((:DEFINITION ENDP)
        (:DEFINITION MERGE-SORT-SYMBOL-ALIST-<)
        (:DEFINITION NOT)
        (:DEFINITION ODDS)
        (:DEFINITION SYMBOL-ALISTP)
        (:EXECUTABLE-COUNTERPART CDR)
        (:EXECUTABLE-COUNTERPART CONSP)
        (:EXECUTABLE-COUNTERPART EVENS)
        (:EXECUTABLE-COUNTERPART MERGE-SORT-SYMBOL-ALIST-<)
        (:EXECUTABLE-COUNTERPART NOT)
        (:EXECUTABLE-COUNTERPART SYMBOL-ALISTP)
        (:FAKE-RUNE-FOR-TYPE-SET NIL)
        (:INDUCTION MERGE-SORT-SYMBOL-ALIST-<)
        (:REWRITE SYMBOL-ALISTP-EVENS)
        (:REWRITE SYMBOL-ALISTP-MERGE-SYMBOL-ALIST-<)
        (:TYPE-PRESCRIPTION SYMBOL-ALISTP))
Warnings:  None
Time:  0.02 seconds (prove: 0.02, print: 0.00, other: 0.00)
SYMBOL-ALISTP-MERGE-SORT-SYMBOL-ALIST-<

Summary
Form:  ( VERIFY-GUARDS MERGE-SORT-SYMBOL-ALIST-<)
Rules: ((:DEFINITION ENDP)
        (:DEFINITION NOT)
        (:DEFINITION ODDS)
        (:DEFINITION SYMBOL-ALISTP)
        (:EXECUTABLE-COUNTERPART CDR)
        (:EXECUTABLE-COUNTERPART CONSP)
        (:EXECUTABLE-COUNTERPART EVENS)
        (:EXECUTABLE-COUNTERPART MERGE-SORT-SYMBOL-ALIST-<)
        (:EXECUTABLE-COUNTERPART NOT)
        (:EXECUTABLE-COUNTERPART SYMBOL-ALISTP)
        (:FAKE-RUNE-FOR-TYPE-SET NIL)
        (:FORWARD-CHAINING ALISTP-FORWARD-TO-TRUE-LISTP)
        (:FORWARD-CHAINING EQLABLE-ALISTP-FORWARD-TO-ALISTP)
        (:FORWARD-CHAINING SYMBOL-ALISTP-FORWARD-TO-EQLABLE-ALISTP)
        (:REWRITE SYMBOL-ALISTP-EVENS)
        (:REWRITE SYMBOL-ALISTP-MERGE-SORT-SYMBOL-ALIST-<)
        (:TYPE-PRESCRIPTION ALISTP)
        (:TYPE-PRESCRIPTION EQLABLE-ALISTP)
        (:TYPE-PRESCRIPTION SYMBOL-ALISTP))
Warnings:  None
Time:  0.00 seconds (prove: 0.00, print: 0.00, other: 0.00)
MERGE-SORT-SYMBOL-ALIST-<

Summary
Form:  ( DEFUN SORTED-SYMBOL-ALIST-TO-SYMBOL-BTREE ...)
Rules: NIL
Warnings:  None
Time:  0.02 seconds (prove: 0.00, print: 0.00, other: 0.02)
SORTED-SYMBOL-ALIST-TO-SYMBOL-BTREE

Summary
Form:  ( DEFUN SYMBOL-ALIST-TO-BTREE ...)
Rules: NIL
Warnings:  None
Time:  0.01 seconds (prove: 0.00, print: 0.00, other: 0.01)
SYMBOL-ALIST-TO-BTREE

Summary
Form:  ( DEFUN SYMBOL-BTREE-UPDATE ...)
Rules: ((:DEFINITION ACL2-COUNT)
        (:DEFINITION ENDP)
        (:DEFINITION EQ)
        (:DEFINITION NOT)
        (:DEFINITION O-FINP)
        (:DEFINITION O<)
        (:DEFINITION SYMBOL-BTREEP)
        (:DEFINITION TRUE-LISTP)
        (:ELIM CAR-CDR-ELIM)
        (:EXECUTABLE-COUNTERPART ACL2-COUNT)
        (:EXECUTABLE-COUNTERPART CAR)
        (:EXECUTABLE-COUNTERPART CDR)
        (:EXECUTABLE-COUNTERPART CONS)
        (:EXECUTABLE-COUNTERPART CONSP)
        (:EXECUTABLE-COUNTERPART EQUAL)
        (:EXECUTABLE-COUNTERPART NOT)
        (:EXECUTABLE-COUNTERPART SYMBOL-BTREEP)
        (:EXECUTABLE-COUNTERPART TRUE-LISTP)
        (:FAKE-RUNE-FOR-LINEAR NIL)
        (:FAKE-RUNE-FOR-TYPE-SET NIL)
        (:REWRITE CAR-CONS)
        (:REWRITE CDR-CONS)
        (:REWRITE DEFAULT-CAR)
        (:REWRITE DEFAULT-CDR)
        (:TYPE-PRESCRIPTION ACL2-COUNT))
Warnings:  None
Time:  0.05 seconds (prove: 0.04, print: 0.00, other: 0.01)
SYMBOL-BTREE-UPDATE

Summary
Form:  ( DEFUN SYMBOL-BTREE-TO-ALIST ...)
Rules: ((:DEFINITION ACL2-COUNT)
        (:DEFINITION NOT)
        (:DEFINITION O-FINP)
        (:DEFINITION O<)
        (:ELIM CAR-CDR-ELIM)
        (:EXECUTABLE-COUNTERPART ACL2-COUNT)
        (:EXECUTABLE-COUNTERPART CAR)
        (:EXECUTABLE-COUNTERPART CDR)
        (:FAKE-RUNE-FOR-LINEAR NIL)
        (:FAKE-RUNE-FOR-TYPE-SET NIL)
        (:REWRITE CAR-CONS)
        (:REWRITE CDR-CONS)
        (:REWRITE DEFAULT-CAR)
        (:REWRITE DEFAULT-CDR)
        (:TYPE-PRESCRIPTION ACL2-COUNT))
Warnings:  None
Time:  0.03 seconds (prove: 0.02, print: 0.00, other: 0.01)
SYMBOL-BTREE-TO-ALIST

Summary
Form:  ( DEFTHM TRUE-LISTP-SYMBOL-BTREE-TO-ALIST ...)
Rules: ((:DEFINITION BINARY-APPEND)
        (:DEFINITION ENDP)
        (:DEFINITION NOT)
        (:DEFINITION SYMBOL-BTREE-TO-ALIST)
        (:DEFINITION TRUE-LISTP)
        (:ELIM CAR-CDR-ELIM)
        (:EXECUTABLE-COUNTERPART BINARY-APPEND)
        (:EXECUTABLE-COUNTERPART CAR)
        (:EXECUTABLE-COUNTERPART CDR)
        (:EXECUTABLE-COUNTERPART CONSP)
        (:EXECUTABLE-COUNTERPART SYMBOL-BTREE-TO-ALIST)
        (:EXECUTABLE-COUNTERPART TRUE-LISTP)
        (:FAKE-RUNE-FOR-TYPE-SET NIL)
        (:INDUCTION BINARY-APPEND)
        (:INDUCTION SYMBOL-BTREE-TO-ALIST)
        (:INDUCTION TRUE-LISTP)
        (:REWRITE CDR-CONS)
        (:REWRITE DEFAULT-CAR)
        (:REWRITE DEFAULT-CDR))
Warnings:  None
Time:  0.01 seconds (prove: 0.01, print: 0.00, other: 0.00)
TRUE-LISTP-SYMBOL-BTREE-TO-ALIST

Summary
Form:  ( VERIFY-GUARDS SYMBOL-BTREE-TO-ALIST)
Rules: ((:DEFINITION NOT)
        (:DEFINITION SYMBOL-BTREEP)
        (:DEFINITION TRUE-LISTP)
        (:ELIM CAR-CDR-ELIM)
        (:EXECUTABLE-COUNTERPART CAR)
        (:EXECUTABLE-COUNTERPART CDR)
        (:EXECUTABLE-COUNTERPART CONSP)
        (:EXECUTABLE-COUNTERPART EQUAL)
        (:EXECUTABLE-COUNTERPART NOT)
        (:EXECUTABLE-COUNTERPART SYMBOL-BTREEP)
        (:EXECUTABLE-COUNTERPART TRUE-LISTP)
        (:FAKE-RUNE-FOR-TYPE-SET NIL)
        (:REWRITE CAR-CONS)
        (:REWRITE CDR-CONS)
        (:TYPE-PRESCRIPTION TRUE-LISTP-SYMBOL-BTREE-TO-ALIST))
Warnings:  None
Time:  0.01 seconds (prove: 0.01, print: 0.00, other: 0.00)
SYMBOL-BTREE-TO-ALIST

Summary
Form:  ( DEFUN REBALANCE-SYMBOL-BTREE ...)
Rules: NIL
Warnings:  None
Time:  0.00 seconds (prove: 0.00, print: 0.00, other: 0.00)
REBALANCE-SYMBOL-BTREE

Summary
Form:  ( INCLUDE-BOOK "symbol-btree" ...)
Rules: NIL
Warnings:  None
Time:  0.07 seconds (prove: 0.00, print: 0.00, other: 0.07)

"/Users/huangjianshi/src/acl2-sources/books/misc/symbol-btree.fasl"


Summary
Form:  (CERTIFY-BOOK "symbol-btree" ...)
Rules: NIL
Warnings:  None
Time:  0.46 seconds (prove: 0.24, print: 0.00, other: 0.22)
 "/Users/huangjianshi/src/acl2-sources/books/misc/symbol-btree.lisp"
ACL2 !>
Exiting the ACL2 read-eval-print loop.  To re-enter, execute (LP).
* 