This is SBCL 1.0.1.34, an implementation of ANSI Common Lisp.
More information about SBCL is available at <http://www.sbcl.org/>.

SBCL is free software, provided as is, with absolutely no warranty.
It is mostly in the public domain; some portions are provided under
BSD-style licenses.  See the CREDITS and COPYING files in the
distribution for more information.

 ACL2 Version 3.1 built January 26, 2007  15:12:42.
 Copyright (C) 2006  University of Texas at Austin
 ACL2 comes with ABSOLUTELY NO WARRANTY.  This is free software and you
 are welcome to redistribute it under certain conditions.  For details,
 see the GNU General Public License.

 Initialized with (INITIALIZE-ACL2 'INCLUDE-BOOK *ACL2-PASS-2-FILES*).
 See the documentation topic note-3-1 for recent changes.
 Note: We have modified the prompt in some underlying Lisps to further
 distinguish it from the ACL2 prompt.

 NOTE!!  Proof trees are disabled in ACL2.  To enable them in emacs,
 look under the ACL2 source directory in interface/emacs/README.doc; 
 and, to turn on proof trees, execute :START-PROOF-TREE in the ACL2 
 command loop.   Look in the ACL2 documentation under PROOF-TREE.

ACL2 Version 3.1.  Level 1.  Cbd 
"/Users/huangjianshi/src/acl2-sources/books/misc/".
Type :help for help.
Type (good-bye) to quit completely out of ACL2.

ACL2 !>
Exiting the ACL2 read-eval-print loop.  To re-enter, execute (LP).
* 
#<PACKAGE "ACL2">
* 
ACL2 Version 3.1.  Level 1.  Cbd 
"/Users/huangjianshi/src/acl2-sources/books/misc/".
Type :help for help.
Type (good-bye) to quit completely out of ACL2.

ACL2 !> (PROVE PROOF-TREE
        WARNING OBSERVATION EVENT EXPANSION)
ACL2 !>
Summary
Form:  ( DEFUN O-FIX ...)
Rules: NIL
Warnings:  None
Time:  0.01 seconds (prove: 0.00, print: 0.00, other: 0.01)
O-FIX

Summary
Form:  ( DEFUN TRANSFINITE-INDUCTION-PREDICATE ...)
Rules: NIL
Warnings:  None
Time:  0.00 seconds (prove: 0.00, print: 0.00, other: 0.00)
TRANSFINITE-INDUCTION-PREDICATE
:ALL
("Theory" "Use" "Free" "Non-rec" "Infected")

Summary
Form:  ( IN-THEORY (QUOTE ...))
Rules: NIL
Warnings:  None
Time:  0.00 seconds (prove: 0.00, print: 0.00, other: 0.00)
1

Summary
Form:  ( DEFCHOOSE PRED-FOR-ALL-ORDINALS-SMALLER-THAN-WITNESS ...)
Rules: NIL
Warnings:  None
Time:  0.00 seconds (prove: 0.00, print: 0.00, other: 0.00)
PRED-FOR-ALL-ORDINALS-SMALLER-THAN-WITNESS

Summary
Form:  ( DEFUN PRED-FOR-ALL-ORDINALS-SMALLER-THAN ...)
Rules: NIL
Warnings:  None
Time:  0.00 seconds (prove: 0.00, print: 0.00, other: 0.00)
PRED-FOR-ALL-ORDINALS-SMALLER-THAN

Summary
Form:  ( IN-THEORY (DISABLE ...))
Rules: NIL
Warnings:  None
Time:  0.00 seconds (prove: 0.00, print: 0.00, other: 0.00)
3

Summary
Form:  ( DEFTHM PRED-FOR-ALL-ORDINALS-SMALLER-THAN-NECC ...)
Rules: ((:DEFINITION NOT)
        (:EXECUTABLE-COUNTERPART NOT)
        (:FAKE-RUNE-FOR-TYPE-SET NIL))
Warnings:  None
Time:  0.00 seconds (prove: 0.00, print: 0.00, other: 0.00)
PRED-FOR-ALL-ORDINALS-SMALLER-THAN-NECC

Summary
Form:  ( ENCAPSULATE ((PRED-FOR-ALL-ORDINALS-SMALLER-THAN-WITNESS ...)
...) ...)
Rules: NIL
Warnings:  None
Time:  0.02 seconds (prove: 0.00, print: 0.00, other: 0.01)
T

Summary
Form:  ( TABLE ACL2-DEFAULTS-TABLE ...)
Rules: NIL
Warnings:  None
Time:  0.00 seconds (prove: 0.00, print: 0.00, other: 0.00)
ACL2-DEFAULTS-TABLE

Summary
Form:  ( ENCAPSULATE NIL (SET-MATCH-FREE-DEFAULT :ALL) ...)
Rules: NIL
Warnings:  None
Time:  0.02 seconds (prove: 0.00, print: 0.00, other: 0.02)
T

Summary
Form:  ( DEFTHM PRED-WHEN-PRED-FOR-SMALLER ...)
Rules: ((:TYPE-PRESCRIPTION TRANSFINITE-INDUCTION-PREDICATE))
Warnings:  None
Time:  0.00 seconds (prove: 0.00, print: 0.00, other: 0.00)
PRED-WHEN-PRED-FOR-SMALLER

Summary
Form:  ( ENCAPSULATE (((TRANSFINITE-INDUCTION-PREDICATE * ...) ...)
...) ...)
Rules: NIL
Warnings:  None
Time:  0.03 seconds (prove: 0.00, print: 0.00, other: 0.02)
T

Summary
Form:  ( DEFUN TRANSFINITE-INDUCTION-SCHEME ...)
Rules: ((:DEFINITION NOT)
        (:DEFINITION O-FIX)
        (:DEFINITION PRED-FOR-ALL-ORDINALS-SMALLER-THAN)
        (:EXECUTABLE-COUNTERPART NOT)
        (:EXECUTABLE-COUNTERPART O-P)
        (:REWRITE PRED-WHEN-PRED-FOR-SMALLER)
        (:TYPE-PRESCRIPTION O-P))
Warnings:  None
Time:  0.02 seconds (prove: 0.02, print: 0.00, other: 0.00)
TRANSFINITE-INDUCTION-SCHEME

Summary
Form:  ( DEFTHM PRED-FOR-ALL-ORDINALS ...)
Rules: ((:DEFINITION NOT)
        (:DEFINITION PRED-FOR-ALL-ORDINALS-SMALLER-THAN)
        (:EXECUTABLE-COUNTERPART NOT)
        (:INDUCTION TRANSFINITE-INDUCTION-SCHEME)
        (:REWRITE PRED-WHEN-PRED-FOR-SMALLER)
        (:TYPE-PRESCRIPTION O-P))
Warnings:  None
Time:  0.01 seconds (prove: 0.01, print: 0.00, other: 0.00)
PRED-FOR-ALL-ORDINALS

Summary
Form:  ( DEFUN FOO ...)
Rules: NIL
Warnings:  None
Time:  0.00 seconds (prove: 0.00, print: 0.00, other: 0.00)
FOO

Summary
Form:  ( IN-THEORY (DISABLE ...))
Rules: NIL
Warnings:  None
Time:  0.00 seconds (prove: 0.00, print: 0.00, other: 0.00)
1803
:ALL
("Theory" "Use" "Free" "Non-rec" "Infected")

Summary
Form:  ( IN-THEORY (QUOTE ...))
Rules: NIL
Warnings:  None
Time:  0.00 seconds (prove: 0.00, print: 0.00, other: 0.00)
1

Summary
Form:  ( DEFCHOOSE FOO-FOR-ALL-ORDINALS-SMALLER-THAN-WITNESS ...)
Rules: NIL
Warnings:  None
Time:  0.00 seconds (prove: 0.00, print: 0.00, other: 0.00)
FOO-FOR-ALL-ORDINALS-SMALLER-THAN-WITNESS

Summary
Form:  ( DEFUN FOO-FOR-ALL-ORDINALS-SMALLER-THAN ...)
Rules: NIL
Warnings:  None
Time:  0.00 seconds (prove: 0.00, print: 0.00, other: 0.00)
FOO-FOR-ALL-ORDINALS-SMALLER-THAN

Summary
Form:  ( IN-THEORY (DISABLE ...))
Rules: NIL
Warnings:  None
Time:  0.00 seconds (prove: 0.00, print: 0.00, other: 0.00)
3

Summary
Form:  ( DEFTHM FOO-FOR-ALL-ORDINALS-SMALLER-THAN-NECC ...)
Rules: ((:DEFINITION NOT)
        (:EXECUTABLE-COUNTERPART NOT)
        (:FAKE-RUNE-FOR-TYPE-SET NIL))
Warnings:  None
Time:  0.00 seconds (prove: 0.00, print: 0.00, other: 0.00)
FOO-FOR-ALL-ORDINALS-SMALLER-THAN-NECC

Summary
Form:  ( ENCAPSULATE ((FOO-FOR-ALL-ORDINALS-SMALLER-THAN-WITNESS ...)
...) ...)
Rules: NIL
Warnings:  None
Time:  0.01 seconds (prove: 0.00, print: 0.00, other: 0.01)
T

Summary
Form:  ( TABLE ACL2-DEFAULTS-TABLE ...)
Rules: NIL
Warnings:  None
Time:  0.00 seconds (prove: 0.00, print: 0.00, other: 0.00)
ACL2-DEFAULTS-TABLE

Summary
Form:  ( ENCAPSULATE NIL (SET-MATCH-FREE-DEFAULT :ALL) ...)
Rules: NIL
Warnings:  None
Time:  0.01 seconds (prove: 0.00, print: 0.00, other: 0.01)
T

Summary
Form:  ( DEFTHM FOO-WHEN-FOO-FOR-SMALLER ...)
Rules: ((:DEFINITION FOO)
        (:EXECUTABLE-COUNTERPART IF))
Warnings:  None
Time:  0.00 seconds (prove: 0.00, print: 0.00, other: 0.00)
FOO-WHEN-FOO-FOR-SMALLER

Summary
Form:  ( DEFTHM FOO-FOR-ALL-ORDINALS-SMALLER-THAN-NECC-BETTER ...)
Rules: NIL
Warnings:  None
Time:  0.00 seconds (prove: 0.00, print: 0.00, other: 0.00)
FOO-FOR-ALL-ORDINALS-SMALLER-THAN-NECC-BETTER

Summary
Form:  ( DEFTHM FOO-FOR-ALL-ORDINALS ...)
Rules: ((:DEFINITION FOO-FOR-ALL-ORDINALS-SMALLER-THAN)
        (:DEFINITION NOT)
        (:FAKE-RUNE-FOR-TYPE-SET NIL)
        (:REWRITE FOO-FOR-ALL-ORDINALS-SMALLER-THAN-NECC-BETTER)
        (:REWRITE FOO-WHEN-FOO-FOR-SMALLER)
        (:TYPE-PRESCRIPTION FOO-FOR-ALL-ORDINALS-SMALLER-THAN)
        (:TYPE-PRESCRIPTION O-P)
        (:TYPE-PRESCRIPTION O<))
Warnings:  None
Time:  0.02 seconds (prove: 0.02, print: 0.00, other: 0.00)
FOO-FOR-ALL-ORDINALS

Summary
Form:  ( ENCAPSULATE NIL (DEFUN FOO ...) ...)
Rules: NIL
Warnings:  None
Time:  0.05 seconds (prove: 0.02, print: 0.00, other: 0.03)
T

Summary
Form:  ( INCLUDE-BOOK "transfinite" ...)
Rules: NIL
Warnings:  None
Time:  0.01 seconds (prove: 0.00, print: 0.00, other: 0.01)

"/Users/huangjianshi/src/acl2-sources/books/misc/transfinite.fasl"


Summary
Form:  (CERTIFY-BOOK "transfinite" ...)
Rules: NIL
Warnings:  None
Time:  0.15 seconds (prove: 0.06, print: 0.00, other: 0.09)
 "/Users/huangjianshi/src/acl2-sources/books/misc/transfinite.lisp"
ACL2 !>
Exiting the ACL2 read-eval-print loop.  To re-enter, execute (LP).
* 