This is SBCL 1.0.1.34, an implementation of ANSI Common Lisp.
More information about SBCL is available at <http://www.sbcl.org/>.

SBCL is free software, provided as is, with absolutely no warranty.
It is mostly in the public domain; some portions are provided under
BSD-style licenses.  See the CREDITS and COPYING files in the
distribution for more information.

 ACL2 Version 3.1 built January 26, 2007  15:12:42.
 Copyright (C) 2006  University of Texas at Austin
 ACL2 comes with ABSOLUTELY NO WARRANTY.  This is free software and you
 are welcome to redistribute it under certain conditions.  For details,
 see the GNU General Public License.

 Initialized with (INITIALIZE-ACL2 'INCLUDE-BOOK *ACL2-PASS-2-FILES*).
 See the documentation topic note-3-1 for recent changes.
 Note: We have modified the prompt in some underlying Lisps to further
 distinguish it from the ACL2 prompt.

 NOTE!!  Proof trees are disabled in ACL2.  To enable them in emacs,
 look under the ACL2 source directory in interface/emacs/README.doc; 
 and, to turn on proof trees, execute :START-PROOF-TREE in the ACL2 
 command loop.   Look in the ACL2 documentation under PROOF-TREE.

ACL2 Version 3.1.  Level 1.  Cbd 
"/Users/huangjianshi/src/acl2-sources/books/misc/".
Type :help for help.
Type (good-bye) to quit completely out of ACL2.

ACL2 !>
Exiting the ACL2 read-eval-print loop.  To re-enter, execute (LP).
* 
#<PACKAGE "ACL2">
* 
ACL2 Version 3.1.  Level 1.  Cbd 
"/Users/huangjianshi/src/acl2-sources/books/misc/".
Type :help for help.
Type (good-bye) to quit completely out of ACL2.

ACL2 !> (PROVE PROOF-TREE
        WARNING OBSERVATION EVENT EXPANSION)
ACL2 !>
Summary
Form:  ( INCLUDE-BOOK "symbol-btree" ...)
Rules: NIL
Warnings:  None
Time:  0.08 seconds (prove: 0.00, print: 0.00, other: 0.08)
"/Users/huangjianshi/src/acl2-sources/books/misc/symbol-btree.lisp"

Summary
Form:  ( DEFDOC UNTRANSLATE-PATTERNS-TABLE ...)
Rules: NIL
Warnings:  None
Time:  0.00 seconds (prove: 0.00, print: 0.00, other: 0.00)
UNTRANSLATE-PATTERNS-TABLE

Summary
Form:  ( TABLE UNTRANSLATE-PATTERNS-TABLE ...)
Rules: NIL
Warnings:  None
Time:  0.00 seconds (prove: 0.00, print: 0.00, other: 0.00)
UNTRANSLATE-PATTERNS-TABLE

Summary
Form:  ( TABLE UNTRANSLATE-PATTERNS-TABLE ...)
Rules: NIL
Warnings:  None
Time:  0.00 seconds (prove: 0.00, print: 0.00, other: 0.00)
UNTRANSLATE-PATTERNS-TABLE

Summary
Form:  ( DEFUN UNTRANSLATE-PATTERNS-FUNCTIONS-BTREE ...)
Rules: ((:FAKE-RUNE-FOR-TYPE-SET NIL)
        (:TYPE-PRESCRIPTION ALISTP)
        (:TYPE-PRESCRIPTION CONSP-ASSOC-EQ))
Warnings:  None
Time:  0.01 seconds (prove: 0.00, print: 0.00, other: 0.01)
UNTRANSLATE-PATTERNS-FUNCTIONS-BTREE

Summary
Form:  ( DEFUN UNTRANSLATE-PATTERNS-CONSTANTS-ALIST ...)
Rules: ((:FAKE-RUNE-FOR-TYPE-SET NIL)
        (:TYPE-PRESCRIPTION ALISTP)
        (:TYPE-PRESCRIPTION CONSP-ASSOC-EQ))
Warnings:  None
Time:  0.00 seconds (prove: 0.00, print: 0.00, other: 0.00)
UNTRANSLATE-PATTERNS-CONSTANTS-ALIST

Summary
Form:  ( DEFMACRO ADD-UNTRANSLATE-PATTERN-FUNCTION ...)
Rules: NIL
Warnings:  None
Time:  0.01 seconds (prove: 0.00, print: 0.00, other: 0.01)
ADD-UNTRANSLATE-PATTERN-FUNCTION

Summary
Form:  ( DEFMACRO ADD-UNTRANSLATE-PATTERN-CONSTANT ...)
Rules: NIL
Warnings:  None
Time:  0.00 seconds (prove: 0.00, print: 0.00, other: 0.00)
ADD-UNTRANSLATE-PATTERN-CONSTANT

Summary
Form:  ( DEFMACRO ADD-UNTRANSLATE-PATTERN ...)
Rules: NIL
Warnings:  None
Time:  0.00 seconds (prove: 0.00, print: 0.00, other: 0.00)
ADD-UNTRANSLATE-PATTERN

Summary
Form:  ( DEFMACRO OPTIMIZE-UNTRANSLATE-PATTERNS ...)
Rules: NIL
Warnings:  None
Time:  0.00 seconds (prove: 0.00, print: 0.00, other: 0.00)
OPTIMIZE-UNTRANSLATE-PATTERNS

Summary
Form:  ( DEFUN JARED-VARIABLEP ...)
Rules: NIL
Warnings:  None
Time:  0.01 seconds (prove: 0.00, print: 0.00, other: 0.01)
JARED-VARIABLEP

Summary
Form:  ( MUTUAL-RECURSION ( DEFUN JARED-UNIFY-TERM ...) ...)
Rules: NIL
Warnings:  None
Time:  0.02 seconds (prove: 0.00, print: 0.00, other: 0.02)
(JARED-UNIFY-TERM JARED-UNIFY-LIST)

Summary
Form:  ( DEFUN JARED-SUBSTITUTE ...)
Rules: NIL
Warnings:  None
Time:  0.01 seconds (prove: 0.00, print: 0.00, other: 0.01)
JARED-SUBSTITUTE

Summary
Form:  ( MUTUAL-RECURSION ( DEFUN JARED-REWRITE1 ...) ...)
Rules: NIL
Warnings:  None
Time:  0.01 seconds (prove: 0.00, print: 0.00, other: 0.01)
(JARED-REWRITE1 JARED-REWRITE-LST1)

Summary
Form:  ( DEFUN JARED-REWRITE ...)
Rules: NIL
Warnings:  None
Time:  0.01 seconds (prove: 0.00, print: 0.00, other: 0.01)
JARED-REWRITE

Summary
Form:  ( DEFUN UNTRANSLATE-PATTERN-PREPROCESSOR ...)
Rules: NIL
Warnings:  None
Time:  0.01 seconds (prove: 0.00, print: 0.00, other: 0.01)
UNTRANSLATE-PATTERN-PREPROCESSOR

Summary
Form:  ( TABLE USER-DEFINED-FUNCTIONS-TABLE ...)
Rules: NIL
Warnings:  None
Time:  0.00 seconds (prove: 0.00, print: 0.00, other: 0.00)
USER-DEFINED-FUNCTIONS-TABLE

Summary
Form:  ( INCLUDE-BOOK "untranslate-patterns" ...)
Rules: NIL
Warnings:  None
Time:  0.17 seconds (prove: 0.00, print: 0.00, other: 0.17)

"/Users/huangjianshi/src/acl2-sources/books/misc/untranslate-patterns.fasl"


Summary
Form:  (CERTIFY-BOOK "untranslate-patterns" ...)
Rules: NIL
Warnings:  None
Time:  0.42 seconds (prove: 0.00, print: 0.00, other: 0.42)
 "/Users/huangjianshi/src/acl2-sources/books/misc/untranslate-patterns.lisp"
ACL2 !>
Exiting the ACL2 read-eval-print loop.  To re-enter, execute (LP).
* 