This file contains any messages produced by compilers while
running configure, to aid debugging if configure makes a mistake.

It was created by configure, which was
generated by GNU Autoconf 2.50.  Invocation command line was

  $ ./configure 

## ---------- ##
## Platform.  ##
## ---------- ##

hostname = allegro
uname -m = x86_64
uname -r = 2.6.28-11-generic
uname -s = Linux
uname -v = #42-Ubuntu SMP Fri Apr 17 01:58:03 UTC 2009

/usr/bin/uname -p = unknown
/bin/uname -X     = unknown

/bin/arch              = unknown
/usr/bin/arch -k       = unknown
/usr/convex/getsysinfo = unknown
hostinfo               = unknown
/bin/machine           = unknown
/usr/bin/oslevel       = unknown
/bin/universe          = unknown

PATH = /usr/local/bin:/home/huang/bin:/usr/local/sbin:/usr/local/bin:/usr/sbin:/usr/bin:/sbin:/bin:/usr/games

## ------------ ##
## Core tests.  ##
## ------------ ##

configure:905: PATH=".;."; conftest.sh
./configure: 913: conftest.sh: not found
configure:908: $? = 127
configure:948: checking build system type
configure:966: result: x86_64-unknown-linux-gnu
configure:973: checking host system type
configure:987: result: x86_64-unknown-linux-gnu
configure:994: checking target system type
configure:1008: result: x86_64-unknown-linux-gnu
configure:1133: checking for ranlib
configure:1148: found /usr/bin/ranlib
configure:1157: result: ranlib
configure:1212: checking for gcc
configure:1227: found /usr/bin/gcc
configure:1235: result: gcc
configure:1479: checking for C compiler default output
configure:1482: gcc -fomit-frame-pointer -march=core2 -pipe -msse3   conftest.c  >&5
configure:1485: $? = 0
configure:1508: result: a.out
configure:1513: checking whether the C compiler works
configure:1519: ./a.out
configure:1522: $? = 0
configure:1537: result: yes
configure:1544: checking whether we are cross compiling
configure:1546: result: no
configure:1549: checking for executable suffix
configure:1551: gcc -o conftest -fomit-frame-pointer -march=core2 -pipe -msse3   conftest.c  >&5
configure:1554: $? = 0
configure:1576: result: 
configure:1582: checking for object suffix
configure:1600: gcc -c -fomit-frame-pointer -march=core2 -pipe -msse3  conftest.c >&5
configure:1603: $? = 0
configure:1622: result: o
configure:1626: checking whether we are using the GNU C compiler
configure:1647: gcc -c -fomit-frame-pointer -march=core2 -pipe -msse3  conftest.c >&5
configure:1650: $? = 0
configure:1653: test -s conftest.o
configure:1656: $? = 0
configure:1668: result: yes
configure:1674: checking whether gcc accepts -g
configure:1692: gcc -c -g  conftest.c >&5
configure:1695: $? = 0
configure:1698: test -s conftest.o
configure:1701: $? = 0
configure:1711: result: yes
configure:1738: gcc -c -fomit-frame-pointer -march=core2 -pipe -msse3  conftest.c >&5
conftest.c:2: error: expected '=', ',', ';', 'asm' or '__attribute__' before 'me'
configure:1741: $? = 1
configure: failed program was:
#ifndef __cplusplus
  choke me
#endif
configure:1837: checking whether gcc and cc understand -c and -o together
configure:1864: gcc -c conftest.c -o conftest.o >&5
configure:1867: $? = 0
configure:1869: gcc -c conftest.c -o conftest.o >&5
configure:1872: $? = 0
configure:1879: cc -c conftest.c >&5
configure:1882: $? = 0
configure:1885: cc -c conftest.c -o conftest.o >&5
configure:1888: $? = 0
configure:1890: cc -c conftest.c -o conftest.o >&5
configure:1893: $? = 0
configure:1911: result: yes
configure:1994: checking for g77
configure:2020: result: no
configure:1994: checking for f77
configure:2020: result: no
configure:1994: checking for xlf
configure:2020: result: no
configure:1994: checking for cf77
configure:2020: result: no
configure:1994: checking for cft77
configure:2020: result: no
configure:1994: checking for pgf77
configure:2020: result: no
configure:1994: checking for fl32
configure:2020: result: no
configure:1994: checking for af77
configure:2020: result: no
configure:1994: checking for fort77
configure:2020: result: no
configure:1994: checking for f90
configure:2020: result: no
configure:1994: checking for xlf90
configure:2020: result: no
configure:1994: checking for pgf90
configure:2020: result: no
configure:1994: checking for epcf90
configure:2020: result: no
configure:1994: checking for f95
configure:2009: found /usr/bin/f95
configure:2017: result: f95
configure:2034: checking whether we are using the GNU Fortran 77 compiler
configure:2048: f95 -c  conftest.F >&5
configure:2051: $? = 0
configure:2054: test -s conftest.o
configure:2057: $? = 0
configure:2069: result: yes
configure:2076: checking whether f95 accepts -g
configure:2088: f95 -c -g conftest.f >&5
configure:2091: $? = 0
configure:2094: test -s conftest.o
configure:2097: $? = 0
configure:2108: result: yes
configure:2130: checking whether f95 understand -c and -o together
configure:2143: f95 -g -O2 -c conftest.f -o conftest.o >&5
configure:2146: $? = 0
configure:2149: f95 -g -O2 -c conftest.f -o conftest.o >&5
configure:2152: $? = 0
configure:2160: result: yes
configure:2258: checking whether we are using the GNU Fortran 77 compiler
configure:2293: result: yes
configure:2300: checking whether f95 accepts -g
configure:2332: result: yes
configure:2358: checking how to get verbose linking output from f95
configure:2370: f95 -c -g -O2 conftest.f >&5
configure:2373: $? = 0
configure:2376: test -s conftest.o
configure:2379: $? = 0
configure:2401: f95 -o conftest -g -O2 -v  conftest.f  >&5
Using built-in specs.
Target: x86_64-linux-gnu
Configured with: ../src/configure -v --with-pkgversion='Ubuntu 4.3.3-5ubuntu4' --with-bugurl=file:///usr/share/doc/gcc-4.3/README.Bugs --enable-languages=c,c++,fortran,objc,obj-c++ --prefix=/usr --enable-shared --with-system-zlib --libexecdir=/usr/lib --without-included-gettext --enable-threads=posix --enable-nls --with-gxx-include-dir=/usr/include/c++/4.3 --program-suffix=-4.3 --enable-clocale=gnu --enable-libstdcxx-debug --enable-objc-gc --enable-mpfr --with-tune=generic --enable-checking=release --build=x86_64-linux-gnu --host=x86_64-linux-gnu --target=x86_64-linux-gnu
Thread model: posix
gcc version 4.3.3 (Ubuntu 4.3.3-5ubuntu4) 
COLLECT_GCC_OPTIONS='-o' 'conftest' '-g' '-O2' '-v' '-shared-libgcc' '-mtune=generic'
 /usr/lib/gcc/x86_64-linux-gnu/4.3.3/f951 conftest.f -ffixed-form -quiet -dumpbase conftest.f -mtune=generic -auxbase conftest -g -O2 -version -fintrinsic-modules-path /usr/lib/gcc/x86_64-linux-gnu/4.3.3/finclude -o /tmp/ccMECpH0.s
GNU F95 (Ubuntu 4.3.3-5ubuntu4) version 4.3.3 (x86_64-linux-gnu)
	compiled by GNU C version 4.3.3, GMP version 4.2.4, MPFR version 2.4.0.
GGC heuristics: --param ggc-min-expand=100 --param ggc-min-heapsize=131072
COLLECT_GCC_OPTIONS='-o' 'conftest' '-g' '-O2' '-v' '-shared-libgcc' '-mtune=generic'
 as -V -Qy -o /tmp/cc0yqsBU.o /tmp/ccMECpH0.s
GNU assembler version 2.19.1 (x86_64-linux-gnu) using BFD version (GNU Binutils for Ubuntu) 2.19.1
COMPILER_PATH=/usr/lib/gcc/x86_64-linux-gnu/4.3.3/:/usr/lib/gcc/x86_64-linux-gnu/4.3.3/:/usr/lib/gcc/x86_64-linux-gnu/:/usr/lib/gcc/x86_64-linux-gnu/4.3.3/:/usr/lib/gcc/x86_64-linux-gnu/:/usr/lib/gcc/x86_64-linux-gnu/4.3.3/:/usr/lib/gcc/x86_64-linux-gnu/
LIBRARY_PATH=/usr/lib/gcc/x86_64-linux-gnu/4.3.3/:/usr/lib/gcc/x86_64-linux-gnu/4.3.3/:/usr/lib/gcc/x86_64-linux-gnu/4.3.3/../../../../lib/:/lib/../lib/:/usr/lib/../lib/:/usr/lib/gcc/x86_64-linux-gnu/4.3.3/../../../:/lib/:/usr/lib/
COLLECT_GCC_OPTIONS='-o' 'conftest' '-g' '-O2' '-v' '-shared-libgcc' '-mtune=generic'
 /usr/lib/gcc/x86_64-linux-gnu/4.3.3/collect2 --eh-frame-hdr -m elf_x86_64 --hash-style=both -dynamic-linker /lib64/ld-linux-x86-64.so.2 -o conftest -z relro /usr/lib/gcc/x86_64-linux-gnu/4.3.3/../../../../lib/crt1.o /usr/lib/gcc/x86_64-linux-gnu/4.3.3/../../../../lib/crti.o /usr/lib/gcc/x86_64-linux-gnu/4.3.3/crtbegin.o -L/usr/lib/gcc/x86_64-linux-gnu/4.3.3 -L/usr/lib/gcc/x86_64-linux-gnu/4.3.3 -L/usr/lib/gcc/x86_64-linux-gnu/4.3.3/../../../../lib -L/lib/../lib -L/usr/lib/../lib -L/usr/lib/gcc/x86_64-linux-gnu/4.3.3/../../.. /tmp/cc0yqsBU.o -lgfortranbegin -lgfortran -lm -lgcc_s -lgcc -lc -lgcc_s -lgcc /usr/lib/gcc/x86_64-linux-gnu/4.3.3/crtend.o /usr/lib/gcc/x86_64-linux-gnu/4.3.3/../../../../lib/crtn.o
configure:2445: result: -v
configure:2447: checking for Fortran 77 libraries
configure:2473: f95 -o conftest -g -O2 -v  conftest.f  >&5
Using built-in specs.
Target: x86_64-linux-gnu
Configured with: ../src/configure -v --with-pkgversion='Ubuntu 4.3.3-5ubuntu4' --with-bugurl=file:///usr/share/doc/gcc-4.3/README.Bugs --enable-languages=c,c++,fortran,objc,obj-c++ --prefix=/usr --enable-shared --with-system-zlib --libexecdir=/usr/lib --without-included-gettext --enable-threads=posix --enable-nls --with-gxx-include-dir=/usr/include/c++/4.3 --program-suffix=-4.3 --enable-clocale=gnu --enable-libstdcxx-debug --enable-objc-gc --enable-mpfr --with-tune=generic --enable-checking=release --build=x86_64-linux-gnu --host=x86_64-linux-gnu --target=x86_64-linux-gnu
Thread model: posix
gcc version 4.3.3 (Ubuntu 4.3.3-5ubuntu4) 
COLLECT_GCC_OPTIONS='-o' 'conftest' '-g' '-O2' '-v' '-shared-libgcc' '-mtune=generic'
 /usr/lib/gcc/x86_64-linux-gnu/4.3.3/f951 conftest.f -ffixed-form -quiet -dumpbase conftest.f -mtune=generic -auxbase conftest -g -O2 -version -fintrinsic-modules-path /usr/lib/gcc/x86_64-linux-gnu/4.3.3/finclude -o /tmp/ccUCt6R6.s
GNU F95 (Ubuntu 4.3.3-5ubuntu4) version 4.3.3 (x86_64-linux-gnu)
	compiled by GNU C version 4.3.3, GMP version 4.2.4, MPFR version 2.4.0.
GGC heuristics: --param ggc-min-expand=100 --param ggc-min-heapsize=131072
COLLECT_GCC_OPTIONS='-o' 'conftest' '-g' '-O2' '-v' '-shared-libgcc' '-mtune=generic'
 as -V -Qy -o /tmp/ccQvxh26.o /tmp/ccUCt6R6.s
GNU assembler version 2.19.1 (x86_64-linux-gnu) using BFD version (GNU Binutils for Ubuntu) 2.19.1
COMPILER_PATH=/usr/lib/gcc/x86_64-linux-gnu/4.3.3/:/usr/lib/gcc/x86_64-linux-gnu/4.3.3/:/usr/lib/gcc/x86_64-linux-gnu/:/usr/lib/gcc/x86_64-linux-gnu/4.3.3/:/usr/lib/gcc/x86_64-linux-gnu/:/usr/lib/gcc/x86_64-linux-gnu/4.3.3/:/usr/lib/gcc/x86_64-linux-gnu/
LIBRARY_PATH=/usr/lib/gcc/x86_64-linux-gnu/4.3.3/:/usr/lib/gcc/x86_64-linux-gnu/4.3.3/:/usr/lib/gcc/x86_64-linux-gnu/4.3.3/../../../../lib/:/lib/../lib/:/usr/lib/../lib/:/usr/lib/gcc/x86_64-linux-gnu/4.3.3/../../../:/lib/:/usr/lib/
COLLECT_GCC_OPTIONS='-o' 'conftest' '-g' '-O2' '-v' '-shared-libgcc' '-mtune=generic'
 /usr/lib/gcc/x86_64-linux-gnu/4.3.3/collect2 --eh-frame-hdr -m elf_x86_64 --hash-style=both -dynamic-linker /lib64/ld-linux-x86-64.so.2 -o conftest -z relro /usr/lib/gcc/x86_64-linux-gnu/4.3.3/../../../../lib/crt1.o /usr/lib/gcc/x86_64-linux-gnu/4.3.3/../../../../lib/crti.o /usr/lib/gcc/x86_64-linux-gnu/4.3.3/crtbegin.o -L/usr/lib/gcc/x86_64-linux-gnu/4.3.3 -L/usr/lib/gcc/x86_64-linux-gnu/4.3.3 -L/usr/lib/gcc/x86_64-linux-gnu/4.3.3/../../../../lib -L/lib/../lib -L/usr/lib/../lib -L/usr/lib/gcc/x86_64-linux-gnu/4.3.3/../../.. /tmp/ccQvxh26.o -lgfortranbegin -lgfortran -lm -lgcc_s -lgcc -lc -lgcc_s -lgcc /usr/lib/gcc/x86_64-linux-gnu/4.3.3/crtend.o /usr/lib/gcc/x86_64-linux-gnu/4.3.3/../../../../lib/crtn.o
configure:2628: result:  -L/usr/lib/gcc/x86_64-linux-gnu/4.3.3 -L/usr/lib/gcc/x86_64-linux-gnu/4.3.3/../../../../lib -L/lib/../lib -L/usr/lib/../lib -L/usr/lib/gcc/x86_64-linux-gnu/4.3.3/../../.. -lgfortranbegin -lgfortran -lm -lgcc_s
configure:2637: checking for Fortran 77 name-mangling scheme
configure:2655: f95 -c -g -O2 conftest.f >&5
configure:2658: $? = 0
configure:2661: test -s conftest.o
configure:2664: $? = 0
configure:2701: gcc -o conftest -fomit-frame-pointer -march=core2 -pipe -msse3   conftest.c cf77_test.o  -L/usr/lib/gcc/x86_64-linux-gnu/4.3.3 -L/usr/lib/gcc/x86_64-linux-gnu/4.3.3/../../../../lib -L/lib/../lib -L/usr/lib/../lib -L/usr/lib/gcc/x86_64-linux-gnu/4.3.3/../../.. -lgfortranbegin -lgfortran -lm -lgcc_s  >&5
/tmp/ccbt9Slc.o: In function `main':
conftest.c:(.text+0xa): undefined reference to `foobar'
collect2: ld returned 1 exit status
configure:2704: $? = 1
configure: failed program was:
#line 2682 "configure"
#include "confdefs.h"

/* Override any gcc2 internal prototype to avoid an error.  */
#ifdef __cplusplus
extern "C"
#endif
/* We use char because int might match the return type of a gcc2
   builtin and then its argument prototype would still apply.  */
char foobar ();
int
main ()
{
foobar ();
  ;
  return 0;
}
configure:2701: gcc -o conftest -fomit-frame-pointer -march=core2 -pipe -msse3   conftest.c cf77_test.o  -L/usr/lib/gcc/x86_64-linux-gnu/4.3.3 -L/usr/lib/gcc/x86_64-linux-gnu/4.3.3/../../../../lib -L/lib/../lib -L/usr/lib/../lib -L/usr/lib/gcc/x86_64-linux-gnu/4.3.3/../../.. -lgfortranbegin -lgfortran -lm -lgcc_s  >&5
configure:2704: $? = 0
configure:2707: test -s conftest
configure:2710: $? = 0
configure:2756: gcc -o conftest -fomit-frame-pointer -march=core2 -pipe -msse3   conftest.c cf77_test.o  -L/usr/lib/gcc/x86_64-linux-gnu/4.3.3 -L/usr/lib/gcc/x86_64-linux-gnu/4.3.3/../../../../lib -L/lib/../lib -L/usr/lib/../lib -L/usr/lib/gcc/x86_64-linux-gnu/4.3.3/../../.. -lgfortranbegin -lgfortran -lm -lgcc_s  >&5
configure:2759: $? = 0
configure:2762: test -s conftest
configure:2765: $? = 0
configure:2811: result: lower case, underscore, no extra underscore
configure:3026: creating ./config.status

## ----------------------- ##
## Running config.status.  ##
## ----------------------- ##

This file was extended by config.status 2.50, executed with
  > ./config.status 
on allegro

config.status:3464: creating matlisp.mk
config.status:3464: creating lib/lazy-loader.lisp
config.status:3464: creating src/f77-mangling.lisp

## ----------------- ##
## Cache variables.  ##
## ----------------- ##

ac_cv_build='x86_64-unknown-linux-gnu'
ac_cv_build_alias='x86_64-unknown-linux-gnu'
ac_cv_c_compiler_gnu='yes'
ac_cv_env_CC_set=''
ac_cv_env_CC_value=''
ac_cv_env_CFLAGS_set='set'
ac_cv_env_CFLAGS_value='-fomit-frame-pointer -march=core2 -pipe -msse3'
ac_cv_env_CPPFLAGS_set=''
ac_cv_env_CPPFLAGS_value=''
ac_cv_env_F77_set=''
ac_cv_env_F77_value=''
ac_cv_env_FFLAGS_set=''
ac_cv_env_FFLAGS_value=''
ac_cv_env_LDFLAGS_set=''
ac_cv_env_LDFLAGS_value=''
ac_cv_env_build_alias_set=''
ac_cv_env_build_alias_value=''
ac_cv_env_host_alias_set=''
ac_cv_env_host_alias_value=''
ac_cv_env_target_alias_set=''
ac_cv_env_target_alias_value=''
ac_cv_f77_compiler_gnu='yes'
ac_cv_f77_mangling='lower case, underscore, no extra underscore'
ac_cv_flibs=' -L/usr/lib/gcc/x86_64-linux-gnu/4.3.3 -L/usr/lib/gcc/x86_64-linux-gnu/4.3.3/../../../../lib -L/lib/../lib -L/usr/lib/../lib -L/usr/lib/gcc/x86_64-linux-gnu/4.3.3/../../.. -lgfortranbegin -lgfortran -lm -lgcc_s'
ac_cv_host='x86_64-unknown-linux-gnu'
ac_cv_host_alias='x86_64-unknown-linux-gnu'
ac_cv_objext='o'
ac_cv_prog_ac_ct_CC='gcc'
ac_cv_prog_ac_ct_F77='f95'
ac_cv_prog_ac_ct_RANLIB='ranlib'
ac_cv_prog_cc_g='yes'
ac_cv_prog_cc_gcc_c_o='yes'
ac_cv_prog_f77_c_o='yes'
ac_cv_prog_f77_g='yes'
ac_cv_prog_f77_v='-v'
ac_cv_target='x86_64-unknown-linux-gnu'
ac_cv_target_alias='x86_64-unknown-linux-gnu'


configure: exit 0
