This file contains any messages produced by compilers while
running configure, to aid debugging if configure makes a mistake.

It was created by CLM configure 3, which was
generated by GNU Autoconf 2.60.  Invocation command line was

  $ ./configure --quiet --with-doubles --with-float-samples

## --------- ##
## Platform. ##
## --------- ##

hostname = berlioz.fs.se.uec.ac.jp
uname -m = i386
uname -r = 8.8.1
uname -s = Darwin
uname -v = Darwin Kernel Version 8.8.1: Mon Sep 25 19:42:00 PDT 2006; root:xnu-792.13.8.obj~1/RELEASE_I386

/usr/bin/uname -p = i386
/bin/uname -X     = unknown

/bin/arch              = unknown
/usr/bin/arch -k       = unknown
/usr/convex/getsysinfo = unknown
/usr/bin/hostinfo      = Mach kernel version:
	 Darwin Kernel Version 8.8.1: Mon Sep 25 19:42:00 PDT 2006; root:xnu-792.13.8.obj~1/RELEASE_I386
Kernel configured for up to 2 processors.
2 processors are physically available.
2 processors are logically available.
Processor type: i486 (Intel 80486)
Processors active: 0 1
Primary memory available: 1.00 gigabytes
Default processor set: 80 tasks, 229 threads, 2 processors
Load average: 0.46, Mach factor: 1.53
/bin/machine           = unknown
/usr/bin/oslevel       = unknown
/bin/universe          = unknown

PATH: /usr/bin
PATH: /bin
PATH: /usr/sbin
PATH: /sbin
PATH: /opt/local/bin
PATH: /opt/local/sbin
PATH: /sw/bin
PATH: /sw/sbin
PATH: /opt/godi/bin
PATH: /opt/godi/sbin
PATH: /bin
PATH: /sbin
PATH: /usr/bin
PATH: /usr/local/bin
PATH: /usr/sbin
PATH: /usr/local/bin
PATH: /usr/local/teTeX/bin/i386-apple-darwin-current
PATH: /usr/local/bin
PATH: /Users/huangjianshi/script
PATH: /usr/local/mysql/bin
PATH: /usr/X11R6/bin
PATH: /opt/local/bin
PATH: /opt/local/sbin
PATH: /sw/bin
PATH: /sw/sbin
PATH: /opt/godi/bin
PATH: /opt/godi/sbin
PATH: /bin
PATH: /sbin
PATH: /usr/bin
PATH: /usr/local/bin
PATH: /usr/sbin
PATH: /usr/local/bin
PATH: /usr/local/teTeX/bin/i386-apple-darwin-current
PATH: /usr/local/bin
PATH: /Users/huangjianshi/script
PATH: /usr/local/mysql/bin
PATH: /usr/X11R6/bin
PATH: /usr/local/teTeX/bin/powerpc-apple-darwin-current


## ----------- ##
## Core tests. ##
## ----------- ##

configure:1751: checking build system type
configure:1769: result: i386-apple-darwin8.8.1
configure:1791: checking host system type
configure:1806: result: i386-apple-darwin8.8.1
configure:1880: checking for gcc
configure:1896: found /usr/bin/gcc
configure:1907: result: gcc
configure:2145: checking for C compiler version
configure:2152: gcc --version >&5
i686-apple-darwin8-gcc-4.0.1 (GCC) 4.0.1 (Apple Computer, Inc. build 5367)
Copyright (C) 2005 Free Software Foundation, Inc.
This is free software; see the source for copying conditions.  There is NO
warranty; not even for MERCHANTABILITY or FITNESS FOR A PARTICULAR PURPOSE.

configure:2155: $? = 0
configure:2162: gcc -v >&5
Using built-in specs.
Target: i686-apple-darwin8
Configured with: /private/var/tmp/gcc/gcc-5367.obj~1/src/configure --disable-checking -enable-werror --prefix=/usr --mandir=/share/man --enable-languages=c,objc,c++,obj-c++ --program-transform-name=/^[cg][^.-]*$/s/$/-4.0/ --with-gxx-include-dir=/include/c++/4.0.0 --with-slibdir=/usr/lib --build=powerpc-apple-darwin8 --with-arch=nocona --with-tune=generic --program-prefix= --host=i686-apple-darwin8 --target=i686-apple-darwin8
Thread model: posix
gcc version 4.0.1 (Apple Computer, Inc. build 5367)
configure:2165: $? = 0
configure:2172: gcc -V >&5
gcc: argument to `-V' is missing
configure:2175: $? = 1
configure:2198: checking for C compiler default output file name
configure:2225: gcc -march=i686   conftest.c  >&5
configure:2228: $? = 0
configure:2274: result: a.out
configure:2279: checking whether the C compiler works
configure:2289: ./a.out
configure:2292: $? = 0
configure:2309: result: yes
configure:2316: checking whether we are cross compiling
configure:2318: result: no
configure:2321: checking for suffix of executables
configure:2328: gcc -o conftest -march=i686   conftest.c  >&5
configure:2331: $? = 0
configure:2355: result: 
configure:2361: checking for suffix of object files
configure:2387: gcc -c -march=i686  conftest.c >&5
configure:2390: $? = 0
configure:2413: result: o
configure:2417: checking whether we are using the GNU C compiler
configure:2446: gcc -c -march=i686  conftest.c >&5
configure:2452: $? = 0
configure:2459: test -z "$ac_c_werror_flag" || test ! -s conftest.err
configure:2462: $? = 0
configure:2469: test -s conftest.o
configure:2472: $? = 0
configure:2486: result: yes
configure:2491: checking whether gcc accepts -g
configure:2521: gcc -c -g  conftest.c >&5
configure:2527: $? = 0
configure:2534: test -z "$ac_c_werror_flag" || test ! -s conftest.err
configure:2537: $? = 0
configure:2544: test -s conftest.o
configure:2547: $? = 0
configure:2677: result: yes
configure:2694: checking for gcc option to accept ISO C89
configure:2768: gcc  -c -march=i686  conftest.c >&5
configure:2774: $? = 0
configure:2781: test -z "$ac_c_werror_flag" || test ! -s conftest.err
configure:2784: $? = 0
configure:2791: test -s conftest.o
configure:2794: $? = 0
configure:2814: result: none needed
configure:2838: checking how to run the C preprocessor
configure:2878: gcc -E  conftest.c
configure:2884: $? = 0
configure:2922: gcc -E  conftest.c
conftest.c:8:28: error: ac_nonexistent.h: No such file or directory
configure:2928: $? = 1
configure: failed program was:
| /* confdefs.h.  */
| #define PACKAGE_NAME "CLM"
| #define PACKAGE_TARNAME "clm"
| #define PACKAGE_VERSION "3"
| #define PACKAGE_STRING "CLM 3"
| #define PACKAGE_BUGREPORT "bil@ccrma.stanford.edu"
| /* end confdefs.h.  */
| #include <ac_nonexistent.h>
configure:2968: result: gcc -E
configure:2997: gcc -E  conftest.c
configure:3003: $? = 0
configure:3041: gcc -E  conftest.c
conftest.c:8:28: error: ac_nonexistent.h: No such file or directory
configure:3047: $? = 1
configure: failed program was:
| /* confdefs.h.  */
| #define PACKAGE_NAME "CLM"
| #define PACKAGE_TARNAME "clm"
| #define PACKAGE_VERSION "3"
| #define PACKAGE_STRING "CLM 3"
| #define PACKAGE_BUGREPORT "bil@ccrma.stanford.edu"
| /* end confdefs.h.  */
| #include <ac_nonexistent.h>
configure:3092: checking for grep that handles long lines and -e
configure:3166: result: /usr/bin/grep
configure:3171: checking for egrep
configure:3249: result: /usr/bin/grep -E
configure:3254: checking for ANSI C header files
configure:3284: gcc -c -march=i686  conftest.c >&5
configure:3290: $? = 0
configure:3297: test -z "$ac_c_werror_flag" || test ! -s conftest.err
configure:3300: $? = 0
configure:3307: test -s conftest.o
configure:3310: $? = 0
configure:3403: gcc -o conftest -march=i686   conftest.c  >&5
configure:3406: $? = 0
configure:3412: ./conftest
configure:3415: $? = 0
configure:3432: result: yes
configure:3555: checking for a BSD-compatible install
configure:3611: result: /usr/bin/install -c
configure:3624: checking for main in -lm
configure:3653: gcc -o conftest -march=i686   conftest.c -lm   >&5
configure:3659: $? = 0
configure:3666: test -z "$ac_c_werror_flag" || test ! -s conftest.err
configure:3669: $? = 0
configure:3676: test -s conftest
configure:3679: $? = 0
configure:3693: result: yes
configure:3705: checking for main in -lc
configure:3734: gcc -o conftest -march=i686   conftest.c -lc  -lm  >&5
configure:3740: $? = 0
configure:3747: test -z "$ac_c_werror_flag" || test ! -s conftest.err
configure:3750: $? = 0
configure:3757: test -s conftest
configure:3760: $? = 0
configure:3774: result: yes
configure:3786: checking for main in -ldl
configure:3815: gcc -o conftest -march=i686   conftest.c -ldl  -lc -lm  >&5
configure:3821: $? = 0
configure:3828: test -z "$ac_c_werror_flag" || test ! -s conftest.err
configure:3831: $? = 0
configure:3838: test -s conftest
configure:3841: $? = 0
configure:3855: result: yes
configure:3882: checking for sys/types.h
configure:3903: gcc -c -march=i686  conftest.c >&5
configure:3909: $? = 0
configure:3916: test -z "$ac_c_werror_flag" || test ! -s conftest.err
configure:3919: $? = 0
configure:3926: test -s conftest.o
configure:3929: $? = 0
configure:3942: result: yes
configure:3882: checking for sys/stat.h
configure:3903: gcc -c -march=i686  conftest.c >&5
configure:3909: $? = 0
configure:3916: test -z "$ac_c_werror_flag" || test ! -s conftest.err
configure:3919: $? = 0
configure:3926: test -s conftest.o
configure:3929: $? = 0
configure:3942: result: yes
configure:3882: checking for stdlib.h
configure:3903: gcc -c -march=i686  conftest.c >&5
configure:3909: $? = 0
configure:3916: test -z "$ac_c_werror_flag" || test ! -s conftest.err
configure:3919: $? = 0
configure:3926: test -s conftest.o
configure:3929: $? = 0
configure:3942: result: yes
configure:3882: checking for string.h
configure:3903: gcc -c -march=i686  conftest.c >&5
configure:3909: $? = 0
configure:3916: test -z "$ac_c_werror_flag" || test ! -s conftest.err
configure:3919: $? = 0
configure:3926: test -s conftest.o
configure:3929: $? = 0
configure:3942: result: yes
configure:3882: checking for memory.h
configure:3903: gcc -c -march=i686  conftest.c >&5
configure:3909: $? = 0
configure:3916: test -z "$ac_c_werror_flag" || test ! -s conftest.err
configure:3919: $? = 0
configure:3926: test -s conftest.o
configure:3929: $? = 0
configure:3942: result: yes
configure:3882: checking for strings.h
configure:3903: gcc -c -march=i686  conftest.c >&5
configure:3909: $? = 0
configure:3916: test -z "$ac_c_werror_flag" || test ! -s conftest.err
configure:3919: $? = 0
configure:3926: test -s conftest.o
configure:3929: $? = 0
configure:3942: result: yes
configure:3882: checking for inttypes.h
configure:3903: gcc -c -march=i686  conftest.c >&5
configure:3909: $? = 0
configure:3916: test -z "$ac_c_werror_flag" || test ! -s conftest.err
configure:3919: $? = 0
configure:3926: test -s conftest.o
configure:3929: $? = 0
configure:3942: result: yes
configure:3882: checking for stdint.h
configure:3903: gcc -c -march=i686  conftest.c >&5
configure:3909: $? = 0
configure:3916: test -z "$ac_c_werror_flag" || test ! -s conftest.err
configure:3919: $? = 0
configure:3926: test -s conftest.o
configure:3929: $? = 0
configure:3942: result: yes
configure:3882: checking for unistd.h
configure:3903: gcc -c -march=i686  conftest.c >&5
configure:3909: $? = 0
configure:3916: test -z "$ac_c_werror_flag" || test ! -s conftest.err
configure:3919: $? = 0
configure:3926: test -s conftest.o
configure:3929: $? = 0
configure:3942: result: yes
configure:3978: checking fcntl.h usability
configure:3995: gcc -c -march=i686  conftest.c >&5
configure:4001: $? = 0
configure:4008: test -z "$ac_c_werror_flag" || test ! -s conftest.err
configure:4011: $? = 0
configure:4018: test -s conftest.o
configure:4021: $? = 0
configure:4032: result: yes
configure:4036: checking fcntl.h presence
configure:4051: gcc -E  conftest.c
configure:4057: $? = 0
configure:4078: result: yes
configure:4111: checking for fcntl.h
configure:4119: result: yes
configure:3978: checking limits.h usability
configure:3995: gcc -c -march=i686  conftest.c >&5
configure:4001: $? = 0
configure:4008: test -z "$ac_c_werror_flag" || test ! -s conftest.err
configure:4011: $? = 0
configure:4018: test -s conftest.o
configure:4021: $? = 0
configure:4032: result: yes
configure:4036: checking limits.h presence
configure:4051: gcc -E  conftest.c
configure:4057: $? = 0
configure:4078: result: yes
configure:4111: checking for limits.h
configure:4119: result: yes
configure:3968: checking for unistd.h
configure:3974: result: yes
configure:3968: checking for string.h
configure:3974: result: yes
configure:3978: checking sys/soundcard.h usability
configure:3995: gcc -c -march=i686  conftest.c >&5
conftest.c:60:27: error: sys/soundcard.h: No such file or directory
configure:4001: $? = 1
configure: failed program was:
| /* confdefs.h.  */
| #define PACKAGE_NAME "CLM"
| #define PACKAGE_TARNAME "clm"
| #define PACKAGE_VERSION "3"
| #define PACKAGE_STRING "CLM 3"
| #define PACKAGE_BUGREPORT "bil@ccrma.stanford.edu"
| #define STDC_HEADERS 1
| #define Float double
| #define SNDLIB_USE_FLOATS 1
| #define HAVE_LIBM 1
| #define HAVE_LIBC 1
| #define HAVE_LIBDL 1
| #define HAVE_SYS_TYPES_H 1
| #define HAVE_SYS_STAT_H 1
| #define HAVE_STDLIB_H 1
| #define HAVE_STRING_H 1
| #define HAVE_MEMORY_H 1
| #define HAVE_STRINGS_H 1
| #define HAVE_INTTYPES_H 1
| #define HAVE_STDINT_H 1
| #define HAVE_UNISTD_H 1
| #define HAVE_FCNTL_H 1
| #define HAVE_LIMITS_H 1
| #define HAVE_UNISTD_H 1
| #define HAVE_STRING_H 1
| /* end confdefs.h.  */
| #include <stdio.h>
| #if HAVE_SYS_TYPES_H
| # include <sys/types.h>
| #endif
| #if HAVE_SYS_STAT_H
| # include <sys/stat.h>
| #endif
| #if STDC_HEADERS
| # include <stdlib.h>
| # include <stddef.h>
| #else
| # if HAVE_STDLIB_H
| #  include <stdlib.h>
| # endif
| #endif
| #if HAVE_STRING_H
| # if !STDC_HEADERS && HAVE_MEMORY_H
| #  include <memory.h>
| # endif
| # include <string.h>
| #endif
| #if HAVE_STRINGS_H
| # include <strings.h>
| #endif
| #if HAVE_INTTYPES_H
| # include <inttypes.h>
| #endif
| #if HAVE_STDINT_H
| # include <stdint.h>
| #endif
| #if HAVE_UNISTD_H
| # include <unistd.h>
| #endif
| #include <sys/soundcard.h>
configure:4032: result: no
configure:4036: checking sys/soundcard.h presence
configure:4051: gcc -E  conftest.c
conftest.c:27:27: error: sys/soundcard.h: No such file or directory
configure:4057: $? = 1
configure: failed program was:
| /* confdefs.h.  */
| #define PACKAGE_NAME "CLM"
| #define PACKAGE_TARNAME "clm"
| #define PACKAGE_VERSION "3"
| #define PACKAGE_STRING "CLM 3"
| #define PACKAGE_BUGREPORT "bil@ccrma.stanford.edu"
| #define STDC_HEADERS 1
| #define Float double
| #define SNDLIB_USE_FLOATS 1
| #define HAVE_LIBM 1
| #define HAVE_LIBC 1
| #define HAVE_LIBDL 1
| #define HAVE_SYS_TYPES_H 1
| #define HAVE_SYS_STAT_H 1
| #define HAVE_STDLIB_H 1
| #define HAVE_STRING_H 1
| #define HAVE_MEMORY_H 1
| #define HAVE_STRINGS_H 1
| #define HAVE_INTTYPES_H 1
| #define HAVE_STDINT_H 1
| #define HAVE_UNISTD_H 1
| #define HAVE_FCNTL_H 1
| #define HAVE_LIMITS_H 1
| #define HAVE_UNISTD_H 1
| #define HAVE_STRING_H 1
| /* end confdefs.h.  */
| #include <sys/soundcard.h>
configure:4078: result: no
configure:4111: checking for sys/soundcard.h
configure:4119: result: no
configure:3978: checking machine/soundcard.h usability
configure:3995: gcc -c -march=i686  conftest.c >&5
conftest.c:60:31: error: machine/soundcard.h: No such file or directory
configure:4001: $? = 1
configure: failed program was:
| /* confdefs.h.  */
| #define PACKAGE_NAME "CLM"
| #define PACKAGE_TARNAME "clm"
| #define PACKAGE_VERSION "3"
| #define PACKAGE_STRING "CLM 3"
| #define PACKAGE_BUGREPORT "bil@ccrma.stanford.edu"
| #define STDC_HEADERS 1
| #define Float double
| #define SNDLIB_USE_FLOATS 1
| #define HAVE_LIBM 1
| #define HAVE_LIBC 1
| #define HAVE_LIBDL 1
| #define HAVE_SYS_TYPES_H 1
| #define HAVE_SYS_STAT_H 1
| #define HAVE_STDLIB_H 1
| #define HAVE_STRING_H 1
| #define HAVE_MEMORY_H 1
| #define HAVE_STRINGS_H 1
| #define HAVE_INTTYPES_H 1
| #define HAVE_STDINT_H 1
| #define HAVE_UNISTD_H 1
| #define HAVE_FCNTL_H 1
| #define HAVE_LIMITS_H 1
| #define HAVE_UNISTD_H 1
| #define HAVE_STRING_H 1
| /* end confdefs.h.  */
| #include <stdio.h>
| #if HAVE_SYS_TYPES_H
| # include <sys/types.h>
| #endif
| #if HAVE_SYS_STAT_H
| # include <sys/stat.h>
| #endif
| #if STDC_HEADERS
| # include <stdlib.h>
| # include <stddef.h>
| #else
| # if HAVE_STDLIB_H
| #  include <stdlib.h>
| # endif
| #endif
| #if HAVE_STRING_H
| # if !STDC_HEADERS && HAVE_MEMORY_H
| #  include <memory.h>
| # endif
| # include <string.h>
| #endif
| #if HAVE_STRINGS_H
| # include <strings.h>
| #endif
| #if HAVE_INTTYPES_H
| # include <inttypes.h>
| #endif
| #if HAVE_STDINT_H
| # include <stdint.h>
| #endif
| #if HAVE_UNISTD_H
| # include <unistd.h>
| #endif
| #include <machine/soundcard.h>
configure:4032: result: no
configure:4036: checking machine/soundcard.h presence
configure:4051: gcc -E  conftest.c
conftest.c:27:31: error: machine/soundcard.h: No such file or directory
configure:4057: $? = 1
configure: failed program was:
| /* confdefs.h.  */
| #define PACKAGE_NAME "CLM"
| #define PACKAGE_TARNAME "clm"
| #define PACKAGE_VERSION "3"
| #define PACKAGE_STRING "CLM 3"
| #define PACKAGE_BUGREPORT "bil@ccrma.stanford.edu"
| #define STDC_HEADERS 1
| #define Float double
| #define SNDLIB_USE_FLOATS 1
| #define HAVE_LIBM 1
| #define HAVE_LIBC 1
| #define HAVE_LIBDL 1
| #define HAVE_SYS_TYPES_H 1
| #define HAVE_SYS_STAT_H 1
| #define HAVE_STDLIB_H 1
| #define HAVE_STRING_H 1
| #define HAVE_MEMORY_H 1
| #define HAVE_STRINGS_H 1
| #define HAVE_INTTYPES_H 1
| #define HAVE_STDINT_H 1
| #define HAVE_UNISTD_H 1
| #define HAVE_FCNTL_H 1
| #define HAVE_LIMITS_H 1
| #define HAVE_UNISTD_H 1
| #define HAVE_STRING_H 1
| /* end confdefs.h.  */
| #include <machine/soundcard.h>
configure:4078: result: no
configure:4111: checking for machine/soundcard.h
configure:4119: result: no
configure:3978: checking sys/mixer.h usability
configure:3995: gcc -c -march=i686  conftest.c >&5
conftest.c:60:23: error: sys/mixer.h: No such file or directory
configure:4001: $? = 1
configure: failed program was:
| /* confdefs.h.  */
| #define PACKAGE_NAME "CLM"
| #define PACKAGE_TARNAME "clm"
| #define PACKAGE_VERSION "3"
| #define PACKAGE_STRING "CLM 3"
| #define PACKAGE_BUGREPORT "bil@ccrma.stanford.edu"
| #define STDC_HEADERS 1
| #define Float double
| #define SNDLIB_USE_FLOATS 1
| #define HAVE_LIBM 1
| #define HAVE_LIBC 1
| #define HAVE_LIBDL 1
| #define HAVE_SYS_TYPES_H 1
| #define HAVE_SYS_STAT_H 1
| #define HAVE_STDLIB_H 1
| #define HAVE_STRING_H 1
| #define HAVE_MEMORY_H 1
| #define HAVE_STRINGS_H 1
| #define HAVE_INTTYPES_H 1
| #define HAVE_STDINT_H 1
| #define HAVE_UNISTD_H 1
| #define HAVE_FCNTL_H 1
| #define HAVE_LIMITS_H 1
| #define HAVE_UNISTD_H 1
| #define HAVE_STRING_H 1
| /* end confdefs.h.  */
| #include <stdio.h>
| #if HAVE_SYS_TYPES_H
| # include <sys/types.h>
| #endif
| #if HAVE_SYS_STAT_H
| # include <sys/stat.h>
| #endif
| #if STDC_HEADERS
| # include <stdlib.h>
| # include <stddef.h>
| #else
| # if HAVE_STDLIB_H
| #  include <stdlib.h>
| # endif
| #endif
| #if HAVE_STRING_H
| # if !STDC_HEADERS && HAVE_MEMORY_H
| #  include <memory.h>
| # endif
| # include <string.h>
| #endif
| #if HAVE_STRINGS_H
| # include <strings.h>
| #endif
| #if HAVE_INTTYPES_H
| # include <inttypes.h>
| #endif
| #if HAVE_STDINT_H
| # include <stdint.h>
| #endif
| #if HAVE_UNISTD_H
| # include <unistd.h>
| #endif
| #include <sys/mixer.h>
configure:4032: result: no
configure:4036: checking sys/mixer.h presence
configure:4051: gcc -E  conftest.c
conftest.c:27:23: error: sys/mixer.h: No such file or directory
configure:4057: $? = 1
configure: failed program was:
| /* confdefs.h.  */
| #define PACKAGE_NAME "CLM"
| #define PACKAGE_TARNAME "clm"
| #define PACKAGE_VERSION "3"
| #define PACKAGE_STRING "CLM 3"
| #define PACKAGE_BUGREPORT "bil@ccrma.stanford.edu"
| #define STDC_HEADERS 1
| #define Float double
| #define SNDLIB_USE_FLOATS 1
| #define HAVE_LIBM 1
| #define HAVE_LIBC 1
| #define HAVE_LIBDL 1
| #define HAVE_SYS_TYPES_H 1
| #define HAVE_SYS_STAT_H 1
| #define HAVE_STDLIB_H 1
| #define HAVE_STRING_H 1
| #define HAVE_MEMORY_H 1
| #define HAVE_STRINGS_H 1
| #define HAVE_INTTYPES_H 1
| #define HAVE_STDINT_H 1
| #define HAVE_UNISTD_H 1
| #define HAVE_FCNTL_H 1
| #define HAVE_LIMITS_H 1
| #define HAVE_UNISTD_H 1
| #define HAVE_STRING_H 1
| /* end confdefs.h.  */
| #include <sys/mixer.h>
configure:4078: result: no
configure:4111: checking for sys/mixer.h
configure:4119: result: no
configure:3978: checking byteswap.h usability
configure:3995: gcc -c -march=i686  conftest.c >&5
conftest.c:60:22: error: byteswap.h: No such file or directory
configure:4001: $? = 1
configure: failed program was:
| /* confdefs.h.  */
| #define PACKAGE_NAME "CLM"
| #define PACKAGE_TARNAME "clm"
| #define PACKAGE_VERSION "3"
| #define PACKAGE_STRING "CLM 3"
| #define PACKAGE_BUGREPORT "bil@ccrma.stanford.edu"
| #define STDC_HEADERS 1
| #define Float double
| #define SNDLIB_USE_FLOATS 1
| #define HAVE_LIBM 1
| #define HAVE_LIBC 1
| #define HAVE_LIBDL 1
| #define HAVE_SYS_TYPES_H 1
| #define HAVE_SYS_STAT_H 1
| #define HAVE_STDLIB_H 1
| #define HAVE_STRING_H 1
| #define HAVE_MEMORY_H 1
| #define HAVE_STRINGS_H 1
| #define HAVE_INTTYPES_H 1
| #define HAVE_STDINT_H 1
| #define HAVE_UNISTD_H 1
| #define HAVE_FCNTL_H 1
| #define HAVE_LIMITS_H 1
| #define HAVE_UNISTD_H 1
| #define HAVE_STRING_H 1
| /* end confdefs.h.  */
| #include <stdio.h>
| #if HAVE_SYS_TYPES_H
| # include <sys/types.h>
| #endif
| #if HAVE_SYS_STAT_H
| # include <sys/stat.h>
| #endif
| #if STDC_HEADERS
| # include <stdlib.h>
| # include <stddef.h>
| #else
| # if HAVE_STDLIB_H
| #  include <stdlib.h>
| # endif
| #endif
| #if HAVE_STRING_H
| # if !STDC_HEADERS && HAVE_MEMORY_H
| #  include <memory.h>
| # endif
| # include <string.h>
| #endif
| #if HAVE_STRINGS_H
| # include <strings.h>
| #endif
| #if HAVE_INTTYPES_H
| # include <inttypes.h>
| #endif
| #if HAVE_STDINT_H
| # include <stdint.h>
| #endif
| #if HAVE_UNISTD_H
| # include <unistd.h>
| #endif
| #include <byteswap.h>
configure:4032: result: no
configure:4036: checking byteswap.h presence
configure:4051: gcc -E  conftest.c
conftest.c:27:22: error: byteswap.h: No such file or directory
configure:4057: $? = 1
configure: failed program was:
| /* confdefs.h.  */
| #define PACKAGE_NAME "CLM"
| #define PACKAGE_TARNAME "clm"
| #define PACKAGE_VERSION "3"
| #define PACKAGE_STRING "CLM 3"
| #define PACKAGE_BUGREPORT "bil@ccrma.stanford.edu"
| #define STDC_HEADERS 1
| #define Float double
| #define SNDLIB_USE_FLOATS 1
| #define HAVE_LIBM 1
| #define HAVE_LIBC 1
| #define HAVE_LIBDL 1
| #define HAVE_SYS_TYPES_H 1
| #define HAVE_SYS_STAT_H 1
| #define HAVE_STDLIB_H 1
| #define HAVE_STRING_H 1
| #define HAVE_MEMORY_H 1
| #define HAVE_STRINGS_H 1
| #define HAVE_INTTYPES_H 1
| #define HAVE_STDINT_H 1
| #define HAVE_UNISTD_H 1
| #define HAVE_FCNTL_H 1
| #define HAVE_LIMITS_H 1
| #define HAVE_UNISTD_H 1
| #define HAVE_STRING_H 1
| /* end confdefs.h.  */
| #include <byteswap.h>
configure:4078: result: no
configure:4111: checking for byteswap.h
configure:4119: result: no
configure:3978: checking stdbool.h usability
configure:3995: gcc -c -march=i686  conftest.c >&5
configure:4001: $? = 0
configure:4008: test -z "$ac_c_werror_flag" || test ! -s conftest.err
configure:4011: $? = 0
configure:4018: test -s conftest.o
configure:4021: $? = 0
configure:4032: result: yes
configure:4036: checking stdbool.h presence
configure:4051: gcc -E  conftest.c
configure:4057: $? = 0
configure:4078: result: yes
configure:4111: checking for stdbool.h
configure:4119: result: yes
configure:3978: checking libc.h usability
configure:3995: gcc -c -march=i686  conftest.c >&5
configure:4001: $? = 0
configure:4008: test -z "$ac_c_werror_flag" || test ! -s conftest.err
configure:4011: $? = 0
configure:4018: test -s conftest.o
configure:4021: $? = 0
configure:4032: result: yes
configure:4036: checking libc.h presence
configure:4051: gcc -E  conftest.c
configure:4057: $? = 0
configure:4078: result: yes
configure:4111: checking for libc.h
configure:4119: result: yes
configure:4143: checking /usr/local/lib/oss/include/sys/soundcard.h usability
configure:4160: gcc -c -march=i686  conftest.c >&5
conftest.c:62:54: error: /usr/local/lib/oss/include/sys/soundcard.h: No such file or directory
configure:4166: $? = 1
configure: failed program was:
| /* confdefs.h.  */
| #define PACKAGE_NAME "CLM"
| #define PACKAGE_TARNAME "clm"
| #define PACKAGE_VERSION "3"
| #define PACKAGE_STRING "CLM 3"
| #define PACKAGE_BUGREPORT "bil@ccrma.stanford.edu"
| #define STDC_HEADERS 1
| #define Float double
| #define SNDLIB_USE_FLOATS 1
| #define HAVE_LIBM 1
| #define HAVE_LIBC 1
| #define HAVE_LIBDL 1
| #define HAVE_SYS_TYPES_H 1
| #define HAVE_SYS_STAT_H 1
| #define HAVE_STDLIB_H 1
| #define HAVE_STRING_H 1
| #define HAVE_MEMORY_H 1
| #define HAVE_STRINGS_H 1
| #define HAVE_INTTYPES_H 1
| #define HAVE_STDINT_H 1
| #define HAVE_UNISTD_H 1
| #define HAVE_FCNTL_H 1
| #define HAVE_LIMITS_H 1
| #define HAVE_UNISTD_H 1
| #define HAVE_STRING_H 1
| #define HAVE_STDBOOL_H 1
| #define HAVE_LIBC_H 1
| /* end confdefs.h.  */
| #include <stdio.h>
| #if HAVE_SYS_TYPES_H
| # include <sys/types.h>
| #endif
| #if HAVE_SYS_STAT_H
| # include <sys/stat.h>
| #endif
| #if STDC_HEADERS
| # include <stdlib.h>
| # include <stddef.h>
| #else
| # if HAVE_STDLIB_H
| #  include <stdlib.h>
| # endif
| #endif
| #if HAVE_STRING_H
| # if !STDC_HEADERS && HAVE_MEMORY_H
| #  include <memory.h>
| # endif
| # include <string.h>
| #endif
| #if HAVE_STRINGS_H
| # include <strings.h>
| #endif
| #if HAVE_INTTYPES_H
| # include <inttypes.h>
| #endif
| #if HAVE_STDINT_H
| # include <stdint.h>
| #endif
| #if HAVE_UNISTD_H
| # include <unistd.h>
| #endif
| #include </usr/local/lib/oss/include/sys/soundcard.h>
configure:4197: result: no
configure:4201: checking /usr/local/lib/oss/include/sys/soundcard.h presence
configure:4216: gcc -E  conftest.c
conftest.c:29:54: error: /usr/local/lib/oss/include/sys/soundcard.h: No such file or directory
configure:4222: $? = 1
configure: failed program was:
| /* confdefs.h.  */
| #define PACKAGE_NAME "CLM"
| #define PACKAGE_TARNAME "clm"
| #define PACKAGE_VERSION "3"
| #define PACKAGE_STRING "CLM 3"
| #define PACKAGE_BUGREPORT "bil@ccrma.stanford.edu"
| #define STDC_HEADERS 1
| #define Float double
| #define SNDLIB_USE_FLOATS 1
| #define HAVE_LIBM 1
| #define HAVE_LIBC 1
| #define HAVE_LIBDL 1
| #define HAVE_SYS_TYPES_H 1
| #define HAVE_SYS_STAT_H 1
| #define HAVE_STDLIB_H 1
| #define HAVE_STRING_H 1
| #define HAVE_MEMORY_H 1
| #define HAVE_STRINGS_H 1
| #define HAVE_INTTYPES_H 1
| #define HAVE_STDINT_H 1
| #define HAVE_UNISTD_H 1
| #define HAVE_FCNTL_H 1
| #define HAVE_LIMITS_H 1
| #define HAVE_UNISTD_H 1
| #define HAVE_STRING_H 1
| #define HAVE_STDBOOL_H 1
| #define HAVE_LIBC_H 1
| /* end confdefs.h.  */
| #include </usr/local/lib/oss/include/sys/soundcard.h>
configure:4243: result: no
configure:4276: checking for /usr/local/lib/oss/include/sys/soundcard.h
configure:4283: result: no
configure:4305: checking /usr/lib/oss/include/sys/soundcard.h usability
configure:4322: gcc -c -march=i686  conftest.c >&5
conftest.c:62:48: error: /usr/lib/oss/include/sys/soundcard.h: No such file or directory
configure:4328: $? = 1
configure: failed program was:
| /* confdefs.h.  */
| #define PACKAGE_NAME "CLM"
| #define PACKAGE_TARNAME "clm"
| #define PACKAGE_VERSION "3"
| #define PACKAGE_STRING "CLM 3"
| #define PACKAGE_BUGREPORT "bil@ccrma.stanford.edu"
| #define STDC_HEADERS 1
| #define Float double
| #define SNDLIB_USE_FLOATS 1
| #define HAVE_LIBM 1
| #define HAVE_LIBC 1
| #define HAVE_LIBDL 1
| #define HAVE_SYS_TYPES_H 1
| #define HAVE_SYS_STAT_H 1
| #define HAVE_STDLIB_H 1
| #define HAVE_STRING_H 1
| #define HAVE_MEMORY_H 1
| #define HAVE_STRINGS_H 1
| #define HAVE_INTTYPES_H 1
| #define HAVE_STDINT_H 1
| #define HAVE_UNISTD_H 1
| #define HAVE_FCNTL_H 1
| #define HAVE_LIMITS_H 1
| #define HAVE_UNISTD_H 1
| #define HAVE_STRING_H 1
| #define HAVE_STDBOOL_H 1
| #define HAVE_LIBC_H 1
| /* end confdefs.h.  */
| #include <stdio.h>
| #if HAVE_SYS_TYPES_H
| # include <sys/types.h>
| #endif
| #if HAVE_SYS_STAT_H
| # include <sys/stat.h>
| #endif
| #if STDC_HEADERS
| # include <stdlib.h>
| # include <stddef.h>
| #else
| # if HAVE_STDLIB_H
| #  include <stdlib.h>
| # endif
| #endif
| #if HAVE_STRING_H
| # if !STDC_HEADERS && HAVE_MEMORY_H
| #  include <memory.h>
| # endif
| # include <string.h>
| #endif
| #if HAVE_STRINGS_H
| # include <strings.h>
| #endif
| #if HAVE_INTTYPES_H
| # include <inttypes.h>
| #endif
| #if HAVE_STDINT_H
| # include <stdint.h>
| #endif
| #if HAVE_UNISTD_H
| # include <unistd.h>
| #endif
| #include </usr/lib/oss/include/sys/soundcard.h>
configure:4359: result: no
configure:4363: checking /usr/lib/oss/include/sys/soundcard.h presence
configure:4378: gcc -E  conftest.c
conftest.c:29:48: error: /usr/lib/oss/include/sys/soundcard.h: No such file or directory
configure:4384: $? = 1
configure: failed program was:
| /* confdefs.h.  */
| #define PACKAGE_NAME "CLM"
| #define PACKAGE_TARNAME "clm"
| #define PACKAGE_VERSION "3"
| #define PACKAGE_STRING "CLM 3"
| #define PACKAGE_BUGREPORT "bil@ccrma.stanford.edu"
| #define STDC_HEADERS 1
| #define Float double
| #define SNDLIB_USE_FLOATS 1
| #define HAVE_LIBM 1
| #define HAVE_LIBC 1
| #define HAVE_LIBDL 1
| #define HAVE_SYS_TYPES_H 1
| #define HAVE_SYS_STAT_H 1
| #define HAVE_STDLIB_H 1
| #define HAVE_STRING_H 1
| #define HAVE_MEMORY_H 1
| #define HAVE_STRINGS_H 1
| #define HAVE_INTTYPES_H 1
| #define HAVE_STDINT_H 1
| #define HAVE_UNISTD_H 1
| #define HAVE_FCNTL_H 1
| #define HAVE_LIMITS_H 1
| #define HAVE_UNISTD_H 1
| #define HAVE_STRING_H 1
| #define HAVE_STDBOOL_H 1
| #define HAVE_LIBC_H 1
| /* end confdefs.h.  */
| #include </usr/lib/oss/include/sys/soundcard.h>
configure:4405: result: no
configure:4438: checking for /usr/lib/oss/include/sys/soundcard.h
configure:4445: result: no
configure:4467: checking /opt/oss/include/sys/soundcard.h usability
configure:4484: gcc -c -march=i686  conftest.c >&5
conftest.c:62:44: error: /opt/oss/include/sys/soundcard.h: No such file or directory
configure:4490: $? = 1
configure: failed program was:
| /* confdefs.h.  */
| #define PACKAGE_NAME "CLM"
| #define PACKAGE_TARNAME "clm"
| #define PACKAGE_VERSION "3"
| #define PACKAGE_STRING "CLM 3"
| #define PACKAGE_BUGREPORT "bil@ccrma.stanford.edu"
| #define STDC_HEADERS 1
| #define Float double
| #define SNDLIB_USE_FLOATS 1
| #define HAVE_LIBM 1
| #define HAVE_LIBC 1
| #define HAVE_LIBDL 1
| #define HAVE_SYS_TYPES_H 1
| #define HAVE_SYS_STAT_H 1
| #define HAVE_STDLIB_H 1
| #define HAVE_STRING_H 1
| #define HAVE_MEMORY_H 1
| #define HAVE_STRINGS_H 1
| #define HAVE_INTTYPES_H 1
| #define HAVE_STDINT_H 1
| #define HAVE_UNISTD_H 1
| #define HAVE_FCNTL_H 1
| #define HAVE_LIMITS_H 1
| #define HAVE_UNISTD_H 1
| #define HAVE_STRING_H 1
| #define HAVE_STDBOOL_H 1
| #define HAVE_LIBC_H 1
| /* end confdefs.h.  */
| #include <stdio.h>
| #if HAVE_SYS_TYPES_H
| # include <sys/types.h>
| #endif
| #if HAVE_SYS_STAT_H
| # include <sys/stat.h>
| #endif
| #if STDC_HEADERS
| # include <stdlib.h>
| # include <stddef.h>
| #else
| # if HAVE_STDLIB_H
| #  include <stdlib.h>
| # endif
| #endif
| #if HAVE_STRING_H
| # if !STDC_HEADERS && HAVE_MEMORY_H
| #  include <memory.h>
| # endif
| # include <string.h>
| #endif
| #if HAVE_STRINGS_H
| # include <strings.h>
| #endif
| #if HAVE_INTTYPES_H
| # include <inttypes.h>
| #endif
| #if HAVE_STDINT_H
| # include <stdint.h>
| #endif
| #if HAVE_UNISTD_H
| # include <unistd.h>
| #endif
| #include </opt/oss/include/sys/soundcard.h>
configure:4521: result: no
configure:4525: checking /opt/oss/include/sys/soundcard.h presence
configure:4540: gcc -E  conftest.c
conftest.c:29:44: error: /opt/oss/include/sys/soundcard.h: No such file or directory
configure:4546: $? = 1
configure: failed program was:
| /* confdefs.h.  */
| #define PACKAGE_NAME "CLM"
| #define PACKAGE_TARNAME "clm"
| #define PACKAGE_VERSION "3"
| #define PACKAGE_STRING "CLM 3"
| #define PACKAGE_BUGREPORT "bil@ccrma.stanford.edu"
| #define STDC_HEADERS 1
| #define Float double
| #define SNDLIB_USE_FLOATS 1
| #define HAVE_LIBM 1
| #define HAVE_LIBC 1
| #define HAVE_LIBDL 1
| #define HAVE_SYS_TYPES_H 1
| #define HAVE_SYS_STAT_H 1
| #define HAVE_STDLIB_H 1
| #define HAVE_STRING_H 1
| #define HAVE_MEMORY_H 1
| #define HAVE_STRINGS_H 1
| #define HAVE_INTTYPES_H 1
| #define HAVE_STDINT_H 1
| #define HAVE_UNISTD_H 1
| #define HAVE_FCNTL_H 1
| #define HAVE_LIMITS_H 1
| #define HAVE_UNISTD_H 1
| #define HAVE_STRING_H 1
| #define HAVE_STDBOOL_H 1
| #define HAVE_LIBC_H 1
| /* end confdefs.h.  */
| #include </opt/oss/include/sys/soundcard.h>
configure:4567: result: no
configure:4600: checking for /opt/oss/include/sys/soundcard.h
configure:4607: result: no
configure:4629: checking /var/lib/oss/include/sys/soundcard.h usability
configure:4646: gcc -c -march=i686  conftest.c >&5
conftest.c:62:48: error: /var/lib/oss/include/sys/soundcard.h: No such file or directory
configure:4652: $? = 1
configure: failed program was:
| /* confdefs.h.  */
| #define PACKAGE_NAME "CLM"
| #define PACKAGE_TARNAME "clm"
| #define PACKAGE_VERSION "3"
| #define PACKAGE_STRING "CLM 3"
| #define PACKAGE_BUGREPORT "bil@ccrma.stanford.edu"
| #define STDC_HEADERS 1
| #define Float double
| #define SNDLIB_USE_FLOATS 1
| #define HAVE_LIBM 1
| #define HAVE_LIBC 1
| #define HAVE_LIBDL 1
| #define HAVE_SYS_TYPES_H 1
| #define HAVE_SYS_STAT_H 1
| #define HAVE_STDLIB_H 1
| #define HAVE_STRING_H 1
| #define HAVE_MEMORY_H 1
| #define HAVE_STRINGS_H 1
| #define HAVE_INTTYPES_H 1
| #define HAVE_STDINT_H 1
| #define HAVE_UNISTD_H 1
| #define HAVE_FCNTL_H 1
| #define HAVE_LIMITS_H 1
| #define HAVE_UNISTD_H 1
| #define HAVE_STRING_H 1
| #define HAVE_STDBOOL_H 1
| #define HAVE_LIBC_H 1
| /* end confdefs.h.  */
| #include <stdio.h>
| #if HAVE_SYS_TYPES_H
| # include <sys/types.h>
| #endif
| #if HAVE_SYS_STAT_H
| # include <sys/stat.h>
| #endif
| #if STDC_HEADERS
| # include <stdlib.h>
| # include <stddef.h>
| #else
| # if HAVE_STDLIB_H
| #  include <stdlib.h>
| # endif
| #endif
| #if HAVE_STRING_H
| # if !STDC_HEADERS && HAVE_MEMORY_H
| #  include <memory.h>
| # endif
| # include <string.h>
| #endif
| #if HAVE_STRINGS_H
| # include <strings.h>
| #endif
| #if HAVE_INTTYPES_H
| # include <inttypes.h>
| #endif
| #if HAVE_STDINT_H
| # include <stdint.h>
| #endif
| #if HAVE_UNISTD_H
| # include <unistd.h>
| #endif
| #include </var/lib/oss/include/sys/soundcard.h>
configure:4683: result: no
configure:4687: checking /var/lib/oss/include/sys/soundcard.h presence
configure:4702: gcc -E  conftest.c
conftest.c:29:48: error: /var/lib/oss/include/sys/soundcard.h: No such file or directory
configure:4708: $? = 1
configure: failed program was:
| /* confdefs.h.  */
| #define PACKAGE_NAME "CLM"
| #define PACKAGE_TARNAME "clm"
| #define PACKAGE_VERSION "3"
| #define PACKAGE_STRING "CLM 3"
| #define PACKAGE_BUGREPORT "bil@ccrma.stanford.edu"
| #define STDC_HEADERS 1
| #define Float double
| #define SNDLIB_USE_FLOATS 1
| #define HAVE_LIBM 1
| #define HAVE_LIBC 1
| #define HAVE_LIBDL 1
| #define HAVE_SYS_TYPES_H 1
| #define HAVE_SYS_STAT_H 1
| #define HAVE_STDLIB_H 1
| #define HAVE_STRING_H 1
| #define HAVE_MEMORY_H 1
| #define HAVE_STRINGS_H 1
| #define HAVE_INTTYPES_H 1
| #define HAVE_STDINT_H 1
| #define HAVE_UNISTD_H 1
| #define HAVE_FCNTL_H 1
| #define HAVE_LIMITS_H 1
| #define HAVE_UNISTD_H 1
| #define HAVE_STRING_H 1
| #define HAVE_STDBOOL_H 1
| #define HAVE_LIBC_H 1
| /* end confdefs.h.  */
| #include </var/lib/oss/include/sys/soundcard.h>
configure:4729: result: no
configure:4762: checking for /var/lib/oss/include/sys/soundcard.h
configure:4769: result: no
configure:4791: checking sys/sam9407.h usability
configure:4808: gcc -c -march=i686  conftest.c >&5
conftest.c:62:25: error: sys/sam9407.h: No such file or directory
configure:4814: $? = 1
configure: failed program was:
| /* confdefs.h.  */
| #define PACKAGE_NAME "CLM"
| #define PACKAGE_TARNAME "clm"
| #define PACKAGE_VERSION "3"
| #define PACKAGE_STRING "CLM 3"
| #define PACKAGE_BUGREPORT "bil@ccrma.stanford.edu"
| #define STDC_HEADERS 1
| #define Float double
| #define SNDLIB_USE_FLOATS 1
| #define HAVE_LIBM 1
| #define HAVE_LIBC 1
| #define HAVE_LIBDL 1
| #define HAVE_SYS_TYPES_H 1
| #define HAVE_SYS_STAT_H 1
| #define HAVE_STDLIB_H 1
| #define HAVE_STRING_H 1
| #define HAVE_MEMORY_H 1
| #define HAVE_STRINGS_H 1
| #define HAVE_INTTYPES_H 1
| #define HAVE_STDINT_H 1
| #define HAVE_UNISTD_H 1
| #define HAVE_FCNTL_H 1
| #define HAVE_LIMITS_H 1
| #define HAVE_UNISTD_H 1
| #define HAVE_STRING_H 1
| #define HAVE_STDBOOL_H 1
| #define HAVE_LIBC_H 1
| /* end confdefs.h.  */
| #include <stdio.h>
| #if HAVE_SYS_TYPES_H
| # include <sys/types.h>
| #endif
| #if HAVE_SYS_STAT_H
| # include <sys/stat.h>
| #endif
| #if STDC_HEADERS
| # include <stdlib.h>
| # include <stddef.h>
| #else
| # if HAVE_STDLIB_H
| #  include <stdlib.h>
| # endif
| #endif
| #if HAVE_STRING_H
| # if !STDC_HEADERS && HAVE_MEMORY_H
| #  include <memory.h>
| # endif
| # include <string.h>
| #endif
| #if HAVE_STRINGS_H
| # include <strings.h>
| #endif
| #if HAVE_INTTYPES_H
| # include <inttypes.h>
| #endif
| #if HAVE_STDINT_H
| # include <stdint.h>
| #endif
| #if HAVE_UNISTD_H
| # include <unistd.h>
| #endif
| #include <sys/sam9407.h>
configure:4845: result: no
configure:4849: checking sys/sam9407.h presence
configure:4864: gcc -E  conftest.c
conftest.c:29:25: error: sys/sam9407.h: No such file or directory
configure:4870: $? = 1
configure: failed program was:
| /* confdefs.h.  */
| #define PACKAGE_NAME "CLM"
| #define PACKAGE_TARNAME "clm"
| #define PACKAGE_VERSION "3"
| #define PACKAGE_STRING "CLM 3"
| #define PACKAGE_BUGREPORT "bil@ccrma.stanford.edu"
| #define STDC_HEADERS 1
| #define Float double
| #define SNDLIB_USE_FLOATS 1
| #define HAVE_LIBM 1
| #define HAVE_LIBC 1
| #define HAVE_LIBDL 1
| #define HAVE_SYS_TYPES_H 1
| #define HAVE_SYS_STAT_H 1
| #define HAVE_STDLIB_H 1
| #define HAVE_STRING_H 1
| #define HAVE_MEMORY_H 1
| #define HAVE_STRINGS_H 1
| #define HAVE_INTTYPES_H 1
| #define HAVE_STDINT_H 1
| #define HAVE_UNISTD_H 1
| #define HAVE_FCNTL_H 1
| #define HAVE_LIMITS_H 1
| #define HAVE_UNISTD_H 1
| #define HAVE_STRING_H 1
| #define HAVE_STDBOOL_H 1
| #define HAVE_LIBC_H 1
| /* end confdefs.h.  */
| #include <sys/sam9407.h>
configure:4891: result: no
configure:4924: checking for sys/sam9407.h
configure:4931: result: no
configure:4953: checking alsa/asoundlib.h usability
configure:4970: gcc -c -march=i686  conftest.c >&5
conftest.c:62:28: error: alsa/asoundlib.h: No such file or directory
configure:4976: $? = 1
configure: failed program was:
| /* confdefs.h.  */
| #define PACKAGE_NAME "CLM"
| #define PACKAGE_TARNAME "clm"
| #define PACKAGE_VERSION "3"
| #define PACKAGE_STRING "CLM 3"
| #define PACKAGE_BUGREPORT "bil@ccrma.stanford.edu"
| #define STDC_HEADERS 1
| #define Float double
| #define SNDLIB_USE_FLOATS 1
| #define HAVE_LIBM 1
| #define HAVE_LIBC 1
| #define HAVE_LIBDL 1
| #define HAVE_SYS_TYPES_H 1
| #define HAVE_SYS_STAT_H 1
| #define HAVE_STDLIB_H 1
| #define HAVE_STRING_H 1
| #define HAVE_MEMORY_H 1
| #define HAVE_STRINGS_H 1
| #define HAVE_INTTYPES_H 1
| #define HAVE_STDINT_H 1
| #define HAVE_UNISTD_H 1
| #define HAVE_FCNTL_H 1
| #define HAVE_LIMITS_H 1
| #define HAVE_UNISTD_H 1
| #define HAVE_STRING_H 1
| #define HAVE_STDBOOL_H 1
| #define HAVE_LIBC_H 1
| /* end confdefs.h.  */
| #include <stdio.h>
| #if HAVE_SYS_TYPES_H
| # include <sys/types.h>
| #endif
| #if HAVE_SYS_STAT_H
| # include <sys/stat.h>
| #endif
| #if STDC_HEADERS
| # include <stdlib.h>
| # include <stddef.h>
| #else
| # if HAVE_STDLIB_H
| #  include <stdlib.h>
| # endif
| #endif
| #if HAVE_STRING_H
| # if !STDC_HEADERS && HAVE_MEMORY_H
| #  include <memory.h>
| # endif
| # include <string.h>
| #endif
| #if HAVE_STRINGS_H
| # include <strings.h>
| #endif
| #if HAVE_INTTYPES_H
| # include <inttypes.h>
| #endif
| #if HAVE_STDINT_H
| # include <stdint.h>
| #endif
| #if HAVE_UNISTD_H
| # include <unistd.h>
| #endif
| #include <alsa/asoundlib.h>
configure:5007: result: no
configure:5011: checking alsa/asoundlib.h presence
configure:5026: gcc -E  conftest.c
conftest.c:29:28: error: alsa/asoundlib.h: No such file or directory
configure:5032: $? = 1
configure: failed program was:
| /* confdefs.h.  */
| #define PACKAGE_NAME "CLM"
| #define PACKAGE_TARNAME "clm"
| #define PACKAGE_VERSION "3"
| #define PACKAGE_STRING "CLM 3"
| #define PACKAGE_BUGREPORT "bil@ccrma.stanford.edu"
| #define STDC_HEADERS 1
| #define Float double
| #define SNDLIB_USE_FLOATS 1
| #define HAVE_LIBM 1
| #define HAVE_LIBC 1
| #define HAVE_LIBDL 1
| #define HAVE_SYS_TYPES_H 1
| #define HAVE_SYS_STAT_H 1
| #define HAVE_STDLIB_H 1
| #define HAVE_STRING_H 1
| #define HAVE_MEMORY_H 1
| #define HAVE_STRINGS_H 1
| #define HAVE_INTTYPES_H 1
| #define HAVE_STDINT_H 1
| #define HAVE_UNISTD_H 1
| #define HAVE_FCNTL_H 1
| #define HAVE_LIMITS_H 1
| #define HAVE_UNISTD_H 1
| #define HAVE_STRING_H 1
| #define HAVE_STDBOOL_H 1
| #define HAVE_LIBC_H 1
| /* end confdefs.h.  */
| #include <alsa/asoundlib.h>
configure:5053: result: no
configure:5086: checking for alsa/asoundlib.h
configure:5093: result: no
configure:5106: checking for mode_t
configure:5136: gcc -c -march=i686  conftest.c >&5
configure:5142: $? = 0
configure:5149: test -z "$ac_c_werror_flag" || test ! -s conftest.err
configure:5152: $? = 0
configure:5159: test -s conftest.o
configure:5162: $? = 0
configure:5174: result: yes
configure:5186: checking for size_t
configure:5216: gcc -c -march=i686  conftest.c >&5
configure:5222: $? = 0
configure:5229: test -z "$ac_c_werror_flag" || test ! -s conftest.err
configure:5232: $? = 0
configure:5239: test -s conftest.o
configure:5242: $? = 0
configure:5254: result: yes
configure:5266: checking for pid_t
configure:5296: gcc -c -march=i686  conftest.c >&5
configure:5302: $? = 0
configure:5309: test -z "$ac_c_werror_flag" || test ! -s conftest.err
configure:5312: $? = 0
configure:5319: test -s conftest.o
configure:5322: $? = 0
configure:5334: result: yes
configure:5347: checking whether byte ordering is bigendian
configure:5379: gcc -c -march=i686  conftest.c >&5
configure:5385: $? = 0
configure:5392: test -z "$ac_c_werror_flag" || test ! -s conftest.err
configure:5395: $? = 0
configure:5402: test -s conftest.o
configure:5405: $? = 0
configure:5434: gcc -c -march=i686  conftest.c >&5
conftest.c: In function 'main':
conftest.c:36: error: 'not' undeclared (first use in this function)
conftest.c:36: error: (Each undeclared identifier is reported only once
conftest.c:36: error: for each function it appears in.)
conftest.c:36: error: parse error before 'big'
configure:5440: $? = 1
configure: failed program was:
| /* confdefs.h.  */
| #define PACKAGE_NAME "CLM"
| #define PACKAGE_TARNAME "clm"
| #define PACKAGE_VERSION "3"
| #define PACKAGE_STRING "CLM 3"
| #define PACKAGE_BUGREPORT "bil@ccrma.stanford.edu"
| #define STDC_HEADERS 1
| #define Float double
| #define SNDLIB_USE_FLOATS 1
| #define HAVE_LIBM 1
| #define HAVE_LIBC 1
| #define HAVE_LIBDL 1
| #define HAVE_SYS_TYPES_H 1
| #define HAVE_SYS_STAT_H 1
| #define HAVE_STDLIB_H 1
| #define HAVE_STRING_H 1
| #define HAVE_MEMORY_H 1
| #define HAVE_STRINGS_H 1
| #define HAVE_INTTYPES_H 1
| #define HAVE_STDINT_H 1
| #define HAVE_UNISTD_H 1
| #define HAVE_FCNTL_H 1
| #define HAVE_LIMITS_H 1
| #define HAVE_UNISTD_H 1
| #define HAVE_STRING_H 1
| #define HAVE_STDBOOL_H 1
| #define HAVE_LIBC_H 1
| /* end confdefs.h.  */
| #include <sys/types.h>
| #include <sys/param.h>
| 
| int
| main ()
| {
| #if BYTE_ORDER != BIG_ENDIAN
|  not big endian
| #endif
| 
|   ;
|   return 0;
| }
configure:5614: result: no
configure:5706: checking for off_t
configure:5736: gcc -c -march=i686  conftest.c >&5
configure:5742: $? = 0
configure:5749: test -z "$ac_c_werror_flag" || test ! -s conftest.err
configure:5752: $? = 0
configure:5759: test -s conftest.o
configure:5762: $? = 0
configure:5774: result: yes
configure:5793: checking for special C compiler options needed for large files
configure:5920: result: no
configure:5926: checking for _FILE_OFFSET_BITS value needed for large files
configure:5962: gcc -c -march=i686  conftest.c >&5
configure:5968: $? = 0
configure:5975: test -z "$ac_c_werror_flag" || test ! -s conftest.err
configure:5978: $? = 0
configure:5985: test -s conftest.o
configure:5988: $? = 0
configure:6069: result: no
configure:6079: checking for _LARGE_FILES value needed for large files
configure:6115: gcc -c -march=i686  conftest.c >&5
configure:6121: $? = 0
configure:6128: test -z "$ac_c_werror_flag" || test ! -s conftest.err
configure:6131: $? = 0
configure:6138: test -s conftest.o
configure:6141: $? = 0
configure:6222: result: no
configure:6234: checking for off_t
configure:6302: result: yes
configure:6305: checking size of off_t
configure:6693: gcc -o conftest -march=i686   conftest.c  >&5
configure:6696: $? = 0
configure:6702: ./conftest
configure:6705: $? = 0
configure:6727: result: 8
configure:6735: checking whether isnan is declared
configure:6766: gcc -c -march=i686  conftest.c >&5
configure:6772: $? = 0
configure:6779: test -z "$ac_c_werror_flag" || test ! -s conftest.err
configure:6782: $? = 0
configure:6789: test -s conftest.o
configure:6792: $? = 0
configure:6804: result: yes
configure:6822: checking whether isinf is declared
configure:6853: gcc -c -march=i686  conftest.c >&5
configure:6859: $? = 0
configure:6866: test -z "$ac_c_werror_flag" || test ! -s conftest.err
configure:6869: $? = 0
configure:6876: test -s conftest.o
configure:6879: $? = 0
configure:6891: result: yes
configure:6910: checking return type of signal handlers
configure:6938: gcc -c -march=i686  conftest.c >&5
conftest.c: In function 'main':
conftest.c:41: error: void value not ignored as it ought to be
configure:6944: $? = 1
configure: failed program was:
| /* confdefs.h.  */
| #define PACKAGE_NAME "CLM"
| #define PACKAGE_TARNAME "clm"
| #define PACKAGE_VERSION "3"
| #define PACKAGE_STRING "CLM 3"
| #define PACKAGE_BUGREPORT "bil@ccrma.stanford.edu"
| #define STDC_HEADERS 1
| #define Float double
| #define SNDLIB_USE_FLOATS 1
| #define HAVE_LIBM 1
| #define HAVE_LIBC 1
| #define HAVE_LIBDL 1
| #define HAVE_SYS_TYPES_H 1
| #define HAVE_SYS_STAT_H 1
| #define HAVE_STDLIB_H 1
| #define HAVE_STRING_H 1
| #define HAVE_MEMORY_H 1
| #define HAVE_STRINGS_H 1
| #define HAVE_INTTYPES_H 1
| #define HAVE_STDINT_H 1
| #define HAVE_UNISTD_H 1
| #define HAVE_FCNTL_H 1
| #define HAVE_LIMITS_H 1
| #define HAVE_UNISTD_H 1
| #define HAVE_STRING_H 1
| #define HAVE_STDBOOL_H 1
| #define HAVE_LIBC_H 1
| #define MUS_LITTLE_ENDIAN 1
| #define MUS_AUDIO_COMPATIBLE_FORMAT MUS_LFLOAT
| #define MUS_OUT_FORMAT MUS_LDOUBLE
| #define SIZEOF_OFF_T 8
| #define HAVE_DECL_ISNAN 1
| #define HAVE_DECL_ISINF 1
| /* end confdefs.h.  */
| #include <sys/types.h>
| #include <signal.h>
| 
| int
| main ()
| {
| return *(signal (0, 0)) (0) == 1;
|   ;
|   return 0;
| }
configure:6976: result: void
configure:6996: checking for getcwd
configure:7052: gcc -o conftest -march=i686   conftest.c  >&5
configure:7058: $? = 0
configure:7065: test -z "$ac_c_werror_flag" || test ! -s conftest.err
configure:7068: $? = 0
configure:7075: test -s conftest
configure:7078: $? = 0
configure:7092: result: yes
configure:6996: checking for strerror
configure:7052: gcc -o conftest -march=i686   conftest.c  >&5
configure:7058: $? = 0
configure:7065: test -z "$ac_c_werror_flag" || test ! -s conftest.err
configure:7068: $? = 0
configure:7075: test -s conftest
configure:7078: $? = 0
configure:7092: result: yes
configure:6996: checking for access
configure:7052: gcc -o conftest -march=i686   conftest.c  >&5
configure:7058: $? = 0
configure:7065: test -z "$ac_c_werror_flag" || test ! -s conftest.err
configure:7068: $? = 0
configure:7075: test -s conftest
configure:7078: $? = 0
configure:7092: result: yes
configure:6996: checking for vsnprintf
configure:7052: gcc -o conftest -march=i686   conftest.c  >&5
conftest.c:62: warning: conflicting types for built-in function 'vsnprintf'
configure:7058: $? = 0
configure:7065: test -z "$ac_c_werror_flag" || test ! -s conftest.err
configure:7068: $? = 0
configure:7075: test -s conftest
configure:7078: $? = 0
configure:7092: result: yes
configure:6996: checking for snprintf
configure:7052: gcc -o conftest -march=i686   conftest.c  >&5
conftest.c:63: warning: conflicting types for built-in function 'snprintf'
configure:7058: $? = 0
configure:7065: test -z "$ac_c_werror_flag" || test ! -s conftest.err
configure:7068: $? = 0
configure:7075: test -s conftest
configure:7078: $? = 0
configure:7092: result: yes
configure:6996: checking for memmove
configure:7052: gcc -o conftest -march=i686   conftest.c  >&5
conftest.c:64: warning: conflicting types for built-in function 'memmove'
configure:7058: $? = 0
configure:7065: test -z "$ac_c_werror_flag" || test ! -s conftest.err
configure:7068: $? = 0
configure:7075: test -s conftest
configure:7078: $? = 0
configure:7092: result: yes
configure:6996: checking for strdup
configure:7052: gcc -o conftest -march=i686   conftest.c  >&5
conftest.c:65: warning: conflicting types for built-in function 'strdup'
configure:7058: $? = 0
configure:7065: test -z "$ac_c_werror_flag" || test ! -s conftest.err
configure:7068: $? = 0
configure:7075: test -s conftest
configure:7078: $? = 0
configure:7092: result: yes
configure:6996: checking for fileno
configure:7052: gcc -o conftest -march=i686   conftest.c  >&5
configure:7058: $? = 0
configure:7065: test -z "$ac_c_werror_flag" || test ! -s conftest.err
configure:7068: $? = 0
configure:7075: test -s conftest
configure:7078: $? = 0
configure:7092: result: yes
configure:6996: checking for strftime
configure:7052: gcc -o conftest -march=i686   conftest.c  >&5
conftest.c:67: warning: conflicting types for built-in function 'strftime'
configure:7058: $? = 0
configure:7065: test -z "$ac_c_werror_flag" || test ! -s conftest.err
configure:7068: $? = 0
configure:7075: test -s conftest
configure:7078: $? = 0
configure:7092: result: yes
configure:8280: checking for kAudioDevicePropertyDeviceManufacturer
configure:8308: gcc -c -march=i686  conftest.c >&5
In file included from /System/Library/Frameworks/CoreServices.framework/Frameworks/CarbonCore.framework/Headers/MachineExceptions.h:29,
                 from /System/Library/Frameworks/CoreServices.framework/Frameworks/CarbonCore.framework/Headers/DriverServices.h:32,
                 from /System/Library/Frameworks/CoreServices.framework/Frameworks/CarbonCore.framework/Headers/CarbonCore.h:125,
                 from /System/Library/Frameworks/CoreServices.framework/Headers/CoreServices.h:21,
                 from conftest.c:47:
/usr/lib/gcc/i686-apple-darwin8/4.0.1/include/xmmintrin.h:35:3: error: #error "SSE instruction set not enabled"
In file included from /System/Library/Frameworks/CoreServices.framework/Frameworks/CarbonCore.framework/Headers/DriverServices.h:32,
                 from /System/Library/Frameworks/CoreServices.framework/Frameworks/CarbonCore.framework/Headers/CarbonCore.h:125,
                 from /System/Library/Frameworks/CoreServices.framework/Headers/CoreServices.h:21,
                 from conftest.c:47:
/System/Library/Frameworks/CoreServices.framework/Frameworks/CarbonCore.framework/Headers/MachineExceptions.h:254: error: parse error before '__m128'
/System/Library/Frameworks/CoreServices.framework/Frameworks/CarbonCore.framework/Headers/MachineExceptions.h:256: error: parse error before 'sd'
/System/Library/Frameworks/CoreServices.framework/Frameworks/CarbonCore.framework/Headers/MachineExceptions.h:258: error: parse error before '}' token
/System/Library/Frameworks/CoreServices.framework/Frameworks/CarbonCore.framework/Headers/MachineExceptions.h:261: error: array type has incomplete element type
configure:8314: $? = 1
configure: failed program was:
| /* confdefs.h.  */
| #define PACKAGE_NAME "CLM"
| #define PACKAGE_TARNAME "clm"
| #define PACKAGE_VERSION "3"
| #define PACKAGE_STRING "CLM 3"
| #define PACKAGE_BUGREPORT "bil@ccrma.stanford.edu"
| #define STDC_HEADERS 1
| #define Float double
| #define SNDLIB_USE_FLOATS 1
| #define HAVE_LIBM 1
| #define HAVE_LIBC 1
| #define HAVE_LIBDL 1
| #define HAVE_SYS_TYPES_H 1
| #define HAVE_SYS_STAT_H 1
| #define HAVE_STDLIB_H 1
| #define HAVE_STRING_H 1
| #define HAVE_MEMORY_H 1
| #define HAVE_STRINGS_H 1
| #define HAVE_INTTYPES_H 1
| #define HAVE_STDINT_H 1
| #define HAVE_UNISTD_H 1
| #define HAVE_FCNTL_H 1
| #define HAVE_LIMITS_H 1
| #define HAVE_UNISTD_H 1
| #define HAVE_STRING_H 1
| #define HAVE_STDBOOL_H 1
| #define HAVE_LIBC_H 1
| #define MUS_LITTLE_ENDIAN 1
| #define MUS_AUDIO_COMPATIBLE_FORMAT MUS_LFLOAT
| #define MUS_OUT_FORMAT MUS_LDOUBLE
| #define SIZEOF_OFF_T 8
| #define HAVE_DECL_ISNAN 1
| #define HAVE_DECL_ISINF 1
| #define RETSIGTYPE void
| #define HAVE_GETCWD 1
| #define HAVE_STRERROR 1
| #define HAVE_ACCESS 1
| #define HAVE_VSNPRINTF 1
| #define HAVE_SNPRINTF 1
| #define HAVE_MEMMOVE 1
| #define HAVE_STRDUP 1
| #define HAVE_FILENO 1
| #define HAVE_STRFTIME 1
| #define HAVE_EXTENSION_LANGUAGE 0
| #define MUS_MAC_OSX 1
| /* end confdefs.h.  */
| #include <CoreServices/CoreServices.h>
|                             #include <CoreAudio/CoreAudio.h>
| int
| main ()
| {
| AudioDeviceID deviceID;
| 			    UInt32 trans_size = 0, trans;
|       			    trans_size = sizeof(UInt32);
|      			    AudioDeviceGetProperty(deviceID, 0, true, kAudioDevicePropertyTransportType, &trans_size, &trans)
| 
|   ;
|   return 0;
| }
configure:8346: result: no
configure:8351: checking for kLinearPCMFormatFlagIsNonInterleaved
configure:8375: gcc -c -march=i686  conftest.c >&5
In file included from /System/Library/Frameworks/CoreServices.framework/Frameworks/CarbonCore.framework/Headers/MachineExceptions.h:29,
                 from /System/Library/Frameworks/CoreServices.framework/Frameworks/CarbonCore.framework/Headers/DriverServices.h:32,
                 from /System/Library/Frameworks/CoreServices.framework/Frameworks/CarbonCore.framework/Headers/CarbonCore.h:125,
                 from /System/Library/Frameworks/CoreServices.framework/Headers/CoreServices.h:21,
                 from conftest.c:47:
/usr/lib/gcc/i686-apple-darwin8/4.0.1/include/xmmintrin.h:35:3: error: #error "SSE instruction set not enabled"
In file included from /System/Library/Frameworks/CoreServices.framework/Frameworks/CarbonCore.framework/Headers/DriverServices.h:32,
                 from /System/Library/Frameworks/CoreServices.framework/Frameworks/CarbonCore.framework/Headers/CarbonCore.h:125,
                 from /System/Library/Frameworks/CoreServices.framework/Headers/CoreServices.h:21,
                 from conftest.c:47:
/System/Library/Frameworks/CoreServices.framework/Frameworks/CarbonCore.framework/Headers/MachineExceptions.h:254: error: parse error before '__m128'
/System/Library/Frameworks/CoreServices.framework/Frameworks/CarbonCore.framework/Headers/MachineExceptions.h:256: error: parse error before 'sd'
/System/Library/Frameworks/CoreServices.framework/Frameworks/CarbonCore.framework/Headers/MachineExceptions.h:258: error: parse error before '}' token
/System/Library/Frameworks/CoreServices.framework/Frameworks/CarbonCore.framework/Headers/MachineExceptions.h:261: error: array type has incomplete element type
configure:8381: $? = 1
configure: failed program was:
| /* confdefs.h.  */
| #define PACKAGE_NAME "CLM"
| #define PACKAGE_TARNAME "clm"
| #define PACKAGE_VERSION "3"
| #define PACKAGE_STRING "CLM 3"
| #define PACKAGE_BUGREPORT "bil@ccrma.stanford.edu"
| #define STDC_HEADERS 1
| #define Float double
| #define SNDLIB_USE_FLOATS 1
| #define HAVE_LIBM 1
| #define HAVE_LIBC 1
| #define HAVE_LIBDL 1
| #define HAVE_SYS_TYPES_H 1
| #define HAVE_SYS_STAT_H 1
| #define HAVE_STDLIB_H 1
| #define HAVE_STRING_H 1
| #define HAVE_MEMORY_H 1
| #define HAVE_STRINGS_H 1
| #define HAVE_INTTYPES_H 1
| #define HAVE_STDINT_H 1
| #define HAVE_UNISTD_H 1
| #define HAVE_FCNTL_H 1
| #define HAVE_LIMITS_H 1
| #define HAVE_UNISTD_H 1
| #define HAVE_STRING_H 1
| #define HAVE_STDBOOL_H 1
| #define HAVE_LIBC_H 1
| #define MUS_LITTLE_ENDIAN 1
| #define MUS_AUDIO_COMPATIBLE_FORMAT MUS_LFLOAT
| #define MUS_OUT_FORMAT MUS_LDOUBLE
| #define SIZEOF_OFF_T 8
| #define HAVE_DECL_ISNAN 1
| #define HAVE_DECL_ISINF 1
| #define RETSIGTYPE void
| #define HAVE_GETCWD 1
| #define HAVE_STRERROR 1
| #define HAVE_ACCESS 1
| #define HAVE_VSNPRINTF 1
| #define HAVE_SNPRINTF 1
| #define HAVE_MEMMOVE 1
| #define HAVE_STRDUP 1
| #define HAVE_FILENO 1
| #define HAVE_STRFTIME 1
| #define HAVE_EXTENSION_LANGUAGE 0
| #define MUS_MAC_OSX 1
| /* end confdefs.h.  */
| #include <CoreServices/CoreServices.h>
|                             #include <CoreAudio/CoreAudio.h>
| int
| main ()
| {
| int i; i = kLinearPCMFormatFlagIsNonInterleaved
|   ;
|   return 0;
| }
configure:8413: result: no
configure:8420: checking for audio system
configure:8422: result: MacOSX
configure:8540: creating ./config.status

## ---------------------- ##
## Running config.status. ##
## ---------------------- ##

This file was extended by CLM config.status 3, which was
generated by GNU Autoconf 2.60.  Invocation command line was

  CONFIG_FILES    = 
  CONFIG_HEADERS  = 
  CONFIG_LINKS    = 
  CONFIG_COMMANDS = 
  $ ./config.status --quiet

on berlioz.fs.se.uec.ac.jp

config.status:504: creating mus-config.h
config.status:504: creating sndlib.h

## ---------------- ##
## Cache variables. ##
## ---------------- ##

ac_cv_build=i386-apple-darwin8.8.1
ac_cv_c_bigendian=no
ac_cv_c_compiler_gnu=yes
ac_cv_env_CC_set=
ac_cv_env_CC_value=
ac_cv_env_CFLAGS_set=set
ac_cv_env_CFLAGS_value=-march=i686
ac_cv_env_CPPFLAGS_set=
ac_cv_env_CPPFLAGS_value=
ac_cv_env_CPP_set=
ac_cv_env_CPP_value=
ac_cv_env_LDFLAGS_set=
ac_cv_env_LDFLAGS_value=
ac_cv_env_build_alias_set=
ac_cv_env_build_alias_value=
ac_cv_env_host_alias_set=
ac_cv_env_host_alias_value=
ac_cv_env_target_alias_set=
ac_cv_env_target_alias_value=
ac_cv_func_access=yes
ac_cv_func_fileno=yes
ac_cv_func_getcwd=yes
ac_cv_func_memmove=yes
ac_cv_func_snprintf=yes
ac_cv_func_strdup=yes
ac_cv_func_strerror=yes
ac_cv_func_strftime=yes
ac_cv_func_vsnprintf=yes
ac_cv_have_decl_isinf=yes
ac_cv_have_decl_isnan=yes
ac_cv_header__opt_oss_include_sys_soundcard_h=no
ac_cv_header__usr_lib_oss_include_sys_soundcard_h=no
ac_cv_header__usr_local_lib_oss_include_sys_soundcard_h=no
ac_cv_header__var_lib_oss_include_sys_soundcard_h=no
ac_cv_header_alsa_asoundlib_h=no
ac_cv_header_byteswap_h=no
ac_cv_header_fcntl_h=yes
ac_cv_header_inttypes_h=yes
ac_cv_header_libc_h=yes
ac_cv_header_limits_h=yes
ac_cv_header_machine_soundcard_h=no
ac_cv_header_memory_h=yes
ac_cv_header_stdbool_h=yes
ac_cv_header_stdc=yes
ac_cv_header_stdint_h=yes
ac_cv_header_stdlib_h=yes
ac_cv_header_string_h=yes
ac_cv_header_strings_h=yes
ac_cv_header_sys_mixer_h=no
ac_cv_header_sys_sam9407_h=no
ac_cv_header_sys_soundcard_h=no
ac_cv_header_sys_stat_h=yes
ac_cv_header_sys_types_h=yes
ac_cv_header_unistd_h=yes
ac_cv_host=i386-apple-darwin8.8.1
ac_cv_lib_c_main=yes
ac_cv_lib_dl_main=yes
ac_cv_lib_m_main=yes
ac_cv_objext=o
ac_cv_path_EGREP='/usr/bin/grep -E'
ac_cv_path_GREP=/usr/bin/grep
ac_cv_path_install='/usr/bin/install -c'
ac_cv_prog_CPP='gcc -E'
ac_cv_prog_ac_ct_CC=gcc
ac_cv_prog_cc_c89=
ac_cv_prog_cc_g=yes
ac_cv_sizeof_off_t=8
ac_cv_sys_file_offset_bits=no
ac_cv_sys_large_files=no
ac_cv_sys_largefile_CC=no
ac_cv_type_mode_t=yes
ac_cv_type_off_t=yes
ac_cv_type_pid_t=yes
ac_cv_type_signal=void
ac_cv_type_size_t=yes

## ----------------- ##
## Output variables. ##
## ----------------- ##

AUDIO_LIB='-framework CoreAudio -framework CoreFoundation -framework CoreMIDI'
A_LD='ld'
A_LD_FLAGS=''
CC='gcc'
CFLAGS='-I. -march=i686'
CPP='gcc -E'
CPPFLAGS=''
DEFS='-DHAVE_CONFIG_H'
ECHO_C=''
ECHO_N='-n'
ECHO_T=''
EGREP='/usr/bin/grep -E'
EXEEXT=''
GREP='/usr/bin/grep'
INSTALL_DATA='${INSTALL} -m 644'
INSTALL_PROGRAM='${INSTALL}'
INSTALL_SCRIPT='${INSTALL}'
LDFLAGS=''
LDSO_FLAGS=''
LD_FLAGS='-r'
LIBOBJS=''
LIBS=''
LTLIBOBJS=''
OBJEXT='o'
PACKAGE_BUGREPORT='bil@ccrma.stanford.edu'
PACKAGE_NAME='CLM'
PACKAGE_STRING='CLM 3'
PACKAGE_TARNAME='clm'
PACKAGE_VERSION='3'
PATH_SEPARATOR=':'
SHELL='/bin/sh'
SNDLIB_BITS='0'
SNDLIB_LANGUAGE='None'
SNDLIB_MODULES=''
SNDLIB_VERSION=''
SO_FLAGS=''
SO_INSTALL=':'
SO_LD=':'
ac_ct_CC='gcc'
bindir='${exec_prefix}/bin'
build='i386-apple-darwin8.8.1'
build_alias=''
build_cpu='i386'
build_os='darwin8.8.1'
build_vendor='apple'
datadir='${datarootdir}'
datarootdir='${prefix}/share'
docdir='${datarootdir}/doc/${PACKAGE_TARNAME}'
dvidir='${docdir}'
exec_prefix='${prefix}'
host='i386-apple-darwin8.8.1'
host_alias=''
host_cpu='i386'
host_os='darwin8.8.1'
host_vendor='apple'
htmldir='${docdir}'
includedir='${prefix}/include'
infodir='${datarootdir}/info'
libdir='${exec_prefix}/lib'
libexecdir='${exec_prefix}/libexec'
localedir='${datarootdir}/locale'
localstatedir='${prefix}/var'
mandir='${datarootdir}/man'
oldincludedir='/usr/include'
pdfdir='${docdir}'
prefix='/usr/local'
program_transform_name='s,x,x,'
psdir='${docdir}'
sbindir='${exec_prefix}/sbin'
sharedstatedir='${prefix}/com'
sysconfdir='${prefix}/etc'
target_alias=''

## ----------- ##
## confdefs.h. ##
## ----------- ##

#define PACKAGE_NAME "CLM"
#define PACKAGE_TARNAME "clm"
#define PACKAGE_VERSION "3"
#define PACKAGE_STRING "CLM 3"
#define PACKAGE_BUGREPORT "bil@ccrma.stanford.edu"
#define STDC_HEADERS 1
#define Float double
#define SNDLIB_USE_FLOATS 1
#define HAVE_LIBM 1
#define HAVE_LIBC 1
#define HAVE_LIBDL 1
#define HAVE_SYS_TYPES_H 1
#define HAVE_SYS_STAT_H 1
#define HAVE_STDLIB_H 1
#define HAVE_STRING_H 1
#define HAVE_MEMORY_H 1
#define HAVE_STRINGS_H 1
#define HAVE_INTTYPES_H 1
#define HAVE_STDINT_H 1
#define HAVE_UNISTD_H 1
#define HAVE_FCNTL_H 1
#define HAVE_LIMITS_H 1
#define HAVE_UNISTD_H 1
#define HAVE_STRING_H 1
#define HAVE_STDBOOL_H 1
#define HAVE_LIBC_H 1
#define MUS_LITTLE_ENDIAN 1
#define MUS_AUDIO_COMPATIBLE_FORMAT MUS_LFLOAT
#define MUS_OUT_FORMAT MUS_LDOUBLE
#define SIZEOF_OFF_T 8
#define HAVE_DECL_ISNAN 1
#define HAVE_DECL_ISINF 1
#define RETSIGTYPE void
#define HAVE_GETCWD 1
#define HAVE_STRERROR 1
#define HAVE_ACCESS 1
#define HAVE_VSNPRINTF 1
#define HAVE_SNPRINTF 1
#define HAVE_MEMMOVE 1
#define HAVE_STRDUP 1
#define HAVE_FILENO 1
#define HAVE_STRFTIME 1
#define HAVE_EXTENSION_LANGUAGE 0
#define MUS_MAC_OSX 1

configure: exit 0
