This is SBCL 1.0.1.34, an implementation of ANSI Common Lisp.
More information about SBCL is available at <http://www.sbcl.org/>.

SBCL is free software, provided as is, with absolutely no warranty.
It is mostly in the public domain; some portions are provided under
BSD-style licenses.  See the CREDITS and COPYING files in the
distribution for more information.

 ACL2 Version 3.1 built January 26, 2007  15:12:42.
 Copyright (C) 2006  University of Texas at Austin
 ACL2 comes with ABSOLUTELY NO WARRANTY.  This is free software and you
 are welcome to redistribute it under certain conditions.  For details,
 see the GNU General Public License.

 Initialized with (INITIALIZE-ACL2 'INCLUDE-BOOK *ACL2-PASS-2-FILES*).
 See the documentation topic note-3-1 for recent changes.
 Note: We have modified the prompt in some underlying Lisps to further
 distinguish it from the ACL2 prompt.

 NOTE!!  Proof trees are disabled in ACL2.  To enable them in emacs,
 look under the ACL2 source directory in interface/emacs/README.doc; 
 and, to turn on proof trees, execute :START-PROOF-TREE in the ACL2 
 command loop.   Look in the ACL2 documentation under PROOF-TREE.

ACL2 Version 3.1.  Level 1.  Cbd 
"/Users/huangjianshi/src/acl2-sources/books/proofstyles/c2i/".
Type :help for help.
Type (good-bye) to quit completely out of ACL2.

ACL2 !>
Exiting the ACL2 read-eval-print loop.  To re-enter, execute (LP).
* 
#<PACKAGE "ACL2">
* 
ACL2 Version 3.1.  Level 1.  Cbd 
"/Users/huangjianshi/src/acl2-sources/books/proofstyles/c2i/".
Type :help for help.
Type (good-bye) to quit completely out of ACL2.

ACL2 !> (PROVE PROOF-TREE
        WARNING OBSERVATION EVENT EXPANSION)
ACL2 !>:ONCE

Summary
Form:  ( IN-THEORY (DISABLE ...))
Rules: NIL
Warnings:  None
Time:  0.00 seconds (prove: 0.00, print: 0.00, other: 0.00)
1789

Summary
Form:  ( IN-THEORY (DISABLE ...))
Rules: NIL
Warnings:  None
Time:  0.00 seconds (prove: 0.00, print: 0.00, other: 0.00)
1788

Summary
Form:  ( DEFUN PARTIAL-NEXT ...)
Rules: NIL
Warnings:  None
Time:  0.01 seconds (prove: 0.00, print: 0.00, other: 0.01)
PARTIAL-NEXT

Summary
Form:  ( DEFUN PARTIAL-RUN ...)
Rules: NIL
Warnings:  None
Time:  0.01 seconds (prove: 0.00, print: 0.00, other: 0.01)
PARTIAL-RUN

Summary
Form:  ( DEFUN PARTIAL-PRE ...)
Rules: NIL
Warnings:  None
Time:  0.00 seconds (prove: 0.00, print: 0.00, other: 0.00)
PARTIAL-PRE

Summary
Form:  ( DEFUN PARTIAL-EXTERNAL ...)
Rules: NIL
Warnings:  None
Time:  0.00 seconds (prove: 0.00, print: 0.00, other: 0.00)
PARTIAL-EXTERNAL

Summary
Form:  ( DEFUN PARTIAL-POST ...)
Rules: NIL
Warnings:  None
Time:  0.00 seconds (prove: 0.00, print: 0.00, other: 0.00)
PARTIAL-POST

Summary
Form:  ( DEFUN PARTIAL-CLOCK-FN ...)
Rules: NIL
Warnings:  None
Time:  0.00 seconds (prove: 0.00, print: 0.00, other: 0.00)
PARTIAL-CLOCK-FN

Summary
Form:  ( DEFTHM PARTIAL-CLOCK-FN-IS-NATP ...)
Rules: ((:COMPOUND-RECOGNIZER NATP-COMPOUND-RECOGNIZER)
        (:TYPE-PRESCRIPTION PARTIAL-CLOCK-FN))
Warnings:  None
Time:  0.00 seconds (prove: 0.00, print: 0.00, other: 0.00)
PARTIAL-CLOCK-FN-IS-NATP

Summary
Form:  ( DEFTHM PARTIAL-PRE-IS-NOT-PARTIAL-EXTERNAL ...)
Rules: ((:TYPE-PRESCRIPTION PARTIAL-PRE))
Warnings:  None
Time:  0.00 seconds (prove: 0.00, print: 0.00, other: 0.00)
PARTIAL-PRE-IS-NOT-PARTIAL-EXTERNAL

Summary
Form:  ( DEFTHM STANDARD-THEOREM-FOR-PARTIAL-CLOCKS-1 ...)
Rules: ((:TYPE-PRESCRIPTION PARTIAL-EXTERNAL)
        (:TYPE-PRESCRIPTION PARTIAL-PRE))
Warnings:  None
Time:  0.00 seconds (prove: 0.00, print: 0.00, other: 0.00)
STANDARD-THEOREM-FOR-PARTIAL-CLOCKS-1

Summary
Form:  ( DEFTHM STANDARD-THEOREM-FOR-PARTIAL-CLOCKS-2 ...)
Rules: ((:TYPE-PRESCRIPTION PARTIAL-POST)
        (:TYPE-PRESCRIPTION PARTIAL-PRE))
Warnings:  None
Time:  0.00 seconds (prove: 0.00, print: 0.00, other: 0.00)
STANDARD-THEOREM-FOR-PARTIAL-CLOCKS-2

Summary
Form:  ( DEFTHM STANDARD-THEOREM-FOR-PARTIAL-CLOCKS-3 ...)
Rules: ((:TYPE-PRESCRIPTION PARTIAL-PRE))
Warnings:  None
Time:  0.00 seconds (prove: 0.00, print: 0.00, other: 0.00)
STANDARD-THEOREM-FOR-PARTIAL-CLOCKS-3

Summary
Form:  ( ENCAPSULATE (((PARTIAL-NEXT * ...) ...) ...) ...)
Rules: NIL
Warnings:  None
Time:  0.03 seconds (prove: 0.00, print: 0.00, other: 0.03)
T
:ALL
("Theory" "Use" "Free" "Non-rec" "Infected")

Summary
Form:  ( IN-THEORY (QUOTE ...))
Rules: NIL
Warnings:  None
Time:  0.00 seconds (prove: 0.00, print: 0.00, other: 0.00)
1

Summary
Form:  ( DEFCHOOSE EXISTS-PARTIAL-PRE-STATE-WITNESS ...)
Rules: NIL
Warnings:  None
Time:  0.00 seconds (prove: 0.00, print: 0.00, other: 0.00)
EXISTS-PARTIAL-PRE-STATE-WITNESS

Summary
Form:  ( DEFTHM EXISTS-PARTIAL-PRE-STATE-WITNESS-TYPE-PRESCRIPTION
...)
Rules: NIL
Warnings:  None
Time:  0.00 seconds (prove: 0.00, print: 0.00, other: 0.00)
EXISTS-PARTIAL-PRE-STATE-WITNESS-TYPE-PRESCRIPTION

Summary
Form:  ( DEFUN EXISTS-PARTIAL-PRE-STATE ...)
Rules: ((:FAKE-RUNE-FOR-TYPE-SET NIL))
Warnings:  None
Time:  0.00 seconds (prove: 0.00, print: 0.00, other: 0.00)
EXISTS-PARTIAL-PRE-STATE

Summary
Form:  ( IN-THEORY (DISABLE ...))
Rules: NIL
Warnings:  None
Time:  0.00 seconds (prove: 0.00, print: 0.00, other: 0.00)
4

Summary
Form:  ( DEFTHM EXISTS-PARTIAL-PRE-STATE-SUFF ...)
Rules: ((:DEFINITION NOT)
        (:FAKE-RUNE-FOR-TYPE-SET NIL)
        (:TYPE-PRESCRIPTION EXISTS-PARTIAL-PRE-STATE))
Warnings:  None
Time:  0.00 seconds (prove: 0.00, print: 0.00, other: 0.00)
EXISTS-PARTIAL-PRE-STATE-SUFF

Summary
Form:  ( ENCAPSULATE ((EXISTS-PARTIAL-PRE-STATE-WITNESS ...) ...) ...)
Rules: NIL
Warnings:  None
Time:  0.01 seconds (prove: 0.00, print: 0.00, other: 0.01)
T

Summary
Form:  ( TABLE ACL2-DEFAULTS-TABLE ...)
Rules: NIL
Warnings:  None
Time:  0.00 seconds (prove: 0.00, print: 0.00, other: 0.00)
ACL2-DEFAULTS-TABLE

Summary
Form:  ( ENCAPSULATE NIL (SET-MATCH-FREE-DEFAULT :ALL) ...)
Rules: NIL
Warnings:  None
Time:  0.02 seconds (prove: 0.00, print: 0.00, other: 0.02)
T

Summary
Form:  ( IN-THEORY (DISABLE ...))
Rules: NIL
Warnings:  None
Time:  0.00 seconds (prove: 0.00, print: 0.00, other: 0.00)
1798
:ALL
("Theory" "Use" "Free" "Non-rec" "Infected")

Summary
Form:  ( IN-THEORY (QUOTE ...))
Rules: NIL
Warnings:  None
Time:  0.00 seconds (prove: 0.00, print: 0.00, other: 0.00)
1

Summary
Form:  ( DEFCHOOSE NO-PARTIAL-EXTERNAL-PARTIAL-RUN-WITNESS ...)
Rules: NIL
Warnings:  None
Time:  0.00 seconds (prove: 0.00, print: 0.00, other: 0.00)
NO-PARTIAL-EXTERNAL-PARTIAL-RUN-WITNESS

Summary
Form:  ( DEFUN NO-PARTIAL-EXTERNAL-PARTIAL-RUN ...)
Rules: NIL
Warnings:  None
Time:  0.00 seconds (prove: 0.00, print: 0.00, other: 0.00)
NO-PARTIAL-EXTERNAL-PARTIAL-RUN

Summary
Form:  ( IN-THEORY (DISABLE ...))
Rules: NIL
Warnings:  None
Time:  0.00 seconds (prove: 0.00, print: 0.00, other: 0.00)
3

Summary
Form:  ( DEFTHM NO-PARTIAL-EXTERNAL-PARTIAL-RUN-NECC ...)
Rules: ((:DEFINITION NOT)
        (:EXECUTABLE-COUNTERPART NOT)
        (:FAKE-RUNE-FOR-TYPE-SET NIL))
Warnings:  None
Time:  0.00 seconds (prove: 0.00, print: 0.00, other: 0.00)
NO-PARTIAL-EXTERNAL-PARTIAL-RUN-NECC

Summary
Form:  ( ENCAPSULATE ((NO-PARTIAL-EXTERNAL-PARTIAL-RUN-WITNESS ...)
...) ...)
Rules: NIL
Warnings:  None
Time:  0.01 seconds (prove: 0.00, print: 0.00, other: 0.01)
T

Summary
Form:  ( TABLE ACL2-DEFAULTS-TABLE ...)
Rules: NIL
Warnings:  None
Time:  0.00 seconds (prove: 0.00, print: 0.00, other: 0.00)
ACL2-DEFAULTS-TABLE

Summary
Form:  ( ENCAPSULATE NIL (SET-MATCH-FREE-DEFAULT :ALL) ...)
Rules: NIL
Warnings:  None
Time:  0.02 seconds (prove: 0.00, print: 0.00, other: 0.02)
T

Summary
Form:  ( DEFUN PARTIAL-INV ...)
Rules: NIL
Warnings:  None
Time:  0.00 seconds (prove: 0.00, print: 0.00, other: 0.00)
PARTIAL-INV

Summary
Form:  ( DEFUN PARTIAL-RUN-FN ...)
Rules: NIL
Warnings:  None
Time:  0.00 seconds (prove: 0.00, print: 0.00, other: 0.00)
PARTIAL-RUN-FN

Summary
Form:  ( DEFTHM PARTIAL-RUN-FN-IS-PARTIAL-RUN ...)
Rules: ((:COMPOUND-RECOGNIZER ZP-COMPOUND-RECOGNIZER)
        (:DEFINITION PARTIAL-RUN)
        (:DEFINITION PARTIAL-RUN-FN)
        (:FAKE-RUNE-FOR-TYPE-SET NIL)
        (:INDUCTION PARTIAL-RUN-FN))
Warnings:  None
Time:  0.00 seconds (prove: 0.00, print: 0.00, other: 0.00)
PARTIAL-RUN-FN-IS-PARTIAL-RUN

Summary
Form:  ( IN-THEORY (DISABLE ...))
Rules: NIL
Warnings:  None
Time:  0.00 seconds (prove: 0.00, print: 0.00, other: 0.00)
1808

Summary
Form:  ( DEFTHM PARTIAL-CLOCK-FN-IS-EQUAL-IF-< ...)
Rules: ((:COMPOUND-RECOGNIZER NATP-COMPOUND-RECOGNIZER)
        (:FAKE-RUNE-FOR-TYPE-SET NIL))
Warnings:  None
Time:  0.00 seconds (prove: 0.00, print: 0.00, other: 0.00)
PARTIAL-CLOCK-FN-IS-EQUAL-IF-<

Summary
Form:  ( DEFTHM PARTIAL-PRE-HAS-PARTIAL-CLOCK->0 ...)
Rules: ((:DEFINITION =)
        (:DEFINITION NOT)
        (:DEFINITION PARTIAL-RUN)
        (:EXECUTABLE-COUNTERPART <)
        (:EXECUTABLE-COUNTERPART EQUAL)
        (:EXECUTABLE-COUNTERPART ZP)
        (:REWRITE PARTIAL-CLOCK-FN-IS-EQUAL-IF-<)
        (:REWRITE PARTIAL-PRE-IS-NOT-PARTIAL-EXTERNAL))
Warnings:  None
Time:  0.00 seconds (prove: 0.00, print: 0.00, other: 0.00)
PARTIAL-PRE-HAS-PARTIAL-CLOCK->0

Summary
Form:  ( DEFTHM PARTIAL-PRE-HAS-PARTIAL-INV ...)
Rules: ((:DEFINITION NO-PARTIAL-EXTERNAL-PARTIAL-RUN)
        (:DEFINITION NOT)
        (:DEFINITION PARTIAL-INV)
        (:DEFINITION PARTIAL-RUN)
        (:EXECUTABLE-COUNTERPART NATP)
        (:EXECUTABLE-COUNTERPART ZP)
        (:FAKE-RUNE-FOR-TYPE-SET NIL)
        (:REWRITE PARTIAL-PRE-HAS-PARTIAL-CLOCK->0)
        (:REWRITE PARTIAL-PRE-IS-NOT-PARTIAL-EXTERNAL)
        (:TYPE-PRESCRIPTION EXISTS-PARTIAL-PRE-STATE)
        (:TYPE-PRESCRIPTION PARTIAL-INV))
Warnings:  None
Time:  0.00 seconds (prove: 0.00, print: 0.00, other: 0.00)
PARTIAL-PRE-HAS-PARTIAL-INV

Summary
Form:  ( IN-THEORY (DISABLE ...))
Rules: NIL
Warnings:  None
Time:  0.00 seconds (prove: 0.00, print: 0.00, other: 0.00)
1809

Summary
Form:  ( INCLUDE-BOOK "arithmetic-2/meta/top" ...)
Rules: NIL
Warnings:  None
Time:  0.87 seconds (prove: 0.00, print: 0.00, other: 0.87)
"/Users/huangjianshi/src/acl2-sources/books/arithmetic-2/meta/top.lisp"

Summary
Form:  ( DEFTHM PARTIAL-RUN-IS-SAME-FOR-NFIX ...)
Rules: ((:COMPOUND-RECOGNIZER NATP-COMPOUND-RECOGNIZER)
        (:COMPOUND-RECOGNIZER ZP-COMPOUND-RECOGNIZER)
        (:DEFINITION NFIX)
        (:DEFINITION NOT)
        (:DEFINITION PARTIAL-RUN-FN)
        (:EXECUTABLE-COUNTERPART ZP)
        (:FAKE-RUNE-FOR-TYPE-SET NIL)
        (:REWRITE PARTIAL-RUN-FN-IS-PARTIAL-RUN))
Warnings:  None
Time:  0.00 seconds (prove: 0.00, print: 0.00, other: 0.00)
PARTIAL-RUN-IS-SAME-FOR-NFIX

Summary
Form:  ( DEFTHM PARTIAL-EXTERNAL-TO-PARTIAL-EXTERNAL-PARTIAL-NEXT ...)
Rules: ((:COMPOUND-RECOGNIZER ZP-COMPOUND-RECOGNIZER)
        (:DEFINITION FIX)
        (:DEFINITION NFIX)
        (:DEFINITION PARTIAL-RUN)
        (:DEFINITION SYNP)
        (:EXECUTABLE-COUNTERPART BINARY-+)
        (:EXECUTABLE-COUNTERPART ZP)
        (:FAKE-RUNE-FOR-TYPE-SET NIL)
        (:REWRITE |(+ 0 x)|)
        (:REWRITE |(+ c (+ d x))|)
        (:REWRITE |(+ w (if x y z))|))
Warnings:  None
Time:  0.00 seconds (prove: 0.00, print: 0.00, other: 0.00)
PARTIAL-EXTERNAL-TO-PARTIAL-EXTERNAL-PARTIAL-NEXT

Summary
Form:  ( DEFTHM NO-PARTIAL-EXTERNAL-TO-PARTIAL-EXTERNAL-PARTIAL-NEXT
...)
Rules: ((:COMPOUND-RECOGNIZER ZP-COMPOUND-RECOGNIZER)
        (:DEFINITION FIX)
        (:DEFINITION NFIX)
        (:DEFINITION NOT)
        (:DEFINITION PARTIAL-RUN)
        (:DEFINITION SYNP)
        (:EXECUTABLE-COUNTERPART BINARY-+)
        (:EXECUTABLE-COUNTERPART NOT)
        (:EXECUTABLE-COUNTERPART ZP)
        (:FAKE-RUNE-FOR-TYPE-SET NIL)
        (:REWRITE |(+ 0 x)|)
        (:REWRITE |(+ c (+ d x))|)
        (:REWRITE |(+ w (if x y z))|)
        (:TYPE-PRESCRIPTION NO-PARTIAL-EXTERNAL-PARTIAL-RUN))
Warnings:  None
Time:  0.00 seconds (prove: 0.00, print: 0.00, other: 0.00)
NO-PARTIAL-EXTERNAL-TO-PARTIAL-EXTERNAL-PARTIAL-NEXT

Summary
Form:  ( DEFTHM NO-PARTIAL-EXTERNAL-PERSISTS ...)
Rules: ((:DEFINITION NOT)
        (:EXECUTABLE-COUNTERPART EQUAL)
        (:REWRITE NO-PARTIAL-EXTERNAL-TO-PARTIAL-EXTERNAL-PARTIAL-NEXT)
        (:TYPE-PRESCRIPTION NO-PARTIAL-EXTERNAL-PARTIAL-RUN))
Warnings:  None
Time:  0.00 seconds (prove: 0.00, print: 0.00, other: 0.00)
NO-PARTIAL-EXTERNAL-PERSISTS

Summary
Form:  ( DEFTHM PARTIAL-RUN-NATP-PARTIAL-NEXT ...)
Rules: ((:COMPOUND-RECOGNIZER NATP-COMPOUND-RECOGNIZER)
        (:COMPOUND-RECOGNIZER ZP-COMPOUND-RECOGNIZER)
        (:DEFINITION FIX)
        (:DEFINITION PARTIAL-RUN-FN)
        (:DEFINITION SYNP)
        (:EXECUTABLE-COUNTERPART BINARY-+)
        (:EXECUTABLE-COUNTERPART ZP)
        (:FAKE-RUNE-FOR-TYPE-SET NIL)
        (:INDUCTION PARTIAL-RUN-FN)
        (:REWRITE |(+ 0 x)|)
        (:REWRITE |(+ c (+ d x))|)
        (:REWRITE PARTIAL-RUN-FN-IS-PARTIAL-RUN))
Warnings:  None
Time:  0.00 seconds (prove: 0.00, print: 0.00, other: 0.00)
PARTIAL-RUN-NATP-PARTIAL-NEXT

Summary
Form:  ( DEFTHM PARTIAL-CLOCK-<-PARTIAL-NEXT ...)
Rules: ((:COMPOUND-RECOGNIZER NATP-COMPOUND-RECOGNIZER)
        (:DEFINITION NOT)
        (:FAKE-RUNE-FOR-LINEAR NIL)
        (:FAKE-RUNE-FOR-TYPE-SET NIL)
        (:REWRITE STANDARD-THEOREM-FOR-PARTIAL-CLOCKS-1))
Warnings:  None
Time:  0.00 seconds (prove: 0.00, print: 0.00, other: 0.00)
PARTIAL-CLOCK-<-PARTIAL-NEXT

Summary
Form:  ( DEFTHM PARTIAL-CLOCK-FN-<-PARTIAL-NEXT-CONCRETIZED ...)
Rules: ((:COMPOUND-RECOGNIZER NATP-COMPOUND-RECOGNIZER)
        (:COMPOUND-RECOGNIZER ZP-COMPOUND-RECOGNIZER)
        (:DEFINITION FIX)
        (:DEFINITION NOT)
        (:DEFINITION PARTIAL-RUN)
        (:DEFINITION SYNP)
        (:EXECUTABLE-COUNTERPART BINARY-+)
        (:EXECUTABLE-COUNTERPART EQUAL)
        (:EXECUTABLE-COUNTERPART NOT)
        (:FAKE-RUNE-FOR-TYPE-SET NIL)
        (:REWRITE |(+ 0 x)|)
        (:REWRITE |(+ c (+ d x))|))
Warnings:  None
Time:  0.00 seconds (prove: 0.00, print: 0.00, other: 0.00)
PARTIAL-CLOCK-FN-<-PARTIAL-NEXT-CONCRETIZED

Summary
Form:  ( DEFTHM PARTIAL-RUN-+-REDUCTION ...)
Rules: ((:COMPOUND-RECOGNIZER NATP-COMPOUND-RECOGNIZER)
        (:COMPOUND-RECOGNIZER ZP-COMPOUND-RECOGNIZER)
        (:DEFINITION FIX)
        (:DEFINITION NOT)
        (:DEFINITION PARTIAL-RUN-FN)
        (:EXECUTABLE-COUNTERPART ZP)
        (:FAKE-RUNE-FOR-TYPE-SET NIL)
        (:INDUCTION PARTIAL-RUN-FN)
        (:REWRITE |(+ (+ x y) z)|)
        (:REWRITE |(+ 0 x)|)
        (:REWRITE PARTIAL-RUN-FN-IS-PARTIAL-RUN))
Warnings:  None
Time:  0.00 seconds (prove: 0.00, print: 0.00, other: 0.00)
PARTIAL-RUN-+-REDUCTION

Summary
Form:  ( DEFTHM WEIRD-PARTIAL-RUN-+-REDUCTION ...)
Rules: ((:COMPOUND-RECOGNIZER NATP-COMPOUND-RECOGNIZER)
        (:COMPOUND-RECOGNIZER ZP-COMPOUND-RECOGNIZER)
        (:DEFINITION FIX)
        (:DEFINITION NFIX)
        (:DEFINITION NOT)
        (:DEFINITION PARTIAL-RUN)
        (:EXECUTABLE-COUNTERPART BINARY-+)
        (:EXECUTABLE-COUNTERPART ZP)
        (:FAKE-RUNE-FOR-TYPE-SET NIL)
        (:REWRITE |(+ (if x y z) w)|)
        (:REWRITE |(+ 0 x)|)
        (:REWRITE |(+ w (if x y z))|)
        (:REWRITE |(+ x 0)|)
        (:REWRITE PARTIAL-RUN-+-REDUCTION))
Warnings:  None
Time:  0.00 seconds (prove: 0.00, print: 0.00, other: 0.00)
WEIRD-PARTIAL-RUN-+-REDUCTION

Summary
Form:  ( IN-THEORY (DISABLE ...))
Rules: NIL
Warnings:  None
Time:  0.00 seconds (prove: 0.00, print: 0.00, other: 0.00)
2228

Summary
Form:  ( DEFTHM NO-PARTIAL-EXTERNAL-TO-NO-PARTIAL-EXTERNAL ...)
Rules: ((:COMPOUND-RECOGNIZER ZP-COMPOUND-RECOGNIZER)
        (:DEFINITION FIX)
        (:DEFINITION NFIX)
        (:DEFINITION NOT)
        (:DEFINITION PARTIAL-RUN)
        (:EXECUTABLE-COUNTERPART BINARY-+)
        (:EXECUTABLE-COUNTERPART EQUAL)
        (:EXECUTABLE-COUNTERPART NOT)
        (:FAKE-RUNE-FOR-TYPE-SET NIL)
        (:REWRITE |(+ (if x y z) w)|)
        (:REWRITE |(+ 0 x)|)
        (:REWRITE |(+ w (if x y z))|)
        (:REWRITE |(+ x 0)|)
        (:REWRITE WEIRD-PARTIAL-RUN-+-REDUCTION)
        (:TYPE-PRESCRIPTION NO-PARTIAL-EXTERNAL-PARTIAL-RUN))
Warnings:  None
Time:  0.01 seconds (prove: 0.01, print: 0.00, other: 0.00)
NO-PARTIAL-EXTERNAL-TO-NO-PARTIAL-EXTERNAL

Summary
Form:  ( DEFTHM PARTIAL-INV-IMPLIES-PARTIAL-NEXT-PARTIAL-INV ...)
Rules: ((:COMPOUND-RECOGNIZER NATP-COMPOUND-RECOGNIZER)
        (:COMPOUND-RECOGNIZER ZP-COMPOUND-RECOGNIZER)
        (:DEFINITION NOT)
        (:DEFINITION PARTIAL-INV)
        (:DEFINITION PARTIAL-RUN)
        (:EXECUTABLE-COUNTERPART NOT)
        (:FAKE-RUNE-FOR-TYPE-SET NIL)
        (:REWRITE |(equal (if x y z) w)|)
        (:REWRITE NO-PARTIAL-EXTERNAL-PERSISTS)
        (:REWRITE PARTIAL-PRE-IS-NOT-PARTIAL-EXTERNAL)
        (:TYPE-PRESCRIPTION NO-PARTIAL-EXTERNAL-PARTIAL-RUN)
        (:TYPE-PRESCRIPTION PARTIAL-INV))
Warnings:  None
Time:  0.08 seconds (prove: 0.08, print: 0.00, other: 0.00)
PARTIAL-INV-IMPLIES-PARTIAL-NEXT-PARTIAL-INV

Summary
Form:  ( IN-THEORY (ENABLE ...))
Rules: NIL
Warnings:  None
Time:  0.00 seconds (prove: 0.00, print: 0.00, other: 0.00)
2231

Summary
Form:  ( IN-THEORY (DISABLE ...))
Rules: NIL
Warnings:  None
Time:  0.00 seconds (prove: 0.00, print: 0.00, other: 0.00)
2230

Summary
Form:  ( DEFTHM PARTIAL-CLOCK-FN-IS-THE-SMALLEST ...)
Rules: ((:COMPOUND-RECOGNIZER NATP-COMPOUND-RECOGNIZER)
        (:DEFINITION NOT)
        (:FAKE-RUNE-FOR-LINEAR NIL)
        (:FAKE-RUNE-FOR-TYPE-SET NIL)
        (:REWRITE STANDARD-THEOREM-FOR-PARTIAL-CLOCKS-3))
Warnings:  None
Time:  0.00 seconds (prove: 0.00, print: 0.00, other: 0.00)
PARTIAL-CLOCK-FN-IS-THE-SMALLEST

Summary
Form:  ( DEFTHM PARTIAL-RUN-1-IS-PARTIAL-NEXT ...)
Rules: ((:DEFINITION NOT)
        (:DEFINITION PARTIAL-RUN)
        (:EXECUTABLE-COUNTERPART BINARY-+)
        (:EXECUTABLE-COUNTERPART ZP)
        (:FAKE-RUNE-FOR-TYPE-SET NIL))
Warnings:  None
Time:  0.00 seconds (prove: 0.00, print: 0.00, other: 0.00)
PARTIAL-RUN-1-IS-PARTIAL-NEXT

Summary
Form:  ( DEFTHM PARTIAL-EXTERNAL-TO-NOT-NO-PARTIAL-EXTERNAL ...)
Rules: ((:DEFINITION NOT)
        (:REWRITE PARTIAL-RUN-1-IS-PARTIAL-NEXT))
Warnings:  None
Time:  0.00 seconds (prove: 0.00, print: 0.00, other: 0.00)
PARTIAL-EXTERNAL-TO-NOT-NO-PARTIAL-EXTERNAL

Summary
Form:  ( DEFTHM PARTIAL-INV-AND-PARTIAL-EXTERNAL-IMPLIES-PARTIAL-POST
...)
Rules: ((:COMPOUND-RECOGNIZER NATP-COMPOUND-RECOGNIZER)
        (:DEFINITION EXISTS-PARTIAL-PRE-STATE)
        (:DEFINITION NOT)
        (:DEFINITION PARTIAL-INV)
        (:FAKE-RUNE-FOR-TYPE-SET NIL)
        (:REWRITE PARTIAL-CLOCK-FN-IS-THE-SMALLEST)
        (:REWRITE PARTIAL-EXTERNAL-TO-NOT-NO-PARTIAL-EXTERNAL))
Warnings:  None
Time:  0.01 seconds (prove: 0.01, print: 0.00, other: 0.00)
PARTIAL-INV-AND-PARTIAL-EXTERNAL-IMPLIES-PARTIAL-POST

Summary
Form:  ( TABLE ACL2-DEFAULTS-TABLE ...)
Rules: NIL
Warnings:  None
Time:  0.00 seconds (prove: 0.00, print: 0.00, other: 0.00)
ACL2-DEFAULTS-TABLE

Summary
Form:  ( INCLUDE-BOOK "c2i-partial" ...)
Rules: NIL
Warnings:  None
Time:  0.02 seconds (prove: 0.00, print: 0.00, other: 0.02)

"/Users/huangjianshi/src/acl2-sources/books/proofstyles/c2i/c2i-partial.fasl"


Summary
Form:  (CERTIFY-BOOK "c2i-partial" ...)
Rules: NIL
Warnings:  None
Time:  1.14 seconds (prove: 0.13, print: 0.00, other: 1.00)
 "/Users/huangjianshi/src/acl2-sources/books/proofstyles/c2i/c2i-partial.lisp"
ACL2 !>
Exiting the ACL2 read-eval-print loop.  To re-enter, execute (LP).
* 