This is SBCL 1.0.1.34, an implementation of ANSI Common Lisp.
More information about SBCL is available at <http://www.sbcl.org/>.

SBCL is free software, provided as is, with absolutely no warranty.
It is mostly in the public domain; some portions are provided under
BSD-style licenses.  See the CREDITS and COPYING files in the
distribution for more information.

 ACL2 Version 3.1 built January 26, 2007  15:12:42.
 Copyright (C) 2006  University of Texas at Austin
 ACL2 comes with ABSOLUTELY NO WARRANTY.  This is free software and you
 are welcome to redistribute it under certain conditions.  For details,
 see the GNU General Public License.

 Initialized with (INITIALIZE-ACL2 'INCLUDE-BOOK *ACL2-PASS-2-FILES*).
 See the documentation topic note-3-1 for recent changes.
 Note: We have modified the prompt in some underlying Lisps to further
 distinguish it from the ACL2 prompt.

 NOTE!!  Proof trees are disabled in ACL2.  To enable them in emacs,
 look under the ACL2 source directory in interface/emacs/README.doc; 
 and, to turn on proof trees, execute :START-PROOF-TREE in the ACL2 
 command loop.   Look in the ACL2 documentation under PROOF-TREE.

ACL2 Version 3.1.  Level 1.  Cbd 
"/Users/huangjianshi/src/acl2-sources/books/arithmetic-3/floor-mod/".
Type :help for help.
Type (good-bye) to quit completely out of ACL2.

ACL2 !>
Exiting the ACL2 read-eval-print loop.  To re-enter, execute (LP).
* 
#<PACKAGE "ACL2">
* 
ACL2 Version 3.1.  Level 1.  Cbd 
"/Users/huangjianshi/src/acl2-sources/books/arithmetic-3/floor-mod/".
Type :help for help.
Type (good-bye) to quit completely out of ACL2.

ACL2 !> (PROVE PROOF-TREE
        WARNING OBSERVATION EVENT EXPANSION)
ACL2 !>
Summary
Form:  ( TABLE ACL2-DEFAULTS-TABLE ...)
Rules: NIL
Warnings:  None
Time:  0.00 seconds (prove: 0.00, print: 0.00, other: 0.00)
ACL2-DEFAULTS-TABLE

Summary
Form:  ( INCLUDE-BOOK "../bind-free/top" ...)
Rules: NIL
Warnings:  None
Time:  1.11 seconds (prove: 0.00, print: 0.00, other: 1.11)
"/Users/huangjianshi/src/acl2-sources/books/arithmetic-3/bind-free/top.lisp"
((NONLINEARP-DEFAULT-HINT STABLE-UNDER-SIMPLIFICATIONP HIST PSPV))

Summary
Form:  ( INCLUDE-BOOK "../bind-free/building-blocks" ...)
Rules: NIL
Warnings:  None
Time:  0.00 seconds (prove: 0.00, print: 0.00, other: 0.00)
:REDUNDANT

Summary
Form:  ( DEFUN RATIONALP-GUARD-FN ...)
Rules: ((:DEFINITION ACL2-COUNT)
        (:DEFINITION ENDP)
        (:DEFINITION O-FINP)
        (:DEFINITION O<)
        (:DEFINITION SYNP)
        (:ELIM CAR-CDR-ELIM)
        (:EXECUTABLE-COUNTERPART BINARY-+)
        (:EXECUTABLE-COUNTERPART UNARY--)
        (:FAKE-RUNE-FOR-TYPE-SET NIL)
        (:REWRITE |(+ 0 x)|)
        (:REWRITE |(+ x (- x))|)
        (:REWRITE |(+ y (+ x z))|)
        (:REWRITE |(+ y x)|)
        (:REWRITE |(< d (+ c x))|)
        (:REWRITE BUBBLE-DOWN-+-MATCH-1)
        (:REWRITE CAR-CONS)
        (:REWRITE CDR-CONS)
        (:REWRITE NORMALIZE-ADDENDS)
        (:REWRITE SIMPLIFY-SUMS-<)
        (:TYPE-PRESCRIPTION ACL2-COUNT))
Warnings:  None
Time:  0.02 seconds (prove: 0.01, print: 0.00, other: 0.01)
RATIONALP-GUARD-FN

Summary
Form:  ( DEFMACRO RATIONALP-GUARD ...)
Rules: NIL
Warnings:  None
Time:  0.00 seconds (prove: 0.00, print: 0.00, other: 0.00)
RATIONALP-GUARD

Summary
Form:  ( DEFTHM NIQ-BOUNDS ...)
Rules: ((:DEFINITION =)
        (:DEFINITION IFIX)
        (:DEFINITION NFIX)
        (:DEFINITION NONNEGATIVE-INTEGER-QUOTIENT)
        (:DEFINITION NOT)
        (:DEFINITION SYNP)
        (:EXECUTABLE-COUNTERPART BINARY-*)
        (:EXECUTABLE-COUNTERPART BINARY-+)
        (:EXECUTABLE-COUNTERPART NOT)
        (:EXECUTABLE-COUNTERPART UNARY--)
        (:FAKE-RUNE-FOR-LINEAR NIL)
        (:FAKE-RUNE-FOR-TYPE-SET NIL)
        (:INDUCTION NONNEGATIVE-INTEGER-QUOTIENT)
        (:REWRITE |(* (+ x y) z)|)
        (:REWRITE |(* (- x) y)|)
        (:REWRITE |(* a (/ a))|)
        (:REWRITE |(+ (+ x y) z)|)
        (:REWRITE |(+ 0 x)|)
        (:REWRITE |(+ c (+ d x))|)
        (:REWRITE |(+ x (- x))|)
        (:REWRITE |(+ y (+ x z))|)
        (:REWRITE |(+ y x)|)
        (:REWRITE |(- (- x))|)
        (:REWRITE |(< (* x y) 0)|)
        (:REWRITE |(< (+ c x) (+ d y))|)
        (:REWRITE |(< (+ c x) d)|)
        (:REWRITE |(< (/ x) 0)|)
        (:REWRITE ARITH-BUBBLE-DOWN-*-MATCH-1)
        (:REWRITE ARITH-NORMALIZE-FACTORS-SCATTER-EXPONENTS)
        (:REWRITE BUBBLE-DOWN-+-MATCH-1)
        (:REWRITE NORMALIZE-ADDENDS)
        (:REWRITE PREFER-POSITIVE-ADDENDS-<)
        (:REWRITE REMOVE-WEAK-INEQUALITIES-ONE)
        (:REWRITE |arith (* -1 x)|)
        (:REWRITE |arith (* x (/ x))|)
        (:REWRITE |arith (fix x)|)
        (:TYPE-PRESCRIPTION NONNEGATIVE-INTEGER-QUOTIENT))
Warnings:  None
Time:  0.04 seconds (prove: 0.04, print: 0.00, other: 0.00)
NIQ-BOUNDS

Summary
Form:  ( DEFTHM INTEGERP-MOD ...)
Rules: ((:DEFINITION FLOOR)
        (:DEFINITION MOD)
        (:DEFINITION SYNP)
        (:EXECUTABLE-COUNTERPART NOT)
        (:FAKE-RUNE-FOR-TYPE-SET NIL)
        (:REWRITE |(* (+ x y) z)|)
        (:REWRITE |(* (- x) y)|)
        (:REWRITE |(* (if a b c) x)|)
        (:REWRITE |(* -1 x)|)
        (:REWRITE |(* y x)|)
        (:REWRITE |(+ x (if a b c))|)
        (:REWRITE |(+ y x)|)
        (:REWRITE |(- (+ x y))|)
        (:REWRITE |(- (- x))|)
        (:REWRITE |(- (if a b c))|)
        (:REWRITE |(< (* x y) 0)|)
        (:REWRITE |(< (/ x) 0)|)
        (:REWRITE |(< 0 (/ x))|)
        (:REWRITE |(equal (/ x) 0)|)
        (:REWRITE EQUAL-DENOMINATOR-1)
        (:REWRITE NUMERATOR-NEGATIVE)
        (:TYPE-PRESCRIPTION NONNEGATIVE-INTEGER-QUOTIENT))
Warnings:  None
Time:  0.01 seconds (prove: 0.00, print: 0.00, other: 0.00)
INTEGERP-MOD

Summary
Form:  ( DEFTHM RATIONALP-MOD ...)
Rules: ((:DEFINITION FLOOR)
        (:DEFINITION MOD)
        (:DEFINITION NOT)
        (:DEFINITION SYNP)
        (:EXECUTABLE-COUNTERPART NOT)
        (:FAKE-RUNE-FOR-TYPE-SET NIL)
        (:REWRITE |(* (+ x y) z)|)
        (:REWRITE |(* (- x) y)|)
        (:REWRITE |(* (if a b c) x)|)
        (:REWRITE |(* -1 x)|)
        (:REWRITE |(* y x)|)
        (:REWRITE |(+ x (if a b c))|)
        (:REWRITE |(+ y x)|)
        (:REWRITE |(- (+ x y))|)
        (:REWRITE |(- (- x))|)
        (:REWRITE |(- (if a b c))|)
        (:REWRITE |(< (* x y) 0)|)
        (:REWRITE |(< (/ x) 0)|)
        (:REWRITE |(< 0 (/ x))|)
        (:REWRITE |(equal (/ x) 0)|)
        (:REWRITE EQUAL-DENOMINATOR-1)
        (:REWRITE NUMERATOR-NEGATIVE)
        (:TYPE-PRESCRIPTION NONNEGATIVE-INTEGER-QUOTIENT))
Warnings:  None
Time:  0.01 seconds (prove: 0.01, print: 0.00, other: 0.00)
RATIONALP-MOD

Summary
Form:  ( DEFTHM FLOOR-COMPLETION ...)
Rules: ((:DEFINITION FLOOR)
        (:DEFINITION NOT)
        (:EXECUTABLE-COUNTERPART DENOMINATOR)
        (:EXECUTABLE-COUNTERPART EQUAL)
        (:EXECUTABLE-COUNTERPART NOT)
        (:EXECUTABLE-COUNTERPART NUMERATOR)
        (:FAKE-RUNE-FOR-TYPE-SET NIL)
        (:REWRITE |(* 0 x)|)
        (:REWRITE |(* y x)|)
        (:REWRITE DEFAULT-*-1)
        (:REWRITE DEFAULT-UNARY-/))
Warnings:  None
Time:  0.00 seconds (prove: 0.00, print: 0.00, other: 0.00)
FLOOR-COMPLETION

Summary
Form:  ( DEFTHM FLOOR-0-LOCAL ...)
Rules: ((:DEFINITION FLOOR)
        (:EXECUTABLE-COUNTERPART <)
        (:EXECUTABLE-COUNTERPART BINARY-+)
        (:EXECUTABLE-COUNTERPART DENOMINATOR)
        (:EXECUTABLE-COUNTERPART EQUAL)
        (:EXECUTABLE-COUNTERPART IF)
        (:EXECUTABLE-COUNTERPART NONNEGATIVE-INTEGER-QUOTIENT)
        (:EXECUTABLE-COUNTERPART NUMERATOR)
        (:EXECUTABLE-COUNTERPART UNARY--)
        (:EXECUTABLE-COUNTERPART UNARY-/)
        (:REWRITE |(* 0 x)|)
        (:REWRITE |(* y x)|))
Warnings:  None
Time:  0.00 seconds (prove: 0.00, print: 0.00, other: 0.00)
FLOOR-0-LOCAL

Summary
Form:  ( DEFTHM MOD-COMPLETION ...)
Rules: ((:DEFINITION FIX)
        (:DEFINITION MOD)
        (:DEFINITION NOT)
        (:DEFINITION SYNP)
        (:EXECUTABLE-COUNTERPART BINARY-+)
        (:EXECUTABLE-COUNTERPART EQUAL)
        (:EXECUTABLE-COUNTERPART FIX)
        (:EXECUTABLE-COUNTERPART UNARY--)
        (:FAKE-RUNE-FOR-TYPE-SET NIL)
        (:REWRITE |(* 0 x)|)
        (:REWRITE |(+ x (- x))|)
        (:REWRITE |(+ y (+ x z))|)
        (:REWRITE |(+ y x)|)
        (:REWRITE |(equal (if a b c) x)|)
        (:REWRITE BUBBLE-DOWN-+-MATCH-1)
        (:REWRITE DEFAULT-+-2)
        (:REWRITE FLOOR-COMPLETION)
        (:REWRITE NORMALIZE-ADDENDS)
        (:REWRITE SIMPLIFY-SUMS-EQUAL))
Warnings:  None
Time:  0.00 seconds (prove: 0.00, print: 0.00, other: 0.00)
MOD-COMPLETION

Summary
Form:  ( DEFTHM MOD-0-LOCAL ...)
Rules: ((:DEFINITION FIX)
        (:DEFINITION MOD)
        (:DEFINITION SYNP)
        (:EXECUTABLE-COUNTERPART BINARY-*)
        (:EXECUTABLE-COUNTERPART BINARY-+)
        (:EXECUTABLE-COUNTERPART EQUAL)
        (:EXECUTABLE-COUNTERPART UNARY--)
        (:FAKE-RUNE-FOR-TYPE-SET NIL)
        (:REWRITE |(* 0 x)|)
        (:REWRITE |(+ x (- x))|)
        (:REWRITE |(+ y (+ x z))|)
        (:REWRITE |(+ y x)|)
        (:REWRITE |(equal (if a b c) x)|)
        (:REWRITE BUBBLE-DOWN-+-MATCH-1)
        (:REWRITE FLOOR-0-LOCAL)
        (:REWRITE NORMALIZE-ADDENDS)
        (:REWRITE SIMPLIFY-SUMS-EQUAL))
Warnings:  None
Time:  0.00 seconds (prove: 0.00, print: 0.00, other: 0.00)
MOD-0-LOCAL

Summary
Form:  ( DEFTHM FLOOR-X-1-LOCAL ...)
Rules: ((:DEFINITION FLOOR)
        (:EXECUTABLE-COUNTERPART EQUAL)
        (:EXECUTABLE-COUNTERPART UNARY-/)
        (:FAKE-RUNE-FOR-TYPE-SET NIL)
        (:REWRITE |(* 1 x)|)
        (:REWRITE |(* y x)|)
        (:REWRITE INTEGERP==>DENOMINATOR-=-1)
        (:REWRITE INTEGERP==>NUMERATOR-=-X))
Warnings:  None
Time:  0.00 seconds (prove: 0.00, print: 0.00, other: 0.00)
FLOOR-X-1-LOCAL

Summary
Form:  ( DEFTHM MOD-X-1-LOCAL ...)
Rules: ((:DEFINITION MOD)
        (:DEFINITION SYNP)
        (:EXECUTABLE-COUNTERPART EQUAL)
        (:REWRITE |(* 1 x)|)
        (:REWRITE |(* y x)|)
        (:REWRITE |(+ x (- x))|)
        (:REWRITE BUBBLE-DOWN-+-MATCH-1)
        (:REWRITE FLOOR-X-1-LOCAL)
        (:REWRITE NORMALIZE-ADDENDS))
Warnings:  None
Time:  0.00 seconds (prove: 0.00, print: 0.00, other: 0.00)
MOD-X-1-LOCAL

Summary
Form:  ( DEFTHM FLOOR-MOD-ELIM ...)
Rules: ((:DEFINITION MOD)
        (:DEFINITION SYNP)
        (:FAKE-RUNE-FOR-TYPE-SET NIL)
        (:REWRITE |(* y x)|)
        (:REWRITE |(+ (+ x y) z)|)
        (:REWRITE |(+ 0 x)|)
        (:REWRITE |(+ x (- x))|)
        (:REWRITE |(+ y x)|)
        (:REWRITE BUBBLE-DOWN-+-MATCH-1)
        (:REWRITE NORMALIZE-ADDENDS))
Warnings:  None
Time:  0.01 seconds (prove: 0.00, print: 0.00, other: 0.00)
FLOOR-MOD-ELIM

Summary
Form:  ( DEFUN FLOOR* ...)
Rules: ((:DEFINITION ABS)
        (:DEFINITION FLOOR)
        (:DEFINITION NATP)
        (:DEFINITION NOT)
        (:DEFINITION O-FINP)
        (:DEFINITION O-P)
        (:DEFINITION O<)
        (:DEFINITION SYNP)
        (:EXECUTABLE-COUNTERPART <)
        (:EXECUTABLE-COUNTERPART BINARY-*)
        (:EXECUTABLE-COUNTERPART BINARY-+)
        (:EXECUTABLE-COUNTERPART FLOOR)
        (:EXECUTABLE-COUNTERPART NOT)
        (:EXECUTABLE-COUNTERPART UNARY--)
        (:FAKE-RUNE-FOR-LINEAR NIL)
        (:FAKE-RUNE-FOR-TYPE-SET NIL)
        (:LINEAR NIQ-BOUNDS)
        (:REWRITE |(* (+ x y) z)|)
        (:REWRITE |(* (- x) y)|)
        (:REWRITE |(* a (/ a))|)
        (:REWRITE |(+ 0 x)|)
        (:REWRITE |(+ c (+ d x))|)
        (:REWRITE |(+ x (- x))|)
        (:REWRITE |(+ y (+ x z))|)
        (:REWRITE |(+ y x)|)
        (:REWRITE |(- (+ x y))|)
        (:REWRITE |(- (- x))|)
        (:REWRITE |(- (if a b c))|)
        (:REWRITE |(< (* x y) 0)|)
        (:REWRITE |(< (+ c x) (+ d y))|)
        (:REWRITE |(< (+ c x) d)|)
        (:REWRITE |(< (- x) (- y))|)
        (:REWRITE |(< (- x) 0)|)
        (:REWRITE |(< (/ x) 0)|)
        (:REWRITE |(< (if a b c) x)|)
        (:REWRITE |(< 0 (/ x))|)
        (:REWRITE |(< x (if a b c))|)
        (:REWRITE ARITH-BUBBLE-DOWN-*-MATCH-1)
        (:REWRITE ARITH-NORMALIZE-FACTORS-SCATTER-EXPONENTS)
        (:REWRITE BUBBLE-DOWN-+-MATCH-1)
        (:REWRITE EQUAL-DENOMINATOR-1)
        (:REWRITE INTEGERP-+-REDUCE-LEADING-RATIONAL-CONSTANT)
        (:REWRITE INTEGERP==>NUMERATOR-=-X)
        (:REWRITE NORMALIZE-ADDENDS)
        (:REWRITE NUMERATOR-NEGATIVE)
        (:REWRITE NUMERATOR-POSITIVE)
        (:REWRITE PREFER-POSITIVE-ADDENDS-<)
        (:REWRITE REMOVE-WEAK-INEQUALITIES-ONE)
        (:REWRITE REMOVE-WEAK-INEQUALITIES-TWO)
        (:REWRITE SIMPLIFY-SUMS-<)
        (:REWRITE |arith (* (- x) y)|)
        (:REWRITE |arith (* (numerator x) (/ (denominator x)))|)
        (:REWRITE |arith (* 1 x)|)
        (:REWRITE |arith (* x (/ x))|)
        (:REWRITE |arith (- (+ x y))|)
        (:REWRITE |arith (fix x)|)
        (:TYPE-PRESCRIPTION NONNEGATIVE-INTEGER-QUOTIENT)
        (:TYPE-PRESCRIPTION NUMERATOR-NEGATIVE . 2)
        (:TYPE-PRESCRIPTION NUMERATOR-NEGATIVE . 1)
        (:TYPE-PRESCRIPTION NUMERATOR-POSITIVE . 2)
        (:TYPE-PRESCRIPTION NUMERATOR-POSITIVE . 1))
Warnings:  None
Time:  0.33 seconds (prove: 0.27, print: 0.00, other: 0.06)
FLOOR*

Summary
Form:  ( DEFUN MOD* ...)
Rules: ((:DEFINITION ABS)
        (:DEFINITION FLOOR)
        (:DEFINITION NATP)
        (:DEFINITION NOT)
        (:DEFINITION O-FINP)
        (:DEFINITION O-P)
        (:DEFINITION O<)
        (:DEFINITION SYNP)
        (:EXECUTABLE-COUNTERPART <)
        (:EXECUTABLE-COUNTERPART BINARY-*)
        (:EXECUTABLE-COUNTERPART BINARY-+)
        (:EXECUTABLE-COUNTERPART FLOOR)
        (:EXECUTABLE-COUNTERPART NOT)
        (:EXECUTABLE-COUNTERPART UNARY--)
        (:FAKE-RUNE-FOR-LINEAR NIL)
        (:FAKE-RUNE-FOR-TYPE-SET NIL)
        (:LINEAR NIQ-BOUNDS)
        (:REWRITE |(* (+ x y) z)|)
        (:REWRITE |(* (- x) y)|)
        (:REWRITE |(* a (/ a))|)
        (:REWRITE |(+ 0 x)|)
        (:REWRITE |(+ c (+ d x))|)
        (:REWRITE |(+ x (- x))|)
        (:REWRITE |(+ y (+ x z))|)
        (:REWRITE |(+ y x)|)
        (:REWRITE |(- (+ x y))|)
        (:REWRITE |(- (- x))|)
        (:REWRITE |(- (if a b c))|)
        (:REWRITE |(< (* x y) 0)|)
        (:REWRITE |(< (+ c x) (+ d y))|)
        (:REWRITE |(< (+ c x) d)|)
        (:REWRITE |(< (- x) (- y))|)
        (:REWRITE |(< (- x) 0)|)
        (:REWRITE |(< (/ x) 0)|)
        (:REWRITE |(< (if a b c) x)|)
        (:REWRITE |(< 0 (/ x))|)
        (:REWRITE |(< x (if a b c))|)
        (:REWRITE ARITH-BUBBLE-DOWN-*-MATCH-1)
        (:REWRITE ARITH-NORMALIZE-FACTORS-SCATTER-EXPONENTS)
        (:REWRITE BUBBLE-DOWN-+-MATCH-1)
        (:REWRITE EQUAL-DENOMINATOR-1)
        (:REWRITE INTEGERP-+-REDUCE-LEADING-RATIONAL-CONSTANT)
        (:REWRITE INTEGERP==>NUMERATOR-=-X)
        (:REWRITE NORMALIZE-ADDENDS)
        (:REWRITE NUMERATOR-NEGATIVE)
        (:REWRITE NUMERATOR-POSITIVE)
        (:REWRITE PREFER-POSITIVE-ADDENDS-<)
        (:REWRITE REMOVE-WEAK-INEQUALITIES-ONE)
        (:REWRITE REMOVE-WEAK-INEQUALITIES-TWO)
        (:REWRITE SIMPLIFY-SUMS-<)
        (:REWRITE |arith (* (- x) y)|)
        (:REWRITE |arith (* (numerator x) (/ (denominator x)))|)
        (:REWRITE |arith (* 1 x)|)
        (:REWRITE |arith (* x (/ x))|)
        (:REWRITE |arith (- (+ x y))|)
        (:REWRITE |arith (fix x)|)
        (:TYPE-PRESCRIPTION NONNEGATIVE-INTEGER-QUOTIENT)
        (:TYPE-PRESCRIPTION NUMERATOR-NEGATIVE . 2)
        (:TYPE-PRESCRIPTION NUMERATOR-NEGATIVE . 1)
        (:TYPE-PRESCRIPTION NUMERATOR-POSITIVE . 2)
        (:TYPE-PRESCRIPTION NUMERATOR-POSITIVE . 1))
Warnings:  None
Time:  0.29 seconds (prove: 0.27, print: 0.00, other: 0.01)
MOD*

Summary
Form:  ( DEFTHM FLOOR-IND ...)
Rules: NIL
Warnings:  None
Time:  0.00 seconds (prove: 0.00, print: 0.00, other: 0.00)
FLOOR-IND

Summary
Form:  ( DEFTHM MOD-IND ...)
Rules: NIL
Warnings:  None
Time:  0.00 seconds (prove: 0.00, print: 0.00, other: 0.00)
MOD-IND

Summary
Form:  ( IN-THEORY (DISABLE ...))
Rules: NIL
Warnings:  None
Time:  0.00 seconds (prove: 0.00, print: 0.00, other: 0.00)
2487

Summary
Form:  ( DEFTHM FLOOR-BOUNDS-1 ...)
Rules: ((:DEFINITION FLOOR)
        (:DEFINITION NOT)
        (:DEFINITION SYNP)
        (:EXECUTABLE-COUNTERPART <)
        (:EXECUTABLE-COUNTERPART BINARY-+)
        (:EXECUTABLE-COUNTERPART DENOMINATOR)
        (:EXECUTABLE-COUNTERPART IF)
        (:EXECUTABLE-COUNTERPART INSERT-0)
        (:EXECUTABLE-COUNTERPART INTEGERP)
        (:EXECUTABLE-COUNTERPART NONNEGATIVE-INTEGER-QUOTIENT)
        (:EXECUTABLE-COUNTERPART NOT)
        (:EXECUTABLE-COUNTERPART NUMERATOR)
        (:EXECUTABLE-COUNTERPART RATIONALP)
        (:EXECUTABLE-COUNTERPART UNARY--)
        (:EXECUTABLE-COUNTERPART UNARY-/)
        (:FAKE-RUNE-FOR-LINEAR NIL)
        (:FAKE-RUNE-FOR-TYPE-SET NIL)
        (:LINEAR NIQ-BOUNDS)
        (:REWRITE |(* 0 x)|)
        (:REWRITE |(* a (/ a) b)|)
        (:REWRITE |(* a (/ a))|)
        (:REWRITE |(* y (* x z))|)
        (:REWRITE |(+ 0 x)|)
        (:REWRITE |(+ c (+ d x))|)
        (:REWRITE |(+ x (- x))|)
        (:REWRITE |(+ y (+ x z))|)
        (:REWRITE |(+ y x)|)
        (:REWRITE |(- (- x))|)
        (:REWRITE |(/ (/ x))|)
        (:REWRITE |(< (* x y) 0)|)
        (:REWRITE |(< (/ x) 0)|)
        (:REWRITE |(< 0 (/ x))|)
        (:REWRITE |(< x (if a b c))|)
        (:REWRITE |(equal (/ x) 0)|)
        (:REWRITE BUBBLE-DOWN-+-MATCH-1)
        (:REWRITE EQUAL-DENOMINATOR-1)
        (:REWRITE INSERT-0-*)
        (:REWRITE INSERT-0-X-X)
        (:REWRITE INSERT-0-X-Y)
        (:REWRITE INTEGERP==>NUMERATOR-=-X)
        (:REWRITE NORMALIZE-ADDENDS)
        (:REWRITE NUMERATOR-NEGATIVE)
        (:REWRITE PREFER-POSITIVE-ADDENDS-<)
        (:REWRITE SIMPLIFY-PRODUCTS-GATHER-EXPONENTS-<)
        (:REWRITE SIMPLIFY-SUMS-<)
        (:REWRITE |arith (* (- x) y)|)
        (:REWRITE |arith (* (numerator x) (/ (denominator x)))|)
        (:TYPE-PRESCRIPTION NONNEGATIVE-INTEGER-QUOTIENT)
        (:TYPE-PRESCRIPTION NUMERATOR-NEGATIVE . 2)
        (:TYPE-PRESCRIPTION NUMERATOR-NEGATIVE . 1)
        (:TYPE-PRESCRIPTION NUMERATOR-POSITIVE . 2)
        (:TYPE-PRESCRIPTION NUMERATOR-POSITIVE . 1))
Warnings:  None
Time:  0.12 seconds (prove: 0.12, print: 0.00, other: 0.00)
FLOOR-BOUNDS-1

Summary
Form:  ( DEFTHM FLOOR-BOUNDS-2 ...)
Rules: ((:DEFINITION FLOOR)
        (:EXECUTABLE-COUNTERPART EQUAL)
        (:FAKE-RUNE-FOR-TYPE-SET NIL)
        (:REWRITE INTEGERP==>DENOMINATOR-=-1)
        (:REWRITE INTEGERP==>NUMERATOR-=-X))
Warnings:  None
Time:  0.00 seconds (prove: 0.00, print: 0.00, other: 0.00)
FLOOR-BOUNDS-2

Summary
Form:  ( DEFTHM FLOOR-BOUNDS-3 ...)
Rules: ((:DEFINITION FLOOR)
        (:DEFINITION NOT)
        (:DEFINITION SYNP)
        (:EXECUTABLE-COUNTERPART <)
        (:EXECUTABLE-COUNTERPART BINARY-+)
        (:EXECUTABLE-COUNTERPART DENOMINATOR)
        (:EXECUTABLE-COUNTERPART INTEGERP)
        (:EXECUTABLE-COUNTERPART NONNEGATIVE-INTEGER-QUOTIENT)
        (:EXECUTABLE-COUNTERPART NOT)
        (:EXECUTABLE-COUNTERPART NUMERATOR)
        (:EXECUTABLE-COUNTERPART RATIONALP)
        (:EXECUTABLE-COUNTERPART UNARY--)
        (:EXECUTABLE-COUNTERPART UNARY-/)
        (:FAKE-RUNE-FOR-LINEAR NIL)
        (:FAKE-RUNE-FOR-TYPE-SET NIL)
        (:LINEAR NIQ-BOUNDS)
        (:REWRITE |(* 0 x)|)
        (:REWRITE |(+ 0 x)|)
        (:REWRITE |(+ c (+ d x))|)
        (:REWRITE |(+ x (- x))|)
        (:REWRITE |(+ y (+ x z))|)
        (:REWRITE |(+ y x)|)
        (:REWRITE |(- (- x))|)
        (:REWRITE |(< (* x y) 0)|)
        (:REWRITE |(< (/ x) 0)|)
        (:REWRITE |(< (if a b c) x)|)
        (:REWRITE |(< 0 (/ x))|)
        (:REWRITE |(equal (/ x) 0)|)
        (:REWRITE BUBBLE-DOWN-+-MATCH-1)
        (:REWRITE EQUAL-DENOMINATOR-1)
        (:REWRITE NORMALIZE-ADDENDS)
        (:REWRITE NUMERATOR-NEGATIVE)
        (:REWRITE PREFER-POSITIVE-ADDENDS-<)
        (:REWRITE |arith (* (- x) y)|)
        (:REWRITE |arith (* (numerator x) (/ (denominator x)))|)
        (:TYPE-PRESCRIPTION NONNEGATIVE-INTEGER-QUOTIENT)
        (:TYPE-PRESCRIPTION NUMERATOR-NEGATIVE . 2)
        (:TYPE-PRESCRIPTION NUMERATOR-NEGATIVE . 1)
        (:TYPE-PRESCRIPTION NUMERATOR-POSITIVE . 2)
        (:TYPE-PRESCRIPTION NUMERATOR-POSITIVE . 1))
Warnings:  None
Time:  0.06 seconds (prove: 0.06, print: 0.00, other: 0.00)
FLOOR-BOUNDS-3

Summary
Form:  ( DEFTHM MOD-BOUNDS-1 ...)
Rules: ((:DEFINITION FLOOR)
        (:DEFINITION MOD)
        (:DEFINITION NOT)
        (:DEFINITION SYNP)
        (:EXECUTABLE-COUNTERPART <)
        (:EXECUTABLE-COUNTERPART BINARY-*)
        (:EXECUTABLE-COUNTERPART DENOMINATOR)
        (:EXECUTABLE-COUNTERPART INSERT-0)
        (:EXECUTABLE-COUNTERPART INTEGERP)
        (:EXECUTABLE-COUNTERPART NONNEGATIVE-INTEGER-QUOTIENT)
        (:EXECUTABLE-COUNTERPART NOT)
        (:EXECUTABLE-COUNTERPART NUMERATOR)
        (:EXECUTABLE-COUNTERPART RATIONALP)
        (:FAKE-RUNE-FOR-LINEAR NIL)
        (:FAKE-RUNE-FOR-TYPE-SET NIL)
        (:LINEAR NIQ-BOUNDS)
        (:REWRITE |(* (+ x y) z)|)
        (:REWRITE |(* (- x) y)|)
        (:REWRITE |(* (if a b c) x)|)
        (:REWRITE |(* -1 x)|)
        (:REWRITE |(* 0 x)|)
        (:REWRITE |(* 1 x)|)
        (:REWRITE |(* a (/ a))|)
        (:REWRITE |(* y (* x z))|)
        (:REWRITE |(* y x)|)
        (:REWRITE |(+ 0 x)|)
        (:REWRITE |(+ x (- x))|)
        (:REWRITE |(+ x (if a b c))|)
        (:REWRITE |(+ y (+ x z))|)
        (:REWRITE |(+ y x)|)
        (:REWRITE |(- (+ x y))|)
        (:REWRITE |(- (- x))|)
        (:REWRITE |(- (if a b c))|)
        (:REWRITE |(< (* x y) 0)|)
        (:REWRITE |(< (/ x) 0)|)
        (:REWRITE |(< (if a b c) x)|)
        (:REWRITE |(< 0 (/ x))|)
        (:REWRITE ARITH-BUBBLE-DOWN-*-MATCH-1)
        (:REWRITE ARITH-BUBBLE-DOWN-*-MATCH-3)
        (:REWRITE ARITH-NORMALIZE-FACTORS-SCATTER-EXPONENTS)
        (:REWRITE BUBBLE-DOWN-+-MATCH-1)
        (:REWRITE BUBBLE-DOWN-+-MATCH-3)
        (:REWRITE EQUAL-DENOMINATOR-1)
        (:REWRITE INTEGERP==>NUMERATOR-=-X)
        (:REWRITE NORMALIZE-ADDENDS)
        (:REWRITE NUMERATOR-NEGATIVE)
        (:REWRITE PREFER-POSITIVE-ADDENDS-<)
        (:REWRITE REMOVE-WEAK-INEQUALITIES-ONE)
        (:REWRITE REMOVE-WEAK-INEQUALITIES-TWO)
        (:REWRITE SIMPLIFY-PRODUCTS-GATHER-EXPONENTS-<)
        (:REWRITE SIMPLIFY-SUMS-<)
        (:REWRITE |arith (* (- x) y)|)
        (:REWRITE |arith (* (numerator x) (/ (denominator x)))|)
        (:REWRITE |arith (* -1 x)|)
        (:REWRITE |arith (* 1 x)|)
        (:REWRITE |arith (* x (/ x))|)
        (:REWRITE |arith (* x 1)|)
        (:REWRITE |arith (fix x)|)
        (:TYPE-PRESCRIPTION NONNEGATIVE-INTEGER-QUOTIENT)
        (:TYPE-PRESCRIPTION NUMERATOR-NEGATIVE . 1)
        (:TYPE-PRESCRIPTION NUMERATOR-NEGATIVE . 2)
        (:TYPE-PRESCRIPTION NUMERATOR-POSITIVE . 2)
        (:TYPE-PRESCRIPTION NUMERATOR-POSITIVE . 1))
Warnings:  None
Time:  0.08 seconds (prove: 0.08, print: 0.00, other: 0.00)
MOD-BOUNDS-1

Summary
Form:  ( DEFTHM MOD-BOUNDS-2 ...)
Rules: ((:DEFINITION FLOOR)
        (:DEFINITION MOD)
        (:DEFINITION NOT)
        (:DEFINITION SYNP)
        (:EXECUTABLE-COUNTERPART <)
        (:EXECUTABLE-COUNTERPART BINARY-*)
        (:EXECUTABLE-COUNTERPART DENOMINATOR)
        (:EXECUTABLE-COUNTERPART INSERT-0)
        (:EXECUTABLE-COUNTERPART INTEGERP)
        (:EXECUTABLE-COUNTERPART NONNEGATIVE-INTEGER-QUOTIENT)
        (:EXECUTABLE-COUNTERPART NOT)
        (:EXECUTABLE-COUNTERPART NUMERATOR)
        (:EXECUTABLE-COUNTERPART RATIONALP)
        (:FAKE-RUNE-FOR-LINEAR NIL)
        (:FAKE-RUNE-FOR-TYPE-SET NIL)
        (:LINEAR NIQ-BOUNDS)
        (:REWRITE |(* (+ x y) z)|)
        (:REWRITE |(* (- x) y)|)
        (:REWRITE |(* (if a b c) x)|)
        (:REWRITE |(* -1 x)|)
        (:REWRITE |(* 0 x)|)
        (:REWRITE |(* 1 x)|)
        (:REWRITE |(* a (/ a))|)
        (:REWRITE |(* y (* x z))|)
        (:REWRITE |(* y x)|)
        (:REWRITE |(+ 0 x)|)
        (:REWRITE |(+ x (- x))|)
        (:REWRITE |(+ x (if a b c))|)
        (:REWRITE |(+ y (+ x z))|)
        (:REWRITE |(+ y x)|)
        (:REWRITE |(- (+ x y))|)
        (:REWRITE |(- (- x))|)
        (:REWRITE |(- (if a b c))|)
        (:REWRITE |(< (* x y) 0)|)
        (:REWRITE |(< (/ x) 0)|)
        (:REWRITE |(< 0 (/ x))|)
        (:REWRITE |(< x (if a b c))|)
        (:REWRITE ARITH-BUBBLE-DOWN-*-MATCH-1)
        (:REWRITE ARITH-BUBBLE-DOWN-*-MATCH-3)
        (:REWRITE ARITH-NORMALIZE-FACTORS-SCATTER-EXPONENTS)
        (:REWRITE BUBBLE-DOWN-+-MATCH-1)
        (:REWRITE BUBBLE-DOWN-+-MATCH-3)
        (:REWRITE EQUAL-DENOMINATOR-1)
        (:REWRITE INTEGERP==>NUMERATOR-=-X)
        (:REWRITE NORMALIZE-ADDENDS)
        (:REWRITE NUMERATOR-NEGATIVE)
        (:REWRITE PREFER-POSITIVE-ADDENDS-<)
        (:REWRITE REMOVE-WEAK-INEQUALITIES-ONE)
        (:REWRITE REMOVE-WEAK-INEQUALITIES-TWO)
        (:REWRITE SIMPLIFY-PRODUCTS-GATHER-EXPONENTS-<)
        (:REWRITE SIMPLIFY-SUMS-<)
        (:REWRITE |arith (* (- x) y)|)
        (:REWRITE |arith (* (numerator x) (/ (denominator x)))|)
        (:REWRITE |arith (* -1 x)|)
        (:REWRITE |arith (* 1 x)|)
        (:REWRITE |arith (* x (/ x))|)
        (:REWRITE |arith (* x 1)|)
        (:REWRITE |arith (fix x)|)
        (:TYPE-PRESCRIPTION NONNEGATIVE-INTEGER-QUOTIENT)
        (:TYPE-PRESCRIPTION NUMERATOR-NEGATIVE . 1)
        (:TYPE-PRESCRIPTION NUMERATOR-NEGATIVE . 2)
        (:TYPE-PRESCRIPTION NUMERATOR-POSITIVE . 2)
        (:TYPE-PRESCRIPTION NUMERATOR-POSITIVE . 1))
Warnings:  None
Time:  0.07 seconds (prove: 0.07, print: 0.00, other: 0.00)
MOD-BOUNDS-2

Summary
Form:  ( DEFTHM MOD-BOUNDS-3 ...)
Rules: ((:DEFINITION FLOOR)
        (:DEFINITION MOD)
        (:DEFINITION NOT)
        (:DEFINITION SYNP)
        (:EXECUTABLE-COUNTERPART EQUAL)
        (:FAKE-RUNE-FOR-TYPE-SET NIL)
        (:REWRITE |(* (* x y) z)|)
        (:REWRITE |(* 1 x)|)
        (:REWRITE |(* a (/ a))|)
        (:REWRITE |(* y x)|)
        (:REWRITE |(+ x (- x))|)
        (:REWRITE BUBBLE-DOWN-+-MATCH-1)
        (:REWRITE INTEGERP==>DENOMINATOR-=-1)
        (:REWRITE INTEGERP==>NUMERATOR-=-X)
        (:REWRITE NORMALIZE-ADDENDS))
Warnings:  None
Time:  0.00 seconds (prove: 0.00, print: 0.00, other: 0.00)
MOD-BOUNDS-3

Summary
Form:  ( DEFTHEORY FLOOR-BOUNDS ...)
Rules: NIL
Warnings:  None
Time:  0.00 seconds (prove: 0.00, print: 0.00, other: 0.00)
2

Summary
Form:  ( DEFTHEORY MOD-BOUNDS ...)
Rules: NIL
Warnings:  None
Time:  0.00 seconds (prove: 0.00, print: 0.00, other: 0.00)
3

Summary
Form:  ( DEFTHEORY FLOOR-MOD-BOUNDS ...)
Rules: NIL
Warnings:  None
Time:  0.00 seconds (prove: 0.00, print: 0.00, other: 0.00)
5

Summary
Form:  ( IN-THEORY (DISABLE ...))
Rules: NIL
Warnings:  None
Time:  0.01 seconds (prove: 0.00, print: 0.00, other: 0.01)
2497

Summary
Form:  ( DEFTHM FLOOR-NONNEGATIVE-1 ...)
Rules: ((:DEFINITION NOT)
        (:FAKE-RUNE-FOR-LINEAR NIL)
        (:FAKE-RUNE-FOR-TYPE-SET NIL)
        (:LINEAR FLOOR-BOUNDS-1)
        (:REWRITE |(+ y x)|)
        (:TYPE-PRESCRIPTION FLOOR))
Warnings:  None
Time:  0.00 seconds (prove: 0.00, print: 0.00, other: 0.00)
FLOOR-NONNEGATIVE-1

Summary
Form:  ( DEFTHM FLOOR-NONNEGATIVE-2 ...)
Rules: ((:DEFINITION NOT)
        (:FAKE-RUNE-FOR-LINEAR NIL)
        (:FAKE-RUNE-FOR-TYPE-SET NIL)
        (:LINEAR FLOOR-BOUNDS-1)
        (:REWRITE |(+ y x)|)
        (:TYPE-PRESCRIPTION FLOOR))
Warnings:  None
Time:  0.00 seconds (prove: 0.00, print: 0.00, other: 0.00)
FLOOR-NONNEGATIVE-2

Summary
Form:  ( DEFTHM FLOOR-NONPOSITIVE-1 ...)
Rules: ((:DEFINITION NOT)
        (:FAKE-RUNE-FOR-LINEAR NIL)
        (:FAKE-RUNE-FOR-TYPE-SET NIL)
        (:LINEAR FLOOR-BOUNDS-1)
        (:TYPE-PRESCRIPTION FLOOR))
Warnings:  None
Time:  0.00 seconds (prove: 0.00, print: 0.00, other: 0.00)
FLOOR-NONPOSITIVE-1

Summary
Form:  ( DEFTHM FLOOR-NONPOSITIVE-2 ...)
Rules: ((:DEFINITION NOT)
        (:FAKE-RUNE-FOR-LINEAR NIL)
        (:FAKE-RUNE-FOR-TYPE-SET NIL)
        (:LINEAR FLOOR-BOUNDS-1)
        (:TYPE-PRESCRIPTION FLOOR))
Warnings:  None
Time:  0.00 seconds (prove: 0.00, print: 0.00, other: 0.00)
FLOOR-NONPOSITIVE-2

Summary
Form:  ( DEFTHM FLOOR-POSITIVE ...)
Rules: ((:DEFINITION NOT)
        (:DEFINITION SYNP)
        (:ELIM FLOOR-MOD-ELIM)
        (:EXECUTABLE-COUNTERPART <)
        (:EXECUTABLE-COUNTERPART BINARY-*)
        (:EXECUTABLE-COUNTERPART BINARY-+)
        (:EXECUTABLE-COUNTERPART NOT)
        (:EXECUTABLE-COUNTERPART RATIONALP)
        (:EXECUTABLE-COUNTERPART SYNP)
        (:EXECUTABLE-COUNTERPART UNARY--)
        (:EXECUTABLE-COUNTERPART UNARY-/)
        (:FAKE-RUNE-FOR-LINEAR NIL)
        (:FAKE-RUNE-FOR-TYPE-SET NIL)
        (:GENERALIZE FLOOR-BOUNDS-1)
        (:GENERALIZE FLOOR-BOUNDS-2)
        (:GENERALIZE FLOOR-BOUNDS-3)
        (:GENERALIZE MOD-BOUNDS-1)
        (:GENERALIZE MOD-BOUNDS-2)
        (:GENERALIZE MOD-BOUNDS-3)
        (:LINEAR FLOOR-BOUNDS-1)
        (:LINEAR FLOOR-BOUNDS-2)
        (:REWRITE |(* (* x y) z)|)
        (:REWRITE |(* (+ x y) z)|)
        (:REWRITE |(* 0 x)|)
        (:REWRITE |(* 1 x)|)
        (:REWRITE |(* a (/ a))|)
        (:REWRITE |(* x (if a b c))|)
        (:REWRITE |(* y (* x z))|)
        (:REWRITE |(* y x)|)
        (:REWRITE |(+ (+ x y) z)|)
        (:REWRITE |(+ 0 x)|)
        (:REWRITE |(+ c (+ d x))|)
        (:REWRITE |(+ x (- x))|)
        (:REWRITE |(+ y (+ x z))|)
        (:REWRITE |(+ y x)|)
        (:REWRITE |(< (* x y) 0)|)
        (:REWRITE |(< (/ x) 0)|)
        (:REWRITE |(< 0 (* x y))|)
        (:REWRITE |(< 0 (/ x))|)
        (:REWRITE |(< x (if a b c))|)
        (:REWRITE |(equal (if a b c) x)|)
        (:REWRITE ARITH-BUBBLE-DOWN-*-MATCH-1)
        (:REWRITE ARITH-NORMALIZE-FACTORS-SCATTER-EXPONENTS)
        (:REWRITE BUBBLE-DOWN-+-MATCH-1)
        (:REWRITE BUBBLE-DOWN-+-MATCH-3)
        (:REWRITE NORMALIZE-ADDENDS)
        (:REWRITE PREFER-POSITIVE-ADDENDS-<)
        (:REWRITE REDUCE-INTEGERP-+)
        (:REWRITE REMOVE-WEAK-INEQUALITIES-ONE)
        (:REWRITE SIMPLIFY-PRODUCTS-GATHER-EXPONENTS-<)
        (:REWRITE SIMPLIFY-SUMS-<)
        (:REWRITE |arith (* -1 x)|)
        (:REWRITE |arith (* 1 x)|)
        (:REWRITE |arith (* x (/ x))|)
        (:REWRITE |arith (* x 1)|)
        (:REWRITE |arith (fix x)|)
        (:TYPE-PRESCRIPTION FLOOR)
        (:TYPE-PRESCRIPTION FLOOR-NONNEGATIVE-1)
        (:TYPE-PRESCRIPTION FLOOR-NONNEGATIVE-2)
        (:TYPE-PRESCRIPTION NOT-INTEGERP-1B)
        (:TYPE-PRESCRIPTION NOT-INTEGERP-2B)
        (:TYPE-PRESCRIPTION RATIONALP-MOD))
Warnings:  None
Time:  0.16 seconds (prove: 0.15, print: 0.00, other: 0.00)
FLOOR-POSITIVE

Summary
Form:  ( DEFTHM FLOOR-NEGATIVE ...)
Rules: ((:DEFINITION IFF)
        (:EXECUTABLE-COUNTERPART SYNP)
        (:FAKE-RUNE-FOR-LINEAR NIL)
        (:FAKE-RUNE-FOR-TYPE-SET NIL)
        (:LINEAR FLOOR-BOUNDS-1)
        (:LINEAR FLOOR-BOUNDS-2)
        (:REWRITE |(equal (if a b c) x)|)
        (:REWRITE REWRITE-LINEAR-EQUALITIES-TO-IFF)
        (:TYPE-PRESCRIPTION FLOOR)
        (:TYPE-PRESCRIPTION FLOOR-NONNEGATIVE-1)
        (:TYPE-PRESCRIPTION FLOOR-NONNEGATIVE-2)
        (:TYPE-PRESCRIPTION FLOOR-NONPOSITIVE-1)
        (:TYPE-PRESCRIPTION FLOOR-NONPOSITIVE-2))
Warnings:  None
Time:  0.02 seconds (prove: 0.02, print: 0.00, other: 0.00)
FLOOR-NEGATIVE

Summary
Form:  ( DEFTHM FLOOR-ZERO ...)
Rules: ((:DEFINITION NOT)
        (:DEFINITION SYNP)
        (:ELIM FLOOR-MOD-ELIM)
        (:EXECUTABLE-COUNTERPART <)
        (:EXECUTABLE-COUNTERPART BINARY-*)
        (:EXECUTABLE-COUNTERPART EQUAL)
        (:EXECUTABLE-COUNTERPART INTEGERP)
        (:EXECUTABLE-COUNTERPART NOT)
        (:EXECUTABLE-COUNTERPART RATIONALP)
        (:EXECUTABLE-COUNTERPART SYNP)
        (:FAKE-RUNE-FOR-LINEAR NIL)
        (:FAKE-RUNE-FOR-TYPE-SET NIL)
        (:GENERALIZE FLOOR-BOUNDS-1)
        (:GENERALIZE FLOOR-BOUNDS-2)
        (:GENERALIZE FLOOR-BOUNDS-3)
        (:GENERALIZE MOD-BOUNDS-1)
        (:GENERALIZE MOD-BOUNDS-2)
        (:GENERALIZE MOD-BOUNDS-3)
        (:LINEAR FLOOR-BOUNDS-1)
        (:LINEAR FLOOR-BOUNDS-2)
        (:REWRITE |(* 0 x)|)
        (:REWRITE |(* a (/ a))|)
        (:REWRITE |(* y x)|)
        (:REWRITE |(+ 0 x)|)
        (:REWRITE |(+ y x)|)
        (:REWRITE ARITH-BUBBLE-DOWN-*-MATCH-1)
        (:REWRITE ARITH-NORMALIZE-FACTORS-SCATTER-EXPONENTS)
        (:REWRITE FLOOR-0-LOCAL)
        (:REWRITE |arith (* -1 x)|)
        (:REWRITE |arith (* x (/ x))|)
        (:REWRITE |arith (fix x)|)
        (:TYPE-PRESCRIPTION FLOOR)
        (:TYPE-PRESCRIPTION FLOOR-NONNEGATIVE-1)
        (:TYPE-PRESCRIPTION FLOOR-NONNEGATIVE-2)
        (:TYPE-PRESCRIPTION RATIONALP-MOD))
Warnings:  None
Time:  0.07 seconds (prove: 0.07, print: 0.00, other: 0.00)
FLOOR-ZERO

Summary
Form:  ( DEFTHM FLOOR-=-X/Y-1 ...)
Rules: ((:FAKE-RUNE-FOR-LINEAR NIL)
        (:FAKE-RUNE-FOR-TYPE-SET NIL)
        (:LINEAR FLOOR-BOUNDS-2)
        (:TYPE-PRESCRIPTION FLOOR))
Warnings:  None
Time:  0.01 seconds (prove: 0.00, print: 0.00, other: 0.00)
FLOOR-=-X/Y-1

Summary
Form:  ( DEFTHM FLOOR-=-X/Y-2 ...)
Rules: ((:FAKE-RUNE-FOR-TYPE-SET NIL)
        (:REWRITE |(* y x)|)
        (:REWRITE FLOOR-=-X/Y-1))
Warnings:  None
Time:  0.00 seconds (prove: 0.00, print: 0.00, other: 0.00)
FLOOR-=-X/Y-2

Summary
Form:  ( DEFTHM MOD-NONNEGATIVE ...)
Rules: ((:DEFINITION NOT)
        (:FAKE-RUNE-FOR-LINEAR NIL)
        (:LINEAR MOD-BOUNDS-1)
        (:TYPE-PRESCRIPTION RATIONALP-MOD))
Warnings:  None
Time:  0.00 seconds (prove: 0.00, print: 0.00, other: 0.00)
MOD-NONNEGATIVE

Summary
Form:  ( DEFTHM MOD-NONPOSITIVE ...)
Rules: ((:DEFINITION NOT)
        (:FAKE-RUNE-FOR-LINEAR NIL)
        (:LINEAR MOD-BOUNDS-2)
        (:TYPE-PRESCRIPTION RATIONALP-MOD))
Warnings:  None
Time:  0.00 seconds (prove: 0.00, print: 0.00, other: 0.00)
MOD-NONPOSITIVE

Summary
Form:  ( DEFTHM MOD-POSITIVE ...)
Rules: ((:DEFINITION FIX)
        (:DEFINITION NOT)
        (:DEFINITION SYNP)
        (:ELIM FLOOR-MOD-ELIM)
        (:EXECUTABLE-COUNTERPART <)
        (:EXECUTABLE-COUNTERPART BINARY-+)
        (:EXECUTABLE-COUNTERPART EQUAL)
        (:EXECUTABLE-COUNTERPART INSERT-0)
        (:EXECUTABLE-COUNTERPART NOT)
        (:EXECUTABLE-COUNTERPART RATIONALP)
        (:EXECUTABLE-COUNTERPART SYNP)
        (:EXECUTABLE-COUNTERPART UNARY--)
        (:EXECUTABLE-COUNTERPART UNARY-/)
        (:FAKE-RUNE-FOR-LINEAR NIL)
        (:FAKE-RUNE-FOR-TYPE-SET NIL)
        (:GENERALIZE FLOOR-BOUNDS-1)
        (:GENERALIZE FLOOR-BOUNDS-2)
        (:GENERALIZE FLOOR-BOUNDS-3)
        (:GENERALIZE MOD-BOUNDS-1)
        (:GENERALIZE MOD-BOUNDS-2)
        (:GENERALIZE MOD-BOUNDS-3)
        (:LINEAR MOD-BOUNDS-3)
        (:REWRITE |(* (* x y) z)|)
        (:REWRITE |(* (+ x y) z)|)
        (:REWRITE |(* 1 x)|)
        (:REWRITE |(* a (/ a))|)
        (:REWRITE |(* y x)|)
        (:REWRITE |(+ (+ x y) z)|)
        (:REWRITE |(+ 0 x)|)
        (:REWRITE |(+ c (+ d x))|)
        (:REWRITE |(+ x (- x))|)
        (:REWRITE |(+ y (+ x z))|)
        (:REWRITE |(+ y x)|)
        (:REWRITE |(< (* x y) 0)|)
        (:REWRITE |(< (/ x) 0)|)
        (:REWRITE |(< 0 (* x y))|)
        (:REWRITE |(< 0 (/ x))|)
        (:REWRITE |(equal (if a b c) x)|)
        (:REWRITE BUBBLE-DOWN-+-MATCH-1)
        (:REWRITE BUBBLE-DOWN-+-MATCH-3)
        (:REWRITE MOD-0-LOCAL)
        (:REWRITE NORMALIZE-ADDENDS)
        (:REWRITE PREFER-POSITIVE-ADDENDS-<)
        (:REWRITE REDUCE-INTEGERP-+)
        (:REWRITE REMOVE-WEAK-INEQUALITIES-TWO)
        (:REWRITE SIMPLIFY-PRODUCTS-GATHER-EXPONENTS-<)
        (:REWRITE SIMPLIFY-SUMS-<)
        (:TYPE-PRESCRIPTION FLOOR)
        (:TYPE-PRESCRIPTION FLOOR-NONNEGATIVE-2)
        (:TYPE-PRESCRIPTION MOD-NONNEGATIVE)
        (:TYPE-PRESCRIPTION MOD-NONPOSITIVE)
        (:TYPE-PRESCRIPTION NOT-INTEGERP-1B)
        (:TYPE-PRESCRIPTION RATIONALP-MOD))
Warnings:  None
Time:  0.08 seconds (prove: 0.08, print: 0.00, other: 0.00)
MOD-POSITIVE

Summary
Form:  ( DEFTHM MOD-NEGATIVE ...)
Rules: ((:DEFINITION FIX)
        (:DEFINITION NOT)
        (:DEFINITION SYNP)
        (:ELIM FLOOR-MOD-ELIM)
        (:EXECUTABLE-COUNTERPART <)
        (:EXECUTABLE-COUNTERPART BINARY-+)
        (:EXECUTABLE-COUNTERPART EQUAL)
        (:EXECUTABLE-COUNTERPART INSERT-0)
        (:EXECUTABLE-COUNTERPART NOT)
        (:EXECUTABLE-COUNTERPART RATIONALP)
        (:EXECUTABLE-COUNTERPART SYNP)
        (:EXECUTABLE-COUNTERPART UNARY--)
        (:EXECUTABLE-COUNTERPART UNARY-/)
        (:FAKE-RUNE-FOR-LINEAR NIL)
        (:FAKE-RUNE-FOR-TYPE-SET NIL)
        (:GENERALIZE FLOOR-BOUNDS-1)
        (:GENERALIZE FLOOR-BOUNDS-2)
        (:GENERALIZE FLOOR-BOUNDS-3)
        (:GENERALIZE MOD-BOUNDS-1)
        (:GENERALIZE MOD-BOUNDS-2)
        (:GENERALIZE MOD-BOUNDS-3)
        (:LINEAR MOD-BOUNDS-3)
        (:REWRITE |(* (* x y) z)|)
        (:REWRITE |(* (+ x y) z)|)
        (:REWRITE |(* 1 x)|)
        (:REWRITE |(* a (/ a))|)
        (:REWRITE |(* y x)|)
        (:REWRITE |(+ (+ x y) z)|)
        (:REWRITE |(+ 0 x)|)
        (:REWRITE |(+ c (+ d x))|)
        (:REWRITE |(+ x (- x))|)
        (:REWRITE |(+ y (+ x z))|)
        (:REWRITE |(+ y x)|)
        (:REWRITE |(< (* x y) 0)|)
        (:REWRITE |(< (/ x) 0)|)
        (:REWRITE |(< 0 (* x y))|)
        (:REWRITE |(< 0 (/ x))|)
        (:REWRITE |(equal (if a b c) x)|)
        (:REWRITE BUBBLE-DOWN-+-MATCH-1)
        (:REWRITE BUBBLE-DOWN-+-MATCH-3)
        (:REWRITE MOD-0-LOCAL)
        (:REWRITE NORMALIZE-ADDENDS)
        (:REWRITE PREFER-POSITIVE-ADDENDS-<)
        (:REWRITE REDUCE-INTEGERP-+)
        (:REWRITE REMOVE-WEAK-INEQUALITIES-ONE)
        (:REWRITE REMOVE-WEAK-INEQUALITIES-TWO)
        (:REWRITE SIMPLIFY-PRODUCTS-GATHER-EXPONENTS-<)
        (:REWRITE SIMPLIFY-SUMS-<)
        (:TYPE-PRESCRIPTION FLOOR)
        (:TYPE-PRESCRIPTION FLOOR-NONNEGATIVE-1)
        (:TYPE-PRESCRIPTION MOD-NONNEGATIVE)
        (:TYPE-PRESCRIPTION MOD-NONPOSITIVE)
        (:TYPE-PRESCRIPTION NOT-INTEGERP-2B)
        (:TYPE-PRESCRIPTION RATIONALP-MOD))
Warnings:  None
Time:  0.08 seconds (prove: 0.08, print: 0.00, other: 0.00)
MOD-NEGATIVE

Summary
Form:  ( DEFTHM MOD-ZERO ...)
Rules: ((:DEFINITION FIX)
        (:DEFINITION NOT)
        (:DEFINITION SYNP)
        (:ELIM FLOOR-MOD-ELIM)
        (:EXECUTABLE-COUNTERPART <)
        (:EXECUTABLE-COUNTERPART BINARY-+)
        (:EXECUTABLE-COUNTERPART EQUAL)
        (:EXECUTABLE-COUNTERPART INSERT-0)
        (:EXECUTABLE-COUNTERPART INTEGERP)
        (:EXECUTABLE-COUNTERPART NOT)
        (:EXECUTABLE-COUNTERPART RATIONALP)
        (:EXECUTABLE-COUNTERPART SYNP)
        (:EXECUTABLE-COUNTERPART UNARY--)
        (:FAKE-RUNE-FOR-LINEAR NIL)
        (:FAKE-RUNE-FOR-TYPE-SET NIL)
        (:GENERALIZE FLOOR-BOUNDS-1)
        (:GENERALIZE FLOOR-BOUNDS-2)
        (:GENERALIZE FLOOR-BOUNDS-3)
        (:GENERALIZE MOD-BOUNDS-1)
        (:GENERALIZE MOD-BOUNDS-2)
        (:GENERALIZE MOD-BOUNDS-3)
        (:LINEAR MOD-BOUNDS-3)
        (:REWRITE |(* (* x y) z)|)
        (:REWRITE |(* 0 x)|)
        (:REWRITE |(* 1 x)|)
        (:REWRITE |(* a (/ a))|)
        (:REWRITE |(* x (if a b c))|)
        (:REWRITE |(* y x)|)
        (:REWRITE |(+ 0 x)|)
        (:REWRITE |(+ c (+ d x))|)
        (:REWRITE |(+ x (- x))|)
        (:REWRITE |(+ y (+ x z))|)
        (:REWRITE |(+ y x)|)
        (:REWRITE |(< x (if a b c))|)
        (:REWRITE |(equal (* x y) 0)|)
        (:REWRITE |(equal (if a b c) x)|)
        (:REWRITE BUBBLE-DOWN-+-MATCH-1)
        (:REWRITE MOD-0-LOCAL)
        (:REWRITE NORMALIZE-ADDENDS)
        (:REWRITE PREFER-POSITIVE-ADDENDS-<)
        (:REWRITE SIMPLIFY-PRODUCTS-GATHER-EXPONENTS-<)
        (:REWRITE SIMPLIFY-SUMS-<)
        (:TYPE-PRESCRIPTION FLOOR)
        (:TYPE-PRESCRIPTION RATIONALP-MOD))
Warnings:  None
Time:  0.04 seconds (prove: 0.03, print: 0.00, other: 0.00)
MOD-ZERO

Summary
Form:  ( DEFTHM MOD-X-Y-=-X ...)
Rules: ((:DEFINITION FIX)
        (:DEFINITION NOT)
        (:DEFINITION SYNP)
        (:ELIM FLOOR-MOD-ELIM)
        (:EXECUTABLE-COUNTERPART EQUAL)
        (:EXECUTABLE-COUNTERPART INTEGERP)
        (:EXECUTABLE-COUNTERPART NOT)
        (:EXECUTABLE-COUNTERPART RATIONALP)
        (:EXECUTABLE-COUNTERPART SYNP)
        (:FAKE-RUNE-FOR-LINEAR NIL)
        (:FAKE-RUNE-FOR-TYPE-SET NIL)
        (:GENERALIZE FLOOR-BOUNDS-1)
        (:GENERALIZE FLOOR-BOUNDS-2)
        (:GENERALIZE FLOOR-BOUNDS-3)
        (:GENERALIZE MOD-BOUNDS-1)
        (:GENERALIZE MOD-BOUNDS-2)
        (:GENERALIZE MOD-BOUNDS-3)
        (:LINEAR MOD-BOUNDS-3)
        (:REWRITE |(* (* x y) z)|)
        (:REWRITE |(* (+ x y) z)|)
        (:REWRITE |(* 1 x)|)
        (:REWRITE |(* a (/ a))|)
        (:REWRITE |(* y x)|)
        (:REWRITE |(+ (+ x y) z)|)
        (:REWRITE |(+ 0 x)|)
        (:REWRITE |(+ x (- x))|)
        (:REWRITE |(+ y x)|)
        (:REWRITE BUBBLE-DOWN-+-MATCH-3)
        (:REWRITE MOD-0-LOCAL)
        (:REWRITE NORMALIZE-ADDENDS)
        (:REWRITE REDUCE-INTEGERP-+)
        (:REWRITE REMOVE-WEAK-INEQUALITIES-TWO)
        (:TYPE-PRESCRIPTION FLOOR)
        (:TYPE-PRESCRIPTION FLOOR-ZERO . 3)
        (:TYPE-PRESCRIPTION FLOOR-ZERO . 2)
        (:TYPE-PRESCRIPTION MOD-NONNEGATIVE)
        (:TYPE-PRESCRIPTION MOD-NONPOSITIVE)
        (:TYPE-PRESCRIPTION RATIONALP-MOD))
Warnings:  None
Time:  0.11 seconds (prove: 0.11, print: 0.00, other: 0.00)
MOD-X-Y-=-X

Summary
Form:  ( DEFTHM JUSTIFY-FLOOR-RECURSION ...)
Rules: ((:DEFINITION NOT)
        (:FAKE-RUNE-FOR-LINEAR NIL)
        (:FAKE-RUNE-FOR-TYPE-SET NIL)
        (:LINEAR FLOOR-BOUNDS-1)
        (:REWRITE |arith (* -1 x)|)
        (:REWRITE |arith (* 1 x)|)
        (:TYPE-PRESCRIPTION FLOOR)
        (:TYPE-PRESCRIPTION FLOOR-NEGATIVE . 2)
        (:TYPE-PRESCRIPTION FLOOR-NONNEGATIVE-1))
Warnings:  None
Time:  0.02 seconds (prove: 0.02, print: 0.00, other: 0.00)
JUSTIFY-FLOOR-RECURSION

Summary
Form:  ( DEFTHM FLOOR-+ ...)
Rules: ((:DEFINITION NOT)
        (:DEFINITION SYNP)
        (:ELIM FLOOR-MOD-ELIM)
        (:EXECUTABLE-COUNTERPART <)
        (:EXECUTABLE-COUNTERPART BINARY-+)
        (:EXECUTABLE-COUNTERPART IF)
        (:EXECUTABLE-COUNTERPART INSERT-0)
        (:EXECUTABLE-COUNTERPART INTEGERP)
        (:EXECUTABLE-COUNTERPART NOT)
        (:EXECUTABLE-COUNTERPART RATIONALP)
        (:EXECUTABLE-COUNTERPART SYNP)
        (:EXECUTABLE-COUNTERPART UNARY--)
        (:EXECUTABLE-COUNTERPART UNARY-/)
        (:FAKE-RUNE-FOR-LINEAR NIL)
        (:FAKE-RUNE-FOR-TYPE-SET NIL)
        (:GENERALIZE FLOOR-BOUNDS-1)
        (:GENERALIZE FLOOR-BOUNDS-2)
        (:GENERALIZE FLOOR-BOUNDS-3)
        (:GENERALIZE MOD-BOUNDS-1)
        (:GENERALIZE MOD-BOUNDS-2)
        (:GENERALIZE MOD-BOUNDS-3)
        (:LINEAR FLOOR-BOUNDS-1)
        (:LINEAR FLOOR-BOUNDS-2)
        (:LINEAR FLOOR-BOUNDS-3)
        (:LINEAR MOD-BOUNDS-1)
        (:LINEAR MOD-BOUNDS-2)
        (:REWRITE |(* (* x y) z)|)
        (:REWRITE |(* (+ x y) z)|)
        (:REWRITE |(* 0 x)|)
        (:REWRITE |(* 1 x)|)
        (:REWRITE |(* a (/ a))|)
        (:REWRITE |(* x (if a b c))|)
        (:REWRITE |(* y (* x z))|)
        (:REWRITE |(* y x)|)
        (:REWRITE |(+ (+ x y) z)|)
        (:REWRITE |(+ 0 x)|)
        (:REWRITE |(+ c (+ d x))|)
        (:REWRITE |(+ x (- x))|)
        (:REWRITE |(+ y (+ x z))|)
        (:REWRITE |(+ y x)|)
        (:REWRITE |(< (* x y) 0)|)
        (:REWRITE |(< (/ x) 0)|)
        (:REWRITE |(< 0 (* x y))|)
        (:REWRITE |(< 0 (/ x))|)
        (:REWRITE |(< x (if a b c))|)
        (:REWRITE |(equal (* x y) 0)|)
        (:REWRITE |(equal (if a b c) x)|)
        (:REWRITE BUBBLE-DOWN-+-MATCH-1)
        (:REWRITE BUBBLE-DOWN-+-MATCH-3)
        (:REWRITE FLOOR-ZERO . 1)
        (:REWRITE MOD-NEGATIVE . 1)
        (:REWRITE MOD-POSITIVE . 1)
        (:REWRITE NORMALIZE-ADDENDS)
        (:REWRITE PREFER-POSITIVE-ADDENDS-<)
        (:REWRITE REDUCE-INTEGERP-+)
        (:REWRITE REMOVE-WEAK-INEQUALITIES-ONE)
        (:REWRITE SIMPLIFY-PRODUCTS-GATHER-EXPONENTS-<)
        (:REWRITE SIMPLIFY-SUMS-<)
        (:REWRITE SIMPLIFY-SUMS-EQUAL)
        (:TYPE-PRESCRIPTION FLOOR)
        (:TYPE-PRESCRIPTION FLOOR-NONNEGATIVE-1)
        (:TYPE-PRESCRIPTION FLOOR-NONNEGATIVE-2)
        (:TYPE-PRESCRIPTION FLOOR-ZERO . 1)
        (:TYPE-PRESCRIPTION MOD)
        (:TYPE-PRESCRIPTION MOD-NEGATIVE . 2)
        (:TYPE-PRESCRIPTION MOD-NONNEGATIVE)
        (:TYPE-PRESCRIPTION MOD-NONPOSITIVE)
        (:TYPE-PRESCRIPTION MOD-POSITIVE . 2)
        (:TYPE-PRESCRIPTION NOT-INTEGERP-1B)
        (:TYPE-PRESCRIPTION NOT-INTEGERP-2B)
        (:TYPE-PRESCRIPTION RATIONALP-MOD))
Warnings:  None
Time:  1.00 seconds (prove: 1.00, print: 0.00, other: 0.00)
FLOOR-+

Summary
Form:  ( IN-THEORY (DISABLE ...))
Rules: NIL
Warnings:  None
Time:  0.00 seconds (prove: 0.00, print: 0.00, other: 0.00)
2548

Summary
Form:  ( DEFTHM MOD-+ ...)
Rules: ((:DEFINITION MOD)
        (:DEFINITION SYNP)
        (:EXECUTABLE-COUNTERPART BINARY-+)
        (:EXECUTABLE-COUNTERPART EQUAL)
        (:EXECUTABLE-COUNTERPART IF)
        (:EXECUTABLE-COUNTERPART INSERT-0)
        (:EXECUTABLE-COUNTERPART SYNP)
        (:FAKE-RUNE-FOR-LINEAR NIL)
        (:FAKE-RUNE-FOR-TYPE-SET NIL)
        (:LINEAR FLOOR-BOUNDS-1)
        (:REWRITE |(* (* x y) z)|)
        (:REWRITE |(* (+ x y) z)|)
        (:REWRITE |(* (- x) y)|)
        (:REWRITE |(* 0 x)|)
        (:REWRITE |(* a (/ a) b)|)
        (:REWRITE |(* x (+ y z))|)
        (:REWRITE |(* y (* x z))|)
        (:REWRITE |(* y x)|)
        (:REWRITE |(+ (+ x y) z)|)
        (:REWRITE |(+ 0 x)|)
        (:REWRITE |(+ x (- x))|)
        (:REWRITE |(+ y (+ x z))|)
        (:REWRITE |(+ y x)|)
        (:REWRITE |(- (- x))|)
        (:REWRITE BUBBLE-DOWN-+-MATCH-1)
        (:REWRITE BUBBLE-DOWN-+-MATCH-3)
        (:REWRITE INSERT-0-*)
        (:REWRITE INSERT-0-+)
        (:REWRITE INSERT-0-X-Y)
        (:REWRITE NORMALIZE-ADDENDS)
        (:REWRITE PREFER-POSITIVE-ADDENDS-EQUAL)
        (:REWRITE SIMPLIFY-PRODUCTS-GATHER-EXPONENTS-EQUAL)
        (:REWRITE SIMPLIFY-SUMS-EQUAL)
        (:TYPE-PRESCRIPTION FLOOR))
Warnings:  None
Time:  0.13 seconds (prove: 0.13, print: 0.00, other: 0.00)
MOD-+

Summary
Form:  ( IN-THEORY (DISABLE ...))
Rules: NIL
Warnings:  None
Time:  0.00 seconds (prove: 0.00, print: 0.00, other: 0.00)
2548

Summary
Form:  ( DEFTHM REWRITE-FLOOR-X*Y-Z-RIGHT ...)
Rules: ((:FAKE-RUNE-FOR-LINEAR NIL)
        (:FAKE-RUNE-FOR-TYPE-SET NIL)
        (:LINEAR FLOOR-BOUNDS-1)
        (:REWRITE |(* (* x y) z)|)
        (:REWRITE |(* y x)|)
        (:REWRITE |(+ y x)|)
        (:REWRITE |(/ (* x y))|)
        (:REWRITE |(/ (/ x))|)
        (:TYPE-PRESCRIPTION FLOOR))
Warnings:  None
Time:  0.02 seconds (prove: 0.02, print: 0.00, other: 0.00)
REWRITE-FLOOR-X*Y-Z-RIGHT

Summary
Form:  ( IN-THEORY (DISABLE ...))
Rules: NIL
Warnings:  None
Time:  0.00 seconds (prove: 0.00, print: 0.00, other: 0.00)
2548

Summary
Form:  ( DEFTHM REWRITE-MOD-X*Y-Z-RIGHT ...)
Rules: ((:DEFINITION MOD)
        (:DEFINITION SYNP)
        (:EXECUTABLE-COUNTERPART EQUAL)
        (:EXECUTABLE-COUNTERPART INSERT-0)
        (:EXECUTABLE-COUNTERPART NOT)
        (:EXECUTABLE-COUNTERPART RATIONALP)
        (:EXECUTABLE-COUNTERPART UNARY--)
        (:FAKE-RUNE-FOR-LINEAR NIL)
        (:FAKE-RUNE-FOR-TYPE-SET NIL)
        (:LINEAR FLOOR-BOUNDS-1)
        (:REWRITE |(* (* x y) z)|)
        (:REWRITE |(* 0 x)|)
        (:REWRITE |(* a (/ a) b)|)
        (:REWRITE |(* x (+ y z))|)
        (:REWRITE |(* x (- y))|)
        (:REWRITE |(* y (* x z))|)
        (:REWRITE |(* y x)|)
        (:REWRITE |(+ 0 x)|)
        (:REWRITE |(+ x (- x))|)
        (:REWRITE |(+ x (if a b c))|)
        (:REWRITE |(+ y (+ x z))|)
        (:REWRITE |(+ y x)|)
        (:REWRITE |(- (- x))|)
        (:REWRITE |(- (if a b c))|)
        (:REWRITE |(/ (* x y))|)
        (:REWRITE |(/ (/ x))|)
        (:REWRITE |(< (* x y) 0)|)
        (:REWRITE |(< 0 (* x y))|)
        (:REWRITE |(equal (* x y) 0)|)
        (:REWRITE |(equal (if a b c) x)|)
        (:REWRITE BUBBLE-DOWN-+-MATCH-1)
        (:REWRITE BUBBLE-DOWN-+-MATCH-3)
        (:REWRITE FLOOR-ZERO . 1)
        (:REWRITE INSERT-0-*)
        (:REWRITE INSERT-0-X-Y)
        (:REWRITE NORMALIZE-ADDENDS)
        (:REWRITE PREFER-POSITIVE-ADDENDS-EQUAL)
        (:REWRITE SIMPLIFY-PRODUCTS-GATHER-EXPONENTS-EQUAL)
        (:REWRITE SIMPLIFY-SUMS-EQUAL)
        (:TYPE-PRESCRIPTION FLOOR))
Warnings:  None
Time:  0.04 seconds (prove: 0.04, print: 0.00, other: 0.00)
REWRITE-MOD-X*Y-Z-RIGHT

Summary
Form:  ( IN-THEORY (DISABLE ...))
Rules: NIL
Warnings:  None
Time:  0.00 seconds (prove: 0.00, print: 0.00, other: 0.00)
2548

Summary
Form:  ( DEFTHM FLOOR-MINUS ...)
Rules: ((:DEFINITION SYNP)
        (:EXECUTABLE-COUNTERPART BINARY-+)
        (:EXECUTABLE-COUNTERPART SYNP)
        (:EXECUTABLE-COUNTERPART UNARY--)
        (:FAKE-RUNE-FOR-LINEAR NIL)
        (:FAKE-RUNE-FOR-TYPE-SET NIL)
        (:LINEAR FLOOR-BOUNDS-1)
        (:LINEAR FLOOR-BOUNDS-2)
        (:LINEAR FLOOR-BOUNDS-3)
        (:REWRITE |(* (- x) y)|)
        (:REWRITE |(+ 0 x)|)
        (:REWRITE |(+ c (+ d x))|)
        (:REWRITE |(+ x (- x))|)
        (:REWRITE |(+ y (+ x z))|)
        (:REWRITE |(+ y x)|)
        (:REWRITE |(- (- x))|)
        (:REWRITE |(equal (if a b c) x)|)
        (:REWRITE BUBBLE-DOWN-+-MATCH-1)
        (:REWRITE NORMALIZE-ADDENDS)
        (:REWRITE PREFER-POSITIVE-ADDENDS-EQUAL)
        (:TYPE-PRESCRIPTION FLOOR))
Warnings:  None
Time:  0.03 seconds (prove: 0.02, print: 0.00, other: 0.00)
FLOOR-MINUS

Summary
Form:  ( DEFTHM FLOOR-MINUS-2 ...)
Rules: ((:DEFINITION SYNP)
        (:EXECUTABLE-COUNTERPART BINARY-+)
        (:EXECUTABLE-COUNTERPART SYNP)
        (:EXECUTABLE-COUNTERPART UNARY--)
        (:FAKE-RUNE-FOR-LINEAR NIL)
        (:FAKE-RUNE-FOR-TYPE-SET NIL)
        (:LINEAR FLOOR-BOUNDS-1)
        (:LINEAR FLOOR-BOUNDS-2)
        (:LINEAR FLOOR-BOUNDS-3)
        (:REWRITE |(* x (- y))|)
        (:REWRITE |(+ 0 x)|)
        (:REWRITE |(+ c (+ d x))|)
        (:REWRITE |(+ x (- x))|)
        (:REWRITE |(+ y (+ x z))|)
        (:REWRITE |(+ y x)|)
        (:REWRITE |(- (- x))|)
        (:REWRITE |(/ (- x))|)
        (:REWRITE |(equal (if a b c) x)|)
        (:REWRITE BUBBLE-DOWN-+-MATCH-1)
        (:REWRITE NORMALIZE-ADDENDS)
        (:REWRITE PREFER-POSITIVE-ADDENDS-EQUAL)
        (:TYPE-PRESCRIPTION FLOOR))
Warnings:  None
Time:  0.03 seconds (prove: 0.03, print: 0.00, other: 0.00)
FLOOR-MINUS-2

Summary
Form:  ( DEFTHM MOD-NEG ...)
Rules: ((:DEFINITION MOD)
        (:DEFINITION NOT)
        (:DEFINITION SYNP)
        (:ELIM FLOOR-MOD-ELIM)
        (:EXECUTABLE-COUNTERPART <)
        (:EXECUTABLE-COUNTERPART EQUAL)
        (:EXECUTABLE-COUNTERPART NOT)
        (:EXECUTABLE-COUNTERPART SYNP)
        (:FAKE-RUNE-FOR-LINEAR NIL)
        (:FAKE-RUNE-FOR-TYPE-SET NIL)
        (:GENERALIZE FLOOR-BOUNDS-1)
        (:GENERALIZE FLOOR-BOUNDS-2)
        (:GENERALIZE FLOOR-BOUNDS-3)
        (:GENERALIZE MOD-BOUNDS-1)
        (:GENERALIZE MOD-BOUNDS-2)
        (:GENERALIZE MOD-BOUNDS-3)
        (:REWRITE |(* (+ x y) z)|)
        (:REWRITE |(* (- x) y)|)
        (:REWRITE |(* (if a b c) x)|)
        (:REWRITE |(* -1 x)|)
        (:REWRITE |(* y x)|)
        (:REWRITE |(+ 0 x)|)
        (:REWRITE |(+ x (- x))|)
        (:REWRITE |(+ x (if a b c))|)
        (:REWRITE |(+ y (+ x z))|)
        (:REWRITE |(+ y x)|)
        (:REWRITE |(- (+ x y))|)
        (:REWRITE |(- (- x))|)
        (:REWRITE |(- (if a b c))|)
        (:REWRITE |(equal (if a b c) x)|)
        (:REWRITE BUBBLE-DOWN-+-MATCH-1)
        (:REWRITE BUBBLE-DOWN-+-MATCH-3)
        (:REWRITE FLOOR-MINUS)
        (:REWRITE INTEGERP-MINUS-X)
        (:REWRITE NORMALIZE-ADDENDS)
        (:REWRITE PREFER-POSITIVE-ADDENDS-EQUAL)
        (:REWRITE SIMPLIFY-SUMS-EQUAL)
        (:TYPE-PRESCRIPTION FLOOR)
        (:TYPE-PRESCRIPTION MOD-ZERO . 1))
Warnings:  None
Time:  0.03 seconds (prove: 0.03, print: 0.00, other: 0.00)
MOD-NEG

Summary
Form:  ( DEFTHM MOD-MINUS-2 ...)
Rules: ((:DEFINITION MOD)
        (:DEFINITION NOT)
        (:DEFINITION SYNP)
        (:ELIM FLOOR-MOD-ELIM)
        (:EXECUTABLE-COUNTERPART <)
        (:EXECUTABLE-COUNTERPART EQUAL)
        (:EXECUTABLE-COUNTERPART NOT)
        (:EXECUTABLE-COUNTERPART SYNP)
        (:FAKE-RUNE-FOR-LINEAR NIL)
        (:FAKE-RUNE-FOR-TYPE-SET NIL)
        (:GENERALIZE FLOOR-BOUNDS-1)
        (:GENERALIZE FLOOR-BOUNDS-2)
        (:GENERALIZE FLOOR-BOUNDS-3)
        (:GENERALIZE MOD-BOUNDS-1)
        (:GENERALIZE MOD-BOUNDS-2)
        (:GENERALIZE MOD-BOUNDS-3)
        (:REWRITE |(* (+ x y) z)|)
        (:REWRITE |(* (- x) y)|)
        (:REWRITE |(* (if a b c) x)|)
        (:REWRITE |(* -1 x)|)
        (:REWRITE |(* x (- y))|)
        (:REWRITE |(* y x)|)
        (:REWRITE |(+ (+ x y) z)|)
        (:REWRITE |(+ (if a b c) x)|)
        (:REWRITE |(+ 0 x)|)
        (:REWRITE |(+ x (- x))|)
        (:REWRITE |(+ x (if a b c))|)
        (:REWRITE |(+ y (+ x z))|)
        (:REWRITE |(+ y x)|)
        (:REWRITE |(- (+ x y))|)
        (:REWRITE |(- (- x))|)
        (:REWRITE |(- (if a b c))|)
        (:REWRITE |(/ (- x))|)
        (:REWRITE |(equal (if a b c) x)|)
        (:REWRITE BUBBLE-DOWN-+-MATCH-1)
        (:REWRITE BUBBLE-DOWN-+-MATCH-3)
        (:REWRITE FLOOR-MINUS-2)
        (:REWRITE INTEGERP-MINUS-X)
        (:REWRITE NORMALIZE-ADDENDS)
        (:REWRITE PREFER-POSITIVE-ADDENDS-EQUAL)
        (:REWRITE SIMPLIFY-SUMS-EQUAL)
        (:TYPE-PRESCRIPTION FLOOR)
        (:TYPE-PRESCRIPTION MOD-ZERO . 1))
Warnings:  None
Time:  0.03 seconds (prove: 0.03, print: 0.00, other: 0.00)
MOD-MINUS-2

Summary
Form:  ( DEFTHM REWRITE-FLOOR-MOD ...)
Rules: ((:DEFINITION NOT)
        (:DEFINITION SYNP)
        (:ELIM FLOOR-MOD-ELIM)
        (:EXECUTABLE-COUNTERPART <)
        (:EXECUTABLE-COUNTERPART BINARY-*)
        (:EXECUTABLE-COUNTERPART BINARY-+)
        (:EXECUTABLE-COUNTERPART EQUAL)
        (:EXECUTABLE-COUNTERPART INSERT-0)
        (:EXECUTABLE-COUNTERPART INTEGERP)
        (:EXECUTABLE-COUNTERPART NOT)
        (:EXECUTABLE-COUNTERPART RATIONALP)
        (:EXECUTABLE-COUNTERPART UNARY--)
        (:EXECUTABLE-COUNTERPART UNARY-/)
        (:FAKE-RUNE-FOR-LINEAR NIL)
        (:FAKE-RUNE-FOR-TYPE-SET NIL)
        (:GENERALIZE FLOOR-BOUNDS-1)
        (:GENERALIZE FLOOR-BOUNDS-2)
        (:GENERALIZE FLOOR-BOUNDS-3)
        (:GENERALIZE MOD-BOUNDS-1)
        (:GENERALIZE MOD-BOUNDS-2)
        (:GENERALIZE MOD-BOUNDS-3)
        (:LINEAR FLOOR-BOUNDS-1)
        (:LINEAR FLOOR-BOUNDS-2)
        (:LINEAR FLOOR-BOUNDS-3)
        (:REWRITE |(* (* x y) z)|)
        (:REWRITE |(* (+ x y) z)|)
        (:REWRITE |(* 0 x)|)
        (:REWRITE |(* 1 x)|)
        (:REWRITE |(* a (/ a))|)
        (:REWRITE |(* x (+ y z))|)
        (:REWRITE |(* x (if a b c))|)
        (:REWRITE |(* y (* x z))|)
        (:REWRITE |(* y x)|)
        (:REWRITE |(+ (+ x y) z)|)
        (:REWRITE |(+ (if a b c) x)|)
        (:REWRITE |(+ 0 x)|)
        (:REWRITE |(+ c (+ d x))|)
        (:REWRITE |(+ x (- x))|)
        (:REWRITE |(+ x (if a b c))|)
        (:REWRITE |(+ y (+ x z))|)
        (:REWRITE |(+ y x)|)
        (:REWRITE |(- (- x))|)
        (:REWRITE |(< (* x y) 0)|)
        (:REWRITE |(< (/ x) 0)|)
        (:REWRITE |(< 0 (* x y))|)
        (:REWRITE |(< 0 (/ x))|)
        (:REWRITE |(< x (if a b c))|)
        (:REWRITE |(equal (* x y) 0)|)
        (:REWRITE |(equal (if a b c) x)|)
        (:REWRITE ARITH-BUBBLE-DOWN-*-MATCH-1)
        (:REWRITE ARITH-NORMALIZE-FACTORS-SCATTER-EXPONENTS)
        (:REWRITE BUBBLE-DOWN-+-MATCH-1)
        (:REWRITE BUBBLE-DOWN-+-MATCH-3)
        (:REWRITE FLOOR-0-LOCAL)
        (:REWRITE FLOOR-ZERO . 3)
        (:REWRITE FLOOR-ZERO . 4)
        (:REWRITE NORMALIZE-ADDENDS)
        (:REWRITE PREFER-POSITIVE-ADDENDS-<)
        (:REWRITE PREFER-POSITIVE-ADDENDS-EQUAL)
        (:REWRITE REDUCE-INTEGERP-+)
        (:REWRITE REMOVE-WEAK-INEQUALITIES-ONE)
        (:REWRITE SIMPLIFY-PRODUCTS-GATHER-EXPONENTS-<)
        (:REWRITE SIMPLIFY-SUMS-<)
        (:REWRITE SIMPLIFY-SUMS-EQUAL)
        (:REWRITE SIMPLIFY-TERMS-SUCH-AS-0-<-A+AB)
        (:REWRITE SIMPLIFY-TERMS-SUCH-AS-A+AB-<-0)
        (:REWRITE |arith (* -1 x)|)
        (:REWRITE |arith (* 1 x)|)
        (:REWRITE |arith (* x (/ x))|)
        (:REWRITE |arith (* x 1)|)
        (:REWRITE |arith (fix x)|)
        (:TYPE-PRESCRIPTION FLOOR)
        (:TYPE-PRESCRIPTION FLOOR-ZERO . 1)
        (:TYPE-PRESCRIPTION NOT-INTEGERP-1B)
        (:TYPE-PRESCRIPTION NOT-INTEGERP-1D)
        (:TYPE-PRESCRIPTION NOT-INTEGERP-2B)
        (:TYPE-PRESCRIPTION NOT-INTEGERP-2D)
        (:TYPE-PRESCRIPTION RATIONALP-MOD))
Warnings:  None
Time:  1.06 seconds (prove: 1.06, print: 0.00, other: 0.00)
REWRITE-FLOOR-MOD

Summary
Form:  ( DEFTHM REWRITE-MOD-MOD ...)
Rules: ((:DEFINITION FIX)
        (:DEFINITION NOT)
        (:DEFINITION SYNP)
        (:ELIM FLOOR-MOD-ELIM)
        (:EXECUTABLE-COUNTERPART <)
        (:EXECUTABLE-COUNTERPART BINARY-+)
        (:EXECUTABLE-COUNTERPART EQUAL)
        (:EXECUTABLE-COUNTERPART INSERT-0)
        (:EXECUTABLE-COUNTERPART INTEGERP)
        (:EXECUTABLE-COUNTERPART NOT)
        (:EXECUTABLE-COUNTERPART RATIONALP)
        (:EXECUTABLE-COUNTERPART UNARY--)
        (:FAKE-RUNE-FOR-LINEAR NIL)
        (:FAKE-RUNE-FOR-TYPE-SET NIL)
        (:GENERALIZE FLOOR-BOUNDS-1)
        (:GENERALIZE FLOOR-BOUNDS-2)
        (:GENERALIZE FLOOR-BOUNDS-3)
        (:GENERALIZE MOD-BOUNDS-1)
        (:GENERALIZE MOD-BOUNDS-2)
        (:GENERALIZE MOD-BOUNDS-3)
        (:REWRITE |(* (* x y) z)|)
        (:REWRITE |(* (+ x y) z)|)
        (:REWRITE |(* 0 x)|)
        (:REWRITE |(* 1 x)|)
        (:REWRITE |(* a (/ a))|)
        (:REWRITE |(* x (+ y z))|)
        (:REWRITE |(* y (* x z))|)
        (:REWRITE |(* y x)|)
        (:REWRITE |(+ (+ x y) z)|)
        (:REWRITE |(+ 0 x)|)
        (:REWRITE |(+ c (+ d x))|)
        (:REWRITE |(+ x (- x))|)
        (:REWRITE |(+ y (+ x z))|)
        (:REWRITE |(+ y x)|)
        (:REWRITE |(< (* x y) 0)|)
        (:REWRITE |(< (/ x) 0)|)
        (:REWRITE |(< 0 (* x y))|)
        (:REWRITE |(< 0 (/ x))|)
        (:REWRITE |(equal (* x y) 0)|)
        (:REWRITE BUBBLE-DOWN-+-MATCH-1)
        (:REWRITE BUBBLE-DOWN-+-MATCH-3)
        (:REWRITE FLOOR-ZERO . 1)
        (:REWRITE MOD-+)
        (:REWRITE MOD-0-LOCAL)
        (:REWRITE MOD-X-Y-=-X . 3)
        (:REWRITE MOD-X-Y-=-X . 4)
        (:REWRITE MOD-ZERO . 2)
        (:REWRITE MOD-ZERO . 3)
        (:REWRITE NORMALIZE-ADDENDS)
        (:REWRITE PREFER-POSITIVE-ADDENDS-<)
        (:REWRITE REDUCE-INTEGERP-+)
        (:REWRITE SIMPLIFY-PRODUCTS-GATHER-EXPONENTS-<)
        (:REWRITE SIMPLIFY-SUMS-<)
        (:REWRITE SIMPLIFY-SUMS-EQUAL)
        (:REWRITE SIMPLIFY-TERMS-SUCH-AS-0-<-A+AB)
        (:REWRITE SIMPLIFY-TERMS-SUCH-AS-A+AB-<-0)
        (:TYPE-PRESCRIPTION FLOOR)
        (:TYPE-PRESCRIPTION NOT-INTEGERP-1B)
        (:TYPE-PRESCRIPTION NOT-INTEGERP-1D)
        (:TYPE-PRESCRIPTION NOT-INTEGERP-2B)
        (:TYPE-PRESCRIPTION NOT-INTEGERP-2D)
        (:TYPE-PRESCRIPTION RATIONALP-MOD))
Warnings:  None
Time:  1.86 seconds (prove: 1.86, print: 0.00, other: 0.00)
REWRITE-MOD-MOD

Summary
Form:  ( DEFUN MOD-+-CANCEL-0-FN-1 ...)
Rules: ((:DEFINITION ACL2-COUNT)
        (:DEFINITION EQ)
        (:DEFINITION FN-SYMB)
        (:DEFINITION NOT)
        (:DEFINITION O-FINP)
        (:DEFINITION O<)
        (:DEFINITION PSEUDO-TERM-LISTP)
        (:DEFINITION PSEUDO-TERMP)
        (:DEFINITION SYNP)
        (:DEFINITION TRUE-LISTP)
        (:ELIM CAR-CDR-ELIM)
        (:EXECUTABLE-COUNTERPART ACL2-COUNT)
        (:EXECUTABLE-COUNTERPART BINARY-+)
        (:EXECUTABLE-COUNTERPART CAR)
        (:EXECUTABLE-COUNTERPART CDR)
        (:EXECUTABLE-COUNTERPART EQUAL)
        (:EXECUTABLE-COUNTERPART FN-SYMB)
        (:EXECUTABLE-COUNTERPART NOT)
        (:EXECUTABLE-COUNTERPART PSEUDO-TERM-LISTP)
        (:EXECUTABLE-COUNTERPART SYMBOLP)
        (:EXECUTABLE-COUNTERPART UNARY--)
        (:FAKE-RUNE-FOR-TYPE-SET NIL)
        (:REWRITE |(+ 0 x)|)
        (:REWRITE |(+ c (+ d x))|)
        (:REWRITE |(+ x (- x))|)
        (:REWRITE |(+ y (+ x z))|)
        (:REWRITE |(+ y x)|)
        (:REWRITE |(< (+ c x) (+ d y))|)
        (:REWRITE |(equal (if a b c) x)|)
        (:REWRITE BUBBLE-DOWN-+-MATCH-1)
        (:REWRITE CAR-CONS)
        (:REWRITE CDR-CONS)
        (:REWRITE NORMALIZE-ADDENDS)
        (:REWRITE SIMPLIFY-SUMS-<)
        (:TYPE-PRESCRIPTION ACL2-COUNT)
        (:TYPE-PRESCRIPTION PSEUDO-TERM-LISTP))
Warnings:  None
Time:  0.03 seconds (prove: 0.02, print: 0.00, other: 0.01)
MOD-+-CANCEL-0-FN-1

Summary
Form:  ( DEFUN MOD-+-CANCEL-0-FN ...)
Rules: ((:TYPE-PRESCRIPTION MOD-+-CANCEL-0-FN-1))
Warnings:  None
Time:  0.02 seconds (prove: 0.00, print: 0.00, other: 0.02)
MOD-+-CANCEL-0-FN

Summary
Form:  ( DEFTHM LOCAL-MOD-+-CANCEL-0 ...)
Rules: ((:DEFINITION FIX)
        (:DEFINITION HIDE)
        (:DEFINITION MOD)
        (:DEFINITION NOT)
        (:DEFINITION SYNP)
        (:EXECUTABLE-COUNTERPART NOT)
        (:EXECUTABLE-COUNTERPART RATIONALP)
        (:FAKE-RUNE-FOR-LINEAR NIL)
        (:FAKE-RUNE-FOR-TYPE-SET NIL)
        (:LINEAR MOD-BOUNDS-1)
        (:LINEAR MOD-BOUNDS-2)
        (:REWRITE |(* (* x y) z)|)
        (:REWRITE |(* a (/ a) b)|)
        (:REWRITE |(* y x)|)
        (:REWRITE |(+ (+ x y) z)|)
        (:REWRITE |(+ 0 x)|)
        (:REWRITE |(+ x (- x))|)
        (:REWRITE |(+ y (+ x z))|)
        (:REWRITE |(+ y x)|)
        (:REWRITE |(- (- x))|)
        (:REWRITE |(equal (* x y) 0)|)
        (:REWRITE BUBBLE-DOWN-+-MATCH-1)
        (:REWRITE BUBBLE-DOWN-+-MATCH-3)
        (:REWRITE MOD-+)
        (:REWRITE MOD-0-LOCAL)
        (:REWRITE MOD-X-Y-=-X . 4)
        (:REWRITE MOD-X-Y-=-X . 1)
        (:REWRITE MOD-X-Y-=-X . 3)
        (:REWRITE MOD-ZERO . 2)
        (:REWRITE MOD-ZERO . 1)
        (:REWRITE NORMALIZE-ADDENDS)
        (:REWRITE PREFER-POSITIVE-ADDENDS-EQUAL)
        (:REWRITE SIMPLIFY-SUMS-EQUAL)
        (:TYPE-PRESCRIPTION FLOOR)
        (:TYPE-PRESCRIPTION MOD-NONNEGATIVE)
        (:TYPE-PRESCRIPTION MOD-NONPOSITIVE)
        (:TYPE-PRESCRIPTION RATIONALP-MOD))
Warnings:  None
Time:  0.14 seconds (prove: 0.14, print: 0.00, other: 0.00)
LOCAL-MOD-+-CANCEL-0

Summary
Form:  ( DEFTHM MOD-+-CANCEL-0 ...)
Rules: ((:DEFINITION FIX)
        (:DEFINITION NOT)
        (:DEFINITION SYNP)
        (:EXECUTABLE-COUNTERPART EQUAL)
        (:EXECUTABLE-COUNTERPART MOD)
        (:EXECUTABLE-COUNTERPART NOT)
        (:EXECUTABLE-COUNTERPART RATIONALP)
        (:EXECUTABLE-COUNTERPART SYNP)
        (:FAKE-RUNE-FOR-TYPE-SET NIL)
        (:REWRITE |(* (+ x y) z)|)
        (:REWRITE |(* (- x) y)|)
        (:REWRITE |(* y x)|)
        (:REWRITE |(+ 0 x)|)
        (:REWRITE |(+ x (- x))|)
        (:REWRITE |(+ y (+ x z))|)
        (:REWRITE |(+ y x)|)
        (:REWRITE |(- (- x))|)
        (:REWRITE BUBBLE-DOWN-+-MATCH-1)
        (:REWRITE MOD-0-LOCAL)
        (:REWRITE MOD-X-Y-=-X . 1)
        (:REWRITE MOD-X-Y-=-X . 3)
        (:REWRITE MOD-X-Y-=-X . 4)
        (:REWRITE MOD-ZERO . 3)
        (:REWRITE MOD-ZERO . 2)
        (:REWRITE MOD-ZERO . 1)
        (:REWRITE NORMALIZE-ADDENDS)
        (:REWRITE PREFER-POSITIVE-ADDENDS-EQUAL)
        (:TYPE-PRESCRIPTION MOD)
        (:TYPE-PRESCRIPTION RATIONALP-MOD))
Warnings:  None
Time:  0.07 seconds (prove: 0.07, print: 0.00, other: 0.00)
MOD-+-CANCEL-0

Summary
Form:  ( DEFUN FACTORS-CCC ...)
Rules: ((:DEFINITION ACL2-COUNT)
        (:DEFINITION EQ)
        (:DEFINITION FN-SYMB)
        (:DEFINITION NOT)
        (:DEFINITION O-FINP)
        (:DEFINITION O<)
        (:DEFINITION PSEUDO-TERMP)
        (:DEFINITION SYNP)
        (:DEFINITION TRUE-LISTP)
        (:ELIM CAR-CDR-ELIM)
        (:EXECUTABLE-COUNTERPART ACL2-COUNT)
        (:EXECUTABLE-COUNTERPART BINARY-+)
        (:EXECUTABLE-COUNTERPART CAR)
        (:EXECUTABLE-COUNTERPART EQUAL)
        (:EXECUTABLE-COUNTERPART NOT)
        (:EXECUTABLE-COUNTERPART SYMBOLP)
        (:EXECUTABLE-COUNTERPART UNARY--)
        (:FAKE-RUNE-FOR-TYPE-SET NIL)
        (:REWRITE |(+ 0 x)|)
        (:REWRITE |(+ c (+ d x))|)
        (:REWRITE |(+ x (- x))|)
        (:REWRITE |(+ y (+ x z))|)
        (:REWRITE |(+ y x)|)
        (:REWRITE |(< d (+ c x))|)
        (:REWRITE |(equal (if a b c) x)|)
        (:REWRITE BUBBLE-DOWN-+-MATCH-1)
        (:REWRITE BUBBLE-DOWN-+-MATCH-3)
        (:REWRITE CAR-CONS)
        (:REWRITE CDR-CONS)
        (:REWRITE DEFAULT-CAR)
        (:REWRITE DEFAULT-CDR)
        (:REWRITE NORMALIZE-ADDENDS)
        (:REWRITE SIMPLIFY-SUMS-<)
        (:REWRITE TEST-303)
        (:TYPE-PRESCRIPTION ACL2-COUNT)
        (:TYPE-PRESCRIPTION PSEUDO-TERMP))
Warnings:  None
Time:  0.03 seconds (prove: 0.03, print: 0.00, other: 0.01)
FACTORS-CCC

Summary
Form:  ( DEFUN NON-ZERO-INTERSECTION-EQUAL ...)
Rules: ((:DEFINITION ENDP)
        (:DEFINITION NOT)
        (:DEFINITION PSEUDO-TERM-LISTP)
        (:FAKE-RUNE-FOR-TYPE-SET NIL)
        (:FORWARD-CHAINING PSEUDO-TERM-LISTP-FORWARD-TO-TRUE-LISTP)
        (:TYPE-PRESCRIPTION PSEUDO-TERM-LISTP))
Warnings:  None
Time:  0.01 seconds (prove: 0.00, print: 0.00, other: 0.01)
NON-ZERO-INTERSECTION-EQUAL

Summary
Form:  ( DEFUN MAKE-PRODUCT-CCC ...)
Rules: ((:DEFINITION ACL2-COUNT)
        (:DEFINITION NULL)
        (:DEFINITION O-FINP)
        (:DEFINITION O<)
        (:DEFINITION SYNP)
        (:ELIM CAR-CDR-ELIM)
        (:EXECUTABLE-COUNTERPART BINARY-+)
        (:EXECUTABLE-COUNTERPART UNARY--)
        (:FAKE-RUNE-FOR-TYPE-SET NIL)
        (:REWRITE |(+ 0 x)|)
        (:REWRITE |(+ c (+ d x))|)
        (:REWRITE |(+ x (- x))|)
        (:REWRITE |(+ y (+ x z))|)
        (:REWRITE |(+ y x)|)
        (:REWRITE |(< (+ c x) (+ d y))|)
        (:REWRITE |(< d (+ c x))|)
        (:REWRITE BUBBLE-DOWN-+-MATCH-1)
        (:REWRITE BUBBLE-DOWN-+-MATCH-3)
        (:REWRITE CAR-CONS)
        (:REWRITE CDR-CONS)
        (:REWRITE NORMALIZE-ADDENDS)
        (:REWRITE SIMPLIFY-SUMS-<)
        (:TYPE-PRESCRIPTION ACL2-COUNT))
Warnings:  None
Time:  0.03 seconds (prove: 0.02, print: 0.00, other: 0.01)
MAKE-PRODUCT-CCC

Summary
Form:  ( DEFUN FIND-COMMON-FACTORS ...)
Rules: ((:DEFINITION EQ)
        (:DEFINITION FACTORS-CCC)
        (:DEFINITION FN-SYMB)
        (:DEFINITION NOT)
        (:DEFINITION PSEUDO-TERM-LISTP)
        (:DEFINITION PSEUDO-TERMP)
        (:DEFINITION TRUE-LISTP)
        (:EXECUTABLE-COUNTERPART CAR)
        (:EXECUTABLE-COUNTERPART EQUAL)
        (:EXECUTABLE-COUNTERPART PSEUDO-TERM-LISTP)
        (:EXECUTABLE-COUNTERPART PSEUDO-TERMP)
        (:EXECUTABLE-COUNTERPART SYMBOLP)
        (:FAKE-RUNE-FOR-TYPE-SET NIL)
        (:INDUCTION FACTORS-CCC)
        (:REWRITE |(equal (if a b c) x)|)
        (:REWRITE CAR-CONS)
        (:REWRITE CDR-CONS)
        (:REWRITE TEST-302)
        (:REWRITE TEST-303)
        (:TYPE-PRESCRIPTION FACTORS-CCC)
        (:TYPE-PRESCRIPTION NON-ZERO-INTERSECTION-EQUAL)
        (:TYPE-PRESCRIPTION PSEUDO-TERM-LISTP)
        (:TYPE-PRESCRIPTION PSEUDO-TERMP))
Warnings:  None
Time:  0.04 seconds (prove: 0.03, print: 0.00, other: 0.01)
FIND-COMMON-FACTORS

Summary
Form:  ( DEFTHM FLOOR-CANCEL-* ...)
Rules: ((:DEFINITION NOT)
        (:EXECUTABLE-COUNTERPART SYNP)
        (:FAKE-RUNE-FOR-LINEAR NIL)
        (:FAKE-RUNE-FOR-TYPE-SET NIL)
        (:LINEAR FLOOR-BOUNDS-1)
        (:REWRITE |(* (* x y) z)|)
        (:REWRITE |(* a (/ a) b)|)
        (:REWRITE |(* y (* x z))|)
        (:REWRITE |(* y x)|)
        (:REWRITE |(+ y x)|)
        (:REWRITE |(/ (* x y))|)
        (:REWRITE |(/ (/ x))|)
        (:TYPE-PRESCRIPTION FLOOR))
Warnings:  None
Time:  0.02 seconds (prove: 0.02, print: 0.00, other: 0.00)
FLOOR-CANCEL-*

Summary
Form:  ( DEFTHM MOD-CANCEL-* ...)
Rules: ((:DEFINITION MOD)
        (:DEFINITION NOT)
        (:DEFINITION SYNP)
        (:EXECUTABLE-COUNTERPART SYNP)
        (:FAKE-RUNE-FOR-TYPE-SET NIL)
        (:REWRITE |(* (* x y) z)|)
        (:REWRITE |(* a (/ a) b)|)
        (:REWRITE |(* x (+ y z))|)
        (:REWRITE |(* x (- y))|)
        (:REWRITE |(* y (* x z))|)
        (:REWRITE |(* y x)|)
        (:REWRITE |(/ (/ x))|)
        (:REWRITE FLOOR-CANCEL-*)
        (:TYPE-PRESCRIPTION FLOOR))
Warnings:  None
Time:  0.01 seconds (prove: 0.01, print: 0.00, other: 0.00)
MOD-CANCEL-*

Summary
Form:  ( DEFUN FIND-CANCELLING-ADDENDS ...)
Rules: ((:DEFINITION ACL2-COUNT)
        (:DEFINITION EQ)
        (:DEFINITION FN-SYMB)
        (:DEFINITION NOT)
        (:DEFINITION O-FINP)
        (:DEFINITION O<)
        (:DEFINITION PROVEABLY-INTEGER)
        (:DEFINITION PSEUDO-TERMP)
        (:DEFINITION SYNP)
        (:DEFINITION TRUE-LISTP)
        (:ELIM CAR-CDR-ELIM)
        (:EXECUTABLE-COUNTERPART ACL2-COUNT)
        (:EXECUTABLE-COUNTERPART BINARY-+)
        (:EXECUTABLE-COUNTERPART EQUAL)
        (:EXECUTABLE-COUNTERPART NOT)
        (:EXECUTABLE-COUNTERPART SYMBOLP)
        (:EXECUTABLE-COUNTERPART UNARY--)
        (:FAKE-RUNE-FOR-TYPE-SET NIL)
        (:REWRITE |(+ 0 x)|)
        (:REWRITE |(+ c (+ d x))|)
        (:REWRITE |(+ x (- x))|)
        (:REWRITE |(+ y (+ x z))|)
        (:REWRITE |(+ y x)|)
        (:REWRITE |(< (+ c x) (+ d y))|)
        (:REWRITE |(equal (if a b c) x)|)
        (:REWRITE BUBBLE-DOWN-+-MATCH-1)
        (:REWRITE CAR-CONS)
        (:REWRITE CDR-CONS)
        (:REWRITE NORMALIZE-ADDENDS)
        (:REWRITE SIMPLIFY-SUMS-<)
        (:REWRITE TEST-303)
        (:TYPE-PRESCRIPTION ACL2-COUNT)
        (:TYPE-PRESCRIPTION PSEUDO-TERMP))
Warnings:  None
Time:  0.04 seconds (prove: 0.03, print: 0.00, other: 0.02)
FIND-CANCELLING-ADDENDS

Summary
Form:  ( DEFTHM CANCEL-FLOOR-+ ...)
Rules: ((:DEFINITION SYNP)
        (:EXECUTABLE-COUNTERPART SYNP)
        (:FAKE-RUNE-FOR-LINEAR NIL)
        (:FAKE-RUNE-FOR-TYPE-SET NIL)
        (:LINEAR FLOOR-BOUNDS-1)
        (:REWRITE |(* (+ x y) z)|)
        (:REWRITE |(* (- x) y)|)
        (:REWRITE |(+ (+ x y) z)|)
        (:REWRITE |(+ y (+ x z))|)
        (:REWRITE |(+ y x)|)
        (:TYPE-PRESCRIPTION FLOOR))
Warnings:  None
Time:  0.02 seconds (prove: 0.01, print: 0.00, other: 0.00)
CANCEL-FLOOR-+

Summary
Form:  ( DEFTHM CANCEL-MOD-+ ...)
Rules: ((:DEFINITION NOT)
        (:DEFINITION SYNP)
        (:ELIM FLOOR-MOD-ELIM)
        (:EXECUTABLE-COUNTERPART <)
        (:EXECUTABLE-COUNTERPART BINARY-+)
        (:EXECUTABLE-COUNTERPART EQUAL)
        (:EXECUTABLE-COUNTERPART INSERT-0)
        (:EXECUTABLE-COUNTERPART NOT)
        (:EXECUTABLE-COUNTERPART RATIONALP)
        (:EXECUTABLE-COUNTERPART SYNP)
        (:EXECUTABLE-COUNTERPART UNARY--)
        (:FAKE-RUNE-FOR-TYPE-SET NIL)
        (:GENERALIZE FLOOR-BOUNDS-1)
        (:GENERALIZE FLOOR-BOUNDS-2)
        (:GENERALIZE FLOOR-BOUNDS-3)
        (:GENERALIZE MOD-BOUNDS-1)
        (:GENERALIZE MOD-BOUNDS-2)
        (:GENERALIZE MOD-BOUNDS-3)
        (:REWRITE |(* (* x y) z)|)
        (:REWRITE |(* (+ x y) z)|)
        (:REWRITE |(* (- x) y)|)
        (:REWRITE |(* 1 x)|)
        (:REWRITE |(* a (/ a))|)
        (:REWRITE |(* y x)|)
        (:REWRITE |(+ (+ x y) z)|)
        (:REWRITE |(+ 0 x)|)
        (:REWRITE |(+ c (+ d x))|)
        (:REWRITE |(+ x (- x))|)
        (:REWRITE |(+ y (+ x z))|)
        (:REWRITE |(+ y x)|)
        (:REWRITE |(< (* x y) 0)|)
        (:REWRITE |(< (/ x) 0)|)
        (:REWRITE |(< 0 (* x y))|)
        (:REWRITE |(< 0 (/ x))|)
        (:REWRITE BUBBLE-DOWN-+-MATCH-1)
        (:REWRITE BUBBLE-DOWN-+-MATCH-3)
        (:REWRITE MOD-+-CANCEL-0)
        (:REWRITE MOD-X-Y-=-X . 3)
        (:REWRITE MOD-X-Y-=-X . 4)
        (:REWRITE MOD-ZERO . 2)
        (:REWRITE NORMALIZE-ADDENDS)
        (:REWRITE PREFER-POSITIVE-ADDENDS-<)
        (:REWRITE REDUCE-INTEGERP-+)
        (:REWRITE SIMPLIFY-PRODUCTS-GATHER-EXPONENTS-<)
        (:REWRITE SIMPLIFY-SUMS-<)
        (:TYPE-PRESCRIPTION FLOOR)
        (:TYPE-PRESCRIPTION NOT-INTEGERP-1B)
        (:TYPE-PRESCRIPTION NOT-INTEGERP-2B)
        (:TYPE-PRESCRIPTION RATIONALP-MOD))
Warnings:  None
Time:  0.10 seconds (prove: 0.09, print: 0.00, other: 0.00)
CANCEL-MOD-+

Summary
Form:  ( DEFUN SIMPLIFY-MOD-+-MOD-FN ...)
Rules: ((:DEFINITION ACL2-COUNT)
        (:DEFINITION EQ)
        (:DEFINITION FN-SYMB)
        (:DEFINITION NOT)
        (:DEFINITION O-FINP)
        (:DEFINITION O<)
        (:DEFINITION PROVEABLY-INTEGER)
        (:DEFINITION PSEUDO-TERM-LISTP)
        (:DEFINITION PSEUDO-TERMP)
        (:DEFINITION SYNP)
        (:DEFINITION TRUE-LISTP)
        (:ELIM CAR-CDR-ELIM)
        (:EXECUTABLE-COUNTERPART ACL2-COUNT)
        (:EXECUTABLE-COUNTERPART BINARY-+)
        (:EXECUTABLE-COUNTERPART CAR)
        (:EXECUTABLE-COUNTERPART CDR)
        (:EXECUTABLE-COUNTERPART EQUAL)
        (:EXECUTABLE-COUNTERPART NOT)
        (:EXECUTABLE-COUNTERPART SYMBOLP)
        (:EXECUTABLE-COUNTERPART UNARY--)
        (:FAKE-RUNE-FOR-TYPE-SET NIL)
        (:FORWARD-CHAINING PSEUDO-TERM-LISTP-FORWARD-TO-TRUE-LISTP)
        (:REWRITE |(+ (+ x y) z)|)
        (:REWRITE |(+ 0 x)|)
        (:REWRITE |(+ c (+ d x))|)
        (:REWRITE |(+ x (- x))|)
        (:REWRITE |(+ y (+ x z))|)
        (:REWRITE |(+ y x)|)
        (:REWRITE |(< (+ c x) (+ d y))|)
        (:REWRITE |(equal (if a b c) x)|)
        (:REWRITE BUBBLE-DOWN-+-MATCH-1)
        (:REWRITE BUBBLE-DOWN-+-MATCH-3)
        (:REWRITE CAR-CONS)
        (:REWRITE CDR-CONS)
        (:REWRITE DEFAULT-CAR)
        (:REWRITE DEFAULT-CDR)
        (:REWRITE NORMALIZE-ADDENDS)
        (:REWRITE SIMPLIFY-SUMS-<)
        (:REWRITE TEST-303)
        (:TYPE-PRESCRIPTION ACL2-COUNT)
        (:TYPE-PRESCRIPTION PSEUDO-TERM-LISTP)
        (:TYPE-PRESCRIPTION PSEUDO-TERMP))
Warnings:  None
Time:  0.46 seconds (prove: 0.44, print: 0.00, other: 0.02)
SIMPLIFY-MOD-+-MOD-FN

Summary
Form:  ( DEFTHM SIMPLIFY-MOD-+-MOD ...)
Rules: ((:DEFINITION NOT)
        (:DEFINITION SYNP)
        (:ELIM FLOOR-MOD-ELIM)
        (:EXECUTABLE-COUNTERPART <)
        (:EXECUTABLE-COUNTERPART BINARY-*)
        (:EXECUTABLE-COUNTERPART BINARY-+)
        (:EXECUTABLE-COUNTERPART INSERT-0)
        (:EXECUTABLE-COUNTERPART INTEGERP)
        (:EXECUTABLE-COUNTERPART NOT)
        (:EXECUTABLE-COUNTERPART RATIONALP)
        (:EXECUTABLE-COUNTERPART SYNP)
        (:EXECUTABLE-COUNTERPART UNARY--)
        (:EXECUTABLE-COUNTERPART UNARY-/)
        (:FAKE-RUNE-FOR-TYPE-SET NIL)
        (:GENERALIZE FLOOR-BOUNDS-1)
        (:GENERALIZE FLOOR-BOUNDS-2)
        (:GENERALIZE FLOOR-BOUNDS-3)
        (:GENERALIZE MOD-BOUNDS-1)
        (:GENERALIZE MOD-BOUNDS-2)
        (:GENERALIZE MOD-BOUNDS-3)
        (:REWRITE |(* (* x y) z)|)
        (:REWRITE |(* (+ x y) z)|)
        (:REWRITE |(* 0 x)|)
        (:REWRITE |(* 1 x)|)
        (:REWRITE |(* a (/ a))|)
        (:REWRITE |(* x (if a b c))|)
        (:REWRITE |(* y x)|)
        (:REWRITE |(+ (+ x y) z)|)
        (:REWRITE |(+ 0 x)|)
        (:REWRITE |(+ c (+ d x))|)
        (:REWRITE |(+ x (- x))|)
        (:REWRITE |(+ y (+ x z))|)
        (:REWRITE |(+ y x)|)
        (:REWRITE |(< (* x y) 0)|)
        (:REWRITE |(< (/ x) 0)|)
        (:REWRITE |(< 0 (* x y))|)
        (:REWRITE |(< 0 (/ x))|)
        (:REWRITE |(< x (if a b c))|)
        (:REWRITE |(equal (if a b c) x)|)
        (:REWRITE BUBBLE-DOWN-+-MATCH-1)
        (:REWRITE BUBBLE-DOWN-+-MATCH-3)
        (:REWRITE CANCEL-MOD-+)
        (:REWRITE NORMALIZE-ADDENDS)
        (:REWRITE PREFER-POSITIVE-ADDENDS-<)
        (:REWRITE REDUCE-INTEGERP-+)
        (:REWRITE SIMPLIFY-PRODUCTS-GATHER-EXPONENTS-<)
        (:REWRITE SIMPLIFY-SUMS-<)
        (:TYPE-PRESCRIPTION FLOOR)
        (:TYPE-PRESCRIPTION NOT-INTEGERP-1B)
        (:TYPE-PRESCRIPTION NOT-INTEGERP-2B)
        (:TYPE-PRESCRIPTION RATIONALP-MOD))
Warnings:  None
Time:  0.23 seconds (prove: 0.23, print: 0.00, other: 0.00)
SIMPLIFY-MOD-+-MOD

Summary
Form:  ( DEFUN SIMPLIFY-MOD-+-MINUS-MOD-FN ...)
Rules: ((:DEFINITION ACL2-COUNT)
        (:DEFINITION EQ)
        (:DEFINITION FN-SYMB)
        (:DEFINITION LEN)
        (:DEFINITION LENGTH)
        (:DEFINITION NOT)
        (:DEFINITION O-FINP)
        (:DEFINITION O<)
        (:DEFINITION PROVEABLY-INTEGER)
        (:DEFINITION PSEUDO-TERM-LISTP)
        (:DEFINITION PSEUDO-TERMP)
        (:DEFINITION SYNP)
        (:DEFINITION TRUE-LISTP)
        (:ELIM CAR-CDR-ELIM)
        (:EXECUTABLE-COUNTERPART ACL2-COUNT)
        (:EXECUTABLE-COUNTERPART BINARY-+)
        (:EXECUTABLE-COUNTERPART CAR)
        (:EXECUTABLE-COUNTERPART CDR)
        (:EXECUTABLE-COUNTERPART CONSP)
        (:EXECUTABLE-COUNTERPART EQUAL)
        (:EXECUTABLE-COUNTERPART NOT)
        (:EXECUTABLE-COUNTERPART SYMBOLP)
        (:EXECUTABLE-COUNTERPART UNARY--)
        (:FAKE-RUNE-FOR-TYPE-SET NIL)
        (:FORWARD-CHAINING PSEUDO-TERM-LISTP-FORWARD-TO-TRUE-LISTP)
        (:REWRITE |(+ (+ x y) z)|)
        (:REWRITE |(+ 0 x)|)
        (:REWRITE |(+ c (+ d x))|)
        (:REWRITE |(+ x (- x))|)
        (:REWRITE |(+ y (+ x z))|)
        (:REWRITE |(+ y x)|)
        (:REWRITE |(< (+ c x) (+ d y))|)
        (:REWRITE |(equal (if a b c) x)|)
        (:REWRITE BUBBLE-DOWN-+-MATCH-1)
        (:REWRITE BUBBLE-DOWN-+-MATCH-3)
        (:REWRITE CAR-CONS)
        (:REWRITE CDR-CONS)
        (:REWRITE DEFAULT-CAR)
        (:REWRITE DEFAULT-CDR)
        (:REWRITE NORMALIZE-ADDENDS)
        (:REWRITE SIMPLIFY-SUMS-<)
        (:REWRITE TEST-303)
        (:TYPE-PRESCRIPTION ACL2-COUNT)
        (:TYPE-PRESCRIPTION PSEUDO-TERM-LISTP)
        (:TYPE-PRESCRIPTION PSEUDO-TERMP))
Warnings:  None
Time:  1.60 seconds (prove: 1.57, print: 0.00, other: 0.03)
SIMPLIFY-MOD-+-MINUS-MOD-FN

Summary
Form:  ( DEFTHM SIMPLIFY-MOD-+-MINUS-MOD ...)
Rules: ((:DEFINITION NOT)
        (:DEFINITION SYNP)
        (:EXECUTABLE-COUNTERPART SYNP)
        (:FAKE-RUNE-FOR-TYPE-SET NIL)
        (:REWRITE |(* y x)|)
        (:REWRITE |(+ (+ x y) z)|)
        (:REWRITE |(+ 0 x)|)
        (:REWRITE |(+ x (- x))|)
        (:REWRITE |(+ y (+ x z))|)
        (:REWRITE |(+ y x)|)
        (:REWRITE BUBBLE-DOWN-+-MATCH-1)
        (:REWRITE BUBBLE-DOWN-+-MATCH-3)
        (:REWRITE NORMALIZE-ADDENDS)
        (:REWRITE SIMPLIFY-MOD-+-MOD)
        (:TYPE-PRESCRIPTION RATIONALP-MOD))
Warnings:  None
Time:  0.02 seconds (prove: 0.02, print: 0.00, other: 0.00)
SIMPLIFY-MOD-+-MINUS-MOD

Summary
Form:  ( DEFTHM FLOOR-0-LOCAL-2 ...)
Rules: ((:EXECUTABLE-COUNTERPART EQUAL)
        (:REWRITE FLOOR-0-LOCAL))
Warnings:  None
Time:  0.00 seconds (prove: 0.00, print: 0.00, other: 0.00)
FLOOR-0-LOCAL-2

Summary
Form:  ( DEFTHM FLOOR-FLOOR-INTEGER ...)
Rules: ((:DEFINITION NOT)
        (:DEFINITION SYNP)
        (:ELIM FLOOR-MOD-ELIM)
        (:EXECUTABLE-COUNTERPART <)
        (:EXECUTABLE-COUNTERPART BINARY-*)
        (:EXECUTABLE-COUNTERPART BINARY-+)
        (:EXECUTABLE-COUNTERPART EQUAL)
        (:EXECUTABLE-COUNTERPART FLOOR)
        (:EXECUTABLE-COUNTERPART INSERT-0)
        (:EXECUTABLE-COUNTERPART INTEGERP)
        (:EXECUTABLE-COUNTERPART NOT)
        (:EXECUTABLE-COUNTERPART RATIONALP)
        (:EXECUTABLE-COUNTERPART UNARY--)
        (:EXECUTABLE-COUNTERPART UNARY-/)
        (:FAKE-RUNE-FOR-LINEAR NIL)
        (:FAKE-RUNE-FOR-TYPE-SET NIL)
        (:GENERALIZE FLOOR-BOUNDS-1)
        (:GENERALIZE FLOOR-BOUNDS-2)
        (:GENERALIZE FLOOR-BOUNDS-3)
        (:GENERALIZE MOD-BOUNDS-1)
        (:GENERALIZE MOD-BOUNDS-2)
        (:GENERALIZE MOD-BOUNDS-3)
        (:REWRITE |(* (* x y) z)|)
        (:REWRITE |(* (+ x y) z)|)
        (:REWRITE |(* 0 x)|)
        (:REWRITE |(* a (/ a) b)|)
        (:REWRITE |(* a (/ a))|)
        (:REWRITE |(* x (+ y z))|)
        (:REWRITE |(* y (* x z))|)
        (:REWRITE |(* y x)|)
        (:REWRITE |(+ (+ x y) z)|)
        (:REWRITE |(+ (if a b c) x)|)
        (:REWRITE |(+ 0 x)|)
        (:REWRITE |(+ c (+ d x))|)
        (:REWRITE |(+ x (- x))|)
        (:REWRITE |(+ x (if a b c))|)
        (:REWRITE |(+ y (+ x z))|)
        (:REWRITE |(+ y x)|)
        (:REWRITE |(/ (* x y))|)
        (:REWRITE |(< (* x y) 0)|)
        (:REWRITE |(< (+ c x) d)|)
        (:REWRITE |(< (/ x) 0)|)
        (:REWRITE |(< 0 (* x y))|)
        (:REWRITE |(< 0 (/ x))|)
        (:REWRITE |(< x (if a b c))|)
        (:REWRITE |(equal (* x y) 0)|)
        (:REWRITE |(equal (if a b c) x)|)
        (:REWRITE ARITH-BUBBLE-DOWN-*-MATCH-3)
        (:REWRITE ARITH-NORMALIZE-FACTORS-SCATTER-EXPONENTS)
        (:REWRITE BUBBLE-DOWN-+-MATCH-1)
        (:REWRITE BUBBLE-DOWN-+-MATCH-3)
        (:REWRITE CANCEL-FLOOR-+)
        (:REWRITE FLOOR-0-LOCAL-2)
        (:REWRITE FLOOR-CANCEL-*)
        (:REWRITE FLOOR-ZERO . 3)
        (:REWRITE FLOOR-ZERO . 1)
        (:REWRITE NORMALIZE-ADDENDS)
        (:REWRITE PREFER-POSITIVE-ADDENDS-<)
        (:REWRITE REDUCE-INTEGERP-+)
        (:REWRITE REMOVE-WEAK-INEQUALITIES-ONE)
        (:REWRITE SIMPLIFY-PRODUCTS-GATHER-EXPONENTS-<)
        (:REWRITE SIMPLIFY-SUMS-<)
        (:REWRITE SIMPLIFY-SUMS-EQUAL)
        (:REWRITE |arith (* -1 x)|)
        (:REWRITE |arith (* 1 x)|)
        (:REWRITE |arith (* x (/ x))|)
        (:REWRITE |arith (* y x)|)
        (:REWRITE |arith (fix x)|)
        (:TYPE-PRESCRIPTION FLOOR)
        (:TYPE-PRESCRIPTION FLOOR-NONNEGATIVE-1)
        (:TYPE-PRESCRIPTION FLOOR-NONNEGATIVE-2)
        (:TYPE-PRESCRIPTION FLOOR-NONPOSITIVE-2)
        (:TYPE-PRESCRIPTION FLOOR-ZERO . 1)
        (:TYPE-PRESCRIPTION INTEGERP-MOD)
        (:TYPE-PRESCRIPTION NOT-INTEGERP-1A)
        (:TYPE-PRESCRIPTION NOT-INTEGERP-2A)
        (:TYPE-PRESCRIPTION RATIONALP-MOD))
Warnings:  None
Time:  0.77 seconds (prove: 0.77, print: 0.00, other: 0.00)
FLOOR-FLOOR-INTEGER

Summary
Form:  ( DEFTHM MOD-TWO ...)
Rules: ((:DEFINITION SYNP)
        (:EXECUTABLE-COUNTERPART <)
        (:EXECUTABLE-COUNTERPART EQUAL)
        (:EXECUTABLE-COUNTERPART NOT)
        (:EXECUTABLE-COUNTERPART UNARY-/)
        (:FAKE-RUNE-FOR-LINEAR NIL)
        (:FAKE-RUNE-FOR-TYPE-SET NIL)
        (:LINEAR MOD-BOUNDS-1)
        (:REWRITE |(* y x)|)
        (:REWRITE MOD-ZERO . 1)
        (:TYPE-PRESCRIPTION INTEGERP-MOD)
        (:TYPE-PRESCRIPTION MOD-NONNEGATIVE)
        (:TYPE-PRESCRIPTION RATIONALP-MOD))
Warnings:  None
Time:  0.02 seconds (prove: 0.02, print: 0.00, other: 0.00)
MOD-TWO

Summary
Form:  ( DEFTHM FLOOR-0 ...)
Rules: ((:EXECUTABLE-COUNTERPART EQUAL)
        (:EXECUTABLE-COUNTERPART IF)
        (:REWRITE FLOOR-0-LOCAL)
        (:REWRITE FLOOR-0-LOCAL-2))
Warnings:  None
Time:  0.00 seconds (prove: 0.00, print: 0.00, other: 0.00)
FLOOR-0

Summary
Form:  ( DEFTHM MOD-0 ...)
Rules: ((:EXECUTABLE-COUNTERPART EQUAL)
        (:EXECUTABLE-COUNTERPART IF)
        (:REWRITE MOD-0-LOCAL))
Warnings:  None
Time:  0.00 seconds (prove: 0.00, print: 0.00, other: 0.00)
MOD-0

Summary
Form:  ( DEFTHM FLOOR-X-1 ...)
Rules: ((:DEFINITION SYNP)
        (:EXECUTABLE-COUNTERPART FLOOR)
        (:EXECUTABLE-COUNTERPART UNARY-/)
        (:FAKE-RUNE-FOR-TYPE-SET NIL)
        (:REWRITE |(* 1 x)|)
        (:REWRITE |(* y x)|)
        (:REWRITE |(+ 0 x)|)
        (:REWRITE |(+ x (- x))|)
        (:REWRITE |(+ y x)|)
        (:REWRITE BUBBLE-DOWN-+-MATCH-1)
        (:REWRITE CANCEL-FLOOR-+)
        (:REWRITE NORMALIZE-ADDENDS))
Warnings:  None
Time:  0.01 seconds (prove: 0.01, print: 0.00, other: 0.00)
FLOOR-X-1

Summary
Form:  ( DEFTHM MOD-X-1 ...)
Rules: ((:FAKE-RUNE-FOR-TYPE-SET NIL)
        (:TYPE-PRESCRIPTION MOD-ZERO . 1))
Warnings:  None
Time:  0.00 seconds (prove: 0.00, print: 0.00, other: 0.00)
MOD-X-1

Summary
Form:  ( TABLE ACL2-DEFAULTS-TABLE ...)
Rules: NIL
Warnings:  None
Time:  0.00 seconds (prove: 0.00, print: 0.00, other: 0.00)
ACL2-DEFAULTS-TABLE

Summary
Form:  ( INCLUDE-BOOK "floor-mod" ...)
Rules: NIL
Warnings:  None
Time:  1.22 seconds (prove: 0.00, print: 0.00, other: 1.22)

"/Users/huangjianshi/src/acl2-sources/books/arithmetic-3/floor-mod/floor-mod.fasl"


Summary
Form:  (CERTIFY-BOOK "floor-mod" ...)
Rules: NIL
Warnings:  None
Time:  11.98 seconds (prove: 9.24, print: 0.00, other: 2.74)
 "/Users/huangjianshi/src/acl2-sources/books/arithmetic-3/floor-mod/floor-mod.lisp"
ACL2 !>
Exiting the ACL2 read-eval-print loop.  To re-enter, execute (LP).
* 