This is SBCL 1.0.1.34, an implementation of ANSI Common Lisp.
More information about SBCL is available at <http://www.sbcl.org/>.

SBCL is free software, provided as is, with absolutely no warranty.
It is mostly in the public domain; some portions are provided under
BSD-style licenses.  See the CREDITS and COPYING files in the
distribution for more information.

 ACL2 Version 3.1 built January 26, 2007  15:12:42.
 Copyright (C) 2006  University of Texas at Austin
 ACL2 comes with ABSOLUTELY NO WARRANTY.  This is free software and you
 are welcome to redistribute it under certain conditions.  For details,
 see the GNU General Public License.

 Initialized with (INITIALIZE-ACL2 'INCLUDE-BOOK *ACL2-PASS-2-FILES*).
 See the documentation topic note-3-1 for recent changes.
 Note: We have modified the prompt in some underlying Lisps to further
 distinguish it from the ACL2 prompt.

 NOTE!!  Proof trees are disabled in ACL2.  To enable them in emacs,
 look under the ACL2 source directory in interface/emacs/README.doc; 
 and, to turn on proof trees, execute :START-PROOF-TREE in the ACL2 
 command loop.   Look in the ACL2 documentation under PROOF-TREE.

ACL2 Version 3.1.  Level 1.  Cbd 
"/Users/huangjianshi/src/acl2-sources/books/workshops/2006/swords-cook/lcsoundness/".

Type :help for help.
Type (good-bye) to quit completely out of ACL2.

ACL2 !>
Exiting the ACL2 read-eval-print loop.  To re-enter, execute (LP).
* 
#<PACKAGE "ACL2">
* 
ACL2 Version 3.1.  Level 1.  Cbd 
"/Users/huangjianshi/src/acl2-sources/books/workshops/2006/swords-cook/lcsoundness/".

Type :help for help.
Type (good-bye) to quit completely out of ACL2.

ACL2 !> (PROVE PROOF-TREE
        WARNING OBSERVATION EVENT EXPANSION)
ACL2 !>
Summary
Form:  ( INCLUDE-BOOK "pattern-match" ...)
Rules: NIL
Warnings:  None
Time:  0.28 seconds (prove: 0.00, print: 0.00, other: 0.28)
"/Users/huangjianshi/src/acl2-sources/books/workshops/2006/swords-cook/lcsoundness/pattern-match.lisp"
T
T

Summary
Form:  ( DEFUN PRODUCT-TYPE ...)
Rules: NIL
Warnings:  None
Time:  0.01 seconds (prove: 0.00, print: 0.00, other: 0.01)
PRODUCT-TYPE

Summary
Form:  ( IN-THEORY (DISABLE ...))
Rules: NIL
Warnings:  None
Time:  0.00 seconds (prove: 0.00, print: 0.00, other: 0.00)
1792
:INVISIBLE

Summary
Form:  ( DEFUN APPSYMS1 ...)
Rules: NIL
Warnings:  None
Time:  0.00 seconds (prove: 0.00, print: 0.00, other: 0.00)
APPSYMS1

Summary
Form:  ( DEFUN APPSYMS ...)
Rules: NIL
Warnings:  None
Time:  0.00 seconds (prove: 0.00, print: 0.00, other: 0.00)
APPSYMS

Summary
Form:  ( DEFUN KWASSOC ...)
Rules: NIL
Warnings:  None
Time:  0.00 seconds (prove: 0.00, print: 0.00, other: 0.00)
KWASSOC

Summary
Form:  ( DEFUN SUM-NAME ...)
Rules: NIL
Warnings:  None
Time:  0.00 seconds (prove: 0.00, print: 0.00, other: 0.00)
SUM-NAME

Summary
Form:  ( DEFUN SUM-PRODUCTS ...)
Rules: NIL
Warnings:  None
Time:  0.00 seconds (prove: 0.00, print: 0.00, other: 0.00)
SUM-PRODUCTS

Summary
Form:  ( DEFUN SUM-RECOGNIZER ...)
Rules: NIL
Warnings:  None
Time:  0.00 seconds (prove: 0.00, print: 0.00, other: 0.00)
SUM-RECOGNIZER

Summary
Form:  ( DEFUN PRODUCT-NAME ...)
Rules: NIL
Warnings:  None
Time:  0.00 seconds (prove: 0.00, print: 0.00, other: 0.00)
PRODUCT-NAME

Summary
Form:  ( DEFUN PRODUCT-COMPONENTS ...)
Rules: NIL
Warnings:  None
Time:  0.00 seconds (prove: 0.00, print: 0.00, other: 0.00)
PRODUCT-COMPONENTS

Summary
Form:  ( DEFUN PRODUCT-KWALIST ...)
Rules: NIL
Warnings:  None
Time:  0.00 seconds (prove: 0.00, print: 0.00, other: 0.00)
PRODUCT-KWALIST

Summary
Form:  ( DEFUN PRODUCT-RECOGNIZER ...)
Rules: NIL
Warnings:  None
Time:  0.00 seconds (prove: 0.00, print: 0.00, other: 0.00)
PRODUCT-RECOGNIZER

Summary
Form:  ( DEFUN COMPONENT-NAME ...)
Rules: NIL
Warnings:  None
Time:  0.00 seconds (prove: 0.00, print: 0.00, other: 0.00)
COMPONENT-NAME

Summary
Form:  ( DEFUN COMPONENT-TYPE ...)
Rules: NIL
Warnings:  None
Time:  0.00 seconds (prove: 0.00, print: 0.00, other: 0.00)
COMPONENT-TYPE

Summary
Form:  ( DEFUN COMPONENT-KWALIST ...)
Rules: NIL
Warnings:  None
Time:  0.00 seconds (prove: 0.00, print: 0.00, other: 0.00)
COMPONENT-KWALIST

Summary
Form:  ( DEFUN STRIP-KEYWORDS ...)
Rules: NIL
Warnings:  None
Time:  0.01 seconds (prove: 0.00, print: 0.00, other: 0.01)
STRIP-KEYWORDS

Summary
Form:  ( DEFUN DEFSUM-MUNGE-COMPONENTS ...)
Rules: NIL
Warnings:  None
Time:  0.01 seconds (prove: 0.00, print: 0.00, other: 0.01)
DEFSUM-MUNGE-COMPONENTS

Summary
Form:  ( DEFUN DEFSUM-MUNGE-PRODUCT ...)
Rules: NIL
Warnings:  None
Time:  0.00 seconds (prove: 0.00, print: 0.00, other: 0.00)
DEFSUM-MUNGE-PRODUCT

Summary
Form:  ( DEFUN DEFSUM-MUNGE-PRODUCTS ...)
Rules: NIL
Warnings:  None
Time:  0.00 seconds (prove: 0.00, print: 0.00, other: 0.00)
DEFSUM-MUNGE-PRODUCTS

Summary
Form:  ( DEFUN STRIP-EXTFNS ...)
Rules: NIL
Warnings:  None
Time:  0.00 seconds (prove: 0.00, print: 0.00, other: 0.00)
STRIP-EXTFNS

Summary
Form:  ( DEFUN DEFSUM-MUNGE-INPUT ...)
Rules: NIL
Warnings:  None
Time:  0.00 seconds (prove: 0.00, print: 0.00, other: 0.00)
DEFSUM-MUNGE-INPUT

Summary
Form:  ( DEFUN DEFSUMS-MUNGE-SUMS ...)
Rules: NIL
Warnings:  None
Time:  0.00 seconds (prove: 0.00, print: 0.00, other: 0.00)
DEFSUMS-MUNGE-SUMS

Summary
Form:  ( DEFUN DEFSUMS-MUNGE-INPUT ...)
Rules: NIL
Warnings:  None
Time:  0.00 seconds (prove: 0.00, print: 0.00, other: 0.00)
DEFSUMS-MUNGE-INPUT
T

Summary
Form:  ( DEFUN RULES-OF-TYPE1 ...)
Rules: NIL
Warnings:  None
Time:  0.01 seconds (prove: 0.00, print: 0.00, other: 0.01)
RULES-OF-TYPE1
NIL

Summary
Form:  ( DEFUN RULES-OF-TYPE ...)
Rules: NIL
Warnings:  None
Time:  0.00 seconds (prove: 0.00, print: 0.00, other: 0.00)
RULES-OF-TYPE

Summary
Form:  ( DEFUN RECOGNIZER-NAME ...)
Rules: NIL
Warnings:  None
Time:  0.00 seconds (prove: 0.00, print: 0.00, other: 0.00)
RECOGNIZER-NAME

Summary
Form:  ( DEFUN RECOGNIZER-LIST ...)
Rules: NIL
Warnings:  None
Time:  0.00 seconds (prove: 0.00, print: 0.00, other: 0.00)
RECOGNIZER-LIST

Summary
Form:  ( DEFUN COMPONENTS-NAMES ...)
Rules: NIL
Warnings:  None
Time:  0.00 seconds (prove: 0.00, print: 0.00, other: 0.00)
COMPONENTS-NAMES

Summary
Form:  ( DEFUN CONSTRUCTOR-CALL ...)
Rules: NIL
Warnings:  None
Time:  0.00 seconds (prove: 0.00, print: 0.00, other: 0.00)
CONSTRUCTOR-CALL

Summary
Form:  ( DEFUN ACCESSOR-NAME ...)
Rules: NIL
Warnings:  None
Time:  0.00 seconds (prove: 0.00, print: 0.00, other: 0.00)
ACCESSOR-NAME

Summary
Form:  ( DEFUN ACCESSOR-LIST ...)
Rules: NIL
Warnings:  None
Time:  0.00 seconds (prove: 0.00, print: 0.00, other: 0.00)
ACCESSOR-LIST

Summary
Form:  ( DEFUN PRODUCT-ACCESSOR-LIST ...)
Rules: NIL
Warnings:  None
Time:  0.00 seconds (prove: 0.00, print: 0.00, other: 0.00)
PRODUCT-ACCESSOR-LIST

Summary
Form:  ( DEFUN ACCESSOR-CALL-LIST ...)
Rules: NIL
Warnings:  None
Time:  0.00 seconds (prove: 0.00, print: 0.00, other: 0.00)
ACCESSOR-CALL-LIST

Summary
Form:  ( DEFUN CONSTRUCTOR-DEF ...)
Rules: NIL
Warnings:  None
Time:  0.01 seconds (prove: 0.00, print: 0.00, other: 0.01)
CONSTRUCTOR-DEF

Summary
Form:  ( DEFUN PRODUCT-RECOGNIZER-DEF ...)
Rules: NIL
Warnings:  None
Time:  0.01 seconds (prove: 0.00, print: 0.00, other: 0.01)
PRODUCT-RECOGNIZER-DEF

Summary
Form:  ( DEFUN ACCESSOR-DEF ...)
Rules: NIL
Warnings:  None
Time:  0.01 seconds (prove: 0.00, print: 0.00, other: 0.01)
ACCESSOR-DEF

Summary
Form:  ( DEFUN ACCESSORS-DEF ...)
Rules: NIL
Warnings:  None
Time:  0.00 seconds (prove: 0.00, print: 0.00, other: 0.00)
ACCESSORS-DEF

Summary
Form:  ( DEFUN PRODUCT-FUNCTION-DEFS ...)
Rules: NIL
Warnings:  None
Time:  0.01 seconds (prove: 0.00, print: 0.00, other: 0.01)
PRODUCT-FUNCTION-DEFS

Summary
Form:  ( DEFUN PRODUCT-PATTERN-MATCHER ...)
Rules: NIL
Warnings:  None
Time:  0.00 seconds (prove: 0.00, print: 0.00, other: 0.00)
PRODUCT-PATTERN-MATCHER

Summary
Form:  ( DEFUN PRODUCT-COMPOUND-REC-THM ...)
Rules: NIL
Warnings:  None
Time:  0.01 seconds (prove: 0.00, print: 0.00, other: 0.01)
PRODUCT-COMPOUND-REC-THM

Summary
Form:  ( DEFUN FUNCTION-CALL-LIST ...)
Rules: NIL
Warnings:  None
Time:  0.01 seconds (prove: 0.00, print: 0.00, other: 0.01)
FUNCTION-CALL-LIST

Summary
Form:  ( DEFUN CONSTRUCTOR-ACL2-COUNT-THM ...)
Rules: NIL
Warnings:  None
Time:  0.01 seconds (prove: 0.00, print: 0.00, other: 0.01)
CONSTRUCTOR-ACL2-COUNT-THM

Summary
Form:  ( DEFUN ACCESSOR-SHORT-CIRCUIT-THM ...)
Rules: NIL
Warnings:  None
Time:  0.00 seconds (prove: 0.00, print: 0.00, other: 0.00)
ACCESSOR-SHORT-CIRCUIT-THM

Summary
Form:  ( DEFUN ACCESSOR-SHORT-CIRCUIT-THMS ...)
Rules: NIL
Warnings:  None
Time:  0.00 seconds (prove: 0.00, print: 0.00, other: 0.00)
ACCESSOR-SHORT-CIRCUIT-THMS

Summary
Form:  ( DEFUN ACCESSOR-ACL2-COUNT-THM ...)
Rules: NIL
Warnings:  None
Time:  0.01 seconds (prove: 0.00, print: 0.00, other: 0.01)
ACCESSOR-ACL2-COUNT-THM

Summary
Form:  ( DEFUN ACCESSOR-ACL2-COUNT-THMS ...)
Rules: NIL
Warnings:  None
Time:  0.00 seconds (prove: 0.00, print: 0.00, other: 0.00)
ACCESSOR-ACL2-COUNT-THMS

Summary
Form:  ( DEFUN PRODUCT-RECOGNIZER-CONSTRUCTOR-THM ...)
Rules: NIL
Warnings:  None
Time:  0.00 seconds (prove: 0.00, print: 0.00, other: 0.00)
PRODUCT-RECOGNIZER-CONSTRUCTOR-THM

Summary
Form:  ( DEFUN PRODUCT-ELIM-THM ...)
Rules: NIL
Warnings:  None
Time:  0.01 seconds (prove: 0.00, print: 0.00, other: 0.01)
PRODUCT-ELIM-THM

Summary
Form:  ( DEFUN PRODUCT-TYPE-THMS ...)
Rules: NIL
Warnings:  None
Time:  0.03 seconds (prove: 0.00, print: 0.00, other: 0.03)
PRODUCT-TYPE-THMS

Summary
Form:  ( DEFUN ACCESSOR-CONSTRUCTOR-THM ...)
Rules: NIL
Warnings:  None
Time:  0.00 seconds (prove: 0.00, print: 0.00, other: 0.00)
ACCESSOR-CONSTRUCTOR-THM

Summary
Form:  ( DEFUN CONSTRUCTOR-COMPONENT-THM ...)
Rules: NIL
Warnings:  None
Time:  0.01 seconds (prove: 0.00, print: 0.00, other: 0.01)
CONSTRUCTOR-COMPONENT-THM

Summary
Form:  ( DEFUN PRODUCT-COMPONENT-THM ...)
Rules: NIL
Warnings:  None
Time:  0.01 seconds (prove: 0.00, print: 0.00, other: 0.01)
PRODUCT-COMPONENT-THM

Summary
Form:  ( DEFUN ARG-DIFFERENCE-THM ...)
Rules: NIL
Warnings:  None
Time:  0.01 seconds (prove: 0.00, print: 0.00, other: 0.01)
ARG-DIFFERENCE-THM

Summary
Form:  ( DEFUN PRODUCT-ARG-THMS ...)
Rules: NIL
Warnings:  None
Time:  0.01 seconds (prove: 0.00, print: 0.00, other: 0.01)
PRODUCT-ARG-THMS

Summary
Form:  ( DEFUN PRODUCT-THEOREMS ...)
Rules: NIL
Warnings:  None
Time:  0.01 seconds (prove: 0.00, print: 0.00, other: 0.01)
PRODUCT-THEOREMS

Summary
Form:  ( DEFUN BASIC-PRODUCT-DEFS ...)
Rules: NIL
Warnings:  None
Time:  0.01 seconds (prove: 0.00, print: 0.00, other: 0.01)
BASIC-PRODUCT-DEFS

Summary
Form:  ( DEFMACRO DEFPRODUCT ...)
Rules: NIL
Warnings:  None
Time:  0.00 seconds (prove: 0.00, print: 0.00, other: 0.00)
DEFPRODUCT

Summary
Form:  ( DEFUN BASIC-PRODUCTS-DEFS ...)
Rules: NIL
Warnings:  None
Time:  0.01 seconds (prove: 0.00, print: 0.00, other: 0.01)
BASIC-PRODUCTS-DEFS

Summary
Form:  ( DEFUN TYPE-CHECKLIST1 ...)
Rules: NIL
Warnings:  None
Time:  0.00 seconds (prove: 0.00, print: 0.00, other: 0.00)
TYPE-CHECKLIST1

Summary
Form:  ( DEFUN TYPE-CHECKLIST ...)
Rules: NIL
Warnings:  None
Time:  0.01 seconds (prove: 0.00, print: 0.00, other: 0.01)
TYPE-CHECKLIST

Summary
Form:  ( DEFUN SUM-RECOGNIZER-CLAUSE ...)
Rules: NIL
Warnings:  None
Time:  0.00 seconds (prove: 0.00, print: 0.00, other: 0.00)
SUM-RECOGNIZER-CLAUSE

Summary
Form:  ( DEFUN SUM-RECOGNIZER-CLAUSES ...)
Rules: NIL
Warnings:  None
Time:  0.00 seconds (prove: 0.00, print: 0.00, other: 0.00)
SUM-RECOGNIZER-CLAUSES

Summary
Form:  ( DEFUN SUM-RECOGNIZER-DEF ...)
Rules: NIL
Warnings:  None
Time:  0.01 seconds (prove: 0.00, print: 0.00, other: 0.01)
SUM-RECOGNIZER-DEF

Summary
Form:  ( DEFUN SUM-RECOGNIZER-DEFS ...)
Rules: NIL
Warnings:  None
Time:  0.00 seconds (prove: 0.00, print: 0.00, other: 0.00)
SUM-RECOGNIZER-DEFS

Summary
Form:  ( DEFUN SUM-RECOGNIZERS-DEF ...)
Rules: NIL
Warnings:  None
Time:  0.01 seconds (prove: 0.00, print: 0.00, other: 0.01)
SUM-RECOGNIZERS-DEF

Summary
Form:  ( DEFUN SUM-COMPOUND-REC-THM ...)
Rules: NIL
Warnings:  None
Time:  0.00 seconds (prove: 0.00, print: 0.00, other: 0.00)
SUM-COMPOUND-REC-THM

Summary
Form:  ( DEFUN SUM-COMPOUND-REC-THMS ...)
Rules: NIL
Warnings:  None
Time:  0.00 seconds (prove: 0.00, print: 0.00, other: 0.00)
SUM-COMPOUND-REC-THMS

Summary
Form:  ( DEFUN RECOGNIZER-CALL-LIST ...)
Rules: NIL
Warnings:  None
Time:  0.00 seconds (prove: 0.00, print: 0.00, other: 0.00)
RECOGNIZER-CALL-LIST

Summary
Form:  ( DEFUN SUM-POSSIBILITY-THM ...)
Rules: NIL
Warnings:  None
Time:  0.01 seconds (prove: 0.00, print: 0.00, other: 0.01)
SUM-POSSIBILITY-THM

Summary
Form:  ( DEFUN SUM-POSSIBILITY-THMS ...)
Rules: NIL
Warnings:  None
Time:  0.00 seconds (prove: 0.00, print: 0.00, other: 0.00)
SUM-POSSIBILITY-THMS

Summary
Form:  ( DEFUN PRODUCT-FAST-RECS ...)
Rules: NIL
Warnings:  None
Time:  0.01 seconds (prove: 0.00, print: 0.00, other: 0.01)
PRODUCT-FAST-RECS

Summary
Form:  ( DEFUN PRODUCT-FAST-RECS-SUMS ...)
Rules: NIL
Warnings:  None
Time:  0.01 seconds (prove: 0.00, print: 0.00, other: 0.01)
PRODUCT-FAST-RECS-SUMS

Summary
Form:  ( DEFUN ACCESSOR-TYPE-CHECKLIST1 ...)
Rules: NIL
Warnings:  None
Time:  0.00 seconds (prove: 0.00, print: 0.00, other: 0.00)
ACCESSOR-TYPE-CHECKLIST1

Summary
Form:  ( DEFUN ACCESSOR-TYPE-CHECKLIST ...)
Rules: NIL
Warnings:  None
Time:  0.01 seconds (prove: 0.00, print: 0.00, other: 0.01)
ACCESSOR-TYPE-CHECKLIST

Summary
Form:  ( DEFUN ACCESSOR-TYPE-THM ...)
Rules: NIL
Warnings:  None
Time:  0.01 seconds (prove: 0.00, print: 0.00, other: 0.01)
ACCESSOR-TYPE-THM

Summary
Form:  ( DEFUN ACCESSOR-TYPE-THMS ...)
Rules: NIL
Warnings:  None
Time:  0.01 seconds (prove: 0.00, print: 0.00, other: 0.01)
ACCESSOR-TYPE-THMS

Summary
Form:  ( DEFUN ALL-ACCESSOR-TYPE-THMS ...)
Rules: NIL
Warnings:  None
Time:  0.01 seconds (prove: 0.00, print: 0.00, other: 0.01)
ALL-ACCESSOR-TYPE-THMS

Summary
Form:  ( DEFUN NEGATED-LIST ...)
Rules: NIL
Warnings:  None
Time:  0.00 seconds (prove: 0.00, print: 0.00, other: 0.00)
NEGATED-LIST

Summary
Form:  ( DEFUN NEGATED-ACCESSOR-TYPE-LIST ...)
Rules: NIL
Warnings:  None
Time:  0.01 seconds (prove: 0.00, print: 0.00, other: 0.01)
NEGATED-ACCESSOR-TYPE-LIST

Summary
Form:  ( DEFUN BAD-TYPING-THM ...)
Rules: NIL
Warnings:  None
Time:  0.01 seconds (prove: 0.00, print: 0.00, other: 0.01)
BAD-TYPING-THM

Summary
Form:  ( DEFUN SUM-BAD-TYPING-THMS ...)
Rules: NIL
Warnings:  None
Time:  0.01 seconds (prove: 0.00, print: 0.00, other: 0.01)
SUM-BAD-TYPING-THMS

Summary
Form:  ( DEFUN ALL-BAD-TYPING-THMS ...)
Rules: NIL
Warnings:  None
Time:  0.01 seconds (prove: 0.00, print: 0.00, other: 0.01)
ALL-BAD-TYPING-THMS

Summary
Form:  ( DEFUN SUM-RECOGNIZER-CONSTRUCTOR-THM ...)
Rules: NIL
Warnings:  None
Time:  0.01 seconds (prove: 0.00, print: 0.00, other: 0.01)
SUM-RECOGNIZER-CONSTRUCTOR-THM

Summary
Form:  ( DEFUN SUM-RECOGNIZER-CONSTRUCTOR-THMS ...)
Rules: NIL
Warnings:  None
Time:  0.01 seconds (prove: 0.00, print: 0.00, other: 0.01)
SUM-RECOGNIZER-CONSTRUCTOR-THMS

Summary
Form:  ( DEFUN ALL-POST-CONSTRUCTOR-THMS ...)
Rules: NIL
Warnings:  None
Time:  0.02 seconds (prove: 0.00, print: 0.00, other: 0.02)
ALL-POST-CONSTRUCTOR-THMS

Summary
Form:  ( DEFUN RECOGNIZER-NEGATE-LIST ...)
Rules: NIL
Warnings:  None
Time:  0.00 seconds (prove: 0.00, print: 0.00, other: 0.00)
RECOGNIZER-NEGATE-LIST

Summary
Form:  ( DEFUN NOT-EQUAL-CONSTRUCTOR-LIST ...)
Rules: NIL
Warnings:  None
Time:  0.00 seconds (prove: 0.00, print: 0.00, other: 0.00)
NOT-EQUAL-CONSTRUCTOR-LIST

Summary
Form:  ( DEFUN EXCLUSION-THM ...)
Rules: NIL
Warnings:  None
Time:  0.02 seconds (prove: 0.00, print: 0.00, other: 0.02)
EXCLUSION-THM

Summary
Form:  ( DEFUN EXCLUSION-THMS ...)
Rules: NIL
Warnings:  None
Time:  0.01 seconds (prove: 0.00, print: 0.00, other: 0.01)
EXCLUSION-THMS

Summary
Form:  ( DEFUN NAME-MATCHING-RECOGNIZER ...)
Rules: NIL
Warnings:  None
Time:  0.00 seconds (prove: 0.00, print: 0.00, other: 0.00)
NAME-MATCHING-RECOGNIZER

Summary
Form:  ( DEFUN RECURSIVE-ARG-AND-CALL-LIST ...)
Rules: NIL
Warnings:  None
Time:  0.01 seconds (prove: 0.00, print: 0.00, other: 0.01)
RECURSIVE-ARG-AND-CALL-LIST

Summary
Form:  ( DEFUN MEASURE-CLAUSE-LIST ...)
Rules: NIL
Warnings:  None
Time:  0.01 seconds (prove: 0.00, print: 0.00, other: 0.01)
MEASURE-CLAUSE-LIST

Summary
Form:  ( DEFUN MEASURE-DEF ...)
Rules: NIL
Warnings:  None
Time:  0.01 seconds (prove: 0.00, print: 0.00, other: 0.01)
MEASURE-DEF

Summary
Form:  ( DEFUN MEASURE-DEFS ...)
Rules: NIL
Warnings:  None
Time:  0.00 seconds (prove: 0.00, print: 0.00, other: 0.00)
MEASURE-DEFS

Summary
Form:  ( DEFUN MEASURE-MREC ...)
Rules: NIL
Warnings:  None
Time:  0.01 seconds (prove: 0.00, print: 0.00, other: 0.01)
MEASURE-MREC

Summary
Form:  ( DEFUN FIELD-MEASURE-INEQS ...)
Rules: NIL
Warnings:  None
Time:  0.01 seconds (prove: 0.00, print: 0.00, other: 0.01)
FIELD-MEASURE-INEQS

Summary
Form:  ( DEFUN FIELD-MEASURE-THMS ...)
Rules: NIL
Warnings:  None
Time:  0.01 seconds (prove: 0.00, print: 0.00, other: 0.01)
FIELD-MEASURE-THMS

Summary
Form:  ( DEFUN SUM-MEASURE-THMS ...)
Rules: NIL
Warnings:  None
Time:  0.01 seconds (prove: 0.00, print: 0.00, other: 0.01)
SUM-MEASURE-THMS

Summary
Form:  ( DEFUN UPDATER-DEFUN ...)
Rules: NIL
Warnings:  None
Time:  0.02 seconds (prove: 0.00, print: 0.00, other: 0.02)
UPDATER-DEFUN

Summary
Form:  ( DEFUN PRODUCT-UPDATER-DEFUNS ...)
Rules: NIL
Warnings:  None
Time:  0.00 seconds (prove: 0.00, print: 0.00, other: 0.00)
PRODUCT-UPDATER-DEFUNS

Summary
Form:  ( DEFUN UPDATER-DEFUNS ...)
Rules: NIL
Warnings:  None
Time:  0.01 seconds (prove: 0.00, print: 0.00, other: 0.01)
UPDATER-DEFUNS

Summary
Form:  ( DEFUN SUMS-PRODUCTS ...)
Rules: NIL
Warnings:  None
Time:  0.01 seconds (prove: 0.00, print: 0.00, other: 0.01)
SUMS-PRODUCTS

Summary
Form:  ( DEFUN SUMS-NAMES ...)
Rules: NIL
Warnings:  None
Time:  0.00 seconds (prove: 0.00, print: 0.00, other: 0.00)
SUMS-NAMES

Summary
Form:  ( DEFUN DEFSUMS-FN ...)
Rules: NIL
Warnings:  None
Time:  0.03 seconds (prove: 0.00, print: 0.00, other: 0.03)
DEFSUMS-FN

Summary
Form:  ( DEFMACRO DEFSUM ...)
Rules: NIL
Warnings:  None
Time:  0.00 seconds (prove: 0.00, print: 0.00, other: 0.00)
DEFSUM

Summary
Form:  ( DEFMACRO DEFSUMS ...)
Rules: NIL
Warnings:  None
Time:  0.00 seconds (prove: 0.00, print: 0.00, other: 0.00)
DEFSUMS

Summary
Form:  ( TABLE ACL2-DEFAULTS-TABLE ...)
Rules: NIL
Warnings:  None
Time:  0.00 seconds (prove: 0.00, print: 0.00, other: 0.00)
ACL2-DEFAULTS-TABLE

Summary
Form:  ( INCLUDE-BOOK "defsum" ...)
Rules: NIL
Warnings:  None
Time:  0.96 seconds (prove: 0.00, print: 0.00, other: 0.96)

"/Users/huangjianshi/src/acl2-sources/books/workshops/2006/swords-cook/lcsoundness/defsum.fasl"


Summary
Form:  (CERTIFY-BOOK "defsum" ...)
Rules: NIL
Warnings:  None
Time:  2.32 seconds (prove: 0.00, print: 0.00, other: 2.32)
 "/Users/huangjianshi/src/acl2-sources/books/workshops/2006/swords-cook/lcsoundness/defsum.lisp"
ACL2 !>
Exiting the ACL2 read-eval-print loop.  To re-enter, execute (LP).
* 