This is SBCL 1.0.1.34, an implementation of ANSI Common Lisp.
More information about SBCL is available at <http://www.sbcl.org/>.

SBCL is free software, provided as is, with absolutely no warranty.
It is mostly in the public domain; some portions are provided under
BSD-style licenses.  See the CREDITS and COPYING files in the
distribution for more information.

 ACL2 Version 3.1 built January 26, 2007  15:12:42.
 Copyright (C) 2006  University of Texas at Austin
 ACL2 comes with ABSOLUTELY NO WARRANTY.  This is free software and you
 are welcome to redistribute it under certain conditions.  For details,
 see the GNU General Public License.

 Initialized with (INITIALIZE-ACL2 'INCLUDE-BOOK *ACL2-PASS-2-FILES*).
 See the documentation topic note-3-1 for recent changes.
 Note: We have modified the prompt in some underlying Lisps to further
 distinguish it from the ACL2 prompt.

 NOTE!!  Proof trees are disabled in ACL2.  To enable them in emacs,
 look under the ACL2 source directory in interface/emacs/README.doc; 
 and, to turn on proof trees, execute :START-PROOF-TREE in the ACL2 
 command loop.   Look in the ACL2 documentation under PROOF-TREE.

ACL2 Version 3.1.  Level 1.  Cbd 
"/Users/huangjianshi/src/acl2-sources/books/workshops/2006/swords-cook/lcsoundness/".

Type :help for help.
Type (good-bye) to quit completely out of ACL2.

ACL2 !>
Exiting the ACL2 read-eval-print loop.  To re-enter, execute (LP).
* 
#<PACKAGE "ACL2">
* 
ACL2 Version 3.1.  Level 1.  Cbd 
"/Users/huangjianshi/src/acl2-sources/books/workshops/2006/swords-cook/lcsoundness/".

Type :help for help.
Type (good-bye) to quit completely out of ACL2.

ACL2 !> (PROVE PROOF-TREE
        WARNING OBSERVATION EVENT EXPANSION)
ACL2 !>:INVISIBLE

Summary
Form:  ( DEFMACRO PBL-TESTS-BINDINGS ...)
Rules: NIL
Warnings:  None
Time:  0.00 seconds (prove: 0.00, print: 0.00, other: 0.00)
PBL-TESTS-BINDINGS

Summary
Form:  ( DEFMACRO EXECUTE-PATMATCH ...)
Rules: NIL
Warnings:  None
Time:  0.00 seconds (prove: 0.00, print: 0.00, other: 0.00)
EXECUTE-PATMATCH

Summary
Form:  ( DEFMACRO CHECK-PATTERN-MATCHES ...)
Rules: NIL
Warnings:  None
Time:  0.00 seconds (prove: 0.00, print: 0.00, other: 0.00)
CHECK-PATTERN-MATCHES

Summary
Form:  ( DEFUN INTERN-CHECK ...)
Rules: NIL
Warnings:  None
Time:  0.01 seconds (prove: 0.00, print: 0.00, other: 0.01)
INTERN-CHECK

Summary
Form:  ( DEFUN PATTERN-BINDINGS-LIST ...)
Rules: NIL
Warnings:  None
Time:  0.07 seconds (prove: 0.00, print: 0.00, other: 0.07)
PATTERN-BINDINGS-LIST

Summary
Form:  ( DEFUN TEST-DECLARE ...)
Rules: NIL
Warnings:  None
Time:  0.00 seconds (prove: 0.00, print: 0.00, other: 0.00)
TEST-DECLARE

Summary
Form:  ( DEFUN SLICE-CLAUSE ...)
Rules: NIL
Warnings:  None
Time:  0.03 seconds (prove: 0.00, print: 0.00, other: 0.03)
SLICE-CLAUSE

Summary
Form:  ( DEFUN PATTERN-MATCH-CLAUSES ...)
Rules: NIL
Warnings:  None
Time:  0.01 seconds (prove: 0.00, print: 0.00, other: 0.01)
PATTERN-MATCH-CLAUSES

Summary
Form:  ( DEFUN PATTERN-MATCH-LIST-CLAUSES ...)
Rules: NIL
Warnings:  None
Time:  0.01 seconds (prove: 0.00, print: 0.00, other: 0.01)
PATTERN-MATCH-LIST-CLAUSES

Summary
Form:  ( DEFMACRO PATTERN-MATCH-LIST ...)
Rules: NIL
Warnings:  None
Time:  0.01 seconds (prove: 0.00, print: 0.00, other: 0.01)
PATTERN-MATCH-LIST

Summary
Form:  ( DEFMACRO PATTERN-MATCHES-LIST ...)
Rules: NIL
Warnings:  None
Time:  0.00 seconds (prove: 0.00, print: 0.00, other: 0.00)
PATTERN-MATCHES-LIST

Summary
Form:  ( DEFMACRO PATTERN-MATCH ...)
Rules: NIL
Warnings:  None
Time:  0.00 seconds (prove: 0.00, print: 0.00, other: 0.00)
PATTERN-MATCH

Summary
Form:  ( DEFMACRO PATTERN-MATCHES ...)
Rules: NIL
Warnings:  None
Time:  0.00 seconds (prove: 0.00, print: 0.00, other: 0.00)
PATTERN-MATCHES

Summary
Form:  ( MUTUAL-RECURSION ( DEFUN EXPLODE-TERM ...) ...)
Rules: NIL
Warnings:  None
Time:  0.01 seconds (prove: 0.00, print: 0.00, other: 0.01)
(EXPLODE-TERM EXPLODE-LIST)

Summary
Form:  ( DEFMACRO EXPL ...)
Rules: NIL
Warnings:  None
Time:  0.00 seconds (prove: 0.00, print: 0.00, other: 0.00)
EXPL

Summary
Form:  ( DEFUN DESTRUCTOR-SUBST-LIST ...)
Rules: NIL
Warnings:  None
Time:  0.01 seconds (prove: 0.00, print: 0.00, other: 0.01)
DESTRUCTOR-SUBST-LIST

Summary
Form:  ( DEFUN DESTRUCTOR-LIST ...)
Rules: NIL
Warnings:  None
Time:  0.01 seconds (prove: 0.00, print: 0.00, other: 0.01)
DESTRUCTOR-LIST

Summary
Form:  ( DEFMACRO DEF-PATTERN-MATCH-CONSTRUCTOR ...)
Rules: NIL
Warnings:  None
Time:  0.02 seconds (prove: 0.00, print: 0.00, other: 0.02)
DEF-PATTERN-MATCH-CONSTRUCTOR

Summary
Form:  ( DEFDOC CONSTRUCTOR-PATTERN-MATCH-MACROS ...)
Rules: NIL
Warnings:  None
Time:  0.00 seconds (prove: 0.00, print: 0.00, other: 0.00)
CONSTRUCTOR-PATTERN-MATCH-MACROS

Summary
Form:  ( DEFMACRO CONS-PATTERN-MATCHER ...)
Rules: NIL
Warnings:  None
Time:  0.01 seconds (prove: 0.00, print: 0.00, other: 0.01)
CONS-PATTERN-MATCHER

Summary
Form:  ( DEFUN LIST-OF-NTHS ...)
Rules: NIL
Warnings:  None
Time:  0.01 seconds (prove: 0.00, print: 0.00, other: 0.01)
LIST-OF-NTHS

Summary
Form:  ( DEFMACRO LIST-PATTERN-MATCHER ...)
Rules: NIL
Warnings:  None
Time:  0.01 seconds (prove: 0.00, print: 0.00, other: 0.01)
LIST-PATTERN-MATCHER

Summary
Form:  ( DEFMACRO LIST*-PATTERN-MATCHER ...)
Rules: NIL
Warnings:  None
Time:  0.00 seconds (prove: 0.00, print: 0.00, other: 0.00)
LIST*-PATTERN-MATCHER

Summary
Form:  ( DEFMACRO RAW-PATTERN-MATCHER ...)
Rules: NIL
Warnings:  None
Time:  0.01 seconds (prove: 0.00, print: 0.00, other: 0.01)
RAW-PATTERN-MATCHER

Summary
Form:  ( DEFMACRO BIND-PATTERN-MATCHER ...)
Rules: NIL
Warnings:  None
Time:  0.01 seconds (prove: 0.00, print: 0.00, other: 0.01)
BIND-PATTERN-MATCHER

Summary
Form:  ( DEFUN EQUAL-ANY-LIST ...)
Rules: NIL
Warnings:  None
Time:  0.00 seconds (prove: 0.00, print: 0.00, other: 0.00)
EQUAL-ANY-LIST

Summary
Form:  ( DEFMACRO ANY-PATTERN-MATCHER ...)
Rules: NIL
Warnings:  None
Time:  0.01 seconds (prove: 0.00, print: 0.00, other: 0.01)
ANY-PATTERN-MATCHER

Summary
Form:  ( DEFMACRO ACONS-PATTERN-MATCHER ...)
Rules: NIL
Warnings:  None
Time:  0.01 seconds (prove: 0.00, print: 0.00, other: 0.01)
ACONS-PATTERN-MATCHER

Summary
Form:  ( DEFMACRO FORCE-PATTERN-MATCHER ...)
Rules: NIL
Warnings:  None
Time:  0.00 seconds (prove: 0.00, print: 0.00, other: 0.00)
FORCE-PATTERN-MATCHER

Summary
Form:  ( DEFUN REMOVE-UP-TO ...)
Rules: NIL
Warnings:  None
Time:  0.00 seconds (prove: 0.00, print: 0.00, other: 0.00)
REMOVE-UP-TO

Summary
Form:  ( DEFMACRO FORCE-MATCH-REMOVE-TESTS-PATTERN-MATCHER ...)
Rules: NIL
Warnings:  None
Time:  0.00 seconds (prove: 0.00, print: 0.00, other: 0.00)
FORCE-MATCH-REMOVE-TESTS-PATTERN-MATCHER

Summary
Form:  ( TABLE ACL2-DEFAULTS-TABLE ...)
Rules: NIL
Warnings:  None
Time:  0.00 seconds (prove: 0.00, print: 0.00, other: 0.00)
ACL2-DEFAULTS-TABLE

Summary
Form:  ( INCLUDE-BOOK "pattern-match" ...)
Rules: NIL
Warnings:  None
Time:  0.21 seconds (prove: 0.00, print: 0.00, other: 0.21)

"/Users/huangjianshi/src/acl2-sources/books/workshops/2006/swords-cook/lcsoundness/pattern-match.fasl"


Summary
Form:  (CERTIFY-BOOK "pattern-match" ...)
Rules: NIL
Warnings:  None
Time:  0.79 seconds (prove: 0.00, print: 0.00, other: 0.79)
 "/Users/huangjianshi/src/acl2-sources/books/workshops/2006/swords-cook/lcsoundness/pattern-match.lisp"
ACL2 !>
Exiting the ACL2 read-eval-print loop.  To re-enter, execute (LP).
* 