This is SBCL 1.0.1.34, an implementation of ANSI Common Lisp.
More information about SBCL is available at <http://www.sbcl.org/>.

SBCL is free software, provided as is, with absolutely no warranty.
It is mostly in the public domain; some portions are provided under
BSD-style licenses.  See the CREDITS and COPYING files in the
distribution for more information.

 ACL2 Version 3.1 built January 26, 2007  15:12:42.
 Copyright (C) 2006  University of Texas at Austin
 ACL2 comes with ABSOLUTELY NO WARRANTY.  This is free software and you
 are welcome to redistribute it under certain conditions.  For details,
 see the GNU General Public License.

 Initialized with (INITIALIZE-ACL2 'INCLUDE-BOOK *ACL2-PASS-2-FILES*).
 See the documentation topic note-3-1 for recent changes.
 Note: We have modified the prompt in some underlying Lisps to further
 distinguish it from the ACL2 prompt.

 NOTE!!  Proof trees are disabled in ACL2.  To enable them in emacs,
 look under the ACL2 source directory in interface/emacs/README.doc; 
 and, to turn on proof trees, execute :START-PROOF-TREE in the ACL2 
 command loop.   Look in the ACL2 documentation under PROOF-TREE.

ACL2 Version 3.1.  Level 1.  Cbd 
"/Users/huangjianshi/src/acl2-sources/books/workshops/2006/cowles-gamboa-euclid/Euclid/fld-u-poly/".

Type :help for help.
Type (good-bye) to quit completely out of ACL2.

ACL2 !>
Exiting the ACL2 read-eval-print loop.  To re-enter, execute (LP).
* 
#<PACKAGE "ACL2">
* 
ACL2 Version 3.1.  Level 1.  Cbd 
"/Users/huangjianshi/src/acl2-sources/books/workshops/2006/cowles-gamboa-euclid/Euclid/fld-u-poly/".

Type :help for help.
Type (good-bye) to quit completely out of ACL2.

ACL2 !> (PROVE PROOF-TREE
        WARNING OBSERVATION EVENT EXPANSION)
ACL2 !>
Summary
Form:  ( DEFCONST *IMPORT-SYMBOLS* ...)
Rules: NIL
Warnings:  None
Time:  0.01 seconds (prove: 0.00, print: 0.00, other: 0.01)
 *IMPORT-SYMBOLS*
ACL2 !>
Summary
Form:  ( DEFPKG "FLD" ...)
Rules: NIL
Warnings:  None
Time:  0.37 seconds (prove: 0.00, print: 0.00, other: 0.37)
 "FLD"
ACL2 !>
Summary
Form:  ( DEFUN FDP ...)
Rules: NIL
Warnings:  None
Time:  0.01 seconds (prove: 0.00, print: 0.00, other: 0.01)
FDP

Summary
Form:  ( DEFUN + ...)
Rules: ((:FAKE-RUNE-FOR-TYPE-SET NIL))
Warnings:  None
Time:  0.01 seconds (prove: 0.00, print: 0.00, other: 0.01)
+

Summary
Form:  ( DEFUN * ...)
Rules: ((:FAKE-RUNE-FOR-TYPE-SET NIL))
Warnings:  None
Time:  0.01 seconds (prove: 0.00, print: 0.00, other: 0.01)
*

Summary
Form:  ( DEFUN - ...)
Rules: NIL
Warnings:  None
Time:  0.01 seconds (prove: 0.00, print: 0.00, other: 0.01)
-

Summary
Form:  ( DEFUN / ...)
Rules: ((:FAKE-RUNE-FOR-TYPE-SET NIL))
Warnings:  None
Time:  0.01 seconds (prove: 0.00, print: 0.00, other: 0.01)
/

Summary
Form:  ( DEFUN |0_F| ...)
Rules: NIL
Warnings:  None
Time:  0.00 seconds (prove: 0.00, print: 0.00, other: 0.00)
|0_F|

Summary
Form:  ( DEFUN |1_F| ...)
Rules: NIL
Warnings:  None
Time:  0.00 seconds (prove: 0.00, print: 0.00, other: 0.00)
|1_F|

Summary
Form:  ( DEFUN = ...)
Rules: ((:FAKE-RUNE-FOR-TYPE-SET NIL))
Warnings:  None
Time:  0.00 seconds (prove: 0.00, print: 0.00, other: 0.00)
=

Summary
Form:  ( DEFUN C_= ...)
Rules: ((:TYPE-PRESCRIPTION IDENTITY))
Warnings:  None
Time:  0.00 seconds (prove: 0.00, print: 0.00, other: 0.00)
C_=

Summary
Form:  ( DEFTHM BOOLEANP-FDP ...)
Rules: ((:COMPOUND-RECOGNIZER BOOLEANP-COMPOUND-RECOGNIZER)
        (:TYPE-PRESCRIPTION FDP))
Warnings:  None
Time:  0.00 seconds (prove: 0.00, print: 0.00, other: 0.00)
BOOLEANP-FDP

Summary
Form:  ( DEFTHM CLOSURE-LAWS ...)
Rules: ((:DEFINITION *)
        (:DEFINITION +)
        (:DEFINITION -)
        (:DEFINITION /)
        (:DEFINITION =)
        (:DEFINITION C_=)
        (:DEFINITION FDP)
        (:DEFINITION IDENTITY)
        (:EXECUTABLE-COUNTERPART |0_F|)
        (:EXECUTABLE-COUNTERPART |1_F|)
        (:EXECUTABLE-COUNTERPART FDP)
        (:EXECUTABLE-COUNTERPART IF)
        (:FAKE-RUNE-FOR-TYPE-SET NIL))
Warnings:  None
Time:  0.00 seconds (prove: 0.00, print: 0.00, other: 0.00)
CLOSURE-LAWS

Summary
Form:  ( DEFTHM EQUIVALENCE-LAW ...)
Rules: ((:COMPOUND-RECOGNIZER BOOLEANP-COMPOUND-RECOGNIZER)
        (:DEFINITION =)
        (:FAKE-RUNE-FOR-TYPE-SET NIL))
Warnings:  None
Time:  0.00 seconds (prove: 0.00, print: 0.00, other: 0.00)
EQUIVALENCE-LAW

Summary
Form:  ( DEFTHM CONGRUENCE-LAWS ...)
Rules: ((:DEFINITION *)
        (:DEFINITION +)
        (:DEFINITION -)
        (:DEFINITION /)
        (:DEFINITION =)
        (:DEFINITION FDP)
        (:DEFINITION IFF))
Warnings:  None
Time:  0.00 seconds (prove: 0.00, print: 0.00, other: 0.00)
CONGRUENCE-LAWS

Summary
Form:  ( DEFTHM EQUIVALENCE-CLASS-LAWS ...)
Rules: ((:DEFINITION =)
        (:DEFINITION C_=)
        (:DEFINITION FDP)
        (:DEFINITION IDENTITY)
        (:EXECUTABLE-COUNTERPART IF))
Warnings:  None
Time:  0.00 seconds (prove: 0.00, print: 0.00, other: 0.00)
EQUIVALENCE-CLASS-LAWS

Summary
Form:  ( DEFTHM |0 != 1| ...)
Rules: ((:EXECUTABLE-COUNTERPART |0_F|)
        (:EXECUTABLE-COUNTERPART |1_F|)
        (:EXECUTABLE-COUNTERPART =)
        (:EXECUTABLE-COUNTERPART NOT))
Warnings:  None
Time:  0.00 seconds (prove: 0.00, print: 0.00, other: 0.00)
|0 != 1|

Summary
Form:  ( DEFTHM COMMUTATIVITY-LAWS ...)
Rules: ((:DEFINITION *)
        (:DEFINITION +)
        (:DEFINITION =)
        (:DEFINITION FDP)
        (:FAKE-RUNE-FOR-TYPE-SET NIL)
        (:REWRITE ACL2::COMMUTATIVITY-OF-*)
        (:REWRITE ACL2::COMMUTATIVITY-OF-+))
Warnings:  None
Time:  0.00 seconds (prove: 0.00, print: 0.00, other: 0.00)
COMMUTATIVITY-LAWS

Summary
Form:  ( DEFTHM ASSOCIATIVITY-LAWS ...)
Rules: ((:DEFINITION *)
        (:DEFINITION +)
        (:DEFINITION =)
        (:DEFINITION FDP)
        (:EXECUTABLE-COUNTERPART IF)
        (:REWRITE ACL2::ASSOCIATIVITY-OF-*)
        (:REWRITE ACL2::ASSOCIATIVITY-OF-+))
Warnings:  None
Time:  0.00 seconds (prove: 0.00, print: 0.00, other: 0.00)
ASSOCIATIVITY-LAWS

Summary
Form:  ( DEFTHM LEFT-DISTRIBUTIVITY-LAW ...)
Rules: ((:DEFINITION *)
        (:DEFINITION +)
        (:DEFINITION =)
        (:DEFINITION FDP)
        (:FAKE-RUNE-FOR-TYPE-SET NIL)
        (:REWRITE ACL2::DISTRIBUTIVITY))
Warnings:  None
Time:  0.00 seconds (prove: 0.00, print: 0.00, other: 0.00)
LEFT-DISTRIBUTIVITY-LAW

Summary
Form:  ( DEFTHM LEFT-UNICITY-LAWS ...)
Rules: ((:DEFINITION *)
        (:DEFINITION +)
        (:DEFINITION =)
        (:DEFINITION FDP)
        (:DEFINITION FIX)
        (:EXECUTABLE-COUNTERPART |0_F|)
        (:EXECUTABLE-COUNTERPART |1_F|)
        (:FAKE-RUNE-FOR-TYPE-SET NIL)
        (:REWRITE UNICITY-OF-0)
        (:REWRITE UNICITY-OF-1))
Warnings:  None
Time:  0.00 seconds (prove: 0.00, print: 0.00, other: 0.00)
LEFT-UNICITY-LAWS

Summary
Form:  ( DEFTHM RIGHT-INVERSE-LAWS ...)
Rules: ((:DEFINITION *)
        (:DEFINITION +)
        (:DEFINITION -)
        (:DEFINITION /)
        (:DEFINITION =)
        (:DEFINITION FDP)
        (:DEFINITION NOT)
        (:EXECUTABLE-COUNTERPART |0_F|)
        (:EXECUTABLE-COUNTERPART |1_F|)
        (:EXECUTABLE-COUNTERPART =)
        (:EXECUTABLE-COUNTERPART EQUAL)
        (:REWRITE INVERSE-OF-*)
        (:REWRITE INVERSE-OF-+))
Warnings:  None
Time:  0.00 seconds (prove: 0.00, print: 0.00, other: 0.00)
RIGHT-INVERSE-LAWS

Summary
Form:  ( ENCAPSULATE ((FDP ...) ...) ...)
Rules: NIL
Warnings:  None
Time:  0.09 seconds (prove: 0.02, print: 0.00, other: 0.07)
T

Summary
Form:  ( DEFTHM FDP-+ ...)
Rules: NIL
Warnings:  None
Time:  0.00 seconds (prove: 0.00, print: 0.00, other: 0.00)
FDP-+

Summary
Form:  ( DEFTHM FDP-* ...)
Rules: NIL
Warnings:  None
Time:  0.00 seconds (prove: 0.00, print: 0.00, other: 0.00)
FDP-*

Summary
Form:  ( DEFTHM FDP_- ...)
Rules: NIL
Warnings:  None
Time:  0.00 seconds (prove: 0.00, print: 0.00, other: 0.00)
FDP_-

Summary
Form:  ( DEFTHM FDP-/ ...)
Rules: NIL
Warnings:  None
Time:  0.00 seconds (prove: 0.00, print: 0.00, other: 0.00)
FDP-/

Summary
Form:  ( DEFTHM FDP-0_F ...)
Rules: NIL
Warnings:  None
Time:  0.00 seconds (prove: 0.00, print: 0.00, other: 0.00)
FDP-0_F

Summary
Form:  ( DEFTHM FDP-1_F ...)
Rules: NIL
Warnings:  None
Time:  0.00 seconds (prove: 0.00, print: 0.00, other: 0.00)
FDP-1_F

Summary
Form:  ( DEFTHM FDP-C_= ...)
Rules: NIL
Warnings:  None
Time:  0.00 seconds (prove: 0.00, print: 0.00, other: 0.00)
FDP-C_=

Summary
Form:  ( DEFTHM =-IMPLIES-IFF-FDP ...)
Rules: NIL
Warnings:  None
Time:  0.00 seconds (prove: 0.00, print: 0.00, other: 0.00)
=-IMPLIES-IFF-FDP

Summary
Form:  ( DEFTHM =-IMPLIES-=-+-1 ...)
Rules: NIL
Warnings:  None
Time:  0.00 seconds (prove: 0.00, print: 0.00, other: 0.00)
=-IMPLIES-=-+-1

Summary
Form:  ( DEFTHM =-IMPLIES-=-+-2 ...)
Rules: NIL
Warnings:  None
Time:  0.00 seconds (prove: 0.00, print: 0.00, other: 0.00)
=-IMPLIES-=-+-2

Summary
Form:  ( DEFTHM =-IMPLIES-=-*-1 ...)
Rules: NIL
Warnings:  None
Time:  0.00 seconds (prove: 0.00, print: 0.00, other: 0.00)
=-IMPLIES-=-*-1

Summary
Form:  ( DEFTHM =-IMPLIES-=-*-2 ...)
Rules: NIL
Warnings:  None
Time:  0.00 seconds (prove: 0.00, print: 0.00, other: 0.00)
=-IMPLIES-=-*-2

Summary
Form:  ( DEFTHM =-IMPLIES-=_- ...)
Rules: NIL
Warnings:  None
Time:  0.00 seconds (prove: 0.00, print: 0.00, other: 0.00)
=-IMPLIES-=_-

Summary
Form:  ( DEFTHM =-IMPLIES-=-/ ...)
Rules: NIL
Warnings:  None
Time:  0.00 seconds (prove: 0.00, print: 0.00, other: 0.00)
=-IMPLIES-=-/

Summary
Form:  ( DEFTHM |a + b = b + a| ...)
Rules: NIL
Warnings:  None
Time:  0.00 seconds (prove: 0.00, print: 0.00, other: 0.00)
|a + b = b + a|

Summary
Form:  ( DEFTHM |(a + b) + c = a + (b + c)| ...)
Rules: NIL
Warnings:  None
Time:  0.00 seconds (prove: 0.00, print: 0.00, other: 0.00)
|(a + b) + c = a + (b + c)|

Summary
Form:  ( DEFTHM |0 + a = a| ...)
Rules: NIL
Warnings:  None
Time:  0.00 seconds (prove: 0.00, print: 0.00, other: 0.00)
|0 + a = a|

Summary
Form:  ( DEFTHM |a * b = b * a| ...)
Rules: NIL
Warnings:  None
Time:  0.00 seconds (prove: 0.00, print: 0.00, other: 0.00)
|a * b = b * a|

Summary
Form:  ( DEFTHM |(a * b) * c = a * (b * c)| ...)
Rules: NIL
Warnings:  None
Time:  0.00 seconds (prove: 0.00, print: 0.00, other: 0.00)
|(a * b) * c = a * (b * c)|

Summary
Form:  ( DEFTHM |1 * a = a| ...)
Rules: NIL
Warnings:  None
Time:  0.00 seconds (prove: 0.00, print: 0.00, other: 0.00)
|1 * a = a|

Summary
Form:  ( DEFTHM |a + (- a) = 0| ...)
Rules: NIL
Warnings:  None
Time:  0.00 seconds (prove: 0.00, print: 0.00, other: 0.00)
|a + (- a) = 0|

Summary
Form:  ( DEFTHM |a * (/ a) = 1| ...)
Rules: NIL
Warnings:  None
Time:  0.00 seconds (prove: 0.00, print: 0.00, other: 0.00)
|a * (/ a) = 1|

Summary
Form:  ( DEFTHM |a * (b + c) = (a * b) + (a * c)| ...)
Rules: NIL
Warnings:  None
Time:  0.00 seconds (prove: 0.00, print: 0.00, other: 0.00)
|a * (b + c) = (a * b) + (a * c)|

Summary
Form:  ( TABLE INVISIBLE-FNS-TABLE ...)
Rules: NIL
Warnings:  None
Time:  0.00 seconds (prove: 0.00, print: 0.00, other: 0.00)
INVISIBLE-FNS-TABLE

Summary
Form:  ( DEFTHM =-C_= ...)
Rules: NIL
Warnings:  None
Time:  0.00 seconds (prove: 0.00, print: 0.00, other: 0.00)
=-C_=

Summary
Form:  ( DEFTHM =-IMPLIES-EQUAL-C_= ...)
Rules: NIL
Warnings:  None
Time:  0.00 seconds (prove: 0.00, print: 0.00, other: 0.00)
=-IMPLIES-EQUAL-C_=

Summary
Form:  ( DEFTHM |a + 0 = a| ...)
Rules: ((:DEFINITION DOUBLE-REWRITE)
        (:EQUIVALENCE EQUIVALENCE-LAW)
        (:FAKE-RUNE-FOR-TYPE-SET NIL)
        (:REWRITE |0 + a = a|)
        (:REWRITE |a + b = b + a|)
        (:TYPE-PRESCRIPTION BOOLEANP-FDP)
        (:TYPE-PRESCRIPTION FDP-0_F))
Warnings:  None
Time:  0.00 seconds (prove: 0.00, print: 0.00, other: 0.00)
|a + 0 = a|

Summary
Form:  ( DEFTHM |a * 1 = a| ...)
Rules: ((:DEFINITION DOUBLE-REWRITE)
        (:EQUIVALENCE EQUIVALENCE-LAW)
        (:FAKE-RUNE-FOR-TYPE-SET NIL)
        (:REWRITE |1 * a = a|)
        (:REWRITE |a * b = b * a|)
        (:TYPE-PRESCRIPTION BOOLEANP-FDP)
        (:TYPE-PRESCRIPTION FDP-1_F))
Warnings:  None
Time:  0.00 seconds (prove: 0.00, print: 0.00, other: 0.00)
|a * 1 = a|

Summary
Form:  ( DEFTHM |(- a) + a = 0| ...)
Rules: ((:DEFINITION DOUBLE-REWRITE)
        (:EQUIVALENCE EQUIVALENCE-LAW)
        (:FAKE-RUNE-FOR-TYPE-SET NIL)
        (:REWRITE |a + (- a) = 0|)
        (:REWRITE |a + b = b + a|)
        (:TYPE-PRESCRIPTION BOOLEANP-FDP)
        (:TYPE-PRESCRIPTION FDP_-))
Warnings:  None
Time:  0.00 seconds (prove: 0.00, print: 0.00, other: 0.00)
|(- a) + a = 0|

Summary
Form:  ( DEFTHM |(/ a) * a = 1| ...)
Rules: ((:DEFINITION DOUBLE-REWRITE)
        (:DEFINITION NOT)
        (:EQUIVALENCE EQUIVALENCE-LAW)
        (:FAKE-RUNE-FOR-TYPE-SET NIL)
        (:REWRITE |a * (/ a) = 1|)
        (:REWRITE |a * b = b * a|)
        (:TYPE-PRESCRIPTION BOOLEANP-FDP)
        (:TYPE-PRESCRIPTION FDP-/))
Warnings:  None
Time:  0.00 seconds (prove: 0.00, print: 0.00, other: 0.00)
|(/ a) * a = 1|

Summary
Form:  ( DEFTHM |(a + b) * c = (a * c) + (b * c)| ...)
Rules: ((:CONGRUENCE =-IMPLIES-=-+-1)
        (:CONGRUENCE =-IMPLIES-=-+-2)
        (:DEFINITION DOUBLE-REWRITE)
        (:EQUIVALENCE EQUIVALENCE-LAW)
        (:FAKE-RUNE-FOR-TYPE-SET NIL)
        (:REWRITE |a * (b + c) = (a * b) + (a * c)|)
        (:REWRITE |a * b = b * a|)
        (:TYPE-PRESCRIPTION BOOLEANP-FDP)
        (:TYPE-PRESCRIPTION FDP-+))
Warnings:  None
Time:  0.00 seconds (prove: 0.00, print: 0.00, other: 0.00)
|(a + b) * c = (a * c) + (b * c)|

Summary
Form:  ( DEFTHM |a + c = b + c <=> a = b| ...)
Rules: ((:CONGRUENCE =-IMPLIES-=-+-1)
        (:CONGRUENCE =-IMPLIES-=-+-2)
        (:CONGRUENCE =-IMPLIES-IFF-FDP)
        (:DEFINITION DOUBLE-REWRITE)
        (:DEFINITION IFF)
        (:DEFINITION NOT)
        (:EQUIVALENCE EQUIVALENCE-LAW)
        (:FAKE-RUNE-FOR-TYPE-SET NIL)
        (:REWRITE |(a + b) + c = a + (b + c)|)
        (:REWRITE |a + (- a) = 0|)
        (:TYPE-PRESCRIPTION BOOLEANP-FDP)
        (:TYPE-PRESCRIPTION FDP-+)
        (:TYPE-PRESCRIPTION FDP_-))
Warnings:  None
Time:  0.01 seconds (prove: 0.01, print: 0.00, other: 0.00)
|a + c = b + c <=> a = b|

Summary
Form:  ( DEFTHM |a + b = b <=> a = 0| ...)
Rules: ((:DEFINITION DOUBLE-REWRITE)
        (:DEFINITION IFF)
        (:DEFINITION NOT)
        (:EQUIVALENCE EQUIVALENCE-LAW)
        (:REWRITE |0 + a = a|)
        (:TYPE-PRESCRIPTION BOOLEANP-FDP)
        (:TYPE-PRESCRIPTION FDP-0_F))
Warnings:  None
Time:  0.00 seconds (prove: 0.00, print: 0.00, other: 0.00)
|a + b = b <=> a = 0|

Summary
Form:  ( DEFTHM |a + b = 0 <=> b = - a| ...)
Rules: ((:DEFINITION DOUBLE-REWRITE)
        (:DEFINITION IFF)
        (:DEFINITION NOT)
        (:EQUIVALENCE EQUIVALENCE-LAW)
        (:REWRITE |(- a) + a = 0|)
        (:REWRITE |a + b = b + a|)
        (:TYPE-PRESCRIPTION BOOLEANP-FDP)
        (:TYPE-PRESCRIPTION FDP_-))
Warnings:  None
Time:  0.00 seconds (prove: 0.00, print: 0.00, other: 0.00)
|a + b = 0 <=> b = - a|

Summary
Form:  ( DEFTHM |a + (b + c) = b + (a + c)| ...)
Rules: ((:CONGRUENCE =-IMPLIES-=-+-1)
        (:DEFINITION DOUBLE-REWRITE)
        (:DEFINITION NOT)
        (:EQUIVALENCE EQUIVALENCE-LAW)
        (:FAKE-RUNE-FOR-TYPE-SET NIL)
        (:REWRITE |a + b = b + a|)
        (:TYPE-PRESCRIPTION BOOLEANP-FDP)
        (:TYPE-PRESCRIPTION FDP-+))
Warnings:  None
Time:  0.00 seconds (prove: 0.00, print: 0.00, other: 0.00)
|a + (b + c) = b + (a + c)|

Summary
Form:  ( DEFTHM |a * (b * c) = b * (a * c)| ...)
Rules: ((:CONGRUENCE =-IMPLIES-=-*-1)
        (:DEFINITION DOUBLE-REWRITE)
        (:DEFINITION NOT)
        (:EQUIVALENCE EQUIVALENCE-LAW)
        (:FAKE-RUNE-FOR-TYPE-SET NIL)
        (:REWRITE |a * b = b * a|)
        (:TYPE-PRESCRIPTION BOOLEANP-FDP)
        (:TYPE-PRESCRIPTION FDP-*))
Warnings:  None
Time:  0.00 seconds (prove: 0.00, print: 0.00, other: 0.00)
|a * (b * c) = b * (a * c)|

Summary
Form:  ( DEFTHM |- (- a) = a| ...)
Rules: ((:DEFINITION DOUBLE-REWRITE)
        (:DEFINITION IFF)
        (:DEFINITION NOT)
        (:EQUIVALENCE EQUIVALENCE-LAW)
        (:FAKE-RUNE-FOR-TYPE-SET NIL)
        (:REWRITE |(- a) + a = 0|)
        (:TYPE-PRESCRIPTION BOOLEANP-FDP)
        (:TYPE-PRESCRIPTION FDP_-))
Warnings:  None
Time:  0.00 seconds (prove: 0.00, print: 0.00, other: 0.00)
|- (- a) = a|

Summary
Form:  ( DEFTHM |- (a + b) = (- a) + (- b)| ...)
Rules: ((:CONGRUENCE =-IMPLIES-=-+-2)
        (:DEFINITION DOUBLE-REWRITE)
        (:DEFINITION IFF)
        (:DEFINITION NOT)
        (:EQUIVALENCE EQUIVALENCE-LAW)
        (:FAKE-RUNE-FOR-TYPE-SET NIL)
        (:REWRITE |(- a) + a = 0|)
        (:REWRITE |(a + b) + c = a + (b + c)|)
        (:REWRITE |a + (- a) = 0|)
        (:REWRITE |a + (b + c) = b + (a + c)|)
        (:REWRITE |a + 0 = a|)
        (:TYPE-PRESCRIPTION BOOLEANP-FDP)
        (:TYPE-PRESCRIPTION FDP-+)
        (:TYPE-PRESCRIPTION FDP_-))
Warnings:  None
Time:  0.00 seconds (prove: 0.00, print: 0.00, other: 0.00)
|- (a + b) = (- a) + (- b)|

Summary
Form:  ( DEFTHM |- 0 = 0| ...)
Rules: ((:DEFINITION DOUBLE-REWRITE)
        (:DEFINITION IFF)
        (:DEFINITION NOT)
        (:EQUIVALENCE EQUIVALENCE-LAW)
        (:FAKE-RUNE-FOR-TYPE-SET NIL)
        (:REWRITE |a + 0 = a|)
        (:TYPE-PRESCRIPTION BOOLEANP-FDP)
        (:TYPE-PRESCRIPTION FDP-0_F))
Warnings:  None
Time:  0.00 seconds (prove: 0.00, print: 0.00, other: 0.00)
|- 0 = 0|

Summary
Form:  ( DEFTHM |a + ((- a) + b) = b| ...)
Rules: ((:CONGRUENCE =-IMPLIES-=-+-2)
        (:DEFINITION DOUBLE-REWRITE)
        (:DEFINITION NOT)
        (:EQUIVALENCE EQUIVALENCE-LAW)
        (:REWRITE |a + (- a) = 0|)
        (:REWRITE |a + 0 = a|)
        (:REWRITE |a + b = b + a|)
        (:TYPE-PRESCRIPTION BOOLEANP-FDP)
        (:TYPE-PRESCRIPTION FDP_-))
Warnings:  None
Time:  0.00 seconds (prove: 0.00, print: 0.00, other: 0.00)
|a + ((- a) + b) = b|

Summary
Form:  ( DEFTHM |a + (b + (- a)) = b| ...)
Rules: ((:CONGRUENCE =-IMPLIES-=-+-2)
        (:DEFINITION DOUBLE-REWRITE)
        (:EQUIVALENCE EQUIVALENCE-LAW)
        (:FAKE-RUNE-FOR-TYPE-SET NIL)
        (:REWRITE |a + ((- a) + b) = b|)
        (:REWRITE |a + b = b + a|)
        (:TYPE-PRESCRIPTION BOOLEANP-FDP)
        (:TYPE-PRESCRIPTION FDP_-))
Warnings:  None
Time:  0.00 seconds (prove: 0.00, print: 0.00, other: 0.00)
|a + (b + (- a)) = b|

Summary
Form:  ( DEFTHM |0 * a = 0| ...)
Rules: ((:CONGRUENCE =-IMPLIES-=-*-2)
        (:CONGRUENCE =-IMPLIES-=-+-1)
        (:CONGRUENCE =-IMPLIES-=-+-2)
        (:CONGRUENCE =-IMPLIES-IFF-FDP)
        (:DEFINITION DOUBLE-REWRITE)
        (:DEFINITION IFF)
        (:DEFINITION NOT)
        (:EQUIVALENCE EQUIVALENCE-LAW)
        (:FAKE-RUNE-FOR-TYPE-SET NIL)
        (:REWRITE |a * b = b * a|)
        (:REWRITE |a + 0 = a|)
        (:TYPE-PRESCRIPTION BOOLEANP-FDP)
        (:TYPE-PRESCRIPTION FDP-*)
        (:TYPE-PRESCRIPTION FDP-0_F))
Warnings:  None
Time:  0.00 seconds (prove: 0.00, print: 0.00, other: 0.00)
|0 * a = 0|

Summary
Form:  ( DEFTHM |a * 0 = 0| ...)
Rules: ((:DEFINITION DOUBLE-REWRITE)
        (:EQUIVALENCE EQUIVALENCE-LAW)
        (:FAKE-RUNE-FOR-TYPE-SET NIL)
        (:REWRITE |0 * a = 0|)
        (:REWRITE |a * b = b * a|)
        (:TYPE-PRESCRIPTION BOOLEANP-FDP)
        (:TYPE-PRESCRIPTION FDP-0_F))
Warnings:  None
Time:  0.00 seconds (prove: 0.00, print: 0.00, other: 0.00)
|a * 0 = 0|

Summary
Form:  ( DEFTHM |a * (- b) = - (a * b)| ...)
Rules: ((:CONGRUENCE =-IMPLIES-=-*-2)
        (:DEFINITION DOUBLE-REWRITE)
        (:DEFINITION IFF)
        (:DEFINITION NOT)
        (:EQUIVALENCE EQUIVALENCE-LAW)
        (:FAKE-RUNE-FOR-TYPE-SET NIL)
        (:REWRITE |(- a) + a = 0|)
        (:REWRITE |a * 0 = 0|)
        (:REWRITE |a + b = b + a|)
        (:TYPE-PRESCRIPTION BOOLEANP-FDP)
        (:TYPE-PRESCRIPTION FDP-*)
        (:TYPE-PRESCRIPTION FDP_-))
Warnings:  None
Time:  0.00 seconds (prove: 0.00, print: 0.00, other: 0.00)
|a * (- b) = - (a * b)|

Summary
Form:  ( DEFTHM |(- a) * b = - (a * b)| ...)
Rules: ((:CONGRUENCE =-IMPLIES-=_-)
        (:DEFINITION DOUBLE-REWRITE)
        (:EQUIVALENCE EQUIVALENCE-LAW)
        (:FAKE-RUNE-FOR-TYPE-SET NIL)
        (:REWRITE |a * (- b) = - (a * b)|)
        (:REWRITE |a * b = b * a|)
        (:TYPE-PRESCRIPTION BOOLEANP-FDP)
        (:TYPE-PRESCRIPTION FDP_-))
Warnings:  None
Time:  0.00 seconds (prove: 0.00, print: 0.00, other: 0.00)
|(- a) * b = - (a * b)|

Summary
Form:  ( DEFTHM |- a = 0 <=> a = 0| ...)
Rules: ((:CONGRUENCE =-IMPLIES-=_-)
        (:CONGRUENCE =-IMPLIES-IFF-FDP)
        (:DEFINITION DOUBLE-REWRITE)
        (:DEFINITION IFF)
        (:DEFINITION NOT)
        (:EQUIVALENCE EQUIVALENCE-LAW)
        (:FAKE-RUNE-FOR-TYPE-SET NIL)
        (:REWRITE |- 0 = 0|)
        (:REWRITE |a + 0 = a|)
        (:TYPE-PRESCRIPTION BOOLEANP-FDP)
        (:TYPE-PRESCRIPTION FDP-0_F))
Warnings:  None
Time:  0.00 seconds (prove: 0.00, print: 0.00, other: 0.00)
|- a = 0 <=> a = 0|

Summary
Form:  ( DEFTHM |a * c = b * c <=> a = b or c = 0| ...)
Rules: ((:CONGRUENCE =-IMPLIES-=-*-1)
        (:CONGRUENCE =-IMPLIES-=-*-2)
        (:CONGRUENCE =-IMPLIES-IFF-FDP)
        (:DEFINITION DOUBLE-REWRITE)
        (:DEFINITION IFF)
        (:EQUIVALENCE EQUIVALENCE-LAW)
        (:FAKE-RUNE-FOR-TYPE-SET NIL)
        (:REWRITE |(a * b) * c = a * (b * c)|)
        (:REWRITE |a * (/ a) = 1|)
        (:REWRITE |a * 0 = 0|)
        (:REWRITE |a * 1 = a|)
        (:TYPE-PRESCRIPTION BOOLEANP-FDP)
        (:TYPE-PRESCRIPTION FDP-/))
Warnings:  None
Time:  0.00 seconds (prove: 0.00, print: 0.00, other: 0.00)
|a * c = b * c <=> a = b or c = 0|

Summary
Form:  ( DEFTHM |a * b = b <=> a = 1| ...)
Rules: ((:DEFINITION DOUBLE-REWRITE)
        (:DEFINITION IFF)
        (:DEFINITION NOT)
        (:EQUIVALENCE EQUIVALENCE-LAW)
        (:REWRITE |1 * a = a|)
        (:TYPE-PRESCRIPTION BOOLEANP-FDP)
        (:TYPE-PRESCRIPTION FDP-1_F))
Warnings:  None
Time:  0.00 seconds (prove: 0.00, print: 0.00, other: 0.00)
|a * b = b <=> a = 1|

Summary
Form:  ( DEFTHM |a != 0 implies a * b = 1 <=> b = (/ a)| ...)
Rules: ((:DEFINITION DOUBLE-REWRITE)
        (:DEFINITION IFF)
        (:DEFINITION NOT)
        (:EQUIVALENCE EQUIVALENCE-LAW)
        (:REWRITE |(/ a) * a = 1|)
        (:REWRITE |a * b = b * a|)
        (:TYPE-PRESCRIPTION BOOLEANP-FDP)
        (:TYPE-PRESCRIPTION FDP-/))
Warnings:  None
Time:  0.00 seconds (prove: 0.00, print: 0.00, other: 0.00)
|a != 0 implies a * b = 1 <=> b = (/ a)|

Summary
Form:  ( DEFTHM |/ a != 0| ...)
Rules: ((:CONGRUENCE =-IMPLIES-=-*-2)
        (:DEFINITION DOUBLE-REWRITE)
        (:DEFINITION NOT)
        (:EQUIVALENCE EQUIVALENCE-LAW)
        (:EXECUTABLE-COUNTERPART NOT)
        (:FAKE-RUNE-FOR-TYPE-SET NIL)
        (:REWRITE |0 != 1|)
        (:REWRITE |0 * a = 0|)
        (:REWRITE |a * b = b * a|)
        (:TYPE-PRESCRIPTION BOOLEANP-FDP)
        (:TYPE-PRESCRIPTION FDP-0_F))
Warnings:  None
Time:  0.00 seconds (prove: 0.00, print: 0.00, other: 0.00)
|/ a != 0|

Summary
Form:  ( DEFTHM |/ (/ a) = a| ...)
Rules: ((:DEFINITION DOUBLE-REWRITE)
        (:DEFINITION IFF)
        (:DEFINITION NOT)
        (:EQUIVALENCE EQUIVALENCE-LAW)
        (:EXECUTABLE-COUNTERPART NOT)
        (:FAKE-RUNE-FOR-TYPE-SET NIL)
        (:REWRITE |(/ a) * a = 1|)
        (:REWRITE |/ a != 0|)
        (:TYPE-PRESCRIPTION BOOLEANP-FDP)
        (:TYPE-PRESCRIPTION FDP-/))
Warnings:  None
Time:  0.00 seconds (prove: 0.00, print: 0.00, other: 0.00)
|/ (/ a) = a|

Summary
Form:  ( DEFTHM |a * b = 0 iff a = 0 or b = 0| ...)
Rules: ((:CONGRUENCE =-IMPLIES-=-*-1)
        (:CONGRUENCE =-IMPLIES-IFF-FDP)
        (:DEFINITION DOUBLE-REWRITE)
        (:DEFINITION IFF)
        (:DEFINITION NOT)
        (:EQUIVALENCE EQUIVALENCE-LAW)
        (:EXECUTABLE-COUNTERPART EQUAL)
        (:FAKE-RUNE-FOR-TYPE-SET NIL)
        (:REWRITE |0 * a = 0|)
        (:REWRITE |a * b = b * a|)
        (:TYPE-PRESCRIPTION BOOLEANP-FDP)
        (:TYPE-PRESCRIPTION FDP-0_F))
Warnings:  None
Time:  0.00 seconds (prove: 0.00, print: 0.00, other: 0.00)
|a * b = 0 iff a = 0 or b = 0|

Summary
Form:  ( DEFTHM |/ (a * b) = (/ a) * (/ b)| ...)
Rules: ((:CONGRUENCE =-IMPLIES-=-*-2)
        (:DEFINITION DOUBLE-REWRITE)
        (:DEFINITION IFF)
        (:DEFINITION NOT)
        (:EQUIVALENCE EQUIVALENCE-LAW)
        (:EXECUTABLE-COUNTERPART NOT)
        (:FAKE-RUNE-FOR-TYPE-SET NIL)
        (:REWRITE |(/ a) * a = 1|)
        (:REWRITE |(a * b) * c = a * (b * c)|)
        (:REWRITE |a * (/ a) = 1|)
        (:REWRITE |a * (b * c) = b * (a * c)|)
        (:REWRITE |a * 1 = a|)
        (:REWRITE |a * b = 0 iff a = 0 or b = 0|)
        (:TYPE-PRESCRIPTION BOOLEANP-FDP)
        (:TYPE-PRESCRIPTION FDP-*)
        (:TYPE-PRESCRIPTION FDP-/))
Warnings:  None
Time:  0.00 seconds (prove: 0.00, print: 0.00, other: 0.00)
|/ (a * b) = (/ a) * (/ b)|

Summary
Form:  ( DEFTHM |1 != 0| ...)
Rules: ((:FAKE-RUNE-FOR-TYPE-SET NIL))
Warnings:  None
Time:  0.00 seconds (prove: 0.00, print: 0.00, other: 0.00)
|1 != 0|

Summary
Form:  ( DEFTHM |/ 1 = 1| ...)
Rules: ((:DEFINITION DOUBLE-REWRITE)
        (:DEFINITION IFF)
        (:DEFINITION NOT)
        (:EQUIVALENCE EQUIVALENCE-LAW)
        (:EXECUTABLE-COUNTERPART NOT)
        (:FAKE-RUNE-FOR-TYPE-SET NIL)
        (:REWRITE |1 != 0|)
        (:REWRITE |a * 1 = a|)
        (:TYPE-PRESCRIPTION BOOLEANP-FDP)
        (:TYPE-PRESCRIPTION FDP-1_F))
Warnings:  None
Time:  0.00 seconds (prove: 0.00, print: 0.00, other: 0.00)
|/ 1 = 1|

Summary
Form:  ( DEFTHM |a * ((/ a) * b) = b| ...)
Rules: ((:CONGRUENCE =-IMPLIES-=-*-2)
        (:DEFINITION DOUBLE-REWRITE)
        (:DEFINITION NOT)
        (:EQUIVALENCE EQUIVALENCE-LAW)
        (:REWRITE |a * (/ a) = 1|)
        (:REWRITE |a * 1 = a|)
        (:REWRITE |a * b = b * a|)
        (:TYPE-PRESCRIPTION BOOLEANP-FDP)
        (:TYPE-PRESCRIPTION FDP-/))
Warnings:  None
Time:  0.00 seconds (prove: 0.00, print: 0.00, other: 0.00)
|a * ((/ a) * b) = b|

Summary
Form:  ( DEFTHM |a * (b * (/ a)) = b| ...)
Rules: ((:CONGRUENCE =-IMPLIES-=-*-2)
        (:DEFINITION DOUBLE-REWRITE)
        (:DEFINITION NOT)
        (:EQUIVALENCE EQUIVALENCE-LAW)
        (:FAKE-RUNE-FOR-TYPE-SET NIL)
        (:REWRITE |a * ((/ a) * b) = b|)
        (:REWRITE |a * b = b * a|)
        (:TYPE-PRESCRIPTION BOOLEANP-FDP)
        (:TYPE-PRESCRIPTION FDP-/))
Warnings:  None
Time:  0.00 seconds (prove: 0.00, print: 0.00, other: 0.00)
|a * (b * (/ a)) = b|

Summary
Form:  ( DEFTHM |/ a = 1 <=> a = 1| ...)
Rules: ((:CONGRUENCE =-IMPLIES-=-/)
        (:CONGRUENCE =-IMPLIES-IFF-FDP)
        (:DEFINITION DOUBLE-REWRITE)
        (:DEFINITION IFF)
        (:DEFINITION NOT)
        (:EQUIVALENCE EQUIVALENCE-LAW)
        (:EXECUTABLE-COUNTERPART NOT)
        (:FAKE-RUNE-FOR-TYPE-SET NIL)
        (:REWRITE |/ 1 = 1|)
        (:REWRITE |1 != 0|)
        (:REWRITE |a * 1 = a|)
        (:TYPE-PRESCRIPTION BOOLEANP-FDP)
        (:TYPE-PRESCRIPTION FDP-1_F))
Warnings:  None
Time:  0.00 seconds (prove: 0.00, print: 0.00, other: 0.00)
|/ a = 1 <=> a = 1|

Summary
Form:  ( DEFTHM |(- a) + (- b) = 0 <=> a + b = 0| ...)
Rules: ((:CONGRUENCE =-IMPLIES-=_-)
        (:CONGRUENCE =-IMPLIES-IFF-FDP)
        (:DEFINITION DOUBLE-REWRITE)
        (:DEFINITION IFF)
        (:EQUIVALENCE EQUIVALENCE-LAW)
        (:FAKE-RUNE-FOR-TYPE-SET NIL)
        (:REWRITE |- (- a) = a|)
        (:REWRITE |a + b = 0 <=> b = - a|)
        (:TYPE-PRESCRIPTION BOOLEANP-FDP)
        (:TYPE-PRESCRIPTION FDP_-))
Warnings:  None
Time:  0.00 seconds (prove: 0.00, print: 0.00, other: 0.00)
|(- a) + (- b) = 0 <=> a + b = 0|

Summary
Form:  ( DEFTHM |(/ a) * (/ b) = 1 <=> a * b = 1| ...)
Rules: ((:CONGRUENCE =-IMPLIES-=-/)
        (:CONGRUENCE =-IMPLIES-IFF-FDP)
        (:DEFINITION DOUBLE-REWRITE)
        (:DEFINITION IFF)
        (:DEFINITION NOT)
        (:EQUIVALENCE EQUIVALENCE-LAW)
        (:FAKE-RUNE-FOR-TYPE-SET NIL)
        (:REWRITE |/ (/ a) = a|)
        (:REWRITE |/ a != 0|)
        (:REWRITE |a != 0 implies a * b = 1 <=> b = (/ a)|)
        (:TYPE-PRESCRIPTION BOOLEANP-FDP)
        (:TYPE-PRESCRIPTION FDP-/))
Warnings:  None
Time:  0.00 seconds (prove: 0.00, print: 0.00, other: 0.00)
|(/ a) * (/ b) = 1 <=> a * b = 1|

Summary
Form:  ( DEFTHM |b + c = 0 => (a * b) + (a * c) = 0| ...)
Rules: ((:CONGRUENCE =-IMPLIES-=-*-2)
        (:CONGRUENCE =-IMPLIES-IFF-FDP)
        (:DEFINITION DOUBLE-REWRITE)
        (:EQUIVALENCE EQUIVALENCE-LAW)
        (:FAKE-RUNE-FOR-TYPE-SET NIL)
        (:REWRITE |a * (- b) = - (a * b)|)
        (:REWRITE |a + b = 0 <=> b = - a|)
        (:TYPE-PRESCRIPTION BOOLEANP-FDP)
        (:TYPE-PRESCRIPTION FDP-*))
Warnings:  None
Time:  0.00 seconds (prove: 0.00, print: 0.00, other: 0.00)
|b + c = 0 => (a * b) + (a * c) = 0|

Summary
Form:  ( INCLUDE-BOOK "coe-fld" ...)
Rules: NIL
Warnings:  None
Time:  0.01 seconds (prove: 0.00, print: 0.00, other: 0.01)

Summary
Form:  (CERTIFY-BOOK "coe-fld" ...)
Rules: NIL
Warnings:  None
Time:  0.18 seconds (prove: 0.08, print: 0.00, other: 0.10)
 "/Users/huangjianshi/src/acl2-sources/books/workshops/2006/cowles-gamboa-euclid/Euclid/fld-u-poly/coe-fld.lisp"
ACL2 !>
Exiting the ACL2 read-eval-print loop.  To re-enter, execute (LP).
* 