This is SBCL 1.0.1.34, an implementation of ANSI Common Lisp.
More information about SBCL is available at <http://www.sbcl.org/>.

SBCL is free software, provided as is, with absolutely no warranty.
It is mostly in the public domain; some portions are provided under
BSD-style licenses.  See the CREDITS and COPYING files in the
distribution for more information.

 ACL2 Version 3.1 built January 26, 2007  15:12:42.
 Copyright (C) 2006  University of Texas at Austin
 ACL2 comes with ABSOLUTELY NO WARRANTY.  This is free software and you
 are welcome to redistribute it under certain conditions.  For details,
 see the GNU General Public License.

 Initialized with (INITIALIZE-ACL2 'INCLUDE-BOOK *ACL2-PASS-2-FILES*).
 See the documentation topic note-3-1 for recent changes.
 Note: We have modified the prompt in some underlying Lisps to further
 distinguish it from the ACL2 prompt.

 NOTE!!  Proof trees are disabled in ACL2.  To enable them in emacs,
 look under the ACL2 source directory in interface/emacs/README.doc; 
 and, to turn on proof trees, execute :START-PROOF-TREE in the ACL2 
 command loop.   Look in the ACL2 documentation under PROOF-TREE.

ACL2 Version 3.1.  Level 1.  Cbd 
"/Users/huangjianshi/src/acl2-sources/books/workshops/2006/cowles-gamboa-euclid/Euclid/fld-u-poly/".

Type :help for help.
Type (good-bye) to quit completely out of ACL2.

ACL2 !>
Exiting the ACL2 read-eval-print loop.  To re-enter, execute (LP).
* 
#<PACKAGE "ACL2">
* 
ACL2 Version 3.1.  Level 1.  Cbd 
"/Users/huangjianshi/src/acl2-sources/books/workshops/2006/cowles-gamboa-euclid/Euclid/fld-u-poly/".

Type :help for help.
Type (good-bye) to quit completely out of ACL2.

ACL2 !> (PROVE PROOF-TREE
        WARNING OBSERVATION EVENT EXPANSION)
ACL2 !>
Summary
Form:  ( DEFCONST *IMPORT-SYMBOLS* ...)
Rules: NIL
Warnings:  None
Time:  0.00 seconds (prove: 0.00, print: 0.00, other: 0.00)
 *IMPORT-SYMBOLS*
ACL2 !>
Summary
Form:  ( DEFPKG "FUTER" ...)
Rules: NIL
Warnings:  None
Time:  0.36 seconds (prove: 0.00, print: 0.00, other: 0.36)
 "FUTER"
ACL2 !>
Summary
Form:  ( DEFUN TERMINOP ...)
Rules: NIL
Warnings:  None
Time:  0.01 seconds (prove: 0.00, print: 0.00, other: 0.01)
TERMINOP

Summary
Form:  ( DEFUN UNO ...)
Rules: NIL
Warnings:  None
Time:  0.00 seconds (prove: 0.00, print: 0.00, other: 0.00)
UNO

Summary
Form:  ( DEFUN * ...)
Rules: ((:FAKE-RUNE-FOR-TYPE-SET NIL))
Warnings:  None
Time:  0.00 seconds (prove: 0.00, print: 0.00, other: 0.00)
*

Summary
Form:  ( DEFMACRO = ...)
Rules: NIL
Warnings:  None
Time:  0.01 seconds (prove: 0.00, print: 0.00, other: 0.01)
=

Summary
Form:  ( DEFUN TERMINO->ORDINAL ...)
Rules: ((:FAKE-RUNE-FOR-TYPE-SET NIL))
Warnings:  None
Time:  0.00 seconds (prove: 0.00, print: 0.00, other: 0.00)
TERMINO->ORDINAL

Summary
Form:  ( DEFUN < ...)
Rules: NIL
Warnings:  None
Time:  0.00 seconds (prove: 0.00, print: 0.00, other: 0.00)
<

Summary
Form:  ( DEFTHM BOOLEANP-TERMINOP ...)
Rules: ((:COMPOUND-RECOGNIZER BOOLEANP-COMPOUND-RECOGNIZER)
        (:TYPE-PRESCRIPTION TERMINOP))
Warnings:  None
Time:  0.00 seconds (prove: 0.00, print: 0.00, other: 0.00)
BOOLEANP-TERMINOP

Summary
Form:  ( DEFTHM TERMINOP-* ...)
Rules: ((:DEFINITION *)
        (:DEFINITION TERMINOP)
        (:FAKE-RUNE-FOR-TYPE-SET NIL))
Warnings:  None
Time:  0.00 seconds (prove: 0.00, print: 0.00, other: 0.00)
TERMINOP-*

Summary
Form:  ( DEFTHM TERMINOP-UNO ...)
Rules: ((:EXECUTABLE-COUNTERPART TERMINOP)
        (:EXECUTABLE-COUNTERPART UNO))
Warnings:  None
Time:  0.00 seconds (prove: 0.00, print: 0.00, other: 0.00)
TERMINOP-UNO

Summary
Form:  ( DEFTHM |a * b = b * a| ...)
Rules: ((:DEFINITION *)
        (:DEFINITION TERMINOP)
        (:FAKE-RUNE-FOR-LINEAR NIL)
        (:FAKE-RUNE-FOR-TYPE-SET NIL))
Warnings:  None
Time:  0.00 seconds (prove: 0.00, print: 0.00, other: 0.00)
|a * b = b * a|

Summary
Form:  ( DEFTHM |(a * b) * c = a * (b * c)| ...)
Rules: ((:DEFINITION *)
        (:EXECUTABLE-COUNTERPART IF)
        (:REWRITE ACL2::ASSOCIATIVITY-OF-+))
Warnings:  None
Time:  0.00 seconds (prove: 0.00, print: 0.00, other: 0.00)
|(a * b) * c = a * (b * c)|

Summary
Form:  ( DEFTHM |1 * a = a| ...)
Rules: ((:DEFINITION *)
        (:DEFINITION FIX)
        (:DEFINITION TERMINOP)
        (:EXECUTABLE-COUNTERPART UNO)
        (:FAKE-RUNE-FOR-TYPE-SET NIL)
        (:REWRITE UNICITY-OF-0))
Warnings:  None
Time:  0.00 seconds (prove: 0.00, print: 0.00, other: 0.00)
|1 * a = a|

Summary
Form:  ( DEFTHM BUENA-FUNDAMENTACION-< ...)
Rules: ((:COMPOUND-RECOGNIZER ACL2::NATP-COMPOUND-RECOGNIZER)
        (:DEFINITION <)
        (:DEFINITION O-FINP)
        (:DEFINITION O-P)
        (:DEFINITION O<)
        (:DEFINITION TERMINO->ORDINAL)
        (:DEFINITION TERMINOP)
        (:FAKE-RUNE-FOR-LINEAR NIL)
        (:FAKE-RUNE-FOR-TYPE-SET NIL)
        (:TYPE-PRESCRIPTION O-P)
        (:TYPE-PRESCRIPTION O<))
Warnings:  None
Time:  0.00 seconds (prove: 0.00, print: 0.00, other: 0.00)
BUENA-FUNDAMENTACION-<

Summary
Form:  ( DEFTHM |~(termino->ordinal(a) = 0)| ...)
Rules: ((:DEFINITION NOT)
        (:DEFINITION TERMINO->ORDINAL)
        (:DEFINITION TERMINOP)
        (:FAKE-RUNE-FOR-TYPE-SET NIL))
Warnings:  None
Time:  0.00 seconds (prove: 0.00, print: 0.00, other: 0.00)
|~(termino->ordinal(a) = 0)|

Summary
Form:  ( DEFTHM |(termino->ordinal(a) >O 0)| ...)
Rules: ((:DEFINITION O-FINP)
        (:DEFINITION O<)
        (:DEFINITION TERMINO->ORDINAL)
        (:DEFINITION TERMINOP)
        (:EXECUTABLE-COUNTERPART O-FINP)
        (:FAKE-RUNE-FOR-TYPE-SET NIL)
        (:TYPE-PRESCRIPTION O<))
Warnings:  None
Time:  0.00 seconds (prove: 0.00, print: 0.00, other: 0.00)
|(termino->ordinal(a) >O 0)|

Summary
Form:  ( DEFTHM |~(a < a)| ...)
Rules: ((:DEFINITION <)
        (:DEFINITION NOT)
        (:FAKE-RUNE-FOR-LINEAR NIL))
Warnings:  None
Time:  0.00 seconds (prove: 0.00, print: 0.00, other: 0.00)
|~(a < a)|

Summary
Form:  ( DEFTHM |a < b => ~(b < a)| ...)
Rules: ((:DEFINITION <)
        (:DEFINITION NOT)
        (:FAKE-RUNE-FOR-LINEAR NIL))
Warnings:  None
Time:  0.00 seconds (prove: 0.00, print: 0.00, other: 0.00)
|a < b => ~(b < a)|

Summary
Form:  ( DEFTHM |a < b & b < c => a < c| ...)
Rules: ((:DEFINITION <)
        (:FAKE-RUNE-FOR-LINEAR NIL)
        (:TYPE-PRESCRIPTION <))
Warnings:  None
Time:  0.00 seconds (prove: 0.00, print: 0.00, other: 0.00)
|a < b & b < c => a < c|

Summary
Form:  ( DEFTHM |a < b or b < a or a = b| ...)
Rules: ((:DEFINITION <)
        (:DEFINITION TERMINOP)
        (:FAKE-RUNE-FOR-LINEAR NIL)
        (:TYPE-PRESCRIPTION <))
Warnings:  None
Time:  0.00 seconds (prove: 0.00, print: 0.00, other: 0.00)
|a < b or b < a or a = b|

Summary
Form:  ( DEFTHM |a < b => a * c < b * c| ...)
Rules: ((:DEFINITION *)
        (:DEFINITION <)
        (:FAKE-RUNE-FOR-LINEAR NIL)
        (:TYPE-PRESCRIPTION <))
Warnings:  None
Time:  0.00 seconds (prove: 0.00, print: 0.00, other: 0.00)
|a < b => a * c < b * c|

Summary
Form:  ( DEFTHM |b < c => a * b < a * c| ...)
Rules: ((:DEFINITION *)
        (:DEFINITION <)
        (:FAKE-RUNE-FOR-LINEAR NIL)
        (:TYPE-PRESCRIPTION <))
Warnings:  None
Time:  0.00 seconds (prove: 0.00, print: 0.00, other: 0.00)
|b < c => a * b < a * c|

Summary
Form:  ( IN-THEORY (DISABLE ...))
Rules: NIL
Warnings:  None
Time:  0.00 seconds (prove: 0.00, print: 0.00, other: 0.00)
1813

Summary
Form:  ( DEFTHM |a * 1 = a| ...)
Rules: ((:FAKE-RUNE-FOR-TYPE-SET NIL)
        (:REWRITE |1 * a = a|)
        (:REWRITE |a * b = b * a|)
        (:TYPE-PRESCRIPTION BOOLEANP-TERMINOP)
        (:TYPE-PRESCRIPTION TERMINOP-UNO))
Warnings:  None
Time:  0.00 seconds (prove: 0.00, print: 0.00, other: 0.00)
|a * 1 = a|

Summary
Form:  ( DEFTHM |a * (b * c) = b * (a * c)| ...)
Rules: ((:DEFINITION NOT)
        (:FAKE-RUNE-FOR-TYPE-SET NIL)
        (:REWRITE |a * b = b * a|)
        (:TYPE-PRESCRIPTION BOOLEANP-TERMINOP)
        (:TYPE-PRESCRIPTION TERMINOP-*))
Warnings:  None
Time:  0.00 seconds (prove: 0.00, print: 0.00, other: 0.00)
|a * (b * c) = b * (a * c)|

Summary
Form:  ( INCLUDE-BOOK "futermino" ...)
Rules: NIL
Warnings:  None
Time:  0.02 seconds (prove: 0.00, print: 0.00, other: 0.02)

Summary
Form:  (CERTIFY-BOOK "futermino" ...)
Rules: NIL
Warnings:  None
Time:  0.09 seconds (prove: 0.01, print: 0.00, other: 0.07)
 "/Users/huangjianshi/src/acl2-sources/books/workshops/2006/cowles-gamboa-euclid/Euclid/fld-u-poly/futermino.lisp"
ACL2 !>
Exiting the ACL2 read-eval-print loop.  To re-enter, execute (LP).
* 