This is SBCL 1.0.1.34, an implementation of ANSI Common Lisp.
More information about SBCL is available at <http://www.sbcl.org/>.

SBCL is free software, provided as is, with absolutely no warranty.
It is mostly in the public domain; some portions are provided under
BSD-style licenses.  See the CREDITS and COPYING files in the
distribution for more information.

 ACL2 Version 3.1 built January 26, 2007  15:12:42.
 Copyright (C) 2006  University of Texas at Austin
 ACL2 comes with ABSOLUTELY NO WARRANTY.  This is free software and you
 are welcome to redistribute it under certain conditions.  For details,
 see the GNU General Public License.

 Initialized with (INITIALIZE-ACL2 'INCLUDE-BOOK *ACL2-PASS-2-FILES*).
 See the documentation topic note-3-1 for recent changes.
 Note: We have modified the prompt in some underlying Lisps to further
 distinguish it from the ACL2 prompt.

 NOTE!!  Proof trees are disabled in ACL2.  To enable them in emacs,
 look under the ACL2 source directory in interface/emacs/README.doc; 
 and, to turn on proof trees, execute :START-PROOF-TREE in the ACL2 
 command loop.   Look in the ACL2 documentation under PROOF-TREE.

ACL2 Version 3.1.  Level 1.  Cbd 
"/Users/huangjianshi/src/acl2-sources/books/proofstyles/i2c/".
Type :help for help.
Type (good-bye) to quit completely out of ACL2.

ACL2 !>
Exiting the ACL2 read-eval-print loop.  To re-enter, execute (LP).
* 
#<PACKAGE "ACL2">
* 
ACL2 Version 3.1.  Level 1.  Cbd 
"/Users/huangjianshi/src/acl2-sources/books/proofstyles/i2c/".
Type :help for help.
Type (good-bye) to quit completely out of ACL2.

ACL2 !> (PROVE PROOF-TREE
        WARNING OBSERVATION EVENT EXPANSION)
ACL2 !>:ONCE

Summary
Form:  ( IN-THEORY (DISABLE ...))
Rules: NIL
Warnings:  None
Time:  0.00 seconds (prove: 0.00, print: 0.00, other: 0.00)
1790

Summary
Form:  ( DEFUN NEXT-PARTIAL ...)
Rules: NIL
Warnings:  None
Time:  0.01 seconds (prove: 0.00, print: 0.00, other: 0.01)
NEXT-PARTIAL

Summary
Form:  ( DEFUN PRE-PARTIAL ...)
Rules: NIL
Warnings:  None
Time:  0.00 seconds (prove: 0.00, print: 0.00, other: 0.00)
PRE-PARTIAL

Summary
Form:  ( DEFUN INV-PARTIAL ...)
Rules: NIL
Warnings:  None
Time:  0.00 seconds (prove: 0.00, print: 0.00, other: 0.00)
INV-PARTIAL

Summary
Form:  ( DEFUN POST-PARTIAL ...)
Rules: NIL
Warnings:  None
Time:  0.00 seconds (prove: 0.00, print: 0.00, other: 0.00)
POST-PARTIAL

Summary
Form:  ( DEFUN EXTERNAL-PARTIAL ...)
Rules: NIL
Warnings:  None
Time:  0.00 seconds (prove: 0.00, print: 0.00, other: 0.00)
EXTERNAL-PARTIAL

Summary
Form:  ( DEFTHM PRE-PARTIAL-IMPLIES-INV-PARTIAL ...)
Rules: ((:TYPE-PRESCRIPTION INV-PARTIAL)
        (:TYPE-PRESCRIPTION PRE-PARTIAL))
Warnings:  None
Time:  0.00 seconds (prove: 0.00, print: 0.00, other: 0.00)
PRE-PARTIAL-IMPLIES-INV-PARTIAL

Summary
Form:  ( DEFTHM INV-PARTIAL-IS-NOT-EXTERNAL-PARTIAL ...)
Rules: ((:TYPE-PRESCRIPTION INV-PARTIAL))
Warnings:  None
Time:  0.00 seconds (prove: 0.00, print: 0.00, other: 0.00)
INV-PARTIAL-IS-NOT-EXTERNAL-PARTIAL

Summary
Form:  ( DEFTHM INV-PARTIAL-AND-EXTERNAL-PARTIAL-IS-POST-PARTIAL ...)
Rules: ((:TYPE-PRESCRIPTION INV-PARTIAL)
        (:TYPE-PRESCRIPTION POST-PARTIAL))
Warnings:  None
Time:  0.00 seconds (prove: 0.00, print: 0.00, other: 0.00)
INV-PARTIAL-AND-EXTERNAL-PARTIAL-IS-POST-PARTIAL

Summary
Form:  ( DEFTHM INV-PARTIAL-IS-AN-INV-PARTIALARIANT ...)
Rules: ((:TYPE-PRESCRIPTION INV-PARTIAL))
Warnings:  None
Time:  0.00 seconds (prove: 0.00, print: 0.00, other: 0.00)
INV-PARTIAL-IS-AN-INV-PARTIALARIANT

Summary
Form:  ( ENCAPSULATE (((PRE-PARTIAL * ...) ...) ...) ...)
Rules: NIL
Warnings:  None
Time:  0.02 seconds (prove: 0.00, print: 0.00, other: 0.02)
T

Summary
Form:  ( DEFUN RUN-PARTIAL ...)
Rules: NIL
Warnings:  None
Time:  0.01 seconds (prove: 0.00, print: 0.00, other: 0.01)
RUN-PARTIAL
:ALL
("Theory" "Use" "Free" "Non-rec" "Infected")

Summary
Form:  ( IN-THEORY (QUOTE ...))
Rules: NIL
Warnings:  None
Time:  0.00 seconds (prove: 0.00, print: 0.00, other: 0.00)
1

Summary
Form:  ( DEFCHOOSE FOR-ALL-INV-PARTIAL-WITNESS ...)
Rules: NIL
Warnings:  None
Time:  0.00 seconds (prove: 0.00, print: 0.00, other: 0.00)
FOR-ALL-INV-PARTIAL-WITNESS

Summary
Form:  ( DEFUN FOR-ALL-INV-PARTIAL ...)
Rules: NIL
Warnings:  None
Time:  0.00 seconds (prove: 0.00, print: 0.00, other: 0.00)
FOR-ALL-INV-PARTIAL

Summary
Form:  ( IN-THEORY (DISABLE ...))
Rules: NIL
Warnings:  None
Time:  0.00 seconds (prove: 0.00, print: 0.00, other: 0.00)
3

Summary
Form:  ( DEFTHM FOR-ALL-INV-PARTIAL-NECC ...)
Rules: ((:DEFINITION NOT)
        (:EXECUTABLE-COUNTERPART NOT)
        (:FAKE-RUNE-FOR-TYPE-SET NIL))
Warnings:  None
Time:  0.00 seconds (prove: 0.00, print: 0.00, other: 0.00)
FOR-ALL-INV-PARTIAL-NECC

Summary
Form:  ( ENCAPSULATE ((FOR-ALL-INV-PARTIAL-WITNESS ...) ...) ...)
Rules: NIL
Warnings:  None
Time:  0.01 seconds (prove: 0.00, print: 0.00, other: 0.01)
T

Summary
Form:  ( TABLE ACL2-DEFAULTS-TABLE ...)
Rules: NIL
Warnings:  None
Time:  0.00 seconds (prove: 0.00, print: 0.00, other: 0.00)
ACL2-DEFAULTS-TABLE

Summary
Form:  ( ENCAPSULATE NIL (SET-MATCH-FREE-DEFAULT :ALL) ...)
Rules: NIL
Warnings:  None
Time:  0.02 seconds (prove: 0.00, print: 0.00, other: 0.01)
T
:ALL
("Theory" "Use" "Free" "Non-rec" "Infected")

Summary
Form:  ( IN-THEORY (QUOTE ...))
Rules: NIL
Warnings:  None
Time:  0.00 seconds (prove: 0.00, print: 0.00, other: 0.00)
1

Summary
Form:  ( DEFCHOOSE EXISTS-RUN-PARTIAL-TO-EXTERNAL-PARTIAL-WITNESS ...)
Rules: NIL
Warnings:  None
Time:  0.00 seconds (prove: 0.00, print: 0.00, other: 0.00)
EXISTS-RUN-PARTIAL-TO-EXTERNAL-PARTIAL-WITNESS

Summary
Form:  ( DEFUN EXISTS-RUN-PARTIAL-TO-EXTERNAL-PARTIAL ...)
Rules: NIL
Warnings:  None
Time:  0.00 seconds (prove: 0.00, print: 0.00, other: 0.00)
EXISTS-RUN-PARTIAL-TO-EXTERNAL-PARTIAL

Summary
Form:  ( IN-THEORY (DISABLE ...))
Rules: NIL
Warnings:  None
Time:  0.00 seconds (prove: 0.00, print: 0.00, other: 0.00)
3

Summary
Form:  ( DEFTHM EXISTS-RUN-PARTIAL-TO-EXTERNAL-PARTIAL-SUFF ...)
Rules: ((:DEFINITION NOT)
        (:FAKE-RUNE-FOR-TYPE-SET NIL))
Warnings:  None
Time:  0.00 seconds (prove: 0.00, print: 0.00, other: 0.00)
EXISTS-RUN-PARTIAL-TO-EXTERNAL-PARTIAL-SUFF

Summary
Form:  ( ENCAPSULATE ((EXISTS-RUN-PARTIAL-TO-EXTERNAL-PARTIAL-WITNESS
...) ...) ...)
Rules: NIL
Warnings:  None
Time:  0.01 seconds (prove: 0.00, print: 0.00, other: 0.01)
T

Summary
Form:  ( TABLE ACL2-DEFAULTS-TABLE ...)
Rules: NIL
Warnings:  None
Time:  0.00 seconds (prove: 0.00, print: 0.00, other: 0.00)
ACL2-DEFAULTS-TABLE

Summary
Form:  ( ENCAPSULATE NIL (SET-MATCH-FREE-DEFAULT :ALL) ...)
Rules: NIL
Warnings:  None
Time:  0.02 seconds (prove: 0.00, print: 0.00, other: 0.01)
T

Summary
Form:  ( IN-THEORY (DISABLE ...))
Rules: NIL
Warnings:  None
Time:  0.00 seconds (prove: 0.00, print: 0.00, other: 0.00)
1802

Summary
Form:  ( DEFUN CLOCK-PARTIAL--FN ...)
Rules: ((:FAKE-RUNE-FOR-TYPE-SET NIL))
Warnings:  None
Time:  0.00 seconds (prove: 0.00, print: 0.00, other: 0.00)
CLOCK-PARTIAL--FN

Summary
Form:  ( DEFUN FIND-EXTERNAL-PARTIAL ...)
Rules: ((:COMPOUND-RECOGNIZER NATP-COMPOUND-RECOGNIZER)
        (:COMPOUND-RECOGNIZER ZP-COMPOUND-RECOGNIZER)
        (:DEFINITION NFIX)
        (:DEFINITION O-FINP)
        (:DEFINITION O-P)
        (:DEFINITION O<)
        (:FAKE-RUNE-FOR-LINEAR NIL)
        (:FAKE-RUNE-FOR-TYPE-SET NIL))
Warnings:  None
Time:  0.01 seconds (prove: 0.00, print: 0.00, other: 0.01)
FIND-EXTERNAL-PARTIAL

Summary
Form:  ( INCLUDE-BOOK "arithmetic-2/meta/top" ...)
Rules: NIL
Warnings:  None
Time:  0.91 seconds (prove: 0.00, print: 0.00, other: 0.91)
"/Users/huangjianshi/src/acl2-sources/books/arithmetic-2/meta/top.lisp"

Summary
Form:  ( DEFTHM RUN-PARTIAL-NEXT-PARTIAL-TO-NEXT-PARTIAL-RUN-PARTIAL
...)
Rules: ((:COMPOUND-RECOGNIZER ZP-COMPOUND-RECOGNIZER)
        (:DEFINITION RUN-PARTIAL)
        (:FAKE-RUNE-FOR-TYPE-SET NIL)
        (:INDUCTION RUN-PARTIAL))
Warnings:  None
Time:  0.00 seconds (prove: 0.00, print: 0.00, other: 0.00)
RUN-PARTIAL-NEXT-PARTIAL-TO-NEXT-PARTIAL-RUN-PARTIAL

Summary
Form:  ( DEFTHM INV-PARTIAL-TO-EXTERNAL-PARTIAL ...)
Rules: ((:COMPOUND-RECOGNIZER ZP-COMPOUND-RECOGNIZER)
        (:DEFINITION FIND-EXTERNAL-PARTIAL)
        (:DEFINITION FIX)
        (:DEFINITION NOT)
        (:DEFINITION RUN-PARTIAL)
        (:DEFINITION SYNP)
        (:EXECUTABLE-COUNTERPART BINARY-+)
        (:EXECUTABLE-COUNTERPART ZP)
        (:FAKE-RUNE-FOR-TYPE-SET NIL)
        (:INDUCTION FIND-EXTERNAL-PARTIAL)
        (:REWRITE |(+ 0 x)|)
        (:REWRITE |(+ c (+ d x))|)
        (:REWRITE INV-PARTIAL-IS-AN-INV-PARTIALARIANT)
        (:REWRITE INV-PARTIAL-IS-NOT-EXTERNAL-PARTIAL)
        (:REWRITE RUN-PARTIAL-NEXT-PARTIAL-TO-NEXT-PARTIAL-RUN-PARTIAL)
        (:TYPE-PRESCRIPTION FIND-EXTERNAL-PARTIAL))
Warnings:  None
Time:  0.00 seconds (prove: 0.00, print: 0.00, other: 0.00)
INV-PARTIAL-TO-EXTERNAL-PARTIAL

Summary
Form:  ( DEFTHM INV-PARTIAL-UPTO-FIND-EXTERNAL-PARTIAL ...)
Rules: ((:COMPOUND-RECOGNIZER ZP-COMPOUND-RECOGNIZER)
        (:DEFINITION FIND-EXTERNAL-PARTIAL)
        (:DEFINITION FIX)
        (:DEFINITION NOT)
        (:DEFINITION RUN-PARTIAL)
        (:FAKE-RUNE-FOR-TYPE-SET NIL)
        (:INDUCTION FIND-EXTERNAL-PARTIAL)
        (:INDUCTION RUN-PARTIAL)
        (:META PREFER-POSITIVE-ADDENDS-<-THM)
        (:REWRITE |(+ 0 x)|)
        (:REWRITE |(< (if x y z) w)|)
        (:REWRITE COLLECT-PLUS-1B)
        (:REWRITE INV-PARTIAL-IS-AN-INV-PARTIALARIANT)
        (:REWRITE RUN-PARTIAL-NEXT-PARTIAL-TO-NEXT-PARTIAL-RUN-PARTIAL)
        (:REWRITE UN-HIDE-PLUS))
Warnings:  None
Time:  0.00 seconds (prove: 0.00, print: 0.00, other: 0.00)
INV-PARTIAL-UPTO-FIND-EXTERNAL-PARTIAL

Summary
Form:  ( DEFTHM FOR-ALL-INV-PARTIAL-FOR-FIND-EXTERNAL-PARTIAL ...)
Rules: ((:DEFINITION FOR-ALL-INV-PARTIAL)
        (:REWRITE INV-PARTIAL-UPTO-FIND-EXTERNAL-PARTIAL)
        (:TYPE-PRESCRIPTION FOR-ALL-INV-PARTIAL))
Warnings:  None
Time:  0.00 seconds (prove: 0.00, print: 0.00, other: 0.00)
FOR-ALL-INV-PARTIAL-FOR-FIND-EXTERNAL-PARTIAL

Summary
Form:  ( DEFTHM EXTERNAL-PARTIAL-TO-FIND-EXTERNAL-PARTIAL ...)
Rules: ((:COMPOUND-RECOGNIZER ZP-COMPOUND-RECOGNIZER)
        (:DEFINITION FIND-EXTERNAL-PARTIAL)
        (:DEFINITION FIX)
        (:DEFINITION NOT)
        (:DEFINITION RUN-PARTIAL)
        (:DEFINITION SYNP)
        (:EXECUTABLE-COUNTERPART BINARY-+)
        (:EXECUTABLE-COUNTERPART ZP)
        (:FAKE-RUNE-FOR-TYPE-SET NIL)
        (:INDUCTION FIND-EXTERNAL-PARTIAL)
        (:INDUCTION RUN-PARTIAL)
        (:REWRITE |(+ 0 x)|)
        (:REWRITE |(+ c (+ d x))|)
        (:REWRITE INV-PARTIAL-IS-AN-INV-PARTIALARIANT)
        (:REWRITE INV-PARTIAL-IS-NOT-EXTERNAL-PARTIAL)
        (:REWRITE RUN-PARTIAL-NEXT-PARTIAL-TO-NEXT-PARTIAL-RUN-PARTIAL)
        (:TYPE-PRESCRIPTION FIND-EXTERNAL-PARTIAL))
Warnings:  None
Time:  0.00 seconds (prove: 0.00, print: 0.00, other: 0.00)
EXTERNAL-PARTIAL-TO-FIND-EXTERNAL-PARTIAL

Summary
Form:  ( DEFTHM EXISTS-FROM-FIND-EXTERNAL-PARTIAL ...)
Rules: ((:COMPOUND-RECOGNIZER NATP-COMPOUND-RECOGNIZER)
        (:DEFINITION NOT)
        (:REWRITE EXTERNAL-PARTIAL-TO-FIND-EXTERNAL-PARTIAL)
        (:REWRITE FOR-ALL-INV-PARTIAL-FOR-FIND-EXTERNAL-PARTIAL)
        (:REWRITE INV-PARTIAL-TO-EXTERNAL-PARTIAL)
        (:TYPE-PRESCRIPTION FIND-EXTERNAL-PARTIAL))
Warnings:  None
Time:  0.00 seconds (prove: 0.00, print: 0.00, other: 0.00)
EXISTS-FROM-FIND-EXTERNAL-PARTIAL

Summary
Form:  ( DEFTHM EXISTS-TO-EXTERNAL-PARTIAL ...)
Rules: ((:COMPOUND-RECOGNIZER NATP-COMPOUND-RECOGNIZER)
        (:COMPOUND-RECOGNIZER ZP-COMPOUND-RECOGNIZER)
        (:DEFINITION CLOCK-PARTIAL--FN)
        (:DEFINITION EXISTS-RUN-PARTIAL-TO-EXTERNAL-PARTIAL)
        (:DEFINITION FIX)
        (:DEFINITION FOR-ALL-INV-PARTIAL)
        (:DEFINITION RUN-PARTIAL)
        (:DEFINITION SYNP)
        (:EXECUTABLE-COUNTERPART BINARY-+)
        (:FAKE-RUNE-FOR-TYPE-SET NIL)
        (:REWRITE |(+ 0 x)|)
        (:REWRITE |(+ c (+ d x))|)
        (:REWRITE RUN-PARTIAL-NEXT-PARTIAL-TO-NEXT-PARTIAL-RUN-PARTIAL))
Warnings:  None
Time:  0.00 seconds (prove: 0.00, print: 0.00, other: 0.00)
EXISTS-TO-EXTERNAL-PARTIAL

Summary
Form:  ( DEFTHM EXISTS-TO-GOOD ...)
Rules: ((:COMPOUND-RECOGNIZER NATP-COMPOUND-RECOGNIZER)
        (:COMPOUND-RECOGNIZER ZP-COMPOUND-RECOGNIZER)
        (:DEFINITION CLOCK-PARTIAL--FN)
        (:DEFINITION EXISTS-RUN-PARTIAL-TO-EXTERNAL-PARTIAL)
        (:DEFINITION FIX)
        (:DEFINITION FOR-ALL-INV-PARTIAL)
        (:DEFINITION RUN-PARTIAL)
        (:DEFINITION SYNP)
        (:EXECUTABLE-COUNTERPART BINARY-+)
        (:FAKE-RUNE-FOR-TYPE-SET NIL)
        (:REWRITE |(+ 0 x)|)
        (:REWRITE |(+ c (+ d x))|)
        (:REWRITE INV-PARTIAL-AND-EXTERNAL-PARTIAL-IS-POST-PARTIAL)
        (:REWRITE RUN-PARTIAL-NEXT-PARTIAL-TO-NEXT-PARTIAL-RUN-PARTIAL))
Warnings:  None
Time:  0.00 seconds (prove: 0.00, print: 0.00, other: 0.00)
EXISTS-TO-GOOD

Summary
Form:  ( DEFTHM FOR-ALL-INV-PARTIAL-TO-INV-PARTIAL ...)
Rules: NIL
Warnings:  None
Time:  0.00 seconds (prove: 0.00, print: 0.00, other: 0.00)
FOR-ALL-INV-PARTIAL-TO-INV-PARTIAL

Summary
Form:  ( DEFTHM INV-PARTIAL-PERSISTS-TILL-EXTERNAL-PARTIAL ...)
Rules: ((:COMPOUND-RECOGNIZER NATP-COMPOUND-RECOGNIZER)
        (:DEFINITION EXISTS-RUN-PARTIAL-TO-EXTERNAL-PARTIAL)
        (:DEFINITION NOT)
        (:FAKE-RUNE-FOR-LINEAR NIL)
        (:REWRITE FOR-ALL-INV-PARTIAL-TO-INV-PARTIAL)
        (:REWRITE INV-PARTIAL-IS-NOT-EXTERNAL-PARTIAL)
        (:TYPE-PRESCRIPTION FOR-ALL-INV-PARTIAL))
Warnings:  None
Time:  0.00 seconds (prove: 0.00, print: 0.00, other: 0.00)
INV-PARTIAL-PERSISTS-TILL-EXTERNAL-PARTIAL

Summary
Form:  ( DEFTHM CLOCK-PARTIAL--IS-A-NATP ...)
Rules: ((:COMPOUND-RECOGNIZER NATP-COMPOUND-RECOGNIZER)
        (:DEFINITION CLOCK-PARTIAL--FN)
        (:DEFINITION EXISTS-RUN-PARTIAL-TO-EXTERNAL-PARTIAL)
        (:DEFINITION FOR-ALL-INV-PARTIAL)
        (:FAKE-RUNE-FOR-TYPE-SET NIL)
        (:TYPE-PRESCRIPTION NATP))
Warnings:  None
Time:  0.00 seconds (prove: 0.00, print: 0.00, other: 0.00)
CLOCK-PARTIAL--IS-A-NATP

Summary
Form:  ( DEFTHM CLOCK-PARTIAL--FN-IS-MINIMUM ...)
Rules: ((:COMPOUND-RECOGNIZER NATP-COMPOUND-RECOGNIZER)
        (:COMPOUND-RECOGNIZER ZP-COMPOUND-RECOGNIZER)
        (:CONGRUENCE IFF-IMPLIES-EQUAL-NOT)
        (:DEFINITION CLOCK-PARTIAL--FN)
        (:DEFINITION EXISTS-RUN-PARTIAL-TO-EXTERNAL-PARTIAL)
        (:DEFINITION NOT)
        (:DEFINITION RUN-PARTIAL)
        (:EXECUTABLE-COUNTERPART NOT)
        (:FAKE-RUNE-FOR-LINEAR NIL)
        (:FAKE-RUNE-FOR-TYPE-SET NIL)
        (:REWRITE FOR-ALL-INV-PARTIAL-TO-INV-PARTIAL)
        (:REWRITE INV-PARTIAL-IS-AN-INV-PARTIALARIANT)
        (:REWRITE INV-PARTIAL-IS-NOT-EXTERNAL-PARTIAL)
        (:TYPE-PRESCRIPTION FOR-ALL-INV-PARTIAL))
Warnings:  None
Time:  0.01 seconds (prove: 0.01, print: 0.00, other: 0.00)
CLOCK-PARTIAL--FN-IS-MINIMUM

Summary
Form:  ( IN-THEORY (DISABLE ...))
Rules: NIL
Warnings:  None
Time:  0.00 seconds (prove: 0.00, print: 0.00, other: 0.00)
2234

Summary
Form:  ( DEFTHM STANDARD-THEOREM-FOR-CLOCK-PARTIAL-S-1 ...)
Rules: ((:REWRITE EXISTS-FROM-FIND-EXTERNAL-PARTIAL)
        (:REWRITE EXISTS-TO-EXTERNAL-PARTIAL)
        (:REWRITE PRE-PARTIAL-IMPLIES-INV-PARTIAL))
Warnings:  None
Time:  0.00 seconds (prove: 0.00, print: 0.00, other: 0.00)
STANDARD-THEOREM-FOR-CLOCK-PARTIAL-S-1

Summary
Form:  ( DEFTHM STANDARD-THEOREM-FOR-CLOCK-PARTIAL-S-2 ...)
Rules: ((:REWRITE EXISTS-FROM-FIND-EXTERNAL-PARTIAL)
        (:REWRITE EXISTS-TO-GOOD)
        (:REWRITE PRE-PARTIAL-IMPLIES-INV-PARTIAL))
Warnings:  None
Time:  0.00 seconds (prove: 0.00, print: 0.00, other: 0.00)
STANDARD-THEOREM-FOR-CLOCK-PARTIAL-S-2

Summary
Form:  ( DEFTHM STANDARD-THEOREM-FOR-CLOCK-PARTIAL-S-3 ...)
Rules: ((:DEFINITION NOT)
        (:EXECUTABLE-COUNTERPART NOT)
        (:REWRITE PRE-PARTIAL-IMPLIES-INV-PARTIAL))
Warnings:  None
Time:  0.00 seconds (prove: 0.00, print: 0.00, other: 0.00)
STANDARD-THEOREM-FOR-CLOCK-PARTIAL-S-3

Summary
Form:  ( TABLE ACL2-DEFAULTS-TABLE ...)
Rules: NIL
Warnings:  None
Time:  0.00 seconds (prove: 0.00, print: 0.00, other: 0.00)
ACL2-DEFAULTS-TABLE

Summary
Form:  ( INCLUDE-BOOK "i2c-partial" ...)
Rules: NIL
Warnings:  None
Time:  0.02 seconds (prove: 0.00, print: 0.00, other: 0.02)

"/Users/huangjianshi/src/acl2-sources/books/proofstyles/i2c/i2c-partial.fasl"


Summary
Form:  (CERTIFY-BOOK "i2c-partial" ...)
Rules: NIL
Warnings:  None
Time:  1.08 seconds (prove: 0.04, print: 0.00, other: 1.04)
 "/Users/huangjianshi/src/acl2-sources/books/proofstyles/i2c/i2c-partial.lisp"
ACL2 !>
Exiting the ACL2 read-eval-print loop.  To re-enter, execute (LP).
* 