This is SBCL 1.0.1.34, an implementation of ANSI Common Lisp.
More information about SBCL is available at <http://www.sbcl.org/>.

SBCL is free software, provided as is, with absolutely no warranty.
It is mostly in the public domain; some portions are provided under
BSD-style licenses.  See the CREDITS and COPYING files in the
distribution for more information.

 ACL2 Version 3.1 built January 26, 2007  15:12:42.
 Copyright (C) 2006  University of Texas at Austin
 ACL2 comes with ABSOLUTELY NO WARRANTY.  This is free software and you
 are welcome to redistribute it under certain conditions.  For details,
 see the GNU General Public License.

 Initialized with (INITIALIZE-ACL2 'INCLUDE-BOOK *ACL2-PASS-2-FILES*).
 See the documentation topic note-3-1 for recent changes.
 Note: We have modified the prompt in some underlying Lisps to further
 distinguish it from the ACL2 prompt.

 NOTE!!  Proof trees are disabled in ACL2.  To enable them in emacs,
 look under the ACL2 source directory in interface/emacs/README.doc; 
 and, to turn on proof trees, execute :START-PROOF-TREE in the ACL2 
 command loop.   Look in the ACL2 documentation under PROOF-TREE.

ACL2 Version 3.1.  Level 1.  Cbd 
"/Users/huangjianshi/src/acl2-sources/books/workshops/2006/ray/tail/".
Type :help for help.
Type (good-bye) to quit completely out of ACL2.

ACL2 !>
Exiting the ACL2 read-eval-print loop.  To re-enter, execute (LP).
* 
#<PACKAGE "ACL2">
* 
ACL2 Version 3.1.  Level 1.  Cbd 
"/Users/huangjianshi/src/acl2-sources/books/workshops/2006/ray/tail/".
Type :help for help.
Type (good-bye) to quit completely out of ACL2.

ACL2 !> (PROVE PROOF-TREE
        WARNING OBSERVATION EVENT EXPANSION)
ACL2 !>:ALL
:INVISIBLE

Summary
Form:  ( DEFUN NEXT ...)
Rules: NIL
Warnings:  None
Time:  0.01 seconds (prove: 0.00, print: 0.00, other: 0.01)
NEXT

Summary
Form:  ( ENCAPSULATE (((NEXT * ...) ...) ...) ...)
Rules: NIL
Warnings:  None
Time:  0.01 seconds (prove: 0.00, print: 0.00, other: 0.01)
T

Summary
Form:  ( DEFUN ASSERTION ...)
Rules: NIL
Warnings:  None
Time:  0.00 seconds (prove: 0.00, print: 0.00, other: 0.00)
ASSERTION

Summary
Form:  ( DEFUN CUTPOINT ...)
Rules: NIL
Warnings:  None
Time:  0.00 seconds (prove: 0.00, print: 0.00, other: 0.00)
CUTPOINT

Summary
Form:  ( DEFTHM ASSERTION-IS-BOOLEAN ...)
Rules: ((:COMPOUND-RECOGNIZER BOOLEANP-COMPOUND-RECOGNIZER)
        (:TYPE-PRESCRIPTION ASSERTION))
Warnings:  None
Time:  0.00 seconds (prove: 0.00, print: 0.00, other: 0.00)
ASSERTION-IS-BOOLEAN

Summary
Form:  ( DEFTHM CUTPOINT-IS-BOOLEAN ...)
Rules: ((:COMPOUND-RECOGNIZER BOOLEANP-COMPOUND-RECOGNIZER)
        (:TYPE-PRESCRIPTION CUTPOINT))
Warnings:  None
Time:  0.00 seconds (prove: 0.00, print: 0.00, other: 0.00)
CUTPOINT-IS-BOOLEAN

Summary
Form:  ( ENCAPSULATE (((ASSERTION * ...) ...) ...) ...)
Rules: NIL
Warnings:  None
Time:  0.01 seconds (prove: 0.00, print: 0.00, other: 0.01)
T

Summary
Form:  ( DEFUN RUN ...)
Rules: NIL
Warnings:  None
Time:  0.01 seconds (prove: 0.00, print: 0.00, other: 0.01)
RUN

Summary
Form:  ( DEFUN NO-CUTPOINT ...)
Rules: NIL
Warnings:  None
Time:  0.01 seconds (prove: 0.00, print: 0.00, other: 0.01)
NO-CUTPOINT

Summary
Form:  ( DEFUN DEL-LAST ...)
Rules: ((:FAKE-RUNE-FOR-TYPE-SET NIL))
Warnings:  None
Time:  0.01 seconds (prove: 0.00, print: 0.00, other: 0.01)
DEL-LAST

Summary
Form:  ( DEFUN SCHED-TO-CUTPOINT ...)
Rules: ((:TYPE-PRESCRIPTION NO-CUTPOINT))
Warnings:  None
Time:  0.00 seconds (prove: 0.00, print: 0.00, other: 0.00)
SCHED-TO-CUTPOINT
:ALL
("Theory" "Use" "Free" "Non-rec" "Infected")

Summary
Form:  ( IN-THEORY (QUOTE ...))
Rules: NIL
Warnings:  None
Time:  0.00 seconds (prove: 0.00, print: 0.00, other: 0.00)
1

Summary
Form:  ( DEFCHOOSE INV-WITNESS ...)
Rules: NIL
Warnings:  None
Time:  0.00 seconds (prove: 0.00, print: 0.00, other: 0.00)
INV-WITNESS

Summary
Form:  ( DEFUN INV ...)
Rules: NIL
Warnings:  None
Time:  0.00 seconds (prove: 0.00, print: 0.00, other: 0.00)
INV

Summary
Form:  ( IN-THEORY (DISABLE ...))
Rules: NIL
Warnings:  None
Time:  0.00 seconds (prove: 0.00, print: 0.00, other: 0.00)
3

Summary
Form:  ( DEFTHM INV-SUFF ...)
Rules: ((:DEFINITION NOT)
        (:FAKE-RUNE-FOR-TYPE-SET NIL))
Warnings:  None
Time:  0.00 seconds (prove: 0.00, print: 0.00, other: 0.00)
INV-SUFF

Summary
Form:  ( ENCAPSULATE ((INV-WITNESS ...) ...) ...)
Rules: NIL
Warnings:  None
Time:  0.02 seconds (prove: 0.00, print: 0.00, other: 0.01)
T

Summary
Form:  ( TABLE ACL2-DEFAULTS-TABLE ...)
Rules: NIL
Warnings:  None
Time:  0.00 seconds (prove: 0.00, print: 0.00, other: 0.00)
ACL2-DEFAULTS-TABLE

Summary
Form:  ( ENCAPSULATE NIL (SET-MATCH-FREE-DEFAULT :ALL) ...)
Rules: NIL
Warnings:  None
Time:  0.02 seconds (prove: 0.00, print: 0.00, other: 0.02)
T
:ALL
("Theory" "Use" "Free" "Non-rec" "Infected")

Summary
Form:  ( IN-THEORY (QUOTE ...))
Rules: NIL
Warnings:  None
Time:  0.00 seconds (prove: 0.00, print: 0.00, other: 0.00)
1

Summary
Form:  ( DEFCHOOSE NEXT-INV-WITNESS ...)
Rules: NIL
Warnings:  None
Time:  0.00 seconds (prove: 0.00, print: 0.00, other: 0.00)
NEXT-INV-WITNESS

Summary
Form:  ( DEFUN NEXT-INV ...)
Rules: NIL
Warnings:  None
Time:  0.00 seconds (prove: 0.00, print: 0.00, other: 0.00)
NEXT-INV

Summary
Form:  ( IN-THEORY (DISABLE ...))
Rules: NIL
Warnings:  None
Time:  0.00 seconds (prove: 0.00, print: 0.00, other: 0.00)
3

Summary
Form:  ( DEFTHM NEXT-INV-SUFF ...)
Rules: ((:DEFINITION NOT)
        (:FAKE-RUNE-FOR-TYPE-SET NIL))
Warnings:  None
Time:  0.00 seconds (prove: 0.00, print: 0.00, other: 0.00)
NEXT-INV-SUFF

Summary
Form:  ( ENCAPSULATE ((NEXT-INV-WITNESS ...) ...) ...)
Rules: NIL
Warnings:  None
Time:  0.01 seconds (prove: 0.00, print: 0.00, other: 0.01)
T

Summary
Form:  ( TABLE ACL2-DEFAULTS-TABLE ...)
Rules: NIL
Warnings:  None
Time:  0.00 seconds (prove: 0.00, print: 0.00, other: 0.00)
ACL2-DEFAULTS-TABLE

Summary
Form:  ( ENCAPSULATE NIL (SET-MATCH-FREE-DEFAULT :ALL) ...)
Rules: NIL
Warnings:  None
Time:  0.01 seconds (prove: 0.00, print: 0.00, other: 0.01)
T

Summary
Form:  ( IN-THEORY (DISABLE ...))
Rules: NIL
Warnings:  None
Time:  0.00 seconds (prove: 0.00, print: 0.00, other: 0.00)
1812

Summary
Form:  ( IN-THEORY (DISABLE ...))
Rules: NIL
Warnings:  None
Time:  0.00 seconds (prove: 0.00, print: 0.00, other: 0.00)
1810

Summary
Form:  ( DEFTHM CUTPOINT-AND-ASSERTION-IMPLIES-INV ...)
Rules: ((:DEFINITION NOT)
        (:DEFINITION RUN)
        (:DEFINITION SCHED-TO-CUTPOINT)
        (:EXECUTABLE-COUNTERPART CONSP)
        (:EXECUTABLE-COUNTERPART TRUE-LISTP)
        (:TYPE-PRESCRIPTION ASSERTION-IS-BOOLEAN)
        (:TYPE-PRESCRIPTION CUTPOINT-IS-BOOLEAN))
Warnings:  None
Time:  0.00 seconds (prove: 0.00, print: 0.00, other: 0.00)
CUTPOINT-AND-ASSERTION-IMPLIES-INV

Summary
Form:  ( DEFTHM INV-AND-CUTPOINT-IMPLIES-ASSERTION ...)
Rules: ((:DEFINITION INV)
        (:DEFINITION NO-CUTPOINT)
        (:DEFINITION RUN)
        (:DEFINITION SCHED-TO-CUTPOINT)
        (:EXECUTABLE-COUNTERPART CONSP)
        (:TYPE-PRESCRIPTION CUTPOINT-IS-BOOLEAN))
Warnings:  None
Time:  0.00 seconds (prove: 0.00, print: 0.00, other: 0.00)
INV-AND-CUTPOINT-IMPLIES-ASSERTION

Summary
Form:  ( DEFTHM CUTPOINT-IMPLIES-INV=ASSERTION ...)
Rules: ((:DEFINITION NOT)
        (:TYPE-PRESCRIPTION ASSERTION-IS-BOOLEAN)
        (:TYPE-PRESCRIPTION CUTPOINT-IS-BOOLEAN)
        (:TYPE-PRESCRIPTION INV))
Warnings:  None
Time:  0.00 seconds (prove: 0.00, print: 0.00, other: 0.00)
CUTPOINT-IMPLIES-INV=ASSERTION

Summary
Form:  ( DEFTHM NOT-CUTPOINT-AND-SCHED-TO-CUTPOINT-IMPLIES-CDR ...)
Rules: ((:DEFINITION DEL-LAST)
        (:DEFINITION NO-CUTPOINT)
        (:DEFINITION NOT)
        (:DEFINITION RUN)
        (:DEFINITION SCHED-TO-CUTPOINT)
        (:FAKE-RUNE-FOR-TYPE-SET NIL)
        (:REWRITE CAR-CONS)
        (:REWRITE CDR-CONS)
        (:TYPE-PRESCRIPTION CUTPOINT-IS-BOOLEAN)
        (:TYPE-PRESCRIPTION DEL-LAST))
Warnings:  None
Time:  0.00 seconds (prove: 0.00, print: 0.00, other: 0.00)
NOT-CUTPOINT-AND-SCHED-TO-CUTPOINT-IMPLIES-CDR

Summary
Form:  ( DEFTHM INV-IMPLIES-INV-NEXT ...)
Rules: ((:DEFINITION DEL-LAST)
        (:DEFINITION NO-CUTPOINT)
        (:DEFINITION NOT)
        (:DEFINITION RUN)
        (:DEFINITION SCHED-TO-CUTPOINT)
        (:DEFINITION TRUE-LISTP)
        (:EXECUTABLE-COUNTERPART CONSP)
        (:EXECUTABLE-COUNTERPART NOT)
        (:EXECUTABLE-COUNTERPART TRUE-LISTP)
        (:FAKE-RUNE-FOR-TYPE-SET NIL)
        (:REWRITE CAR-CONS)
        (:REWRITE CDR-CONS)
        (:TYPE-PRESCRIPTION ASSERTION-IS-BOOLEAN)
        (:TYPE-PRESCRIPTION CUTPOINT-IS-BOOLEAN)
        (:TYPE-PRESCRIPTION DEL-LAST)
        (:TYPE-PRESCRIPTION INV)
        (:TYPE-PRESCRIPTION NO-CUTPOINT))
Warnings:  None
Time:  0.01 seconds (prove: 0.01, print: 0.00, other: 0.00)
INV-IMPLIES-INV-NEXT

Summary
Form:  ( DEFTHM INV-IMPLIES-NEXT-INV ...)
Rules: ((:DEFINITION NOT)
        (:REWRITE INV-IMPLIES-INV-NEXT)
        (:TYPE-PRESCRIPTION INV))
Warnings:  None
Time:  0.00 seconds (prove: 0.00, print: 0.00, other: 0.00)
INV-IMPLIES-NEXT-INV

Summary
Form:  ( DEFTHM SCHED-TO-CUTPOINT-FROM-NEXT ...)
Rules: ((:DEFINITION DEL-LAST)
        (:DEFINITION NO-CUTPOINT)
        (:DEFINITION NOT)
        (:DEFINITION RUN)
        (:DEFINITION SCHED-TO-CUTPOINT)
        (:EXECUTABLE-COUNTERPART CONSP)
        (:FAKE-RUNE-FOR-TYPE-SET NIL)
        (:REWRITE CAR-CONS)
        (:REWRITE CDR-CONS)
        (:TYPE-PRESCRIPTION CUTPOINT-IS-BOOLEAN)
        (:TYPE-PRESCRIPTION DEL-LAST)
        (:TYPE-PRESCRIPTION NO-CUTPOINT)
        (:TYPE-PRESCRIPTION SCHED-TO-CUTPOINT))
Warnings:  None
Time:  0.00 seconds (prove: 0.00, print: 0.00, other: 0.00)
SCHED-TO-CUTPOINT-FROM-NEXT

Summary
Form:  ( DEFTHM INV-FROM-NEXT-INV ...)
Rules: ((:DEFINITION NOT)
        (:DEFINITION RUN)
        (:FAKE-RUNE-FOR-TYPE-SET NIL)
        (:REWRITE CAR-CONS)
        (:REWRITE CDR-CONS)
        (:REWRITE SCHED-TO-CUTPOINT-FROM-NEXT)
        (:TYPE-PRESCRIPTION ASSERTION-IS-BOOLEAN)
        (:TYPE-PRESCRIPTION INV)
        (:TYPE-PRESCRIPTION SCHED-TO-CUTPOINT))
Warnings:  None
Time:  0.00 seconds (prove: 0.00, print: 0.00, other: 0.00)
INV-FROM-NEXT-INV

Summary
Form:  ( DEFTHM NEXT-INV-IMPLIES-INV ...)
Rules: ((:DEFINITION NEXT-INV)
        (:DEFINITION NOT)
        (:REWRITE INV-FROM-NEXT-INV)
        (:TYPE-PRESCRIPTION INV))
Warnings:  None
Time:  0.00 seconds (prove: 0.00, print: 0.00, other: 0.00)
NEXT-INV-IMPLIES-INV

Summary
Form:  ( DEFTHM INV-DEFINITION ...)
Rules: ((:EXECUTABLE-COUNTERPART NOT)
        (:FAKE-RUNE-FOR-TYPE-SET NIL)
        (:REWRITE CUTPOINT-IMPLIES-INV=ASSERTION)
        (:TYPE-PRESCRIPTION CUTPOINT-IS-BOOLEAN)
        (:TYPE-PRESCRIPTION INV)
        (:TYPE-PRESCRIPTION NEXT-INV))
Warnings:  None
Time:  0.00 seconds (prove: 0.00, print: 0.00, other: 0.00)
INV-DEFINITION

Summary
Form:  ( TABLE ACL2-DEFAULTS-TABLE ...)
Rules: NIL
Warnings:  None
Time:  0.00 seconds (prove: 0.00, print: 0.00, other: 0.00)
ACL2-DEFAULTS-TABLE

Summary
Form:  ( INCLUDE-BOOK "exists" ...)
Rules: NIL
Warnings:  None
Time:  0.03 seconds (prove: 0.00, print: 0.00, other: 0.03)

"/Users/huangjianshi/src/acl2-sources/books/workshops/2006/ray/tail/exists.fasl"


Summary
Form:  (CERTIFY-BOOK "exists" ...)
Rules: NIL
Warnings:  None
Time:  0.15 seconds (prove: 0.02, print: 0.00, other: 0.12)
 "/Users/huangjianshi/src/acl2-sources/books/workshops/2006/ray/tail/exists.lisp"
ACL2 !>
Exiting the ACL2 read-eval-print loop.  To re-enter, execute (LP).
* 