This is SBCL 1.0.1.34, an implementation of ANSI Common Lisp.
More information about SBCL is available at <http://www.sbcl.org/>.

SBCL is free software, provided as is, with absolutely no warranty.
It is mostly in the public domain; some portions are provided under
BSD-style licenses.  See the CREDITS and COPYING files in the
distribution for more information.

 ACL2 Version 3.1 built January 26, 2007  15:12:42.
 Copyright (C) 2006  University of Texas at Austin
 ACL2 comes with ABSOLUTELY NO WARRANTY.  This is free software and you
 are welcome to redistribute it under certain conditions.  For details,
 see the GNU General Public License.

 Initialized with (INITIALIZE-ACL2 'INCLUDE-BOOK *ACL2-PASS-2-FILES*).
 See the documentation topic note-3-1 for recent changes.
 Note: We have modified the prompt in some underlying Lisps to further
 distinguish it from the ACL2 prompt.

 NOTE!!  Proof trees are disabled in ACL2.  To enable them in emacs,
 look under the ACL2 source directory in interface/emacs/README.doc; 
 and, to turn on proof trees, execute :START-PROOF-TREE in the ACL2 
 command loop.   Look in the ACL2 documentation under PROOF-TREE.

ACL2 Version 3.1.  Level 1.  Cbd 
"/Users/huangjianshi/src/acl2-sources/books/rtl/rel4/arithmetic/".
Type :help for help.
Type (good-bye) to quit completely out of ACL2.

ACL2 !>
Exiting the ACL2 read-eval-print loop.  To re-enter, execute (LP).
* 
#<PACKAGE "ACL2">
* 
ACL2 Version 3.1.  Level 1.  Cbd 
"/Users/huangjianshi/src/acl2-sources/books/rtl/rel4/arithmetic/".
Type :help for help.
Type (good-bye) to quit completely out of ACL2.

ACL2 !> (PROVE PROOF-TREE
        WARNING OBSERVATION EVENT EXPANSION)
ACL2 !>
Summary
Form:  ( INCLUDE-BOOK "inverted-factor" ...)
Rules: NIL
Warnings:  None
Time:  0.06 seconds (prove: 0.00, print: 0.00, other: 0.06)
"/Users/huangjianshi/src/acl2-sources/books/rtl/rel4/arithmetic/inverted-factor.lisp"

Summary
Form:  ( DEFUN MY-INTERSECTION-EQUAL ...)
Rules: ((:FAKE-RUNE-FOR-TYPE-SET NIL))
Warnings:  None
Time:  0.01 seconds (prove: 0.00, print: 0.00, other: 0.01)

Summary
Form:  ( PROGN (DEFUN MY-INTERSECTION-EQUAL ...) ...)
Rules: NIL
Warnings:  None
Time:  0.01 seconds (prove: 0.00, print: 0.00, other: 0.01)
(:DEFUND MY-INTERSECTION-EQUAL)

Summary
Form:  ( DEFUN ADJOIN-EQUAL ...)
Rules: ((:FAKE-RUNE-FOR-TYPE-SET NIL))
Warnings:  None
Time:  0.00 seconds (prove: 0.00, print: 0.00, other: 0.00)
ADJOIN-EQUAL

Summary
Form:  ( DEFUN REMOVE-ONE ...)
Rules: ((:FAKE-RUNE-FOR-TYPE-SET NIL))
Warnings:  None
Time:  0.01 seconds (prove: 0.00, print: 0.00, other: 0.01)

Summary
Form:  ( PROGN (DEFUN REMOVE-ONE ...) ...)
Rules: NIL
Warnings:  None
Time:  0.01 seconds (prove: 0.00, print: 0.00, other: 0.01)
(:DEFUND REMOVE-ONE)

Summary
Form:  ( DEFTHM REMOVE-ONE-PRESERVES-TRUE-LISTP ...)
Rules: ((:DEFINITION ENDP)
        (:DEFINITION NOT)
        (:DEFINITION REMOVE-ONE)
        (:DEFINITION TRUE-LISTP)
        (:EXECUTABLE-COUNTERPART CONSP)
        (:EXECUTABLE-COUNTERPART TRUE-LISTP)
        (:FAKE-RUNE-FOR-TYPE-SET NIL)
        (:INDUCTION REMOVE-ONE)
        (:INDUCTION TRUE-LISTP)
        (:TYPE-PRESCRIPTION TRUE-LISTP))
Warnings:  None
Time:  0.01 seconds (prove: 0.01, print: 0.00, other: 0.00)
REMOVE-ONE-PRESERVES-TRUE-LISTP

Summary
Form:  ( DEFUN GET-FACTORS-OF-PRODUCT ...)
Rules: ((:DEFINITION ACL2-COUNT)
        (:DEFINITION ADJOIN-EQUAL)
        (:DEFINITION FIX)
        (:DEFINITION GET-FACTORS-OF-PRODUCT)
        (:DEFINITION MEMBER-EQUAL)
        (:DEFINITION NOT)
        (:DEFINITION O-FINP)
        (:DEFINITION O<)
        (:DEFINITION PSEUDO-TERM-LISTP)
        (:DEFINITION PSEUDO-TERMP)
        (:DEFINITION TRUE-LISTP)
        (:ELIM CAR-CDR-ELIM)
        (:EXECUTABLE-COUNTERPART ACL2-COUNT)
        (:EXECUTABLE-COUNTERPART CAR)
        (:EXECUTABLE-COUNTERPART CDR)
        (:EXECUTABLE-COUNTERPART CONSP)
        (:EXECUTABLE-COUNTERPART EQUAL)
        (:EXECUTABLE-COUNTERPART GET-FACTORS-OF-PRODUCT)
        (:EXECUTABLE-COUNTERPART NOT)
        (:EXECUTABLE-COUNTERPART PSEUDO-TERM-LISTP)
        (:EXECUTABLE-COUNTERPART PSEUDO-TERMP)
        (:EXECUTABLE-COUNTERPART SYMBOLP)
        (:EXECUTABLE-COUNTERPART TRUE-LISTP)
        (:FAKE-RUNE-FOR-LINEAR NIL)
        (:FAKE-RUNE-FOR-TYPE-SET NIL)
        (:FORWARD-CHAINING PSEUDO-TERM-LISTP-FORWARD-TO-TRUE-LISTP)
        (:INDUCTION GET-FACTORS-OF-PRODUCT)
        (:REWRITE CAR-CONS)
        (:REWRITE CDR-CONS)
        (:REWRITE DEFAULT-CAR)
        (:REWRITE DEFAULT-CDR)
        (:REWRITE UNICITY-OF-0)
        (:TYPE-PRESCRIPTION ACL2-COUNT)
        (:TYPE-PRESCRIPTION ADJOIN-EQUAL)
        (:TYPE-PRESCRIPTION GET-FACTORS-OF-PRODUCT)
        (:TYPE-PRESCRIPTION PSEUDO-TERM-LISTP))
Warnings:  None
Time:  0.06 seconds (prove: 0.05, print: 0.00, other: 0.01)

Summary
Form:  ( PROGN (DEFUN GET-FACTORS-OF-PRODUCT ...) ...)
Rules: NIL
Warnings:  None
Time:  0.06 seconds (prove: 0.05, print: 0.00, other: 0.01)
(:DEFUND GET-FACTORS-OF-PRODUCT)

Summary
Form:  ( DEFTHM GET-FACTORS-OF-PRODUCT-TRUE-LISTP ...)
Rules: ((:DEFINITION ADJOIN-EQUAL)
        (:DEFINITION GET-FACTORS-OF-PRODUCT)
        (:EXECUTABLE-COUNTERPART EQUAL)
        (:FAKE-RUNE-FOR-TYPE-SET NIL)
        (:INDUCTION GET-FACTORS-OF-PRODUCT)
        (:TYPE-PRESCRIPTION GET-FACTORS-OF-PRODUCT)
        (:TYPE-PRESCRIPTION TRUE-LISTP))
Warnings:  None
Time:  0.00 seconds (prove: 0.00, print: 0.00, other: 0.00)
GET-FACTORS-OF-PRODUCT-TRUE-LISTP

Summary
Form:  ( IN-THEORY (DISABLE ...))
Rules: NIL
Warnings:  None
Time:  0.00 seconds (prove: 0.00, print: 0.00, other: 0.00)
1814

Summary
Form:  ( DEFUN FIND-INVERTED-FACTORS-IN-LIST ...)
Rules: ((:FAKE-RUNE-FOR-TYPE-SET NIL))
Warnings:  None
Time:  0.01 seconds (prove: 0.00, print: 0.00, other: 0.01)

Summary
Form:  ( PROGN (DEFUN FIND-INVERTED-FACTORS-IN-LIST ...) ...)
Rules: NIL
Warnings:  None
Time:  0.01 seconds (prove: 0.00, print: 0.00, other: 0.01)
(:DEFUND FIND-INVERTED-FACTORS-IN-LIST)

Summary
Form:  ( DEFUN REMOVE-CANCELLING-FACTOR-PAIRS-HELPER ...)
Rules: ((:DEFINITION ENDP)
        (:DEFINITION NOT)
        (:FAKE-RUNE-FOR-TYPE-SET NIL)
        (:REWRITE REMOVE-ONE-PRESERVES-TRUE-LISTP))
Warnings:  None
Time:  0.01 seconds (prove: 0.00, print: 0.00, other: 0.01)

Summary
Form:  ( PROGN (DEFUN REMOVE-CANCELLING-FACTOR-PAIRS-HELPER ...) ...)
Rules: NIL
Warnings:  None
Time:  0.01 seconds (prove: 0.00, print: 0.00, other: 0.01)
(:DEFUND REMOVE-CANCELLING-FACTOR-PAIRS-HELPER)

Summary
Form:  ( DEFTHM REMOVE-CANCELLING-FACTOR-PAIRS-HELPER-PRESERVES-TRUE-
LISTP ...)
Rules: ((:DEFINITION ENDP)
        (:DEFINITION NOT)
        (:DEFINITION REMOVE-CANCELLING-FACTOR-PAIRS-HELPER)
        (:INDUCTION REMOVE-CANCELLING-FACTOR-PAIRS-HELPER)
        (:REWRITE REMOVE-ONE-PRESERVES-TRUE-LISTP)
        (:TYPE-PRESCRIPTION MEMBER-EQUAL)
        (:TYPE-PRESCRIPTION TRUE-LISTP))
Warnings:  None
Time:  0.01 seconds (prove: 0.01, print: 0.00, other: 0.00)
REMOVE-CANCELLING-FACTOR-PAIRS-HELPER-PRESERVES-TRUE-LISTP

Summary
Form:  ( DEFUN REMOVE-CANCELLING-FACTOR-PAIRS ...)
Rules: ((:TYPE-PRESCRIPTION FIND-INVERTED-FACTORS-IN-LIST))
Warnings:  None
Time:  0.00 seconds (prove: 0.00, print: 0.00, other: 0.00)

Summary
Form:  ( PROGN (DEFUN REMOVE-CANCELLING-FACTOR-PAIRS ...) ...)
Rules: NIL
Warnings:  None
Time:  0.00 seconds (prove: 0.00, print: 0.00, other: 0.00)
(:DEFUND REMOVE-CANCELLING-FACTOR-PAIRS)

Summary
Form:  ( DEFTHM REMOVE-CANCELLING-FACTOR-PAIRS-PRESERVES-TRUE-LISTP
...)
Rules: ((:DEFINITION REMOVE-CANCELLING-FACTOR-PAIRS)
        (:REWRITE REMOVE-CANCELLING-FACTOR-PAIRS-HELPER-PRESERVES-TRUE-LISTP)
        (:TYPE-PRESCRIPTION TRUE-LISTP))
Warnings:  None
Time:  0.00 seconds (prove: 0.00, print: 0.00, other: 0.00)
REMOVE-CANCELLING-FACTOR-PAIRS-PRESERVES-TRUE-LISTP

Summary
Form:  ( DEFUN FIND-COMMON-FACTORS-IN-SUM-OF-PRODUCTS-AUX ...)
Rules: ((:DEFINITION ACL2-COUNT)
        (:DEFINITION EQL)
        (:DEFINITION FIND-COMMON-FACTORS-IN-SUM-OF-PRODUCTS-AUX)
        (:DEFINITION FIX)
        (:DEFINITION NOT)
        (:DEFINITION O-FINP)
        (:DEFINITION O<)
        (:DEFINITION PSEUDO-TERM-LISTP)
        (:DEFINITION PSEUDO-TERMP)
        (:ELIM CAR-CDR-ELIM)
        (:EXECUTABLE-COUNTERPART ACL2-COUNT)
        (:EXECUTABLE-COUNTERPART CAR)
        (:EXECUTABLE-COUNTERPART CDR)
        (:EXECUTABLE-COUNTERPART CONS)
        (:EXECUTABLE-COUNTERPART CONSP)
        (:EXECUTABLE-COUNTERPART EQLABLEP)
        (:EXECUTABLE-COUNTERPART EQUAL)
        (:EXECUTABLE-COUNTERPART FIND-COMMON-FACTORS-IN-SUM-OF-PRODUCTS-AUX)
        (:EXECUTABLE-COUNTERPART NOT)
        (:EXECUTABLE-COUNTERPART PSEUDO-TERMP)
        (:EXECUTABLE-COUNTERPART SUM-OF-PRODUCTS-SYNTAXP)
        (:EXECUTABLE-COUNTERPART SYMBOLP)
        (:EXECUTABLE-COUNTERPART TRUE-LISTP)
        (:FAKE-RUNE-FOR-LINEAR NIL)
        (:FAKE-RUNE-FOR-TYPE-SET NIL)
        (:FORWARD-CHAINING PSEUDO-TERM-LISTP-FORWARD-TO-TRUE-LISTP)
        (:INDUCTION FIND-COMMON-FACTORS-IN-SUM-OF-PRODUCTS-AUX)
        (:REWRITE CAR-CONS)
        (:REWRITE CDR-CONS)
        (:REWRITE DEFAULT-CAR)
        (:REWRITE DEFAULT-CDR)
        (:REWRITE GET-FACTORS-OF-PRODUCT-TRUE-LISTP)
        (:REWRITE UNICITY-OF-0)
        (:TYPE-PRESCRIPTION ACL2-COUNT)
        (:TYPE-PRESCRIPTION GET-FACTORS-OF-PRODUCT)
        (:TYPE-PRESCRIPTION MY-INTERSECTION-EQUAL)
        (:TYPE-PRESCRIPTION PSEUDO-TERM-LISTP)
        (:TYPE-PRESCRIPTION PSEUDO-TERMP)
        (:TYPE-PRESCRIPTION SUM-OF-PRODUCTS-SYNTAXP)
        (:TYPE-PRESCRIPTION TRUE-LISTP))
Warnings:  None
Time:  0.06 seconds (prove: 0.05, print: 0.00, other: 0.01)

Summary
Form:  ( PROGN (DEFUN FIND-COMMON-FACTORS-IN-SUM-OF-PRODUCTS-AUX ...)
...)
Rules: NIL
Warnings:  None
Time:  0.06 seconds (prove: 0.05, print: 0.00, other: 0.01)
(:DEFUND FIND-COMMON-FACTORS-IN-SUM-OF-PRODUCTS-AUX)

Summary
Form:  ( DEFTHM FIND-COMMON-FACTORS-IN-SUM-OF-PRODUCTS-AUX-TRUE-LISTP
...)
Rules: ((:DEFINITION EQL)
        (:DEFINITION FIND-COMMON-FACTORS-IN-SUM-OF-PRODUCTS-AUX)
        (:DEFINITION NOT)
        (:EXECUTABLE-COUNTERPART EQUAL)
        (:EXECUTABLE-COUNTERPART TRUE-LISTP)
        (:FAKE-RUNE-FOR-TYPE-SET NIL)
        (:INDUCTION FIND-COMMON-FACTORS-IN-SUM-OF-PRODUCTS-AUX)
        (:REWRITE GET-FACTORS-OF-PRODUCT-TRUE-LISTP)
        (:TYPE-PRESCRIPTION MY-INTERSECTION-EQUAL)
        (:TYPE-PRESCRIPTION SUM-OF-PRODUCTS-SYNTAXP)
        (:TYPE-PRESCRIPTION TRUE-LISTP))
Warnings:  None
Time:  0.00 seconds (prove: 0.00, print: 0.00, other: 0.00)
FIND-COMMON-FACTORS-IN-SUM-OF-PRODUCTS-AUX-TRUE-LISTP

Summary
Form:  ( DEFUN FIND-COMMON-FACTORS-IN-SUM-OF-PRODUCTS ...)
Rules: ((:REWRITE FIND-COMMON-FACTORS-IN-SUM-OF-PRODUCTS-AUX-TRUE-LISTP))
Warnings:  None
Time:  0.00 seconds (prove: 0.00, print: 0.00, other: 0.00)

Summary
Form:  ( PROGN (DEFUN FIND-COMMON-FACTORS-IN-SUM-OF-PRODUCTS ...) ...)
Rules: NIL
Warnings:  None
Time:  0.00 seconds (prove: 0.00, print: 0.00, other: 0.00)
(:DEFUND FIND-COMMON-FACTORS-IN-SUM-OF-PRODUCTS)

Summary
Form:  ( DEFTHM FIND-COMMON-FACTORS-IN-SUM-OF-PRODUCTS-TRUE-LISTP ...)
Rules: ((:DEFINITION FIND-COMMON-FACTORS-IN-SUM-OF-PRODUCTS)
        (:REWRITE FIND-COMMON-FACTORS-IN-SUM-OF-PRODUCTS-AUX-TRUE-LISTP)
        (:REWRITE REMOVE-CANCELLING-FACTOR-PAIRS-PRESERVES-TRUE-LISTP)
        (:TYPE-PRESCRIPTION TRUE-LISTP))
Warnings:  None
Time:  0.00 seconds (prove: 0.00, print: 0.00, other: 0.00)
FIND-COMMON-FACTORS-IN-SUM-OF-PRODUCTS-TRUE-LISTP

Summary
Form:  ( DEFUN MAKE-PRODUCT-FROM-LIST-OF-FACTORS ...)
Rules: ((:FAKE-RUNE-FOR-TYPE-SET NIL))
Warnings:  None
Time:  0.01 seconds (prove: 0.00, print: 0.00, other: 0.01)

Summary
Form:  ( PROGN (DEFUN MAKE-PRODUCT-FROM-LIST-OF-FACTORS ...) ...)
Rules: NIL
Warnings:  None
Time:  0.01 seconds (prove: 0.00, print: 0.00, other: 0.01)
(:DEFUND MAKE-PRODUCT-FROM-LIST-OF-FACTORS)

Summary
Form:  ( DEFUN FIND-COMMON-FACTORS-TO-CANCEL ...)
Rules: ((:EXECUTABLE-COUNTERPART IF)
        (:REWRITE FIND-COMMON-FACTORS-IN-SUM-OF-PRODUCTS-TRUE-LISTP)
        (:TYPE-PRESCRIPTION MY-INTERSECTION-EQUAL))
Warnings:  None
Time:  0.00 seconds (prove: 0.00, print: 0.00, other: 0.00)
FIND-COMMON-FACTORS-TO-CANCEL

Summary
Form:  ( DEFUN BIND-K-TO-COMMON-FACTORS ...)
Rules: ((:DEFINITION FIND-COMMON-FACTORS-TO-CANCEL)
        (:DEFINITION NOT)
        (:FAKE-RUNE-FOR-TYPE-SET NIL)
        (:TYPE-PRESCRIPTION MY-INTERSECTION-EQUAL))
Warnings:  None
Time:  0.01 seconds (prove: 0.00, print: 0.00, other: 0.00)

Summary
Form:  ( PROGN (DEFUN BIND-K-TO-COMMON-FACTORS ...) ...)
Rules: NIL
Warnings:  None
Time:  0.01 seconds (prove: 0.00, print: 0.00, other: 0.01)
(:DEFUND BIND-K-TO-COMMON-FACTORS)

Summary
Form:  ( INCLUDE-BOOK "common-factor-defuns" ...)
Rules: NIL
Warnings:  None
Time:  0.13 seconds (prove: 0.00, print: 0.00, other: 0.13)

"/Users/huangjianshi/src/acl2-sources/books/rtl/rel4/arithmetic/common-factor-defuns.fasl"


Summary
Form:  (CERTIFY-BOOK "common-factor-defuns" ...)
Rules: NIL
Warnings:  None
Time:  0.44 seconds (prove: 0.13, print: 0.00, other: 0.31)
 "/Users/huangjianshi/src/acl2-sources/books/rtl/rel4/arithmetic/common-factor-defuns.lisp"
ACL2 !>
Exiting the ACL2 read-eval-print loop.  To re-enter, execute (LP).
* 