This is SBCL 1.0.1.34, an implementation of ANSI Common Lisp.
More information about SBCL is available at <http://www.sbcl.org/>.

SBCL is free software, provided as is, with absolutely no warranty.
It is mostly in the public domain; some portions are provided under
BSD-style licenses.  See the CREDITS and COPYING files in the
distribution for more information.

 ACL2 Version 3.1 built January 26, 2007  15:12:42.
 Copyright (C) 2006  University of Texas at Austin
 ACL2 comes with ABSOLUTELY NO WARRANTY.  This is free software and you
 are welcome to redistribute it under certain conditions.  For details,
 see the GNU General Public License.

 Initialized with (INITIALIZE-ACL2 'INCLUDE-BOOK *ACL2-PASS-2-FILES*).
 See the documentation topic note-3-1 for recent changes.
 Note: We have modified the prompt in some underlying Lisps to further
 distinguish it from the ACL2 prompt.

 NOTE!!  Proof trees are disabled in ACL2.  To enable them in emacs,
 look under the ACL2 source directory in interface/emacs/README.doc; 
 and, to turn on proof trees, execute :START-PROOF-TREE in the ACL2 
 command loop.   Look in the ACL2 documentation under PROOF-TREE.

ACL2 Version 3.1.  Level 1.  Cbd 
"/Users/huangjianshi/src/acl2-sources/books/arithmetic-2/pass1/".
Type :help for help.
Type (good-bye) to quit completely out of ACL2.

ACL2 !>
Exiting the ACL2 read-eval-print loop.  To re-enter, execute (LP).
* 
#<PACKAGE "ACL2">
* 
ACL2 Version 3.1.  Level 1.  Cbd 
"/Users/huangjianshi/src/acl2-sources/books/arithmetic-2/pass1/".
Type :help for help.
Type (good-bye) to quit completely out of ACL2.

ACL2 !> (PROVE PROOF-TREE
        WARNING OBSERVATION EVENT EXPANSION)
ACL2 !>
Summary
Form:  ( INCLUDE-BOOK "basic-arithmetic" ...)
Rules: NIL
Warnings:  None
Time:  0.01 seconds (prove: 0.00, print: 0.00, other: 0.01)
"/Users/huangjianshi/src/acl2-sources/books/arithmetic-2/pass1/basic-arithmetic.lisp"

Summary
Form:  ( DEFMACRO FC ...)
Rules: NIL
Warnings:  None
Time:  0.00 seconds (prove: 0.00, print: 0.00, other: 0.00)
FC

Summary
Form:  ( DEFTHM IFF-EQUAL ...)
Rules: ((:DEFINITION IFF)
        (:FAKE-RUNE-FOR-TYPE-SET NIL))
Warnings:  None
Time:  0.00 seconds (prove: 0.00, print: 0.00, other: 0.00)
IFF-EQUAL

Summary
Form:  ( DEFTHM /-PRESERVES-POSITIVE ...)
Rules: ((:DEFINITION IFF)
        (:FAKE-RUNE-FOR-TYPE-SET NIL)
        (:REWRITE IFF-EQUAL))
Warnings:  None
Time:  0.00 seconds (prove: 0.00, print: 0.00, other: 0.00)
/-PRESERVES-POSITIVE

Summary
Form:  ( DEFTHM /-PRESERVES-NEGATIVE ...)
Rules: ((:DEFINITION IFF)
        (:FAKE-RUNE-FOR-TYPE-SET NIL)
        (:REWRITE IFF-EQUAL))
Warnings:  None
Time:  0.00 seconds (prove: 0.00, print: 0.00, other: 0.00)
/-PRESERVES-NEGATIVE

Summary
Form:  ( DEFTHM <-0-MINUS ...)
Rules: ((:DEFINITION IFF)
        (:FAKE-RUNE-FOR-LINEAR NIL)
        (:REWRITE IFF-EQUAL))
Warnings:  None
Time:  0.00 seconds (prove: 0.00, print: 0.00, other: 0.00)
<-0-MINUS

Summary
Form:  ( DEFTHM <-MINUS-ZERO ...)
Rules: ((:DEFINITION IFF)
        (:FAKE-RUNE-FOR-LINEAR NIL)
        (:REWRITE IFF-EQUAL))
Warnings:  None
Time:  0.00 seconds (prove: 0.00, print: 0.00, other: 0.00)
<-MINUS-ZERO

Summary
Form:  ( DEFTHM <-MINUS-MINUS ...)
Rules: ((:DEFINITION IFF)
        (:FAKE-RUNE-FOR-LINEAR NIL)
        (:REWRITE IFF-EQUAL))
Warnings:  None
Time:  0.00 seconds (prove: 0.00, print: 0.00, other: 0.00)
<-MINUS-MINUS

Summary
Form:  ( DEFTHM <-0-+-NEGATIVE-1 ...)
Rules: ((:DEFINITION IFF)
        (:FAKE-RUNE-FOR-LINEAR NIL)
        (:REWRITE COMMUTATIVITY-OF-+)
        (:REWRITE IFF-EQUAL))
Warnings:  None
Time:  0.00 seconds (prove: 0.00, print: 0.00, other: 0.00)
<-0-+-NEGATIVE-1

Summary
Form:  ( DEFTHM <-0-+-NEGATIVE-2 ...)
Rules: ((:DEFINITION IFF)
        (:FAKE-RUNE-FOR-LINEAR NIL)
        (:REWRITE IFF-EQUAL))
Warnings:  None
Time:  0.00 seconds (prove: 0.00, print: 0.00, other: 0.00)
<-0-+-NEGATIVE-2

Summary
Form:  ( DEFTHM <-+-NEGATIVE-0-1 ...)
Rules: ((:DEFINITION IFF)
        (:FAKE-RUNE-FOR-LINEAR NIL)
        (:REWRITE COMMUTATIVITY-OF-+)
        (:REWRITE IFF-EQUAL))
Warnings:  None
Time:  0.00 seconds (prove: 0.00, print: 0.00, other: 0.00)
<-+-NEGATIVE-0-1

Summary
Form:  ( DEFTHM <-+-NEGATIVE-0-2 ...)
Rules: ((:DEFINITION IFF)
        (:FAKE-RUNE-FOR-LINEAR NIL)
        (:REWRITE IFF-EQUAL))
Warnings:  None
Time:  0.00 seconds (prove: 0.00, print: 0.00, other: 0.00)
<-+-NEGATIVE-0-2

Summary
Form:  ( DEFTHM <-*-0 ...)
Rules: ((:DEFINITION IFF)
        (:DEFINITION NOT)
        (:EXECUTABLE-COUNTERPART <)
        (:EXECUTABLE-COUNTERPART EQUAL)
        (:EXECUTABLE-COUNTERPART NOT)
        (:EXECUTABLE-COUNTERPART RATIONALP)
        (:FAKE-RUNE-FOR-TYPE-SET NIL)
        (:REWRITE IFF-EQUAL)
        (:REWRITE TIMES-ZERO))
Warnings:  None
Time:  0.00 seconds (prove: 0.00, print: 0.00, other: 0.00)
<-*-0

Summary
Form:  ( DEFTHM |0-<-*| ...)
Rules: ((:DEFINITION IFF)
        (:DEFINITION NOT)
        (:EXECUTABLE-COUNTERPART <)
        (:EXECUTABLE-COUNTERPART EQUAL)
        (:EXECUTABLE-COUNTERPART NOT)
        (:EXECUTABLE-COUNTERPART RATIONALP)
        (:FAKE-RUNE-FOR-TYPE-SET NIL)
        (:REWRITE IFF-EQUAL)
        (:REWRITE TIMES-ZERO))
Warnings:  None
Time:  0.00 seconds (prove: 0.00, print: 0.00, other: 0.00)
|0-<-*|

Summary
Form:  ( DEFTHM <-*-RIGHT-CANCEL ...)
Rules: ((:DEFINITION ABS)
        (:DEFINITION FIX)
        (:DEFINITION IFF)
        (:DEFINITION NOT)
        (:EXECUTABLE-COUNTERPART <)
        (:FAKE-RUNE-FOR-LINEAR NIL)
        (:FAKE-RUNE-FOR-TYPE-SET NIL)
        (:REWRITE <-+-NEGATIVE-0-1)
        (:REWRITE <-+-NEGATIVE-0-2)
        (:REWRITE <-0-+-NEGATIVE-1)
        (:REWRITE <-0-+-NEGATIVE-2)
        (:REWRITE <-0-MINUS)
        (:REWRITE COMMUTATIVITY-OF-*)
        (:REWRITE COMMUTATIVITY-OF-+)
        (:REWRITE DISTRIBUTIVITY)
        (:REWRITE DISTRIBUTIVITY-OF-MINUS-OVER-+)
        (:REWRITE FUNCTIONAL-COMMUTATIVITY-OF-MINUS-*-LEFT)
        (:REWRITE FUNCTIONAL-COMMUTATIVITY-OF-MINUS-*-RIGHT)
        (:REWRITE FUNCTIONAL-SELF-INVERSION-OF-MINUS)
        (:REWRITE IFF-EQUAL))
Warnings:  None
Time:  0.02 seconds (prove: 0.02, print: 0.00, other: 0.00)
<-*-RIGHT-CANCEL

Summary
Form:  ( DEFTHM <-*-LEFT-CANCEL ...)
Rules: ((:FAKE-RUNE-FOR-TYPE-SET NIL)
        (:REWRITE <-*-RIGHT-CANCEL)
        (:REWRITE COMMUTATIVITY-OF-*))
Warnings:  None
Time:  0.00 seconds (prove: 0.00, print: 0.00, other: 0.00)
<-*-LEFT-CANCEL

Summary
Form:  ( DEFTHM <-*-X-Y-Y ...)
Rules: ((:DEFINITION FIX)
        (:DEFINITION NOT)
        (:FAKE-RUNE-FOR-TYPE-SET NIL)
        (:REWRITE UNICITY-OF-1))
Warnings:  None
Time:  0.00 seconds (prove: 0.00, print: 0.00, other: 0.00)
<-*-X-Y-Y

Summary
Form:  ( DEFTHM <-*-Y-X-Y ...)
Rules: ((:FAKE-RUNE-FOR-TYPE-SET NIL)
        (:REWRITE <-*-X-Y-Y)
        (:REWRITE COMMUTATIVITY-OF-*))
Warnings:  None
Time:  0.00 seconds (prove: 0.00, print: 0.00, other: 0.00)
<-*-Y-X-Y

Summary
Form:  ( DEFTHM <-Y-*-X-Y ...)
Rules: ((:DEFINITION FIX)
        (:DEFINITION NOT)
        (:FAKE-RUNE-FOR-TYPE-SET NIL)
        (:REWRITE UNICITY-OF-1))
Warnings:  None
Time:  0.00 seconds (prove: 0.00, print: 0.00, other: 0.00)
<-Y-*-X-Y

Summary
Form:  ( DEFTHM <-Y-*-Y-X ...)
Rules: ((:FAKE-RUNE-FOR-TYPE-SET NIL)
        (:REWRITE <-Y-*-X-Y)
        (:REWRITE COMMUTATIVITY-OF-*))
Warnings:  None
Time:  0.00 seconds (prove: 0.00, print: 0.00, other: 0.00)
<-Y-*-Y-X

Summary
Form:  ( INCLUDE-BOOK "inequalities" ...)
Rules: NIL
Warnings:  None
Time:  0.00 seconds (prove: 0.00, print: 0.00, other: 0.00)

"/Users/huangjianshi/src/acl2-sources/books/arithmetic-2/pass1/inequalities.fasl"


Summary
Form:  (CERTIFY-BOOK "inequalities" ...)
Rules: NIL
Warnings:  None
Time:  0.07 seconds (prove: 0.04, print: 0.00, other: 0.04)
 "/Users/huangjianshi/src/acl2-sources/books/arithmetic-2/pass1/inequalities.lisp"
ACL2 !>
Exiting the ACL2 read-eval-print loop.  To re-enter, execute (LP).
* 