This is SBCL 1.0.1.34, an implementation of ANSI Common Lisp.
More information about SBCL is available at <http://www.sbcl.org/>.

SBCL is free software, provided as is, with absolutely no warranty.
It is mostly in the public domain; some portions are provided under
BSD-style licenses.  See the CREDITS and COPYING files in the
distribution for more information.

 ACL2 Version 3.1 built January 26, 2007  15:12:42.
 Copyright (C) 2006  University of Texas at Austin
 ACL2 comes with ABSOLUTELY NO WARRANTY.  This is free software and you
 are welcome to redistribute it under certain conditions.  For details,
 see the GNU General Public License.

 Initialized with (INITIALIZE-ACL2 'INCLUDE-BOOK *ACL2-PASS-2-FILES*).
 See the documentation topic note-3-1 for recent changes.
 Note: We have modified the prompt in some underlying Lisps to further
 distinguish it from the ACL2 prompt.

 NOTE!!  Proof trees are disabled in ACL2.  To enable them in emacs,
 look under the ACL2 source directory in interface/emacs/README.doc; 
 and, to turn on proof trees, execute :START-PROOF-TREE in the ACL2 
 command loop.   Look in the ACL2 documentation under PROOF-TREE.

ACL2 Version 3.1.  Level 1.  Cbd 
"/Users/huangjianshi/src/acl2-sources/books/arithmetic-2/pass1/".
Type :help for help.
Type (good-bye) to quit completely out of ACL2.

ACL2 !>
Exiting the ACL2 read-eval-print loop.  To re-enter, execute (LP).
* 
#<PACKAGE "ACL2">
* 
ACL2 Version 3.1.  Level 1.  Cbd 
"/Users/huangjianshi/src/acl2-sources/books/arithmetic-2/pass1/".
Type :help for help.
Type (good-bye) to quit completely out of ACL2.

ACL2 !> (PROVE PROOF-TREE
        WARNING OBSERVATION EVENT EXPANSION)
ACL2 !>
Summary
Form:  ( INCLUDE-BOOK "basic-arithmetic" ...)
Rules: NIL
Warnings:  None
Time:  0.02 seconds (prove: 0.00, print: 0.00, other: 0.02)
"/Users/huangjianshi/src/acl2-sources/books/arithmetic-2/pass1/basic-arithmetic.lisp"

Summary
Form:  ( INCLUDE-BOOK "inequalities" ...)
Rules: NIL
Warnings:  None
Time:  0.01 seconds (prove: 0.00, print: 0.00, other: 0.01)
"/Users/huangjianshi/src/acl2-sources/books/arithmetic-2/pass1/inequalities.lisp"

Summary
Form:  ( INCLUDE-BOOK "prefer-times" ...)
Rules: NIL
Warnings:  None
Time:  0.01 seconds (prove: 0.00, print: 0.00, other: 0.01)
"/Users/huangjianshi/src/acl2-sources/books/arithmetic-2/pass1/prefer-times.lisp"

Summary
Form:  ( INCLUDE-BOOK "numerator-and-denominator-helper" ...)
Rules: NIL
Warnings:  None
Time:  0.04 seconds (prove: 0.00, print: 0.00, other: 0.04)
"/Users/huangjianshi/src/acl2-sources/books/arithmetic-2/pass1/numerator-and-denominator-helper.lisp"

Summary
Form:  ( DEFTHM NUMERATOR-MINUS ...)
Rules: ((:DEFINITION ABS)
        (:DEFINITION FIX)
        (:DEFINITION NOT)
        (:EXECUTABLE-COUNTERPART EQUAL)
        (:FAKE-RUNE-FOR-TYPE-SET NIL)
        (:REWRITE <-MINUS-ZERO)
        (:REWRITE COMMUTATIVITY-OF-NONNEG-INT-GCD)
        (:REWRITE FUNCTIONAL-COMMUTATIVITY-OF-MINUS-*-RIGHT)
        (:REWRITE FUNCTIONAL-SELF-INVERSION-OF-MINUS)
        (:REWRITE NONNEG-INT-GCD-NUMERATOR-DENOMINATOR
                  . 2)
        (:REWRITE NONNEG-INT-GCD-NUMERATOR-DENOMINATOR
                  . 1)
        (:REWRITE RATIONAL-IMPLIES2))
Warnings:  None
Time:  0.01 seconds (prove: 0.01, print: 0.00, other: 0.00)
NUMERATOR-MINUS

Summary
Form:  ( DEFTHM DENOMINATOR-MINUS ...)
Rules: ((:DEFINITION ABS)
        (:DEFINITION FIX)
        (:DEFINITION NOT)
        (:EXECUTABLE-COUNTERPART EQUAL)
        (:FAKE-RUNE-FOR-TYPE-SET NIL)
        (:REWRITE <-MINUS-ZERO)
        (:REWRITE COMMUTATIVITY-OF-NONNEG-INT-GCD)
        (:REWRITE EQUAL-MINUS-MINUS)
        (:REWRITE FUNCTIONAL-COMMUTATIVITY-OF-MINUS-*-RIGHT)
        (:REWRITE FUNCTIONAL-SELF-INVERSION-OF-MINUS)
        (:REWRITE NONNEG-INT-GCD-NUMERATOR-DENOMINATOR
                  . 1)
        (:REWRITE NONNEG-INT-GCD-NUMERATOR-DENOMINATOR
                  . 2)
        (:REWRITE NUMERATOR-MINUS)
        (:REWRITE RATIONAL-IMPLIES2))
Warnings:  None
Time:  0.00 seconds (prove: 0.00, print: 0.00, other: 0.00)
DENOMINATOR-MINUS

Summary
Form:  ( DEFTHM NUMERATOR-INTEGERP-LEMMA-1 ...)
Rules: ((:DEFINITION FIX)
        (:FAKE-RUNE-FOR-TYPE-SET NIL)
        (:REWRITE ASSOCIATIVITY-OF-*)
        (:REWRITE COMMUTATIVITY-OF-*)
        (:REWRITE INVERSE-OF-*)
        (:REWRITE UNICITY-OF-1))
Warnings:  None
Time:  0.00 seconds (prove: 0.00, print: 0.00, other: 0.00)
NUMERATOR-INTEGERP-LEMMA-1

Summary
Form:  ( DEFTHM NUMERATOR-INTEGERP-LEMMA ...)
Rules: ((:DEFINITION FIX)
        (:DEFINITION NOT)
        (:FAKE-RUNE-FOR-TYPE-SET NIL)
        (:REWRITE ASSOCIATIVITY-OF-*)
        (:REWRITE COMMUTATIVITY-OF-*)
        (:REWRITE EQUAL-*-/-1)
        (:REWRITE INVERSE-OF-*)
        (:REWRITE UNICITY-OF-1))
Warnings:  None
Time:  0.00 seconds (prove: 0.00, print: 0.00, other: 0.00)
NUMERATOR-INTEGERP-LEMMA

Summary
Form:  ( DEFTHM NUMERATOR-WHEN-INTEGERP ...)
Rules: ((:DEFINITION FIX)
        (:DEFINITION NOT)
        (:EXECUTABLE-COUNTERPART UNARY-/)
        (:FAKE-RUNE-FOR-TYPE-SET NIL)
        (:REWRITE COMMUTATIVITY-OF-*)
        (:REWRITE UNICITY-OF-1))
Warnings:  None
Time:  0.00 seconds (prove: 0.00, print: 0.00, other: 0.00)
NUMERATOR-WHEN-INTEGERP

Summary
Form:  ( ENCAPSULATE NIL (LOCAL ...) ...)
Rules: NIL
Warnings:  None
Time:  0.01 seconds (prove: 0.01, print: 0.00, other: 0.00)
T

Summary
Form:  ( DEFTHM INTEGERP==>DENOMINATOR=1 ...)
Rules: ((:DEFINITION FIX)
        (:DEFINITION NOT)
        (:EXECUTABLE-COUNTERPART DENOMINATOR)
        (:EXECUTABLE-COUNTERPART EQUAL)
        (:EXECUTABLE-COUNTERPART IMPLIES)
        (:EXECUTABLE-COUNTERPART INTEGERP)
        (:EXECUTABLE-COUNTERPART NOT)
        (:EXECUTABLE-COUNTERPART NUMERATOR)
        (:FAKE-RUNE-FOR-TYPE-SET NIL)
        (:REWRITE COMMUTATIVITY-OF-*)
        (:REWRITE EQUAL-*-X-Y-X)
        (:REWRITE EQUAL-/)
        (:REWRITE NUMERATOR-WHEN-INTEGERP)
        (:REWRITE UNICITY-OF-1))
Warnings:  None
Time:  0.00 seconds (prove: 0.00, print: 0.00, other: 0.00)
INTEGERP==>DENOMINATOR=1

Summary
Form:  ( DEFTHM EQUAL-DENOMINATOR-1 ...)
Rules: ((:DEFINITION FIX)
        (:DEFINITION NOT)
        (:EXECUTABLE-COUNTERPART EQUAL)
        (:EXECUTABLE-COUNTERPART NOT)
        (:EXECUTABLE-COUNTERPART UNARY-/)
        (:FAKE-RUNE-FOR-TYPE-SET NIL)
        (:REWRITE DEFAULT-DENOMINATOR)
        (:REWRITE INTEGERP==>DENOMINATOR=1)
        (:REWRITE NUMERATOR-WHEN-INTEGERP)
        (:REWRITE UNICITY-OF-1))
Warnings:  None
Time:  0.00 seconds (prove: 0.00, print: 0.00, other: 0.00)
EQUAL-DENOMINATOR-1

Summary
Form:  ( DEFTHM *-R-DENOMINATOR-R ...)
Rules: ((:DEFINITION FIX)
        (:FAKE-RUNE-FOR-TYPE-SET NIL)
        (:REWRITE COMMUTATIVITY-OF-*)
        (:REWRITE DEFAULT-DENOMINATOR)
        (:REWRITE EQUAL-*-/-1)
        (:REWRITE UNICITY-OF-1))
Warnings:  None
Time:  0.00 seconds (prove: 0.00, print: 0.00, other: 0.00)
*-R-DENOMINATOR-R

Summary
Form:  ( INCLUDE-BOOK "numerator-and-denominator" ...)
Rules: NIL
Warnings:  None
Time:  0.00 seconds (prove: 0.00, print: 0.00, other: 0.00)

"/Users/huangjianshi/src/acl2-sources/books/arithmetic-2/pass1/numerator-and-denominator.fasl"


Summary
Form:  (CERTIFY-BOOK "numerator-and-denominator" ...)
Rules: NIL
Warnings:  None
Time:  0.12 seconds (prove: 0.02, print: 0.00, other: 0.10)
 "/Users/huangjianshi/src/acl2-sources/books/arithmetic-2/pass1/numerator-and-denominator.lisp"
ACL2 !>
Exiting the ACL2 read-eval-print loop.  To re-enter, execute (LP).
* 