This is SBCL 1.0.1.34, an implementation of ANSI Common Lisp.
More information about SBCL is available at <http://www.sbcl.org/>.

SBCL is free software, provided as is, with absolutely no warranty.
It is mostly in the public domain; some portions are provided under
BSD-style licenses.  See the CREDITS and COPYING files in the
distribution for more information.

 ACL2 Version 3.1 built January 26, 2007  15:12:42.
 Copyright (C) 2006  University of Texas at Austin
 ACL2 comes with ABSOLUTELY NO WARRANTY.  This is free software and you
 are welcome to redistribute it under certain conditions.  For details,
 see the GNU General Public License.

 Initialized with (INITIALIZE-ACL2 'INCLUDE-BOOK *ACL2-PASS-2-FILES*).
 See the documentation topic note-3-1 for recent changes.
 Note: We have modified the prompt in some underlying Lisps to further
 distinguish it from the ACL2 prompt.

 NOTE!!  Proof trees are disabled in ACL2.  To enable them in emacs,
 look under the ACL2 source directory in interface/emacs/README.doc; 
 and, to turn on proof trees, execute :START-PROOF-TREE in the ACL2 
 command loop.   Look in the ACL2 documentation under PROOF-TREE.

ACL2 Version 3.1.  Level 1.  Cbd 
"/Users/huangjianshi/src/acl2-sources/books/meta/".
Type :help for help.
Type (good-bye) to quit completely out of ACL2.

ACL2 !>
Exiting the ACL2 read-eval-print loop.  To re-enter, execute (LP).
* 
#<PACKAGE "ACL2">
* 
ACL2 Version 3.1.  Level 1.  Cbd 
"/Users/huangjianshi/src/acl2-sources/books/meta/".
Type :help for help.
Type (good-bye) to quit completely out of ACL2.

ACL2 !> (PROVE PROOF-TREE
        WARNING OBSERVATION EVENT EXPANSION)
ACL2 !>
Summary
Form:  ( INCLUDE-BOOK "term-defuns" ...)
Rules: NIL
Warnings:  None
Time:  0.08 seconds (prove: 0.00, print: 0.00, other: 0.08)
"/Users/huangjianshi/src/acl2-sources/books/meta/term-defuns.lisp"

Summary
Form:  ( INCLUDE-BOOK "term-lemmas" ...)
Rules: NIL
Warnings:  None
Time:  0.00 seconds (prove: 0.00, print: 0.00, other: 0.00)
"/Users/huangjianshi/src/acl2-sources/books/meta/term-lemmas.lisp"
("theory")

Summary
Form:  ( IN-THEORY *DEFEVALUATOR-FORM-BASE-THEORY*)
Rules: NIL
Warnings:  None
Time:  0.00 seconds (prove: 0.00, print: 0.00, other: 0.00)
40

Summary
Form:  ( MUTUAL-RECURSION ( DEFUN EV-PLUS-EQUAL ...) ...)
Rules: ((:DEFINITION ACL2-COUNT)
        (:DEFINITION ATOM)
        (:DEFINITION EQ)
        (:DEFINITION NOT)
        (:DEFINITION O-FINP)
        (:DEFINITION O<)
        (:ELIM CAR-CDR-ELIM)
        (:FAKE-RUNE-FOR-LINEAR NIL)
        (:FAKE-RUNE-FOR-TYPE-SET NIL)
        (:REWRITE CAR-CONS)
        (:REWRITE CDR-CONS)
        (:TYPE-PRESCRIPTION ACL2-COUNT))
Warnings:  None
Time:  0.08 seconds (prove: 0.05, print: 0.00, other: 0.03)
(EV-PLUS-EQUAL EV-PLUS-EQUAL-LIST)

Summary
Form:  ( DEFTHM EV-PLUS-EQUAL-CONSTRAINT-1 ...)
Rules: ((:DEFINITION EV-PLUS-EQUAL)
        (:FAKE-RUNE-FOR-TYPE-SET NIL))
Warnings:  None
Time:  0.00 seconds (prove: 0.00, print: 0.00, other: 0.00)
EV-PLUS-EQUAL-CONSTRAINT-1

Summary
Form:  ( DEFTHM EV-PLUS-EQUAL-CONSTRAINT-2 ...)
Rules: ((:DEFINITION EV-PLUS-EQUAL)
        (:FAKE-RUNE-FOR-TYPE-SET NIL))
Warnings:  None
Time:  0.00 seconds (prove: 0.00, print: 0.00, other: 0.00)
EV-PLUS-EQUAL-CONSTRAINT-2

Summary
Form:  ( DEFTHM EV-PLUS-EQUAL-CONSTRAINT-3 ...)
Rules: ((:DEFINITION EV-PLUS-EQUAL)
        (:FAKE-RUNE-FOR-TYPE-SET NIL))
Warnings:  None
Time:  0.00 seconds (prove: 0.00, print: 0.00, other: 0.00)
EV-PLUS-EQUAL-CONSTRAINT-3

Summary
Form:  ( DEFTHM EV-PLUS-EQUAL-CONSTRAINT-4 ...)
Rules: ((:DEFINITION EV-PLUS-EQUAL-LIST)
        (:DEFINITION NOT)
        (:FAKE-RUNE-FOR-TYPE-SET NIL))
Warnings:  None
Time:  0.00 seconds (prove: 0.00, print: 0.00, other: 0.00)
EV-PLUS-EQUAL-CONSTRAINT-4

Summary
Form:  ( DEFTHM EV-PLUS-EQUAL-CONSTRAINT-5 ...)
Rules: ((:DEFINITION EV-PLUS-EQUAL-LIST)
        (:FAKE-RUNE-FOR-TYPE-SET NIL))
Warnings:  None
Time:  0.00 seconds (prove: 0.00, print: 0.00, other: 0.00)
EV-PLUS-EQUAL-CONSTRAINT-5

Summary
Form:  ( DEFTHM EV-PLUS-EQUAL-CONSTRAINT-6 ...)
Rules: ((:DEFINITION EV-PLUS-EQUAL)
        (:FAKE-RUNE-FOR-TYPE-SET NIL))
Warnings:  None
Time:  0.00 seconds (prove: 0.00, print: 0.00, other: 0.00)
EV-PLUS-EQUAL-CONSTRAINT-6

Summary
Form:  ( DEFTHM EV-PLUS-EQUAL-CONSTRAINT-7 ...)
Rules: ((:DEFINITION EV-PLUS-EQUAL)
        (:FAKE-RUNE-FOR-TYPE-SET NIL))
Warnings:  None
Time:  0.00 seconds (prove: 0.00, print: 0.00, other: 0.00)
EV-PLUS-EQUAL-CONSTRAINT-7

Summary
Form:  ( DEFTHM EV-PLUS-EQUAL-CONSTRAINT-8 ...)
Rules: ((:DEFINITION EV-PLUS-EQUAL)
        (:FAKE-RUNE-FOR-TYPE-SET NIL))
Warnings:  None
Time:  0.00 seconds (prove: 0.00, print: 0.00, other: 0.00)
EV-PLUS-EQUAL-CONSTRAINT-8

Summary
Form:  ( DEFTHM EV-PLUS-EQUAL-CONSTRAINT-9 ...)
Rules: ((:DEFINITION EV-PLUS-EQUAL)
        (:FAKE-RUNE-FOR-TYPE-SET NIL))
Warnings:  None
Time:  0.00 seconds (prove: 0.00, print: 0.00, other: 0.00)
EV-PLUS-EQUAL-CONSTRAINT-9

Summary
Form:  ( DEFTHM EV-PLUS-EQUAL-CONSTRAINT-10 ...)
Rules: ((:DEFINITION EV-PLUS-EQUAL)
        (:FAKE-RUNE-FOR-TYPE-SET NIL))
Warnings:  None
Time:  0.01 seconds (prove: 0.01, print: 0.00, other: 0.00)
EV-PLUS-EQUAL-CONSTRAINT-10

Summary
Form:  ( TABLE ACL2-DEFAULTS-TABLE ...)
Rules: NIL
Warnings:  None
Time:  0.00 seconds (prove: 0.00, print: 0.00, other: 0.00)
ACL2-DEFAULTS-TABLE

Summary
Form:  ( ENCAPSULATE (((EV-PLUS-EQUAL * ...) ...) ...) ...)
Rules: NIL
Warnings:  None
Time:  0.11 seconds (prove: 0.08, print: 0.00, other: 0.03)
T

Summary
Form:  ( DEFUN CANCEL_PLUS-EQUAL$1 ...)
Rules: ((:DEFINITION EQ)
        (:DEFINITION LEN)
        (:DEFINITION LENGTH)
        (:DEFINITION MV-NTH)
        (:DEFINITION NOT)
        (:DEFINITION PSEUDO-TERM-LISTP)
        (:DEFINITION PSEUDO-TERMP)
        (:DEFINITION TRUE-LISTP)
        (:ELIM CAR-CDR-ELIM)
        (:EXECUTABLE-COUNTERPART ATOM)
        (:EXECUTABLE-COUNTERPART BINARY-OP_FRINGE)
        (:EXECUTABLE-COUNTERPART CONS)
        (:EXECUTABLE-COUNTERPART DEL)
        (:EXECUTABLE-COUNTERPART EQ)
        (:EXECUTABLE-COUNTERPART EQUAL)
        (:EXECUTABLE-COUNTERPART IF)
        (:EXECUTABLE-COUNTERPART MEMB)
        (:EXECUTABLE-COUNTERPART MV-NTH)
        (:EXECUTABLE-COUNTERPART NOT)
        (:EXECUTABLE-COUNTERPART PSEUDO-TERMP)
        (:EXECUTABLE-COUNTERPART SYMBOLP)
        (:EXECUTABLE-COUNTERPART TRUE-LISTP)
        (:FAKE-RUNE-FOR-TYPE-SET NIL)
        (:REWRITE CAR-CONS)
        (:REWRITE CDR-CONS)
        (:REWRITE FRINGE-OCCUR-SAME-AS-OCCUR-IN-FRINGE)
        (:TYPE-PRESCRIPTION BINARY-OP_FRINGE)
        (:TYPE-PRESCRIPTION PSEUDO-TERMP)
        (:TYPE-PRESCRIPTION TRUE-LISTP-DEL))
Warnings:  None
Time:  0.06 seconds (prove: 0.04, print: 0.00, other: 0.01)
CANCEL_PLUS-EQUAL$1

Summary
Form:  ( DEFUN CANCEL_PLUS-EQUAL ...)
Rules: ((:DEFINITION EQ)
        (:DEFINITION NOT)
        (:DEFINITION PSEUDO-TERM-LISTP)
        (:DEFINITION PSEUDO-TERMP)
        (:DEFINITION TRUE-LISTP)
        (:EXECUTABLE-COUNTERPART ATOM)
        (:EXECUTABLE-COUNTERPART EQ)
        (:EXECUTABLE-COUNTERPART EQUAL)
        (:EXECUTABLE-COUNTERPART NOT)
        (:EXECUTABLE-COUNTERPART PSEUDO-TERM-LISTP)
        (:EXECUTABLE-COUNTERPART SYMBOLP)
        (:FAKE-RUNE-FOR-TYPE-SET NIL)
        (:FORWARD-CHAINING PSEUDO-TERM-LISTP-FORWARD-TO-TRUE-LISTP)
        (:TYPE-PRESCRIPTION BINARY-OP_FRINGE)
        (:TYPE-PRESCRIPTION PSEUDO-TERM-LISTP)
        (:TYPE-PRESCRIPTION PSEUDO-TERMP)
        (:TYPE-PRESCRIPTION TRUE-LISTP-BAGDIFF))
Warnings:  None
Time:  0.02 seconds (prove: 0.01, print: 0.00, other: 0.01)
CANCEL_PLUS-EQUAL

Summary
Form:  ( DEFTHM ACL2-NUMBERP-EV-PLUS-EQUAL ...)
Rules: ((:DEFINITION BINARY-OP_TREE)
        (:DEFINITION ENDP)
        (:DEFINITION FIX)
        (:DEFINITION NOT)
        (:EXECUTABLE-COUNTERPART ACL2-NUMBERP)
        (:EXECUTABLE-COUNTERPART CAR)
        (:EXECUTABLE-COUNTERPART CDR)
        (:EXECUTABLE-COUNTERPART CONS)
        (:EXECUTABLE-COUNTERPART EQUAL)
        (:FAKE-RUNE-FOR-TYPE-SET NIL)
        (:INDUCTION BINARY-OP_TREE)
        (:REWRITE BINARY-OP_TREE-OPENER)
        (:REWRITE CAR-CONS)
        (:REWRITE CDR-CONS)
        (:REWRITE EV-PLUS-EQUAL-CONSTRAINT-2)
        (:REWRITE EV-PLUS-EQUAL-CONSTRAINT-6)
        (:REWRITE EV-PLUS-EQUAL-CONSTRAINT-7))
Warnings:  None
Time:  0.00 seconds (prove: 0.00, print: 0.00, other: 0.00)
ACL2-NUMBERP-EV-PLUS-EQUAL

Summary
Form:  ( IN-THEORY (DISABLE ...))
Rules: NIL
Warnings:  None
Time:  0.00 seconds (prove: 0.00, print: 0.00, other: 0.00)
1865

Summary
Form:  ( DEFTHM EV-PLUS-EQUAL-BINARY-OP_TREE-APPEND ...)
Rules: ((:DEFINITION BINARY-APPEND)
        (:DEFINITION ENDP)
        (:DEFINITION FIX)
        (:DEFINITION NOT)
        (:ELIM CAR-CDR-ELIM)
        (:EXECUTABLE-COUNTERPART BINARY-+)
        (:EXECUTABLE-COUNTERPART CAR)
        (:EXECUTABLE-COUNTERPART CDR)
        (:EXECUTABLE-COUNTERPART CONS)
        (:EXECUTABLE-COUNTERPART EQUAL)
        (:EXECUTABLE-COUNTERPART NOT)
        (:FAKE-RUNE-FOR-LINEAR NIL)
        (:FAKE-RUNE-FOR-TYPE-SET NIL)
        (:INDUCTION BINARY-APPEND)
        (:REWRITE BINARY-OP_TREE-OPENER)
        (:REWRITE CAR-CONS)
        (:REWRITE CDR-CONS)
        (:REWRITE COMMUTATIVITY-OF-+)
        (:REWRITE DEFAULT-+-1)
        (:REWRITE DEFAULT-+-2)
        (:REWRITE EV-PLUS-EQUAL-CONSTRAINT-2)
        (:REWRITE EV-PLUS-EQUAL-CONSTRAINT-6)
        (:REWRITE EV-PLUS-EQUAL-CONSTRAINT-7)
        (:REWRITE UNICITY-OF-0)
        (:TYPE-PRESCRIPTION ACL2-NUMBERP-EV-PLUS-EQUAL))
Warnings:  None
Time:  0.13 seconds (prove: 0.13, print: 0.00, other: 0.00)
EV-PLUS-EQUAL-BINARY-OP_TREE-APPEND

Summary
Form:  ( DEFTHM EV-PLUS-EQUAL-BINARY-OP_TREE-FRINGE ...)
Rules: ((:DEFINITION BINARY-OP_FRINGE)
        (:DEFINITION EQ)
        (:DEFINITION FIX)
        (:DEFINITION NOT)
        (:EXECUTABLE-COUNTERPART BINARY-+)
        (:EXECUTABLE-COUNTERPART CONSP)
        (:EXECUTABLE-COUNTERPART EQUAL)
        (:EXECUTABLE-COUNTERPART FIX)
        (:EXECUTABLE-COUNTERPART NOT)
        (:FAKE-RUNE-FOR-TYPE-SET NIL)
        (:INDUCTION BINARY-OP_FRINGE)
        (:REWRITE BINARY-OP_TREE-OPENER)
        (:REWRITE CAR-CONS)
        (:REWRITE CDR-CONS)
        (:REWRITE COMMUTATIVITY-OF-+)
        (:REWRITE DEFAULT-+-1)
        (:REWRITE DEFAULT-+-2)
        (:REWRITE EV-PLUS-EQUAL-BINARY-OP_TREE-APPEND)
        (:REWRITE EV-PLUS-EQUAL-CONSTRAINT-6)
        (:REWRITE EV-PLUS-EQUAL-CONSTRAINT-7)
        (:REWRITE UNICITY-OF-0))
Warnings:  None
Time:  0.01 seconds (prove: 0.01, print: 0.00, other: 0.00)
EV-PLUS-EQUAL-BINARY-OP_TREE-FRINGE

Summary
Form:  ( DEFTHM PLUS-CANCEL-LEFT ...)
Rules: ((:DEFINITION FIX)
        (:FAKE-RUNE-FOR-LINEAR NIL)
        (:FAKE-RUNE-FOR-TYPE-SET NIL)
        (:REWRITE COMMUTATIVITY-OF-+)
        (:REWRITE DEFAULT-+-2)
        (:REWRITE UNICITY-OF-0))
Warnings:  None
Time:  0.00 seconds (prove: 0.00, print: 0.00, other: 0.00)
PLUS-CANCEL-LEFT

Summary
Form:  ( DEFTHM BINARY-OP_TREE-PLUS-FRINGE-DEL-LEMMA ...)
Rules: ((:DEFINITION BINARY-OP_TREE)
        (:DEFINITION DEL)
        (:DEFINITION FIX)
        (:DEFINITION MEMB)
        (:DEFINITION NOT)
        (:ELIM CAR-CDR-ELIM)
        (:EXECUTABLE-COUNTERPART BINARY-+)
        (:EXECUTABLE-COUNTERPART CAR)
        (:EXECUTABLE-COUNTERPART CDR)
        (:EXECUTABLE-COUNTERPART CONS)
        (:EXECUTABLE-COUNTERPART EQUAL)
        (:EXECUTABLE-COUNTERPART FIX)
        (:EXECUTABLE-COUNTERPART NOT)
        (:FAKE-RUNE-FOR-LINEAR NIL)
        (:FAKE-RUNE-FOR-TYPE-SET NIL)
        (:INDUCTION DEL)
        (:INDUCTION MEMB)
        (:REWRITE BINARY-OP_TREE-OPENER)
        (:REWRITE CAR-CONS)
        (:REWRITE CDR-CONS)
        (:REWRITE COMMUTATIVITY-OF-+)
        (:REWRITE CONS-CAR-CDR)
        (:REWRITE DEFAULT-+-1)
        (:REWRITE DEFAULT-+-2)
        (:REWRITE DELETE-NON-MEMBER)
        (:REWRITE EV-PLUS-EQUAL-CONSTRAINT-2)
        (:REWRITE EV-PLUS-EQUAL-CONSTRAINT-6)
        (:REWRITE EV-PLUS-EQUAL-CONSTRAINT-7)
        (:REWRITE PLUS-CANCEL-LEFT)
        (:REWRITE UNICITY-OF-0)
        (:TYPE-PRESCRIPTION ACL2-NUMBERP-EV-PLUS-EQUAL))
Warnings:  None
Time:  0.43 seconds (prove: 0.43, print: 0.00, other: 0.00)
BINARY-OP_TREE-PLUS-FRINGE-DEL-LEMMA

Summary
Form:  ( DEFTHM BINARY-OP_TREE-PLUS-FRINGE-DEL ...)
Rules: ((:DEFINITION NOT)
        (:EXECUTABLE-COUNTERPART EQUAL)
        (:FAKE-RUNE-FOR-LINEAR NIL)
        (:FAKE-RUNE-FOR-TYPE-SET NIL)
        (:REWRITE COMMUTATIVITY-OF-+)
        (:TYPE-PRESCRIPTION ACL2-NUMBERP-EV-PLUS-EQUAL)
        (:TYPE-PRESCRIPTION MEMB))
Warnings:  None
Time:  0.01 seconds (prove: 0.01, print: 0.00, other: 0.00)
BINARY-OP_TREE-PLUS-FRINGE-DEL

Summary
Form:  ( DEFTHM CANCEL_PLUS-EQUAL$1-PROPERTY ...)
Rules: ((:DEFINITION BINARY-OP_FRINGE)
        (:DEFINITION CANCEL_PLUS-EQUAL$1)
        (:DEFINITION FIX)
        (:DEFINITION MV-NTH)
        (:DEFINITION NOT)
        (:EXECUTABLE-COUNTERPART ACL2-NUMBERP)
        (:EXECUTABLE-COUNTERPART CAR)
        (:EXECUTABLE-COUNTERPART CDR)
        (:EXECUTABLE-COUNTERPART CONSP)
        (:EXECUTABLE-COUNTERPART EQUAL)
        (:EXECUTABLE-COUNTERPART NOT)
        (:FAKE-RUNE-FOR-TYPE-SET NIL)
        (:REWRITE BINARY-OP_TREE-PLUS-FRINGE-DEL)
        (:REWRITE CAR-CONS)
        (:REWRITE CDR-CONS)
        (:REWRITE COMMUTATIVITY-OF-+)
        (:REWRITE DEFAULT-+-1)
        (:REWRITE DEFAULT-+-2)
        (:REWRITE EV-PLUS-EQUAL-BINARY-OP_TREE-APPEND)
        (:REWRITE EV-PLUS-EQUAL-BINARY-OP_TREE-FRINGE)
        (:REWRITE EV-PLUS-EQUAL-CONSTRAINT-1)
        (:REWRITE EV-PLUS-EQUAL-CONSTRAINT-10)
        (:REWRITE EV-PLUS-EQUAL-CONSTRAINT-2)
        (:REWRITE EV-PLUS-EQUAL-CONSTRAINT-6)
        (:REWRITE EV-PLUS-EQUAL-CONSTRAINT-8)
        (:REWRITE EV-PLUS-EQUAL-CONSTRAINT-9)
        (:REWRITE FRINGE-OCCUR-SAME-AS-OCCUR-IN-FRINGE)
        (:REWRITE MEMB-APPEND)
        (:REWRITE UNICITY-OF-0)
        (:TYPE-PRESCRIPTION FIX)
        (:TYPE-PRESCRIPTION MEMB))
Warnings:  None
Time:  0.30 seconds (prove: 0.30, print: 0.00, other: 0.00)
CANCEL_PLUS-EQUAL$1-PROPERTY

Summary
Form:  ( IN-THEORY (DISABLE ...))
Rules: NIL
Warnings:  None
Time:  0.00 seconds (prove: 0.00, print: 0.00, other: 0.00)
1869

Summary
Form:  ( DEFTHM BINARY-OP_TREE-OPENER-EXTRA-1 ...)
Rules: ((:DEFINITION NOT)
        (:ELIM CAR-CDR-ELIM)
        (:EXECUTABLE-COUNTERPART NOT)
        (:FAKE-RUNE-FOR-TYPE-SET NIL)
        (:REWRITE BINARY-OP_TREE-OPENER))
Warnings:  None
Time:  0.00 seconds (prove: 0.00, print: 0.00, other: 0.00)
BINARY-OP_TREE-OPENER-EXTRA-1

Summary
Form:  ( DEFTHM CANCEL_EQUAL-PLUS-CORRECT-LEMMA-1 ...)
Rules: ((:DEFINITION BAGDIFF)
        (:DEFINITION FIX)
        (:DEFINITION NOT)
        (:DEFINITION SUBBAGP)
        (:ELIM CAR-CDR-ELIM)
        (:EXECUTABLE-COUNTERPART CAR)
        (:EXECUTABLE-COUNTERPART CDR)
        (:EXECUTABLE-COUNTERPART CONS)
        (:EXECUTABLE-COUNTERPART EQUAL)
        (:FAKE-RUNE-FOR-LINEAR NIL)
        (:FAKE-RUNE-FOR-TYPE-SET NIL)
        (:INDUCTION BAGDIFF)
        (:INDUCTION SUBBAGP)
        (:REWRITE ASSOCIATIVITY-OF-+)
        (:REWRITE BINARY-OP_TREE-OPENER)
        (:REWRITE BINARY-OP_TREE-OPENER-EXTRA-1)
        (:REWRITE BINARY-OP_TREE-PLUS-FRINGE-DEL)
        (:REWRITE CAR-CONS)
        (:REWRITE CDR-CONS)
        (:REWRITE COMMUTATIVITY-OF-+)
        (:REWRITE DEFAULT-+-1)
        (:REWRITE DEFAULT-+-2)
        (:REWRITE EV-PLUS-EQUAL-CONSTRAINT-2)
        (:REWRITE EV-PLUS-EQUAL-CONSTRAINT-6)
        (:REWRITE EV-PLUS-EQUAL-CONSTRAINT-7)
        (:REWRITE UNICITY-OF-0)
        (:TYPE-PRESCRIPTION ACL2-NUMBERP-EV-PLUS-EQUAL)
        (:TYPE-PRESCRIPTION MEMB))
Warnings:  None
Time:  0.08 seconds (prove: 0.08, print: 0.00, other: 0.00)
CANCEL_EQUAL-PLUS-CORRECT-LEMMA-1

Summary
Form:  ( ENCAPSULATE NIL (LOCAL ...) ...)
Rules: NIL
Warnings:  None
Time:  0.08 seconds (prove: 0.08, print: 0.00, other: 0.00)
T

Summary
Form:  ( DEFTHM CANCEL_EQUAL-PLUS-CORRECT-LEMMA ...)
Rules: ((:DEFINITION FIX)
        (:DEFINITION NOT)
        (:EXECUTABLE-COUNTERPART ACL2-NUMBERP)
        (:EXECUTABLE-COUNTERPART EQUAL)
        (:EXECUTABLE-COUNTERPART NOT)
        (:FAKE-RUNE-FOR-LINEAR NIL)
        (:FAKE-RUNE-FOR-TYPE-SET NIL)
        (:REWRITE COMMUTATIVITY-OF-+)
        (:REWRITE EV-PLUS-EQUAL-BINARY-OP_TREE-FRINGE)
        (:REWRITE SUBBAGP-BAGINT1)
        (:REWRITE SUBBAGP-BAGINT2)
        (:TYPE-PRESCRIPTION ACL2-NUMBERP-EV-PLUS-EQUAL))
Warnings:  None
Time:  0.03 seconds (prove: 0.03, print: 0.00, other: 0.00)
CANCEL_EQUAL-PLUS-CORRECT-LEMMA

Summary
Form:  ( DEFTHM CANCEL_PLUS-EQUAL-CORRECT ...)
Rules: ((:DEFINITION CANCEL_PLUS-EQUAL)
        (:DEFINITION FIX)
        (:EXECUTABLE-COUNTERPART EQUAL)
        (:FAKE-RUNE-FOR-TYPE-SET NIL)
        (:REWRITE CANCEL_EQUAL-PLUS-CORRECT-LEMMA)
        (:REWRITE CANCEL_PLUS-EQUAL$1-PROPERTY)
        (:REWRITE CAR-CONS)
        (:REWRITE CDR-CONS)
        (:REWRITE EV-PLUS-EQUAL-CONSTRAINT-6)
        (:REWRITE EV-PLUS-EQUAL-CONSTRAINT-8))
Warnings:  None
Time:  0.02 seconds (prove: 0.02, print: 0.00, other: 0.00)
CANCEL_PLUS-EQUAL-CORRECT

Summary
Form:  ( INCLUDE-BOOK "meta-plus-equal" ...)
Rules: NIL
Warnings:  None
Time:  0.10 seconds (prove: 0.00, print: 0.00, other: 0.10)

"/Users/huangjianshi/src/acl2-sources/books/meta/meta-plus-equal.fasl"


Summary
Form:  (CERTIFY-BOOK "meta-plus-equal" ...)
Rules: NIL
Warnings:  None
Time:  1.41 seconds (prove: 1.15, print: 0.00, other: 0.26)
 "/Users/huangjianshi/src/acl2-sources/books/meta/meta-plus-equal.lisp"
ACL2 !>
Exiting the ACL2 read-eval-print loop.  To re-enter, execute (LP).
* 