This is SBCL 1.0.1.34, an implementation of ANSI Common Lisp.
More information about SBCL is available at <http://www.sbcl.org/>.

SBCL is free software, provided as is, with absolutely no warranty.
It is mostly in the public domain; some portions are provided under
BSD-style licenses.  See the CREDITS and COPYING files in the
distribution for more information.

 ACL2 Version 3.1 built January 26, 2007  15:12:42.
 Copyright (C) 2006  University of Texas at Austin
 ACL2 comes with ABSOLUTELY NO WARRANTY.  This is free software and you
 are welcome to redistribute it under certain conditions.  For details,
 see the GNU General Public License.

 Initialized with (INITIALIZE-ACL2 'INCLUDE-BOOK *ACL2-PASS-2-FILES*).
 See the documentation topic note-3-1 for recent changes.
 Note: We have modified the prompt in some underlying Lisps to further
 distinguish it from the ACL2 prompt.

 NOTE!!  Proof trees are disabled in ACL2.  To enable them in emacs,
 look under the ACL2 source directory in interface/emacs/README.doc; 
 and, to turn on proof trees, execute :START-PROOF-TREE in the ACL2 
 command loop.   Look in the ACL2 documentation under PROOF-TREE.

ACL2 Version 3.1.  Level 1.  Cbd 
"/Users/huangjianshi/src/acl2-sources/books/meta/".
Type :help for help.
Type (good-bye) to quit completely out of ACL2.

ACL2 !>
Exiting the ACL2 read-eval-print loop.  To re-enter, execute (LP).
* 
#<PACKAGE "ACL2">
* 
ACL2 Version 3.1.  Level 1.  Cbd 
"/Users/huangjianshi/src/acl2-sources/books/meta/".
Type :help for help.
Type (good-bye) to quit completely out of ACL2.

ACL2 !> (PROVE PROOF-TREE
        WARNING OBSERVATION EVENT EXPANSION)
ACL2 !>
Summary
Form:  ( INCLUDE-BOOK "term-defuns" ...)
Rules: NIL
Warnings:  None
Time:  0.08 seconds (prove: 0.00, print: 0.00, other: 0.08)
"/Users/huangjianshi/src/acl2-sources/books/meta/term-defuns.lisp"

Summary
Form:  ( INCLUDE-BOOK "term-lemmas" ...)
Rules: NIL
Warnings:  None
Time:  0.00 seconds (prove: 0.00, print: 0.00, other: 0.00)
"/Users/huangjianshi/src/acl2-sources/books/meta/term-lemmas.lisp"
("theory")

Summary
Form:  ( IN-THEORY *DEFEVALUATOR-FORM-BASE-THEORY*)
Rules: NIL
Warnings:  None
Time:  0.00 seconds (prove: 0.00, print: 0.00, other: 0.00)
40

Summary
Form:  ( MUTUAL-RECURSION ( DEFUN EV-PLUS-LESSP ...) ...)
Rules: ((:DEFINITION ACL2-COUNT)
        (:DEFINITION ATOM)
        (:DEFINITION EQ)
        (:DEFINITION NOT)
        (:DEFINITION O-FINP)
        (:DEFINITION O<)
        (:ELIM CAR-CDR-ELIM)
        (:FAKE-RUNE-FOR-LINEAR NIL)
        (:FAKE-RUNE-FOR-TYPE-SET NIL)
        (:REWRITE CAR-CONS)
        (:REWRITE CDR-CONS)
        (:TYPE-PRESCRIPTION ACL2-COUNT))
Warnings:  None
Time:  0.07 seconds (prove: 0.04, print: 0.00, other: 0.03)
(EV-PLUS-LESSP EV-PLUS-LESSP-LIST)

Summary
Form:  ( DEFTHM EV-PLUS-LESSP-CONSTRAINT-1 ...)
Rules: ((:DEFINITION EV-PLUS-LESSP)
        (:FAKE-RUNE-FOR-TYPE-SET NIL))
Warnings:  None
Time:  0.00 seconds (prove: 0.00, print: 0.00, other: 0.00)
EV-PLUS-LESSP-CONSTRAINT-1

Summary
Form:  ( DEFTHM EV-PLUS-LESSP-CONSTRAINT-2 ...)
Rules: ((:DEFINITION EV-PLUS-LESSP)
        (:FAKE-RUNE-FOR-TYPE-SET NIL))
Warnings:  None
Time:  0.00 seconds (prove: 0.00, print: 0.00, other: 0.00)
EV-PLUS-LESSP-CONSTRAINT-2

Summary
Form:  ( DEFTHM EV-PLUS-LESSP-CONSTRAINT-3 ...)
Rules: ((:DEFINITION EV-PLUS-LESSP)
        (:FAKE-RUNE-FOR-TYPE-SET NIL))
Warnings:  None
Time:  0.00 seconds (prove: 0.00, print: 0.00, other: 0.00)
EV-PLUS-LESSP-CONSTRAINT-3

Summary
Form:  ( DEFTHM EV-PLUS-LESSP-CONSTRAINT-4 ...)
Rules: ((:DEFINITION EV-PLUS-LESSP-LIST)
        (:DEFINITION NOT)
        (:FAKE-RUNE-FOR-TYPE-SET NIL))
Warnings:  None
Time:  0.00 seconds (prove: 0.00, print: 0.00, other: 0.00)
EV-PLUS-LESSP-CONSTRAINT-4

Summary
Form:  ( DEFTHM EV-PLUS-LESSP-CONSTRAINT-5 ...)
Rules: ((:DEFINITION EV-PLUS-LESSP-LIST)
        (:FAKE-RUNE-FOR-TYPE-SET NIL))
Warnings:  None
Time:  0.00 seconds (prove: 0.00, print: 0.00, other: 0.00)
EV-PLUS-LESSP-CONSTRAINT-5

Summary
Form:  ( DEFTHM EV-PLUS-LESSP-CONSTRAINT-6 ...)
Rules: ((:DEFINITION EV-PLUS-LESSP)
        (:FAKE-RUNE-FOR-TYPE-SET NIL))
Warnings:  None
Time:  0.00 seconds (prove: 0.00, print: 0.00, other: 0.00)
EV-PLUS-LESSP-CONSTRAINT-6

Summary
Form:  ( DEFTHM EV-PLUS-LESSP-CONSTRAINT-7 ...)
Rules: ((:DEFINITION EV-PLUS-LESSP)
        (:FAKE-RUNE-FOR-TYPE-SET NIL))
Warnings:  None
Time:  0.00 seconds (prove: 0.00, print: 0.00, other: 0.00)
EV-PLUS-LESSP-CONSTRAINT-7

Summary
Form:  ( DEFTHM EV-PLUS-LESSP-CONSTRAINT-8 ...)
Rules: ((:DEFINITION EV-PLUS-LESSP)
        (:FAKE-RUNE-FOR-TYPE-SET NIL))
Warnings:  None
Time:  0.01 seconds (prove: 0.01, print: 0.00, other: 0.00)
EV-PLUS-LESSP-CONSTRAINT-8

Summary
Form:  ( TABLE ACL2-DEFAULTS-TABLE ...)
Rules: NIL
Warnings:  None
Time:  0.00 seconds (prove: 0.00, print: 0.00, other: 0.00)
ACL2-DEFAULTS-TABLE

Summary
Form:  ( ENCAPSULATE (((EV-PLUS-LESSP * ...) ...) ...) ...)
Rules: NIL
Warnings:  None
Time:  0.10 seconds (prove: 0.07, print: 0.00, other: 0.03)
T

Summary
Form:  ( DEFUN CANCEL_PLUS-LESSP$1 ...)
Rules: ((:DEFINITION EQ)
        (:DEFINITION LEN)
        (:DEFINITION LENGTH)
        (:DEFINITION NOT)
        (:DEFINITION PSEUDO-TERM-LISTP)
        (:DEFINITION PSEUDO-TERMP)
        (:DEFINITION TRUE-LISTP)
        (:ELIM CAR-CDR-ELIM)
        (:EXECUTABLE-COUNTERPART CONS)
        (:EXECUTABLE-COUNTERPART EQUAL)
        (:EXECUTABLE-COUNTERPART NOT)
        (:EXECUTABLE-COUNTERPART SYMBOLP)
        (:FAKE-RUNE-FOR-TYPE-SET NIL)
        (:REWRITE CAR-CONS)
        (:REWRITE CDR-CONS)
        (:TYPE-PRESCRIPTION BINARY-OP_FRINGE)
        (:TYPE-PRESCRIPTION TRUE-LISTP-DEL))
Warnings:  None
Time:  0.04 seconds (prove: 0.03, print: 0.00, other: 0.02)
CANCEL_PLUS-LESSP$1

Summary
Form:  ( DEFUN CANCEL_PLUS-LESSP ...)
Rules: ((:DEFINITION EQ)
        (:DEFINITION NOT)
        (:DEFINITION PSEUDO-TERM-LISTP)
        (:DEFINITION PSEUDO-TERMP)
        (:DEFINITION TRUE-LISTP)
        (:EXECUTABLE-COUNTERPART ATOM)
        (:EXECUTABLE-COUNTERPART EQ)
        (:EXECUTABLE-COUNTERPART EQUAL)
        (:EXECUTABLE-COUNTERPART NOT)
        (:EXECUTABLE-COUNTERPART PSEUDO-TERM-LISTP)
        (:EXECUTABLE-COUNTERPART SYMBOLP)
        (:FAKE-RUNE-FOR-TYPE-SET NIL)
        (:FORWARD-CHAINING PSEUDO-TERM-LISTP-FORWARD-TO-TRUE-LISTP)
        (:TYPE-PRESCRIPTION BINARY-OP_FRINGE)
        (:TYPE-PRESCRIPTION PSEUDO-TERM-LISTP)
        (:TYPE-PRESCRIPTION PSEUDO-TERMP)
        (:TYPE-PRESCRIPTION TRUE-LISTP-BAGDIFF))
Warnings:  None
Time:  0.02 seconds (prove: 0.01, print: 0.00, other: 0.01)
CANCEL_PLUS-LESSP

Summary
Form:  ( IN-THEORY (DISABLE ...))
Rules: NIL
Warnings:  None
Time:  0.00 seconds (prove: 0.00, print: 0.00, other: 0.00)
1862

Summary
Form:  ( DEFTHM EV-PLUS-LESSP-BINARY-OP_TREE-SIMPLE-APPEND ...)
Rules: ((:DEFINITION BINARY-APPEND)
        (:DEFINITION ENDP)
        (:DEFINITION FIX)
        (:DEFINITION NOT)
        (:ELIM CAR-CDR-ELIM)
        (:EXECUTABLE-COUNTERPART CAR)
        (:EXECUTABLE-COUNTERPART CDR)
        (:EXECUTABLE-COUNTERPART CONS)
        (:EXECUTABLE-COUNTERPART EQUAL)
        (:EXECUTABLE-COUNTERPART NOT)
        (:FAKE-RUNE-FOR-LINEAR NIL)
        (:FAKE-RUNE-FOR-TYPE-SET NIL)
        (:INDUCTION BINARY-APPEND)
        (:REWRITE BINARY-OP_TREE-SIMPLE-OPENER)
        (:REWRITE CAR-CONS)
        (:REWRITE CDR-CONS)
        (:REWRITE COMMUTATIVITY-OF-+)
        (:REWRITE EV-PLUS-LESSP-CONSTRAINT-2)
        (:REWRITE EV-PLUS-LESSP-CONSTRAINT-6)
        (:REWRITE UNICITY-OF-0)
        (:TYPE-PRESCRIPTION BINARY-APPEND))
Warnings:  None
Time:  0.01 seconds (prove: 0.01, print: 0.00, other: 0.00)
EV-PLUS-LESSP-BINARY-OP_TREE-SIMPLE-APPEND

Summary
Form:  ( DEFTHM EV-PLUS-LESSP-BINARY-OP_TREE-SIMPLE-FRINGE ...)
Rules: ((:DEFINITION BINARY-OP_FRINGE)
        (:DEFINITION EQ)
        (:DEFINITION NOT)
        (:EXECUTABLE-COUNTERPART CONSP)
        (:EXECUTABLE-COUNTERPART EQUAL)
        (:EXECUTABLE-COUNTERPART NOT)
        (:FAKE-RUNE-FOR-TYPE-SET NIL)
        (:INDUCTION BINARY-OP_FRINGE)
        (:REWRITE BINARY-OP_TREE-SIMPLE-OPENER)
        (:REWRITE EV-PLUS-LESSP-BINARY-OP_TREE-SIMPLE-APPEND)
        (:REWRITE EV-PLUS-LESSP-CONSTRAINT-6)
        (:TYPE-PRESCRIPTION BINARY-OP_FRINGE))
Warnings:  None
Time:  0.00 seconds (prove: 0.00, print: 0.00, other: 0.00)
EV-PLUS-LESSP-BINARY-OP_TREE-SIMPLE-FRINGE

Summary
Form:  ( DEFTHM EQUAL-IFF ...)
Rules: ((:COMPOUND-RECOGNIZER BOOLEANP-COMPOUND-RECOGNIZER)
        (:DEFINITION IFF)
        (:DEFINITION NOT)
        (:EXECUTABLE-COUNTERPART BOOLEANP)
        (:EXECUTABLE-COUNTERPART EQUAL)
        (:EXECUTABLE-COUNTERPART NOT)
        (:FAKE-RUNE-FOR-TYPE-SET NIL)
        (:TYPE-PRESCRIPTION IFF))
Warnings:  None
Time:  0.00 seconds (prove: 0.00, print: 0.00, other: 0.00)
EQUAL-IFF

Summary
Form:  ( DEFTHM PLUS-CANCEL-LEFT ...)
Rules: ((:COMPOUND-RECOGNIZER BOOLEANP-COMPOUND-RECOGNIZER)
        (:DEFINITION FIX)
        (:DEFINITION IFF)
        (:DEFINITION NOT)
        (:EXECUTABLE-COUNTERPART IF)
        (:FAKE-RUNE-FOR-LINEAR NIL)
        (:REWRITE DEFAULT-+-1)
        (:REWRITE DEFAULT-+-2)
        (:REWRITE EQUAL-IFF))
Warnings:  None
Time:  0.00 seconds (prove: 0.00, print: 0.00, other: 0.00)
PLUS-CANCEL-LEFT

Summary
Form:  ( DEFTHM BINARY-OP_TREE-SIMPLE-PLUS-FRINGE-DEL-LEMMA ...)
Rules: ((:DEFINITION BINARY-OP_TREE-SIMPLE)
        (:DEFINITION DEL)
        (:DEFINITION FIX)
        (:DEFINITION MEMB)
        (:DEFINITION NOT)
        (:ELIM CAR-CDR-ELIM)
        (:EXECUTABLE-COUNTERPART ACL2-NUMBERP)
        (:EXECUTABLE-COUNTERPART CAR)
        (:EXECUTABLE-COUNTERPART CDR)
        (:EXECUTABLE-COUNTERPART CONS)
        (:EXECUTABLE-COUNTERPART EQUAL)
        (:EXECUTABLE-COUNTERPART FIX)
        (:EXECUTABLE-COUNTERPART NOT)
        (:FAKE-RUNE-FOR-LINEAR NIL)
        (:FAKE-RUNE-FOR-TYPE-SET NIL)
        (:INDUCTION DEL)
        (:INDUCTION MEMB)
        (:REWRITE BINARY-OP_TREE-SIMPLE-OPENER)
        (:REWRITE CAR-CONS)
        (:REWRITE CDR-CONS)
        (:REWRITE COMMUTATIVITY-OF-+)
        (:REWRITE CONS-CAR-CDR)
        (:REWRITE DEFAULT-+-1)
        (:REWRITE DEFAULT-+-2)
        (:REWRITE DELETE-NON-MEMBER)
        (:REWRITE EV-PLUS-LESSP-CONSTRAINT-2)
        (:REWRITE EV-PLUS-LESSP-CONSTRAINT-6)
        (:REWRITE UNICITY-OF-0))
Warnings:  None
Time:  0.18 seconds (prove: 0.18, print: 0.00, other: 0.00)
BINARY-OP_TREE-SIMPLE-PLUS-FRINGE-DEL-LEMMA

Summary
Form:  ( DEFTHM BINARY-OP_TREE-SIMPLE-PLUS-FRINGE-DEL-1 ...)
Rules: ((:COMPOUND-RECOGNIZER BOOLEANP-COMPOUND-RECOGNIZER)
        (:DEFINITION FIX)
        (:DEFINITION IFF)
        (:DEFINITION NOT)
        (:FAKE-RUNE-FOR-LINEAR NIL)
        (:FAKE-RUNE-FOR-TYPE-SET NIL)
        (:REWRITE DEFAULT-<-2)
        (:REWRITE EQUAL-IFF)
        (:TYPE-PRESCRIPTION MEMB))
Warnings:  None
Time:  0.00 seconds (prove: 0.00, print: 0.00, other: 0.00)
BINARY-OP_TREE-SIMPLE-PLUS-FRINGE-DEL-1

Summary
Form:  ( DEFTHM BINARY-OP_TREE-SIMPLE-PLUS-FRINGE-DEL-2 ...)
Rules: ((:COMPOUND-RECOGNIZER BOOLEANP-COMPOUND-RECOGNIZER)
        (:DEFINITION FIX)
        (:DEFINITION IFF)
        (:DEFINITION NOT)
        (:FAKE-RUNE-FOR-LINEAR NIL)
        (:FAKE-RUNE-FOR-TYPE-SET NIL)
        (:REWRITE DEFAULT-<-1)
        (:REWRITE EQUAL-IFF)
        (:TYPE-PRESCRIPTION MEMB))
Warnings:  None
Time:  0.00 seconds (prove: 0.00, print: 0.00, other: 0.00)
BINARY-OP_TREE-SIMPLE-PLUS-FRINGE-DEL-2

Summary
Form:  ( DEFTHM CANCEL_PLUS-LESSP$1-PROPERTY ...)
Rules: ((:COMPOUND-RECOGNIZER BOOLEANP-COMPOUND-RECOGNIZER)
        (:DEFINITION BINARY-OP_FRINGE)
        (:DEFINITION CANCEL_PLUS-LESSP$1)
        (:DEFINITION FIX)
        (:DEFINITION IFF)
        (:EXECUTABLE-COUNTERPART CAR)
        (:EXECUTABLE-COUNTERPART CDR)
        (:EXECUTABLE-COUNTERPART EQUAL)
        (:FAKE-RUNE-FOR-TYPE-SET NIL)
        (:REWRITE BINARY-OP_TREE-SIMPLE-PLUS-FRINGE-DEL-1)
        (:REWRITE BINARY-OP_TREE-SIMPLE-PLUS-FRINGE-DEL-2)
        (:REWRITE CAR-CONS)
        (:REWRITE CDR-CONS)
        (:REWRITE DEFAULT-<-1)
        (:REWRITE DEFAULT-<-2)
        (:REWRITE EQUAL-IFF)
        (:REWRITE EV-PLUS-LESSP-BINARY-OP_TREE-SIMPLE-FRINGE)
        (:REWRITE EV-PLUS-LESSP-CONSTRAINT-2)
        (:REWRITE EV-PLUS-LESSP-CONSTRAINT-6)
        (:REWRITE EV-PLUS-LESSP-CONSTRAINT-7)
        (:REWRITE FRINGE-OCCUR-SAME-AS-OCCUR-IN-FRINGE)
        (:REWRITE MEMB-APPEND)
        (:REWRITE UNICITY-OF-0)
        (:TYPE-PRESCRIPTION MEMB))
Warnings:  None
Time:  0.09 seconds (prove: 0.09, print: 0.00, other: 0.00)
CANCEL_PLUS-LESSP$1-PROPERTY

Summary
Form:  ( IN-THEORY (DISABLE ...))
Rules: NIL
Warnings:  None
Time:  0.00 seconds (prove: 0.00, print: 0.00, other: 0.00)
1868

Summary
Form:  ( DEFTHM BINARY-OP_TREE-SIMPLE-PLUS-FRINGE-DEL ...)
Rules: ((:DEFINITION FIX)
        (:DEFINITION NOT)
        (:FAKE-RUNE-FOR-LINEAR NIL)
        (:FAKE-RUNE-FOR-TYPE-SET NIL)
        (:TYPE-PRESCRIPTION MEMB))
Warnings:  None
Time:  0.01 seconds (prove: 0.01, print: 0.00, other: 0.00)
BINARY-OP_TREE-SIMPLE-PLUS-FRINGE-DEL

Summary
Form:  ( DEFTHM BINARY-OP_TREE-SIMPLE-PLUS-FRINGE-DEL-NOT-ACL2-NUMBERP
...)
Rules: ((:DEFINITION BINARY-OP_TREE-SIMPLE)
        (:DEFINITION DEL)
        (:DEFINITION FIX)
        (:DEFINITION MEMB)
        (:DEFINITION NOT)
        (:ELIM CAR-CDR-ELIM)
        (:EXECUTABLE-COUNTERPART ACL2-NUMBERP)
        (:EXECUTABLE-COUNTERPART CAR)
        (:EXECUTABLE-COUNTERPART CDR)
        (:EXECUTABLE-COUNTERPART CONS)
        (:EXECUTABLE-COUNTERPART EQUAL)
        (:EXECUTABLE-COUNTERPART NOT)
        (:FAKE-RUNE-FOR-TYPE-SET NIL)
        (:REWRITE BINARY-OP_TREE-SIMPLE-OPENER)
        (:REWRITE CAR-CONS)
        (:REWRITE CDR-CONS)
        (:REWRITE CONS-CAR-CDR)
        (:REWRITE DEFAULT-+-1)
        (:REWRITE DEFAULT-+-2)
        (:REWRITE EV-PLUS-LESSP-CONSTRAINT-2)
        (:REWRITE EV-PLUS-LESSP-CONSTRAINT-6))
Warnings:  None
Time:  0.03 seconds (prove: 0.03, print: 0.00, other: 0.00)
BINARY-OP_TREE-SIMPLE-PLUS-FRINGE-DEL-NOT-ACL2-NUMBERP

Summary
Form:  ( DEFTHM BINARY-OP_TREE-SIMPLE-OPENER-EXTRA-1 ...)
Rules: ((:DEFINITION NOT)
        (:ELIM CAR-CDR-ELIM)
        (:EXECUTABLE-COUNTERPART NOT)
        (:FAKE-RUNE-FOR-TYPE-SET NIL)
        (:REWRITE BINARY-OP_TREE-SIMPLE-OPENER))
Warnings:  None
Time:  0.00 seconds (prove: 0.00, print: 0.00, other: 0.00)
BINARY-OP_TREE-SIMPLE-OPENER-EXTRA-1

Summary
Form:  ( DEFTHM CANCEL_PLUS-LESSP-CORRECT-LEMMA-1 ...)
Rules: ((:DEFINITION BAGDIFF)
        (:DEFINITION FIX)
        (:DEFINITION NOT)
        (:DEFINITION SUBBAGP)
        (:ELIM CAR-CDR-ELIM)
        (:EXECUTABLE-COUNTERPART BINARY-+)
        (:EXECUTABLE-COUNTERPART CAR)
        (:EXECUTABLE-COUNTERPART CDR)
        (:EXECUTABLE-COUNTERPART CONS)
        (:EXECUTABLE-COUNTERPART EQUAL)
        (:EXECUTABLE-COUNTERPART FIX)
        (:FAKE-RUNE-FOR-LINEAR NIL)
        (:FAKE-RUNE-FOR-TYPE-SET NIL)
        (:INDUCTION BAGDIFF)
        (:INDUCTION SUBBAGP)
        (:REWRITE ASSOCIATIVITY-OF-+)
        (:REWRITE BINARY-OP_TREE-SIMPLE-OPENER)
        (:REWRITE BINARY-OP_TREE-SIMPLE-PLUS-FRINGE-DEL)
        (:REWRITE BINARY-OP_TREE-SIMPLE-PLUS-FRINGE-DEL-NOT-ACL2-NUMBERP)
        (:REWRITE CAR-CONS)
        (:REWRITE CDR-CONS)
        (:REWRITE COMMUTATIVITY-OF-+)
        (:REWRITE DEFAULT-+-1)
        (:REWRITE DEFAULT-+-2)
        (:REWRITE EV-PLUS-LESSP-CONSTRAINT-2)
        (:REWRITE EV-PLUS-LESSP-CONSTRAINT-6)
        (:REWRITE UNICITY-OF-0)
        (:TYPE-PRESCRIPTION MEMB))
Warnings:  None
Time:  0.18 seconds (prove: 0.18, print: 0.00, other: 0.00)
CANCEL_PLUS-LESSP-CORRECT-LEMMA-1

Summary
Form:  ( ENCAPSULATE NIL (LOCAL ...) ...)
Rules: NIL
Warnings:  None
Time:  0.18 seconds (prove: 0.18, print: 0.00, other: 0.00)
T

Summary
Form:  ( DEFTHM CANCEL_PLUS-LESSP-CORRECT-LEMMA ...)
Rules: ((:COMPOUND-RECOGNIZER BOOLEANP-COMPOUND-RECOGNIZER)
        (:DEFINITION FIX)
        (:DEFINITION IFF)
        (:DEFINITION NOT)
        (:EXECUTABLE-COUNTERPART <)
        (:FAKE-RUNE-FOR-LINEAR NIL)
        (:FAKE-RUNE-FOR-TYPE-SET NIL)
        (:REWRITE COMMUTATIVITY-OF-+)
        (:REWRITE DEFAULT-<-1)
        (:REWRITE DEFAULT-<-2)
        (:REWRITE EQUAL-IFF)
        (:REWRITE EV-PLUS-LESSP-BINARY-OP_TREE-SIMPLE-FRINGE)
        (:REWRITE SUBBAGP-BAGINT1)
        (:REWRITE SUBBAGP-BAGINT2))
Warnings:  None
Time:  0.03 seconds (prove: 0.03, print: 0.00, other: 0.00)
CANCEL_PLUS-LESSP-CORRECT-LEMMA

Summary
Form:  ( DEFTHM CANCEL_PLUS-LESSP-CORRECT ...)
Rules: ((:DEFINITION CANCEL_PLUS-LESSP)
        (:EXECUTABLE-COUNTERPART EQUAL)
        (:FAKE-RUNE-FOR-TYPE-SET NIL)
        (:REWRITE CANCEL_PLUS-LESSP$1-PROPERTY)
        (:REWRITE CANCEL_PLUS-LESSP-CORRECT-LEMMA)
        (:REWRITE CAR-CONS)
        (:REWRITE CDR-CONS)
        (:REWRITE EV-PLUS-LESSP-CONSTRAINT-6)
        (:REWRITE EV-PLUS-LESSP-CONSTRAINT-7))
Warnings:  None
Time:  0.02 seconds (prove: 0.02, print: 0.00, other: 0.00)
CANCEL_PLUS-LESSP-CORRECT

Summary
Form:  ( INCLUDE-BOOK "meta-plus-lessp" ...)
Rules: NIL
Warnings:  None
Time:  0.08 seconds (prove: 0.00, print: 0.00, other: 0.08)

"/Users/huangjianshi/src/acl2-sources/books/meta/meta-plus-lessp.fasl"


Summary
Form:  (CERTIFY-BOOK "meta-plus-lessp" ...)
Rules: NIL
Warnings:  None
Time:  0.91 seconds (prove: 0.66, print: 0.00, other: 0.25)
 "/Users/huangjianshi/src/acl2-sources/books/meta/meta-plus-lessp.lisp"
ACL2 !>
Exiting the ACL2 read-eval-print loop.  To re-enter, execute (LP).
* 