This is SBCL 1.0.1.34, an implementation of ANSI Common Lisp.
More information about SBCL is available at <http://www.sbcl.org/>.

SBCL is free software, provided as is, with absolutely no warranty.
It is mostly in the public domain; some portions are provided under
BSD-style licenses.  See the CREDITS and COPYING files in the
distribution for more information.

 ACL2 Version 3.1 built January 26, 2007  15:12:42.
 Copyright (C) 2006  University of Texas at Austin
 ACL2 comes with ABSOLUTELY NO WARRANTY.  This is free software and you
 are welcome to redistribute it under certain conditions.  For details,
 see the GNU General Public License.

 Initialized with (INITIALIZE-ACL2 'INCLUDE-BOOK *ACL2-PASS-2-FILES*).
 See the documentation topic note-3-1 for recent changes.
 Note: We have modified the prompt in some underlying Lisps to further
 distinguish it from the ACL2 prompt.

 NOTE!!  Proof trees are disabled in ACL2.  To enable them in emacs,
 look under the ACL2 source directory in interface/emacs/README.doc; 
 and, to turn on proof trees, execute :START-PROOF-TREE in the ACL2 
 command loop.   Look in the ACL2 documentation under PROOF-TREE.

ACL2 Version 3.1.  Level 1.  Cbd 
"/Users/huangjianshi/src/acl2-sources/books/meta/".
Type :help for help.
Type (good-bye) to quit completely out of ACL2.

ACL2 !>
Exiting the ACL2 read-eval-print loop.  To re-enter, execute (LP).
* 
#<PACKAGE "ACL2">
* 
ACL2 Version 3.1.  Level 1.  Cbd 
"/Users/huangjianshi/src/acl2-sources/books/meta/".
Type :help for help.
Type (good-bye) to quit completely out of ACL2.

ACL2 !> (PROVE PROOF-TREE
        WARNING OBSERVATION EVENT EXPANSION)
ACL2 !>
Summary
Form:  ( INCLUDE-BOOK "term-defuns" ...)
Rules: NIL
Warnings:  None
Time:  0.08 seconds (prove: 0.00, print: 0.00, other: 0.08)
"/Users/huangjianshi/src/acl2-sources/books/meta/term-defuns.lisp"

Summary
Form:  ( DEFTHM DELETE-NON-MEMBER ...)
Rules: ((:DEFINITION DEL)
        (:DEFINITION MEMB)
        (:DEFINITION NOT)
        (:FAKE-RUNE-FOR-TYPE-SET NIL)
        (:INDUCTION DEL)
        (:INDUCTION MEMB)
        (:REWRITE CONS-CAR-CDR)
        (:TYPE-PRESCRIPTION MEMB))
Warnings:  None
Time:  0.01 seconds (prove: 0.00, print: 0.00, other: 0.00)
DELETE-NON-MEMBER

Summary
Form:  ( DEFTHM MEMBER-DELETE ...)
Rules: ((:DEFINITION DEL)
        (:DEFINITION MEMB)
        (:FAKE-RUNE-FOR-TYPE-SET NIL)
        (:INDUCTION DEL)
        (:INDUCTION MEMB)
        (:REWRITE CAR-CONS)
        (:REWRITE CDR-CONS)
        (:REWRITE DELETE-NON-MEMBER)
        (:TYPE-PRESCRIPTION MEMB))
Warnings:  None
Time:  0.00 seconds (prove: 0.00, print: 0.00, other: 0.00)
MEMBER-DELETE

Summary
Form:  ( DEFTHM DELETE-COMMUTATIVITY ...)
Rules: ((:DEFINITION DEL)
        (:DEFINITION MEMB)
        (:FAKE-RUNE-FOR-TYPE-SET NIL)
        (:INDUCTION DEL)
        (:REWRITE CAR-CONS)
        (:REWRITE CDR-CONS)
        (:REWRITE DELETE-NON-MEMBER))
Warnings:  None
Time:  0.02 seconds (prove: 0.01, print: 0.00, other: 0.00)
DELETE-COMMUTATIVITY

Summary
Form:  ( DEFTHM SUBBAGP-DELETE ...)
Rules: ((:DEFINITION SUBBAGP)
        (:INDUCTION SUBBAGP)
        (:REWRITE DELETE-COMMUTATIVITY)
        (:REWRITE DELETE-NON-MEMBER)
        (:REWRITE MEMBER-DELETE)
        (:TYPE-PRESCRIPTION MEMB)
        (:TYPE-PRESCRIPTION SUBBAGP))
Warnings:  None
Time:  0.01 seconds (prove: 0.01, print: 0.00, other: 0.00)
SUBBAGP-DELETE

Summary
Form:  ( DEFTHM SUBBAGP-CDR1 ...)
Rules: ((:DEFINITION SUBBAGP)
        (:ELIM CAR-CDR-ELIM)
        (:FAKE-RUNE-FOR-TYPE-SET NIL)
        (:REWRITE CAR-CONS)
        (:REWRITE CDR-CONS)
        (:REWRITE SUBBAGP-DELETE)
        (:TYPE-PRESCRIPTION SUBBAGP))
Warnings:  None
Time:  0.00 seconds (prove: 0.00, print: 0.00, other: 0.00)
SUBBAGP-CDR1

Summary
Form:  ( DEFTHM SUBBAGP-CDR2 ...)
Rules: ((:DEFINITION DEL)
        (:DEFINITION MEMB)
        (:DEFINITION NOT)
        (:DEFINITION SUBBAGP)
        (:FAKE-RUNE-FOR-TYPE-SET NIL)
        (:INDUCTION SUBBAGP)
        (:REWRITE CDR-CONS)
        (:REWRITE SUBBAGP-CDR1)
        (:TYPE-PRESCRIPTION MEMB)
        (:TYPE-PRESCRIPTION SUBBAGP))
Warnings:  None
Time:  0.03 seconds (prove: 0.03, print: 0.00, other: 0.00)
SUBBAGP-CDR2

Summary
Form:  ( DEFTHM SUBBAGP-BAGINT1 ...)
Rules: ((:DEFINITION BAGINT)
        (:DEFINITION DEL)
        (:DEFINITION MEMB)
        (:DEFINITION SUBBAGP)
        (:EXECUTABLE-COUNTERPART CONSP)
        (:FAKE-RUNE-FOR-TYPE-SET NIL)
        (:INDUCTION BAGINT)
        (:REWRITE CAR-CONS)
        (:REWRITE CDR-CONS)
        (:REWRITE SUBBAGP-CDR2)
        (:TYPE-PRESCRIPTION BAGINT)
        (:TYPE-PRESCRIPTION MEMB)
        (:TYPE-PRESCRIPTION SUBBAGP))
Warnings:  None
Time:  0.01 seconds (prove: 0.01, print: 0.00, other: 0.00)
SUBBAGP-BAGINT1

Summary
Form:  ( DEFTHM SUBBAGP-BAGINT2 ...)
Rules: ((:DEFINITION BAGINT)
        (:DEFINITION SUBBAGP)
        (:EXECUTABLE-COUNTERPART CONSP)
        (:FAKE-RUNE-FOR-TYPE-SET NIL)
        (:INDUCTION BAGINT)
        (:REWRITE CAR-CONS)
        (:REWRITE CDR-CONS)
        (:TYPE-PRESCRIPTION BAGINT)
        (:TYPE-PRESCRIPTION MEMB)
        (:TYPE-PRESCRIPTION SUBBAGP))
Warnings:  None
Time:  0.01 seconds (prove: 0.01, print: 0.00, other: 0.00)
SUBBAGP-BAGINT2

Summary
Form:  ( DEFTHM MEMB-APPEND ...)
Rules: ((:DEFINITION BINARY-APPEND)
        (:DEFINITION MEMB)
        (:EXECUTABLE-COUNTERPART EQUAL)
        (:FAKE-RUNE-FOR-TYPE-SET NIL)
        (:INDUCTION BINARY-APPEND)
        (:INDUCTION MEMB)
        (:REWRITE CAR-CONS)
        (:REWRITE CDR-CONS)
        (:TYPE-PRESCRIPTION MEMB))
Warnings:  None
Time:  0.00 seconds (prove: 0.00, print: 0.00, other: 0.00)
MEMB-APPEND

Summary
Form:  ( DEFTHM BINARY-OP_TREE-OPENER ...)
Rules: ((:DEFINITION BINARY-OP_TREE)
        (:DEFINITION NOT)
        (:FAKE-RUNE-FOR-TYPE-SET NIL)
        (:REWRITE CAR-CONS)
        (:REWRITE CDR-CONS))
Warnings:  None
Time:  0.00 seconds (prove: 0.00, print: 0.00, other: 0.00)
BINARY-OP_TREE-OPENER

Summary
Form:  ( DEFTHM BINARY-OP_TREE-SIMPLE-OPENER ...)
Rules: ((:DEFINITION BINARY-OP_TREE-SIMPLE)
        (:DEFINITION NOT)
        (:FAKE-RUNE-FOR-TYPE-SET NIL)
        (:REWRITE CAR-CONS)
        (:REWRITE CDR-CONS))
Warnings:  None
Time:  0.00 seconds (prove: 0.00, print: 0.00, other: 0.00)
BINARY-OP_TREE-SIMPLE-OPENER

Summary
Form:  ( DEFTHM FRINGE-OCCUR-SAME-AS-OCCUR-IN-FRINGE ...)
Rules: ((:DEFINITION BINARY-OP_FRINGE)
        (:DEFINITION EQ)
        (:DEFINITION FRINGE-OCCUR)
        (:DEFINITION MEMB)
        (:DEFINITION NOT)
        (:ELIM CAR-CDR-ELIM)
        (:EXECUTABLE-COUNTERPART BINARY-APPEND)
        (:EXECUTABLE-COUNTERPART CAR)
        (:EXECUTABLE-COUNTERPART CONS)
        (:EXECUTABLE-COUNTERPART CONSP)
        (:EXECUTABLE-COUNTERPART MEMB)
        (:FAKE-RUNE-FOR-TYPE-SET NIL)
        (:INDUCTION BINARY-OP_FRINGE)
        (:INDUCTION FRINGE-OCCUR)
        (:REWRITE CAR-CONS)
        (:REWRITE CDR-CONS)
        (:REWRITE DEFAULT-CAR)
        (:REWRITE DEFAULT-CDR)
        (:REWRITE MEMB-APPEND)
        (:TYPE-PRESCRIPTION FRINGE-OCCUR)
        (:TYPE-PRESCRIPTION MEMB))
Warnings:  None
Time:  0.01 seconds (prove: 0.01, print: 0.00, other: 0.00)
FRINGE-OCCUR-SAME-AS-OCCUR-IN-FRINGE

Summary
Form:  ( INCLUDE-BOOK "term-lemmas" ...)
Rules: NIL
Warnings:  None
Time:  0.06 seconds (prove: 0.00, print: 0.00, other: 0.06)

"/Users/huangjianshi/src/acl2-sources/books/meta/term-lemmas.fasl"


Summary
Form:  (CERTIFY-BOOK "term-lemmas" ...)
Rules: NIL
Warnings:  None
Time:  0.25 seconds (prove: 0.10, print: 0.00, other: 0.16)
 "/Users/huangjianshi/src/acl2-sources/books/meta/term-lemmas.lisp"
ACL2 !>
Exiting the ACL2 read-eval-print loop.  To re-enter, execute (LP).
* 