This is SBCL 1.0.1.34, an implementation of ANSI Common Lisp.
More information about SBCL is available at <http://www.sbcl.org/>.

SBCL is free software, provided as is, with absolutely no warranty.
It is mostly in the public domain; some portions are provided under
BSD-style licenses.  See the CREDITS and COPYING files in the
distribution for more information.

 ACL2 Version 3.1 built January 26, 2007  15:12:42.
 Copyright (C) 2006  University of Texas at Austin
 ACL2 comes with ABSOLUTELY NO WARRANTY.  This is free software and you
 are welcome to redistribute it under certain conditions.  For details,
 see the GNU General Public License.

 Initialized with (INITIALIZE-ACL2 'INCLUDE-BOOK *ACL2-PASS-2-FILES*).
 See the documentation topic note-3-1 for recent changes.
 Note: We have modified the prompt in some underlying Lisps to further
 distinguish it from the ACL2 prompt.

 NOTE!!  Proof trees are disabled in ACL2.  To enable them in emacs,
 look under the ACL2 source directory in interface/emacs/README.doc; 
 and, to turn on proof trees, execute :START-PROOF-TREE in the ACL2 
 command loop.   Look in the ACL2 documentation under PROOF-TREE.

ACL2 Version 3.1.  Level 1.  Cbd 
"/Users/huangjianshi/src/acl2-sources/books/rtl/rel5/support/".
Type :help for help.
Type (good-bye) to quit completely out of ACL2.

ACL2 !>
Exiting the ACL2 read-eval-print loop.  To re-enter, execute (LP).
* 
#<PACKAGE "ACL2">
* 
ACL2 Version 3.1.  Level 1.  Cbd 
"/Users/huangjianshi/src/acl2-sources/books/rtl/rel5/support/".
Type :help for help.
Type (good-bye) to quit completely out of ACL2.

ACL2 !> (PROVE PROOF-TREE
        WARNING OBSERVATION EVENT EXPANSION)
ACL2 !>
Summary
Form:  ( INCLUDE-BOOK "ground-zero" ...)
Rules: NIL
Warnings:  None
Time:  0.08 seconds (prove: 0.00, print: 0.00, other: 0.08)
"/Users/huangjianshi/src/acl2-sources/books/rtl/rel5/support/ground-zero.lisp"

Summary
Form:  ( INCLUDE-BOOK "rtlarr" ...)
Rules: NIL
Warnings:  None
Time:  0.10 seconds (prove: 0.00, print: 0.00, other: 0.10)
"/Users/huangjianshi/src/acl2-sources/books/rtl/rel5/support/rtlarr.lisp"

Summary
Form:  ( INCLUDE-BOOK "cat-def" ...)
Rules: NIL
Warnings:  None
Time:  0.05 seconds (prove: 0.00, print: 0.00, other: 0.05)
"/Users/huangjianshi/src/acl2-sources/books/rtl/rel5/support/cat-def.lisp"

Summary
Form:  ( DEFUN NATP ...)
Rules: NIL
Warnings:  None
Time:  0.00 seconds (prove: 0.00, print: 0.00, other: 0.00)
:REDUNDANT

Summary
Form:  ( DEFMACRO N! ...)
Rules: NIL
Warnings:  None
Time:  0.00 seconds (prove: 0.00, print: 0.00, other: 0.00)
N!

Summary
Form:  ( DEFUN LOG= ...)
Rules: NIL
Warnings:  None
Time:  0.00 seconds (prove: 0.00, print: 0.00, other: 0.00)

Summary
Form:  ( PROGN (DEFUN LOG= ...) ...)
Rules: NIL
Warnings:  None
Time:  0.00 seconds (prove: 0.00, print: 0.00, other: 0.00)
(:DEFUND LOG=)

Summary
Form:  ( DEFUN LOG<> ...)
Rules: NIL
Warnings:  None
Time:  0.00 seconds (prove: 0.00, print: 0.00, other: 0.00)

Summary
Form:  ( PROGN (DEFUN LOG<> ...) ...)
Rules: NIL
Warnings:  None
Time:  0.00 seconds (prove: 0.00, print: 0.00, other: 0.00)
(:DEFUND LOG<>)

Summary
Form:  ( DEFUN LOG< ...)
Rules: NIL
Warnings:  None
Time:  0.00 seconds (prove: 0.00, print: 0.00, other: 0.00)

Summary
Form:  ( PROGN (DEFUN LOG< ...) ...)
Rules: NIL
Warnings:  None
Time:  0.00 seconds (prove: 0.00, print: 0.00, other: 0.00)
(:DEFUND LOG<)

Summary
Form:  ( DEFUN LOG<= ...)
Rules: NIL
Warnings:  None
Time:  0.00 seconds (prove: 0.00, print: 0.00, other: 0.00)

Summary
Form:  ( PROGN (DEFUN LOG<= ...) ...)
Rules: NIL
Warnings:  None
Time:  0.00 seconds (prove: 0.00, print: 0.00, other: 0.00)
(:DEFUND LOG<=)

Summary
Form:  ( DEFUN LOG> ...)
Rules: NIL
Warnings:  None
Time:  0.00 seconds (prove: 0.00, print: 0.00, other: 0.00)

Summary
Form:  ( PROGN (DEFUN LOG> ...) ...)
Rules: NIL
Warnings:  None
Time:  0.00 seconds (prove: 0.00, print: 0.00, other: 0.00)
(:DEFUND LOG>)

Summary
Form:  ( DEFUN LOG>= ...)
Rules: NIL
Warnings:  None
Time:  0.00 seconds (prove: 0.00, print: 0.00, other: 0.00)

Summary
Form:  ( PROGN (DEFUN LOG>= ...) ...)
Rules: NIL
Warnings:  None
Time:  0.00 seconds (prove: 0.00, print: 0.00, other: 0.00)
(:DEFUND LOG>=)

Summary
Form:  ( DEFUN COMP2 ...)
Rules: ((:FAKE-RUNE-FOR-TYPE-SET NIL)
        (:TYPE-PRESCRIPTION EXPT-TYPE-PRESCRIPTION-NON-ZERO-BASE)
        (:TYPE-PRESCRIPTION RATIONALP-EXPT-TYPE-PRESCRIPTION))
Warnings:  None
Time:  0.01 seconds (prove: 0.00, print: 0.00, other: 0.01)

Summary
Form:  ( PROGN (DEFUN COMP2 ...) ...)
Rules: NIL
Warnings:  None
Time:  0.01 seconds (prove: 0.00, print: 0.00, other: 0.01)
(:DEFUND COMP2)

Summary
Form:  ( DEFUN COMP2< ...)
Rules: ((:DEFINITION COMP2)
        (:DEFINITION NOT)
        (:FAKE-RUNE-FOR-TYPE-SET NIL)
        (:REWRITE COMMUTATIVITY-OF-+)
        (:TYPE-PRESCRIPTION EXPT-TYPE-PRESCRIPTION-NON-ZERO-BASE)
        (:TYPE-PRESCRIPTION LOG<)
        (:TYPE-PRESCRIPTION RATIONALP-EXPT-TYPE-PRESCRIPTION))
Warnings:  None
Time:  0.01 seconds (prove: 0.00, print: 0.00, other: 0.01)

Summary
Form:  ( PROGN (DEFUN COMP2< ...) ...)
Rules: NIL
Warnings:  None
Time:  0.01 seconds (prove: 0.00, print: 0.00, other: 0.01)
(:DEFUND COMP2<)

Summary
Form:  ( DEFUN COMP2<= ...)
Rules: ((:DEFINITION COMP2)
        (:DEFINITION NOT)
        (:FAKE-RUNE-FOR-TYPE-SET NIL)
        (:REWRITE COMMUTATIVITY-OF-+)
        (:TYPE-PRESCRIPTION EXPT-TYPE-PRESCRIPTION-NON-ZERO-BASE)
        (:TYPE-PRESCRIPTION LOG<=)
        (:TYPE-PRESCRIPTION RATIONALP-EXPT-TYPE-PRESCRIPTION))
Warnings:  None
Time:  0.03 seconds (prove: 0.00, print: 0.00, other: 0.03)

Summary
Form:  ( PROGN (DEFUN COMP2<= ...) ...)
Rules: NIL
Warnings:  None
Time:  0.03 seconds (prove: 0.00, print: 0.00, other: 0.03)
(:DEFUND COMP2<=)

Summary
Form:  ( DEFUN COMP2> ...)
Rules: ((:DEFINITION COMP2)
        (:DEFINITION NOT)
        (:FAKE-RUNE-FOR-TYPE-SET NIL)
        (:REWRITE COMMUTATIVITY-OF-+)
        (:TYPE-PRESCRIPTION EXPT-TYPE-PRESCRIPTION-NON-ZERO-BASE)
        (:TYPE-PRESCRIPTION LOG>)
        (:TYPE-PRESCRIPTION RATIONALP-EXPT-TYPE-PRESCRIPTION))
Warnings:  None
Time:  0.01 seconds (prove: 0.00, print: 0.00, other: 0.01)

Summary
Form:  ( PROGN (DEFUN COMP2> ...) ...)
Rules: NIL
Warnings:  None
Time:  0.01 seconds (prove: 0.00, print: 0.00, other: 0.01)
(:DEFUND COMP2>)

Summary
Form:  ( DEFUN COMP2>= ...)
Rules: ((:DEFINITION COMP2)
        (:DEFINITION NOT)
        (:FAKE-RUNE-FOR-TYPE-SET NIL)
        (:REWRITE COMMUTATIVITY-OF-+)
        (:TYPE-PRESCRIPTION EXPT-TYPE-PRESCRIPTION-NON-ZERO-BASE)
        (:TYPE-PRESCRIPTION LOG>=)
        (:TYPE-PRESCRIPTION RATIONALP-EXPT-TYPE-PRESCRIPTION))
Warnings:  None
Time:  0.01 seconds (prove: 0.00, print: 0.00, other: 0.01)

Summary
Form:  ( PROGN (DEFUN COMP2>= ...) ...)
Rules: NIL
Warnings:  None
Time:  0.01 seconds (prove: 0.00, print: 0.00, other: 0.01)
(:DEFUND COMP2>=)

Summary
Form:  ( DEFUN LOGAND1 ...)
Rules: ((:TYPE-PRESCRIPTION EXPT-TYPE-PRESCRIPTION-NON-ZERO-BASE)
        (:TYPE-PRESCRIPTION LOG=)
        (:TYPE-PRESCRIPTION RATIONALP-EXPT-TYPE-PRESCRIPTION))
Warnings:  None
Time:  0.00 seconds (prove: 0.00, print: 0.00, other: 0.00)

Summary
Form:  ( PROGN (DEFUN LOGAND1 ...) ...)
Rules: NIL
Warnings:  None
Time:  0.00 seconds (prove: 0.00, print: 0.00, other: 0.00)
(:DEFUND LOGAND1)

Summary
Form:  ( DEFUN LOGIOR1 ...)
Rules: NIL
Warnings:  None
Time:  0.00 seconds (prove: 0.00, print: 0.00, other: 0.00)

Summary
Form:  ( PROGN (DEFUN LOGIOR1 ...) ...)
Rules: NIL
Warnings:  None
Time:  0.00 seconds (prove: 0.00, print: 0.00, other: 0.00)
(:DEFUND LOGIOR1)

Summary
Form:  ( DEFUN LOGXOR1 ...)
Rules: ((:TYPE-PRESCRIPTION LOGCOUNT))
Warnings:  None
Time:  0.00 seconds (prove: 0.00, print: 0.00, other: 0.00)

Summary
Form:  ( PROGN (DEFUN LOGXOR1 ...) ...)
Rules: NIL
Warnings:  None
Time:  0.00 seconds (prove: 0.00, print: 0.00, other: 0.00)
(:DEFUND LOGXOR1)

Summary
Form:  ( DEFUN FL ...)
Rules: NIL
Warnings:  None
Time:  0.00 seconds (prove: 0.00, print: 0.00, other: 0.00)

Summary
Form:  ( PROGN (DEFUN FL ...) ...)
Rules: NIL
Warnings:  None
Time:  0.00 seconds (prove: 0.00, print: 0.00, other: 0.00)
(:DEFUND FL)

Summary
Form:  ( DEFUN SHFT ...)
Rules: ((:FAKE-RUNE-FOR-TYPE-SET NIL)
        (:TYPE-PRESCRIPTION EXPT-TYPE-PRESCRIPTION-NON-ZERO-BASE)
        (:TYPE-PRESCRIPTION FL)
        (:TYPE-PRESCRIPTION MOD)
        (:TYPE-PRESCRIPTION NFIX)
        (:TYPE-PRESCRIPTION RATIONALP-EXPT-TYPE-PRESCRIPTION))
Warnings:  None
Time:  0.01 seconds (prove: 0.00, print: 0.00, other: 0.01)

Summary
Form:  ( PROGN (DEFUN SHFT ...) ...)
Rules: NIL
Warnings:  None
Time:  0.01 seconds (prove: 0.00, print: 0.00, other: 0.01)
(:DEFUND SHFT)

Summary
Form:  ( DEFMACRO LSHFT ...)
Rules: NIL
Warnings:  None
Time:  0.00 seconds (prove: 0.00, print: 0.00, other: 0.00)
LSHFT

Summary
Form:  ( DEFMACRO RSHFT ...)
Rules: NIL
Warnings:  None
Time:  0.00 seconds (prove: 0.00, print: 0.00, other: 0.00)
RSHFT

Summary
Form:  ( DEFUN OCAT ...)
Rules: ((:FAKE-RUNE-FOR-TYPE-SET NIL)
        (:TYPE-PRESCRIPTION EXPT-TYPE-PRESCRIPTION-NON-ZERO-BASE)
        (:TYPE-PRESCRIPTION NFIX)
        (:TYPE-PRESCRIPTION RATIONALP-EXPT-TYPE-PRESCRIPTION))
Warnings:  None
Time:  0.00 seconds (prove: 0.00, print: 0.00, other: 0.00)

Summary
Form:  ( PROGN (DEFUN OCAT ...) ...)
Rules: NIL
Warnings:  None
Time:  0.00 seconds (prove: 0.00, print: 0.00, other: 0.00)
(:DEFUND OCAT)

Summary
Form:  ( DEFUN MULCAT ...)
Rules: ((:DEFINITION NOT)
        (:TYPE-PRESCRIPTION BINARY-CAT))
Warnings:  None
Time:  0.02 seconds (prove: 0.00, print: 0.00, other: 0.01)

Summary
Form:  ( PROGN (DEFUN MULCAT ...) ...)
Rules: NIL
Warnings:  None
Time:  0.02 seconds (prove: 0.00, print: 0.00, other: 0.02)
(:DEFUND MULCAT)

Summary
Form:  ( DEFUN BITS ...)
Rules: NIL
Warnings:  None
Time:  0.00 seconds (prove: 0.00, print: 0.00, other: 0.00)

Summary
Form:  ( PROGN (DEFUN BITS ...) ...)
Rules: NIL
Warnings:  None
Time:  0.00 seconds (prove: 0.00, print: 0.00, other: 0.00)
(:DEFUND BITS)

Summary
Form:  ( DEFUN BITN ...)
Rules: ((:TYPE-PRESCRIPTION BITS))
Warnings:  None
Time:  0.01 seconds (prove: 0.00, print: 0.00, other: 0.01)

Summary
Form:  ( PROGN (DEFUN BITN ...) ...)
Rules: NIL
Warnings:  None
Time:  0.01 seconds (prove: 0.00, print: 0.00, other: 0.01)
(:DEFUND BITN)

Summary
Form:  ( DEFUN SETBITS ...)
Rules: ((:TYPE-PRESCRIPTION BINARY-CAT))
Warnings:  None
Time:  0.02 seconds (prove: 0.00, print: 0.00, other: 0.02)

Summary
Form:  ( PROGN (DEFUN SETBITS ...) ...)
Rules: NIL
Warnings:  None
Time:  0.02 seconds (prove: 0.00, print: 0.00, other: 0.02)
(:DEFUND SETBITS)

Summary
Form:  ( DEFUN SETBITN ...)
Rules: ((:TYPE-PRESCRIPTION SETBITS))
Warnings:  None
Time:  0.01 seconds (prove: 0.00, print: 0.00, other: 0.01)

Summary
Form:  ( PROGN (DEFUN SETBITN ...) ...)
Rules: NIL
Warnings:  None
Time:  0.01 seconds (prove: 0.00, print: 0.00, other: 0.01)
(:DEFUND SETBITN)

Summary
Form:  ( DEFUN LNOT ...)
Rules: ((:FAKE-RUNE-FOR-TYPE-SET NIL)
        (:TYPE-PRESCRIPTION BITS)
        (:TYPE-PRESCRIPTION EXPT-TYPE-PRESCRIPTION-NON-ZERO-BASE)
        (:TYPE-PRESCRIPTION RATIONALP-EXPT-TYPE-PRESCRIPTION))
Warnings:  None
Time:  0.01 seconds (prove: 0.00, print: 0.00, other: 0.01)

Summary
Form:  ( PROGN (DEFUN LNOT ...) ...)
Rules: NIL
Warnings:  None
Time:  0.01 seconds (prove: 0.00, print: 0.00, other: 0.01)
(:DEFUND LNOT)

Summary
Form:  ( DEFMACRO MOD+ ...)
Rules: NIL
Warnings:  None
Time:  0.00 seconds (prove: 0.00, print: 0.00, other: 0.00)
MOD+

Summary
Form:  ( DEFMACRO MOD* ...)
Rules: NIL
Warnings:  None
Time:  0.00 seconds (prove: 0.00, print: 0.00, other: 0.00)
MOD*

Summary
Form:  ( DEFMACRO MOD- ...)
Rules: NIL
Warnings:  None
Time:  0.00 seconds (prove: 0.00, print: 0.00, other: 0.00)
MOD-

Summary
Form:  ( DEFUN DECODE ...)
Rules: ((:COMPOUND-RECOGNIZER NATP-COMPOUND-RECOGNIZER)
        (:TYPE-PRESCRIPTION ASH))
Warnings:  None
Time:  0.01 seconds (prove: 0.00, print: 0.00, other: 0.01)

Summary
Form:  ( PROGN (DEFUN DECODE ...) ...)
Rules: NIL
Warnings:  None
Time:  0.01 seconds (prove: 0.00, print: 0.00, other: 0.01)
(:DEFUND DECODE)

Summary
Form:  ( DEFUN ENCODE ...)
Rules: ((:COMPOUND-RECOGNIZER ZP-COMPOUND-RECOGNIZER)
        (:FAKE-RUNE-FOR-TYPE-SET NIL)
        (:TYPE-PRESCRIPTION ASH))
Warnings:  None
Time:  0.01 seconds (prove: 0.00, print: 0.00, other: 0.01)

Summary
Form:  ( PROGN (DEFUN ENCODE ...) ...)
Rules: NIL
Warnings:  None
Time:  0.01 seconds (prove: 0.00, print: 0.00, other: 0.01)
(:DEFUND ENCODE)

Summary
Form:  ( DEFMACRO BIND ...)
Rules: NIL
Warnings:  None
Time:  0.00 seconds (prove: 0.00, print: 0.00, other: 0.00)
BIND

Summary
Form:  ( DEFUN IF1 ...)
Rules: NIL
Warnings:  None
Time:  0.00 seconds (prove: 0.00, print: 0.00, other: 0.00)
:REDUNDANT

Summary
Form:  ( DEFTHM IF1-0 ...)
Rules: ((:DEFINITION IF1)
        (:EXECUTABLE-COUNTERPART EQUAL)
        (:FAKE-RUNE-FOR-TYPE-SET NIL))
Warnings:  None
Time:  0.00 seconds (prove: 0.00, print: 0.00, other: 0.00)
IF1-0

Summary
Form:  ( DEFTHM IF1-NON-0 ...)
Rules: ((:DEFINITION IF1)
        (:DEFINITION NOT)
        (:FAKE-RUNE-FOR-TYPE-SET NIL))
Warnings:  None
Time:  0.00 seconds (prove: 0.00, print: 0.00, other: 0.00)
IF1-NON-0

Summary
Form:  ( DEFTHM IF1-X-X ...)
Rules: ((:DEFINITION IF1)
        (:FAKE-RUNE-FOR-TYPE-SET NIL))
Warnings:  None
Time:  0.00 seconds (prove: 0.00, print: 0.00, other: 0.00)
IF1-X-X

Summary
Form:  ( DEFTHM BVECP-IF1 ...)
Rules: ((:DEFINITION IF1))
Warnings:  None
Time:  0.00 seconds (prove: 0.00, print: 0.00, other: 0.00)
BVECP-IF1

Summary
Form:  ( DEFUN COND1-MACRO ...)
Rules: ((:DEFINITION COND-CLAUSESP)
        (:DEFINITION EQ)
        (:DEFINITION NOT)
        (:DEFINITION TRUE-LISTP)
        (:FAKE-RUNE-FOR-TYPE-SET NIL))
Warnings:  None
Time:  0.01 seconds (prove: 0.00, print: 0.00, other: 0.01)
COND1-MACRO

Summary
Form:  ( DEFMACRO COND1 ...)
Rules: NIL
Warnings:  None
Time:  0.00 seconds (prove: 0.00, print: 0.00, other: 0.00)
COND1

Summary
Form:  ( DEFUN NATP1 ...)
Rules: NIL
Warnings:  None
Time:  0.00 seconds (prove: 0.00, print: 0.00, other: 0.00)
NATP1

Summary
Form:  ( DEFUN BINARY-LAND0 ...)
Rules: ((:TYPE-PRESCRIPTION BINARY-LOGAND))
Warnings:  None
Time:  0.01 seconds (prove: 0.00, print: 0.00, other: 0.01)

Summary
Form:  ( PROGN (DEFUN BINARY-LAND0 ...) ...)
Rules: NIL
Warnings:  None
Time:  0.01 seconds (prove: 0.00, print: 0.00, other: 0.01)
(:DEFUND BINARY-LAND0)

Summary
Form:  ( DEFUN FORMAL-+ ...)
Rules: NIL
Warnings:  None
Time:  0.00 seconds (prove: 0.00, print: 0.00, other: 0.00)
:REDUNDANT

Summary
Form:  ( DEFMACRO LAND0 ...)
Rules: NIL
Warnings:  None
Time:  0.01 seconds (prove: 0.00, print: 0.00, other: 0.01)
LAND0

Summary
Form:  ( TABLE MACRO-ALIASES-TABLE ...)
Rules: NIL
Warnings:  None
Time:  0.00 seconds (prove: 0.00, print: 0.00, other: 0.00)
MACRO-ALIASES-TABLE

Summary
Form:  ( DEFUN ALL-ONES ...)
Rules: ((:FAKE-RUNE-FOR-TYPE-SET NIL)
        (:TYPE-PRESCRIPTION EXPT-TYPE-PRESCRIPTION-NON-ZERO-BASE)
        (:TYPE-PRESCRIPTION RATIONALP-EXPT-TYPE-PRESCRIPTION))
Warnings:  None
Time:  0.00 seconds (prove: 0.00, print: 0.00, other: 0.00)

Summary
Form:  ( PROGN (DEFUN ALL-ONES ...) ...)
Rules: NIL
Warnings:  None
Time:  0.01 seconds (prove: 0.00, print: 0.00, other: 0.01)
(:DEFUND ALL-ONES)

Summary
Form:  ( DEFUN BINARY-LIOR0 ...)
Rules: ((:TYPE-PRESCRIPTION BINARY-LOGIOR))
Warnings:  None
Time:  0.01 seconds (prove: 0.00, print: 0.00, other: 0.01)

Summary
Form:  ( PROGN (DEFUN BINARY-LIOR0 ...) ...)
Rules: NIL
Warnings:  None
Time:  0.01 seconds (prove: 0.00, print: 0.00, other: 0.01)
(:DEFUND BINARY-LIOR0)

Summary
Form:  ( DEFMACRO LIOR0 ...)
Rules: NIL
Warnings:  None
Time:  0.01 seconds (prove: 0.00, print: 0.00, other: 0.01)
LIOR0

Summary
Form:  ( TABLE MACRO-ALIASES-TABLE ...)
Rules: NIL
Warnings:  None
Time:  0.00 seconds (prove: 0.00, print: 0.00, other: 0.00)
MACRO-ALIASES-TABLE

Summary
Form:  ( DEFUN BINARY-LXOR0 ...)
Rules: ((:TYPE-PRESCRIPTION BINARY-LOGXOR))
Warnings:  None
Time:  0.01 seconds (prove: 0.00, print: 0.00, other: 0.01)

Summary
Form:  ( PROGN (DEFUN BINARY-LXOR0 ...) ...)
Rules: NIL
Warnings:  None
Time:  0.01 seconds (prove: 0.00, print: 0.00, other: 0.01)
(:DEFUND BINARY-LXOR0)

Summary
Form:  ( DEFMACRO LXOR0 ...)
Rules: NIL
Warnings:  None
Time:  0.01 seconds (prove: 0.00, print: 0.00, other: 0.01)
LXOR0

Summary
Form:  ( TABLE MACRO-ALIASES-TABLE ...)
Rules: NIL
Warnings:  None
Time:  0.00 seconds (prove: 0.00, print: 0.00, other: 0.00)
MACRO-ALIASES-TABLE

Summary
Form:  ( DEFUN RESET ...)
Rules: NIL
Warnings:  None
Time:  0.00 seconds (prove: 0.00, print: 0.00, other: 0.00)
RESET

Summary
Form:  ( DEFTHM BVECP-RESET ...)
Rules: ((:COMPOUND-RECOGNIZER ZIP-COMPOUND-RECOGNIZER)
        (:DEFINITION BVECP)
        (:DEFINITION EXPT)
        (:DEFINITION NOT)
        (:DEFINITION RESET)
        (:EXECUTABLE-COUNTERPART <)
        (:EXECUTABLE-COUNTERPART =)
        (:EXECUTABLE-COUNTERPART EQUAL)
        (:EXECUTABLE-COUNTERPART FIX)
        (:EXECUTABLE-COUNTERPART NOT)
        (:EXECUTABLE-COUNTERPART UNARY-/)
        (:FAKE-RUNE-FOR-TYPE-SET NIL)
        (:INDUCTION EXPT)
        (:TYPE-PRESCRIPTION BVECP)
        (:TYPE-PRESCRIPTION EXPT-TYPE-PRESCRIPTION-NON-ZERO-BASE)
        (:TYPE-PRESCRIPTION RATIONALP-EXPT-TYPE-PRESCRIPTION))
Warnings:  None
Time:  0.01 seconds (prove: 0.00, print: 0.00, other: 0.00)
BVECP-RESET

Summary
Form:  ( ENCAPSULATE ((RESET ...) ...) ...)
Rules: NIL
Warnings:  None
Time:  0.01 seconds (prove: 0.00, print: 0.00, other: 0.00)
T

Summary
Form:  ( DEFUN UNKNOWN ...)
Rules: NIL
Warnings:  None
Time:  0.00 seconds (prove: 0.00, print: 0.00, other: 0.00)
UNKNOWN

Summary
Form:  ( DEFTHM BVECP-UNKNOWN ...)
Rules: ((:COMPOUND-RECOGNIZER ZIP-COMPOUND-RECOGNIZER)
        (:DEFINITION BVECP)
        (:DEFINITION EXPT)
        (:DEFINITION NOT)
        (:DEFINITION UNKNOWN)
        (:EXECUTABLE-COUNTERPART <)
        (:EXECUTABLE-COUNTERPART =)
        (:EXECUTABLE-COUNTERPART EQUAL)
        (:EXECUTABLE-COUNTERPART FIX)
        (:EXECUTABLE-COUNTERPART NOT)
        (:EXECUTABLE-COUNTERPART UNARY-/)
        (:FAKE-RUNE-FOR-TYPE-SET NIL)
        (:INDUCTION EXPT)
        (:TYPE-PRESCRIPTION BVECP)
        (:TYPE-PRESCRIPTION EXPT-TYPE-PRESCRIPTION-NON-ZERO-BASE)
        (:TYPE-PRESCRIPTION RATIONALP-EXPT-TYPE-PRESCRIPTION))
Warnings:  None
Time:  0.00 seconds (prove: 0.00, print: 0.00, other: 0.00)
BVECP-UNKNOWN

Summary
Form:  ( ENCAPSULATE ((UNKNOWN ...) ...) ...)
Rules: NIL
Warnings:  None
Time:  0.01 seconds (prove: 0.00, print: 0.00, other: 0.00)
T

Summary
Form:  ( ENCAPSULATE ((RESET2 ...) ...) ...)
Rules: NIL
Warnings:  None
Time:  0.00 seconds (prove: 0.00, print: 0.00, other: 0.00)
:REDUNDANT

Summary
Form:  ( ENCAPSULATE ((UNKNOWN2 ...) ...) ...)
Rules: NIL
Warnings:  None
Time:  0.00 seconds (prove: 0.00, print: 0.00, other: 0.00)
:REDUNDANT

Summary
Form:  ( INCLUDE-BOOK "rtl" ...)
Rules: NIL
Warnings:  None
Time:  0.44 seconds (prove: 0.00, print: 0.00, other: 0.44)

"/Users/huangjianshi/src/acl2-sources/books/rtl/rel5/support/rtl.fasl"


Summary
Form:  (CERTIFY-BOOK "rtl" ...)
Rules: NIL
Warnings:  None
Time:  1.13 seconds (prove: 0.02, print: 0.00, other: 1.10)
 "/Users/huangjianshi/src/acl2-sources/books/rtl/rel5/support/rtl.lisp"
ACL2 !>
Exiting the ACL2 read-eval-print loop.  To re-enter, execute (LP).
* 