This is SBCL 1.0.1.34, an implementation of ANSI Common Lisp.
More information about SBCL is available at <http://www.sbcl.org/>.

SBCL is free software, provided as is, with absolutely no warranty.
It is mostly in the public domain; some portions are provided under
BSD-style licenses.  See the CREDITS and COPYING files in the
distribution for more information.

 ACL2 Version 3.1 built January 26, 2007  15:12:42.
 Copyright (C) 2006  University of Texas at Austin
 ACL2 comes with ABSOLUTELY NO WARRANTY.  This is free software and you
 are welcome to redistribute it under certain conditions.  For details,
 see the GNU General Public License.

 Initialized with (INITIALIZE-ACL2 'INCLUDE-BOOK *ACL2-PASS-2-FILES*).
 See the documentation topic note-3-1 for recent changes.
 Note: We have modified the prompt in some underlying Lisps to further
 distinguish it from the ACL2 prompt.

 NOTE!!  Proof trees are disabled in ACL2.  To enable them in emacs,
 look under the ACL2 source directory in interface/emacs/README.doc; 
 and, to turn on proof trees, execute :START-PROOF-TREE in the ACL2 
 command loop.   Look in the ACL2 documentation under PROOF-TREE.

ACL2 Version 3.1.  Level 1.  Cbd 
"/Users/huangjianshi/src/acl2-sources/books/arithmetic-2/meta/".
Type :help for help.
Type (good-bye) to quit completely out of ACL2.

ACL2 !>
Exiting the ACL2 read-eval-print loop.  To re-enter, execute (LP).
* 
#<PACKAGE "ACL2">
* 
ACL2 Version 3.1.  Level 1.  Cbd 
"/Users/huangjianshi/src/acl2-sources/books/arithmetic-2/meta/".
Type :help for help.
Type (good-bye) to quit completely out of ACL2.

ACL2 !> (PROVE PROOF-TREE
        WARNING OBSERVATION EVENT EXPANSION)
ACL2 !>
Summary
Form:  ( INCLUDE-BOOK "common-meta" ...)
Rules: NIL
Warnings:  None
Time:  0.29 seconds (prove: 0.00, print: 0.00, other: 0.29)
"/Users/huangjianshi/src/acl2-sources/books/arithmetic-2/meta/common-meta.lisp"

Summary
Form:  ( INCLUDE-BOOK "../pass1/top" ...)
Rules: NIL
Warnings:  None
Time:  0.04 seconds (prove: 0.00, print: 0.00, other: 0.04)
"/Users/huangjianshi/src/acl2-sources/books/arithmetic-2/pass1/top.lisp"

Summary
Form:  ( INCLUDE-BOOK "cancel-terms-helper" ...)
Rules: NIL
Warnings:  None
Time:  0.00 seconds (prove: 0.00, print: 0.00, other: 0.00)
"/Users/huangjianshi/src/acl2-sources/books/arithmetic-2/meta/cancel-terms-helper.lisp"

Summary
Form:  ( TABLE ACL2-DEFAULTS-TABLE ...)
Rules: NIL
Warnings:  None
Time:  0.00 seconds (prove: 0.00, print: 0.00, other: 0.00)
ACL2-DEFAULTS-TABLE

Summary
Form:  ( DEFTHM HIDE-REVEALED ...)
Rules: ((:DEFINITION HIDE)
        (:FAKE-RUNE-FOR-TYPE-SET NIL))
Warnings:  None
Time:  0.00 seconds (prove: 0.00, print: 0.00, other: 0.00)
HIDE-REVEALED

Summary
Form:  ( DEFUN INFO-LIST-ENTRY ...)
Rules: ((:FAKE-RUNE-FOR-TYPE-SET NIL))
Warnings:  None
Time:  0.00 seconds (prove: 0.00, print: 0.00, other: 0.00)
INFO-LIST-ENTRY

Summary
Form:  ( DEFMACRO PATTERN ...)
Rules: NIL
Warnings:  None
Time:  0.00 seconds (prove: 0.00, print: 0.00, other: 0.00)
PATTERN

Summary
Form:  ( DEFMACRO VAL ...)
Rules: NIL
Warnings:  None
Time:  0.00 seconds (prove: 0.00, print: 0.00, other: 0.00)
VAL

Summary
Form:  ( DEFMACRO PIECE ...)
Rules: NIL
Warnings:  None
Time:  0.00 seconds (prove: 0.00, print: 0.00, other: 0.00)
PIECE

Summary
Form:  ( DEFUN INFO-LIST-INTERSECT ...)
Rules: ((:FAKE-RUNE-FOR-TYPE-SET NIL))
Warnings:  None
Time:  0.01 seconds (prove: 0.00, print: 0.00, other: 0.01)
INFO-LIST-INTERSECT

Summary
Form:  ( DEFUN INFO-LIST1 ...)
Rules: ((:DEFINITION ACL2-COUNT)
        (:DEFINITION EQ)
        (:DEFINITION NOT)
        (:DEFINITION O-FINP)
        (:DEFINITION O<)
        (:DEFINITION SYNP)
        (:ELIM CAR-CDR-ELIM)
        (:EXECUTABLE-COUNTERPART ACL2-COUNT)
        (:EXECUTABLE-COUNTERPART BINARY-+)
        (:EXECUTABLE-COUNTERPART CAR)
        (:FAKE-RUNE-FOR-LINEAR NIL)
        (:FAKE-RUNE-FOR-TYPE-SET NIL)
        (:REWRITE CAR-CONS)
        (:REWRITE CDR-CONS)
        (:REWRITE COMMUTATIVITY-2-OF-+)
        (:REWRITE DEFAULT-CAR)
        (:REWRITE DEFAULT-CDR)
        (:REWRITE FOLD-CONSTS-IN-+)
        (:TYPE-PRESCRIPTION ACL2-COUNT))
Warnings:  None
Time:  0.02 seconds (prove: 0.01, print: 0.00, other: 0.01)
INFO-LIST1

Summary
Form:  ( DEFUN INFO-LIST ...)
Rules: ((:DEFINITION ACL2-COUNT)
        (:DEFINITION EQ)
        (:DEFINITION FIX)
        (:DEFINITION FN-SYMB)
        (:DEFINITION NOT)
        (:DEFINITION O-FINP)
        (:DEFINITION O<)
        (:DEFINITION SYNP)
        (:ELIM CAR-CDR-ELIM)
        (:EXECUTABLE-COUNTERPART ACL2-COUNT)
        (:EXECUTABLE-COUNTERPART BINARY-+)
        (:EXECUTABLE-COUNTERPART CAR)
        (:EXECUTABLE-COUNTERPART EQUAL)
        (:EXECUTABLE-COUNTERPART NOT)
        (:EXECUTABLE-COUNTERPART SYMBOLP)
        (:FAKE-RUNE-FOR-LINEAR NIL)
        (:FAKE-RUNE-FOR-TYPE-SET NIL)
        (:REWRITE CAR-CONS)
        (:REWRITE CDR-CONS)
        (:REWRITE COMMUTATIVITY-2-OF-+)
        (:REWRITE DEFAULT-CAR)
        (:REWRITE DEFAULT-CDR)
        (:REWRITE FOLD-CONSTS-IN-+)
        (:REWRITE UNICITY-OF-0)
        (:TYPE-PRESCRIPTION ACL2-COUNT)
        (:TYPE-PRESCRIPTION INFO-LIST-INTERSECT)
        (:TYPE-PRESCRIPTION INFO-LIST1))
Warnings:  None
Time:  0.02 seconds (prove: 0.01, print: 0.00, other: 0.01)
INFO-LIST

Summary
Form:  ( IN-THEORY (DISABLE ...))
Rules: NIL
Warnings:  None
Time:  0.00 seconds (prove: 0.00, print: 0.00, other: 0.00)
1987

Summary
Form:  ( DEFUN PROVEABLY-RATIONAL ...)
Rules: ((:FAKE-RUNE-FOR-TYPE-SET NIL))
Warnings:  None
Time:  0.00 seconds (prove: 0.00, print: 0.00, other: 0.00)
PROVEABLY-RATIONAL

Summary
Form:  ( DEFUN TRUE ...)
Rules: NIL
Warnings:  None
Time:  0.00 seconds (prove: 0.00, print: 0.00, other: 0.00)
TRUE

Summary
Form:  ( DEFUN MY-APPLY-2 ...)
Rules: ((:FAKE-RUNE-FOR-TYPE-SET NIL)
        (:TYPE-PRESCRIPTION PROVEABLY-RATIONAL)
        (:TYPE-PRESCRIPTION TRUE))
Warnings:  None
Time:  0.00 seconds (prove: 0.00, print: 0.00, other: 0.00)
MY-APPLY-2

Summary
Form:  ( IN-THEORY (DISABLE ...))
Rules: NIL
Warnings:  None
Time:  0.00 seconds (prove: 0.00, print: 0.00, other: 0.00)
1995

Summary
Form:  ( DEFUN CANCELLING-PIECE ...)
Rules: NIL
Warnings:  None
Time:  0.01 seconds (prove: 0.00, print: 0.00, other: 0.01)
CANCELLING-PIECE

Summary
Form:  ( IN-THEORY (DISABLE ...))
Rules: NIL
Warnings:  None
Time:  0.00 seconds (prove: 0.00, print: 0.00, other: 0.00)
1997

Summary
Form:  ( DEFUN STRIP-CANCELLING-PIECE ...)
Rules: ((:DEFINITION ACL2-COUNT)
        (:DEFINITION FIX)
        (:DEFINITION FN-SYMB)
        (:DEFINITION MEMBER-EQ)
        (:DEFINITION NOT)
        (:DEFINITION O-FINP)
        (:DEFINITION O<)
        (:DEFINITION SYNP)
        (:ELIM CAR-CDR-ELIM)
        (:EXECUTABLE-COUNTERPART ACL2-COUNT)
        (:EXECUTABLE-COUNTERPART BINARY-+)
        (:EXECUTABLE-COUNTERPART CAR)
        (:EXECUTABLE-COUNTERPART CDR)
        (:EXECUTABLE-COUNTERPART CONSP)
        (:EXECUTABLE-COUNTERPART EQUAL)
        (:EXECUTABLE-COUNTERPART NOT)
        (:EXECUTABLE-COUNTERPART SYMBOLP)
        (:FAKE-RUNE-FOR-LINEAR NIL)
        (:FAKE-RUNE-FOR-TYPE-SET NIL)
        (:REWRITE CAR-CONS)
        (:REWRITE CDR-CONS)
        (:REWRITE DEFAULT-CAR)
        (:REWRITE FOLD-CONSTS-IN-+)
        (:REWRITE UNICITY-OF-0)
        (:TYPE-PRESCRIPTION ACL2-COUNT))
Warnings:  None
Time:  0.03 seconds (prove: 0.02, print: 0.00, other: 0.00)
STRIP-CANCELLING-PIECE

Summary
Form:  ( DEFUN FIRST-MATCH ...)
Rules: ((:FAKE-RUNE-FOR-TYPE-SET NIL))
Warnings:  None
Time:  0.01 seconds (prove: 0.00, print: 0.00, other: 0.01)
FIRST-MATCH

Summary
Form:  ( IN-THEORY (DISABLE ...))
Rules: NIL
Warnings:  None
Time:  0.00 seconds (prove: 0.00, print: 0.00, other: 0.00)
2003

Summary
Form:  ( DEFUN FIRST-NEGATIVE2 ...)
Rules: ((:FAKE-RUNE-FOR-TYPE-SET NIL))
Warnings:  None
Time:  0.00 seconds (prove: 0.00, print: 0.00, other: 0.00)
FIRST-NEGATIVE2

Summary
Form:  ( DEFUN FIRST-NEGATIVE1 ...)
Rules: ((:DEFINITION ACL2-COUNT)
        (:DEFINITION EQ)
        (:DEFINITION FIX)
        (:DEFINITION FN-SYMB)
        (:DEFINITION MV-NTH)
        (:DEFINITION NOT)
        (:DEFINITION O-FINP)
        (:DEFINITION O<)
        (:DEFINITION SYNP)
        (:ELIM CAR-CDR-ELIM)
        (:EXECUTABLE-COUNTERPART ACL2-COUNT)
        (:EXECUTABLE-COUNTERPART BINARY-+)
        (:EXECUTABLE-COUNTERPART CAR)
        (:EXECUTABLE-COUNTERPART EQUAL)
        (:EXECUTABLE-COUNTERPART NOT)
        (:EXECUTABLE-COUNTERPART SYMBOLP)
        (:EXECUTABLE-COUNTERPART ZP)
        (:FAKE-RUNE-FOR-LINEAR NIL)
        (:FAKE-RUNE-FOR-TYPE-SET NIL)
        (:REWRITE CAR-CONS)
        (:REWRITE CDR-CONS)
        (:REWRITE COMMUTATIVITY-2-OF-+)
        (:REWRITE DEFAULT-CAR)
        (:REWRITE DEFAULT-CDR)
        (:REWRITE FOLD-CONSTS-IN-+)
        (:REWRITE UNICITY-OF-0)
        (:TYPE-PRESCRIPTION ACL2-COUNT)
        (:TYPE-PRESCRIPTION FIRST-NEGATIVE2))
Warnings:  None
Time:  0.04 seconds (prove: 0.03, print: 0.00, other: 0.01)
FIRST-NEGATIVE1

Summary
Form:  ( DEFUN FIRST-NEGATIVE ...)
Rules: ((:DEFINITION ACL2-COUNT)
        (:DEFINITION EQ)
        (:DEFINITION FIRST-NEGATIVE1)
        (:DEFINITION FIRST-NEGATIVE2)
        (:DEFINITION FIX)
        (:DEFINITION FN-SYMB)
        (:DEFINITION MV-NTH)
        (:DEFINITION NOT)
        (:DEFINITION O-FINP)
        (:DEFINITION O<)
        (:DEFINITION RFIX)
        (:DEFINITION SYNP)
        (:ELIM CAR-CDR-ELIM)
        (:EXECUTABLE-COUNTERPART ACL2-COUNT)
        (:EXECUTABLE-COUNTERPART BINARY-+)
        (:EXECUTABLE-COUNTERPART CANCELLING-PIECE)
        (:EXECUTABLE-COUNTERPART CAR)
        (:EXECUTABLE-COUNTERPART CONS)
        (:EXECUTABLE-COUNTERPART CONSP)
        (:EXECUTABLE-COUNTERPART EQUAL)
        (:EXECUTABLE-COUNTERPART NOT)
        (:EXECUTABLE-COUNTERPART SYMBOLP)
        (:EXECUTABLE-COUNTERPART ZP)
        (:FAKE-RUNE-FOR-LINEAR NIL)
        (:FAKE-RUNE-FOR-TYPE-SET NIL)
        (:REWRITE CAR-CONS)
        (:REWRITE CDR-CONS)
        (:REWRITE COMMUTATIVITY-2-OF-+)
        (:REWRITE DEFAULT-CAR)
        (:REWRITE DEFAULT-CDR)
        (:REWRITE FOLD-CONSTS-IN-+)
        (:REWRITE UNICITY-OF-0)
        (:TYPE-PRESCRIPTION ACL2-COUNT)
        (:TYPE-PRESCRIPTION FIRST-NEGATIVE1))
Warnings:  None
Time:  0.03 seconds (prove: 0.02, print: 0.00, other: 0.01)
FIRST-NEGATIVE

Summary
Form:  ( IN-THEORY (DISABLE ...))
Rules: NIL
Warnings:  None
Time:  0.00 seconds (prove: 0.00, print: 0.00, other: 0.00)
2012

Summary
Form:  ( DEFTHM HACK957 ...)
Rules: ((:DEFINITION EXPT)
        (:DEFINITION FIX)
        (:DEFINITION FN-SYMB)
        (:DEFINITION IFIX)
        (:DEFINITION MEMBER-EQ)
        (:DEFINITION NOT)
        (:DEFINITION STRIP-CANCELLING-PIECE)
        (:DEFINITION SYNP)
        (:EXECUTABLE-COUNTERPART ACL2-NUMBERP)
        (:EXECUTABLE-COUNTERPART CAR)
        (:EXECUTABLE-COUNTERPART CDR)
        (:EXECUTABLE-COUNTERPART CONSP)
        (:EXECUTABLE-COUNTERPART EQUAL)
        (:EXECUTABLE-COUNTERPART FIX)
        (:EXECUTABLE-COUNTERPART MEMBER-EQ)
        (:EXECUTABLE-COUNTERPART NOT)
        (:EXECUTABLE-COUNTERPART UNARY--)
        (:EXECUTABLE-COUNTERPART UNARY-/)
        (:FAKE-RUNE-FOR-TYPE-SET NIL)
        (:INDUCTION STRIP-CANCELLING-PIECE)
        (:REWRITE COMMUTATIVITY-OF-*)
        (:REWRITE DEFAULT-UNARY-/)
        (:REWRITE DEFAULT-UNARY-MINUS)
        (:REWRITE EQUAL-/)
        (:REWRITE EQUAL-EXPT-0)
        (:REWRITE EQUAL-MINUS-0)
        (:REWRITE EVA-CONSTRAINT-12)
        (:REWRITE EVA-CONSTRAINT-13)
        (:REWRITE EVA-CONSTRAINT-14)
        (:REWRITE EXPT-0)
        (:REWRITE TIMES-ZERO)
        (:REWRITE ZIP-OPEN)
        (:TYPE-PRESCRIPTION EXPT)
        (:TYPE-PRESCRIPTION EXPT-TYPE-PRESCRIPTION-NONZERO))
Warnings:  None
Time:  0.06 seconds (prove: 0.06, print: 0.00, other: 0.00)
HACK957

Summary
Form:  ( DEFUN INSERT-ZERO ...)
Rules: ((:DEFINITION ACL2-COUNT)
        (:DEFINITION ATOM)
        (:DEFINITION EQ)
        (:DEFINITION EQL)
        (:DEFINITION FIX)
        (:DEFINITION MEMBER)
        (:DEFINITION NOT)
        (:DEFINITION NULL)
        (:DEFINITION O-FINP)
        (:DEFINITION O<)
        (:DEFINITION SYNP)
        (:ELIM CAR-CDR-ELIM)
        (:EXECUTABLE-COUNTERPART ACL2-COUNT)
        (:EXECUTABLE-COUNTERPART BINARY-+)
        (:EXECUTABLE-COUNTERPART CAR)
        (:EXECUTABLE-COUNTERPART CDR)
        (:EXECUTABLE-COUNTERPART CONSP)
        (:EXECUTABLE-COUNTERPART EQUAL)
        (:EXECUTABLE-COUNTERPART MEMBER)
        (:EXECUTABLE-COUNTERPART NOT)
        (:EXECUTABLE-COUNTERPART SYMBOLP)
        (:FAKE-RUNE-FOR-LINEAR NIL)
        (:FAKE-RUNE-FOR-TYPE-SET NIL)
        (:REWRITE CAR-CONS)
        (:REWRITE CDR-CONS)
        (:REWRITE COMMUTATIVITY-2-OF-+)
        (:REWRITE DEFAULT-CAR)
        (:REWRITE DEFAULT-CDR)
        (:REWRITE FOLD-CONSTS-IN-+)
        (:REWRITE UNICITY-OF-0)
        (:TYPE-PRESCRIPTION ACL2-COUNT))
Warnings:  None
Time:  0.11 seconds (prove: 0.09, print: 0.00, other: 0.02)
INSERT-ZERO

Summary
Form:  ( DEFTHM INSERT-ZERO-CORRECT0 ...)
Rules: ((:DEFINITION ATOM)
        (:DEFINITION EQ)
        (:DEFINITION EQL)
        (:DEFINITION EXPT)
        (:DEFINITION FIX)
        (:DEFINITION INSERT-ZERO)
        (:DEFINITION MEMBER)
        (:DEFINITION NOT)
        (:DEFINITION NULL)
        (:DEFINITION SYNP)
        (:EXECUTABLE-COUNTERPART ACL2-NUMBERP)
        (:EXECUTABLE-COUNTERPART BINARY-*)
        (:EXECUTABLE-COUNTERPART BINARY-+)
        (:EXECUTABLE-COUNTERPART CAR)
        (:EXECUTABLE-COUNTERPART CDR)
        (:EXECUTABLE-COUNTERPART CONSP)
        (:EXECUTABLE-COUNTERPART EQUAL)
        (:EXECUTABLE-COUNTERPART FIX)
        (:EXECUTABLE-COUNTERPART INSERT-ZERO)
        (:EXECUTABLE-COUNTERPART MEMBER)
        (:EXECUTABLE-COUNTERPART NOT)
        (:EXECUTABLE-COUNTERPART UNARY--)
        (:EXECUTABLE-COUNTERPART UNARY-/)
        (:FAKE-RUNE-FOR-TYPE-SET NIL)
        (:INDUCTION INSERT-ZERO)
        (:REWRITE COMMUTATIVITY-OF-*)
        (:REWRITE COMMUTATIVITY-OF-+)
        (:REWRITE DEFAULT-*-1)
        (:REWRITE DEFAULT-*-2)
        (:REWRITE DEFAULT-+-1)
        (:REWRITE DEFAULT-+-2)
        (:REWRITE DEFAULT-UNARY-/)
        (:REWRITE DEFAULT-UNARY-MINUS)
        (:REWRITE EQUAL-*-X-Y-0)
        (:REWRITE EQUAL-+-X-Y-0)
        (:REWRITE EVA-CONSTRAINT-1)
        (:REWRITE EVA-CONSTRAINT-10)
        (:REWRITE EVA-CONSTRAINT-11)
        (:REWRITE EVA-CONSTRAINT-12)
        (:REWRITE EVA-CONSTRAINT-13)
        (:REWRITE EVA-CONSTRAINT-14)
        (:REWRITE EVA-CONSTRAINT-2)
        (:REWRITE EXPT-0)
        (:REWRITE TIMES-ZERO)
        (:REWRITE UNICITY-OF-0)
        (:REWRITE ZIP-OPEN)
        (:TYPE-PRESCRIPTION EXPT))
Warnings:  None
Time:  0.17 seconds (prove: 0.17, print: 0.00, other: 0.00)
INSERT-ZERO-CORRECT0

Summary
Form:  ( DEFTHM INSERT-ZERO-CORRECTA ...)
Rules: ((:COMPOUND-RECOGNIZER ZIP-COMPOUND-RECOGNIZER)
        (:DEFINITION ATOM)
        (:DEFINITION CASE-SPLIT)
        (:DEFINITION EQ)
        (:DEFINITION EQL)
        (:DEFINITION EXPT)
        (:DEFINITION FIX)
        (:DEFINITION INSERT-ZERO)
        (:DEFINITION MEMBER)
        (:DEFINITION NOT)
        (:DEFINITION NULL)
        (:DEFINITION SYNP)
        (:EXECUTABLE-COUNTERPART ACL2-NUMBERP)
        (:EXECUTABLE-COUNTERPART CAR)
        (:EXECUTABLE-COUNTERPART CDR)
        (:EXECUTABLE-COUNTERPART CONSP)
        (:EXECUTABLE-COUNTERPART EQUAL)
        (:EXECUTABLE-COUNTERPART FIX)
        (:EXECUTABLE-COUNTERPART INSERT-ZERO)
        (:EXECUTABLE-COUNTERPART MEMBER)
        (:EXECUTABLE-COUNTERPART NOT)
        (:FAKE-RUNE-FOR-LINEAR NIL)
        (:FAKE-RUNE-FOR-TYPE-SET NIL)
        (:INDUCTION INSERT-ZERO)
        (:REWRITE CAR-CONS)
        (:REWRITE CDR-CONS)
        (:REWRITE COMMUTATIVITY-OF-*)
        (:REWRITE COMMUTATIVITY-OF-+)
        (:REWRITE DEFAULT-*-1)
        (:REWRITE DEFAULT-*-2)
        (:REWRITE DEFAULT-+-1)
        (:REWRITE DEFAULT-+-2)
        (:REWRITE DEFAULT-UNARY-/)
        (:REWRITE DEFAULT-UNARY-MINUS)
        (:REWRITE EQUAL-*-X-Y-0)
        (:REWRITE EQUAL-+-X-Y-0)
        (:REWRITE EQUAL-+-X-Y-X)
        (:REWRITE EQUAL-/)
        (:REWRITE EQUAL-MINUS-0)
        (:REWRITE EQUAL-MINUS-MINUS)
        (:REWRITE EVA-CONSTRAINT-1)
        (:REWRITE EVA-CONSTRAINT-10)
        (:REWRITE EVA-CONSTRAINT-11)
        (:REWRITE EVA-CONSTRAINT-12)
        (:REWRITE EVA-CONSTRAINT-13)
        (:REWRITE EVA-CONSTRAINT-14)
        (:REWRITE EVA-CONSTRAINT-2)
        (:REWRITE EXPT-0)
        (:REWRITE INSERT-ZERO-CORRECT0)
        (:REWRITE INVERSE-OF-*)
        (:REWRITE TIMES-ZERO)
        (:REWRITE ZIP-OPEN)
        (:TYPE-PRESCRIPTION EXPT))
Warnings:  None
Time:  0.63 seconds (prove: 0.63, print: 0.00, other: 0.00)
INSERT-ZERO-CORRECTA

Summary
Form:  ( IN-THEORY (DISABLE ...))
Rules: NIL
Warnings:  None
Time:  0.00 seconds (prove: 0.00, print: 0.00, other: 0.00)
2015

Summary
Form:  ( DEFUN NEW-TERM-NF ...)
Rules: NIL
Warnings:  None
Time:  0.00 seconds (prove: 0.00, print: 0.00, other: 0.00)
NEW-TERM-NF

Summary
Form:  ( DEFUN GOOD-ARG ...)
Rules: ((:TYPE-PRESCRIPTION MEMBER-EQ))
Warnings:  None
Time:  0.00 seconds (prove: 0.00, print: 0.00, other: 0.00)
GOOD-ARG

Summary
Form:  ( DEFTHM TEST926 ...)
Rules: ((:DEFINITION FN-SYMB)
        (:DEFINITION GOOD-ARG)
        (:DEFINITION MEMBER-EQ)
        (:EXECUTABLE-COUNTERPART CAR)
        (:EXECUTABLE-COUNTERPART CDR)
        (:EXECUTABLE-COUNTERPART CONSP)
        (:EXECUTABLE-COUNTERPART EQUAL)
        (:FAKE-RUNE-FOR-TYPE-SET NIL)
        (:REWRITE EVA-CONSTRAINT-10)
        (:REWRITE EVA-CONSTRAINT-11)
        (:REWRITE EVA-CONSTRAINT-12)
        (:REWRITE EVA-CONSTRAINT-13)
        (:REWRITE EVA-CONSTRAINT-14)
        (:TYPE-PRESCRIPTION EXPT))
Warnings:  None
Time:  0.00 seconds (prove: 0.00, print: 0.00, other: 0.00)
TEST926

Summary
Form:  ( IN-THEORY (DISABLE ...))
Rules: NIL
Warnings:  None
Time:  0.00 seconds (prove: 0.00, print: 0.00, other: 0.00)
2021

Summary
Form:  ( DEFUN GOOD-ARGS-* ...)
Rules: NIL
Warnings:  None
Time:  0.00 seconds (prove: 0.00, print: 0.00, other: 0.00)
GOOD-ARGS-*

Summary
Form:  ( DEFTHM NIL-NOT-GOOD-ARGS-* ...)
Rules: ((:DEFINITION GOOD-ARGS-*)
        (:DEFINITION NOT)
        (:EXECUTABLE-COUNTERPART FN-SYMB)
        (:EXECUTABLE-COUNTERPART IF)
        (:EXECUTABLE-COUNTERPART MEMBER-EQ))
Warnings:  None
Time:  0.00 seconds (prove: 0.00, print: 0.00, other: 0.00)
NIL-NOT-GOOD-ARGS-*

Summary
Form:  ( DEFUN GOOD-ARGS-+ ...)
Rules: NIL
Warnings:  None
Time:  0.00 seconds (prove: 0.00, print: 0.00, other: 0.00)
GOOD-ARGS-+

Summary
Form:  ( IN-THEORY (DISABLE ...))
Rules: NIL
Warnings:  None
Time:  0.00 seconds (prove: 0.00, print: 0.00, other: 0.00)
2026

Summary
Form:  ( DEFUN GOOD-ARGS ...)
Rules: ((:TYPE-PRESCRIPTION GOOD-ARG)
        (:TYPE-PRESCRIPTION GOOD-ARGS-*)
        (:TYPE-PRESCRIPTION GOOD-ARGS-+))
Warnings:  None
Time:  0.00 seconds (prove: 0.00, print: 0.00, other: 0.00)
GOOD-ARGS

Summary
Form:  ( DEFMACRO MAKE-CANCELLING-META ...)
Rules: NIL
Warnings:  None
Time:  0.03 seconds (prove: 0.00, print: 0.00, other: 0.03)
MAKE-CANCELLING-META

Summary
Form:  ( DEFMACRO MAKE-PREFER-POSITIVES-META ...)
Rules: NIL
Warnings:  None
Time:  0.01 seconds (prove: 0.00, print: 0.00, other: 0.01)
MAKE-PREFER-POSITIVES-META

Summary
Form:  ( DEFMACRO ADDENDS-EQUAL-RESULT ...)
Rules: NIL
Warnings:  None
Time:  0.00 seconds (prove: 0.00, print: 0.00, other: 0.00)
ADDENDS-EQUAL-RESULT

Summary
Form:  ( DEFMACRO ADDENDS-<-RESULT ...)
Rules: NIL
Warnings:  None
Time:  0.00 seconds (prove: 0.00, print: 0.00, other: 0.00)
ADDENDS-<-RESULT

Summary
Form:  ( DEFMACRO FACTORS-EQUAL-RESULT ...)
Rules: NIL
Warnings:  None
Time:  0.00 seconds (prove: 0.00, print: 0.00, other: 0.00)
FACTORS-EQUAL-RESULT

Summary
Form:  ( DEFMACRO FACTORS-<-RESULT ...)
Rules: NIL
Warnings:  None
Time:  0.00 seconds (prove: 0.00, print: 0.00, other: 0.00)
FACTORS-<-RESULT

Summary
Form:  ( IN-THEORY (DISABLE ...))
Rules: NIL
Warnings:  None
Time:  0.00 seconds (prove: 0.00, print: 0.00, other: 0.00)
2028

Summary
Form:  ( IN-THEORY (ENABLE ...))
Rules: NIL
Warnings:  None
Time:  0.00 seconds (prove: 0.00, print: 0.00, other: 0.00)
2029

Summary
Form:  ( IN-THEORY (ENABLE ...))
Rules: NIL
Warnings:  None
Time:  0.00 seconds (prove: 0.00, print: 0.00, other: 0.00)
2030

Summary
Form:  ( IN-THEORY (DISABLE ...))
Rules: NIL
Warnings:  None
Time:  0.00 seconds (prove: 0.00, print: 0.00, other: 0.00)
2030

Summary
Form:  ( IN-THEORY (DISABLE ...))
Rules: NIL
Warnings:  None
Time:  0.00 seconds (prove: 0.00, print: 0.00, other: 0.00)
2030

Summary
Form:  ( DEFUN CANCEL-ADDENDS-EQUAL-FN ...)
Rules: NIL
Warnings:  None
Time:  0.01 seconds (prove: 0.00, print: 0.00, other: 0.01)

Summary
Form:  ( DEFTHM CANCEL-ADDENDS-EQUAL-THM ...)
Rules: ((:DEFINITION CANCEL-ADDENDS-EQUAL-FN)
        (:DEFINITION FIX)
        (:DEFINITION GOOD-ARGS)
        (:DEFINITION MV-NTH)
        (:DEFINITION NEW-TERM-NF)
        (:DEFINITION NOT)
        (:EXECUTABLE-COUNTERPART CAR)
        (:EXECUTABLE-COUNTERPART CDR)
        (:EXECUTABLE-COUNTERPART EQUAL)
        (:EXECUTABLE-COUNTERPART ZP)
        (:FAKE-RUNE-FOR-TYPE-SET NIL)
        (:REWRITE CAR-CONS)
        (:REWRITE CDR-CONS)
        (:REWRITE COMMUTATIVITY-OF-+)
        (:REWRITE EVA-CONSTRAINT-11)
        (:REWRITE EVA-CONSTRAINT-15)
        (:REWRITE EVA-CONSTRAINT-17)
        (:REWRITE EVA-CONSTRAINT-19)
        (:REWRITE EVA-CONSTRAINT-2)
        (:REWRITE NEW-TERM-CORRECT)
        (:REWRITE RIGHT-CANCELLATION-FOR-+)
        (:TYPE-PRESCRIPTION FIRST-MATCH)
        (:TYPE-PRESCRIPTION GOOD-ARG)
        (:TYPE-PRESCRIPTION TEST926))
Warnings:  None
Time:  0.14 seconds (prove: 0.14, print: 0.00, other: 0.00)

Summary
Form:  ( IN-THEORY (DISABLE ...))
Rules: NIL
Warnings:  None
Time:  0.00 seconds (prove: 0.00, print: 0.00, other: 0.00)

Summary
Form:  ( PROGN (DEFUN CANCEL-ADDENDS-EQUAL-FN ...) ...)
Rules: NIL
Warnings:  None
Time:  0.15 seconds (prove: 0.14, print: 0.00, other: 0.01)
2033

Summary
Form:  ( DEFUN CANCEL-ADDENDS-<-FN ...)
Rules: NIL
Warnings:  None
Time:  0.01 seconds (prove: 0.00, print: 0.00, other: 0.01)

Summary
Form:  ( DEFTHM CANCEL-ADDENDS-<-THM ...)
Rules: ((:DEFINITION CANCEL-ADDENDS-<-FN)
        (:DEFINITION GOOD-ARGS)
        (:DEFINITION IFF)
        (:DEFINITION MV-NTH)
        (:DEFINITION NEW-TERM-NF)
        (:DEFINITION NOT)
        (:EXECUTABLE-COUNTERPART EQUAL)
        (:EXECUTABLE-COUNTERPART ZP)
        (:FAKE-RUNE-FOR-LINEAR NIL)
        (:FAKE-RUNE-FOR-TYPE-SET NIL)
        (:REWRITE CAR-CONS)
        (:REWRITE CDR-CONS)
        (:REWRITE COMMUTATIVITY-OF-+)
        (:REWRITE EVA-CONSTRAINT-11)
        (:REWRITE EVA-CONSTRAINT-16)
        (:REWRITE NEW-TERM-CORRECT)
        (:REWRITE REWRITE-LINEAR-EQUALITIES-TO-IFF)
        (:TYPE-PRESCRIPTION FIRST-MATCH))
Warnings:  None
Time:  0.08 seconds (prove: 0.08, print: 0.00, other: 0.00)

Summary
Form:  ( IN-THEORY (DISABLE ...))
Rules: NIL
Warnings:  None
Time:  0.00 seconds (prove: 0.00, print: 0.00, other: 0.00)

Summary
Form:  ( PROGN (DEFUN CANCEL-ADDENDS-<-FN ...) ...)
Rules: NIL
Warnings:  None
Time:  0.09 seconds (prove: 0.08, print: 0.00, other: 0.01)
2036

Summary
Form:  ( DEFUN CANCEL-FACTORS-GATHER-EXPONENTS-EQUAL-FN ...)
Rules: NIL
Warnings:  None
Time:  0.01 seconds (prove: 0.00, print: 0.00, other: 0.01)

Summary
Form:  ( DEFTHM CANCEL-FACTORS-GATHER-EXPONENTS-EQUAL-THM ...)
Rules: ((:DEFINITION CANCEL-FACTORS-GATHER-EXPONENTS-EQUAL-FN)
        (:DEFINITION FIX)
        (:DEFINITION GOOD-ARGS)
        (:DEFINITION MV-NTH)
        (:DEFINITION NEW-TERM-NF)
        (:DEFINITION NOT)
        (:EXECUTABLE-COUNTERPART CAR)
        (:EXECUTABLE-COUNTERPART CDR)
        (:EXECUTABLE-COUNTERPART EQUAL)
        (:EXECUTABLE-COUNTERPART ZP)
        (:FAKE-RUNE-FOR-LINEAR NIL)
        (:FAKE-RUNE-FOR-TYPE-SET NIL)
        (:REWRITE CAR-CONS)
        (:REWRITE CDR-CONS)
        (:REWRITE COMMUTATIVITY-OF-*)
        (:REWRITE EVA-CONSTRAINT-10)
        (:REWRITE EVA-CONSTRAINT-15)
        (:REWRITE EVA-CONSTRAINT-17)
        (:REWRITE EVA-CONSTRAINT-19)
        (:REWRITE EVA-CONSTRAINT-2)
        (:REWRITE EVA-CONSTRAINT-20)
        (:REWRITE EVA-CONSTRAINT-22)
        (:REWRITE HACK957)
        (:REWRITE INSERT-ZERO-CORRECTA)
        (:REWRITE NEW-TERM-CORRECT)
        (:REWRITE RIGHT-CANCELLATION-FOR-*)
        (:TYPE-PRESCRIPTION FIRST-MATCH)
        (:TYPE-PRESCRIPTION GOOD-ARG)
        (:TYPE-PRESCRIPTION TEST926))
Warnings:  None
Time:  0.21 seconds (prove: 0.21, print: 0.00, other: 0.00)

Summary
Form:  ( IN-THEORY (DISABLE ...))
Rules: NIL
Warnings:  None
Time:  0.00 seconds (prove: 0.00, print: 0.00, other: 0.00)

Summary
Form:  ( PROGN (DEFUN CANCEL-FACTORS-GATHER-EXPONENTS-EQUAL-FN ...)
...)
Rules: NIL
Warnings:  None
Time:  0.22 seconds (prove: 0.21, print: 0.00, other: 0.01)
2039

Summary
Form:  ( DEFUN CANCEL-FACTORS-SCATTER-EXPONENTS-EQUAL-FN ...)
Rules: NIL
Warnings:  None
Time:  0.01 seconds (prove: 0.00, print: 0.00, other: 0.01)

Summary
Form:  ( DEFTHM CANCEL-FACTORS-SCATTER-EXPONENTS-EQUAL-THM ...)
Rules: ((:DEFINITION CANCEL-FACTORS-SCATTER-EXPONENTS-EQUAL-FN)
        (:DEFINITION FIX)
        (:DEFINITION GOOD-ARGS)
        (:DEFINITION MV-NTH)
        (:DEFINITION NEW-TERM-NF)
        (:DEFINITION NOT)
        (:EXECUTABLE-COUNTERPART CAR)
        (:EXECUTABLE-COUNTERPART CDR)
        (:EXECUTABLE-COUNTERPART EQUAL)
        (:EXECUTABLE-COUNTERPART ZP)
        (:FAKE-RUNE-FOR-LINEAR NIL)
        (:FAKE-RUNE-FOR-TYPE-SET NIL)
        (:REWRITE CAR-CONS)
        (:REWRITE CDR-CONS)
        (:REWRITE COMMUTATIVITY-OF-*)
        (:REWRITE EVA-CONSTRAINT-10)
        (:REWRITE EVA-CONSTRAINT-15)
        (:REWRITE EVA-CONSTRAINT-17)
        (:REWRITE EVA-CONSTRAINT-19)
        (:REWRITE EVA-CONSTRAINT-2)
        (:REWRITE EVA-CONSTRAINT-20)
        (:REWRITE EVA-CONSTRAINT-22)
        (:REWRITE HACK957)
        (:REWRITE INSERT-ZERO-CORRECTA)
        (:REWRITE NEW-TERM-CORRECT)
        (:REWRITE RIGHT-CANCELLATION-FOR-*)
        (:TYPE-PRESCRIPTION FIRST-MATCH)
        (:TYPE-PRESCRIPTION GOOD-ARG)
        (:TYPE-PRESCRIPTION TEST926))
Warnings:  None
Time:  0.22 seconds (prove: 0.22, print: 0.00, other: 0.00)

Summary
Form:  ( IN-THEORY (DISABLE ...))
Rules: NIL
Warnings:  None
Time:  0.00 seconds (prove: 0.00, print: 0.00, other: 0.00)

Summary
Form:  ( PROGN (DEFUN CANCEL-FACTORS-SCATTER-EXPONENTS-EQUAL-FN ...)
...)
Rules: NIL
Warnings:  None
Time:  0.23 seconds (prove: 0.22, print: 0.00, other: 0.02)
2042

Summary
Form:  ( DEFUN CANCEL-FACTORS-GATHER-EXPONENTS-<-FN ...)
Rules: NIL
Warnings:  None
Time:  0.02 seconds (prove: 0.00, print: 0.00, other: 0.02)

Summary
Form:  ( DEFTHM CANCEL-FACTORS-GATHER-EXPONENTS-<-THM ...)
Rules: ((:DEFINITION CANCEL-FACTORS-GATHER-EXPONENTS-<-FN)
        (:DEFINITION GOOD-ARGS)
        (:DEFINITION IFF)
        (:DEFINITION MV-NTH)
        (:DEFINITION NEW-TERM-NF)
        (:DEFINITION NOT)
        (:EXECUTABLE-COUNTERPART CAR)
        (:EXECUTABLE-COUNTERPART CDR)
        (:EXECUTABLE-COUNTERPART EQUAL)
        (:EXECUTABLE-COUNTERPART FIX)
        (:EXECUTABLE-COUNTERPART NOT)
        (:EXECUTABLE-COUNTERPART RATIONALP)
        (:EXECUTABLE-COUNTERPART ZP)
        (:FAKE-RUNE-FOR-TYPE-SET NIL)
        (:REWRITE CAR-CONS)
        (:REWRITE CDR-CONS)
        (:REWRITE COMMUTATIVITY-OF-*)
        (:REWRITE DEFAULT-*-2)
        (:REWRITE DEFAULT-<-1)
        (:REWRITE DEFAULT-<-2)
        (:REWRITE EVA-CONSTRAINT-10)
        (:REWRITE EVA-CONSTRAINT-15)
        (:REWRITE EVA-CONSTRAINT-16)
        (:REWRITE EVA-CONSTRAINT-17)
        (:REWRITE EVA-CONSTRAINT-18)
        (:REWRITE EVA-CONSTRAINT-2)
        (:REWRITE EVA-CONSTRAINT-22)
        (:REWRITE HACK957)
        (:REWRITE HELPER-12)
        (:REWRITE HELPER-14)
        (:REWRITE HELPER-6)
        (:REWRITE INSERT-ZERO-CORRECT0)
        (:REWRITE INSERT-ZERO-CORRECTA)
        (:REWRITE NEW-TERM-CORRECT)
        (:REWRITE REWRITE-LINEAR-EQUALITIES-TO-IFF)
        (:TYPE-PRESCRIPTION FIRST-MATCH)
        (:TYPE-PRESCRIPTION GOOD-ARG)
        (:TYPE-PRESCRIPTION TEST926))
Warnings:  None
Time:  0.31 seconds (prove: 0.31, print: 0.00, other: 0.00)

Summary
Form:  ( IN-THEORY (DISABLE ...))
Rules: NIL
Warnings:  None
Time:  0.00 seconds (prove: 0.00, print: 0.00, other: 0.00)

Summary
Form:  ( PROGN (DEFUN CANCEL-FACTORS-GATHER-EXPONENTS-<-FN ...) ...)
Rules: NIL
Warnings:  None
Time:  0.33 seconds (prove: 0.31, print: 0.00, other: 0.02)
2045

Summary
Form:  ( DEFUN CANCEL-FACTORS-SCATTER-EXPONENTS-<-FN ...)
Rules: NIL
Warnings:  None
Time:  0.01 seconds (prove: 0.00, print: 0.00, other: 0.01)

Summary
Form:  ( DEFTHM CANCEL-FACTORS-SCATTER-EXPONENTS-<-THM ...)
Rules: ((:DEFINITION CANCEL-FACTORS-SCATTER-EXPONENTS-<-FN)
        (:DEFINITION GOOD-ARGS)
        (:DEFINITION IFF)
        (:DEFINITION MV-NTH)
        (:DEFINITION NEW-TERM-NF)
        (:DEFINITION NOT)
        (:EXECUTABLE-COUNTERPART CAR)
        (:EXECUTABLE-COUNTERPART CDR)
        (:EXECUTABLE-COUNTERPART EQUAL)
        (:EXECUTABLE-COUNTERPART FIX)
        (:EXECUTABLE-COUNTERPART NOT)
        (:EXECUTABLE-COUNTERPART RATIONALP)
        (:EXECUTABLE-COUNTERPART ZP)
        (:FAKE-RUNE-FOR-TYPE-SET NIL)
        (:REWRITE CAR-CONS)
        (:REWRITE CDR-CONS)
        (:REWRITE COMMUTATIVITY-OF-*)
        (:REWRITE DEFAULT-*-2)
        (:REWRITE DEFAULT-<-1)
        (:REWRITE DEFAULT-<-2)
        (:REWRITE EVA-CONSTRAINT-10)
        (:REWRITE EVA-CONSTRAINT-15)
        (:REWRITE EVA-CONSTRAINT-16)
        (:REWRITE EVA-CONSTRAINT-17)
        (:REWRITE EVA-CONSTRAINT-18)
        (:REWRITE EVA-CONSTRAINT-2)
        (:REWRITE EVA-CONSTRAINT-22)
        (:REWRITE HACK957)
        (:REWRITE HELPER-12)
        (:REWRITE HELPER-14)
        (:REWRITE HELPER-6)
        (:REWRITE INSERT-ZERO-CORRECT0)
        (:REWRITE INSERT-ZERO-CORRECTA)
        (:REWRITE NEW-TERM-CORRECT)
        (:REWRITE REWRITE-LINEAR-EQUALITIES-TO-IFF)
        (:TYPE-PRESCRIPTION FIRST-MATCH)
        (:TYPE-PRESCRIPTION GOOD-ARG)
        (:TYPE-PRESCRIPTION TEST926))
Warnings:  None
Time:  0.32 seconds (prove: 0.31, print: 0.00, other: 0.00)

Summary
Form:  ( IN-THEORY (DISABLE ...))
Rules: NIL
Warnings:  None
Time:  0.00 seconds (prove: 0.00, print: 0.00, other: 0.00)

Summary
Form:  ( PROGN (DEFUN CANCEL-FACTORS-SCATTER-EXPONENTS-<-FN ...) ...)
Rules: NIL
Warnings:  None
Time:  0.33 seconds (prove: 0.31, print: 0.00, other: 0.02)
2048

Summary
Form:  ( DEFUN PREFER-POSITIVE-ADDENDS-EQUAL-FN ...)
Rules: ((:TYPE-PRESCRIPTION GOOD-ARG))
Warnings:  None
Time:  0.01 seconds (prove: 0.00, print: 0.00, other: 0.01)

Summary
Form:  ( DEFTHM PREFER-POSITIVE-ADDENDS-EQUAL-THM ...)
Rules: ((:DEFINITION FIX)
        (:DEFINITION MV-NTH)
        (:DEFINITION NEW-TERM-NF)
        (:DEFINITION NOT)
        (:DEFINITION PREFER-POSITIVE-ADDENDS-EQUAL-FN)
        (:EXECUTABLE-COUNTERPART CAR)
        (:EXECUTABLE-COUNTERPART CDR)
        (:EXECUTABLE-COUNTERPART EQUAL)
        (:EXECUTABLE-COUNTERPART ZP)
        (:FAKE-RUNE-FOR-TYPE-SET NIL)
        (:REWRITE CAR-CONS)
        (:REWRITE CDR-CONS)
        (:REWRITE COMMUTATIVITY-OF-+)
        (:REWRITE EVA-CONSTRAINT-11)
        (:REWRITE EVA-CONSTRAINT-15)
        (:REWRITE EVA-CONSTRAINT-17)
        (:REWRITE EVA-CONSTRAINT-19)
        (:REWRITE EVA-CONSTRAINT-2)
        (:REWRITE NEW-TERM-CORRECT)
        (:REWRITE RIGHT-CANCELLATION-FOR-+)
        (:TYPE-PRESCRIPTION FIRST-NEGATIVE)
        (:TYPE-PRESCRIPTION GOOD-ARG)
        (:TYPE-PRESCRIPTION TEST926))
Warnings:  None
Time:  0.09 seconds (prove: 0.09, print: 0.00, other: 0.00)

Summary
Form:  ( IN-THEORY (DISABLE ...))
Rules: NIL
Warnings:  None
Time:  0.00 seconds (prove: 0.00, print: 0.00, other: 0.00)

Summary
Form:  ( PROGN (DEFUN PREFER-POSITIVE-ADDENDS-EQUAL-FN ...) ...)
Rules: NIL
Warnings:  None
Time:  0.10 seconds (prove: 0.09, print: 0.00, other: 0.01)
2051

Summary
Form:  ( DEFUN PREFER-POSITIVE-ADDENDS-<-FN ...)
Rules: ((:TYPE-PRESCRIPTION GOOD-ARG))
Warnings:  None
Time:  0.01 seconds (prove: 0.00, print: 0.00, other: 0.01)

Summary
Form:  ( DEFTHM PREFER-POSITIVE-ADDENDS-<-THM ...)
Rules: ((:DEFINITION IFF)
        (:DEFINITION MV-NTH)
        (:DEFINITION NEW-TERM-NF)
        (:DEFINITION NOT)
        (:DEFINITION PREFER-POSITIVE-ADDENDS-<-FN)
        (:EXECUTABLE-COUNTERPART EQUAL)
        (:EXECUTABLE-COUNTERPART ZP)
        (:FAKE-RUNE-FOR-LINEAR NIL)
        (:FAKE-RUNE-FOR-TYPE-SET NIL)
        (:REWRITE CAR-CONS)
        (:REWRITE CDR-CONS)
        (:REWRITE COMMUTATIVITY-OF-+)
        (:REWRITE EVA-CONSTRAINT-11)
        (:REWRITE EVA-CONSTRAINT-16)
        (:REWRITE NEW-TERM-CORRECT)
        (:REWRITE REWRITE-LINEAR-EQUALITIES-TO-IFF)
        (:TYPE-PRESCRIPTION FIRST-NEGATIVE))
Warnings:  None
Time:  0.09 seconds (prove: 0.09, print: 0.00, other: 0.00)

Summary
Form:  ( IN-THEORY (DISABLE ...))
Rules: NIL
Warnings:  None
Time:  0.00 seconds (prove: 0.00, print: 0.00, other: 0.00)

Summary
Form:  ( PROGN (DEFUN PREFER-POSITIVE-ADDENDS-<-FN ...) ...)
Rules: NIL
Warnings:  None
Time:  0.10 seconds (prove: 0.09, print: 0.00, other: 0.01)
2054

Summary
Form:  ( DEFUN PREFER-POSITIVE-FACTORS-GATHER-EXPONENTS-EQUAL-FN ...)
Rules: ((:TYPE-PRESCRIPTION GOOD-ARG))
Warnings:  None
Time:  0.02 seconds (prove: 0.00, print: 0.00, other: 0.02)

Summary
Form:  ( DEFTHM PREFER-POSITIVE-FACTORS-GATHER-EXPONENTS-EQUAL-THM
...)
Rules: ((:DEFINITION FIX)
        (:DEFINITION MV-NTH)
        (:DEFINITION NEW-TERM-NF)
        (:DEFINITION NOT)
        (:DEFINITION PREFER-POSITIVE-FACTORS-GATHER-EXPONENTS-EQUAL-FN)
        (:EXECUTABLE-COUNTERPART CAR)
        (:EXECUTABLE-COUNTERPART CDR)
        (:EXECUTABLE-COUNTERPART EQUAL)
        (:EXECUTABLE-COUNTERPART ZP)
        (:FAKE-RUNE-FOR-LINEAR NIL)
        (:FAKE-RUNE-FOR-TYPE-SET NIL)
        (:REWRITE CAR-CONS)
        (:REWRITE CDR-CONS)
        (:REWRITE COMMUTATIVITY-OF-*)
        (:REWRITE EVA-CONSTRAINT-10)
        (:REWRITE EVA-CONSTRAINT-15)
        (:REWRITE EVA-CONSTRAINT-17)
        (:REWRITE EVA-CONSTRAINT-19)
        (:REWRITE EVA-CONSTRAINT-2)
        (:REWRITE EVA-CONSTRAINT-20)
        (:REWRITE EVA-CONSTRAINT-22)
        (:REWRITE HACK957)
        (:REWRITE INSERT-ZERO-CORRECTA)
        (:REWRITE NEW-TERM-CORRECT)
        (:REWRITE RIGHT-CANCELLATION-FOR-*)
        (:TYPE-PRESCRIPTION FIRST-NEGATIVE)
        (:TYPE-PRESCRIPTION GOOD-ARG)
        (:TYPE-PRESCRIPTION TEST926))
Warnings:  None
Time:  0.14 seconds (prove: 0.14, print: 0.00, other: 0.00)

Summary
Form:  ( IN-THEORY (DISABLE ...))
Rules: NIL
Warnings:  None
Time:  0.00 seconds (prove: 0.00, print: 0.00, other: 0.00)

Summary
Form:  ( PROGN (DEFUN PREFER-POSITIVE-FACTORS-GATHER-EXPONENTS-EQUAL-
FN ...) ...)
Rules: NIL
Warnings:  None
Time:  0.16 seconds (prove: 0.14, print: 0.00, other: 0.02)
2057

Summary
Form:  ( DEFUN PREFER-POSITIVE-FACTORS-SCATTER-EXPONENTS-EQUAL-FN ...)
Rules: ((:TYPE-PRESCRIPTION GOOD-ARG))
Warnings:  None
Time:  0.02 seconds (prove: 0.00, print: 0.00, other: 0.02)

Summary
Form:  ( DEFTHM PREFER-POSITIVE-FACTORS-SCATTER-EXPONENTS-EQUAL-THM
...)
Rules: ((:DEFINITION FIX)
        (:DEFINITION MV-NTH)
        (:DEFINITION NEW-TERM-NF)
        (:DEFINITION NOT)
        (:DEFINITION PREFER-POSITIVE-FACTORS-SCATTER-EXPONENTS-EQUAL-FN)
        (:EXECUTABLE-COUNTERPART CAR)
        (:EXECUTABLE-COUNTERPART CDR)
        (:EXECUTABLE-COUNTERPART EQUAL)
        (:EXECUTABLE-COUNTERPART ZP)
        (:FAKE-RUNE-FOR-LINEAR NIL)
        (:FAKE-RUNE-FOR-TYPE-SET NIL)
        (:REWRITE CAR-CONS)
        (:REWRITE CDR-CONS)
        (:REWRITE COMMUTATIVITY-OF-*)
        (:REWRITE EVA-CONSTRAINT-10)
        (:REWRITE EVA-CONSTRAINT-15)
        (:REWRITE EVA-CONSTRAINT-17)
        (:REWRITE EVA-CONSTRAINT-19)
        (:REWRITE EVA-CONSTRAINT-2)
        (:REWRITE EVA-CONSTRAINT-20)
        (:REWRITE EVA-CONSTRAINT-22)
        (:REWRITE HACK957)
        (:REWRITE INSERT-ZERO-CORRECTA)
        (:REWRITE NEW-TERM-CORRECT)
        (:REWRITE RIGHT-CANCELLATION-FOR-*)
        (:TYPE-PRESCRIPTION FIRST-NEGATIVE)
        (:TYPE-PRESCRIPTION GOOD-ARG)
        (:TYPE-PRESCRIPTION TEST926))
Warnings:  None
Time:  0.14 seconds (prove: 0.14, print: 0.00, other: 0.00)

Summary
Form:  ( IN-THEORY (DISABLE ...))
Rules: NIL
Warnings:  None
Time:  0.00 seconds (prove: 0.00, print: 0.00, other: 0.00)

Summary
Form:  ( PROGN (DEFUN PREFER-POSITIVE-FACTORS-SCATTER-EXPONENTS-EQUAL-
FN ...) ...)
Rules: NIL
Warnings:  None
Time:  0.16 seconds (prove: 0.14, print: 0.00, other: 0.02)
2060

Summary
Form:  ( DEFUN PREFER-POSITIVE-FACTORS-GATHER-EXPONENTS-<-FN ...)
Rules: ((:TYPE-PRESCRIPTION GOOD-ARG))
Warnings:  None
Time:  0.02 seconds (prove: 0.00, print: 0.00, other: 0.02)

Summary
Form:  ( DEFTHM PREFER-POSITIVE-FACTORS-GATHER-EXPONENTS-<-THM ...)
Rules: ((:DEFINITION IFF)
        (:DEFINITION MV-NTH)
        (:DEFINITION NEW-TERM-NF)
        (:DEFINITION NOT)
        (:DEFINITION PREFER-POSITIVE-FACTORS-GATHER-EXPONENTS-<-FN)
        (:EXECUTABLE-COUNTERPART CAR)
        (:EXECUTABLE-COUNTERPART CDR)
        (:EXECUTABLE-COUNTERPART EQUAL)
        (:EXECUTABLE-COUNTERPART FIX)
        (:EXECUTABLE-COUNTERPART NOT)
        (:EXECUTABLE-COUNTERPART RATIONALP)
        (:EXECUTABLE-COUNTERPART ZP)
        (:FAKE-RUNE-FOR-TYPE-SET NIL)
        (:REWRITE CAR-CONS)
        (:REWRITE CDR-CONS)
        (:REWRITE COMMUTATIVITY-OF-*)
        (:REWRITE DEFAULT-*-2)
        (:REWRITE DEFAULT-<-1)
        (:REWRITE DEFAULT-<-2)
        (:REWRITE EVA-CONSTRAINT-10)
        (:REWRITE EVA-CONSTRAINT-15)
        (:REWRITE EVA-CONSTRAINT-16)
        (:REWRITE EVA-CONSTRAINT-17)
        (:REWRITE EVA-CONSTRAINT-18)
        (:REWRITE EVA-CONSTRAINT-2)
        (:REWRITE EVA-CONSTRAINT-22)
        (:REWRITE HACK957)
        (:REWRITE HELPER-12)
        (:REWRITE HELPER-14)
        (:REWRITE HELPER-6)
        (:REWRITE INSERT-ZERO-CORRECT0)
        (:REWRITE INSERT-ZERO-CORRECTA)
        (:REWRITE NEW-TERM-CORRECT)
        (:REWRITE REWRITE-LINEAR-EQUALITIES-TO-IFF)
        (:TYPE-PRESCRIPTION FIRST-NEGATIVE)
        (:TYPE-PRESCRIPTION GOOD-ARG)
        (:TYPE-PRESCRIPTION TEST926))
Warnings:  None
Time:  0.30 seconds (prove: 0.30, print: 0.00, other: 0.00)

Summary
Form:  ( IN-THEORY (DISABLE ...))
Rules: NIL
Warnings:  None
Time:  0.00 seconds (prove: 0.00, print: 0.00, other: 0.00)

Summary
Form:  ( PROGN (DEFUN PREFER-POSITIVE-FACTORS-GATHER-EXPONENTS-<-FN
...) ...)
Rules: NIL
Warnings:  None
Time:  0.32 seconds (prove: 0.30, print: 0.00, other: 0.02)
2063

Summary
Form:  ( DEFUN PREFER-POSITIVE-FACTORS-SCATTER-EXPONENTS-<-FN ...)
Rules: ((:TYPE-PRESCRIPTION GOOD-ARG))
Warnings:  None
Time:  0.02 seconds (prove: 0.00, print: 0.00, other: 0.02)

Summary
Form:  ( DEFTHM PREFER-POSITIVE-FACTORS-SCATTER-EXPONENTS-<-THM ...)
Rules: ((:DEFINITION IFF)
        (:DEFINITION MV-NTH)
        (:DEFINITION NEW-TERM-NF)
        (:DEFINITION NOT)
        (:DEFINITION PREFER-POSITIVE-FACTORS-SCATTER-EXPONENTS-<-FN)
        (:EXECUTABLE-COUNTERPART CAR)
        (:EXECUTABLE-COUNTERPART CDR)
        (:EXECUTABLE-COUNTERPART EQUAL)
        (:EXECUTABLE-COUNTERPART FIX)
        (:EXECUTABLE-COUNTERPART NOT)
        (:EXECUTABLE-COUNTERPART RATIONALP)
        (:EXECUTABLE-COUNTERPART ZP)
        (:FAKE-RUNE-FOR-TYPE-SET NIL)
        (:REWRITE CAR-CONS)
        (:REWRITE CDR-CONS)
        (:REWRITE COMMUTATIVITY-OF-*)
        (:REWRITE DEFAULT-*-2)
        (:REWRITE DEFAULT-<-1)
        (:REWRITE DEFAULT-<-2)
        (:REWRITE EVA-CONSTRAINT-10)
        (:REWRITE EVA-CONSTRAINT-15)
        (:REWRITE EVA-CONSTRAINT-16)
        (:REWRITE EVA-CONSTRAINT-17)
        (:REWRITE EVA-CONSTRAINT-18)
        (:REWRITE EVA-CONSTRAINT-2)
        (:REWRITE EVA-CONSTRAINT-22)
        (:REWRITE HACK957)
        (:REWRITE HELPER-12)
        (:REWRITE HELPER-14)
        (:REWRITE HELPER-6)
        (:REWRITE INSERT-ZERO-CORRECT0)
        (:REWRITE INSERT-ZERO-CORRECTA)
        (:REWRITE NEW-TERM-CORRECT)
        (:REWRITE REWRITE-LINEAR-EQUALITIES-TO-IFF)
        (:TYPE-PRESCRIPTION FIRST-NEGATIVE)
        (:TYPE-PRESCRIPTION GOOD-ARG)
        (:TYPE-PRESCRIPTION TEST926))
Warnings:  None
Time:  0.31 seconds (prove: 0.31, print: 0.00, other: 0.00)

Summary
Form:  ( IN-THEORY (DISABLE ...))
Rules: NIL
Warnings:  None
Time:  0.00 seconds (prove: 0.00, print: 0.00, other: 0.00)

Summary
Form:  ( PROGN (DEFUN PREFER-POSITIVE-FACTORS-SCATTER-EXPONENTS-<-FN
...) ...)
Rules: NIL
Warnings:  None
Time:  0.32 seconds (prove: 0.31, print: 0.00, other: 0.02)
2066

Summary
Form:  ( TABLE ACL2-DEFAULTS-TABLE ...)
Rules: NIL
Warnings:  None
Time:  0.00 seconds (prove: 0.00, print: 0.00, other: 0.00)
ACL2-DEFAULTS-TABLE

Summary
Form:  ( TABLE ACL2-DEFAULTS-TABLE ...)
Rules: NIL
Warnings:  None
Time:  0.00 seconds (prove: 0.00, print: 0.00, other: 0.00)
ACL2-DEFAULTS-TABLE

Summary
Form:  ( INCLUDE-BOOK "cancel-terms-meta" ...)
Rules: NIL
Warnings:  None
Time:  0.61 seconds (prove: 0.00, print: 0.00, other: 0.60)

"/Users/huangjianshi/src/acl2-sources/books/arithmetic-2/meta/cancel-terms-meta.fasl"


Summary
Form:  (CERTIFY-BOOK "cancel-terms-meta" ...)
Rules: NIL
Warnings:  None
Time:  4.96 seconds (prove: 3.38, print: 0.00, other: 1.58)
 "/Users/huangjianshi/src/acl2-sources/books/arithmetic-2/meta/cancel-terms-meta.lisp"
ACL2 !>
Exiting the ACL2 read-eval-print loop.  To re-enter, execute (LP).
* 