This is SBCL 1.0.1.34, an implementation of ANSI Common Lisp.
More information about SBCL is available at <http://www.sbcl.org/>.

SBCL is free software, provided as is, with absolutely no warranty.
It is mostly in the public domain; some portions are provided under
BSD-style licenses.  See the CREDITS and COPYING files in the
distribution for more information.

 ACL2 Version 3.1 built January 26, 2007  15:12:42.
 Copyright (C) 2006  University of Texas at Austin
 ACL2 comes with ABSOLUTELY NO WARRANTY.  This is free software and you
 are welcome to redistribute it under certain conditions.  For details,
 see the GNU General Public License.

 Initialized with (INITIALIZE-ACL2 'INCLUDE-BOOK *ACL2-PASS-2-FILES*).
 See the documentation topic note-3-1 for recent changes.
 Note: We have modified the prompt in some underlying Lisps to further
 distinguish it from the ACL2 prompt.

 NOTE!!  Proof trees are disabled in ACL2.  To enable them in emacs,
 look under the ACL2 source directory in interface/emacs/README.doc; 
 and, to turn on proof trees, execute :START-PROOF-TREE in the ACL2 
 command loop.   Look in the ACL2 documentation under PROOF-TREE.

ACL2 Version 3.1.  Level 1.  Cbd 
"/Users/huangjianshi/src/acl2-sources/books/arithmetic-2/meta/".
Type :help for help.
Type (good-bye) to quit completely out of ACL2.

ACL2 !>
Exiting the ACL2 read-eval-print loop.  To re-enter, execute (LP).
* 
#<PACKAGE "ACL2">
* 
ACL2 Version 3.1.  Level 1.  Cbd 
"/Users/huangjianshi/src/acl2-sources/books/arithmetic-2/meta/".
Type :help for help.
Type (good-bye) to quit completely out of ACL2.

ACL2 !> (PROVE PROOF-TREE
        WARNING OBSERVATION EVENT EXPANSION)
ACL2 !>
Summary
Form:  ( INCLUDE-BOOK "../pass1/top" ...)
Rules: NIL
Warnings:  None
Time:  0.04 seconds (prove: 0.00, print: 0.00, other: 0.04)
"/Users/huangjianshi/src/acl2-sources/books/arithmetic-2/pass1/top.lisp"

Summary
Form:  ( DEFTHM HACK0 ...)
Rules: ((:DEFINITION HIDE)
        (:DEFINITION NOT)
        (:FAKE-RUNE-FOR-TYPE-SET NIL)
        (:REWRITE COMMUTATIVITY-2-OF-*)
        (:REWRITE COMMUTATIVITY-OF-*)
        (:REWRITE DISTRIBUTIVITY))
Warnings:  None
Time:  0.01 seconds (prove: 0.01, print: 0.00, other: 0.00)
HACK0

Summary
Form:  ( DEFTHM HACK1 ...)
Rules: ((:DEFINITION NOT)
        (:EXECUTABLE-COUNTERPART NOT)
        (:EXECUTABLE-COUNTERPART RATIONALP)
        (:FAKE-RUNE-FOR-TYPE-SET NIL)
        (:REWRITE COMPLEX-0)
        (:TYPE-PRESCRIPTION RFIX))
Warnings:  None
Time:  0.00 seconds (prove: 0.00, print: 0.00, other: 0.00)
HACK1

Summary
Form:  ( IN-THEORY (ENABLE ...))
Rules: NIL
Warnings:  None
Time:  0.00 seconds (prove: 0.00, print: 0.00, other: 0.00)
1881

Summary
Form:  ( DEFTHM STEP-ONE ...)
Rules: ((:DEFINITION FIX)
        (:DEFINITION IFF)
        (:DEFINITION NOT)
        (:DEFINITION RFIX)
        (:ELIM REALPART-IMAGPART-ELIM)
        (:EXECUTABLE-COUNTERPART <)
        (:EXECUTABLE-COUNTERPART COMPLEX)
        (:EXECUTABLE-COUNTERPART EQUAL)
        (:EXECUTABLE-COUNTERPART IFF)
        (:EXECUTABLE-COUNTERPART IMAGPART)
        (:EXECUTABLE-COUNTERPART NOT)
        (:EXECUTABLE-COUNTERPART RATIONALP)
        (:EXECUTABLE-COUNTERPART REALPART)
        (:FAKE-RUNE-FOR-TYPE-SET NIL)
        (:REWRITE |0-<-*|)
        (:REWRITE <-*-0)
        (:REWRITE <-*-LEFT-CANCEL)
        (:REWRITE COMMUTATIVITY-OF-*)
        (:REWRITE COMPLEX-0)
        (:REWRITE DEFAULT-*-2)
        (:REWRITE DEFAULT-<-1)
        (:REWRITE DEFAULT-<-2)
        (:REWRITE EQUAL-*-X-Y-0)
        (:REWRITE HACK0)
        (:REWRITE HACK1)
        (:REWRITE IMAGPART-COMPLEX)
        (:REWRITE LEFT-CANCELLATION-FOR-*)
        (:REWRITE REALPART-COMPLEX)
        (:REWRITE REWRITE-LINEAR-EQUALITIES-TO-IFF)
        (:REWRITE TIMES-ZERO))
Warnings:  None
Time:  0.24 seconds (prove: 0.23, print: 0.00, other: 0.00)
STEP-ONE

Summary
Form:  ( IN-THEORY (DISABLE ...))
Rules: NIL
Warnings:  None
Time:  0.00 seconds (prove: 0.00, print: 0.00, other: 0.00)
1879

Summary
Form:  ( DEFTHM HELPER-0 ...)
Rules: ((:DEFINITION FIX)
        (:DEFINITION NOT)
        (:FAKE-RUNE-FOR-TYPE-SET NIL)
        (:REWRITE COMMUTATIVITY-OF-*)
        (:REWRITE LEFT-CANCELLATION-FOR-*))
Warnings:  None
Time:  0.00 seconds (prove: 0.00, print: 0.00, other: 0.00)
HELPER-0

Summary
Form:  ( DEFTHM HELPER-1 ...)
Rules: ((:DEFINITION FIX)
        (:DEFINITION NOT)
        (:FAKE-RUNE-FOR-TYPE-SET NIL)
        (:REWRITE COMMUTATIVITY-2-OF-*)
        (:REWRITE COMMUTATIVITY-OF-*)
        (:REWRITE LEFT-CANCELLATION-FOR-*))
Warnings:  None
Time:  0.00 seconds (prove: 0.00, print: 0.00, other: 0.00)
HELPER-1

Summary
Form:  ( DEFTHM HELPER-2 ...)
Rules: ((:DEFINITION FIX)
        (:DEFINITION NOT)
        (:FAKE-RUNE-FOR-TYPE-SET NIL)
        (:REWRITE COMMUTATIVITY-2-OF-*)
        (:REWRITE COMMUTATIVITY-OF-*)
        (:REWRITE LEFT-CANCELLATION-FOR-*))
Warnings:  None
Time:  0.00 seconds (prove: 0.00, print: 0.00, other: 0.00)
HELPER-2

Summary
Form:  ( DEFTHM HELPER-3 ...)
Rules: ((:DEFINITION FIX)
        (:DEFINITION NOT)
        (:EXECUTABLE-COUNTERPART EQUAL)
        (:EXECUTABLE-COUNTERPART FIX)
        (:FAKE-RUNE-FOR-TYPE-SET NIL)
        (:REWRITE COMMUTATIVITY-OF-*)
        (:REWRITE COMMUTATIVITY-OF-+)
        (:REWRITE DISTRIBUTIVITY))
Warnings:  None
Time:  0.00 seconds (prove: 0.00, print: 0.00, other: 0.00)
HELPER-3

Summary
Form:  ( DEFTHM HELPER-4 ...)
Rules: ((:DEFINITION FIX)
        (:DEFINITION NOT)
        (:DEFINITION SYNP)
        (:EXECUTABLE-COUNTERPART EQUAL)
        (:EXECUTABLE-COUNTERPART FIX)
        (:FAKE-RUNE-FOR-LINEAR NIL)
        (:FAKE-RUNE-FOR-TYPE-SET NIL)
        (:REWRITE COMMUTATIVITY-OF-*)
        (:REWRITE DEFAULT-*-1)
        (:REWRITE DISTRIBUTIVITY)
        (:REWRITE EQUAL-*-X-Y-0)
        (:REWRITE EQUAL-+-X-Y-0))
Warnings:  None
Time:  0.00 seconds (prove: 0.00, print: 0.00, other: 0.00)
HELPER-4

Summary
Form:  ( DEFTHM HELPER-5 ...)
Rules: ((:DEFINITION FIX)
        (:DEFINITION NOT)
        (:EXECUTABLE-COUNTERPART EQUAL)
        (:EXECUTABLE-COUNTERPART FIX)
        (:FAKE-RUNE-FOR-TYPE-SET NIL)
        (:REWRITE ASSOCIATIVITY-OF-*)
        (:REWRITE COMMUTATIVITY-2-OF-*)
        (:REWRITE COMMUTATIVITY-OF-*)
        (:REWRITE DISTRIBUTIVITY))
Warnings:  None
Time:  0.00 seconds (prove: 0.00, print: 0.00, other: 0.00)
HELPER-5

Summary
Form:  ( DEFTHM HELPER-6 ...)
Rules: ((:DEFINITION FIX)
        (:DEFINITION IFF)
        (:DEFINITION NOT)
        (:EXECUTABLE-COUNTERPART NOT)
        (:FAKE-RUNE-FOR-TYPE-SET NIL)
        (:REWRITE /-PRESERVES-NEGATIVE)
        (:REWRITE /-PRESERVES-POSITIVE)
        (:REWRITE COMMUTATIVITY-2-OF-*)
        (:REWRITE COMMUTATIVITY-OF-*)
        (:REWRITE DEFAULT-*-1)
        (:REWRITE DEFAULT-<-1)
        (:REWRITE DEFAULT-<-2)
        (:REWRITE EQUAL-/-0)
        (:REWRITE INVERSE-OF-*)
        (:REWRITE REWRITE-LINEAR-EQUALITIES-TO-IFF)
        (:REWRITE UNICITY-OF-1))
Warnings:  None
Time:  0.01 seconds (prove: 0.01, print: 0.00, other: 0.00)
HELPER-6

Summary
Form:  ( DEFTHM HELPER-6A ...)
Rules: ((:DEFINITION NOT)
        (:FAKE-RUNE-FOR-TYPE-SET NIL)
        (:REWRITE COMMUTATIVITY-OF-*)
        (:REWRITE HELPER-6))
Warnings:  None
Time:  0.00 seconds (prove: 0.00, print: 0.00, other: 0.00)
HELPER-6A

Summary
Form:  ( DEFTHM HELPER-7 ...)
Rules: ((:DEFINITION FIX)
        (:DEFINITION IFF)
        (:DEFINITION NOT)
        (:EXECUTABLE-COUNTERPART BINARY-+)
        (:EXECUTABLE-COUNTERPART NOT)
        (:FAKE-RUNE-FOR-TYPE-SET NIL)
        (:REWRITE /-PRESERVES-NEGATIVE)
        (:REWRITE /-PRESERVES-POSITIVE)
        (:REWRITE COMMUTATIVITY-2-OF-*)
        (:REWRITE COMMUTATIVITY-OF-*)
        (:REWRITE COMMUTATIVITY-OF-+)
        (:REWRITE DEFAULT-*-1)
        (:REWRITE DEFAULT-+-1)
        (:REWRITE DEFAULT-+-2)
        (:REWRITE DEFAULT-<-1)
        (:REWRITE DEFAULT-<-2)
        (:REWRITE DISTRIBUTIVITY)
        (:REWRITE EQUAL-/-0)
        (:REWRITE HELPER-6)
        (:REWRITE INVERSE-OF-*)
        (:REWRITE REWRITE-LINEAR-EQUALITIES-TO-IFF)
        (:REWRITE UNICITY-OF-0)
        (:REWRITE UNICITY-OF-1))
Warnings:  None
Time:  0.03 seconds (prove: 0.03, print: 0.00, other: 0.00)
HELPER-7

Summary
Form:  ( DEFTHM HELPER-8 ...)
Rules: ((:DEFINITION FIX)
        (:DEFINITION IFF)
        (:DEFINITION NOT)
        (:EXECUTABLE-COUNTERPART BINARY-+)
        (:EXECUTABLE-COUNTERPART NOT)
        (:FAKE-RUNE-FOR-TYPE-SET NIL)
        (:REWRITE /-PRESERVES-NEGATIVE)
        (:REWRITE /-PRESERVES-POSITIVE)
        (:REWRITE COMMUTATIVITY-2-OF-*)
        (:REWRITE COMMUTATIVITY-OF-*)
        (:REWRITE COMMUTATIVITY-OF-+)
        (:REWRITE DEFAULT-*-1)
        (:REWRITE DEFAULT-+-1)
        (:REWRITE DEFAULT-+-2)
        (:REWRITE DEFAULT-<-1)
        (:REWRITE DEFAULT-<-2)
        (:REWRITE DISTRIBUTIVITY)
        (:REWRITE EQUAL-/-0)
        (:REWRITE HELPER-6)
        (:REWRITE INVERSE-OF-*)
        (:REWRITE REWRITE-LINEAR-EQUALITIES-TO-IFF)
        (:REWRITE UNICITY-OF-0)
        (:REWRITE UNICITY-OF-1))
Warnings:  None
Time:  0.03 seconds (prove: 0.03, print: 0.00, other: 0.00)
HELPER-8

Summary
Form:  ( DEFTHM HELPER-9 ...)
Rules: ((:DEFINITION FIX)
        (:DEFINITION IFF)
        (:DEFINITION NOT)
        (:EXECUTABLE-COUNTERPART NOT)
        (:FAKE-RUNE-FOR-TYPE-SET NIL)
        (:REWRITE /-PRESERVES-NEGATIVE)
        (:REWRITE /-PRESERVES-POSITIVE)
        (:REWRITE COMMUTATIVITY-2-OF-*)
        (:REWRITE COMMUTATIVITY-OF-*)
        (:REWRITE DEFAULT-*-1)
        (:REWRITE DEFAULT-*-2)
        (:REWRITE DEFAULT-<-1)
        (:REWRITE DEFAULT-<-2)
        (:REWRITE EQUAL-/-0)
        (:REWRITE INVERSE-OF-*)
        (:REWRITE REWRITE-LINEAR-EQUALITIES-TO-IFF)
        (:REWRITE TIMES-ZERO)
        (:REWRITE UNICITY-OF-1))
Warnings:  None
Time:  0.02 seconds (prove: 0.02, print: 0.00, other: 0.00)
HELPER-9

Summary
Form:  ( DEFTHM HELPER-10 ...)
Rules: ((:DEFINITION FIX)
        (:DEFINITION IFF)
        (:DEFINITION NOT)
        (:EXECUTABLE-COUNTERPART NOT)
        (:FAKE-RUNE-FOR-TYPE-SET NIL)
        (:REWRITE /-PRESERVES-NEGATIVE)
        (:REWRITE /-PRESERVES-POSITIVE)
        (:REWRITE COMMUTATIVITY-2-OF-*)
        (:REWRITE COMMUTATIVITY-OF-*)
        (:REWRITE DEFAULT-*-1)
        (:REWRITE DEFAULT-*-2)
        (:REWRITE DEFAULT-<-1)
        (:REWRITE DEFAULT-<-2)
        (:REWRITE EQUAL-/-0)
        (:REWRITE INVERSE-OF-*)
        (:REWRITE REWRITE-LINEAR-EQUALITIES-TO-IFF)
        (:REWRITE TIMES-ZERO)
        (:REWRITE UNICITY-OF-1))
Warnings:  None
Time:  0.02 seconds (prove: 0.02, print: 0.00, other: 0.00)
HELPER-10

Summary
Form:  ( DEFTHM HELPER-11 ...)
Rules: ((:DEFINITION FIX)
        (:DEFINITION NOT)
        (:EXECUTABLE-COUNTERPART <)
        (:EXECUTABLE-COUNTERPART NOT)
        (:EXECUTABLE-COUNTERPART RATIONALP)
        (:FAKE-RUNE-FOR-TYPE-SET NIL)
        (:REWRITE /-CANCELLATION-ON-LEFT)
        (:REWRITE /-PRESERVES-NEGATIVE)
        (:REWRITE /-PRESERVES-POSITIVE)
        (:REWRITE COMMUTATIVITY-2-OF-*)
        (:REWRITE COMMUTATIVITY-OF-*)
        (:REWRITE EQUAL-/-0)
        (:REWRITE TIMES-ZERO))
Warnings:  None
Time:  0.00 seconds (prove: 0.00, print: 0.00, other: 0.00)
HELPER-11

Summary
Form:  ( DEFTHM HELPER-12 ...)
Rules: ((:DEFINITION FIX)
        (:DEFINITION IFF)
        (:DEFINITION NOT)
        (:EXECUTABLE-COUNTERPART <)
        (:EXECUTABLE-COUNTERPART NOT)
        (:EXECUTABLE-COUNTERPART RATIONALP)
        (:FAKE-RUNE-FOR-TYPE-SET NIL)
        (:REWRITE /-PRESERVES-NEGATIVE)
        (:REWRITE /-PRESERVES-POSITIVE)
        (:REWRITE COMMUTATIVITY-2-OF-*)
        (:REWRITE COMMUTATIVITY-OF-*)
        (:REWRITE EQUAL-/-0)
        (:REWRITE INVERSE-OF-*)
        (:REWRITE REWRITE-LINEAR-EQUALITIES-TO-IFF)
        (:REWRITE TIMES-ZERO)
        (:REWRITE UNICITY-OF-1))
Warnings:  None
Time:  0.00 seconds (prove: 0.00, print: 0.00, other: 0.00)
HELPER-12

Summary
Form:  ( DEFTHM HELPER-13 ...)
Rules: ((:DEFINITION FIX)
        (:DEFINITION NOT)
        (:EXECUTABLE-COUNTERPART <)
        (:EXECUTABLE-COUNTERPART NOT)
        (:EXECUTABLE-COUNTERPART RATIONALP)
        (:FAKE-RUNE-FOR-TYPE-SET NIL)
        (:REWRITE /-CANCELLATION-ON-LEFT)
        (:REWRITE /-PRESERVES-NEGATIVE)
        (:REWRITE /-PRESERVES-POSITIVE)
        (:REWRITE COMMUTATIVITY-2-OF-*)
        (:REWRITE COMMUTATIVITY-OF-*)
        (:REWRITE EQUAL-/-0)
        (:REWRITE TIMES-ZERO))
Warnings:  None
Time:  0.00 seconds (prove: 0.00, print: 0.00, other: 0.00)
HELPER-13

Summary
Form:  ( DEFTHM HELPER-14 ...)
Rules: ((:DEFINITION FIX)
        (:DEFINITION IFF)
        (:DEFINITION NOT)
        (:EXECUTABLE-COUNTERPART <)
        (:EXECUTABLE-COUNTERPART NOT)
        (:EXECUTABLE-COUNTERPART RATIONALP)
        (:FAKE-RUNE-FOR-TYPE-SET NIL)
        (:REWRITE /-PRESERVES-NEGATIVE)
        (:REWRITE /-PRESERVES-POSITIVE)
        (:REWRITE COMMUTATIVITY-2-OF-*)
        (:REWRITE COMMUTATIVITY-OF-*)
        (:REWRITE EQUAL-/-0)
        (:REWRITE INVERSE-OF-*)
        (:REWRITE REWRITE-LINEAR-EQUALITIES-TO-IFF)
        (:REWRITE TIMES-ZERO)
        (:REWRITE UNICITY-OF-1))
Warnings:  None
Time:  0.00 seconds (prove: 0.00, print: 0.00, other: 0.00)
HELPER-14

Summary
Form:  ( INCLUDE-BOOK "cancel-terms-helper" ...)
Rules: NIL
Warnings:  None
Time:  0.00 seconds (prove: 0.00, print: 0.00, other: 0.00)

"/Users/huangjianshi/src/acl2-sources/books/arithmetic-2/meta/cancel-terms-helper.fasl"


Summary
Form:  (CERTIFY-BOOK "cancel-terms-helper" ...)
Rules: NIL
Warnings:  None
Time:  0.45 seconds (prove: 0.38, print: 0.00, other: 0.07)
 "/Users/huangjianshi/src/acl2-sources/books/arithmetic-2/meta/cancel-terms-helper.lisp"
ACL2 !>
Exiting the ACL2 read-eval-print loop.  To re-enter, execute (LP).
* 