This is SBCL 1.0.1.34, an implementation of ANSI Common Lisp.
More information about SBCL is available at <http://www.sbcl.org/>.

SBCL is free software, provided as is, with absolutely no warranty.
It is mostly in the public domain; some portions are provided under
BSD-style licenses.  See the CREDITS and COPYING files in the
distribution for more information.

 ACL2 Version 3.1 built January 26, 2007  15:12:42.
 Copyright (C) 2006  University of Texas at Austin
 ACL2 comes with ABSOLUTELY NO WARRANTY.  This is free software and you
 are welcome to redistribute it under certain conditions.  For details,
 see the GNU General Public License.

 Initialized with (INITIALIZE-ACL2 'INCLUDE-BOOK *ACL2-PASS-2-FILES*).
 See the documentation topic note-3-1 for recent changes.
 Note: We have modified the prompt in some underlying Lisps to further
 distinguish it from the ACL2 prompt.

 NOTE!!  Proof trees are disabled in ACL2.  To enable them in emacs,
 look under the ACL2 source directory in interface/emacs/README.doc; 
 and, to turn on proof trees, execute :START-PROOF-TREE in the ACL2 
 command loop.   Look in the ACL2 documentation under PROOF-TREE.

ACL2 Version 3.1.  Level 1.  Cbd 
"/Users/huangjianshi/src/acl2-sources/books/arithmetic-2/meta/".
Type :help for help.
Type (good-bye) to quit completely out of ACL2.

ACL2 !>
Exiting the ACL2 read-eval-print loop.  To re-enter, execute (LP).
* 
#<PACKAGE "ACL2">
* 
ACL2 Version 3.1.  Level 1.  Cbd 
"/Users/huangjianshi/src/acl2-sources/books/arithmetic-2/meta/".
Type :help for help.
Type (good-bye) to quit completely out of ACL2.

ACL2 !> (PROVE PROOF-TREE
        WARNING OBSERVATION EVENT EXPANSION)
ACL2 !>
Summary
Form:  ( INCLUDE-BOOK "../pass1/top" ...)
Rules: NIL
Warnings:  None
Time:  0.04 seconds (prove: 0.00, print: 0.00, other: 0.04)
"/Users/huangjianshi/src/acl2-sources/books/arithmetic-2/pass1/top.lisp"

Summary
Form:  ( DEFTHM HIDE-REVEALED ...)
Rules: ((:DEFINITION HIDE)
        (:FAKE-RUNE-FOR-TYPE-SET NIL))
Warnings:  None
Time:  0.00 seconds (prove: 0.00, print: 0.00, other: 0.00)
HIDE-REVEALED

Summary
Form:  ( DEFMACRO ACL2-NUMP ...)
Rules: NIL
Warnings:  None
Time:  0.00 seconds (prove: 0.00, print: 0.00, other: 0.00)
ACL2-NUMP

Summary
Form:  ( DEFMACRO RATP ...)
Rules: NIL
Warnings:  None
Time:  0.00 seconds (prove: 0.00, print: 0.00, other: 0.00)
RATP

Summary
Form:  ( DEFMACRO ARG1 ...)
Rules: NIL
Warnings:  None
Time:  0.00 seconds (prove: 0.00, print: 0.00, other: 0.00)
ARG1

Summary
Form:  ( DEFMACRO ARG2 ...)
Rules: NIL
Warnings:  None
Time:  0.00 seconds (prove: 0.00, print: 0.00, other: 0.00)
ARG2

Summary
Form:  ( DEFUN ZFIX ...)
Rules: NIL
Warnings:  None
Time:  0.01 seconds (prove: 0.00, print: 0.00, other: 0.01)
ZFIX

Summary
Form:  ( DEFUN PACKAGE-WITNESS ...)
Rules: NIL
Warnings:  None
Time:  0.00 seconds (prove: 0.00, print: 0.00, other: 0.00)
PACKAGE-WITNESS

Summary
Form:  ( DEFUN INTERN-NAME ...)
Rules: NIL
Warnings:  None
Time:  0.00 seconds (prove: 0.00, print: 0.00, other: 0.00)
INTERN-NAME

Summary
Form:  ( DEFUN UN-HIDE-* ...)
Rules: ((:FAKE-RUNE-FOR-TYPE-SET NIL))
Warnings:  None
Time:  0.00 seconds (prove: 0.00, print: 0.00, other: 0.00)
UN-HIDE-*

Summary
Form:  ( DEFUN UN-HIDE-+ ...)
Rules: ((:FAKE-RUNE-FOR-TYPE-SET NIL))
Warnings:  None
Time:  0.00 seconds (prove: 0.00, print: 0.00, other: 0.00)
UN-HIDE-+

Summary
Form:  ( DEFUN COLLECT-* ...)
Rules: ((:FAKE-RUNE-FOR-TYPE-SET NIL))
Warnings:  None
Time:  0.00 seconds (prove: 0.00, print: 0.00, other: 0.00)
COLLECT-*

Summary
Form:  ( DEFUN COLLECT-+ ...)
Rules: ((:FAKE-RUNE-FOR-TYPE-SET NIL))
Warnings:  None
Time:  0.00 seconds (prove: 0.00, print: 0.00, other: 0.00)
COLLECT-+
("theory")

Summary
Form:  ( IN-THEORY *DEFEVALUATOR-FORM-BASE-THEORY*)
Rules: NIL
Warnings:  None
Time:  0.00 seconds (prove: 0.00, print: 0.00, other: 0.00)
40

Summary
Form:  ( MUTUAL-RECURSION ( DEFUN EVA ...) ...)
Rules: ((:DEFINITION ACL2-COUNT)
        (:DEFINITION ATOM)
        (:DEFINITION EQ)
        (:DEFINITION NOT)
        (:DEFINITION O-FINP)
        (:DEFINITION O<)
        (:ELIM CAR-CDR-ELIM)
        (:FAKE-RUNE-FOR-LINEAR NIL)
        (:FAKE-RUNE-FOR-TYPE-SET NIL)
        (:REWRITE CAR-CONS)
        (:REWRITE CDR-CONS)
        (:TYPE-PRESCRIPTION ACL2-COUNT))
Warnings:  None
Time:  0.28 seconds (prove: 0.18, print: 0.00, other: 0.10)
(EVA EVA-LIST)

Summary
Form:  ( DEFTHM EVA-CONSTRAINT-1 ...)
Rules: ((:DEFINITION EVA)
        (:FAKE-RUNE-FOR-TYPE-SET NIL))
Warnings:  None
Time:  0.00 seconds (prove: 0.00, print: 0.00, other: 0.00)
EVA-CONSTRAINT-1

Summary
Form:  ( DEFTHM EVA-CONSTRAINT-2 ...)
Rules: ((:DEFINITION EVA)
        (:FAKE-RUNE-FOR-TYPE-SET NIL))
Warnings:  None
Time:  0.00 seconds (prove: 0.00, print: 0.00, other: 0.00)
EVA-CONSTRAINT-2

Summary
Form:  ( DEFTHM EVA-CONSTRAINT-3 ...)
Rules: ((:DEFINITION EVA)
        (:FAKE-RUNE-FOR-TYPE-SET NIL))
Warnings:  None
Time:  0.01 seconds (prove: 0.01, print: 0.00, other: 0.00)
EVA-CONSTRAINT-3

Summary
Form:  ( DEFTHM EVA-CONSTRAINT-4 ...)
Rules: ((:DEFINITION EVA-LIST)
        (:DEFINITION NOT)
        (:FAKE-RUNE-FOR-TYPE-SET NIL))
Warnings:  None
Time:  0.00 seconds (prove: 0.00, print: 0.00, other: 0.00)
EVA-CONSTRAINT-4

Summary
Form:  ( DEFTHM EVA-CONSTRAINT-5 ...)
Rules: ((:DEFINITION EVA-LIST)
        (:FAKE-RUNE-FOR-TYPE-SET NIL))
Warnings:  None
Time:  0.01 seconds (prove: 0.01, print: 0.00, other: 0.00)
EVA-CONSTRAINT-5

Summary
Form:  ( DEFTHM EVA-CONSTRAINT-6 ...)
Rules: ((:DEFINITION EVA)
        (:FAKE-RUNE-FOR-TYPE-SET NIL))
Warnings:  None
Time:  0.01 seconds (prove: 0.01, print: 0.00, other: 0.00)
EVA-CONSTRAINT-6

Summary
Form:  ( DEFTHM EVA-CONSTRAINT-7 ...)
Rules: ((:DEFINITION EVA)
        (:FAKE-RUNE-FOR-TYPE-SET NIL))
Warnings:  None
Time:  0.01 seconds (prove: 0.01, print: 0.00, other: 0.00)
EVA-CONSTRAINT-7

Summary
Form:  ( DEFTHM EVA-CONSTRAINT-8 ...)
Rules: ((:DEFINITION EVA)
        (:FAKE-RUNE-FOR-TYPE-SET NIL))
Warnings:  None
Time:  0.01 seconds (prove: 0.01, print: 0.00, other: 0.00)
EVA-CONSTRAINT-8

Summary
Form:  ( DEFTHM EVA-CONSTRAINT-9 ...)
Rules: ((:DEFINITION EVA)
        (:FAKE-RUNE-FOR-TYPE-SET NIL))
Warnings:  None
Time:  0.01 seconds (prove: 0.01, print: 0.00, other: 0.00)
EVA-CONSTRAINT-9

Summary
Form:  ( DEFTHM EVA-CONSTRAINT-10 ...)
Rules: ((:DEFINITION EVA)
        (:FAKE-RUNE-FOR-TYPE-SET NIL))
Warnings:  None
Time:  0.01 seconds (prove: 0.01, print: 0.00, other: 0.00)
EVA-CONSTRAINT-10

Summary
Form:  ( DEFTHM EVA-CONSTRAINT-11 ...)
Rules: ((:DEFINITION EVA)
        (:FAKE-RUNE-FOR-TYPE-SET NIL))
Warnings:  None
Time:  0.01 seconds (prove: 0.01, print: 0.00, other: 0.00)
EVA-CONSTRAINT-11

Summary
Form:  ( DEFTHM EVA-CONSTRAINT-12 ...)
Rules: ((:DEFINITION EVA)
        (:FAKE-RUNE-FOR-TYPE-SET NIL))
Warnings:  None
Time:  0.01 seconds (prove: 0.01, print: 0.00, other: 0.00)
EVA-CONSTRAINT-12

Summary
Form:  ( DEFTHM EVA-CONSTRAINT-13 ...)
Rules: ((:DEFINITION EVA)
        (:FAKE-RUNE-FOR-TYPE-SET NIL))
Warnings:  None
Time:  0.01 seconds (prove: 0.01, print: 0.00, other: 0.00)
EVA-CONSTRAINT-13

Summary
Form:  ( DEFTHM EVA-CONSTRAINT-14 ...)
Rules: ((:DEFINITION EVA)
        (:FAKE-RUNE-FOR-TYPE-SET NIL))
Warnings:  None
Time:  0.03 seconds (prove: 0.03, print: 0.00, other: 0.00)
EVA-CONSTRAINT-14

Summary
Form:  ( DEFTHM EVA-CONSTRAINT-15 ...)
Rules: ((:DEFINITION EVA)
        (:FAKE-RUNE-FOR-TYPE-SET NIL))
Warnings:  None
Time:  0.02 seconds (prove: 0.01, print: 0.00, other: 0.00)
EVA-CONSTRAINT-15

Summary
Form:  ( DEFTHM EVA-CONSTRAINT-16 ...)
Rules: ((:DEFINITION EVA)
        (:FAKE-RUNE-FOR-TYPE-SET NIL))
Warnings:  None
Time:  0.01 seconds (prove: 0.01, print: 0.00, other: 0.00)
EVA-CONSTRAINT-16

Summary
Form:  ( DEFTHM EVA-CONSTRAINT-17 ...)
Rules: ((:DEFINITION EVA)
        (:FAKE-RUNE-FOR-TYPE-SET NIL))
Warnings:  None
Time:  0.02 seconds (prove: 0.02, print: 0.00, other: 0.00)
EVA-CONSTRAINT-17

Summary
Form:  ( DEFTHM EVA-CONSTRAINT-18 ...)
Rules: ((:DEFINITION EVA)
        (:FAKE-RUNE-FOR-TYPE-SET NIL))
Warnings:  None
Time:  0.01 seconds (prove: 0.01, print: 0.00, other: 0.00)
EVA-CONSTRAINT-18

Summary
Form:  ( DEFTHM EVA-CONSTRAINT-19 ...)
Rules: ((:DEFINITION EVA)
        (:FAKE-RUNE-FOR-TYPE-SET NIL))
Warnings:  None
Time:  0.01 seconds (prove: 0.01, print: 0.00, other: 0.00)
EVA-CONSTRAINT-19

Summary
Form:  ( DEFTHM EVA-CONSTRAINT-20 ...)
Rules: ((:DEFINITION EVA)
        (:FAKE-RUNE-FOR-TYPE-SET NIL))
Warnings:  None
Time:  0.01 seconds (prove: 0.01, print: 0.00, other: 0.00)
EVA-CONSTRAINT-20

Summary
Form:  ( DEFTHM EVA-CONSTRAINT-21 ...)
Rules: ((:DEFINITION EVA)
        (:FAKE-RUNE-FOR-TYPE-SET NIL))
Warnings:  None
Time:  0.01 seconds (prove: 0.01, print: 0.00, other: 0.00)
EVA-CONSTRAINT-21

Summary
Form:  ( DEFTHM EVA-CONSTRAINT-22 ...)
Rules: ((:DEFINITION EVA)
        (:DEFINITION NOT)
        (:FAKE-RUNE-FOR-TYPE-SET NIL))
Warnings:  None
Time:  0.01 seconds (prove: 0.01, print: 0.00, other: 0.00)
EVA-CONSTRAINT-22

Summary
Form:  ( DEFTHM EVA-CONSTRAINT-23 ...)
Rules: ((:DEFINITION EVA)
        (:FAKE-RUNE-FOR-TYPE-SET NIL))
Warnings:  None
Time:  0.00 seconds (prove: 0.00, print: 0.00, other: 0.00)
EVA-CONSTRAINT-23

Summary
Form:  ( TABLE ACL2-DEFAULTS-TABLE ...)
Rules: NIL
Warnings:  None
Time:  0.00 seconds (prove: 0.00, print: 0.00, other: 0.00)
ACL2-DEFAULTS-TABLE

Summary
Form:  ( ENCAPSULATE (((EVA * ...) ...) ...) ...)
Rules: NIL
Warnings:  None
Time:  0.53 seconds (prove: 0.41, print: 0.00, other: 0.11)
T

Summary
Form:  ( DEFTHM UN-HIDE-PLUS ...)
Rules: ((:DEFINITION FIX)
        (:DEFINITION UN-HIDE-+)
        (:FAKE-RUNE-FOR-TYPE-SET NIL)
        (:REWRITE HIDE-REVEALED)
        (:REWRITE LEFT-CANCELLATION-FOR-+))
Warnings:  None
Time:  0.00 seconds (prove: 0.00, print: 0.00, other: 0.00)
UN-HIDE-PLUS

Summary
Form:  ( DEFTHM COLLECT-PLUS-0 ...)
Rules: ((:DEFINITION COLLECT-+)
        (:FAKE-RUNE-FOR-TYPE-SET NIL)
        (:REWRITE HIDE-REVEALED))
Warnings:  None
Time:  0.00 seconds (prove: 0.00, print: 0.00, other: 0.00)
COLLECT-PLUS-0

Summary
Form:  ( DEFTHM COLLECT-PLUS-0A ...)
Rules: ((:DEFINITION COLLECT-+)
        (:EXECUTABLE-COUNTERPART IF)
        (:EXECUTABLE-COUNTERPART SYNP)
        (:FAKE-RUNE-FOR-TYPE-SET NIL)
        (:REWRITE HIDE-REVEALED))
Warnings:  None
Time:  0.00 seconds (prove: 0.00, print: 0.00, other: 0.00)
COLLECT-PLUS-0A

Summary
Form:  ( DEFTHM COLLECT-PLUS-1A ...)
Rules: ((:DEFINITION COLLECT-+)
        (:FAKE-RUNE-FOR-LINEAR NIL)
        (:FAKE-RUNE-FOR-TYPE-SET NIL)
        (:REWRITE HIDE-REVEALED))
Warnings:  None
Time:  0.00 seconds (prove: 0.00, print: 0.00, other: 0.00)
COLLECT-PLUS-1A

Summary
Form:  ( DEFTHM COLLECT-PLUS-1B ...)
Rules: ((:DEFINITION COLLECT-+)
        (:EXECUTABLE-COUNTERPART EQUAL)
        (:REWRITE HIDE-REVEALED)
        (:REWRITE INVERSE-OF-+))
Warnings:  None
Time:  0.00 seconds (prove: 0.00, print: 0.00, other: 0.00)
COLLECT-PLUS-1B

Summary
Form:  ( DEFTHM COLLECT-PLUS-1C ...)
Rules: ((:DEFINITION COLLECT-+)
        (:EXECUTABLE-COUNTERPART EQUAL)
        (:REWRITE COMMUTATIVITY-OF-+)
        (:REWRITE HIDE-REVEALED)
        (:REWRITE INVERSE-OF-+))
Warnings:  None
Time:  0.00 seconds (prove: 0.00, print: 0.00, other: 0.00)
COLLECT-PLUS-1C

Summary
Form:  ( DEFTHM COLLECT-PLUS-1D ...)
Rules: ((:REWRITE COLLECT-PLUS-1A)
        (:REWRITE FUNCTIONAL-COMMUTATIVITY-OF-MINUS-*-LEFT)
        (:REWRITE FUNCTIONAL-COMMUTATIVITY-OF-MINUS-*-RIGHT))
Warnings:  None
Time:  0.00 seconds (prove: 0.00, print: 0.00, other: 0.00)
COLLECT-PLUS-1D

Summary
Form:  ( DEFTHM COLLECT-PLUS-2A ...)
Rules: ((:DEFINITION COLLECT-+)
        (:DEFINITION FIX)
        (:FAKE-RUNE-FOR-LINEAR NIL)
        (:FAKE-RUNE-FOR-TYPE-SET NIL)
        (:REWRITE COMMUTATIVITY-OF-*)
        (:REWRITE COMMUTATIVITY-OF-+)
        (:REWRITE DISTRIBUTIVITY)
        (:REWRITE HIDE-REVEALED)
        (:REWRITE UNICITY-OF-1))
Warnings:  None
Time:  0.00 seconds (prove: 0.00, print: 0.00, other: 0.00)
COLLECT-PLUS-2A

Summary
Form:  ( DEFTHM COLLECT-PLUS-2B ...)
Rules: ((:DEFINITION COLLECT-+)
        (:DEFINITION FIX)
        (:FAKE-RUNE-FOR-LINEAR NIL)
        (:FAKE-RUNE-FOR-TYPE-SET NIL)
        (:REWRITE COMMUTATIVITY-OF-*)
        (:REWRITE COMMUTATIVITY-OF-+)
        (:REWRITE DISTRIBUTIVITY)
        (:REWRITE HIDE-REVEALED)
        (:REWRITE UNICITY-OF-1))
Warnings:  None
Time:  0.00 seconds (prove: 0.00, print: 0.00, other: 0.00)
COLLECT-PLUS-2B

Summary
Form:  ( DEFTHM COLLECT-PLUS-2C ...)
Rules: ((:DEFINITION COLLECT-+)
        (:DEFINITION FIX)
        (:FAKE-RUNE-FOR-LINEAR NIL)
        (:FAKE-RUNE-FOR-TYPE-SET NIL)
        (:REWRITE COMMUTATIVITY-OF-*)
        (:REWRITE COMMUTATIVITY-OF-+)
        (:REWRITE DISTRIBUTIVITY)
        (:REWRITE FUNCTIONAL-COMMUTATIVITY-OF-MINUS-*-RIGHT)
        (:REWRITE HIDE-REVEALED)
        (:REWRITE UNICITY-OF-1))
Warnings:  None
Time:  0.00 seconds (prove: 0.00, print: 0.00, other: 0.00)
COLLECT-PLUS-2C

Summary
Form:  ( DEFTHM COLLECT-PLUS-2D ...)
Rules: ((:DEFINITION COLLECT-+)
        (:DEFINITION FIX)
        (:FAKE-RUNE-FOR-LINEAR NIL)
        (:FAKE-RUNE-FOR-TYPE-SET NIL)
        (:REWRITE COMMUTATIVITY-OF-*)
        (:REWRITE COMMUTATIVITY-OF-+)
        (:REWRITE DISTRIBUTIVITY)
        (:REWRITE FUNCTIONAL-COMMUTATIVITY-OF-MINUS-*-RIGHT)
        (:REWRITE HIDE-REVEALED)
        (:REWRITE UNICITY-OF-1))
Warnings:  None
Time:  0.00 seconds (prove: 0.00, print: 0.00, other: 0.00)
COLLECT-PLUS-2D

Summary
Form:  ( DEFTHM COLLECT-PLUS-3 ...)
Rules: ((:DEFINITION COLLECT-+)
        (:FAKE-RUNE-FOR-TYPE-SET NIL)
        (:REWRITE COMMUTATIVITY-OF-*)
        (:REWRITE DISTRIBUTIVITY)
        (:REWRITE HIDE-REVEALED))
Warnings:  None
Time:  0.00 seconds (prove: 0.00, print: 0.00, other: 0.00)
COLLECT-PLUS-3

Summary
Form:  ( DEFTHM UN-HIDE-TIMES ...)
Rules: ((:DEFINITION UN-HIDE-*)
        (:FAKE-RUNE-FOR-TYPE-SET NIL)
        (:REWRITE HIDE-REVEALED))
Warnings:  None
Time:  0.00 seconds (prove: 0.00, print: 0.00, other: 0.00)
UN-HIDE-TIMES

Summary
Form:  ( DEFTHM COLLECT-TIMES-0 ...)
Rules: ((:DEFINITION COLLECT-*)
        (:FAKE-RUNE-FOR-TYPE-SET NIL)
        (:REWRITE HIDE-REVEALED))
Warnings:  None
Time:  0.00 seconds (prove: 0.00, print: 0.00, other: 0.00)
COLLECT-TIMES-0

Summary
Form:  ( DEFTHM COLLECT-TIMES-0A ...)
Rules: ((:DEFINITION COLLECT-*)
        (:EXECUTABLE-COUNTERPART EQUAL)
        (:REWRITE COMMUTATIVITY-OF-*)
        (:REWRITE HIDE-REVEALED)
        (:REWRITE TIMES-ZERO))
Warnings:  None
Time:  0.00 seconds (prove: 0.00, print: 0.00, other: 0.00)
COLLECT-TIMES-0A

Summary
Form:  ( DEFTHM COLLECT-TIMES-0B ...)
Rules: ((:DEFINITION COLLECT-*)
        (:EXECUTABLE-COUNTERPART EQUAL)
        (:REWRITE HIDE-REVEALED)
        (:REWRITE TIMES-ZERO))
Warnings:  None
Time:  0.00 seconds (prove: 0.00, print: 0.00, other: 0.00)
COLLECT-TIMES-0B

Summary
Form:  ( DEFTHM COLLECT-TIMES-0C ...)
Rules: ((:DEFINITION COLLECT-*)
        (:EXECUTABLE-COUNTERPART IF)
        (:EXECUTABLE-COUNTERPART SYNP)
        (:FAKE-RUNE-FOR-TYPE-SET NIL)
        (:REWRITE HIDE-REVEALED))
Warnings:  None
Time:  0.00 seconds (prove: 0.00, print: 0.00, other: 0.00)
COLLECT-TIMES-0C

Summary
Form:  ( DEFTHM COLLECT-TIMES-1A ...)
Rules: ((:DEFINITION COLLECT-*)
        (:DEFINITION EXPT)
        (:DEFINITION FIX)
        (:EXECUTABLE-COUNTERPART <)
        (:EXECUTABLE-COUNTERPART BINARY-*)
        (:EXECUTABLE-COUNTERPART BINARY-+)
        (:EXECUTABLE-COUNTERPART EQUAL)
        (:EXECUTABLE-COUNTERPART ZIP)
        (:FAKE-RUNE-FOR-TYPE-SET NIL)
        (:REWRITE EXPT-1)
        (:REWRITE HIDE-REVEALED))
Warnings:  None
Time:  0.00 seconds (prove: 0.00, print: 0.00, other: 0.00)
COLLECT-TIMES-1A

Summary
Form:  ( DEFTHM COLLECT-TIMES-1B ...)
Rules: ((:DEFINITION COLLECT-*)
        (:DEFINITION FIX)
        (:EXECUTABLE-COUNTERPART BINARY-*)
        (:EXECUTABLE-COUNTERPART EQUAL)
        (:EXECUTABLE-COUNTERPART UNARY-/)
        (:FAKE-RUNE-FOR-TYPE-SET NIL)
        (:REWRITE HIDE-REVEALED)
        (:REWRITE INVERSE-OF-*))
Warnings:  None
Time:  0.00 seconds (prove: 0.00, print: 0.00, other: 0.00)
COLLECT-TIMES-1B

Summary
Form:  ( DEFTHM COLLECT-TIMES-1C ...)
Rules: ((:DEFINITION COLLECT-*)
        (:DEFINITION FIX)
        (:EXECUTABLE-COUNTERPART BINARY-*)
        (:EXECUTABLE-COUNTERPART EQUAL)
        (:EXECUTABLE-COUNTERPART UNARY-/)
        (:FAKE-RUNE-FOR-TYPE-SET NIL)
        (:REWRITE COMMUTATIVITY-OF-*)
        (:REWRITE HIDE-REVEALED)
        (:REWRITE INVERSE-OF-*))
Warnings:  None
Time:  0.00 seconds (prove: 0.00, print: 0.00, other: 0.00)
COLLECT-TIMES-1C

Summary
Form:  ( DEFTHM COLLECT-TIMES-1D ...)
Rules: ((:DEFINITION EXPT)
        (:DEFINITION FIX)
        (:DEFINITION NOT)
        (:EXECUTABLE-COUNTERPART <)
        (:EXECUTABLE-COUNTERPART BINARY-+)
        (:EXECUTABLE-COUNTERPART EQUAL)
        (:EXECUTABLE-COUNTERPART IFIX)
        (:EXECUTABLE-COUNTERPART NOT)
        (:EXECUTABLE-COUNTERPART ZIP)
        (:FAKE-RUNE-FOR-TYPE-SET NIL)
        (:REWRITE /-CANCELLATION-ON-LEFT)
        (:REWRITE COLLECT-TIMES-1A)
        (:REWRITE COMMUTATIVITY-2-OF-*)
        (:REWRITE COMMUTATIVITY-OF-*)
        (:REWRITE EQUAL-/)
        (:REWRITE EQUAL-EXPT-0)
        (:REWRITE EXPT-0)
        (:REWRITE EXPT-1)
        (:REWRITE FUNCTIONAL-COMMUTATIVITY-OF-EXPT-/-BASE)
        (:REWRITE INVERSE-OF-*)
        (:REWRITE UNICITY-OF-1))
Warnings:  None
Time:  0.00 seconds (prove: 0.00, print: 0.00, other: 0.00)
COLLECT-TIMES-1D

Summary
Form:  ( DEFTHM COLLECT-TIMES-2A ...)
Rules: ((:DEFINITION COLLECT-*)
        (:DEFINITION EXPT)
        (:DEFINITION FIX)
        (:DEFINITION SYNP)
        (:EXECUTABLE-COUNTERPART <)
        (:EXECUTABLE-COUNTERPART BINARY-+)
        (:EXECUTABLE-COUNTERPART EQUAL)
        (:EXECUTABLE-COUNTERPART FIX)
        (:EXECUTABLE-COUNTERPART INTEGERP)
        (:EXECUTABLE-COUNTERPART NOT)
        (:EXECUTABLE-COUNTERPART UNARY--)
        (:EXECUTABLE-COUNTERPART ZIP)
        (:FAKE-RUNE-FOR-TYPE-SET NIL)
        (:REWRITE COMMUTATIVITY-OF-*)
        (:REWRITE COMMUTATIVITY-OF-+)
        (:REWRITE EQUAL-+-X-Y-0)
        (:REWRITE EXPONENTS-ADD-1)
        (:REWRITE EXPT-0)
        (:REWRITE EXPT-1)
        (:REWRITE HIDE-REVEALED)
        (:REWRITE INVERSE-OF-*)
        (:REWRITE TIMES-ZERO)
        (:REWRITE UNICITY-OF-1)
        (:TYPE-PRESCRIPTION EXPT))
Warnings:  None
Time:  0.01 seconds (prove: 0.01, print: 0.00, other: 0.00)
COLLECT-TIMES-2A

Summary
Form:  ( DEFTHM COLLECT-TIMES-2B ...)
Rules: ((:DEFINITION COLLECT-*)
        (:DEFINITION EXPT)
        (:DEFINITION FIX)
        (:DEFINITION SYNP)
        (:EXECUTABLE-COUNTERPART <)
        (:EXECUTABLE-COUNTERPART BINARY-+)
        (:EXECUTABLE-COUNTERPART EQUAL)
        (:EXECUTABLE-COUNTERPART FIX)
        (:EXECUTABLE-COUNTERPART INTEGERP)
        (:EXECUTABLE-COUNTERPART NOT)
        (:EXECUTABLE-COUNTERPART UNARY--)
        (:EXECUTABLE-COUNTERPART ZIP)
        (:FAKE-RUNE-FOR-TYPE-SET NIL)
        (:REWRITE COMMUTATIVITY-OF-*)
        (:REWRITE COMMUTATIVITY-OF-+)
        (:REWRITE EQUAL-+-X-Y-0)
        (:REWRITE EXPONENTS-ADD-1)
        (:REWRITE EXPT-0)
        (:REWRITE EXPT-1)
        (:REWRITE HIDE-REVEALED)
        (:REWRITE INVERSE-OF-*)
        (:REWRITE TIMES-ZERO)
        (:REWRITE UNICITY-OF-1)
        (:TYPE-PRESCRIPTION EXPT))
Warnings:  None
Time:  0.01 seconds (prove: 0.01, print: 0.00, other: 0.00)
COLLECT-TIMES-2B

Summary
Form:  ( DEFTHM COLLECT-TIMES-2C ...)
Rules: ((:DEFINITION COLLECT-*)
        (:DEFINITION EXPT)
        (:DEFINITION FIX)
        (:DEFINITION NOT)
        (:DEFINITION SYNP)
        (:EXECUTABLE-COUNTERPART <)
        (:EXECUTABLE-COUNTERPART BINARY-+)
        (:EXECUTABLE-COUNTERPART EQUAL)
        (:EXECUTABLE-COUNTERPART FIX)
        (:EXECUTABLE-COUNTERPART INTEGERP)
        (:EXECUTABLE-COUNTERPART NOT)
        (:EXECUTABLE-COUNTERPART UNARY--)
        (:EXECUTABLE-COUNTERPART UNARY-/)
        (:EXECUTABLE-COUNTERPART ZIP)
        (:FAKE-RUNE-FOR-TYPE-SET NIL)
        (:REWRITE COMMUTATIVITY-OF-*)
        (:REWRITE DISTRIBUTIVITY-OF-/-OVER-*)
        (:REWRITE EQUAL-+-X-Y-0)
        (:REWRITE EQUAL-MINUS-MINUS)
        (:REWRITE EXPONENTS-ADD-1)
        (:REWRITE EXPT-0)
        (:REWRITE EXPT-1)
        (:REWRITE FUNCTIONAL-COMMUTATIVITY-OF-EXPT-/-BASE)
        (:REWRITE FUNCTIONAL-SELF-INVERSION-OF-/)
        (:REWRITE HIDE-REVEALED)
        (:REWRITE INVERSE-OF-*)
        (:REWRITE TIMES-ZERO)
        (:REWRITE UNICITY-OF-1))
Warnings:  None
Time:  0.00 seconds (prove: 0.00, print: 0.00, other: 0.00)
COLLECT-TIMES-2C

Summary
Form:  ( DEFTHM COLLECT-TIMES-2D ...)
Rules: ((:DEFINITION COLLECT-*)
        (:DEFINITION EXPT)
        (:DEFINITION FIX)
        (:DEFINITION NOT)
        (:DEFINITION SYNP)
        (:EXECUTABLE-COUNTERPART <)
        (:EXECUTABLE-COUNTERPART BINARY-+)
        (:EXECUTABLE-COUNTERPART EQUAL)
        (:EXECUTABLE-COUNTERPART FIX)
        (:EXECUTABLE-COUNTERPART INTEGERP)
        (:EXECUTABLE-COUNTERPART NOT)
        (:EXECUTABLE-COUNTERPART UNARY--)
        (:EXECUTABLE-COUNTERPART UNARY-/)
        (:EXECUTABLE-COUNTERPART ZIP)
        (:FAKE-RUNE-FOR-TYPE-SET NIL)
        (:REWRITE COMMUTATIVITY-OF-*)
        (:REWRITE DISTRIBUTIVITY-OF-/-OVER-*)
        (:REWRITE EQUAL-+-X-Y-0)
        (:REWRITE EQUAL-MINUS-MINUS)
        (:REWRITE EXPONENTS-ADD-1)
        (:REWRITE EXPT-0)
        (:REWRITE EXPT-1)
        (:REWRITE FUNCTIONAL-COMMUTATIVITY-OF-EXPT-/-BASE)
        (:REWRITE FUNCTIONAL-SELF-INVERSION-OF-/)
        (:REWRITE HIDE-REVEALED)
        (:REWRITE INVERSE-OF-*)
        (:REWRITE TIMES-ZERO)
        (:REWRITE UNICITY-OF-1))
Warnings:  None
Time:  0.01 seconds (prove: 0.00, print: 0.00, other: 0.00)
COLLECT-TIMES-2D

Summary
Form:  ( DEFTHM COLLECT-TIMES-2E ...)
Rules: ((:DEFINITION COLLECT-*)
        (:DEFINITION EXPT)
        (:DEFINITION FIX)
        (:DEFINITION NOT)
        (:DEFINITION SYNP)
        (:EXECUTABLE-COUNTERPART <)
        (:EXECUTABLE-COUNTERPART BINARY-+)
        (:EXECUTABLE-COUNTERPART EQUAL)
        (:EXECUTABLE-COUNTERPART FIX)
        (:EXECUTABLE-COUNTERPART INTEGERP)
        (:EXECUTABLE-COUNTERPART NOT)
        (:EXECUTABLE-COUNTERPART UNARY--)
        (:EXECUTABLE-COUNTERPART UNARY-/)
        (:EXECUTABLE-COUNTERPART ZIP)
        (:FAKE-RUNE-FOR-TYPE-SET NIL)
        (:REWRITE COMMUTATIVITY-OF-*)
        (:REWRITE EQUAL-+-X-Y-0)
        (:REWRITE EQUAL-MINUS-MINUS)
        (:REWRITE EXPONENTS-ADD-1)
        (:REWRITE EXPT-0)
        (:REWRITE EXPT-1)
        (:REWRITE HIDE-REVEALED)
        (:REWRITE INVERSE-OF-*)
        (:REWRITE TIMES-ZERO)
        (:REWRITE UNICITY-OF-1)
        (:TYPE-PRESCRIPTION EXPT))
Warnings:  None
Time:  0.00 seconds (prove: 0.00, print: 0.00, other: 0.00)
COLLECT-TIMES-2E

Summary
Form:  ( DEFTHM COLLECT-TIMES-2F ...)
Rules: ((:DEFINITION COLLECT-*)
        (:DEFINITION EXPT)
        (:DEFINITION FIX)
        (:DEFINITION NOT)
        (:DEFINITION SYNP)
        (:EXECUTABLE-COUNTERPART <)
        (:EXECUTABLE-COUNTERPART BINARY-+)
        (:EXECUTABLE-COUNTERPART EQUAL)
        (:EXECUTABLE-COUNTERPART FIX)
        (:EXECUTABLE-COUNTERPART INTEGERP)
        (:EXECUTABLE-COUNTERPART NOT)
        (:EXECUTABLE-COUNTERPART UNARY--)
        (:EXECUTABLE-COUNTERPART UNARY-/)
        (:EXECUTABLE-COUNTERPART ZIP)
        (:FAKE-RUNE-FOR-TYPE-SET NIL)
        (:REWRITE COMMUTATIVITY-OF-*)
        (:REWRITE EQUAL-+-X-Y-0)
        (:REWRITE EQUAL-MINUS-MINUS)
        (:REWRITE EXPONENTS-ADD-1)
        (:REWRITE EXPT-0)
        (:REWRITE EXPT-1)
        (:REWRITE HIDE-REVEALED)
        (:REWRITE INVERSE-OF-*)
        (:REWRITE TIMES-ZERO)
        (:REWRITE UNICITY-OF-1)
        (:TYPE-PRESCRIPTION EXPT))
Warnings:  None
Time:  0.00 seconds (prove: 0.00, print: 0.00, other: 0.00)
COLLECT-TIMES-2F

Summary
Form:  ( DEFTHM COLLECT-TIMES-2G ...)
Rules: ((:DEFINITION COLLECT-*)
        (:DEFINITION EXPT)
        (:DEFINITION FIX)
        (:DEFINITION NOT)
        (:DEFINITION SYNP)
        (:EXECUTABLE-COUNTERPART <)
        (:EXECUTABLE-COUNTERPART BINARY-+)
        (:EXECUTABLE-COUNTERPART EQUAL)
        (:EXECUTABLE-COUNTERPART FIX)
        (:EXECUTABLE-COUNTERPART INTEGERP)
        (:EXECUTABLE-COUNTERPART NOT)
        (:EXECUTABLE-COUNTERPART UNARY--)
        (:EXECUTABLE-COUNTERPART UNARY-/)
        (:EXECUTABLE-COUNTERPART ZIP)
        (:FAKE-RUNE-FOR-TYPE-SET NIL)
        (:REWRITE COMMUTATIVITY-OF-*)
        (:REWRITE COMMUTATIVITY-OF-+)
        (:REWRITE DISTRIBUTIVITY-OF-/-OVER-*)
        (:REWRITE EQUAL-+-X-Y-0)
        (:REWRITE EXPONENTS-ADD-1)
        (:REWRITE EXPT-0)
        (:REWRITE EXPT-1)
        (:REWRITE FUNCTIONAL-COMMUTATIVITY-OF-EXPT-/-BASE)
        (:REWRITE FUNCTIONAL-SELF-INVERSION-OF-/)
        (:REWRITE HIDE-REVEALED)
        (:REWRITE INVERSE-OF-*)
        (:REWRITE TIMES-ZERO)
        (:REWRITE UNICITY-OF-1))
Warnings:  None
Time:  0.01 seconds (prove: 0.01, print: 0.00, other: 0.00)
COLLECT-TIMES-2G

Summary
Form:  ( DEFTHM COLLECT-TIMES-2H ...)
Rules: ((:DEFINITION COLLECT-*)
        (:DEFINITION EXPT)
        (:DEFINITION FIX)
        (:DEFINITION NOT)
        (:DEFINITION SYNP)
        (:EXECUTABLE-COUNTERPART <)
        (:EXECUTABLE-COUNTERPART BINARY-+)
        (:EXECUTABLE-COUNTERPART EQUAL)
        (:EXECUTABLE-COUNTERPART FIX)
        (:EXECUTABLE-COUNTERPART INTEGERP)
        (:EXECUTABLE-COUNTERPART NOT)
        (:EXECUTABLE-COUNTERPART UNARY--)
        (:EXECUTABLE-COUNTERPART UNARY-/)
        (:EXECUTABLE-COUNTERPART ZIP)
        (:FAKE-RUNE-FOR-TYPE-SET NIL)
        (:REWRITE COMMUTATIVITY-OF-*)
        (:REWRITE COMMUTATIVITY-OF-+)
        (:REWRITE DISTRIBUTIVITY-OF-/-OVER-*)
        (:REWRITE EQUAL-+-X-Y-0)
        (:REWRITE EXPONENTS-ADD-1)
        (:REWRITE EXPT-0)
        (:REWRITE EXPT-1)
        (:REWRITE FUNCTIONAL-COMMUTATIVITY-OF-EXPT-/-BASE)
        (:REWRITE FUNCTIONAL-SELF-INVERSION-OF-/)
        (:REWRITE HIDE-REVEALED)
        (:REWRITE INVERSE-OF-*)
        (:REWRITE TIMES-ZERO)
        (:REWRITE UNICITY-OF-1))
Warnings:  None
Time:  0.01 seconds (prove: 0.01, print: 0.00, other: 0.00)
COLLECT-TIMES-2H

Summary
Form:  ( DEFTHM COLLECT-TIMES-3A ...)
Rules: ((:COMPOUND-RECOGNIZER ZIP-COMPOUND-RECOGNIZER)
        (:DEFINITION =)
        (:DEFINITION COLLECT-*)
        (:DEFINITION EXPT)
        (:DEFINITION FIX)
        (:DEFINITION NOT)
        (:DEFINITION SYNP)
        (:EXECUTABLE-COUNTERPART <)
        (:EXECUTABLE-COUNTERPART BINARY-*)
        (:EXECUTABLE-COUNTERPART BINARY-+)
        (:EXECUTABLE-COUNTERPART EQUAL)
        (:EXECUTABLE-COUNTERPART EXPT)
        (:EXECUTABLE-COUNTERPART INTEGERP)
        (:EXECUTABLE-COUNTERPART NOT)
        (:EXECUTABLE-COUNTERPART UNARY--)
        (:EXECUTABLE-COUNTERPART ZIP)
        (:FAKE-RUNE-FOR-TYPE-SET NIL)
        (:INDUCTION EXPT)
        (:REWRITE COMMUTATIVITY-2-OF-*)
        (:REWRITE COMMUTATIVITY-OF-*)
        (:REWRITE COMMUTATIVITY-OF-+)
        (:REWRITE DISTRIBUTIVITY-OF-MINUS-OVER-+)
        (:REWRITE EQUAL-+-X-Y-0)
        (:REWRITE EXPONENTS-ADD-1)
        (:REWRITE EXPONENTS-ADD-2)
        (:REWRITE EXPT-0)
        (:REWRITE EXPT-1)
        (:REWRITE FUNCTIONAL-SELF-INVERSION-OF-MINUS)
        (:REWRITE HIDE-REVEALED)
        (:REWRITE UNICITY-OF-1))
Warnings:  None
Time:  0.03 seconds (prove: 0.03, print: 0.00, other: 0.00)
COLLECT-TIMES-3A

Summary
Form:  ( DEFTHM COLLECT-TIMES-3B ...)
Rules: ((:COMPOUND-RECOGNIZER ZIP-COMPOUND-RECOGNIZER)
        (:DEFINITION =)
        (:DEFINITION COLLECT-*)
        (:DEFINITION EXPT)
        (:DEFINITION FIX)
        (:DEFINITION NOT)
        (:DEFINITION SYNP)
        (:EXECUTABLE-COUNTERPART <)
        (:EXECUTABLE-COUNTERPART BINARY-*)
        (:EXECUTABLE-COUNTERPART BINARY-+)
        (:EXECUTABLE-COUNTERPART EQUAL)
        (:EXECUTABLE-COUNTERPART EXPT)
        (:EXECUTABLE-COUNTERPART FIX)
        (:EXECUTABLE-COUNTERPART INTEGERP)
        (:EXECUTABLE-COUNTERPART NOT)
        (:EXECUTABLE-COUNTERPART UNARY--)
        (:EXECUTABLE-COUNTERPART UNARY-/)
        (:EXECUTABLE-COUNTERPART ZIP)
        (:FAKE-RUNE-FOR-LINEAR NIL)
        (:FAKE-RUNE-FOR-TYPE-SET NIL)
        (:INDUCTION EXPT)
        (:REWRITE /-CANCELLATION-ON-LEFT)
        (:REWRITE <-0-+-NEGATIVE-2)
        (:REWRITE COMMUTATIVITY-2-OF-*)
        (:REWRITE COMMUTATIVITY-OF-*)
        (:REWRITE COMMUTATIVITY-OF-+)
        (:REWRITE DISTRIBUTIVITY-OF-MINUS-OVER-+)
        (:REWRITE EQUAL-*-X-Y-X)
        (:REWRITE EQUAL-+-X-Y-0)
        (:REWRITE EQUAL-+-X-Y-Y)
        (:REWRITE EQUAL-/)
        (:REWRITE EQUAL-MINUS-MINUS)
        (:REWRITE EXPONENTS-ADD-1)
        (:REWRITE EXPONENTS-ADD-2)
        (:REWRITE EXPT-0)
        (:REWRITE EXPT-1)
        (:REWRITE FUNCTIONAL-COMMUTATIVITY-OF-EXPT-/-BASE)
        (:REWRITE FUNCTIONAL-SELF-INVERSION-OF-MINUS)
        (:REWRITE HIDE-REVEALED)
        (:REWRITE INVERSE-OF-*)
        (:REWRITE LEFT-CANCELLATION-FOR-*)
        (:REWRITE RIGHT-CANCELLATION-FOR-*)
        (:REWRITE UNICITY-OF-1)
        (:REWRITE ZIP-OPEN)
        (:TYPE-PRESCRIPTION EXPT)
        (:TYPE-PRESCRIPTION EXPT-TYPE-PRESCRIPTION-NONZERO))
Warnings:  None
Time:  0.14 seconds (prove: 0.14, print: 0.00, other: 0.00)
COLLECT-TIMES-3B

Summary
Form:  ( DEFTHM COLLECT-TIMES-3C ...)
Rules: ((:COMPOUND-RECOGNIZER ZIP-COMPOUND-RECOGNIZER)
        (:DEFINITION =)
        (:DEFINITION COLLECT-*)
        (:DEFINITION EXPT)
        (:DEFINITION FIX)
        (:DEFINITION NOT)
        (:DEFINITION SYNP)
        (:EXECUTABLE-COUNTERPART <)
        (:EXECUTABLE-COUNTERPART BINARY-*)
        (:EXECUTABLE-COUNTERPART BINARY-+)
        (:EXECUTABLE-COUNTERPART EQUAL)
        (:EXECUTABLE-COUNTERPART EXPT)
        (:EXECUTABLE-COUNTERPART FIX)
        (:EXECUTABLE-COUNTERPART INTEGERP)
        (:EXECUTABLE-COUNTERPART NOT)
        (:EXECUTABLE-COUNTERPART UNARY--)
        (:EXECUTABLE-COUNTERPART UNARY-/)
        (:EXECUTABLE-COUNTERPART ZIP)
        (:FAKE-RUNE-FOR-LINEAR NIL)
        (:FAKE-RUNE-FOR-TYPE-SET NIL)
        (:INDUCTION EXPT)
        (:REWRITE /-CANCELLATION-ON-LEFT)
        (:REWRITE <-0-+-NEGATIVE-2)
        (:REWRITE COMMUTATIVITY-2-OF-*)
        (:REWRITE COMMUTATIVITY-OF-*)
        (:REWRITE COMMUTATIVITY-OF-+)
        (:REWRITE DISTRIBUTIVITY-OF-MINUS-OVER-+)
        (:REWRITE EQUAL-+-X-Y-0)
        (:REWRITE EQUAL-+-X-Y-Y)
        (:REWRITE EQUAL-/)
        (:REWRITE EQUAL-MINUS-MINUS)
        (:REWRITE EXPONENTS-ADD-1)
        (:REWRITE EXPONENTS-ADD-2)
        (:REWRITE EXPT-0)
        (:REWRITE EXPT-1)
        (:REWRITE FUNCTIONAL-COMMUTATIVITY-OF-EXPT-/-BASE)
        (:REWRITE FUNCTIONAL-SELF-INVERSION-OF-MINUS)
        (:REWRITE HIDE-REVEALED)
        (:REWRITE INVERSE-OF-*)
        (:REWRITE LEFT-CANCELLATION-FOR-*)
        (:REWRITE UNICITY-OF-1)
        (:REWRITE ZIP-OPEN)
        (:TYPE-PRESCRIPTION EXPT)
        (:TYPE-PRESCRIPTION EXPT-TYPE-PRESCRIPTION-NONZERO))
Warnings:  None
Time:  0.08 seconds (prove: 0.08, print: 0.00, other: 0.00)
COLLECT-TIMES-3C

Summary
Form:  ( DEFTHM COLLECT-TIMES-3D ...)
Rules: ((:COMPOUND-RECOGNIZER ZIP-COMPOUND-RECOGNIZER)
        (:DEFINITION =)
        (:DEFINITION COLLECT-*)
        (:DEFINITION EXPT)
        (:DEFINITION FIX)
        (:DEFINITION NOT)
        (:DEFINITION SYNP)
        (:EXECUTABLE-COUNTERPART <)
        (:EXECUTABLE-COUNTERPART BINARY-*)
        (:EXECUTABLE-COUNTERPART BINARY-+)
        (:EXECUTABLE-COUNTERPART EQUAL)
        (:EXECUTABLE-COUNTERPART EXPT)
        (:EXECUTABLE-COUNTERPART FIX)
        (:EXECUTABLE-COUNTERPART INTEGERP)
        (:EXECUTABLE-COUNTERPART NOT)
        (:EXECUTABLE-COUNTERPART UNARY--)
        (:EXECUTABLE-COUNTERPART UNARY-/)
        (:EXECUTABLE-COUNTERPART ZIP)
        (:FAKE-RUNE-FOR-TYPE-SET NIL)
        (:INDUCTION EXPT)
        (:REWRITE COMMUTATIVITY-2-OF-*)
        (:REWRITE COMMUTATIVITY-OF-*)
        (:REWRITE COMMUTATIVITY-OF-+)
        (:REWRITE DISTRIBUTIVITY-OF-/-OVER-*)
        (:REWRITE DISTRIBUTIVITY-OF-MINUS-OVER-+)
        (:REWRITE EQUAL-+-X-Y-0)
        (:REWRITE EQUAL-MINUS-0)
        (:REWRITE EXPONENTS-ADD-1)
        (:REWRITE EXPONENTS-ADD-2)
        (:REWRITE EXPT-0)
        (:REWRITE EXPT-1)
        (:REWRITE FUNCTIONAL-COMMUTATIVITY-OF-EXPT-/-BASE)
        (:REWRITE FUNCTIONAL-SELF-INVERSION-OF-/)
        (:REWRITE FUNCTIONAL-SELF-INVERSION-OF-MINUS)
        (:REWRITE HIDE-REVEALED)
        (:REWRITE UNICITY-OF-1))
Warnings:  None
Time:  0.04 seconds (prove: 0.04, print: 0.00, other: 0.00)
COLLECT-TIMES-3D

Summary
Form:  ( DEFTHM COLLECT-TIMES-4 ...)
Rules: ((:DEFINITION COLLECT-*)
        (:FAKE-RUNE-FOR-TYPE-SET NIL)
        (:REWRITE DISTRIBUTIVITY-OF-EXPT-OVER-*)
        (:REWRITE HIDE-REVEALED))
Warnings:  None
Time:  0.00 seconds (prove: 0.00, print: 0.00, other: 0.00)
COLLECT-TIMES-4

Summary
Form:  ( DEFUN ADDEND-PATTERN ...)
Rules: ((:DEFINITION ACL2-COUNT)
        (:DEFINITION ATOM)
        (:DEFINITION EQ)
        (:DEFINITION FIX)
        (:DEFINITION NOT)
        (:DEFINITION O-FINP)
        (:DEFINITION O<)
        (:DEFINITION SYNP)
        (:ELIM CAR-CDR-ELIM)
        (:EXECUTABLE-COUNTERPART ACL2-COUNT)
        (:EXECUTABLE-COUNTERPART BINARY-+)
        (:EXECUTABLE-COUNTERPART EQUAL)
        (:EXECUTABLE-COUNTERPART NOT)
        (:EXECUTABLE-COUNTERPART SYMBOLP)
        (:FAKE-RUNE-FOR-LINEAR NIL)
        (:FAKE-RUNE-FOR-TYPE-SET NIL)
        (:REWRITE CAR-CONS)
        (:REWRITE CDR-CONS)
        (:REWRITE COMMUTATIVITY-2-OF-+)
        (:REWRITE COMMUTATIVITY-OF-+)
        (:REWRITE DEFAULT-CAR)
        (:REWRITE FOLD-CONSTS-IN-+)
        (:REWRITE UNICITY-OF-0)
        (:TYPE-PRESCRIPTION ACL2-COUNT))
Warnings:  None
Time:  0.03 seconds (prove: 0.02, print: 0.00, other: 0.01)
ADDEND-PATTERN

Summary
Form:  ( DEFUN FACTOR-PATTERN-GATHER-EXPONENTS ...)
Rules: ((:DEFINITION ACL2-COUNT)
        (:DEFINITION ATOM)
        (:DEFINITION EQ)
        (:DEFINITION FIX)
        (:DEFINITION FN-SYMB)
        (:DEFINITION MEMBER-EQ)
        (:DEFINITION NOT)
        (:DEFINITION O-FINP)
        (:DEFINITION O<)
        (:DEFINITION QUOTEP)
        (:DEFINITION SYNP)
        (:ELIM CAR-CDR-ELIM)
        (:EXECUTABLE-COUNTERPART ACL2-COUNT)
        (:EXECUTABLE-COUNTERPART BINARY-+)
        (:EXECUTABLE-COUNTERPART CAR)
        (:EXECUTABLE-COUNTERPART CDR)
        (:EXECUTABLE-COUNTERPART CONSP)
        (:EXECUTABLE-COUNTERPART EQUAL)
        (:EXECUTABLE-COUNTERPART MEMBER-EQ)
        (:EXECUTABLE-COUNTERPART NOT)
        (:EXECUTABLE-COUNTERPART SYMBOLP)
        (:FAKE-RUNE-FOR-LINEAR NIL)
        (:FAKE-RUNE-FOR-TYPE-SET NIL)
        (:REWRITE CAR-CONS)
        (:REWRITE CDR-CONS)
        (:REWRITE COMMUTATIVITY-2-OF-+)
        (:REWRITE COMMUTATIVITY-OF-+)
        (:REWRITE DEFAULT-CAR)
        (:REWRITE FOLD-CONSTS-IN-+)
        (:REWRITE UNICITY-OF-0)
        (:TYPE-PRESCRIPTION ACL2-COUNT))
Warnings:  None
Time:  0.06 seconds (prove: 0.04, print: 0.00, other: 0.02)
FACTOR-PATTERN-GATHER-EXPONENTS

Summary
Form:  ( DEFUN FACTOR-PATTERN-EXPONENT2 ...)
Rules: NIL
Warnings:  None
Time:  0.01 seconds (prove: 0.00, print: 0.00, other: 0.01)
FACTOR-PATTERN-EXPONENT2

Summary
Form:  ( DEFUN FACTOR-PATTERN-EXPONENT1 ...)
Rules: ((:DEFINITION ACL2-COUNT)
        (:DEFINITION EQ)
        (:DEFINITION FIX)
        (:DEFINITION FN-SYMB)
        (:DEFINITION NOT)
        (:DEFINITION O-FINP)
        (:DEFINITION O<)
        (:DEFINITION SYNP)
        (:ELIM CAR-CDR-ELIM)
        (:EXECUTABLE-COUNTERPART ACL2-COUNT)
        (:EXECUTABLE-COUNTERPART BINARY-+)
        (:EXECUTABLE-COUNTERPART CAR)
        (:EXECUTABLE-COUNTERPART EQUAL)
        (:EXECUTABLE-COUNTERPART NOT)
        (:EXECUTABLE-COUNTERPART SYMBOLP)
        (:FAKE-RUNE-FOR-LINEAR NIL)
        (:FAKE-RUNE-FOR-TYPE-SET NIL)
        (:REWRITE CAR-CONS)
        (:REWRITE CDR-CONS)
        (:REWRITE COMMUTATIVITY-2-OF-+)
        (:REWRITE DEFAULT-CAR)
        (:REWRITE DEFAULT-CDR)
        (:REWRITE FOLD-CONSTS-IN-+)
        (:REWRITE UNICITY-OF-0)
        (:TYPE-PRESCRIPTION ACL2-COUNT))
Warnings:  None
Time:  0.02 seconds (prove: 0.01, print: 0.00, other: 0.01)
FACTOR-PATTERN-EXPONENT1

Summary
Form:  ( DEFUN FACTOR-PATTERN-EXPONENT ...)
Rules: ((:FAKE-RUNE-FOR-TYPE-SET NIL))
Warnings:  None
Time:  0.01 seconds (prove: 0.00, print: 0.00, other: 0.01)
FACTOR-PATTERN-EXPONENT

Summary
Form:  ( DEFUN FACTOR-PATTERN-SCATTER-EXPONENTS ...)
Rules: ((:DEFINITION ACL2-COUNT)
        (:DEFINITION ATOM)
        (:DEFINITION EQ)
        (:DEFINITION FIX)
        (:DEFINITION NOT)
        (:DEFINITION O-FINP)
        (:DEFINITION O<)
        (:DEFINITION SYNP)
        (:ELIM CAR-CDR-ELIM)
        (:EXECUTABLE-COUNTERPART ACL2-COUNT)
        (:EXECUTABLE-COUNTERPART BINARY-+)
        (:EXECUTABLE-COUNTERPART EQUAL)
        (:EXECUTABLE-COUNTERPART NOT)
        (:EXECUTABLE-COUNTERPART SYMBOLP)
        (:FAKE-RUNE-FOR-LINEAR NIL)
        (:FAKE-RUNE-FOR-TYPE-SET NIL)
        (:REWRITE CAR-CONS)
        (:REWRITE CDR-CONS)
        (:REWRITE DEFAULT-CAR)
        (:REWRITE FOLD-CONSTS-IN-+)
        (:REWRITE UNICITY-OF-0)
        (:TYPE-PRESCRIPTION ACL2-COUNT))
Warnings:  None
Time:  0.04 seconds (prove: 0.01, print: 0.00, other: 0.04)
FACTOR-PATTERN-SCATTER-EXPONENTS

Summary
Form:  ( DEFUN PATTERN-MATCHP ...)
Rules: ((:FAKE-RUNE-FOR-TYPE-SET NIL))
Warnings:  None
Time:  0.02 seconds (prove: 0.00, print: 0.00, other: 0.02)
PATTERN-MATCHP

Summary
Form:  ( IN-THEORY (DISABLE ...))
Rules: NIL
Warnings:  None
Time:  0.00 seconds (prove: 0.00, print: 0.00, other: 0.00)
1978

Summary
Form:  ( DEFUN ASSOC-PATTERN-MATCHP ...)
Rules: NIL
Warnings:  None
Time:  0.01 seconds (prove: 0.00, print: 0.00, other: 0.01)
ASSOC-PATTERN-MATCHP

Summary
Form:  ( DEFUN FIX-VAL ...)
Rules: ((:FAKE-RUNE-FOR-TYPE-SET NIL)
        (:TYPE-PRESCRIPTION RFIX))
Warnings:  None
Time:  0.00 seconds (prove: 0.00, print: 0.00, other: 0.00)
FIX-VAL

Summary
Form:  ( DEFUN ADDEND-VAL ...)
Rules: ((:TYPE-PRESCRIPTION FIX-VAL))
Warnings:  None
Time:  0.01 seconds (prove: 0.00, print: 0.00, other: 0.01)
ADDEND-VAL

Summary
Form:  ( DEFUN FACTOR-VAL1 ...)
Rules: ((:DEFINITION ACL2-COUNT)
        (:DEFINITION ATOM)
        (:DEFINITION EQ)
        (:DEFINITION FIX)
        (:DEFINITION NOT)
        (:DEFINITION O-FINP)
        (:DEFINITION O<)
        (:DEFINITION SYNP)
        (:ELIM CAR-CDR-ELIM)
        (:EXECUTABLE-COUNTERPART ACL2-COUNT)
        (:EXECUTABLE-COUNTERPART BINARY-+)
        (:EXECUTABLE-COUNTERPART CAR)
        (:EXECUTABLE-COUNTERPART EQUAL)
        (:EXECUTABLE-COUNTERPART NOT)
        (:EXECUTABLE-COUNTERPART SYMBOLP)
        (:FAKE-RUNE-FOR-LINEAR NIL)
        (:FAKE-RUNE-FOR-TYPE-SET NIL)
        (:REWRITE CAR-CONS)
        (:REWRITE CDR-CONS)
        (:REWRITE COMMUTATIVITY-2-OF-+)
        (:REWRITE DEFAULT-CAR)
        (:REWRITE DEFAULT-CDR)
        (:REWRITE FOLD-CONSTS-IN-+)
        (:REWRITE UNICITY-OF-0)
        (:TYPE-PRESCRIPTION ACL2-COUNT)
        (:TYPE-PRESCRIPTION FIX-VAL))
Warnings:  None
Time:  0.03 seconds (prove: 0.02, print: 0.00, other: 0.01)
FACTOR-VAL1

Summary
Form:  ( DEFUN FACTOR-VAL ...)
Rules: ((:FAKE-RUNE-FOR-TYPE-SET NIL)
        (:TYPE-PRESCRIPTION FACTOR-VAL1))
Warnings:  None
Time:  0.01 seconds (prove: 0.00, print: 0.00, other: 0.01)
FACTOR-VAL

Summary
Form:  ( DEFUN USE-FIRSTP ...)
Rules: NIL
Warnings:  None
Time:  0.01 seconds (prove: 0.00, print: 0.00, other: 0.00)
USE-FIRSTP

Summary
Form:  ( DEFUN MY-APPLY-1 ...)
Rules: NIL
Warnings:  None
Time:  0.01 seconds (prove: 0.00, print: 0.00, other: 0.01)
MY-APPLY-1

Summary
Form:  ( IN-THEORY (DISABLE ...))
Rules: NIL
Warnings:  None
Time:  0.00 seconds (prove: 0.00, print: 0.00, other: 0.00)
2000

Summary
Form:  ( DEFUN PULL-PIECE-OUT ...)
Rules: ((:DEFINITION ACL2-COUNT)
        (:DEFINITION ATOM)
        (:DEFINITION EQ)
        (:DEFINITION NOT)
        (:DEFINITION O-FINP)
        (:DEFINITION O<)
        (:DEFINITION SYNP)
        (:ELIM CAR-CDR-ELIM)
        (:EXECUTABLE-COUNTERPART ACL2-COUNT)
        (:EXECUTABLE-COUNTERPART BINARY-+)
        (:EXECUTABLE-COUNTERPART CAR)
        (:FAKE-RUNE-FOR-LINEAR NIL)
        (:FAKE-RUNE-FOR-TYPE-SET NIL)
        (:REWRITE CAR-CONS)
        (:REWRITE CDR-CONS)
        (:REWRITE COMMUTATIVITY-2-OF-+)
        (:REWRITE DEFAULT-CAR)
        (:REWRITE DEFAULT-CDR)
        (:REWRITE FOLD-CONSTS-IN-+)
        (:TYPE-PRESCRIPTION ACL2-COUNT))
Warnings:  None
Time:  0.03 seconds (prove: 0.01, print: 0.00, other: 0.02)
PULL-PIECE-OUT

Summary
Form:  ( DEFUN NEW-TERM1 ...)
Rules: ((:FAKE-RUNE-FOR-TYPE-SET NIL))
Warnings:  None
Time:  0.02 seconds (prove: 0.00, print: 0.00, other: 0.02)
NEW-TERM1

Summary
Form:  ( DEFUN NEW-TERM ...)
Rules: ((:DEFINITION ACL2-COUNT)
        (:DEFINITION EQ)
        (:DEFINITION FIX)
        (:DEFINITION FN-SYMB)
        (:DEFINITION NOT)
        (:DEFINITION O-FINP)
        (:DEFINITION O<)
        (:DEFINITION SYNP)
        (:ELIM CAR-CDR-ELIM)
        (:EXECUTABLE-COUNTERPART ACL2-COUNT)
        (:EXECUTABLE-COUNTERPART BINARY-+)
        (:EXECUTABLE-COUNTERPART CAR)
        (:EXECUTABLE-COUNTERPART EQUAL)
        (:EXECUTABLE-COUNTERPART NOT)
        (:EXECUTABLE-COUNTERPART SYMBOLP)
        (:FAKE-RUNE-FOR-LINEAR NIL)
        (:FAKE-RUNE-FOR-TYPE-SET NIL)
        (:REWRITE CAR-CONS)
        (:REWRITE CDR-CONS)
        (:REWRITE COMMUTATIVITY-2-OF-+)
        (:REWRITE DEFAULT-CAR)
        (:REWRITE DEFAULT-CDR)
        (:REWRITE FOLD-CONSTS-IN-+)
        (:REWRITE UNICITY-OF-0)
        (:TYPE-PRESCRIPTION ACL2-COUNT)
        (:TYPE-PRESCRIPTION NEW-TERM1))
Warnings:  None
Time:  0.02 seconds (prove: 0.01, print: 0.00, other: 0.01)
NEW-TERM

Summary
Form:  ( DEFUN PULL-PIECE-UP ...)
Rules: ((:FAKE-RUNE-FOR-TYPE-SET NIL))
Warnings:  None
Time:  0.01 seconds (prove: 0.00, print: 0.00, other: 0.01)
PULL-PIECE-UP

Summary
Form:  ( DEFTHM PULL-PIECE-UP-CORRECT ...)
Rules: ((:DEFINITION EQ)
        (:DEFINITION FIX)
        (:DEFINITION FN-SYMB)
        (:DEFINITION MEMBER-EQ)
        (:DEFINITION MV-NTH)
        (:DEFINITION NOT)
        (:DEFINITION PULL-PIECE-OUT)
        (:DEFINITION PULL-PIECE-UP)
        (:EXECUTABLE-COUNTERPART ACL2-NUMBERP)
        (:EXECUTABLE-COUNTERPART BINARY-+)
        (:EXECUTABLE-COUNTERPART CAR)
        (:EXECUTABLE-COUNTERPART CDR)
        (:EXECUTABLE-COUNTERPART CONSP)
        (:EXECUTABLE-COUNTERPART EQUAL)
        (:EXECUTABLE-COUNTERPART IF)
        (:EXECUTABLE-COUNTERPART NOT)
        (:EXECUTABLE-COUNTERPART ZP)
        (:FAKE-RUNE-FOR-LINEAR NIL)
        (:FAKE-RUNE-FOR-TYPE-SET NIL)
        (:INDUCTION PULL-PIECE-OUT)
        (:REWRITE CAR-CONS)
        (:REWRITE CDR-CONS)
        (:REWRITE COMMUTATIVITY-2-OF-*)
        (:REWRITE COMMUTATIVITY-2-OF-+)
        (:REWRITE COMMUTATIVITY-OF-*)
        (:REWRITE COMMUTATIVITY-OF-+)
        (:REWRITE DEFAULT-*-1)
        (:REWRITE DEFAULT-*-2)
        (:REWRITE DEFAULT-+-1)
        (:REWRITE EQUAL-*-X-Y-0)
        (:REWRITE EQUAL-*-Y-X-X)
        (:REWRITE EQUAL-+-X-Y-Y)
        (:REWRITE EVA-CONSTRAINT-1)
        (:REWRITE EVA-CONSTRAINT-10)
        (:REWRITE EVA-CONSTRAINT-11)
        (:REWRITE LEFT-CANCELLATION-FOR-*)
        (:REWRITE LEFT-CANCELLATION-FOR-+)
        (:REWRITE TIMES-ZERO)
        (:REWRITE UNICITY-OF-0)
        (:REWRITE UNICITY-OF-1)
        (:TYPE-PRESCRIPTION PATTERN-MATCHP)
        (:TYPE-PRESCRIPTION PULL-PIECE-OUT))
Warnings:  None
Time:  5.93 seconds (prove: 5.93, print: 0.00, other: 0.00)
PULL-PIECE-UP-CORRECT

Summary
Form:  ( DEFTHM NEW-TERM1-CORRECT ...)
Rules: ((:DEFINITION COLLECT-*)
        (:DEFINITION COLLECT-+)
        (:DEFINITION FIX)
        (:DEFINITION FN-SYMB)
        (:DEFINITION MEMBER)
        (:DEFINITION MEMBER-EQ)
        (:DEFINITION MV-NTH)
        (:DEFINITION NEW-TERM1)
        (:DEFINITION NOT)
        (:DEFINITION PULL-PIECE-UP)
        (:DEFINITION UN-HIDE-*)
        (:DEFINITION UN-HIDE-+)
        (:EXECUTABLE-COUNTERPART CAR)
        (:EXECUTABLE-COUNTERPART CDR)
        (:EXECUTABLE-COUNTERPART CONSP)
        (:EXECUTABLE-COUNTERPART EQUAL)
        (:EXECUTABLE-COUNTERPART MEMBER-EQ)
        (:EXECUTABLE-COUNTERPART NOT)
        (:EXECUTABLE-COUNTERPART ZP)
        (:FAKE-RUNE-FOR-TYPE-SET NIL)
        (:REWRITE CAR-CONS)
        (:REWRITE CDR-CONS)
        (:REWRITE COMMUTATIVITY-2-OF-*)
        (:REWRITE COMMUTATIVITY-2-OF-+)
        (:REWRITE COMMUTATIVITY-OF-*)
        (:REWRITE COMMUTATIVITY-OF-+)
        (:REWRITE EVA-CONSTRAINT-10)
        (:REWRITE EVA-CONSTRAINT-11)
        (:REWRITE EVA-CONSTRAINT-23)
        (:REWRITE EVA-CONSTRAINT-6)
        (:REWRITE EVA-CONSTRAINT-7)
        (:REWRITE EVA-CONSTRAINT-8)
        (:REWRITE EVA-CONSTRAINT-9)
        (:REWRITE HIDE-REVEALED)
        (:REWRITE LEFT-CANCELLATION-FOR-+)
        (:TYPE-PRESCRIPTION PULL-PIECE-OUT))
Warnings:  None
Time:  0.04 seconds (prove: 0.04, print: 0.00, other: 0.00)
NEW-TERM1-CORRECT

Summary
Form:  ( DEFTHM NEW-TERM-CORRECT ...)
Rules: ((:DEFINITION EQ)
        (:DEFINITION FN-SYMB)
        (:DEFINITION MV-NTH)
        (:DEFINITION NEW-TERM)
        (:DEFINITION NOT)
        (:EXECUTABLE-COUNTERPART EQUAL)
        (:EXECUTABLE-COUNTERPART ZP)
        (:FAKE-RUNE-FOR-TYPE-SET NIL)
        (:INDUCTION NEW-TERM)
        (:REWRITE CAR-CONS)
        (:REWRITE CDR-CONS)
        (:REWRITE DISTRIBUTIVITY)
        (:REWRITE EVA-CONSTRAINT-10)
        (:REWRITE EVA-CONSTRAINT-11)
        (:REWRITE NEW-TERM1-CORRECT)
        (:TYPE-PRESCRIPTION NEW-TERM)
        (:TYPE-PRESCRIPTION NEW-TERM1))
Warnings:  None
Time:  0.02 seconds (prove: 0.02, print: 0.00, other: 0.00)
NEW-TERM-CORRECT

Summary
Form:  ( ENCAPSULATE NIL (LOCAL ...) ...)
Rules: NIL
Warnings:  None
Time:  6.00 seconds (prove: 5.99, print: 0.00, other: 0.01)
T

Summary
Form:  ( IN-THEORY (DISABLE ...))
Rules: NIL
Warnings:  None
Time:  0.00 seconds (prove: 0.00, print: 0.00, other: 0.00)
2006

Summary
Form:  ( IN-THEORY (DISABLE ...))
Rules: NIL
Warnings:  None
Time:  0.00 seconds (prove: 0.00, print: 0.00, other: 0.00)
1997

Summary
Form:  ( IN-THEORY (DISABLE ...))
Rules: NIL
Warnings:  None
Time:  0.00 seconds (prove: 0.00, print: 0.00, other: 0.00)
1997

Summary
Form:  ( IN-THEORY (DISABLE ...))
Rules: NIL
Warnings:  None
Time:  0.00 seconds (prove: 0.00, print: 0.00, other: 0.00)
1995

Summary
Form:  ( IN-THEORY (DISABLE ...))
Rules: NIL
Warnings:  None
Time:  0.00 seconds (prove: 0.00, print: 0.00, other: 0.00)
1995

Summary
Form:  ( IN-THEORY (DISABLE ...))
Rules: NIL
Warnings:  None
Time:  0.00 seconds (prove: 0.00, print: 0.00, other: 0.00)
1990

Summary
Form:  ( IN-THEORY (DISABLE ...))
Rules: NIL
Warnings:  None
Time:  0.00 seconds (prove: 0.00, print: 0.00, other: 0.00)
1969

Summary
Form:  ( IN-THEORY (DISABLE ...))
Rules: NIL
Warnings:  None
Time:  0.00 seconds (prove: 0.00, print: 0.00, other: 0.00)
1958

Summary
Form:  ( INCLUDE-BOOK "common-meta" ...)
Rules: NIL
Warnings:  None
Time:  0.24 seconds (prove: 0.00, print: 0.00, other: 0.24)

"/Users/huangjianshi/src/acl2-sources/books/arithmetic-2/meta/common-meta.fasl"


Summary
Form:  (CERTIFY-BOOK "common-meta" ...)
Rules: NIL
Warnings:  None
Time:  7.64 seconds (prove: 6.88, print: 0.00, other: 0.75)
 "/Users/huangjianshi/src/acl2-sources/books/arithmetic-2/meta/common-meta.lisp"
ACL2 !>
Exiting the ACL2 read-eval-print loop.  To re-enter, execute (LP).
* 