This is SBCL 1.0.1.34, an implementation of ANSI Common Lisp.
More information about SBCL is available at <http://www.sbcl.org/>.

SBCL is free software, provided as is, with absolutely no warranty.
It is mostly in the public domain; some portions are provided under
BSD-style licenses.  See the CREDITS and COPYING files in the
distribution for more information.

 ACL2 Version 3.1 built January 26, 2007  15:12:42.
 Copyright (C) 2006  University of Texas at Austin
 ACL2 comes with ABSOLUTELY NO WARRANTY.  This is free software and you
 are welcome to redistribute it under certain conditions.  For details,
 see the GNU General Public License.

 Initialized with (INITIALIZE-ACL2 'INCLUDE-BOOK *ACL2-PASS-2-FILES*).
 See the documentation topic note-3-1 for recent changes.
 Note: We have modified the prompt in some underlying Lisps to further
 distinguish it from the ACL2 prompt.

 NOTE!!  Proof trees are disabled in ACL2.  To enable them in emacs,
 look under the ACL2 source directory in interface/emacs/README.doc; 
 and, to turn on proof trees, execute :START-PROOF-TREE in the ACL2 
 command loop.   Look in the ACL2 documentation under PROOF-TREE.

ACL2 Version 3.1.  Level 1.  Cbd 
"/Users/huangjianshi/src/acl2-sources/books/arithmetic-2/meta/".
Type :help for help.
Type (good-bye) to quit completely out of ACL2.

ACL2 !>
Exiting the ACL2 read-eval-print loop.  To re-enter, execute (LP).
* 
#<PACKAGE "ACL2">
* 
ACL2 Version 3.1.  Level 1.  Cbd 
"/Users/huangjianshi/src/acl2-sources/books/arithmetic-2/meta/".
Type :help for help.
Type (good-bye) to quit completely out of ACL2.

ACL2 !> (PROVE PROOF-TREE
        WARNING OBSERVATION EVENT EXPANSION)
ACL2 !>
Summary
Form:  ( INCLUDE-BOOK "../pass1/top" ...)
Rules: NIL
Warnings:  None
Time:  0.05 seconds (prove: 0.00, print: 0.00, other: 0.05)
"/Users/huangjianshi/src/acl2-sources/books/arithmetic-2/pass1/top.lisp"

Summary
Form:  ( INCLUDE-BOOK "expt-helper" ...)
Rules: NIL
Warnings:  None
Time:  0.00 seconds (prove: 0.00, print: 0.00, other: 0.00)
"/Users/huangjianshi/src/acl2-sources/books/arithmetic-2/meta/expt-helper.lisp"

Summary
Form:  ( DEFTHM EXPT-TYPE-PRESCRIPTION-RATIONAL ...)
Rules: ((:TYPE-PRESCRIPTION EXPT-TYPE-PRESCRIPTION-RATIONALP))
Warnings:  None
Time:  0.00 seconds (prove: 0.00, print: 0.00, other: 0.00)
EXPT-TYPE-PRESCRIPTION-RATIONAL

Summary
Form:  ( DEFTHM EXPT-TYPE-PRESCRIPTION-INTEGER ...)
Rules: ((:TYPE-PRESCRIPTION EXPT-TYPE-PRESCRIPTION-INTEGERP)
        (:TYPE-PRESCRIPTION EXPT-TYPE-PRESCRIPTION-RATIONAL))
Warnings:  None
Time:  0.00 seconds (prove: 0.00, print: 0.00, other: 0.00)
EXPT-TYPE-PRESCRIPTION-INTEGER

Summary
Form:  ( DEFTHM EXPT-TYPE-PRESCRIPTION-NON-ZERO ...)
Rules: ((:FAKE-RUNE-FOR-TYPE-SET NIL)
        (:TYPE-PRESCRIPTION EXPT)
        (:TYPE-PRESCRIPTION EXPT-TYPE-PRESCRIPTION-NONZERO))
Warnings:  None
Time:  0.00 seconds (prove: 0.00, print: 0.00, other: 0.00)
EXPT-TYPE-PRESCRIPTION-NON-ZERO

Summary
Form:  ( DEFTHM EXPT-TYPE-PRESCRIPTION-POSITIVE ...)
Rules: ((:FAKE-RUNE-FOR-TYPE-SET NIL)
        (:TYPE-PRESCRIPTION EXPT-TYPE-PRESCRIPTION-NON-ZERO)
        (:TYPE-PRESCRIPTION EXPT-TYPE-PRESCRIPTION-POSITIVE-2)
        (:TYPE-PRESCRIPTION EXPT-TYPE-PRESCRIPTION-RATIONAL))
Warnings:  None
Time:  0.00 seconds (prove: 0.00, print: 0.00, other: 0.00)
EXPT-TYPE-PRESCRIPTION-POSITIVE

Summary
Form:  ( DEFTHM EXPT-TYPE-PRESCRIPTION-NONNEGATIVE ...)
Rules: ((:FAKE-RUNE-FOR-TYPE-SET NIL)
        (:TYPE-PRESCRIPTION EXPT-TYPE-PRESCRIPTION-POSITIVE-2)
        (:TYPE-PRESCRIPTION EXPT-TYPE-PRESCRIPTION-RATIONAL))
Warnings:  None
Time:  0.00 seconds (prove: 0.00, print: 0.00, other: 0.00)
EXPT-TYPE-PRESCRIPTION-NONNEGATIVE

Summary
Form:  ( DEFTHM |(equal (expt x i) 0)| ...)
Rules: ((:DEFINITION FIX)
        (:DEFINITION IFIX)
        (:DEFINITION NOT)
        (:FAKE-RUNE-FOR-TYPE-SET NIL)
        (:REWRITE EQUAL-EXPT-0))
Warnings:  None
Time:  0.00 seconds (prove: 0.00, print: 0.00, other: 0.00)
|(equal (expt x i) 0)|

Summary
Form:  ( DEFTHM |(expt x 0)| ...)
Rules: ((:EXECUTABLE-COUNTERPART EQUAL)
        (:REWRITE EXPT-0))
Warnings:  None
Time:  0.00 seconds (prove: 0.00, print: 0.00, other: 0.00)
|(expt x 0)|

Summary
Form:  ( DEFTHM |(expt 0 i)| ...)
Rules: ((:FAKE-RUNE-FOR-TYPE-SET NIL)
        (:REWRITE EXPT-0))
Warnings:  None
Time:  0.00 seconds (prove: 0.00, print: 0.00, other: 0.00)
|(expt 0 i)|

Summary
Form:  ( DEFTHM |(expt x 1)| ...)
Rules: ((:REWRITE EXPT-1))
Warnings:  None
Time:  0.00 seconds (prove: 0.00, print: 0.00, other: 0.00)
|(expt x 1)|

Summary
Form:  ( DEFTHM |(expt 1 i)| ...)
Rules: ((:EXECUTABLE-COUNTERPART EQUAL)
        (:REWRITE EXPT-1))
Warnings:  None
Time:  0.00 seconds (prove: 0.00, print: 0.00, other: 0.00)
|(expt 1 i)|

Summary
Form:  ( DEFTHM |(expt x -1)| ...)
Rules: ((:DEFINITION EXPT)
        (:DEFINITION FIX)
        (:DEFINITION NOT)
        (:EXECUTABLE-COUNTERPART <)
        (:EXECUTABLE-COUNTERPART BINARY-+)
        (:EXECUTABLE-COUNTERPART EQUAL)
        (:EXECUTABLE-COUNTERPART ZIP)
        (:FAKE-RUNE-FOR-TYPE-SET NIL)
        (:REWRITE |(expt x 0)|)
        (:REWRITE COMMUTATIVITY-OF-*)
        (:REWRITE EQUAL-/)
        (:REWRITE INVERSE-OF-*)
        (:REWRITE UNICITY-OF-1))
Warnings:  None
Time:  0.00 seconds (prove: 0.00, print: 0.00, other: 0.00)
|(expt x -1)|

Summary
Form:  ( DEFTHM CASE-SPLIT-ON-NON-INTEGER-EXPONENTS ...)
Rules: ((:COMPOUND-RECOGNIZER ZIP-COMPOUND-RECOGNIZER)
        (:DEFINITION CASE-SPLIT)
        (:DEFINITION EXPT)
        (:DEFINITION NOT)
        (:EXECUTABLE-COUNTERPART EQUAL))
Warnings:  None
Time:  0.00 seconds (prove: 0.00, print: 0.00, other: 0.00)
CASE-SPLIT-ON-NON-INTEGER-EXPONENTS

Summary
Form:  ( DEFTHM |(expt (+ x y) 2)| ...)
Rules: ((:DEFINITION EXPT)
        (:DEFINITION FIX)
        (:DEFINITION NOT)
        (:DEFINITION SYNP)
        (:EXECUTABLE-COUNTERPART <)
        (:EXECUTABLE-COUNTERPART ACL2-NUMBERP)
        (:EXECUTABLE-COUNTERPART BINARY-*)
        (:EXECUTABLE-COUNTERPART BINARY-+)
        (:EXECUTABLE-COUNTERPART EQUAL)
        (:EXECUTABLE-COUNTERPART NOT)
        (:EXECUTABLE-COUNTERPART UNARY--)
        (:EXECUTABLE-COUNTERPART ZIP)
        (:FAKE-RUNE-FOR-LINEAR NIL)
        (:FAKE-RUNE-FOR-TYPE-SET NIL)
        (:REWRITE |(expt x 1)|)
        (:REWRITE COMMUTATIVITY-2-OF-+)
        (:REWRITE COMMUTATIVITY-OF-*)
        (:REWRITE COMMUTATIVITY-OF-+)
        (:REWRITE DEFAULT-*-1)
        (:REWRITE DEFAULT-*-2)
        (:REWRITE DEFAULT-UNARY-MINUS)
        (:REWRITE DISTRIBUTIVITY)
        (:REWRITE EQUAL-+-X-Y-0)
        (:REWRITE EQUAL-MINUS-0)
        (:REWRITE FUNCTIONAL-COMMUTATIVITY-OF-MINUS-*-LEFT)
        (:REWRITE FUNCTIONAL-COMMUTATIVITY-OF-MINUS-*-RIGHT)
        (:REWRITE FUNCTIONAL-SELF-INVERSION-OF-MINUS)
        (:REWRITE TIMES-ZERO)
        (:REWRITE UNICITY-OF-0))
Warnings:  None
Time:  0.02 seconds (prove: 0.02, print: 0.00, other: 0.00)
|(expt (+ x y) 2)|

Summary
Form:  ( DEFTHM |(expt (+ x y) 3)| ...)
Rules: ((:DEFINITION EXPT)
        (:DEFINITION FIX)
        (:DEFINITION NOT)
        (:DEFINITION SYNP)
        (:EXECUTABLE-COUNTERPART <)
        (:EXECUTABLE-COUNTERPART ACL2-NUMBERP)
        (:EXECUTABLE-COUNTERPART BINARY-*)
        (:EXECUTABLE-COUNTERPART BINARY-+)
        (:EXECUTABLE-COUNTERPART EQUAL)
        (:EXECUTABLE-COUNTERPART FIX)
        (:EXECUTABLE-COUNTERPART NOT)
        (:EXECUTABLE-COUNTERPART UNARY--)
        (:EXECUTABLE-COUNTERPART ZIP)
        (:FAKE-RUNE-FOR-LINEAR NIL)
        (:FAKE-RUNE-FOR-TYPE-SET NIL)
        (:REWRITE |(expt x 1)|)
        (:REWRITE COMMUTATIVITY-2-OF-*)
        (:REWRITE COMMUTATIVITY-2-OF-+)
        (:REWRITE COMMUTATIVITY-OF-*)
        (:REWRITE COMMUTATIVITY-OF-+)
        (:REWRITE DEFAULT-*-1)
        (:REWRITE DEFAULT-*-2)
        (:REWRITE DEFAULT-UNARY-MINUS)
        (:REWRITE DISTRIBUTIVITY)
        (:REWRITE EQUAL-+-X-Y-0)
        (:REWRITE EQUAL-MINUS-0)
        (:REWRITE FUNCTIONAL-COMMUTATIVITY-OF-MINUS-*-LEFT)
        (:REWRITE FUNCTIONAL-COMMUTATIVITY-OF-MINUS-*-RIGHT)
        (:REWRITE FUNCTIONAL-SELF-INVERSION-OF-MINUS)
        (:REWRITE INVERSE-OF-+)
        (:REWRITE LEFT-CANCELLATION-FOR-+)
        (:REWRITE TIMES-ZERO)
        (:REWRITE UNICITY-OF-0))
Warnings:  None
Time:  0.04 seconds (prove: 0.04, print: 0.00, other: 0.00)
|(expt (+ x y) 3)|

Summary
Form:  ( DEFTHM |(/ (expt x i))| ...)
Rules: ((:REWRITE FUNCTIONAL-COMMUTATIVITY-OF-EXPT-/-BASE))
Warnings:  None
Time:  0.00 seconds (prove: 0.00, print: 0.00, other: 0.00)
|(/ (expt x i))|

Summary
Form:  ( IN-THEORY (DISABLE ...))
Rules: NIL
Warnings:  None
Time:  0.00 seconds (prove: 0.00, print: 0.00, other: 0.00)
1903

Summary
Form:  ( DEFTHM |(expt x (- i))| ...)
Rules: ((:COMPOUND-RECOGNIZER ZIP-COMPOUND-RECOGNIZER)
        (:DEFINITION =)
        (:DEFINITION EXPT)
        (:DEFINITION FIX)
        (:DEFINITION NOT)
        (:EXECUTABLE-COUNTERPART EQUAL)
        (:EXECUTABLE-COUNTERPART INTEGERP)
        (:EXECUTABLE-COUNTERPART NOT)
        (:EXECUTABLE-COUNTERPART UNARY--)
        (:EXECUTABLE-COUNTERPART UNARY-/)
        (:FAKE-RUNE-FOR-TYPE-SET NIL)
        (:INDUCTION EXPT)
        (:REWRITE |(expt 0 i)|)
        (:REWRITE |(expt x -1)|)
        (:REWRITE |(expt x 0)|)
        (:REWRITE |(expt x 1)|)
        (:REWRITE /-CANCELLATION-ON-LEFT)
        (:REWRITE CASE-SPLIT-ON-NON-INTEGER-EXPONENTS)
        (:REWRITE COMMUTATIVITY-2-OF-*)
        (:REWRITE COMMUTATIVITY-OF-*)
        (:REWRITE COMMUTATIVITY-OF-+)
        (:REWRITE DEFAULT-UNARY-/)
        (:REWRITE DISTRIBUTIVITY-OF-MINUS-OVER-+)
        (:REWRITE EQUAL-/)
        (:REWRITE EXPONENTS-ADD-2)
        (:REWRITE FUNCTIONAL-SELF-INVERSION-OF-/)
        (:REWRITE LEFT-CANCELLATION-FOR-*)
        (:REWRITE TIMES-ZERO)
        (:TYPE-PRESCRIPTION EXPT)
        (:TYPE-PRESCRIPTION EXPT-TYPE-PRESCRIPTION-NON-ZERO))
Warnings:  None
Time:  0.08 seconds (prove: 0.08, print: 0.00, other: 0.00)
|(expt x (- i))|

Summary
Form:  ( DEFTHM |(expt (/ x) (* c i))| ...)
Rules: ((:EXECUTABLE-COUNTERPART IF)
        (:EXECUTABLE-COUNTERPART SYNP)
        (:REWRITE |(expt x (- i))|)
        (:REWRITE FUNCTIONAL-COMMUTATIVITY-OF-MINUS-*-LEFT))
Warnings:  None
Time:  0.00 seconds (prove: 0.00, print: 0.00, other: 0.00)
|(expt (/ x) (* c i))|

Summary
Form:  ( DEFTHM |(expt (* x y) i)| ...)
Rules: ((:EXECUTABLE-COUNTERPART BINARY-*)
        (:EXECUTABLE-COUNTERPART EQUAL)
        (:FAKE-RUNE-FOR-TYPE-SET NIL)
        (:REWRITE CASE-SPLIT-ON-NON-INTEGER-EXPONENTS)
        (:REWRITE DISTRIBUTIVITY-OF-EXPT-OVER-*))
Warnings:  None
Time:  0.01 seconds (prove: 0.01, print: 0.00, other: 0.00)
|(expt (* x y) i)|

Summary
Form:  ( DEFTHM |(expt (expt x i) j)| ...)
Rules: ((:FAKE-RUNE-FOR-TYPE-SET NIL)
        (:REWRITE EXPONENTS-MULTIPLY))
Warnings:  None
Time:  0.03 seconds (prove: 0.03, print: 0.00, other: 0.00)
|(expt (expt x i) j)|

Summary
Form:  ( DEFTHM |(expt x (+ i j))| ...)
Rules: ((:DEFINITION FIX)
        (:DEFINITION SYNP)
        (:FAKE-RUNE-FOR-TYPE-SET NIL)
        (:REWRITE EQUAL-+-X-Y-0)
        (:REWRITE EXPONENTS-ADD-1))
Warnings:  None
Time:  0.01 seconds (prove: 0.01, print: 0.00, other: 0.00)
|(expt x (+ i j))|

Summary
Form:  ( DEFTHM |(expt x (+ i j)) with non-negative exponents| ...)
Rules: ((:DEFINITION FIX)
        (:DEFINITION NOT)
        (:DEFINITION SYNP)
        (:EXECUTABLE-COUNTERPART <)
        (:EXECUTABLE-COUNTERPART BINARY-*)
        (:EXECUTABLE-COUNTERPART EQUAL)
        (:EXECUTABLE-COUNTERPART INTEGERP)
        (:EXECUTABLE-COUNTERPART NOT)
        (:EXECUTABLE-COUNTERPART UNARY--)
        (:FAKE-RUNE-FOR-TYPE-SET NIL)
        (:REWRITE |(expt x (+ i j))|)
        (:REWRITE |(expt x 0)|)
        (:REWRITE EQUAL-+-X-Y-0))
Warnings:  None
Time:  0.01 seconds (prove: 0.01, print: 0.00, other: 0.00)
|(expt x (+ i j)) with non-negative exponents|

Summary
Form:  ( DEFTHM |(expt x (+ i j)) with non-positive exponents| ...)
Rules: ((:DEFINITION FIX)
        (:DEFINITION NOT)
        (:DEFINITION SYNP)
        (:EXECUTABLE-COUNTERPART <)
        (:EXECUTABLE-COUNTERPART BINARY-*)
        (:EXECUTABLE-COUNTERPART EQUAL)
        (:EXECUTABLE-COUNTERPART INTEGERP)
        (:EXECUTABLE-COUNTERPART NOT)
        (:EXECUTABLE-COUNTERPART UNARY--)
        (:FAKE-RUNE-FOR-TYPE-SET NIL)
        (:REWRITE |(expt x (+ i j))|)
        (:REWRITE |(expt x 0)|)
        (:REWRITE EQUAL-+-X-Y-0))
Warnings:  None
Time:  0.01 seconds (prove: 0.01, print: 0.00, other: 0.00)
|(expt x (+ i j)) with non-positive exponents|

Summary
Form:  ( DEFTHM |(expt x (+ i j)) with non-zero base| ...)
Rules: ((:COMPOUND-RECOGNIZER ZIP-COMPOUND-RECOGNIZER)
        (:DEFINITION =)
        (:DEFINITION EXPT)
        (:DEFINITION FIX)
        (:DEFINITION NOT)
        (:DEFINITION SYNP)
        (:EXECUTABLE-COUNTERPART BINARY-*)
        (:EXECUTABLE-COUNTERPART EQUAL)
        (:FAKE-RUNE-FOR-TYPE-SET NIL)
        (:INDUCTION EXPT)
        (:REWRITE |(expt x (+ i j))|)
        (:REWRITE |(expt x (- i))|)
        (:REWRITE |(expt x 0)|)
        (:REWRITE COMMUTATIVITY-2-OF-*)
        (:REWRITE COMMUTATIVITY-OF-*)
        (:REWRITE EQUAL-+-X-Y-0)
        (:REWRITE FUNCTIONAL-SELF-INVERSION-OF-/)
        (:REWRITE FUNCTIONAL-SELF-INVERSION-OF-MINUS)
        (:REWRITE INVERSE-OF-*)
        (:REWRITE UNICITY-OF-1))
Warnings:  None
Time:  0.04 seconds (prove: 0.04, print: 0.00, other: 0.00)
|(expt x (+ i j)) with non-zero base|

Summary
Form:  ( DEFTHM EXPT-EXPT-LINEAR-A ...)
Rules: ((:FAKE-RUNE-FOR-LINEAR NIL)
        (:FAKE-RUNE-FOR-TYPE-SET NIL)
        (:LINEAR EXPT-IS-INCREASING-FOR-BASE>1)
        (:TYPE-PRESCRIPTION EXPT-TYPE-PRESCRIPTION-NONNEGATIVE)
        (:TYPE-PRESCRIPTION EXPT-TYPE-PRESCRIPTION-POSITIVE)
        (:TYPE-PRESCRIPTION EXPT-TYPE-PRESCRIPTION-RATIONAL))
Warnings:  None
Time:  0.00 seconds (prove: 0.00, print: 0.00, other: 0.00)
EXPT-EXPT-LINEAR-A

Summary
Form:  ( DEFTHM EXPT-EXPT-LINEAR-B ...)
Rules: ((:FAKE-RUNE-FOR-LINEAR NIL)
        (:FAKE-RUNE-FOR-TYPE-SET NIL)
        (:LINEAR EXPT-IS-DECREASING-FOR-POS-BASE<1)
        (:TYPE-PRESCRIPTION EXPT-TYPE-PRESCRIPTION-NONNEGATIVE)
        (:TYPE-PRESCRIPTION EXPT-TYPE-PRESCRIPTION-POSITIVE)
        (:TYPE-PRESCRIPTION EXPT-TYPE-PRESCRIPTION-RATIONAL))
Warnings:  None
Time:  0.00 seconds (prove: 0.00, print: 0.00, other: 0.00)
EXPT-EXPT-LINEAR-B

Summary
Form:  ( DEFTHM EXPT-EXPT-LINEAR-C ...)
Rules: ((:DEFINITION NOT)
        (:FAKE-RUNE-FOR-LINEAR NIL)
        (:FAKE-RUNE-FOR-TYPE-SET NIL)
        (:LINEAR EXPT-IS-WEAKLY-INCREASING-FOR-BASE>1)
        (:TYPE-PRESCRIPTION EXPT-TYPE-PRESCRIPTION-NONNEGATIVE)
        (:TYPE-PRESCRIPTION EXPT-TYPE-PRESCRIPTION-POSITIVE)
        (:TYPE-PRESCRIPTION EXPT-TYPE-PRESCRIPTION-RATIONAL))
Warnings:  None
Time:  0.00 seconds (prove: 0.00, print: 0.00, other: 0.00)
EXPT-EXPT-LINEAR-C

Summary
Form:  ( DEFTHM EXPT-EXPT-LINEAR-D ...)
Rules: ((:DEFINITION NOT)
        (:FAKE-RUNE-FOR-LINEAR NIL)
        (:FAKE-RUNE-FOR-TYPE-SET NIL)
        (:LINEAR EXPT-IS-WEAKLY-DECREASING-FOR-POS-BASE<1)
        (:TYPE-PRESCRIPTION EXPT-TYPE-PRESCRIPTION-NONNEGATIVE)
        (:TYPE-PRESCRIPTION EXPT-TYPE-PRESCRIPTION-POSITIVE)
        (:TYPE-PRESCRIPTION EXPT-TYPE-PRESCRIPTION-RATIONAL))
Warnings:  None
Time:  0.00 seconds (prove: 0.00, print: 0.00, other: 0.00)
EXPT-EXPT-LINEAR-D

Summary
Form:  ( DEFTHM EXPT-X-LINEAR-A ...)
Rules: ((:DEFINITION FIX)
        (:FAKE-RUNE-FOR-LINEAR NIL)
        (:FAKE-RUNE-FOR-TYPE-SET NIL)
        (:LINEAR EXPT-EXPT-LINEAR-A)
        (:REWRITE |(expt x 1)|)
        (:TYPE-PRESCRIPTION EXPT-TYPE-PRESCRIPTION-NONNEGATIVE)
        (:TYPE-PRESCRIPTION EXPT-TYPE-PRESCRIPTION-POSITIVE)
        (:TYPE-PRESCRIPTION EXPT-TYPE-PRESCRIPTION-RATIONAL))
Warnings:  None
Time:  0.00 seconds (prove: 0.00, print: 0.00, other: 0.00)
EXPT-X-LINEAR-A

Summary
Form:  ( DEFTHM EXPT-X-LINEAR-B ...)
Rules: ((:DEFINITION FIX)
        (:FAKE-RUNE-FOR-LINEAR NIL)
        (:FAKE-RUNE-FOR-TYPE-SET NIL)
        (:LINEAR EXPT-EXPT-LINEAR-B)
        (:REWRITE |(expt x 1)|)
        (:TYPE-PRESCRIPTION EXPT-TYPE-PRESCRIPTION-NONNEGATIVE)
        (:TYPE-PRESCRIPTION EXPT-TYPE-PRESCRIPTION-POSITIVE)
        (:TYPE-PRESCRIPTION EXPT-TYPE-PRESCRIPTION-RATIONAL))
Warnings:  None
Time:  0.00 seconds (prove: 0.00, print: 0.00, other: 0.00)
EXPT-X-LINEAR-B

Summary
Form:  ( DEFTHM EXPT-X-LINEAR-C ...)
Rules: ((:DEFINITION FIX)
        (:DEFINITION NOT)
        (:FAKE-RUNE-FOR-LINEAR NIL)
        (:FAKE-RUNE-FOR-TYPE-SET NIL)
        (:LINEAR EXPT-EXPT-LINEAR-C)
        (:REWRITE |(expt x 1)|)
        (:TYPE-PRESCRIPTION EXPT-TYPE-PRESCRIPTION-NONNEGATIVE)
        (:TYPE-PRESCRIPTION EXPT-TYPE-PRESCRIPTION-POSITIVE)
        (:TYPE-PRESCRIPTION EXPT-TYPE-PRESCRIPTION-RATIONAL))
Warnings:  None
Time:  0.00 seconds (prove: 0.00, print: 0.00, other: 0.00)
EXPT-X-LINEAR-C

Summary
Form:  ( DEFTHM EXPT-X-LINEAR-D ...)
Rules: ((:COMPOUND-RECOGNIZER ZIP-COMPOUND-RECOGNIZER)
        (:DEFINITION =)
        (:DEFINITION EXPT)
        (:DEFINITION FIX)
        (:DEFINITION NOT)
        (:EXECUTABLE-COUNTERPART <)
        (:EXECUTABLE-COUNTERPART BINARY-+)
        (:EXECUTABLE-COUNTERPART INTEGERP)
        (:EXECUTABLE-COUNTERPART NOT)
        (:EXECUTABLE-COUNTERPART RATIONALP)
        (:EXECUTABLE-COUNTERPART ZIP)
        (:FAKE-RUNE-FOR-LINEAR NIL)
        (:FAKE-RUNE-FOR-TYPE-SET NIL)
        (:INDUCTION EXPT)
        (:REWRITE |(expt 0 i)|)
        (:REWRITE |(expt x 1)|)
        (:REWRITE <-Y-*-Y-X)
        (:TYPE-PRESCRIPTION EXPT-TYPE-PRESCRIPTION-NONNEGATIVE)
        (:TYPE-PRESCRIPTION EXPT-TYPE-PRESCRIPTION-POSITIVE)
        (:TYPE-PRESCRIPTION EXPT-TYPE-PRESCRIPTION-RATIONAL))
Warnings:  None
Time:  0.03 seconds (prove: 0.03, print: 0.00, other: 0.00)
EXPT-X-LINEAR-D

Summary
Form:  ( DEFTHM EXPT-X-LINEAR-E ...)
Rules: ((:DEFINITION NOT)
        (:FAKE-RUNE-FOR-LINEAR NIL)
        (:FAKE-RUNE-FOR-TYPE-SET NIL)
        (:LINEAR EXPT-EXPT-LINEAR-C)
        (:REWRITE |(expt x 0)|)
        (:TYPE-PRESCRIPTION EXPT-TYPE-PRESCRIPTION-NONNEGATIVE)
        (:TYPE-PRESCRIPTION EXPT-TYPE-PRESCRIPTION-POSITIVE)
        (:TYPE-PRESCRIPTION EXPT-TYPE-PRESCRIPTION-RATIONAL))
Warnings:  None
Time:  0.00 seconds (prove: 0.00, print: 0.00, other: 0.00)
EXPT-X-LINEAR-E

Summary
Form:  ( DEFTHM EXPT-X-LINEAR-F ...)
Rules: ((:DEFINITION NOT)
        (:FAKE-RUNE-FOR-LINEAR NIL)
        (:FAKE-RUNE-FOR-TYPE-SET NIL)
        (:LINEAR EXPT-EXPT-LINEAR-D)
        (:REWRITE |(expt x 0)|)
        (:TYPE-PRESCRIPTION EXPT-TYPE-PRESCRIPTION-NONNEGATIVE)
        (:TYPE-PRESCRIPTION EXPT-TYPE-PRESCRIPTION-POSITIVE)
        (:TYPE-PRESCRIPTION EXPT-TYPE-PRESCRIPTION-RATIONAL))
Warnings:  None
Time:  0.00 seconds (prove: 0.00, print: 0.00, other: 0.00)
EXPT-X-LINEAR-F

Summary
Form:  ( DEFTHM EXPT-X-LINEAR-G ...)
Rules: ((:DEFINITION NOT)
        (:FAKE-RUNE-FOR-LINEAR NIL)
        (:FAKE-RUNE-FOR-TYPE-SET NIL)
        (:LINEAR EXPT-EXPT-LINEAR-C)
        (:REWRITE |(expt x 0)|)
        (:TYPE-PRESCRIPTION EXPT-TYPE-PRESCRIPTION-NONNEGATIVE)
        (:TYPE-PRESCRIPTION EXPT-TYPE-PRESCRIPTION-POSITIVE)
        (:TYPE-PRESCRIPTION EXPT-TYPE-PRESCRIPTION-RATIONAL))
Warnings:  None
Time:  0.00 seconds (prove: 0.00, print: 0.00, other: 0.00)
EXPT-X-LINEAR-G

Summary
Form:  ( DEFTHM EXPT-X-LINEAR-H ...)
Rules: ((:DEFINITION NOT)
        (:FAKE-RUNE-FOR-LINEAR NIL)
        (:FAKE-RUNE-FOR-TYPE-SET NIL)
        (:LINEAR EXPT-EXPT-LINEAR-D)
        (:REWRITE |(expt x 0)|)
        (:TYPE-PRESCRIPTION EXPT-TYPE-PRESCRIPTION-NONNEGATIVE)
        (:TYPE-PRESCRIPTION EXPT-TYPE-PRESCRIPTION-POSITIVE)
        (:TYPE-PRESCRIPTION EXPT-TYPE-PRESCRIPTION-RATIONAL))
Warnings:  None
Time:  0.00 seconds (prove: 0.00, print: 0.00, other: 0.00)
EXPT-X-LINEAR-H

Summary
Form:  ( DEFTHM EXPT-1-LINEAR-A ...)
Rules: ((:FAKE-RUNE-FOR-LINEAR NIL)
        (:FAKE-RUNE-FOR-TYPE-SET NIL)
        (:LINEAR EXPT-X-LINEAR-C)
        (:TYPE-PRESCRIPTION EXPT-TYPE-PRESCRIPTION-NONNEGATIVE)
        (:TYPE-PRESCRIPTION EXPT-TYPE-PRESCRIPTION-POSITIVE)
        (:TYPE-PRESCRIPTION EXPT-TYPE-PRESCRIPTION-RATIONAL))
Warnings:  None
Time:  0.00 seconds (prove: 0.00, print: 0.00, other: 0.00)
EXPT-1-LINEAR-A

Summary
Form:  ( DEFTHM EXPT-1-LINEAR-B ...)
Rules: ((:DEFINITION NOT)
        (:FAKE-RUNE-FOR-LINEAR NIL)
        (:FAKE-RUNE-FOR-TYPE-SET NIL)
        (:LINEAR EXPT-X-LINEAR-D)
        (:TYPE-PRESCRIPTION EXPT-TYPE-PRESCRIPTION-NONNEGATIVE)
        (:TYPE-PRESCRIPTION EXPT-TYPE-PRESCRIPTION-RATIONAL))
Warnings:  None
Time:  0.00 seconds (prove: 0.00, print: 0.00, other: 0.00)
EXPT-1-LINEAR-B

Summary
Form:  ( DEFTHM EXPT-1-LINEAR-C ...)
Rules: ((:DEFINITION NOT)
        (:FAKE-RUNE-FOR-LINEAR NIL)
        (:FAKE-RUNE-FOR-TYPE-SET NIL)
        (:LINEAR EXPT-EXPT-LINEAR-C)
        (:REWRITE |(expt x 0)|)
        (:TYPE-PRESCRIPTION EXPT-TYPE-PRESCRIPTION-NONNEGATIVE)
        (:TYPE-PRESCRIPTION EXPT-TYPE-PRESCRIPTION-POSITIVE)
        (:TYPE-PRESCRIPTION EXPT-TYPE-PRESCRIPTION-RATIONAL))
Warnings:  None
Time:  0.00 seconds (prove: 0.00, print: 0.00, other: 0.00)
EXPT-1-LINEAR-C

Summary
Form:  ( DEFTHM EXPT-1-LINEAR-D ...)
Rules: ((:COMPOUND-RECOGNIZER ZIP-COMPOUND-RECOGNIZER)
        (:DEFINITION =)
        (:DEFINITION EXPT)
        (:DEFINITION FIX)
        (:DEFINITION NOT)
        (:EXECUTABLE-COUNTERPART <)
        (:EXECUTABLE-COUNTERPART INTEGERP)
        (:EXECUTABLE-COUNTERPART NOT)
        (:EXECUTABLE-COUNTERPART RATIONALP)
        (:EXECUTABLE-COUNTERPART ZIP)
        (:FAKE-RUNE-FOR-LINEAR NIL)
        (:FAKE-RUNE-FOR-TYPE-SET NIL)
        (:INDUCTION EXPT)
        (:LINEAR EXPT-X-LINEAR-D)
        (:REWRITE |(expt 0 i)|)
        (:REWRITE |(expt x (+ i j)) with non-zero base|)
        (:REWRITE |(expt x (- i))|)
        (:REWRITE |(expt x 0)|)
        (:REWRITE |(expt x 1)|)
        (:REWRITE /-CANCELLATION-ON-LEFT)
        (:REWRITE COMMUTATIVITY-OF-+)
        (:TYPE-PRESCRIPTION EXPT-TYPE-PRESCRIPTION-NONNEGATIVE)
        (:TYPE-PRESCRIPTION EXPT-TYPE-PRESCRIPTION-POSITIVE)
        (:TYPE-PRESCRIPTION EXPT-TYPE-PRESCRIPTION-RATIONAL))
Warnings:  None
Time:  0.03 seconds (prove: 0.03, print: 0.00, other: 0.00)
EXPT-1-LINEAR-D

Summary
Form:  ( DEFTHM EXPT-1-LINEAR-E ...)
Rules: ((:FAKE-RUNE-FOR-LINEAR NIL)
        (:FAKE-RUNE-FOR-TYPE-SET NIL)
        (:LINEAR EXPT-EXPT-LINEAR-A)
        (:REWRITE |(expt x 0)|)
        (:TYPE-PRESCRIPTION EXPT-TYPE-PRESCRIPTION-NONNEGATIVE)
        (:TYPE-PRESCRIPTION EXPT-TYPE-PRESCRIPTION-POSITIVE)
        (:TYPE-PRESCRIPTION EXPT-TYPE-PRESCRIPTION-RATIONAL))
Warnings:  None
Time:  0.00 seconds (prove: 0.00, print: 0.00, other: 0.00)
EXPT-1-LINEAR-E

Summary
Form:  ( DEFTHM EXPT-1-LINEAR-F ...)
Rules: ((:FAKE-RUNE-FOR-LINEAR NIL)
        (:FAKE-RUNE-FOR-TYPE-SET NIL)
        (:LINEAR EXPT-EXPT-LINEAR-B)
        (:REWRITE |(expt x 0)|)
        (:TYPE-PRESCRIPTION EXPT-TYPE-PRESCRIPTION-NONNEGATIVE)
        (:TYPE-PRESCRIPTION EXPT-TYPE-PRESCRIPTION-POSITIVE)
        (:TYPE-PRESCRIPTION EXPT-TYPE-PRESCRIPTION-RATIONAL))
Warnings:  None
Time:  0.00 seconds (prove: 0.00, print: 0.00, other: 0.00)
EXPT-1-LINEAR-F

Summary
Form:  ( DEFTHM EXPT-1-LINEAR-G ...)
Rules: ((:DEFINITION NOT)
        (:FAKE-RUNE-FOR-LINEAR NIL)
        (:FAKE-RUNE-FOR-TYPE-SET NIL)
        (:LINEAR EXPT-EXPT-LINEAR-C)
        (:REWRITE |(expt x 0)|)
        (:TYPE-PRESCRIPTION EXPT-TYPE-PRESCRIPTION-NONNEGATIVE)
        (:TYPE-PRESCRIPTION EXPT-TYPE-PRESCRIPTION-POSITIVE)
        (:TYPE-PRESCRIPTION EXPT-TYPE-PRESCRIPTION-RATIONAL))
Warnings:  None
Time:  0.00 seconds (prove: 0.00, print: 0.00, other: 0.00)
EXPT-1-LINEAR-G

Summary
Form:  ( DEFTHM EXPT-1-LINEAR-H ...)
Rules: ((:DEFINITION NOT)
        (:FAKE-RUNE-FOR-LINEAR NIL)
        (:FAKE-RUNE-FOR-TYPE-SET NIL)
        (:LINEAR EXPT-EXPT-LINEAR-B)
        (:LINEAR EXPT-X-LINEAR-H)
        (:REWRITE |(expt x 0)|)
        (:TYPE-PRESCRIPTION EXPT-TYPE-PRESCRIPTION-NONNEGATIVE)
        (:TYPE-PRESCRIPTION EXPT-TYPE-PRESCRIPTION-POSITIVE)
        (:TYPE-PRESCRIPTION EXPT-TYPE-PRESCRIPTION-RATIONAL))
Warnings:  None
Time:  0.00 seconds (prove: 0.00, print: 0.00, other: 0.00)
EXPT-1-LINEAR-H

Summary
Form:  ( DEFTHM EXPT-TYPE-NEGATIVE-BASE-EVEN-EXPONENT ...)
Rules: ((:FAKE-RUNE-FOR-TYPE-SET NIL)
        (:TYPE-PRESCRIPTION
             EXPT-TYPE-PRESCRIPTION-NEGATIVE-BASE-EVEN-EXPONENT)
        (:TYPE-PRESCRIPTION EXPT-TYPE-PRESCRIPTION-NON-ZERO)
        (:TYPE-PRESCRIPTION EXPT-TYPE-PRESCRIPTION-RATIONAL))
Warnings:  None
Time:  0.00 seconds (prove: 0.00, print: 0.00, other: 0.00)
EXPT-TYPE-NEGATIVE-BASE-EVEN-EXPONENT

Summary
Form:  ( DEFTHM EXPT-TYPE-NEGATIVE-BASE-ODD-EXPONENT ...)
Rules: ((:FAKE-RUNE-FOR-TYPE-SET NIL)
        (:TYPE-PRESCRIPTION
             EXPT-TYPE-PRESCRIPTION-NEGATIVE-BASE-ODD-EXPONENT)
        (:TYPE-PRESCRIPTION EXPT-TYPE-PRESCRIPTION-NON-ZERO)
        (:TYPE-PRESCRIPTION EXPT-TYPE-PRESCRIPTION-RATIONAL))
Warnings:  None
Time:  0.00 seconds (prove: 0.00, print: 0.00, other: 0.00)
EXPT-TYPE-NEGATIVE-BASE-ODD-EXPONENT

Summary
Form:  ( DEFTHM EXPT-TYPE-NONPOSITIVE-BASE-EVEN-EXPONENT ...)
Rules: ((:DEFINITION NOT)
        (:FAKE-RUNE-FOR-TYPE-SET NIL)
        (:TYPE-PRESCRIPTION EXPT)
        (:TYPE-PRESCRIPTION EXPT-TYPE-PRESCRIPTION-NONNEGATIVE)
        (:TYPE-PRESCRIPTION EXPT-TYPE-PRESCRIPTION-RATIONAL))
Warnings:  None
Time:  0.00 seconds (prove: 0.00, print: 0.00, other: 0.00)
EXPT-TYPE-NONPOSITIVE-BASE-EVEN-EXPONENT

Summary
Form:  ( DEFTHM EXPT-TYPE-NONPOSITIVE-BASE-ODD-EXPONENT ...)
Rules: ((:COMPOUND-RECOGNIZER ZIP-COMPOUND-RECOGNIZER)
        (:DEFINITION NOT)
        (:EXECUTABLE-COUNTERPART NOT)
        (:FAKE-RUNE-FOR-TYPE-SET NIL)
        (:REWRITE |(expt 0 i)|)
        (:TYPE-PRESCRIPTION EXPT))
Warnings:  None
Time:  0.00 seconds (prove: 0.00, print: 0.00, other: 0.00)
EXPT-TYPE-NONPOSITIVE-BASE-ODD-EXPONENT

Summary
Form:  ( DEFTHM EXPT-NEGATIVE-BASE-EVEN-EXPONENTS ...)
Rules: ((:DEFINITION FIX)
        (:DEFINITION NOT)
        (:FAKE-RUNE-FOR-TYPE-SET NIL)
        (:REWRITE FUNCTIONAL-COMMUTATIVITY-OF-MINUS-*-LEFT)
        (:REWRITE UNICITY-OF-1))
Warnings:  None
Time:  0.01 seconds (prove: 0.01, print: 0.00, other: 0.00)
EXPT-NEGATIVE-BASE-EVEN-EXPONENTS

Summary
Form:  ( DEFTHM EXPT-NEGATIVE-BASE-ODD-EXPONENTS ...)
Rules: ((:DEFINITION FIX)
        (:DEFINITION NOT)
        (:EXECUTABLE-COUNTERPART NOT)
        (:FAKE-RUNE-FOR-TYPE-SET NIL)
        (:REWRITE FUNCTIONAL-COMMUTATIVITY-OF-MINUS-*-LEFT)
        (:REWRITE UNICITY-OF-1)
        (:TYPE-PRESCRIPTION EXPT-TYPE-PRESCRIPTION-RATIONAL))
Warnings:  None
Time:  0.01 seconds (prove: 0.01, print: 0.00, other: 0.00)
EXPT-NEGATIVE-BASE-ODD-EXPONENTS

Summary
Form:  ( DEFTHEORY STRONG-EXPT-RULES ...)
Rules: NIL
Warnings:  None
Time:  0.00 seconds (prove: 0.00, print: 0.00, other: 0.00)
10

Summary
Form:  ( IN-THEORY (DISABLE ...))
Rules: NIL
Warnings:  None
Time:  0.00 seconds (prove: 0.00, print: 0.00, other: 0.00)
1943

Summary
Form:  ( INCLUDE-BOOK "expt" ...)
Rules: NIL
Warnings:  None
Time:  0.01 seconds (prove: 0.00, print: 0.00, other: 0.01)

"/Users/huangjianshi/src/acl2-sources/books/arithmetic-2/meta/expt.fasl"


Summary
Form:  (CERTIFY-BOOK "expt" ...)
Rules: NIL
Warnings:  None
Time:  0.46 seconds (prove: 0.36, print: 0.00, other: 0.10)
 "/Users/huangjianshi/src/acl2-sources/books/arithmetic-2/meta/expt.lisp"
ACL2 !>
Exiting the ACL2 read-eval-print loop.  To re-enter, execute (LP).
* 