This is SBCL 1.0.1.34, an implementation of ANSI Common Lisp.
More information about SBCL is available at <http://www.sbcl.org/>.

SBCL is free software, provided as is, with absolutely no warranty.
It is mostly in the public domain; some portions are provided under
BSD-style licenses.  See the CREDITS and COPYING files in the
distribution for more information.

 ACL2 Version 3.1 built January 26, 2007  15:12:42.
 Copyright (C) 2006  University of Texas at Austin
 ACL2 comes with ABSOLUTELY NO WARRANTY.  This is free software and you
 are welcome to redistribute it under certain conditions.  For details,
 see the GNU General Public License.

 Initialized with (INITIALIZE-ACL2 'INCLUDE-BOOK *ACL2-PASS-2-FILES*).
 See the documentation topic note-3-1 for recent changes.
 Note: We have modified the prompt in some underlying Lisps to further
 distinguish it from the ACL2 prompt.

 NOTE!!  Proof trees are disabled in ACL2.  To enable them in emacs,
 look under the ACL2 source directory in interface/emacs/README.doc; 
 and, to turn on proof trees, execute :START-PROOF-TREE in the ACL2 
 command loop.   Look in the ACL2 documentation under PROOF-TREE.

ACL2 Version 3.1.  Level 1.  Cbd 
"/Users/huangjianshi/src/acl2-sources/books/arithmetic-2/meta/".
Type :help for help.
Type (good-bye) to quit completely out of ACL2.

ACL2 !>
Exiting the ACL2 read-eval-print loop.  To re-enter, execute (LP).
* 
#<PACKAGE "ACL2">
* 
ACL2 Version 3.1.  Level 1.  Cbd 
"/Users/huangjianshi/src/acl2-sources/books/arithmetic-2/meta/".
Type :help for help.
Type (good-bye) to quit completely out of ACL2.

ACL2 !> (PROVE PROOF-TREE
        WARNING OBSERVATION EVENT EXPANSION)
ACL2 !>
Summary
Form:  ( INCLUDE-BOOK "../pass1/top" ...)
Rules: NIL
Warnings:  None
Time:  0.04 seconds (prove: 0.00, print: 0.00, other: 0.04)
"/Users/huangjianshi/src/acl2-sources/books/arithmetic-2/pass1/top.lisp"

Summary
Form:  ( INCLUDE-BOOK "cancel-terms-helper" ...)
Rules: NIL
Warnings:  None
Time:  0.00 seconds (prove: 0.00, print: 0.00, other: 0.00)
"/Users/huangjianshi/src/acl2-sources/books/arithmetic-2/meta/cancel-terms-helper.lisp"

Summary
Form:  ( IN-THEORY (ENABLE ...))
Rules: NIL
Warnings:  None
Time:  0.00 seconds (prove: 0.00, print: 0.00, other: 0.00)
1902

Summary
Form:  ( DEFTHM *-PRESERVES-<=-1 ...)
Rules: ((:DEFINITION NOT)
        (:EXECUTABLE-COUNTERPART <)
        (:REWRITE <-*-RIGHT-CANCEL))
Warnings:  None
Time:  0.00 seconds (prove: 0.00, print: 0.00, other: 0.00)
*-PRESERVES-<=-1

Summary
Form:  ( DEFTHM *-PRESERVES-<=-2 ...)
Rules: ((:DEFINITION NOT)
        (:EXECUTABLE-COUNTERPART <)
        (:REWRITE <-*-LEFT-CANCEL))
Warnings:  None
Time:  0.00 seconds (prove: 0.00, print: 0.00, other: 0.00)
*-PRESERVES-<=-2

Summary
Form:  ( DEFTHM *-PRESERVES-<-1 ...)
Rules: ((:DEFINITION NOT)
        (:FAKE-RUNE-FOR-TYPE-SET NIL)
        (:REWRITE HELPER-6))
Warnings:  None
Time:  0.00 seconds (prove: 0.00, print: 0.00, other: 0.00)
*-PRESERVES-<-1

Summary
Form:  ( DEFTHM *-PRESERVES-<-2 ...)
Rules: ((:DEFINITION NOT)
        (:FAKE-RUNE-FOR-TYPE-SET NIL)
        (:REWRITE HELPER-6A))
Warnings:  None
Time:  0.00 seconds (prove: 0.00, print: 0.00, other: 0.00)
*-PRESERVES-<-2

Summary
Form:  ( DEFTHM *-PRESERVES-<=-FOR-NONNEGATIVES ...)
Rules: ((:DEFINITION NOT)
        (:FAKE-RUNE-FOR-LINEAR NIL)
        (:FAKE-RUNE-FOR-TYPE-SET NIL)
        (:LINEAR *-PRESERVES-<=-1)
        (:LINEAR *-PRESERVES-<=-2))
Warnings:  None
Time:  0.00 seconds (prove: 0.00, print: 0.00, other: 0.00)
*-PRESERVES-<=-FOR-NONNEGATIVES

Summary
Form:  ( DEFTHM *-PRESERVES-<-FOR-NONNEGATIVES ...)
Rules: ((:DEFINITION NOT)
        (:EXECUTABLE-COUNTERPART <)
        (:EXECUTABLE-COUNTERPART NOT)
        (:EXECUTABLE-COUNTERPART RATIONALP)
        (:FAKE-RUNE-FOR-LINEAR NIL)
        (:FAKE-RUNE-FOR-TYPE-SET NIL)
        (:LINEAR *-PRESERVES-<-1)
        (:LINEAR *-PRESERVES-<-2)
        (:REWRITE COMMUTATIVITY-OF-*)
        (:REWRITE TIMES-ZERO))
Warnings:  None
Time:  0.00 seconds (prove: 0.00, print: 0.00, other: 0.00)
*-PRESERVES-<-FOR-NONNEGATIVES

Summary
Form:  ( DEFTHM *-PRESERVES-<-FOR-NONNEGATIVES-STRONGER-1 ...)
Rules: ((:DEFINITION NOT)
        (:FAKE-RUNE-FOR-LINEAR NIL)
        (:FAKE-RUNE-FOR-TYPE-SET NIL)
        (:LINEAR *-PRESERVES-<-2)
        (:LINEAR *-PRESERVES-<=-1))
Warnings:  None
Time:  0.00 seconds (prove: 0.00, print: 0.00, other: 0.00)
*-PRESERVES-<-FOR-NONNEGATIVES-STRONGER-1

Summary
Form:  ( DEFTHM *-PRESERVES-<-FOR-NONNEGATIVES-STRONGER-2 ...)
Rules: ((:DEFINITION NOT)
        (:FAKE-RUNE-FOR-LINEAR NIL)
        (:FAKE-RUNE-FOR-TYPE-SET NIL)
        (:LINEAR *-PRESERVES-<-1)
        (:LINEAR *-PRESERVES-<=-2))
Warnings:  None
Time:  0.00 seconds (prove: 0.00, print: 0.00, other: 0.00)
*-PRESERVES-<-FOR-NONNEGATIVES-STRONGER-2

Summary
Form:  ( IN-THEORY (DISABLE ...))
Rules: NIL
Warnings:  None
Time:  0.00 seconds (prove: 0.00, print: 0.00, other: 0.00)
1906

Summary
Form:  ( DEFTHM *-WEAKLY-MONOTONIC ...)
Rules: ((:DEFINITION NOT)
        (:EXECUTABLE-COUNTERPART NOT)
        (:FAKE-RUNE-FOR-TYPE-SET NIL)
        (:REWRITE COMMUTATIVITY-OF-*)
        (:REWRITE HELPER-6A))
Warnings:  None
Time:  0.00 seconds (prove: 0.00, print: 0.00, other: 0.00)
*-WEAKLY-MONOTONIC

Summary
Form:  ( DEFTHM *-STRONGLY-MONOTONIC ...)
Rules: ((:FAKE-RUNE-FOR-TYPE-SET NIL)
        (:REWRITE COMMUTATIVITY-OF-*)
        (:REWRITE HELPER-6A))
Warnings:  None
Time:  0.00 seconds (prove: 0.00, print: 0.00, other: 0.00)
*-STRONGLY-MONOTONIC

Summary
Form:  ( DEFTHM *-WEAKLY-MONOTONIC-NEGATIVE-MULTIPLIER ...)
Rules: ((:DEFINITION NOT)
        (:EXECUTABLE-COUNTERPART NOT)
        (:FAKE-RUNE-FOR-TYPE-SET NIL)
        (:REWRITE COMMUTATIVITY-OF-*)
        (:REWRITE HELPER-6A))
Warnings:  None
Time:  0.00 seconds (prove: 0.00, print: 0.00, other: 0.00)
*-WEAKLY-MONOTONIC-NEGATIVE-MULTIPLIER

Summary
Form:  ( DEFTHM *-STRONGLY-MONOTONIC-NEGATIVE-MULTIPLIER ...)
Rules: ((:FAKE-RUNE-FOR-TYPE-SET NIL)
        (:REWRITE COMMUTATIVITY-OF-*)
        (:REWRITE HELPER-6A))
Warnings:  None
Time:  0.00 seconds (prove: 0.00, print: 0.00, other: 0.00)
*-STRONGLY-MONOTONIC-NEGATIVE-MULTIPLIER

Summary
Form:  ( DEFTHM /-WEAKLY-MONOTONIC ...)
Rules: ((:DEFINITION FIX)
        (:DEFINITION NOT)
        (:EXECUTABLE-COUNTERPART <)
        (:FAKE-RUNE-FOR-TYPE-SET NIL)
        (:REWRITE COMMUTATIVITY-OF-*)
        (:REWRITE NORMALIZE-<-/-TO-*-2)
        (:REWRITE NORMALIZE-<-/-TO-*-3-1)
        (:REWRITE UNICITY-OF-1))
Warnings:  None
Time:  0.00 seconds (prove: 0.00, print: 0.00, other: 0.00)
/-WEAKLY-MONOTONIC

Summary
Form:  ( DEFTHM /-STRONGLY-MONOTONIC ...)
Rules: ((:DEFINITION FIX)
        (:EXECUTABLE-COUNTERPART <)
        (:FAKE-RUNE-FOR-TYPE-SET NIL)
        (:REWRITE NORMALIZE-<-/-TO-*-1)
        (:REWRITE NORMALIZE-<-/-TO-*-2)
        (:REWRITE NORMALIZE-<-/-TO-*-3-2)
        (:REWRITE NORMALIZE-<-/-TO-*-3-4)
        (:REWRITE TIMES-ZERO)
        (:REWRITE UNICITY-OF-1))
Warnings:  None
Time:  0.00 seconds (prove: 0.00, print: 0.00, other: 0.00)
/-STRONGLY-MONOTONIC

Summary
Form:  ( DEFTHM X*Y>1-POSITIVE ...)
Rules: ((:FAKE-RUNE-FOR-LINEAR NIL)
        (:FAKE-RUNE-FOR-TYPE-SET NIL)
        (:FORWARD-CHAINING *-STRONGLY-MONOTONIC . 2)
        (:FORWARD-CHAINING *-STRONGLY-MONOTONIC . 1)
        (:FORWARD-CHAINING *-WEAKLY-MONOTONIC . 1))
Warnings:  None
Time:  0.02 seconds (prove: 0.02, print: 0.00, other: 0.00)
X*Y>1-POSITIVE

Summary
Form:  ( DEFTHM X*Y>1-POSITIVE-STRONGER ...)
Rules: ((:DEFINITION NOT)
        (:FAKE-RUNE-FOR-LINEAR NIL)
        (:FAKE-RUNE-FOR-TYPE-SET NIL)
        (:FORWARD-CHAINING *-STRONGLY-MONOTONIC . 1)
        (:FORWARD-CHAINING *-STRONGLY-MONOTONIC . 2)
        (:FORWARD-CHAINING *-WEAKLY-MONOTONIC . 2)
        (:FORWARD-CHAINING *-WEAKLY-MONOTONIC . 1))
Warnings:  None
Time:  0.03 seconds (prove: 0.03, print: 0.00, other: 0.00)
X*Y>1-POSITIVE-STRONGER

Summary
Form:  ( DEFTHM X*Y>=1-POSITIVE ...)
Rules: ((:DEFINITION NOT)
        (:FAKE-RUNE-FOR-LINEAR NIL)
        (:FAKE-RUNE-FOR-TYPE-SET NIL)
        (:FORWARD-CHAINING *-STRONGLY-MONOTONIC . 1)
        (:FORWARD-CHAINING *-WEAKLY-MONOTONIC . 1)
        (:FORWARD-CHAINING *-WEAKLY-MONOTONIC . 2))
Warnings:  None
Time:  0.02 seconds (prove: 0.02, print: 0.00, other: 0.00)
X*Y>=1-POSITIVE

Summary
Form:  ( DEFTHM X*Y>1-NEGATIVE ...)
Rules: ((:DEFINITION NOT)
        (:FAKE-RUNE-FOR-LINEAR NIL)
        (:FAKE-RUNE-FOR-TYPE-SET NIL)
        (:FORWARD-CHAINING *-STRONGLY-MONOTONIC-NEGATIVE-MULTIPLIER
                           . 2)
        (:FORWARD-CHAINING *-STRONGLY-MONOTONIC-NEGATIVE-MULTIPLIER
                           . 1)
        (:REWRITE FUNCTIONAL-COMMUTATIVITY-OF-MINUS-*-LEFT)
        (:REWRITE FUNCTIONAL-COMMUTATIVITY-OF-MINUS-*-RIGHT)
        (:REWRITE FUNCTIONAL-SELF-INVERSION-OF-MINUS))
Warnings:  None
Time:  0.01 seconds (prove: 0.01, print: 0.00, other: 0.00)
X*Y>1-NEGATIVE

Summary
Form:  ( DEFTHM X*Y>=1-NEGATIVE ...)
Rules: ((:DEFINITION NOT)
        (:FAKE-RUNE-FOR-LINEAR NIL)
        (:FAKE-RUNE-FOR-TYPE-SET NIL)
        (:FORWARD-CHAINING *-WEAKLY-MONOTONIC-NEGATIVE-MULTIPLIER
                           . 2)
        (:FORWARD-CHAINING *-WEAKLY-MONOTONIC-NEGATIVE-MULTIPLIER
                           . 1)
        (:REWRITE FUNCTIONAL-COMMUTATIVITY-OF-MINUS-*-LEFT)
        (:REWRITE FUNCTIONAL-COMMUTATIVITY-OF-MINUS-*-RIGHT)
        (:REWRITE FUNCTIONAL-SELF-INVERSION-OF-MINUS))
Warnings:  None
Time:  0.01 seconds (prove: 0.01, print: 0.00, other: 0.00)
X*Y>=1-NEGATIVE

Summary
Form:  ( IN-THEORY (DISABLE ...))
Rules: NIL
Warnings:  None
Time:  0.00 seconds (prove: 0.00, print: 0.00, other: 0.00)
1930

Summary
Form:  ( DEFTHM RATIO-THEORY-OF-1-A ...)
Rules: ((:DEFINITION FIX)
        (:DEFINITION NOT)
        (:EXECUTABLE-COUNTERPART <)
        (:EXECUTABLE-COUNTERPART NOT)
        (:FAKE-RUNE-FOR-TYPE-SET NIL)
        (:REWRITE HELPER-14)
        (:REWRITE NORMALIZE-<-/-TO-*-2)
        (:REWRITE NORMALIZE-<-/-TO-*-3-1)
        (:REWRITE TIMES-ZERO)
        (:REWRITE UNICITY-OF-1))
Warnings:  None
Time:  0.00 seconds (prove: 0.00, print: 0.00, other: 0.00)
RATIO-THEORY-OF-1-A

Summary
Form:  ( DEFTHM RATIO-THEORY-OF-1-B ...)
Rules: ((:DEFINITION FIX)
        (:DEFINITION NOT)
        (:EXECUTABLE-COUNTERPART <)
        (:EXECUTABLE-COUNTERPART NOT)
        (:FAKE-RUNE-FOR-TYPE-SET NIL)
        (:REWRITE HELPER-14)
        (:REWRITE NORMALIZE-<-/-TO-*-2)
        (:REWRITE NORMALIZE-<-/-TO-*-3-3)
        (:REWRITE TIMES-ZERO)
        (:REWRITE UNICITY-OF-1))
Warnings:  None
Time:  0.00 seconds (prove: 0.00, print: 0.00, other: 0.00)
RATIO-THEORY-OF-1-B

Summary
Form:  ( DEFTHM RATIO-THEORY-OF-1-C ...)
Rules: ((:DEFINITION FIX)
        (:DEFINITION NOT)
        (:EXECUTABLE-COUNTERPART <)
        (:EXECUTABLE-COUNTERPART NOT)
        (:FAKE-RUNE-FOR-TYPE-SET NIL)
        (:REWRITE HELPER-12)
        (:REWRITE NORMALIZE-<-/-TO-*-1)
        (:REWRITE NORMALIZE-<-/-TO-*-3-3)
        (:REWRITE TIMES-ZERO)
        (:REWRITE UNICITY-OF-1))
Warnings:  None
Time:  0.01 seconds (prove: 0.01, print: 0.00, other: 0.00)
RATIO-THEORY-OF-1-C

Summary
Form:  ( DEFTHM RATIO-THEORY-OF-1-D ...)
Rules: ((:DEFINITION FIX)
        (:EXECUTABLE-COUNTERPART <)
        (:EXECUTABLE-COUNTERPART EQUAL)
        (:FAKE-RUNE-FOR-LINEAR NIL)
        (:FAKE-RUNE-FOR-TYPE-SET NIL)
        (:LINEAR RATIO-THEORY-OF-1-A)
        (:LINEAR RATIO-THEORY-OF-1-C)
        (:REWRITE HELPER-12)
        (:REWRITE INVERSE-OF-*)
        (:REWRITE NORMALIZE-<-/-TO-*-1)
        (:REWRITE NORMALIZE-<-/-TO-*-3-1)
        (:REWRITE TIMES-ZERO)
        (:REWRITE UNICITY-OF-1))
Warnings:  None
Time:  0.02 seconds (prove: 0.02, print: 0.00, other: 0.00)
RATIO-THEORY-OF-1-D

Summary
Form:  ( DEFTHM RATIO-THEORY-OF-1-E ...)
Rules: ((:DEFINITION FIX)
        (:DEFINITION NOT)
        (:EXECUTABLE-COUNTERPART <)
        (:EXECUTABLE-COUNTERPART NOT)
        (:FAKE-RUNE-FOR-TYPE-SET NIL)
        (:REWRITE FUNCTIONAL-COMMUTATIVITY-OF-MINUS-*-LEFT)
        (:REWRITE HELPER-12)
        (:REWRITE NORMALIZE-<-/-TO-*-1)
        (:REWRITE NORMALIZE-<-/-TO-*-3-3)
        (:REWRITE TIMES-ZERO)
        (:REWRITE UNICITY-OF-1))
Warnings:  None
Time:  0.00 seconds (prove: 0.00, print: 0.00, other: 0.00)
RATIO-THEORY-OF-1-E

Summary
Form:  ( DEFTHM RATIO-THEORY-OF-1-F ...)
Rules: ((:DEFINITION FIX)
        (:DEFINITION NOT)
        (:EXECUTABLE-COUNTERPART <)
        (:FAKE-RUNE-FOR-TYPE-SET NIL)
        (:REWRITE FUNCTIONAL-COMMUTATIVITY-OF-MINUS-*-LEFT)
        (:REWRITE HELPER-12)
        (:REWRITE NORMALIZE-<-/-TO-*-1)
        (:REWRITE NORMALIZE-<-/-TO-*-3-1)
        (:REWRITE TIMES-ZERO)
        (:REWRITE UNICITY-OF-1))
Warnings:  None
Time:  0.00 seconds (prove: 0.00, print: 0.00, other: 0.00)
RATIO-THEORY-OF-1-F

Summary
Form:  ( DEFTHM RATIO-THEORY-OF-1-G ...)
Rules: ((:DEFINITION NOT)
        (:EXECUTABLE-COUNTERPART UNARY--)
        (:FAKE-RUNE-FOR-LINEAR NIL)
        (:FAKE-RUNE-FOR-TYPE-SET NIL)
        (:LINEAR *-WEAKLY-MONOTONIC-NEGATIVE-MULTIPLIER
                 . 2)
        (:REWRITE FUNCTIONAL-COMMUTATIVITY-OF-MINUS-*-LEFT)
        (:REWRITE INVERSE-OF-*))
Warnings:  None
Time:  0.00 seconds (prove: 0.00, print: 0.00, other: 0.00)
RATIO-THEORY-OF-1-G

Summary
Form:  ( DEFTHM RATIO-THEORY-OF-1-H ...)
Rules: ((:EXECUTABLE-COUNTERPART UNARY--)
        (:FAKE-RUNE-FOR-LINEAR NIL)
        (:FAKE-RUNE-FOR-TYPE-SET NIL)
        (:LINEAR *-STRONGLY-MONOTONIC-NEGATIVE-MULTIPLIER
                 . 2)
        (:REWRITE FUNCTIONAL-COMMUTATIVITY-OF-MINUS-*-LEFT)
        (:REWRITE INVERSE-OF-*))
Warnings:  None
Time:  0.00 seconds (prove: 0.00, print: 0.00, other: 0.00)
RATIO-THEORY-OF-1-H

Summary
Form:  ( DEFTHM RATIO-THEORY-OF-1-I ...)
Rules: ((:DEFINITION FIX)
        (:DEFINITION NOT)
        (:EXECUTABLE-COUNTERPART <)
        (:EXECUTABLE-COUNTERPART NOT)
        (:FAKE-RUNE-FOR-LINEAR NIL)
        (:FAKE-RUNE-FOR-TYPE-SET NIL)
        (:REWRITE FUNCTIONAL-COMMUTATIVITY-OF-MINUS-*-LEFT)
        (:REWRITE HELPER-12)
        (:REWRITE NORMALIZE-<-/-TO-*-2)
        (:REWRITE NORMALIZE-<-/-TO-*-3-3)
        (:REWRITE TIMES-ZERO)
        (:REWRITE UNICITY-OF-1))
Warnings:  None
Time:  0.00 seconds (prove: 0.00, print: 0.00, other: 0.00)
RATIO-THEORY-OF-1-I

Summary
Form:  ( DEFTHM RATIO-THEORY-OF-1-J ...)
Rules: ((:DEFINITION FIX)
        (:DEFINITION NOT)
        (:EXECUTABLE-COUNTERPART <)
        (:EXECUTABLE-COUNTERPART NOT)
        (:FAKE-RUNE-FOR-LINEAR NIL)
        (:FAKE-RUNE-FOR-TYPE-SET NIL)
        (:REWRITE FUNCTIONAL-COMMUTATIVITY-OF-MINUS-*-LEFT)
        (:REWRITE HELPER-12)
        (:REWRITE NORMALIZE-<-/-TO-*-2)
        (:REWRITE NORMALIZE-<-/-TO-*-3-1)
        (:REWRITE TIMES-ZERO)
        (:REWRITE UNICITY-OF-1))
Warnings:  None
Time:  0.00 seconds (prove: 0.00, print: 0.00, other: 0.00)
RATIO-THEORY-OF-1-J

Summary
Form:  ( DEFTHM RATIO-THEORY-OF-1-K ...)
Rules: ((:DEFINITION NOT)
        (:FAKE-RUNE-FOR-LINEAR NIL)
        (:FAKE-RUNE-FOR-TYPE-SET NIL)
        (:LINEAR *-WEAKLY-MONOTONIC . 2)
        (:REWRITE FUNCTIONAL-COMMUTATIVITY-OF-MINUS-*-LEFT)
        (:REWRITE INVERSE-OF-*))
Warnings:  None
Time:  0.01 seconds (prove: 0.01, print: 0.00, other: 0.00)
RATIO-THEORY-OF-1-K

Summary
Form:  ( DEFTHM RATIO-THEORY-OF-1-L ...)
Rules: ((:FAKE-RUNE-FOR-LINEAR NIL)
        (:FAKE-RUNE-FOR-TYPE-SET NIL)
        (:FORWARD-CHAINING /-STRONGLY-MONOTONIC)
        (:LINEAR *-STRONGLY-MONOTONIC-NEGATIVE-MULTIPLIER
                 . 1)
        (:LINEAR RATIO-THEORY-OF-1-K))
Warnings:  None
Time:  0.00 seconds (prove: 0.00, print: 0.00, other: 0.00)
RATIO-THEORY-OF-1-L

Summary
Form:  ( DEFTHM RATIO-THEORY-OF-1-M ...)
Rules: ((:DEFINITION NOT)
        (:FAKE-RUNE-FOR-LINEAR NIL)
        (:FAKE-RUNE-FOR-TYPE-SET NIL)
        (:LINEAR *-WEAKLY-MONOTONIC-NEGATIVE-MULTIPLIER
                 . 2)
        (:REWRITE INVERSE-OF-*))
Warnings:  None
Time:  0.00 seconds (prove: 0.00, print: 0.00, other: 0.00)
RATIO-THEORY-OF-1-M

Summary
Form:  ( DEFTHM RATIO-THEORY-OF-1-N ...)
Rules: ((:FAKE-RUNE-FOR-LINEAR NIL)
        (:FAKE-RUNE-FOR-TYPE-SET NIL)
        (:LINEAR *-STRONGLY-MONOTONIC-NEGATIVE-MULTIPLIER
                 . 2)
        (:REWRITE INVERSE-OF-*))
Warnings:  None
Time:  0.00 seconds (prove: 0.00, print: 0.00, other: 0.00)
RATIO-THEORY-OF-1-N

Summary
Form:  ( DEFTHM RATIO-THEORY-OF-1-O ...)
Rules: ((:DEFINITION FIX)
        (:DEFINITION NOT)
        (:EXECUTABLE-COUNTERPART <)
        (:EXECUTABLE-COUNTERPART NOT)
        (:FAKE-RUNE-FOR-TYPE-SET NIL)
        (:REWRITE HELPER-14)
        (:REWRITE NORMALIZE-<-/-TO-*-1)
        (:REWRITE NORMALIZE-<-/-TO-*-3-1)
        (:REWRITE TIMES-ZERO)
        (:REWRITE UNICITY-OF-1))
Warnings:  None
Time:  0.00 seconds (prove: 0.00, print: 0.00, other: 0.00)
RATIO-THEORY-OF-1-O

Summary
Form:  ( DEFTHM RATIO-THEORY-OF-1-P ...)
Rules: ((:DEFINITION FIX)
        (:DEFINITION NOT)
        (:EXECUTABLE-COUNTERPART <)
        (:EXECUTABLE-COUNTERPART EQUAL)
        (:EXECUTABLE-COUNTERPART NOT)
        (:FAKE-RUNE-FOR-LINEAR NIL)
        (:FAKE-RUNE-FOR-TYPE-SET NIL)
        (:LINEAR RATIO-THEORY-OF-1-M)
        (:LINEAR RATIO-THEORY-OF-1-O)
        (:REWRITE HELPER-14)
        (:REWRITE INVERSE-OF-*)
        (:REWRITE NORMALIZE-<-/-TO-*-1)
        (:REWRITE NORMALIZE-<-/-TO-*-3-3)
        (:REWRITE TIMES-ZERO)
        (:REWRITE UNICITY-OF-1))
Warnings:  None
Time:  0.01 seconds (prove: 0.01, print: 0.00, other: 0.00)
RATIO-THEORY-OF-1-P

Summary
Form:  ( DEFTHEORY RATIO-THEORY-OF-1 ...)
Rules: NIL
Warnings:  None
Time:  0.00 seconds (prove: 0.00, print: 0.00, other: 0.00)
16

Summary
Form:  ( IN-THEORY (DISABLE ...))
Rules: NIL
Warnings:  None
Time:  0.00 seconds (prove: 0.00, print: 0.00, other: 0.00)
1930

Summary
Form:  ( INCLUDE-BOOK "non-linear" ...)
Rules: NIL
Warnings:  None
Time:  0.01 seconds (prove: 0.00, print: 0.00, other: 0.01)

"/Users/huangjianshi/src/acl2-sources/books/arithmetic-2/meta/non-linear.fasl"


Summary
Form:  (CERTIFY-BOOK "non-linear" ...)
Rules: NIL
Warnings:  None
Time:  0.27 seconds (prove: 0.19, print: 0.00, other: 0.08)
 "/Users/huangjianshi/src/acl2-sources/books/arithmetic-2/meta/non-linear.lisp"
ACL2 !>
Exiting the ACL2 read-eval-print loop.  To re-enter, execute (LP).
* 