This is SBCL 1.0.1.34, an implementation of ANSI Common Lisp.
More information about SBCL is available at <http://www.sbcl.org/>.

SBCL is free software, provided as is, with absolutely no warranty.
It is mostly in the public domain; some portions are provided under
BSD-style licenses.  See the CREDITS and COPYING files in the
distribution for more information.

 ACL2 Version 3.1 built January 26, 2007  15:12:42.
 Copyright (C) 2006  University of Texas at Austin
 ACL2 comes with ABSOLUTELY NO WARRANTY.  This is free software and you
 are welcome to redistribute it under certain conditions.  For details,
 see the GNU General Public License.

 Initialized with (INITIALIZE-ACL2 'INCLUDE-BOOK *ACL2-PASS-2-FILES*).
 See the documentation topic note-3-1 for recent changes.
 Note: We have modified the prompt in some underlying Lisps to further
 distinguish it from the ACL2 prompt.

 NOTE!!  Proof trees are disabled in ACL2.  To enable them in emacs,
 look under the ACL2 source directory in interface/emacs/README.doc; 
 and, to turn on proof trees, execute :START-PROOF-TREE in the ACL2 
 command loop.   Look in the ACL2 documentation under PROOF-TREE.

ACL2 Version 3.1.  Level 1.  Cbd 
"/Users/huangjianshi/src/acl2-sources/books/arithmetic-2/meta/".
Type :help for help.
Type (good-bye) to quit completely out of ACL2.

ACL2 !>
Exiting the ACL2 read-eval-print loop.  To re-enter, execute (LP).
* 
#<PACKAGE "ACL2">
* 
ACL2 Version 3.1.  Level 1.  Cbd 
"/Users/huangjianshi/src/acl2-sources/books/arithmetic-2/meta/".
Type :help for help.
Type (good-bye) to quit completely out of ACL2.

ACL2 !> (PROVE PROOF-TREE
        WARNING OBSERVATION EVENT EXPANSION)
ACL2 !>
Summary
Form:  ( INCLUDE-BOOK "../pass1/top" ...)
Rules: NIL
Warnings:  None
Time:  0.05 seconds (prove: 0.00, print: 0.00, other: 0.05)
"/Users/huangjianshi/src/acl2-sources/books/arithmetic-2/pass1/top.lisp"

Summary
Form:  ( DEFTHM |(+ (+ x y) z)| ...)
Rules: ((:REWRITE ASSOCIATIVITY-OF-+))
Warnings:  None
Time:  0.00 seconds (prove: 0.00, print: 0.00, other: 0.00)
|(+ (+ x y) z)|

Summary
Form:  ( DEFTHM |(+ 0 x)| ...)
Rules: ((:REWRITE UNICITY-OF-0))
Warnings:  None
Time:  0.00 seconds (prove: 0.00, print: 0.00, other: 0.00)
|(+ 0 x)|

Summary
Form:  ( DEFTHM |(+ x 0)| ...)
Rules: ((:DEFINITION FIX)
        (:FAKE-RUNE-FOR-TYPE-SET NIL)
        (:REWRITE |(+ 0 x)|)
        (:REWRITE COMMUTATIVITY-OF-+))
Warnings:  None
Time:  0.00 seconds (prove: 0.00, print: 0.00, other: 0.00)
|(+ x 0)|

Summary
Form:  ( DEFTHM |(+ c (+ d x))| ...)
Rules: ((:EXECUTABLE-COUNTERPART IF)
        (:EXECUTABLE-COUNTERPART SYNP)
        (:REWRITE |(+ (+ x y) z)|))
Warnings:  None
Time:  0.00 seconds (prove: 0.00, print: 0.00, other: 0.00)
|(+ c (+ d x))|

Summary
Form:  ( DEFTHM |(- (- x))| ...)
Rules: ((:REWRITE FUNCTIONAL-SELF-INVERSION-OF-MINUS))
Warnings:  None
Time:  0.00 seconds (prove: 0.00, print: 0.00, other: 0.00)
|(- (- x))|

Summary
Form:  ( DEFTHM |(- (+ x y))| ...)
Rules: ((:REWRITE DISTRIBUTIVITY-OF-MINUS-OVER-+))
Warnings:  None
Time:  0.00 seconds (prove: 0.00, print: 0.00, other: 0.00)
|(- (+ x y))|

Summary
Form:  ( DEFTHM |(* (* x y) z)| ...)
Rules: ((:REWRITE ASSOCIATIVITY-OF-*))
Warnings:  None
Time:  0.00 seconds (prove: 0.00, print: 0.00, other: 0.00)
|(* (* x y) z)|

Summary
Form:  ( DEFTHM |(* 1 x)| ...)
Rules: ((:REWRITE UNICITY-OF-1))
Warnings:  None
Time:  0.00 seconds (prove: 0.00, print: 0.00, other: 0.00)
|(* 1 x)|

Summary
Form:  ( DEFTHM |(* x 1)| ...)
Rules: ((:DEFINITION FIX)
        (:FAKE-RUNE-FOR-TYPE-SET NIL)
        (:REWRITE |(* 1 x)|)
        (:REWRITE COMMUTATIVITY-OF-*))
Warnings:  None
Time:  0.00 seconds (prove: 0.00, print: 0.00, other: 0.00)
|(* x 1)|

Summary
Form:  ( DEFTHM |(* 0 x)| ...)
Rules: ((:FAKE-RUNE-FOR-TYPE-SET NIL))
Warnings:  None
Time:  0.00 seconds (prove: 0.00, print: 0.00, other: 0.00)
|(* 0 x)|

Summary
Form:  ( DEFTHM |(* x 0)| ...)
Rules: ((:FAKE-RUNE-FOR-TYPE-SET NIL))
Warnings:  None
Time:  0.00 seconds (prove: 0.00, print: 0.00, other: 0.00)
|(* x 0)|

Summary
Form:  ( DEFTHM |(* -1 x)| ...)
Rules: ((:DEFINITION FIX)
        (:FAKE-RUNE-FOR-TYPE-SET NIL)
        (:REWRITE |(* 1 x)|)
        (:REWRITE EQUAL-MINUS-MINUS)
        (:REWRITE FUNCTIONAL-COMMUTATIVITY-OF-MINUS-*-LEFT))
Warnings:  None
Time:  0.00 seconds (prove: 0.00, print: 0.00, other: 0.00)
|(* -1 x)|

Summary
Form:  ( DEFTHM |(* x -1)| ...)
Rules: ((:DEFINITION FIX)
        (:FAKE-RUNE-FOR-TYPE-SET NIL)
        (:REWRITE |(* x 1)|)
        (:REWRITE EQUAL-MINUS-MINUS)
        (:REWRITE FUNCTIONAL-COMMUTATIVITY-OF-MINUS-*-RIGHT))
Warnings:  None
Time:  0.00 seconds (prove: 0.00, print: 0.00, other: 0.00)
|(* x -1)|

Summary
Form:  ( DEFTHM |(* c (* d x))| ...)
Rules: ((:EXECUTABLE-COUNTERPART IF)
        (:EXECUTABLE-COUNTERPART SYNP)
        (:REWRITE |(* (* x y) z)|))
Warnings:  None
Time:  0.00 seconds (prove: 0.00, print: 0.00, other: 0.00)
|(* c (* d x))|

Summary
Form:  ( DEFTHM |(/ (/ x))| ...)
Rules: ((:REWRITE FUNCTIONAL-SELF-INVERSION-OF-/))
Warnings:  None
Time:  0.00 seconds (prove: 0.00, print: 0.00, other: 0.00)
|(/ (/ x))|

Summary
Form:  ( DEFTHM |(/ (* x y))| ...)
Rules: ((:REWRITE DISTRIBUTIVITY-OF-/-OVER-*))
Warnings:  None
Time:  0.00 seconds (prove: 0.00, print: 0.00, other: 0.00)
|(/ (* x y))|

Summary
Form:  ( DEFTHM |(* x (+ y z))| ...)
Rules: ((:FAKE-RUNE-FOR-TYPE-SET NIL)
        (:REWRITE DISTRIBUTIVITY))
Warnings:  None
Time:  0.00 seconds (prove: 0.00, print: 0.00, other: 0.00)
|(* x (+ y z))|

Summary
Form:  ( IN-THEORY (DISABLE ...))
Rules: NIL
Warnings:  None
Time:  0.00 seconds (prove: 0.00, print: 0.00, other: 0.00)
1894

Summary
Form:  ( DEFTHM |(* (+ x y) z)| ...)
Rules: ((:FAKE-RUNE-FOR-TYPE-SET NIL)
        (:REWRITE |(* x (+ y z))|)
        (:REWRITE COMMUTATIVITY-OF-*))
Warnings:  None
Time:  0.00 seconds (prove: 0.00, print: 0.00, other: 0.00)
|(* (+ x y) z)|

Summary
Form:  ( DEFTHM |(* x (- y))| ...)
Rules: ((:EXECUTABLE-COUNTERPART IF)
        (:EXECUTABLE-COUNTERPART SYNP)
        (:REWRITE FUNCTIONAL-COMMUTATIVITY-OF-MINUS-*-RIGHT))
Warnings:  None
Time:  0.00 seconds (prove: 0.00, print: 0.00, other: 0.00)
|(* x (- y))|

Summary
Form:  ( DEFTHM |(* (- x) y)| ...)
Rules: ((:EXECUTABLE-COUNTERPART IF)
        (:EXECUTABLE-COUNTERPART SYNP)
        (:REWRITE FUNCTIONAL-COMMUTATIVITY-OF-MINUS-*-LEFT))
Warnings:  None
Time:  0.00 seconds (prove: 0.00, print: 0.00, other: 0.00)
|(* (- x) y)|

Summary
Form:  ( DEFTHM |(- (* c x))| ...)
Rules: ((:EXECUTABLE-COUNTERPART IF)
        (:EXECUTABLE-COUNTERPART SYNP)
        (:REWRITE FUNCTIONAL-COMMUTATIVITY-OF-MINUS-*-LEFT))
Warnings:  None
Time:  0.00 seconds (prove: 0.00, print: 0.00, other: 0.00)
|(- (* c x))|

Summary
Form:  ( DEFTHM |(/ (- x))| ...)
Rules: ((:EXECUTABLE-COUNTERPART IF)
        (:EXECUTABLE-COUNTERPART SYNP)
        (:REWRITE RECIPROCAL-MINUS-A))
Warnings:  None
Time:  0.00 seconds (prove: 0.00, print: 0.00, other: 0.00)
|(/ (- x))|

Summary
Form:  ( DEFTHM |(equal (/ x) 0)| ...)
Rules: ((:REWRITE EQUAL-/-0))
Warnings:  None
Time:  0.00 seconds (prove: 0.00, print: 0.00, other: 0.00)
|(equal (/ x) 0)|

Summary
Form:  ( DEFTHM |(equal (- x) 0)| ...)
Rules: ((:REWRITE EQUAL-MINUS-0))
Warnings:  None
Time:  0.00 seconds (prove: 0.00, print: 0.00, other: 0.00)
|(equal (- x) 0)|

Summary
Form:  ( DEFTHM |(equal (/ x) (/ y))| ...)
Rules: ((:REWRITE EQUAL-/-/))
Warnings:  None
Time:  0.00 seconds (prove: 0.00, print: 0.00, other: 0.00)
|(equal (/ x) (/ y))|

Summary
Form:  ( DEFTHM |(equal (- x) (- y))| ...)
Rules: ((:REWRITE EQUAL-MINUS-MINUS))
Warnings:  None
Time:  0.00 seconds (prove: 0.00, print: 0.00, other: 0.00)
|(equal (- x) (- y))|

Summary
Form:  ( DEFTHM |(< (/ x) 0)| ...)
Rules: ((:DEFINITION FIX)
        (:FAKE-RUNE-FOR-TYPE-SET NIL)
        (:REWRITE /-PRESERVES-NEGATIVE))
Warnings:  None
Time:  0.00 seconds (prove: 0.00, print: 0.00, other: 0.00)
|(< (/ x) 0)|

Summary
Form:  ( DEFTHM |(< 0 (/ x))| ...)
Rules: ((:DEFINITION FIX)
        (:FAKE-RUNE-FOR-TYPE-SET NIL)
        (:REWRITE /-PRESERVES-POSITIVE))
Warnings:  None
Time:  0.00 seconds (prove: 0.00, print: 0.00, other: 0.00)
|(< 0 (/ x))|

Summary
Form:  ( DEFTHM |(< (- x) 0)| ...)
Rules: ((:DEFINITION FIX)
        (:FAKE-RUNE-FOR-TYPE-SET NIL)
        (:REWRITE <-MINUS-ZERO))
Warnings:  None
Time:  0.00 seconds (prove: 0.00, print: 0.00, other: 0.00)
|(< (- x) 0)|

Summary
Form:  ( DEFTHM |(< 0 (- x))| ...)
Rules: ((:DEFINITION FIX)
        (:FAKE-RUNE-FOR-TYPE-SET NIL)
        (:REWRITE <-0-MINUS))
Warnings:  None
Time:  0.00 seconds (prove: 0.00, print: 0.00, other: 0.00)
|(< 0 (- x))|

Summary
Form:  ( DEFTHM |(< (- x) (- y))| ...)
Rules: ((:DEFINITION FIX)
        (:FAKE-RUNE-FOR-TYPE-SET NIL)
        (:REWRITE <-MINUS-MINUS)
        (:REWRITE DEFAULT-<-1)
        (:REWRITE DEFAULT-<-2))
Warnings:  None
Time:  0.00 seconds (prove: 0.00, print: 0.00, other: 0.00)
|(< (- x) (- y))|

Summary
Form:  ( DEFTHM |(+ (if x y z) w)| ...)
Rules: NIL
Warnings:  None
Time:  0.00 seconds (prove: 0.00, print: 0.00, other: 0.00)
|(+ (if x y z) w)|

Summary
Form:  ( DEFTHM |(+ w (if x y z))| ...)
Rules: NIL
Warnings:  None
Time:  0.00 seconds (prove: 0.00, print: 0.00, other: 0.00)
|(+ w (if x y z))|

Summary
Form:  ( DEFTHM |(- (if x y z))| ...)
Rules: NIL
Warnings:  None
Time:  0.00 seconds (prove: 0.00, print: 0.00, other: 0.00)
|(- (if x y z))|

Summary
Form:  ( DEFTHM |(* (if x y z) w)| ...)
Rules: NIL
Warnings:  None
Time:  0.00 seconds (prove: 0.00, print: 0.00, other: 0.00)
|(* (if x y z) w)|

Summary
Form:  ( DEFTHM |(* w (if x y z))| ...)
Rules: NIL
Warnings:  None
Time:  0.00 seconds (prove: 0.00, print: 0.00, other: 0.00)
|(* w (if x y z))|

Summary
Form:  ( DEFTHM |(/ (if x y z))| ...)
Rules: NIL
Warnings:  None
Time:  0.00 seconds (prove: 0.00, print: 0.00, other: 0.00)
|(/ (if x y z))|

Summary
Form:  ( DEFTHM |(expt (if x y z) w)| ...)
Rules: NIL
Warnings:  None
Time:  0.00 seconds (prove: 0.00, print: 0.00, other: 0.00)
|(expt (if x y z) w)|

Summary
Form:  ( DEFTHM |(expt w (if x y z))| ...)
Rules: NIL
Warnings:  None
Time:  0.00 seconds (prove: 0.00, print: 0.00, other: 0.00)
|(expt w (if x y z))|

Summary
Form:  ( DEFTHM |(equal w (if x y z))| ...)
Rules: NIL
Warnings:  None
Time:  0.00 seconds (prove: 0.00, print: 0.00, other: 0.00)
|(equal w (if x y z))|

Summary
Form:  ( DEFTHM |(equal (if x y z) w)| ...)
Rules: NIL
Warnings:  None
Time:  0.00 seconds (prove: 0.00, print: 0.00, other: 0.00)
|(equal (if x y z) w)|

Summary
Form:  ( DEFTHM |(< w (if x y z))| ...)
Rules: NIL
Warnings:  None
Time:  0.00 seconds (prove: 0.00, print: 0.00, other: 0.00)
|(< w (if x y z))|

Summary
Form:  ( DEFTHM |(< (if x y z) w)| ...)
Rules: NIL
Warnings:  None
Time:  0.00 seconds (prove: 0.00, print: 0.00, other: 0.00)
|(< (if x y z) w)|

Summary
Form:  ( INCLUDE-BOOK "post" ...)
Rules: NIL
Warnings:  None
Time:  0.00 seconds (prove: 0.00, print: 0.00, other: 0.00)

"/Users/huangjianshi/src/acl2-sources/books/arithmetic-2/meta/post.fasl"


Summary
Form:  (CERTIFY-BOOK "post" ...)
Rules: NIL
Warnings:  None
Time:  0.08 seconds (prove: 0.01, print: 0.00, other: 0.07)
 "/Users/huangjianshi/src/acl2-sources/books/arithmetic-2/meta/post.lisp"
ACL2 !>
Exiting the ACL2 read-eval-print loop.  To re-enter, execute (LP).
* 