This is SBCL 1.0.1.34, an implementation of ANSI Common Lisp.
More information about SBCL is available at <http://www.sbcl.org/>.

SBCL is free software, provided as is, with absolutely no warranty.
It is mostly in the public domain; some portions are provided under
BSD-style licenses.  See the CREDITS and COPYING files in the
distribution for more information.

 ACL2 Version 3.1 built January 26, 2007  15:12:42.
 Copyright (C) 2006  University of Texas at Austin
 ACL2 comes with ABSOLUTELY NO WARRANTY.  This is free software and you
 are welcome to redistribute it under certain conditions.  For details,
 see the GNU General Public License.

 Initialized with (INITIALIZE-ACL2 'INCLUDE-BOOK *ACL2-PASS-2-FILES*).
 See the documentation topic note-3-1 for recent changes.
 Note: We have modified the prompt in some underlying Lisps to further
 distinguish it from the ACL2 prompt.

 NOTE!!  Proof trees are disabled in ACL2.  To enable them in emacs,
 look under the ACL2 source directory in interface/emacs/README.doc; 
 and, to turn on proof trees, execute :START-PROOF-TREE in the ACL2 
 command loop.   Look in the ACL2 documentation under PROOF-TREE.

ACL2 Version 3.1.  Level 1.  Cbd 
"/Users/huangjianshi/src/acl2-sources/books/arithmetic-2/meta/".
Type :help for help.
Type (good-bye) to quit completely out of ACL2.

ACL2 !>
Exiting the ACL2 read-eval-print loop.  To re-enter, execute (LP).
* 
#<PACKAGE "ACL2">
* 
ACL2 Version 3.1.  Level 1.  Cbd 
"/Users/huangjianshi/src/acl2-sources/books/arithmetic-2/meta/".
Type :help for help.
Type (good-bye) to quit completely out of ACL2.

ACL2 !> (PROVE PROOF-TREE
        WARNING OBSERVATION EVENT EXPANSION)
ACL2 !>
Summary
Form:  ( INCLUDE-BOOK "pre" ...)
Rules: NIL
Warnings:  None
Time:  0.01 seconds (prove: 0.00, print: 0.00, other: 0.01)
"/Users/huangjianshi/src/acl2-sources/books/arithmetic-2/meta/pre.lisp"

Summary
Form:  ( INCLUDE-BOOK "integerp" ...)
Rules: NIL
Warnings:  None
Time:  0.00 seconds (prove: 0.00, print: 0.00, other: 0.00)
"/Users/huangjianshi/src/acl2-sources/books/arithmetic-2/meta/integerp.lisp"

Summary
Form:  ( INCLUDE-BOOK "integerp-meta" ...)
Rules: NIL
Warnings:  None
Time:  0.18 seconds (prove: 0.00, print: 0.00, other: 0.18)
"/Users/huangjianshi/src/acl2-sources/books/arithmetic-2/meta/integerp-meta.lisp"

Summary
Form:  ( INCLUDE-BOOK "cancel-terms-meta" ...)
Rules: NIL
Warnings:  None
Time:  0.62 seconds (prove: 0.00, print: 0.00, other: 0.62)
"/Users/huangjianshi/src/acl2-sources/books/arithmetic-2/meta/cancel-terms-meta.lisp"

Summary
Form:  ( INCLUDE-BOOK "collect-terms-meta" ...)
Rules: NIL
Warnings:  None
Time:  0.04 seconds (prove: 0.00, print: 0.00, other: 0.04)
"/Users/huangjianshi/src/acl2-sources/books/arithmetic-2/meta/collect-terms-meta.lisp"

Summary
Form:  ( INCLUDE-BOOK "numerator-and-denominator" ...)
Rules: NIL
Warnings:  None
Time:  0.00 seconds (prove: 0.00, print: 0.00, other: 0.00)
"/Users/huangjianshi/src/acl2-sources/books/arithmetic-2/meta/numerator-and-denominator.lisp"

Summary
Form:  ( INCLUDE-BOOK "expt" ...)
Rules: NIL
Warnings:  None
Time:  0.01 seconds (prove: 0.00, print: 0.00, other: 0.01)
"/Users/huangjianshi/src/acl2-sources/books/arithmetic-2/meta/expt.lisp"

Summary
Form:  ( INCLUDE-BOOK "non-linear" ...)
Rules: NIL
Warnings:  None
Time:  0.01 seconds (prove: 0.00, print: 0.00, other: 0.01)
"/Users/huangjianshi/src/acl2-sources/books/arithmetic-2/meta/non-linear.lisp"

Summary
Form:  ( INCLUDE-BOOK "mini-theories" ...)
Rules: NIL
Warnings:  None
Time:  0.00 seconds (prove: 0.00, print: 0.00, other: 0.00)
"/Users/huangjianshi/src/acl2-sources/books/arithmetic-2/meta/mini-theories.lisp"

Summary
Form:  ( INCLUDE-BOOK "post" ...)
Rules: NIL
Warnings:  None
Time:  0.00 seconds (prove: 0.00, print: 0.00, other: 0.00)
"/Users/huangjianshi/src/acl2-sources/books/arithmetic-2/meta/post.lisp"

Summary
Form:  ( DEFTHEORY SCATTER-EXPONENTS ...)
Rules: NIL
Warnings:  None
Time:  0.00 seconds (prove: 0.00, print: 0.00, other: 0.00)
7

Summary
Form:  ( DEFTHEORY GATHER-EXPONENTS ...)
Rules: NIL
Warnings:  None
Time:  0.00 seconds (prove: 0.00, print: 0.00, other: 0.00)
3

Summary
Form:  ( IN-THEORY (DISABLE ...))
Rules: NIL
Warnings:  None
Time:  0.00 seconds (prove: 0.00, print: 0.00, other: 0.00)
2210

Summary
Form:  ( IN-THEORY (ENABLE ...))
Rules: NIL
Warnings:  None
Time:  0.00 seconds (prove: 0.00, print: 0.00, other: 0.00)
2210

Summary
Form:  ( DEFTHEORY PREFER-POSITIVE-EXPONENTS-SCATTER-EXPONENTS ...)
Rules: NIL
Warnings:  None
Time:  0.00 seconds (prove: 0.00, print: 0.00, other: 0.00)
2

Summary
Form:  ( IN-THEORY (DISABLE ...))
Rules: NIL
Warnings:  None
Time:  0.00 seconds (prove: 0.00, print: 0.00, other: 0.00)
2208

Summary
Form:  ( DEFTHEORY PREFER-POSITIVE-EXPONENTS-GATHER-EXPONENTS ...)
Rules: NIL
Warnings:  None
Time:  0.00 seconds (prove: 0.00, print: 0.00, other: 0.00)
2

Summary
Form:  ( IN-THEORY (DISABLE ...))
Rules: NIL
Warnings:  None
Time:  0.00 seconds (prove: 0.00, print: 0.00, other: 0.00)
2206

Summary
Form:  ( DEFTHEORY PREFER-POSITIVE-SUMS ...)
Rules: NIL
Warnings:  None
Time:  0.00 seconds (prove: 0.00, print: 0.00, other: 0.00)
2

Summary
Form:  ( IN-THEORY (DISABLE ...))
Rules: NIL
Warnings:  None
Time:  0.00 seconds (prove: 0.00, print: 0.00, other: 0.00)
2206

Summary
Form:  ( IN-THEORY (DISABLE ...))
Rules: NIL
Warnings:  None
Time:  0.00 seconds (prove: 0.00, print: 0.00, other: 0.00)
2206

Summary
Form:  ( IN-THEORY (DISABLE ...))
Rules: NIL
Warnings:  None
Time:  0.00 seconds (prove: 0.00, print: 0.00, other: 0.00)
2206

Summary
Form:  ( IN-THEORY (DISABLE ...))
Rules: NIL
Warnings:  None
Time:  0.00 seconds (prove: 0.00, print: 0.00, other: 0.00)
2204

Summary
Form:  ( IN-THEORY (ENABLE ...))
Rules: NIL
Warnings:  None
Time:  0.00 seconds (prove: 0.00, print: 0.00, other: 0.00)
2222

Summary
Form:  ( IN-THEORY (ENABLE ...))
Rules: NIL
Warnings:  None
Time:  0.00 seconds (prove: 0.00, print: 0.00, other: 0.00)
2232

Summary
Form:  ( IN-THEORY (DISABLE ...))
Rules: NIL
Warnings:  None
Time:  0.00 seconds (prove: 0.00, print: 0.00, other: 0.00)
2228

Summary
Form:  ( IN-THEORY (DISABLE ...))
Rules: NIL
Warnings:  None
Time:  0.00 seconds (prove: 0.00, print: 0.00, other: 0.00)
2205

Summary
Form:  ( INCLUDE-BOOK "top" ...)
Rules: NIL
Warnings:  None
Time:  0.90 seconds (prove: 0.00, print: 0.00, other: 0.90)

"/Users/huangjianshi/src/acl2-sources/books/arithmetic-2/meta/top.fasl"


Summary
Form:  (CERTIFY-BOOK "top" ...)
Rules: NIL
Warnings:  None
Time:  1.85 seconds (prove: 0.00, print: 0.00, other: 1.84)
 "/Users/huangjianshi/src/acl2-sources/books/arithmetic-2/meta/top.lisp"
ACL2 !>
Exiting the ACL2 read-eval-print loop.  To re-enter, execute (LP).
* 