This is SBCL 1.0.1.34, an implementation of ANSI Common Lisp.
More information about SBCL is available at <http://www.sbcl.org/>.

SBCL is free software, provided as is, with absolutely no warranty.
It is mostly in the public domain; some portions are provided under
BSD-style licenses.  See the CREDITS and COPYING files in the
distribution for more information.

 ACL2 Version 3.1 built January 26, 2007  15:12:42.
 Copyright (C) 2006  University of Texas at Austin
 ACL2 comes with ABSOLUTELY NO WARRANTY.  This is free software and you
 are welcome to redistribute it under certain conditions.  For details,
 see the GNU General Public License.

 Initialized with (INITIALIZE-ACL2 'INCLUDE-BOOK *ACL2-PASS-2-FILES*).
 See the documentation topic note-3-1 for recent changes.
 Note: We have modified the prompt in some underlying Lisps to further
 distinguish it from the ACL2 prompt.

 NOTE!!  Proof trees are disabled in ACL2.  To enable them in emacs,
 look under the ACL2 source directory in interface/emacs/README.doc; 
 and, to turn on proof trees, execute :START-PROOF-TREE in the ACL2 
 command loop.   Look in the ACL2 documentation under PROOF-TREE.

ACL2 Version 3.1.  Level 1.  Cbd 
"/Users/huangjianshi/src/acl2-sources/books/arithmetic-3/pass1/".
Type :help for help.
Type (good-bye) to quit completely out of ACL2.

ACL2 !>
Exiting the ACL2 read-eval-print loop.  To re-enter, execute (LP).
* 
#<PACKAGE "ACL2">
* 
ACL2 Version 3.1.  Level 1.  Cbd 
"/Users/huangjianshi/src/acl2-sources/books/arithmetic-3/pass1/".
Type :help for help.
Type (good-bye) to quit completely out of ACL2.

ACL2 !> (PROVE PROOF-TREE
        WARNING OBSERVATION EVENT EXPANSION)
ACL2 !>
Summary
Form:  ( DEFTHM COMMUTATIVITY-2-OF-*-LEMMA ...)
Rules: ((:FAKE-RUNE-FOR-TYPE-SET NIL)
        (:REWRITE COMMUTATIVITY-OF-*))
Warnings:  None
Time:  0.01 seconds (prove: 0.00, print: 0.00, other: 0.00)
COMMUTATIVITY-2-OF-*-LEMMA

Summary
Form:  ( DEFTHM COMMUTATIVITY-2-OF-* ...)
Rules: ((:DEFINITION NOT)
        (:FAKE-RUNE-FOR-TYPE-SET NIL)
        (:REWRITE ASSOCIATIVITY-OF-*))
Warnings:  None
Time:  0.00 seconds (prove: 0.00, print: 0.00, other: 0.00)
COMMUTATIVITY-2-OF-*

Summary
Form:  ( ENCAPSULATE NIL (LOCAL ...) ...)
Rules: NIL
Warnings:  None
Time:  0.01 seconds (prove: 0.01, print: 0.00, other: 0.00)
T

Summary
Form:  ( DEFTHM EQUIV-1-IMPLIES-EQUIV-* ...)
Rules: NIL
Warnings:  None
Time:  0.00 seconds (prove: 0.00, print: 0.00, other: 0.00)
EQUIV-1-IMPLIES-EQUIV-*

Summary
Form:  ( DEFTHM RIGHT-CANCELLATION-FOR-* ...)
Rules: ((:DEFINITION FIX)
        (:DEFINITION NOT)
        (:FAKE-RUNE-FOR-TYPE-SET NIL)
        (:REWRITE ASSOCIATIVITY-OF-*)
        (:REWRITE COMMUTATIVITY-OF-*)
        (:REWRITE INVERSE-OF-*)
        (:REWRITE UNICITY-OF-1))
Warnings:  None
Time:  0.00 seconds (prove: 0.00, print: 0.00, other: 0.00)
RIGHT-CANCELLATION-FOR-*

Summary
Form:  ( ENCAPSULATE NIL (LOCAL ...) ...)
Rules: NIL
Warnings:  None
Time:  0.00 seconds (prove: 0.00, print: 0.00, other: 0.00)
T

Summary
Form:  ( DEFTHM UNIQUENESS-OF-*-INVERSES-LEMMA ...)
Rules: ((:DEFINITION FIX)
        (:DEFINITION NOT)
        (:EXECUTABLE-COUNTERPART EQUAL)
        (:FAKE-RUNE-FOR-TYPE-SET NIL)
        (:REWRITE COMMUTATIVITY-OF-*)
        (:REWRITE INVERSE-OF-*))
Warnings:  None
Time:  0.00 seconds (prove: 0.00, print: 0.00, other: 0.00)
UNIQUENESS-OF-*-INVERSES-LEMMA

Summary
Form:  ( DEFTHM EQUAL-/ ...)
Rules: ((:DEFINITION FIX)
        (:DEFINITION NOT)
        (:EXECUTABLE-COUNTERPART EQUAL)
        (:EXECUTABLE-COUNTERPART FIX)
        (:EXECUTABLE-COUNTERPART NOT)
        (:EXECUTABLE-COUNTERPART UNARY-/)
        (:FAKE-RUNE-FOR-TYPE-SET NIL)
        (:REWRITE DEFAULT-UNARY-/)
        (:REWRITE INVERSE-OF-*))
Warnings:  None
Time:  0.00 seconds (prove: 0.00, print: 0.00, other: 0.00)
EQUAL-/

Summary
Form:  ( ENCAPSULATE NIL (LOCAL ...) ...)
Rules: NIL
Warnings:  None
Time:  0.00 seconds (prove: 0.00, print: 0.00, other: 0.00)
T

Summary
Form:  ( DEFTHM FUNCTIONAL-SELF-INVERSION-OF-/ ...)
Rules: ((:DEFINITION FIX)
        (:DEFINITION NOT)
        (:EXECUTABLE-COUNTERPART EQUAL)
        (:FAKE-RUNE-FOR-TYPE-SET NIL)
        (:REWRITE COMMUTATIVITY-OF-*)
        (:REWRITE EQUAL-/)
        (:REWRITE INVERSE-OF-*))
Warnings:  None
Time:  0.00 seconds (prove: 0.00, print: 0.00, other: 0.00)
FUNCTIONAL-SELF-INVERSION-OF-/

Summary
Form:  ( DEFTHM DISTRIBUTIVITY-OF-/-OVER-*-LEMMA ...)
Rules: ((:DEFINITION FIX)
        (:DEFINITION NOT)
        (:EXECUTABLE-COUNTERPART EQUAL)
        (:EXECUTABLE-COUNTERPART NOT)
        (:FAKE-RUNE-FOR-TYPE-SET NIL)
        (:REWRITE ASSOCIATIVITY-OF-*)
        (:REWRITE COMMUTATIVITY-2-OF-*)
        (:REWRITE COMMUTATIVITY-OF-*)
        (:REWRITE EQUAL-/)
        (:REWRITE INVERSE-OF-*)
        (:REWRITE UNICITY-OF-1))
Warnings:  None
Time:  0.00 seconds (prove: 0.00, print: 0.00, other: 0.00)
DISTRIBUTIVITY-OF-/-OVER-*-LEMMA

Summary
Form:  ( DEFTHM DISTRIBUTIVITY-OF-/-OVER-* ...)
Rules: ((:DEFINITION FIX)
        (:DEFINITION NOT)
        (:EXECUTABLE-COUNTERPART EQUAL)
        (:EXECUTABLE-COUNTERPART NOT)
        (:EXECUTABLE-COUNTERPART UNARY-/)
        (:FAKE-RUNE-FOR-TYPE-SET NIL)
        (:REWRITE COMMUTATIVITY-2-OF-*)
        (:REWRITE COMMUTATIVITY-OF-*)
        (:REWRITE EQUAL-/))
Warnings:  None
Time:  0.00 seconds (prove: 0.00, print: 0.00, other: 0.00)
DISTRIBUTIVITY-OF-/-OVER-*

Summary
Form:  ( ENCAPSULATE NIL (LOCAL ...) ...)
Rules: NIL
Warnings:  None
Time:  0.00 seconds (prove: 0.00, print: 0.00, other: 0.00)
T

Summary
Form:  ( DEFTHM UNIQUENESS-OF-+-INVERSES-LEMMA ...)
Rules: ((:FAKE-RUNE-FOR-LINEAR NIL)
        (:FAKE-RUNE-FOR-TYPE-SET NIL))
Warnings:  None
Time:  0.00 seconds (prove: 0.00, print: 0.00, other: 0.00)
UNIQUENESS-OF-+-INVERSES-LEMMA

Summary
Form:  ( DEFTHM FUNCTIONAL-COMMUTATIVITY-OF-MINUS-*-RIGHT ...)
Rules: ((:DEFINITION NOT)
        (:EXECUTABLE-COUNTERPART SYNP)
        (:FAKE-RUNE-FOR-LINEAR NIL)
        (:FAKE-RUNE-FOR-TYPE-SET NIL)
        (:REWRITE INVERSE-OF-+))
Warnings:  None
Time:  0.00 seconds (prove: 0.00, print: 0.00, other: 0.00)
FUNCTIONAL-COMMUTATIVITY-OF-MINUS-*-RIGHT

Summary
Form:  ( ENCAPSULATE NIL (LOCAL ...) ...)
Rules: NIL
Warnings:  None
Time:  0.00 seconds (prove: 0.00, print: 0.00, other: 0.00)
T

Summary
Form:  ( DEFTHM EQUAL-/-/-LEMMA ...)
Rules: ((:DEFINITION FIX)
        (:DEFINITION NOT)
        (:EXECUTABLE-COUNTERPART EQUAL)
        (:EXECUTABLE-COUNTERPART NOT)
        (:FAKE-RUNE-FOR-TYPE-SET NIL)
        (:REWRITE EQUAL-/)
        (:REWRITE FUNCTIONAL-SELF-INVERSION-OF-/)
        (:REWRITE INVERSE-OF-*))
Warnings:  None
Time:  0.00 seconds (prove: 0.00, print: 0.00, other: 0.00)
EQUAL-/-/-LEMMA

Summary
Form:  ( DEFTHM EQUAL-/-/ ...)
Rules: ((:DEFINITION FIX)
        (:DEFINITION NOT)
        (:EXECUTABLE-COUNTERPART ACL2-NUMBERP)
        (:EXECUTABLE-COUNTERPART EQUAL)
        (:EXECUTABLE-COUNTERPART FIX)
        (:EXECUTABLE-COUNTERPART NOT)
        (:EXECUTABLE-COUNTERPART UNARY-/)
        (:FAKE-RUNE-FOR-TYPE-SET NIL)
        (:REWRITE COMMUTATIVITY-OF-*)
        (:REWRITE DEFAULT-UNARY-/)
        (:REWRITE EQUAL-/))
Warnings:  None
Time:  0.00 seconds (prove: 0.00, print: 0.00, other: 0.00)
EQUAL-/-/

Summary
Form:  ( ENCAPSULATE NIL (LOCAL ...) ...)
Rules: NIL
Warnings:  None
Time:  0.00 seconds (prove: 0.00, print: 0.00, other: 0.00)
T

Summary
Form:  ( INCLUDE-BOOK "basic-arithmetic-helper" ...)
Rules: NIL
Warnings:  None
Time:  0.00 seconds (prove: 0.00, print: 0.00, other: 0.00)

"/Users/huangjianshi/src/acl2-sources/books/arithmetic-3/pass1/basic-arithmetic-helper.fasl"


Summary
Form:  (CERTIFY-BOOK "basic-arithmetic-helper" ...)
Rules: NIL
Warnings:  None
Time:  0.04 seconds (prove: 0.02, print: 0.00, other: 0.02)
 "/Users/huangjianshi/src/acl2-sources/books/arithmetic-3/pass1/basic-arithmetic-helper.lisp"
ACL2 !>
Exiting the ACL2 read-eval-print loop.  To re-enter, execute (LP).
* 