This is SBCL 1.0.1.34, an implementation of ANSI Common Lisp.
More information about SBCL is available at <http://www.sbcl.org/>.

SBCL is free software, provided as is, with absolutely no warranty.
It is mostly in the public domain; some portions are provided under
BSD-style licenses.  See the CREDITS and COPYING files in the
distribution for more information.

 ACL2 Version 3.1 built January 26, 2007  15:12:42.
 Copyright (C) 2006  University of Texas at Austin
 ACL2 comes with ABSOLUTELY NO WARRANTY.  This is free software and you
 are welcome to redistribute it under certain conditions.  For details,
 see the GNU General Public License.

 Initialized with (INITIALIZE-ACL2 'INCLUDE-BOOK *ACL2-PASS-2-FILES*).
 See the documentation topic note-3-1 for recent changes.
 Note: We have modified the prompt in some underlying Lisps to further
 distinguish it from the ACL2 prompt.

 NOTE!!  Proof trees are disabled in ACL2.  To enable them in emacs,
 look under the ACL2 source directory in interface/emacs/README.doc; 
 and, to turn on proof trees, execute :START-PROOF-TREE in the ACL2 
 command loop.   Look in the ACL2 documentation under PROOF-TREE.

ACL2 Version 3.1.  Level 1.  Cbd 
"/Users/huangjianshi/src/acl2-sources/books/arithmetic-3/pass1/".
Type :help for help.
Type (good-bye) to quit completely out of ACL2.

ACL2 !>
Exiting the ACL2 read-eval-print loop.  To re-enter, execute (LP).
* 
#<PACKAGE "ACL2">
* 
ACL2 Version 3.1.  Level 1.  Cbd 
"/Users/huangjianshi/src/acl2-sources/books/arithmetic-3/pass1/".
Type :help for help.
Type (good-bye) to quit completely out of ACL2.

ACL2 !> (PROVE PROOF-TREE
        WARNING OBSERVATION EVENT EXPANSION)
ACL2 !>
Summary
Form:  ( INCLUDE-BOOK "basic-arithmetic" ...)
Rules: NIL
Warnings:  None
Time:  0.02 seconds (prove: 0.00, print: 0.00, other: 0.02)
"/Users/huangjianshi/src/acl2-sources/books/arithmetic-3/pass1/basic-arithmetic.lisp"

Summary
Form:  ( INCLUDE-BOOK "inequalities" ...)
Rules: NIL
Warnings:  None
Time:  0.01 seconds (prove: 0.00, print: 0.00, other: 0.01)
"/Users/huangjianshi/src/acl2-sources/books/arithmetic-3/pass1/inequalities.lisp"

Summary
Form:  ( INCLUDE-BOOK "prefer-times" ...)
Rules: NIL
Warnings:  None
Time:  0.01 seconds (prove: 0.00, print: 0.00, other: 0.01)
"/Users/huangjianshi/src/acl2-sources/books/arithmetic-3/pass1/prefer-times.lisp"

Summary
Form:  ( INCLUDE-BOOK "expt-helper" ...)
Rules: NIL
Warnings:  None
Time:  0.00 seconds (prove: 0.00, print: 0.00, other: 0.00)
"/Users/huangjianshi/src/acl2-sources/books/arithmetic-3/pass1/expt-helper.lisp"

Summary
Form:  ( DEFMACRO FC ...)
Rules: NIL
Warnings:  None
Time:  0.00 seconds (prove: 0.00, print: 0.00, other: 0.00)
:REDUNDANT

Summary
Form:  ( DEFTHM EXPT-TYPE-PRESCRIPTION-RATIONALP ...)
Rules: ((:TYPE-PRESCRIPTION RATIONALP-EXPT-TYPE-PRESCRIPTION))
Warnings:  None
Time:  0.00 seconds (prove: 0.00, print: 0.00, other: 0.00)
EXPT-TYPE-PRESCRIPTION-RATIONALP

Summary
Form:  ( DEFTHM EXPT-TYPE-PRESCRIPTION-POSITIVE-1 ...)
Rules: ((:COMPOUND-RECOGNIZER ZIP-COMPOUND-RECOGNIZER)
        (:DEFINITION =)
        (:DEFINITION EXPT)
        (:DEFINITION FIX)
        (:DEFINITION NOT)
        (:EXECUTABLE-COUNTERPART <)
        (:EXECUTABLE-COUNTERPART IFF)
        (:EXECUTABLE-COUNTERPART NOT)
        (:FAKE-RUNE-FOR-TYPE-SET NIL)
        (:INDUCTION EXPT)
        (:REWRITE /-PRESERVES-POSITIVE)
        (:REWRITE |0-<-*|)
        (:TYPE-PRESCRIPTION EXPT)
        (:TYPE-PRESCRIPTION EXPT-TYPE-PRESCRIPTION-NON-ZERO-BASE)
        (:TYPE-PRESCRIPTION EXPT-TYPE-PRESCRIPTION-RATIONALP))
Warnings:  None
Time:  0.01 seconds (prove: 0.01, print: 0.00, other: 0.00)
EXPT-TYPE-PRESCRIPTION-POSITIVE-1

Summary
Form:  ( DEFTHM EXPT-TYPE-PRESCRIPTION-POSITIVE-2 ...)
Rules: ((:COMPOUND-RECOGNIZER ZIP-COMPOUND-RECOGNIZER)
        (:DEFINITION =)
        (:DEFINITION EXPT)
        (:DEFINITION FIX)
        (:DEFINITION NOT)
        (:EXECUTABLE-COUNTERPART <)
        (:EXECUTABLE-COUNTERPART EQUAL)
        (:EXECUTABLE-COUNTERPART FIX)
        (:EXECUTABLE-COUNTERPART NOT)
        (:EXECUTABLE-COUNTERPART RATIONALP)
        (:FAKE-RUNE-FOR-TYPE-SET NIL)
        (:INDUCTION EXPT)
        (:TYPE-PRESCRIPTION EXPT-TYPE-PRESCRIPTION-POSITIVE-1)
        (:TYPE-PRESCRIPTION EXPT-TYPE-PRESCRIPTION-RATIONALP))
Warnings:  None
Time:  0.01 seconds (prove: 0.01, print: 0.00, other: 0.00)
EXPT-TYPE-PRESCRIPTION-POSITIVE-2

Summary
Form:  ( DEFTHM EXPT-TYPE-PRESCRIPTION-NONZERO ...)
Rules: ((:FAKE-RUNE-FOR-TYPE-SET NIL)
        (:TYPE-PRESCRIPTION EXPT)
        (:TYPE-PRESCRIPTION EXPT-TYPE-PRESCRIPTION-NON-ZERO-BASE))
Warnings:  None
Time:  0.00 seconds (prove: 0.00, print: 0.00, other: 0.00)
EXPT-TYPE-PRESCRIPTION-NONZERO

Summary
Form:  ( DEFTHM EXPT-TYPE-PRESCRIPTION-INTEGERP ...)
Rules: ((:COMPOUND-RECOGNIZER ZIP-COMPOUND-RECOGNIZER)
        (:DEFINITION =)
        (:DEFINITION EXPT)
        (:DEFINITION FIX)
        (:DEFINITION NOT)
        (:EXECUTABLE-COUNTERPART EQUAL)
        (:EXECUTABLE-COUNTERPART FIX)
        (:EXECUTABLE-COUNTERPART INTEGERP)
        (:EXECUTABLE-COUNTERPART NOT)
        (:FAKE-RUNE-FOR-TYPE-SET NIL)
        (:INDUCTION EXPT)
        (:TYPE-PRESCRIPTION EXPT)
        (:TYPE-PRESCRIPTION EXPT-TYPE-PRESCRIPTION-NONZERO)
        (:TYPE-PRESCRIPTION EXPT-TYPE-PRESCRIPTION-RATIONALP))
Warnings:  None
Time:  0.01 seconds (prove: 0.01, print: 0.00, other: 0.00)
EXPT-TYPE-PRESCRIPTION-INTEGERP

Summary
Form:  ( DEFTHM EQUAL-EXPT-0 ...)
Rules: ((:COMPOUND-RECOGNIZER ZIP-COMPOUND-RECOGNIZER)
        (:DEFINITION EXPT)
        (:DEFINITION FIX)
        (:DEFINITION IFIX)
        (:DEFINITION NOT)
        (:EXECUTABLE-COUNTERPART EQUAL)
        (:EXECUTABLE-COUNTERPART FIX)
        (:EXECUTABLE-COUNTERPART INTEGERP)
        (:EXECUTABLE-COUNTERPART NOT)
        (:EXECUTABLE-COUNTERPART ZIP)
        (:FAKE-RUNE-FOR-TYPE-SET NIL)
        (:TYPE-PRESCRIPTION EXPT)
        (:TYPE-PRESCRIPTION EXPT-TYPE-PRESCRIPTION-NONZERO))
Warnings:  None
Time:  0.00 seconds (prove: 0.00, print: 0.00, other: 0.00)
EQUAL-EXPT-0

Summary
Form:  ( DEFTHM EXPT-0 ...)
Rules: ((:DEFINITION EXPT)
        (:EXECUTABLE-COUNTERPART EQUAL)
        (:EXECUTABLE-COUNTERPART FIX)
        (:EXECUTABLE-COUNTERPART ZIP)
        (:FAKE-RUNE-FOR-TYPE-SET NIL))
Warnings:  None
Time:  0.00 seconds (prove: 0.00, print: 0.00, other: 0.00)
EXPT-0

Summary
Form:  ( DEFTHM EXPT-1 ...)
Rules: ((:COMPOUND-RECOGNIZER ZIP-COMPOUND-RECOGNIZER)
        (:DEFINITION EXPT)
        (:DEFINITION NOT)
        (:EXECUTABLE-COUNTERPART =)
        (:EXECUTABLE-COUNTERPART BINARY-*)
        (:EXECUTABLE-COUNTERPART EQUAL)
        (:EXECUTABLE-COUNTERPART FIX)
        (:EXECUTABLE-COUNTERPART NOT)
        (:EXECUTABLE-COUNTERPART UNARY-/)
        (:INDUCTION EXPT)
        (:REWRITE EXPT-CROCK))
Warnings:  None
Time:  0.01 seconds (prove: 0.01, print: 0.00, other: 0.00)
EXPT-1

Summary
Form:  ( DEFTHM EXPT-MINUS ...)
Rules: ((:COMPOUND-RECOGNIZER ZIP-COMPOUND-RECOGNIZER)
        (:DEFINITION =)
        (:DEFINITION EXPT)
        (:DEFINITION FIX)
        (:DEFINITION IFIX)
        (:DEFINITION NOT)
        (:DEFINITION SYNP)
        (:EXECUTABLE-COUNTERPART <)
        (:EXECUTABLE-COUNTERPART BINARY-*)
        (:EXECUTABLE-COUNTERPART BINARY-+)
        (:EXECUTABLE-COUNTERPART EQUAL)
        (:EXECUTABLE-COUNTERPART FIX)
        (:EXECUTABLE-COUNTERPART INTEGERP)
        (:EXECUTABLE-COUNTERPART NOT)
        (:EXECUTABLE-COUNTERPART UNARY--)
        (:EXECUTABLE-COUNTERPART ZIP)
        (:FAKE-RUNE-FOR-TYPE-SET NIL)
        (:INDUCTION EXPT)
        (:REWRITE /-CANCELLATION-ON-LEFT)
        (:REWRITE COMMUTATIVITY-2-OF-*)
        (:REWRITE COMMUTATIVITY-OF-*)
        (:REWRITE COMMUTATIVITY-OF-+)
        (:REWRITE DISTRIBUTIVITY-OF-MINUS-OVER-+)
        (:REWRITE EQUAL-+-X-Y-0)
        (:REWRITE EQUAL-/)
        (:REWRITE EQUAL-EXPT-0)
        (:REWRITE EQUAL-MINUS-0)
        (:REWRITE EQUAL-MINUS-MINUS)
        (:REWRITE EXPONENTS-ADD-1)
        (:REWRITE EXPT-0)
        (:REWRITE EXPT-1)
        (:REWRITE FUNCTIONAL-SELF-INVERSION-OF-MINUS)
        (:REWRITE INVERSE-OF-*)
        (:REWRITE UNICITY-OF-1)
        (:TYPE-PRESCRIPTION EXPT)
        (:TYPE-PRESCRIPTION EXPT-TYPE-PRESCRIPTION-NONZERO))
Warnings:  None
Time:  0.05 seconds (prove: 0.05, print: 0.00, other: 0.00)
EXPT-MINUS

Summary
Form:  ( DEFTHM EXPT-MINUS-REDUX ...)
Rules: ((:FAKE-RUNE-FOR-LINEAR NIL)
        (:FAKE-RUNE-FOR-TYPE-SET NIL)
        (:REWRITE EXPT-MINUS))
Warnings:  None
Time:  0.00 seconds (prove: 0.00, print: 0.00, other: 0.00)
EXPT-MINUS-REDUX

Summary
Form:  ( DEFTHM EXPONENTS-ADD-1 ...)
Rules: NIL
Warnings:  None
Time:  0.00 seconds (prove: 0.00, print: 0.00, other: 0.00)
:REDUNDANT

Summary
Form:  ( DEFTHM EXPONENTS-ADD-FOR-NONPOS-EXPONENTS ...)
Rules: NIL
Warnings:  None
Time:  0.00 seconds (prove: 0.00, print: 0.00, other: 0.00)
:REDUNDANT

Summary
Form:  ( DEFTHM EXPONENTS-ADD-FOR-NONNEG-EXPONENTS ...)
Rules: NIL
Warnings:  None
Time:  0.00 seconds (prove: 0.00, print: 0.00, other: 0.00)
:REDUNDANT

Summary
Form:  ( DEFTHM EXPONENTS-ADD-2 ...)
Rules: NIL
Warnings:  None
Time:  0.00 seconds (prove: 0.00, print: 0.00, other: 0.00)
:REDUNDANT

Summary
Form:  ( DEFTHM DISTRIBUTIVITY-OF-EXPT-OVER-* ...)
Rules: ((:COMPOUND-RECOGNIZER ZIP-COMPOUND-RECOGNIZER)
        (:DEFINITION =)
        (:DEFINITION EXPT)
        (:DEFINITION FIX)
        (:DEFINITION NOT)
        (:DEFINITION SYNP)
        (:EXECUTABLE-COUNTERPART <)
        (:EXECUTABLE-COUNTERPART BINARY-*)
        (:EXECUTABLE-COUNTERPART BINARY-+)
        (:EXECUTABLE-COUNTERPART EQUAL)
        (:EXECUTABLE-COUNTERPART FIX)
        (:EXECUTABLE-COUNTERPART NOT)
        (:EXECUTABLE-COUNTERPART UNARY--)
        (:EXECUTABLE-COUNTERPART ZIP)
        (:FAKE-RUNE-FOR-TYPE-SET NIL)
        (:INDUCTION EXPT)
        (:REWRITE ASSOCIATIVITY-OF-*)
        (:REWRITE COMMUTATIVITY-2-OF-*)
        (:REWRITE COMMUTATIVITY-OF-*)
        (:REWRITE COMMUTATIVITY-OF-+)
        (:REWRITE DEFAULT-*-2)
        (:REWRITE DISTRIBUTIVITY-OF-/-OVER-*)
        (:REWRITE EQUAL-*-X-Y-0)
        (:REWRITE EQUAL-*-X-Y-X)
        (:REWRITE EQUAL-+-X-Y-0)
        (:REWRITE EQUAL-MINUS-MINUS)
        (:REWRITE EXPONENTS-ADD-1)
        (:REWRITE EXPT-0)
        (:REWRITE EXPT-1)
        (:REWRITE EXPT-MINUS)
        (:REWRITE LEFT-CANCELLATION-FOR-*)
        (:REWRITE TIMES-ZERO)
        (:REWRITE UNICITY-OF-1)
        (:TYPE-PRESCRIPTION EXPT)
        (:TYPE-PRESCRIPTION EXPT-TYPE-PRESCRIPTION-NONZERO))
Warnings:  None
Time:  0.06 seconds (prove: 0.06, print: 0.00, other: 0.00)
DISTRIBUTIVITY-OF-EXPT-OVER-*

Summary
Form:  ( DEFTHM FUNCTIONAL-COMMUTATIVITY-OF-EXPT-/-BASE ...)
Rules: ((:COMPOUND-RECOGNIZER ZIP-COMPOUND-RECOGNIZER)
        (:DEFINITION =)
        (:DEFINITION EXPT)
        (:DEFINITION FIX)
        (:DEFINITION IFIX)
        (:DEFINITION NOT)
        (:EXECUTABLE-COUNTERPART BINARY-*)
        (:EXECUTABLE-COUNTERPART EQUAL)
        (:EXECUTABLE-COUNTERPART INTEGERP)
        (:EXECUTABLE-COUNTERPART NOT)
        (:EXECUTABLE-COUNTERPART UNARY-/)
        (:FAKE-RUNE-FOR-TYPE-SET NIL)
        (:INDUCTION EXPT)
        (:REWRITE COMMUTATIVITY-2-OF-*)
        (:REWRITE COMMUTATIVITY-OF-*)
        (:REWRITE DEFAULT-UNARY-/)
        (:REWRITE EQUAL-/)
        (:REWRITE EQUAL-EXPT-0)
        (:REWRITE EXPT-0)
        (:REWRITE FUNCTIONAL-SELF-INVERSION-OF-/)
        (:REWRITE INVERSE-OF-*)
        (:REWRITE UNICITY-OF-1)
        (:TYPE-PRESCRIPTION EXPT))
Warnings:  None
Time:  0.02 seconds (prove: 0.02, print: 0.00, other: 0.00)
FUNCTIONAL-COMMUTATIVITY-OF-EXPT-/-BASE

Summary
Form:  ( DEFTHM EXPONENTS-MULTIPLY ...)
Rules: ((:COMPOUND-RECOGNIZER ZIP-COMPOUND-RECOGNIZER)
        (:DEFINITION =)
        (:DEFINITION EXPT)
        (:DEFINITION FIX)
        (:DEFINITION NOT)
        (:DEFINITION SYNP)
        (:EXECUTABLE-COUNTERPART <)
        (:EXECUTABLE-COUNTERPART BINARY-+)
        (:EXECUTABLE-COUNTERPART EQUAL)
        (:EXECUTABLE-COUNTERPART FIX)
        (:EXECUTABLE-COUNTERPART INTEGERP)
        (:EXECUTABLE-COUNTERPART NOT)
        (:EXECUTABLE-COUNTERPART UNARY--)
        (:EXECUTABLE-COUNTERPART ZIP)
        (:FAKE-RUNE-FOR-TYPE-SET NIL)
        (:INDUCTION EXPT)
        (:REWRITE /-CANCELLATION-ON-LEFT)
        (:REWRITE COMMUTATIVITY-2-OF-*)
        (:REWRITE COMMUTATIVITY-OF-*)
        (:REWRITE COMMUTATIVITY-OF-+)
        (:REWRITE DISTRIBUTIVITY)
        (:REWRITE DISTRIBUTIVITY-OF-EXPT-OVER-*)
        (:REWRITE EQUAL-*-/-1)
        (:REWRITE EQUAL-*-X-Y-0)
        (:REWRITE EQUAL-+-X-Y-0)
        (:REWRITE EQUAL-MINUS-MINUS)
        (:REWRITE EXPONENTS-ADD-1)
        (:REWRITE EXPT-0)
        (:REWRITE EXPT-1)
        (:REWRITE EXPT-MINUS)
        (:REWRITE EXPT-MINUS-REDUX)
        (:REWRITE FUNCTIONAL-COMMUTATIVITY-OF-EXPT-/-BASE)
        (:REWRITE FUNCTIONAL-SELF-INVERSION-OF-/)
        (:REWRITE LEFT-CANCELLATION-FOR-*)
        (:REWRITE TIMES-ZERO)
        (:REWRITE UNICITY-OF-1)
        (:REWRITE ZIP-OPEN)
        (:TYPE-PRESCRIPTION EXPT)
        (:TYPE-PRESCRIPTION EXPT-TYPE-PRESCRIPTION-NONZERO))
Warnings:  None
Time:  0.24 seconds (prove: 0.24, print: 0.00, other: 0.00)
EXPONENTS-MULTIPLY

Summary
Form:  ( DEFTHM EXPT-IS-INCREASING-FOR-BASE>1 ...)
Rules: NIL
Warnings:  None
Time:  0.00 seconds (prove: 0.00, print: 0.00, other: 0.00)
:REDUNDANT

Summary
Form:  ( DEFTHM EXPT-IS-DECREASING-FOR-POS-BASE<1 ...)
Rules: ((:DEFINITION FIX)
        (:DEFINITION NOT)
        (:FAKE-RUNE-FOR-TYPE-SET NIL)
        (:REWRITE COMMUTATIVITY-OF-*)
        (:REWRITE FUNCTIONAL-COMMUTATIVITY-OF-EXPT-/-BASE)
        (:REWRITE NORMALIZE-<-/-TO-*-1)
        (:REWRITE NORMALIZE-<-/-TO-*-2)
        (:REWRITE NORMALIZE-<-/-TO-*-3-1)
        (:REWRITE UNICITY-OF-1)
        (:TYPE-PRESCRIPTION EXPT-TYPE-PRESCRIPTION-NONZERO)
        (:TYPE-PRESCRIPTION EXPT-TYPE-PRESCRIPTION-POSITIVE-1)
        (:TYPE-PRESCRIPTION EXPT-TYPE-PRESCRIPTION-POSITIVE-2)
        (:TYPE-PRESCRIPTION EXPT-TYPE-PRESCRIPTION-RATIONALP))
Warnings:  None
Time:  0.01 seconds (prove: 0.00, print: 0.00, other: 0.00)
EXPT-IS-DECREASING-FOR-POS-BASE<1

Summary
Form:  ( DEFTHM EXPT-IS-WEAKLY-INCREASING-FOR-BASE>1 ...)
Rules: ((:DEFINITION NOT)
        (:EXECUTABLE-COUNTERPART <)
        (:EXECUTABLE-COUNTERPART NOT)
        (:EXECUTABLE-COUNTERPART RATIONALP)
        (:FAKE-RUNE-FOR-LINEAR NIL)
        (:FAKE-RUNE-FOR-TYPE-SET NIL)
        (:REWRITE EXPT-1)
        (:TYPE-PRESCRIPTION EXPT-TYPE-PRESCRIPTION-NONZERO)
        (:TYPE-PRESCRIPTION EXPT-TYPE-PRESCRIPTION-POSITIVE-1)
        (:TYPE-PRESCRIPTION EXPT-TYPE-PRESCRIPTION-POSITIVE-2)
        (:TYPE-PRESCRIPTION EXPT-TYPE-PRESCRIPTION-RATIONALP))
Warnings:  None
Time:  0.02 seconds (prove: 0.02, print: 0.00, other: 0.00)
EXPT-IS-WEAKLY-INCREASING-FOR-BASE>1

Summary
Form:  ( DEFTHM EXPT-IS-WEAKLY-DECREASING-FOR-POS-BASE<1 ...)
Rules: ((:DEFINITION NOT)
        (:EXECUTABLE-COUNTERPART <)
        (:EXECUTABLE-COUNTERPART NOT)
        (:EXECUTABLE-COUNTERPART RATIONALP)
        (:FAKE-RUNE-FOR-LINEAR NIL)
        (:FAKE-RUNE-FOR-TYPE-SET NIL)
        (:REWRITE EXPT-1)
        (:TYPE-PRESCRIPTION EXPT-TYPE-PRESCRIPTION-NONZERO)
        (:TYPE-PRESCRIPTION EXPT-TYPE-PRESCRIPTION-POSITIVE-1)
        (:TYPE-PRESCRIPTION EXPT-TYPE-PRESCRIPTION-POSITIVE-2)
        (:TYPE-PRESCRIPTION EXPT-TYPE-PRESCRIPTION-RATIONALP))
Warnings:  None
Time:  0.02 seconds (prove: 0.01, print: 0.00, other: 0.00)
EXPT-IS-WEAKLY-DECREASING-FOR-POS-BASE<1

Summary
Form:  ( DEFTHM STUPID-HACK ...)
Rules: ((:DEFINITION FIX)
        (:DEFINITION NOT)
        (:EXECUTABLE-COUNTERPART NOT)
        (:FAKE-RUNE-FOR-TYPE-SET NIL)
        (:REWRITE /-CANCELLATION-ON-LEFT)
        (:TYPE-PRESCRIPTION EXPT))
Warnings:  None
Time:  0.00 seconds (prove: 0.00, print: 0.00, other: 0.00)
STUPID-HACK

Summary
Form:  ( IN-ARITHMETIC-THEORY (QUOTE ...))
Rules: NIL
Warnings:  None
Time:  0.00 seconds (prove: 0.00, print: 0.00, other: 0.00)
5

Summary
Form:  ( DEFTHM EXPT->-1-1 ...)
Rules: ((:FAKE-RUNE-FOR-LINEAR NIL)
        (:FAKE-RUNE-FOR-TYPE-SET NIL)
        (:LINEAR EXPT-IS-INCREASING-FOR-BASE>1)
        (:REWRITE EXPT-0)
        (:TYPE-PRESCRIPTION EXPT-TYPE-PRESCRIPTION-NONZERO)
        (:TYPE-PRESCRIPTION EXPT-TYPE-PRESCRIPTION-POSITIVE-1)
        (:TYPE-PRESCRIPTION EXPT-TYPE-PRESCRIPTION-POSITIVE-2)
        (:TYPE-PRESCRIPTION EXPT-TYPE-PRESCRIPTION-RATIONALP))
Warnings:  None
Time:  0.00 seconds (prove: 0.00, print: 0.00, other: 0.00)
EXPT->-1-1

Summary
Form:  ( DEFTHM EXPT->-1-2 ...)
Rules: ((:FAKE-RUNE-FOR-LINEAR NIL)
        (:FAKE-RUNE-FOR-TYPE-SET NIL)
        (:LINEAR EXPT-IS-DECREASING-FOR-POS-BASE<1)
        (:REWRITE EXPT-0)
        (:TYPE-PRESCRIPTION EXPT-TYPE-PRESCRIPTION-NONZERO)
        (:TYPE-PRESCRIPTION EXPT-TYPE-PRESCRIPTION-POSITIVE-1)
        (:TYPE-PRESCRIPTION EXPT-TYPE-PRESCRIPTION-POSITIVE-2)
        (:TYPE-PRESCRIPTION EXPT-TYPE-PRESCRIPTION-RATIONALP))
Warnings:  None
Time:  0.00 seconds (prove: 0.00, print: 0.00, other: 0.00)
EXPT->-1-2

Summary
Form:  ( DEFTHM EXPT-<-1-1 ...)
Rules: ((:FAKE-RUNE-FOR-LINEAR NIL)
        (:FAKE-RUNE-FOR-TYPE-SET NIL)
        (:LINEAR EXPT-IS-DECREASING-FOR-POS-BASE<1)
        (:REWRITE EXPT-0)
        (:TYPE-PRESCRIPTION EXPT-TYPE-PRESCRIPTION-NONZERO)
        (:TYPE-PRESCRIPTION EXPT-TYPE-PRESCRIPTION-POSITIVE-1)
        (:TYPE-PRESCRIPTION EXPT-TYPE-PRESCRIPTION-POSITIVE-2)
        (:TYPE-PRESCRIPTION EXPT-TYPE-PRESCRIPTION-RATIONALP))
Warnings:  None
Time:  0.00 seconds (prove: 0.00, print: 0.00, other: 0.00)
EXPT-<-1-1

Summary
Form:  ( DEFTHM EXPT-<-1-2 ...)
Rules: ((:FAKE-RUNE-FOR-LINEAR NIL)
        (:FAKE-RUNE-FOR-TYPE-SET NIL)
        (:LINEAR EXPT-IS-INCREASING-FOR-BASE>1)
        (:REWRITE EXPT-0)
        (:TYPE-PRESCRIPTION EXPT-TYPE-PRESCRIPTION-NONZERO)
        (:TYPE-PRESCRIPTION EXPT-TYPE-PRESCRIPTION-POSITIVE-1)
        (:TYPE-PRESCRIPTION EXPT-TYPE-PRESCRIPTION-POSITIVE-2)
        (:TYPE-PRESCRIPTION EXPT-TYPE-PRESCRIPTION-RATIONALP))
Warnings:  None
Time:  0.00 seconds (prove: 0.00, print: 0.00, other: 0.00)
EXPT-<-1-2

Summary
Form:  ( INCLUDE-BOOK "expt" ...)
Rules: NIL
Warnings:  None
Time:  0.00 seconds (prove: 0.00, print: 0.00, other: 0.00)

"/Users/huangjianshi/src/acl2-sources/books/arithmetic-3/pass1/expt.fasl"


Summary
Form:  (CERTIFY-BOOK "expt" ...)
Rules: NIL
Warnings:  None
Time:  0.54 seconds (prove: 0.47, print: 0.00, other: 0.07)
 "/Users/huangjianshi/src/acl2-sources/books/arithmetic-3/pass1/expt.lisp"
ACL2 !>
Exiting the ACL2 read-eval-print loop.  To re-enter, execute (LP).
* 