This is SBCL 1.0.1.34, an implementation of ANSI Common Lisp.
More information about SBCL is available at <http://www.sbcl.org/>.

SBCL is free software, provided as is, with absolutely no warranty.
It is mostly in the public domain; some portions are provided under
BSD-style licenses.  See the CREDITS and COPYING files in the
distribution for more information.

 ACL2 Version 3.1 built January 26, 2007  15:12:42.
 Copyright (C) 2006  University of Texas at Austin
 ACL2 comes with ABSOLUTELY NO WARRANTY.  This is free software and you
 are welcome to redistribute it under certain conditions.  For details,
 see the GNU General Public License.

 Initialized with (INITIALIZE-ACL2 'INCLUDE-BOOK *ACL2-PASS-2-FILES*).
 See the documentation topic note-3-1 for recent changes.
 Note: We have modified the prompt in some underlying Lisps to further
 distinguish it from the ACL2 prompt.

 NOTE!!  Proof trees are disabled in ACL2.  To enable them in emacs,
 look under the ACL2 source directory in interface/emacs/README.doc; 
 and, to turn on proof trees, execute :START-PROOF-TREE in the ACL2 
 command loop.   Look in the ACL2 documentation under PROOF-TREE.

ACL2 Version 3.1.  Level 1.  Cbd 
"/Users/huangjianshi/src/acl2-sources/books/arithmetic-3/pass1/".
Type :help for help.
Type (good-bye) to quit completely out of ACL2.

ACL2 !>
Exiting the ACL2 read-eval-print loop.  To re-enter, execute (LP).
* 
#<PACKAGE "ACL2">
* 
ACL2 Version 3.1.  Level 1.  Cbd 
"/Users/huangjianshi/src/acl2-sources/books/arithmetic-3/pass1/".
Type :help for help.
Type (good-bye) to quit completely out of ACL2.

ACL2 !> (PROVE PROOF-TREE
        WARNING OBSERVATION EVENT EXPANSION)
ACL2 !>
Summary
Form:  ( INCLUDE-BOOK "basic-arithmetic" ...)
Rules: NIL
Warnings:  None
Time:  0.02 seconds (prove: 0.00, print: 0.00, other: 0.02)
"/Users/huangjianshi/src/acl2-sources/books/arithmetic-3/pass1/basic-arithmetic.lisp"

Summary
Form:  ( INCLUDE-BOOK "expt" ...)
Rules: NIL
Warnings:  None
Time:  0.01 seconds (prove: 0.00, print: 0.00, other: 0.01)
"/Users/huangjianshi/src/acl2-sources/books/arithmetic-3/pass1/expt.lisp"

Summary
Form:  ( DEFTHM ARITH-ASSOCIATIVITY-OF-* ...)
Rules: ((:REWRITE ASSOCIATIVITY-OF-*))
Warnings:  None
Time:  0.00 seconds (prove: 0.00, print: 0.00, other: 0.00)
ARITH-ASSOCIATIVITY-OF-*

Summary
Form:  ( DEFTHM ARITH-COMMUTATIVITY-OF-* ...)
Rules: ((:FAKE-RUNE-FOR-TYPE-SET NIL)
        (:REWRITE COMMUTATIVITY-OF-*))
Warnings:  None
Time:  0.00 seconds (prove: 0.00, print: 0.00, other: 0.00)
ARITH-COMMUTATIVITY-OF-*

Summary
Form:  ( DEFTHM ARITH-COMMUTATIVITY-2-OF-* ...)
Rules: ((:FAKE-RUNE-FOR-TYPE-SET NIL)
        (:REWRITE COMMUTATIVITY-2-OF-*))
Warnings:  None
Time:  0.00 seconds (prove: 0.00, print: 0.00, other: 0.00)
ARITH-COMMUTATIVITY-2-OF-*

Summary
Form:  ( DEFTHM ARITH-UNICITY-OF-1 ...)
Rules: ((:DEFINITION FIX)
        (:FAKE-RUNE-FOR-TYPE-SET NIL)
        (:REWRITE ARITH-COMMUTATIVITY-OF-*)
        (:REWRITE UNICITY-OF-1))
Warnings:  None
Time:  0.00 seconds (prove: 0.00, print: 0.00, other: 0.00)
ARITH-UNICITY-OF-1

Summary
Form:  ( DEFTHM ARITH-TIMES-ZERO ...)
Rules: ((:FAKE-RUNE-FOR-TYPE-SET NIL))
Warnings:  None
Time:  0.00 seconds (prove: 0.00, print: 0.00, other: 0.00)
ARITH-TIMES-ZERO

Summary
Form:  ( DEFTHM ARITH-INVERSE-OF-*-1 ...)
Rules: ((:DEFINITION NOT)
        (:EXECUTABLE-COUNTERPART EQUAL)
        (:REWRITE INVERSE-OF-*))
Warnings:  None
Time:  0.00 seconds (prove: 0.00, print: 0.00, other: 0.00)
ARITH-INVERSE-OF-*-1

Summary
Form:  ( DEFTHM ARITH-INVERSE-OF-*-2 ...)
Rules: ((:DEFINITION FIX)
        (:DEFINITION NOT)
        (:EXECUTABLE-COUNTERPART NOT)
        (:FAKE-RUNE-FOR-TYPE-SET NIL)
        (:REWRITE /-CANCELLATION-ON-LEFT))
Warnings:  None
Time:  0.00 seconds (prove: 0.00, print: 0.00, other: 0.00)
ARITH-INVERSE-OF-*-2

Summary
Form:  ( DEFTHM ARITH-INVERSE-OF-*-3 ...)
Rules: ((:DEFINITION FIX)
        (:DEFINITION NOT)
        (:FAKE-RUNE-FOR-TYPE-SET NIL)
        (:REWRITE ARITH-COMMUTATIVITY-OF-*)
        (:REWRITE ARITH-INVERSE-OF-*-2))
Warnings:  None
Time:  0.00 seconds (prove: 0.00, print: 0.00, other: 0.00)
ARITH-INVERSE-OF-*-3

Summary
Form:  ( DEFTHM ARITH-FUNCTIONAL-SELF-INVERSION-OF-/ ...)
Rules: ((:REWRITE FUNCTIONAL-SELF-INVERSION-OF-/))
Warnings:  None
Time:  0.00 seconds (prove: 0.00, print: 0.00, other: 0.00)
ARITH-FUNCTIONAL-SELF-INVERSION-OF-/

Summary
Form:  ( DEFTHM ARITH-DISTRIBUTIVITY-OF-/-OVER-* ...)
Rules: ((:REWRITE DISTRIBUTIVITY-OF-/-OVER-*))
Warnings:  None
Time:  0.00 seconds (prove: 0.00, print: 0.00, other: 0.00)
ARITH-DISTRIBUTIVITY-OF-/-OVER-*

Summary
Form:  ( DEFTHM ARITH-FUNCTIONAL-COMMUTATIVITY-OF-MINUS-*-RIGHT ...)
Rules: ((:DEFINITION SYNP)
        (:FAKE-RUNE-FOR-TYPE-SET NIL)
        (:REWRITE FUNCTIONAL-COMMUTATIVITY-OF-MINUS-*-RIGHT))
Warnings:  None
Time:  0.00 seconds (prove: 0.00, print: 0.00, other: 0.00)
ARITH-FUNCTIONAL-COMMUTATIVITY-OF-MINUS-*-RIGHT

Summary
Form:  ( DEFTHM ARITH-FUNCTIONAL-COMMUTATIVITY-OF-MINUS-*-LEFT ...)
Rules: ((:FAKE-RUNE-FOR-TYPE-SET NIL)
        (:REWRITE ARITH-COMMUTATIVITY-OF-*)
        (:REWRITE ARITH-FUNCTIONAL-COMMUTATIVITY-OF-MINUS-*-RIGHT))
Warnings:  None
Time:  0.00 seconds (prove: 0.00, print: 0.00, other: 0.00)
ARITH-FUNCTIONAL-COMMUTATIVITY-OF-MINUS-*-LEFT

Summary
Form:  ( DEFTHM ARITH-RECIPROCAL-MINUSA ...)
Rules: ((:REWRITE RECIPROCAL-MINUS-A))
Warnings:  None
Time:  0.00 seconds (prove: 0.00, print: 0.00, other: 0.00)
ARITH-RECIPROCAL-MINUSA

Summary
Form:  ( DEFTHM ARITH-DISTRIBUTIVITY-1 ...)
Rules: ((:FAKE-RUNE-FOR-TYPE-SET NIL)
        (:REWRITE DISTRIBUTIVITY))
Warnings:  None
Time:  0.00 seconds (prove: 0.00, print: 0.00, other: 0.00)
ARITH-DISTRIBUTIVITY-1

Summary
Form:  ( DEFTHM ARITH-DISTRIBUTIVITY-2 ...)
Rules: ((:FAKE-RUNE-FOR-TYPE-SET NIL)
        (:REWRITE ARITH-COMMUTATIVITY-OF-*)
        (:REWRITE ARITH-DISTRIBUTIVITY-1))
Warnings:  None
Time:  0.00 seconds (prove: 0.00, print: 0.00, other: 0.00)
ARITH-DISTRIBUTIVITY-2

Summary
Form:  ( DEFTHM ARITH-FOLD-CONSTS-IN-* ...)
Rules: ((:EXECUTABLE-COUNTERPART IF)
        (:EXECUTABLE-COUNTERPART SYNP)
        (:REWRITE ARITH-ASSOCIATIVITY-OF-*))
Warnings:  None
Time:  0.00 seconds (prove: 0.00, print: 0.00, other: 0.00)
ARITH-FOLD-CONSTS-IN-*

Summary
Form:  ( DEFTHM ARITH-EXPT-0 ...)
Rules: ((:EXECUTABLE-COUNTERPART EQUAL)
        (:FAKE-RUNE-FOR-TYPE-SET NIL)
        (:REWRITE EXPT-0))
Warnings:  None
Time:  0.00 seconds (prove: 0.00, print: 0.00, other: 0.00)
ARITH-EXPT-0

Summary
Form:  ( DEFTHM ARITH-EXPT-1 ...)
Rules: ((:EXECUTABLE-COUNTERPART EQUAL)
        (:EXECUTABLE-COUNTERPART IF)
        (:REWRITE EXPT-1))
Warnings:  None
Time:  0.00 seconds (prove: 0.00, print: 0.00, other: 0.00)
ARITH-EXPT-1

Summary
Form:  ( DEFTHM ARITH-EXPT-MINUS-1 ...)
Rules: ((:DEFINITION EXPT)
        (:DEFINITION FIX)
        (:DEFINITION NOT)
        (:EXECUTABLE-COUNTERPART <)
        (:EXECUTABLE-COUNTERPART BINARY-+)
        (:EXECUTABLE-COUNTERPART EQUAL)
        (:EXECUTABLE-COUNTERPART ZIP)
        (:FAKE-RUNE-FOR-TYPE-SET NIL)
        (:REWRITE ARITH-EXPT-0)
        (:REWRITE ARITH-UNICITY-OF-1)
        (:REWRITE EQUAL-/)
        (:REWRITE INVERSE-OF-*))
Warnings:  None
Time:  0.00 seconds (prove: 0.00, print: 0.00, other: 0.00)
ARITH-EXPT-MINUS-1

Summary
Form:  ( DEFTHM ARITH-FUNCTIONAL-COMMUTATIVITY-OF-EXPT-/ ...)
Rules: ((:REWRITE FUNCTIONAL-COMMUTATIVITY-OF-EXPT-/-BASE))
Warnings:  None
Time:  0.00 seconds (prove: 0.00, print: 0.00, other: 0.00)
ARITH-FUNCTIONAL-COMMUTATIVITY-OF-EXPT-/

Summary
Form:  ( IN-THEORY (DISABLE ...))
Rules: NIL
Warnings:  None
Time:  0.00 seconds (prove: 0.00, print: 0.00, other: 0.00)
1877

Summary
Form:  ( DEFTHM ARITH-EXPT-MINUS-EXPONENT ...)
Rules: ((:COMPOUND-RECOGNIZER ZIP-COMPOUND-RECOGNIZER)
        (:DEFINITION =)
        (:DEFINITION EXPT)
        (:DEFINITION FIX)
        (:DEFINITION NOT)
        (:EXECUTABLE-COUNTERPART EQUAL)
        (:EXECUTABLE-COUNTERPART NOT)
        (:EXECUTABLE-COUNTERPART UNARY--)
        (:EXECUTABLE-COUNTERPART UNARY-/)
        (:FAKE-RUNE-FOR-TYPE-SET NIL)
        (:INDUCTION EXPT)
        (:REWRITE /-CANCELLATION-ON-LEFT)
        (:REWRITE ARITH-COMMUTATIVITY-2-OF-*)
        (:REWRITE ARITH-EXPT-0)
        (:REWRITE ARITH-EXPT-1)
        (:REWRITE ARITH-EXPT-MINUS-1)
        (:REWRITE ARITH-FUNCTIONAL-SELF-INVERSION-OF-/)
        (:REWRITE ARITH-TIMES-ZERO)
        (:REWRITE COMMUTATIVITY-OF-+)
        (:REWRITE DEFAULT-UNARY-/)
        (:REWRITE DISTRIBUTIVITY-OF-MINUS-OVER-+)
        (:REWRITE EQUAL-/)
        (:REWRITE EXPONENTS-ADD-2)
        (:REWRITE LEFT-CANCELLATION-FOR-*)
        (:TYPE-PRESCRIPTION EXPT)
        (:TYPE-PRESCRIPTION EXPT-TYPE-PRESCRIPTION-NONZERO))
Warnings:  None
Time:  0.04 seconds (prove: 0.04, print: 0.00, other: 0.00)
ARITH-EXPT-MINUS-EXPONENT

Summary
Form:  ( DEFTHM ARITH-EXPT-NEGATIVE-CONSTANT-EXPONENT ...)
Rules: ((:EXECUTABLE-COUNTERPART IF)
        (:EXECUTABLE-COUNTERPART SYNP)
        (:REWRITE ARITH-EXPT-MINUS-EXPONENT)
        (:REWRITE ARITH-FUNCTIONAL-COMMUTATIVITY-OF-MINUS-*-LEFT))
Warnings:  None
Time:  0.00 seconds (prove: 0.00, print: 0.00, other: 0.00)
ARITH-EXPT-NEGATIVE-CONSTANT-EXPONENT

Summary
Form:  ( DEFTHM ARITH-EXPONENTS-MULTIPLY ...)
Rules: ((:FAKE-RUNE-FOR-TYPE-SET NIL)
        (:REWRITE EXPONENTS-MULTIPLY))
Warnings:  None
Time:  0.02 seconds (prove: 0.02, print: 0.00, other: 0.00)
ARITH-EXPONENTS-MULTIPLY

Summary
Form:  ( DEFTHM ARITH-DISTRIBUTIVITY-OF-EXPT-OVER-* ...)
Rules: ((:FAKE-RUNE-FOR-TYPE-SET NIL)
        (:REWRITE DISTRIBUTIVITY-OF-EXPT-OVER-*))
Warnings:  None
Time:  0.00 seconds (prove: 0.00, print: 0.00, other: 0.00)
ARITH-DISTRIBUTIVITY-OF-EXPT-OVER-*

Summary
Form:  ( DEFTHM ARITH-FIX-REVEALED ...)
Rules: ((:DEFINITION FIX)
        (:FAKE-RUNE-FOR-TYPE-SET NIL))
Warnings:  None
Time:  0.00 seconds (prove: 0.00, print: 0.00, other: 0.00)
ARITH-FIX-REVEALED

Summary
Form:  ( DEFTHM ARITH-RATIONAL-IMPLIES2 ...)
Rules: ((:FAKE-RUNE-FOR-TYPE-SET NIL)
        (:REWRITE ARITH-COMMUTATIVITY-OF-*)
        (:REWRITE RATIONAL-IMPLIES2))
Warnings:  None
Time:  0.00 seconds (prove: 0.00, print: 0.00, other: 0.00)
ARITH-RATIONAL-IMPLIES2

Summary
Form:  ( DEFTHM ARITH-EXPONENTS-ADD-1 ...)
Rules: ((:DEFINITION NOT)
        (:DEFINITION SYNP)
        (:FAKE-RUNE-FOR-TYPE-SET NIL)
        (:REWRITE ARITH-FIX-REVEALED)
        (:REWRITE EQUAL-+-X-Y-0)
        (:REWRITE EXPONENTS-ADD-1))
Warnings:  None
Time:  0.01 seconds (prove: 0.01, print: 0.00, other: 0.00)
ARITH-EXPONENTS-ADD-1

Summary
Form:  ( DEFTHM ARITH-EXPONENTS-ADD-FOR-NONPOS-EXPONENTSA ...)
Rules: ((:DEFINITION NOT)
        (:FAKE-RUNE-FOR-TYPE-SET NIL)
        (:REWRITE EXPONENTS-ADD-FOR-NONPOS-EXPONENTS))
Warnings:  None
Time:  0.00 seconds (prove: 0.00, print: 0.00, other: 0.00)
ARITH-EXPONENTS-ADD-FOR-NONPOS-EXPONENTSA

Summary
Form:  ( DEFTHM ARITH-EXPONENTS-ADD-FOR-NONNEG-EXPONENTSA ...)
Rules: ((:DEFINITION NOT)
        (:FAKE-RUNE-FOR-TYPE-SET NIL)
        (:REWRITE EXPONENTS-ADD-FOR-NONNEG-EXPONENTS))
Warnings:  None
Time:  0.00 seconds (prove: 0.00, print: 0.00, other: 0.00)
ARITH-EXPONENTS-ADD-FOR-NONNEG-EXPONENTSA

Summary
Form:  ( DEFTHM ARITH-EXPONENTS-ADD-2 ...)
Rules: ((:DEFINITION NOT)
        (:FAKE-RUNE-FOR-TYPE-SET NIL)
        (:REWRITE EXPONENTS-ADD-2))
Warnings:  None
Time:  0.00 seconds (prove: 0.00, print: 0.00, other: 0.00)
ARITH-EXPONENTS-ADD-2

Summary
Form:  ( IN-THEORY (DISABLE ...))
Rules: NIL
Warnings:  None
Time:  0.00 seconds (prove: 0.00, print: 0.00, other: 0.00)
1857

Summary
Form:  ( IN-ARITHMETIC-THEORY (QUOTE ...))
Rules: NIL
Warnings:  None
Time:  0.00 seconds (prove: 0.00, print: 0.00, other: 0.00)
30

Summary
Form:  ( INCLUDE-BOOK "non-linear" ...)
Rules: NIL
Warnings:  None
Time:  0.00 seconds (prove: 0.00, print: 0.00, other: 0.00)

"/Users/huangjianshi/src/acl2-sources/books/arithmetic-3/pass1/non-linear.fasl"


Summary
Form:  (CERTIFY-BOOK "non-linear" ...)
Rules: NIL
Warnings:  None
Time:  0.15 seconds (prove: 0.10, print: 0.00, other: 0.05)
 "/Users/huangjianshi/src/acl2-sources/books/arithmetic-3/pass1/non-linear.lisp"
ACL2 !>
Exiting the ACL2 read-eval-print loop.  To re-enter, execute (LP).
* 