This is SBCL 1.0.1.34, an implementation of ANSI Common Lisp.
More information about SBCL is available at <http://www.sbcl.org/>.

SBCL is free software, provided as is, with absolutely no warranty.
It is mostly in the public domain; some portions are provided under
BSD-style licenses.  See the CREDITS and COPYING files in the
distribution for more information.

 ACL2 Version 3.1 built January 26, 2007  15:12:42.
 Copyright (C) 2006  University of Texas at Austin
 ACL2 comes with ABSOLUTELY NO WARRANTY.  This is free software and you
 are welcome to redistribute it under certain conditions.  For details,
 see the GNU General Public License.

 Initialized with (INITIALIZE-ACL2 'INCLUDE-BOOK *ACL2-PASS-2-FILES*).
 See the documentation topic note-3-1 for recent changes.
 Note: We have modified the prompt in some underlying Lisps to further
 distinguish it from the ACL2 prompt.

 NOTE!!  Proof trees are disabled in ACL2.  To enable them in emacs,
 look under the ACL2 source directory in interface/emacs/README.doc; 
 and, to turn on proof trees, execute :START-PROOF-TREE in the ACL2 
 command loop.   Look in the ACL2 documentation under PROOF-TREE.

ACL2 Version 3.1.  Level 1.  Cbd 
"/Users/huangjianshi/src/acl2-sources/books/arithmetic-3/pass1/".
Type :help for help.
Type (good-bye) to quit completely out of ACL2.

ACL2 !>
Exiting the ACL2 read-eval-print loop.  To re-enter, execute (LP).
* 
#<PACKAGE "ACL2">
* 
ACL2 Version 3.1.  Level 1.  Cbd 
"/Users/huangjianshi/src/acl2-sources/books/arithmetic-3/pass1/".
Type :help for help.
Type (good-bye) to quit completely out of ACL2.

ACL2 !> (PROVE PROOF-TREE
        WARNING OBSERVATION EVENT EXPANSION)
ACL2 !>
Summary
Form:  ( INCLUDE-BOOK "basic-arithmetic" ...)
Rules: NIL
Warnings:  None
Time:  0.02 seconds (prove: 0.00, print: 0.00, other: 0.02)
"/Users/huangjianshi/src/acl2-sources/books/arithmetic-3/pass1/basic-arithmetic.lisp"

Summary
Form:  ( INCLUDE-BOOK "inequalities" ...)
Rules: NIL
Warnings:  None
Time:  0.01 seconds (prove: 0.00, print: 0.00, other: 0.01)
"/Users/huangjianshi/src/acl2-sources/books/arithmetic-3/pass1/inequalities.lisp"

Summary
Form:  ( INCLUDE-BOOK "prefer-times" ...)
Rules: NIL
Warnings:  None
Time:  0.00 seconds (prove: 0.00, print: 0.00, other: 0.00)
"/Users/huangjianshi/src/acl2-sources/books/arithmetic-3/pass1/prefer-times.lisp"

Summary
Form:  ( INCLUDE-BOOK "non-linear" ...)
Rules: NIL
Warnings:  None
Time:  0.01 seconds (prove: 0.00, print: 0.00, other: 0.01)
"/Users/huangjianshi/src/acl2-sources/books/arithmetic-3/pass1/non-linear.lisp"

Summary
Form:  ( DEFUN NONNEG-INT-MOD ...)
Rules: ((:COMPOUND-RECOGNIZER ZP-COMPOUND-RECOGNIZER)
        (:DEFINITION ACL2-COUNT)
        (:DEFINITION INTEGER-ABS)
        (:DEFINITION NFIX)
        (:DEFINITION NOT)
        (:DEFINITION O-FINP)
        (:DEFINITION O<)
        (:FAKE-RUNE-FOR-LINEAR NIL)
        (:FAKE-RUNE-FOR-TYPE-SET NIL)
        (:REWRITE <-+-NEGATIVE-0-1)
        (:REWRITE <-+-NEGATIVE-0-2)
        (:REWRITE COMMUTATIVITY-OF-+)
        (:TYPE-PRESCRIPTION NFIX))
Warnings:  None
Time:  0.01 seconds (prove: 0.00, print: 0.00, other: 0.01)
NONNEG-INT-MOD

Summary
Form:  ( DEFTHM NONNEG-INT-MOD-<-DIVISOR ...)
Rules: ((:COMPOUND-RECOGNIZER ZP-COMPOUND-RECOGNIZER)
        (:DEFINITION NFIX)
        (:DEFINITION NONNEG-INT-MOD)
        (:FAKE-RUNE-FOR-TYPE-SET NIL)
        (:INDUCTION NONNEG-INT-MOD)
        (:TYPE-PRESCRIPTION NFIX)
        (:TYPE-PRESCRIPTION NONNEG-INT-MOD))
Warnings:  None
Time:  0.00 seconds (prove: 0.00, print: 0.00, other: 0.00)
NONNEG-INT-MOD-<-DIVISOR

Summary
Form:  ( DEFTHM NONNEG-INT-MOD-NONNEGATIVE-INTEGER-QUOTIENT ...)
Rules: ((:COMPOUND-RECOGNIZER ZP-COMPOUND-RECOGNIZER)
        (:DEFINITION =)
        (:DEFINITION FIX)
        (:DEFINITION IFIX)
        (:DEFINITION NFIX)
        (:DEFINITION NONNEG-INT-MOD)
        (:DEFINITION NONNEGATIVE-INTEGER-QUOTIENT)
        (:DEFINITION NOT)
        (:EXECUTABLE-COUNTERPART <)
        (:EXECUTABLE-COUNTERPART BINARY-*)
        (:EXECUTABLE-COUNTERPART BINARY-+)
        (:EXECUTABLE-COUNTERPART EQUAL)
        (:EXECUTABLE-COUNTERPART INTEGERP)
        (:EXECUTABLE-COUNTERPART NFIX)
        (:EXECUTABLE-COUNTERPART NOT)
        (:EXECUTABLE-COUNTERPART ZP)
        (:FAKE-RUNE-FOR-TYPE-SET NIL)
        (:INDUCTION NONNEG-INT-MOD)
        (:INDUCTION NONNEGATIVE-INTEGER-QUOTIENT)
        (:REWRITE <-+-NEGATIVE-0-2)
        (:REWRITE COMMUTATIVITY-2-OF-+)
        (:REWRITE COMMUTATIVITY-OF-*)
        (:REWRITE COMMUTATIVITY-OF-+)
        (:REWRITE DISTRIBUTIVITY)
        (:REWRITE MINUS-CANCELLATION-ON-LEFT)
        (:REWRITE TIMES-ZERO)
        (:REWRITE UNICITY-OF-0)
        (:REWRITE UNICITY-OF-1))
Warnings:  None
Time:  0.02 seconds (prove: 0.02, print: 0.00, other: 0.00)
NONNEG-INT-MOD-NONNEGATIVE-INTEGER-QUOTIENT

Summary
Form:  ( DEFTHM NONNEG-INT-MOD-0 ...)
Rules: ((:DEFINITION NOT)
        (:EXECUTABLE-COUNTERPART NFIX)
        (:FAKE-RUNE-FOR-TYPE-SET NIL)
        (:TYPE-PRESCRIPTION NFIX)
        (:TYPE-PRESCRIPTION NONNEG-INT-MOD)
        (:TYPE-PRESCRIPTION NONNEGATIVE-INTEGER-QUOTIENT))
Warnings:  None
Time:  0.00 seconds (prove: 0.00, print: 0.00, other: 0.00)
NONNEG-INT-MOD-0

Summary
Form:  ( DEFUN INDUCT-ON-NONNEG-INT ...)
Rules: NIL
Warnings:  None
Time:  0.00 seconds (prove: 0.00, print: 0.00, other: 0.00)
INDUCT-ON-NONNEG-INT

Summary
Form:  ( DEFTHM HACK ...)
Rules: ((:FAKE-RUNE-FOR-LINEAR NIL)
        (:FAKE-RUNE-FOR-TYPE-SET NIL))
Warnings:  None
Time:  0.00 seconds (prove: 0.00, print: 0.00, other: 0.00)
HACK

Summary
Form:  ( DEFTHM NONNEG-INT-MOD-+-* ...)
Rules: ((:COMPOUND-RECOGNIZER ZP-COMPOUND-RECOGNIZER)
        (:DEFINITION FIX)
        (:DEFINITION NFIX)
        (:DEFINITION NONNEG-INT-MOD)
        (:DEFINITION NOT)
        (:EXECUTABLE-COUNTERPART <)
        (:EXECUTABLE-COUNTERPART INTEGERP)
        (:EXECUTABLE-COUNTERPART NOT)
        (:EXECUTABLE-COUNTERPART ZP)
        (:FAKE-RUNE-FOR-LINEAR NIL)
        (:FAKE-RUNE-FOR-TYPE-SET NIL)
        (:INDUCTION INDUCT-ON-NONNEG-INT)
        (:REWRITE <-*-X-Y-Y)
        (:REWRITE <-+-NEGATIVE-0-1)
        (:REWRITE COMMUTATIVITY-2-OF-+)
        (:REWRITE COMMUTATIVITY-OF-*)
        (:REWRITE COMMUTATIVITY-OF-+)
        (:REWRITE DISTRIBUTIVITY)
        (:REWRITE HACK)
        (:REWRITE TIMES-ZERO)
        (:REWRITE UNICITY-OF-0)
        (:TYPE-PRESCRIPTION NONNEG-INT-MOD))
Warnings:  None
Time:  0.01 seconds (prove: 0.01, print: 0.00, other: 0.00)
NONNEG-INT-MOD-+-*

Summary
Form:  ( DEFTHM NONNEG-INT-MOD-+-*-NONNEG-INT-MOD ...)
Rules: ((:COMPOUND-RECOGNIZER ZP-COMPOUND-RECOGNIZER)
        (:DEFINITION NFIX)
        (:DEFINITION NONNEG-INT-MOD)
        (:DEFINITION NOT)
        (:EXECUTABLE-COUNTERPART NOT)
        (:FAKE-RUNE-FOR-LINEAR NIL)
        (:FAKE-RUNE-FOR-TYPE-SET NIL)
        (:INDUCTION NONNEG-INT-MOD)
        (:REWRITE <-+-NEGATIVE-0-2)
        (:REWRITE ASSOCIATIVITY-OF-+)
        (:REWRITE COMMUTATIVITY-2-OF-+)
        (:REWRITE COMMUTATIVITY-OF-+)
        (:REWRITE NONNEG-INT-MOD-+-*)
        (:TYPE-PRESCRIPTION NFIX))
Warnings:  None
Time:  0.02 seconds (prove: 0.02, print: 0.00, other: 0.00)
NONNEG-INT-MOD-+-*-NONNEG-INT-MOD

Summary
Form:  ( DEFTHM NONNEG-INT-MOD-+-*-NONNEG-INT-MOD-1 ...)
Rules: ((:DEFINITION FIX)
        (:DEFINITION IFF)
        (:DEFINITION NOT)
        (:ELIM NONNEG-INT-MOD-NONNEGATIVE-INTEGER-QUOTIENT)
        (:EXECUTABLE-COUNTERPART IFF)
        (:EXECUTABLE-COUNTERPART NOT)
        (:FAKE-RUNE-FOR-TYPE-SET NIL)
        (:REWRITE <-*-0)
        (:REWRITE ASSOCIATIVITY-OF-*)
        (:REWRITE COMMUTATIVITY-OF-*)
        (:REWRITE UNICITY-OF-0)
        (:TYPE-PRESCRIPTION NONNEGATIVE-INTEGER-QUOTIENT))
Warnings:  None
Time:  0.02 seconds (prove: 0.02, print: 0.00, other: 0.00)
NONNEG-INT-MOD-+-*-NONNEG-INT-MOD-1

Summary
Form:  ( DEFTHM DIVISOR-NONNEGATIVE-INTEGER-QUOTIENT ...)
Rules: ((:COMPOUND-RECOGNIZER ZP-COMPOUND-RECOGNIZER)
        (:DEFINITION IFIX)
        (:DEFINITION NFIX)
        (:DEFINITION NONNEG-INT-MOD)
        (:DEFINITION NONNEGATIVE-INTEGER-QUOTIENT)
        (:DEFINITION NOT)
        (:ELIM NONNEG-INT-MOD-NONNEGATIVE-INTEGER-QUOTIENT)
        (:EXECUTABLE-COUNTERPART EQUAL)
        (:FAKE-RUNE-FOR-LINEAR NIL)
        (:FAKE-RUNE-FOR-TYPE-SET NIL)
        (:REWRITE COMMUTATIVITY-OF-*)
        (:REWRITE TIMES-ZERO)
        (:TYPE-PRESCRIPTION NONNEGATIVE-INTEGER-QUOTIENT))
Warnings:  None
Time:  0.01 seconds (prove: 0.01, print: 0.00, other: 0.00)
DIVISOR-NONNEGATIVE-INTEGER-QUOTIENT

Summary
Form:  ( DEFTHM LEFT-NONNEG-INT-MOD-* ...)
Rules: ((:COMPOUND-RECOGNIZER ZP-COMPOUND-RECOGNIZER)
        (:DEFINITION IFF)
        (:DEFINITION NFIX)
        (:DEFINITION NONNEG-INT-MOD)
        (:DEFINITION NOT)
        (:EXECUTABLE-COUNTERPART EQUAL)
        (:EXECUTABLE-COUNTERPART INTEGERP)
        (:EXECUTABLE-COUNTERPART NOT)
        (:EXECUTABLE-COUNTERPART ZP)
        (:FAKE-RUNE-FOR-TYPE-SET NIL)
        (:INDUCTION INDUCT-ON-NONNEG-INT)
        (:REWRITE <-*-0)
        (:REWRITE <-*-X-Y-Y)
        (:REWRITE COMMUTATIVITY-OF-*)
        (:REWRITE COMMUTATIVITY-OF-+)
        (:REWRITE DISTRIBUTIVITY)
        (:REWRITE HACK)
        (:REWRITE TIMES-ZERO))
Warnings:  None
Time:  0.00 seconds (prove: 0.00, print: 0.00, other: 0.00)
LEFT-NONNEG-INT-MOD-*

Summary
Form:  ( DEFTHM RIGHT-NONNEG-INT-MOD-* ...)
Rules: ((:DEFINITION NOT)
        (:EXECUTABLE-COUNTERPART EQUAL)
        (:REWRITE COMMUTATIVITY-OF-*)
        (:REWRITE LEFT-NONNEG-INT-MOD-*))
Warnings:  None
Time:  0.00 seconds (prove: 0.00, print: 0.00, other: 0.00)
RIGHT-NONNEG-INT-MOD-*

Summary
Form:  ( DEFTHM NONNEG-INT-MOD-*-0 ...)
Rules: ((:COMPOUND-RECOGNIZER ZP-COMPOUND-RECOGNIZER)
        (:DEFINITION FIX)
        (:DEFINITION IFF)
        (:DEFINITION NFIX)
        (:DEFINITION NONNEG-INT-MOD)
        (:DEFINITION NONNEGATIVE-INTEGER-QUOTIENT)
        (:DEFINITION NOT)
        (:ELIM NONNEG-INT-MOD-NONNEGATIVE-INTEGER-QUOTIENT)
        (:EXECUTABLE-COUNTERPART <)
        (:EXECUTABLE-COUNTERPART EQUAL)
        (:EXECUTABLE-COUNTERPART INTEGERP)
        (:EXECUTABLE-COUNTERPART NOT)
        (:FAKE-RUNE-FOR-TYPE-SET NIL)
        (:REWRITE <-*-0)
        (:REWRITE COMMUTATIVITY-2-OF-*)
        (:REWRITE COMMUTATIVITY-OF-*)
        (:REWRITE NONNEG-INT-MOD-0)
        (:REWRITE TIMES-ZERO)
        (:REWRITE UNICITY-OF-0)
        (:TYPE-PRESCRIPTION NONNEGATIVE-INTEGER-QUOTIENT))
Warnings:  None
Time:  0.02 seconds (prove: 0.02, print: 0.00, other: 0.00)
NONNEG-INT-MOD-*-0

Summary
Form:  ( DEFTHM NONNEG-INT-MOD-+-0 ...)
Rules: ((:COMPOUND-RECOGNIZER ZP-COMPOUND-RECOGNIZER)
        (:DEFINITION FIX)
        (:DEFINITION NFIX)
        (:DEFINITION NONNEG-INT-MOD)
        (:DEFINITION NOT)
        (:EXECUTABLE-COUNTERPART <)
        (:EXECUTABLE-COUNTERPART BINARY-+)
        (:EXECUTABLE-COUNTERPART EQUAL)
        (:EXECUTABLE-COUNTERPART INTEGERP)
        (:EXECUTABLE-COUNTERPART NOT)
        (:FAKE-RUNE-FOR-LINEAR NIL)
        (:FAKE-RUNE-FOR-TYPE-SET NIL)
        (:INDUCTION NONNEG-INT-MOD)
        (:REWRITE <-+-NEGATIVE-0-2)
        (:REWRITE ASSOCIATIVITY-OF-+)
        (:REWRITE COMMUTATIVITY-2-OF-+)
        (:REWRITE COMMUTATIVITY-OF-+)
        (:REWRITE NONNEG-INT-MOD-0)
        (:REWRITE UNICITY-OF-0)
        (:TYPE-PRESCRIPTION NONNEG-INT-MOD))
Warnings:  None
Time:  0.03 seconds (prove: 0.03, print: 0.00, other: 0.00)
NONNEG-INT-MOD-+-0

Summary
Form:  ( DEFTHM NONNEG-INT-MOD-MINUS-0 ...)
Rules: ((:COMPOUND-RECOGNIZER ZP-COMPOUND-RECOGNIZER)
        (:DEFINITION FIX)
        (:DEFINITION IFF)
        (:DEFINITION IFIX)
        (:DEFINITION NFIX)
        (:DEFINITION NONNEG-INT-MOD)
        (:DEFINITION NONNEGATIVE-INTEGER-QUOTIENT)
        (:DEFINITION NOT)
        (:DEFINITION SYNP)
        (:ELIM NONNEG-INT-MOD-NONNEGATIVE-INTEGER-QUOTIENT)
        (:EXECUTABLE-COUNTERPART <)
        (:EXECUTABLE-COUNTERPART BINARY-+)
        (:EXECUTABLE-COUNTERPART EQUAL)
        (:EXECUTABLE-COUNTERPART INTEGERP)
        (:EXECUTABLE-COUNTERPART NOT)
        (:EXECUTABLE-COUNTERPART UNARY--)
        (:EXECUTABLE-COUNTERPART ZP)
        (:FAKE-RUNE-FOR-TYPE-SET NIL)
        (:REWRITE |0-<-*|)
        (:REWRITE <-*-0)
        (:REWRITE <-+-NEGATIVE-0-2)
        (:REWRITE <-MINUS-ZERO)
        (:REWRITE ASSOCIATIVITY-OF-+)
        (:REWRITE COMMUTATIVITY-OF-*)
        (:REWRITE COMMUTATIVITY-OF-+)
        (:REWRITE DISTRIBUTIVITY)
        (:REWRITE DISTRIBUTIVITY-OF-MINUS-OVER-+)
        (:REWRITE FUNCTIONAL-COMMUTATIVITY-OF-MINUS-*-RIGHT)
        (:REWRITE NONNEG-INT-MOD-0)
        (:REWRITE TIMES-ZERO)
        (:REWRITE UNICITY-OF-0)
        (:TYPE-PRESCRIPTION NONNEGATIVE-INTEGER-QUOTIENT))
Warnings:  None
Time:  0.03 seconds (prove: 0.03, print: 0.00, other: 0.00)
NONNEG-INT-MOD-MINUS-0

Summary
Form:  ( DEFTHM LINEAR-COMBINATION-NONNEG-INT-MOD ...)
Rules: ((:COMPOUND-RECOGNIZER ZP-COMPOUND-RECOGNIZER)
        (:DEFINITION FIX)
        (:DEFINITION IFF)
        (:DEFINITION NFIX)
        (:DEFINITION NONNEG-INT-MOD)
        (:DEFINITION NOT)
        (:DEFINITION SYNP)
        (:EXECUTABLE-COUNTERPART EQUAL)
        (:EXECUTABLE-COUNTERPART NOT)
        (:FAKE-RUNE-FOR-TYPE-SET NIL)
        (:REWRITE |0-<-*|)
        (:REWRITE <-MINUS-ZERO)
        (:REWRITE COMMUTATIVITY-OF-+)
        (:REWRITE FUNCTIONAL-COMMUTATIVITY-OF-MINUS-*-RIGHT)
        (:REWRITE FUNCTIONAL-SELF-INVERSION-OF-MINUS)
        (:REWRITE NONNEG-INT-MOD-*-0)
        (:REWRITE NONNEG-INT-MOD-+-0)
        (:TYPE-PRESCRIPTION NONNEG-INT-MOD))
Warnings:  None
Time:  0.02 seconds (prove: 0.02, print: 0.00, other: 0.00)
LINEAR-COMBINATION-NONNEG-INT-MOD

Summary
Form:  ( DEFTHM DIVISOR-<= ...)
Rules: ((:DEFINITION NFIX)
        (:DEFINITION NONNEG-INT-MOD)
        (:DEFINITION NOT)
        (:FAKE-RUNE-FOR-TYPE-SET NIL))
Warnings:  None
Time:  0.00 seconds (prove: 0.00, print: 0.00, other: 0.00)
DIVISOR-<=

Summary
Form:  ( IN-THEORY (DISABLE ...))
Rules: NIL
Warnings:  None
Time:  0.00 seconds (prove: 0.00, print: 0.00, other: 0.00)
1864

Summary
Form:  ( DEFTHM NONNEG-INT-MOD-1 ...)
Rules: ((:FAKE-RUNE-FOR-LINEAR NIL)
        (:LINEAR NONNEG-INT-MOD-<-DIVISOR)
        (:TYPE-PRESCRIPTION NONNEG-INT-MOD))
Warnings:  None
Time:  0.00 seconds (prove: 0.00, print: 0.00, other: 0.00)
NONNEG-INT-MOD-1

Summary
Form:  ( DEFUN NONNEG-INT-GCD ...)
Rules: ((:COMPOUND-RECOGNIZER ZP-COMPOUND-RECOGNIZER)
        (:DEFINITION ACL2-COUNT)
        (:DEFINITION INTEGER-ABS)
        (:DEFINITION O-FINP)
        (:DEFINITION O<)
        (:FAKE-RUNE-FOR-LINEAR NIL)
        (:FAKE-RUNE-FOR-TYPE-SET NIL)
        (:LINEAR NONNEG-INT-MOD-<-DIVISOR)
        (:TYPE-PRESCRIPTION NFIX)
        (:TYPE-PRESCRIPTION NONNEG-INT-MOD))
Warnings:  None
Time:  0.01 seconds (prove: 0.00, print: 0.00, other: 0.01)
NONNEG-INT-GCD

Summary
Form:  ( DEFTHM NONNEG-INT-GCD->-0 ...)
Rules: ((:COMPOUND-RECOGNIZER ZP-COMPOUND-RECOGNIZER)
        (:DEFINITION NFIX)
        (:DEFINITION NONNEG-INT-GCD)
        (:DEFINITION NOT)
        (:EXECUTABLE-COUNTERPART <)
        (:FAKE-RUNE-FOR-LINEAR NIL)
        (:FAKE-RUNE-FOR-TYPE-SET NIL)
        (:INDUCTION NONNEG-INT-GCD)
        (:TYPE-PRESCRIPTION NONNEG-INT-GCD)
        (:TYPE-PRESCRIPTION NONNEG-INT-MOD))
Warnings:  None
Time:  0.00 seconds (prove: 0.00, print: 0.00, other: 0.00)
NONNEG-INT-GCD->-0

Summary
Form:  ( DEFTHM NONNEG-INT-GCD-IS-COMMON-DIVISOR ...)
Rules: ((:COMPOUND-RECOGNIZER ZP-COMPOUND-RECOGNIZER)
        (:DEFINITION NFIX)
        (:DEFINITION NONNEG-INT-GCD)
        (:DEFINITION NONNEG-INT-MOD)
        (:DEFINITION NOT)
        (:DEFINITION SYNP)
        (:ELIM NONNEG-INT-MOD-NONNEGATIVE-INTEGER-QUOTIENT)
        (:EXECUTABLE-COUNTERPART EQUAL)
        (:EXECUTABLE-COUNTERPART NFIX)
        (:EXECUTABLE-COUNTERPART ZP)
        (:FAKE-RUNE-FOR-LINEAR NIL)
        (:FAKE-RUNE-FOR-TYPE-SET NIL)
        (:INDUCTION NONNEG-INT-GCD)
        (:REWRITE COMMUTATIVITY-OF-*)
        (:REWRITE INVERSE-OF-+)
        (:REWRITE NONNEG-INT-MOD-+-*-NONNEG-INT-MOD-1)
        (:REWRITE NONNEG-INT-MOD-0)
        (:REWRITE ZP-OPEN)
        (:TYPE-PRESCRIPTION NONNEG-INT-GCD)
        (:TYPE-PRESCRIPTION NONNEG-INT-GCD->-0)
        (:TYPE-PRESCRIPTION NONNEG-INT-MOD)
        (:TYPE-PRESCRIPTION NONNEGATIVE-INTEGER-QUOTIENT))
Warnings:  None
Time:  0.04 seconds (prove: 0.04, print: 0.00, other: 0.00)
NONNEG-INT-GCD-IS-COMMON-DIVISOR

Summary
Form:  ( MUTUAL-RECURSION ( DEFUN NONNEG-INT-GCD-MULTIPLIER1 ...) ...)
Rules: ((:COMPOUND-RECOGNIZER ZP-COMPOUND-RECOGNIZER)
        (:DEFINITION ACL2-COUNT)
        (:DEFINITION INTEGER-ABS)
        (:DEFINITION O-FINP)
        (:DEFINITION O<)
        (:FAKE-RUNE-FOR-LINEAR NIL)
        (:FAKE-RUNE-FOR-TYPE-SET NIL)
        (:LINEAR NONNEG-INT-MOD-<-DIVISOR)
        (:TYPE-PRESCRIPTION NONNEG-INT-GCD-MULTIPLIER1)
        (:TYPE-PRESCRIPTION NONNEG-INT-GCD-MULTIPLIER2)
        (:TYPE-PRESCRIPTION NONNEG-INT-MOD)
        (:TYPE-PRESCRIPTION NONNEGATIVE-INTEGER-QUOTIENT))
Warnings:  None
Time:  0.02 seconds (prove: 0.00, print: 0.00, other: 0.01)
(NONNEG-INT-GCD-MULTIPLIER1 NONNEG-INT-GCD-MULTIPLIER2)

Summary
Form:  ( DEFTHM LINEAR-COMBINATION-FOR-NONNEG-INT-GCD ...)
Rules: ((:COMPOUND-RECOGNIZER ZP-COMPOUND-RECOGNIZER)
        (:DEFINITION FIX)
        (:DEFINITION IFIX)
        (:DEFINITION NFIX)
        (:DEFINITION NONNEG-INT-GCD)
        (:DEFINITION NONNEG-INT-GCD-MULTIPLIER1)
        (:DEFINITION NONNEG-INT-GCD-MULTIPLIER2)
        (:DEFINITION NONNEG-INT-MOD)
        (:DEFINITION NONNEGATIVE-INTEGER-QUOTIENT)
        (:DEFINITION NOT)
        (:DEFINITION SYNP)
        (:ELIM NONNEG-INT-MOD-NONNEGATIVE-INTEGER-QUOTIENT)
        (:EXECUTABLE-COUNTERPART <)
        (:EXECUTABLE-COUNTERPART BINARY-*)
        (:EXECUTABLE-COUNTERPART BINARY-+)
        (:EXECUTABLE-COUNTERPART EQUAL)
        (:EXECUTABLE-COUNTERPART INTEGERP)
        (:EXECUTABLE-COUNTERPART NOT)
        (:EXECUTABLE-COUNTERPART UNARY--)
        (:EXECUTABLE-COUNTERPART ZP)
        (:FAKE-RUNE-FOR-LINEAR NIL)
        (:FAKE-RUNE-FOR-TYPE-SET NIL)
        (:INDUCTION NONNEG-INT-GCD)
        (:REWRITE COMMUTATIVITY-2-OF-*)
        (:REWRITE COMMUTATIVITY-2-OF-+)
        (:REWRITE COMMUTATIVITY-OF-*)
        (:REWRITE COMMUTATIVITY-OF-+)
        (:REWRITE DISTRIBUTIVITY)
        (:REWRITE FUNCTIONAL-COMMUTATIVITY-OF-MINUS-*-RIGHT)
        (:REWRITE INVERSE-OF-+)
        (:REWRITE TIMES-ZERO)
        (:REWRITE UNICITY-OF-0)
        (:REWRITE UNICITY-OF-1)
        (:TYPE-PRESCRIPTION NONNEG-INT-GCD-MULTIPLIER1)
        (:TYPE-PRESCRIPTION NONNEG-INT-GCD-MULTIPLIER2)
        (:TYPE-PRESCRIPTION NONNEG-INT-MOD)
        (:TYPE-PRESCRIPTION NONNEGATIVE-INTEGER-QUOTIENT))
Warnings:  None
Time:  0.06 seconds (prove: 0.06, print: 0.00, other: 0.00)
LINEAR-COMBINATION-FOR-NONNEG-INT-GCD

Summary
Form:  ( IN-THEORY (DISABLE ...))
Rules: NIL
Warnings:  None
Time:  0.00 seconds (prove: 0.00, print: 0.00, other: 0.00)
1879

Summary
Form:  ( DEFTHM NONNEG-INT-GCD-IS-LARGEST-COMMON-DIVISOR-MOD ...)
Rules: ((:COMPOUND-RECOGNIZER ZP-COMPOUND-RECOGNIZER)
        (:DEFINITION FIX)
        (:DEFINITION IFIX)
        (:DEFINITION NFIX)
        (:DEFINITION NONNEG-INT-GCD-MULTIPLIER1)
        (:DEFINITION NONNEG-INT-GCD-MULTIPLIER2)
        (:DEFINITION NONNEG-INT-MOD)
        (:DEFINITION NONNEGATIVE-INTEGER-QUOTIENT)
        (:EXECUTABLE-COUNTERPART BINARY-*)
        (:EXECUTABLE-COUNTERPART BINARY-+)
        (:EXECUTABLE-COUNTERPART EQUAL)
        (:EXECUTABLE-COUNTERPART UNARY--)
        (:EXECUTABLE-COUNTERPART ZP)
        (:FAKE-RUNE-FOR-TYPE-SET NIL)
        (:REWRITE COMMUTATIVITY-OF-*)
        (:REWRITE COMMUTATIVITY-OF-+)
        (:REWRITE LINEAR-COMBINATION-FOR-NONNEG-INT-GCD)
        (:REWRITE LINEAR-COMBINATION-NONNEG-INT-MOD)
        (:REWRITE NONNEG-INT-MOD-*-0)
        (:REWRITE NONNEG-INT-MOD-0)
        (:REWRITE TIMES-ZERO)
        (:REWRITE UNICITY-OF-0)
        (:REWRITE UNICITY-OF-1)
        (:TYPE-PRESCRIPTION NONNEG-INT-GCD-MULTIPLIER1)
        (:TYPE-PRESCRIPTION NONNEG-INT-GCD-MULTIPLIER2))
Warnings:  None
Time:  0.02 seconds (prove: 0.02, print: 0.00, other: 0.00)
NONNEG-INT-GCD-IS-LARGEST-COMMON-DIVISOR-MOD

Summary
Form:  ( DEFTHM NONNEG-INT-GCD-IS-LARGEST-COMMON-DIVISOR-<= ...)
Rules: ((:DEFINITION NOT)
        (:EXECUTABLE-COUNTERPART EQUAL)
        (:FAKE-RUNE-FOR-TYPE-SET NIL)
        (:REWRITE DIVISOR-<=)
        (:REWRITE NONNEG-INT-GCD-IS-LARGEST-COMMON-DIVISOR-MOD)
        (:TYPE-PRESCRIPTION NONNEG-INT-GCD)
        (:TYPE-PRESCRIPTION NONNEG-INT-GCD->-0))
Warnings:  None
Time:  0.01 seconds (prove: 0.01, print: 0.00, other: 0.00)
NONNEG-INT-GCD-IS-LARGEST-COMMON-DIVISOR-<=

Summary
Form:  ( DEFTHM NONNEGATIVE-INTEGER-QUOTIENT-GCD ...)
Rules: ((:DEFINITION NFIX)
        (:DEFINITION NOT)
        (:EXECUTABLE-COUNTERPART EQUAL)
        (:FAKE-RUNE-FOR-TYPE-SET NIL)
        (:REWRITE NONNEG-INT-GCD-IS-COMMON-DIVISOR)
        (:TYPE-PRESCRIPTION NONNEG-INT-GCD))
Warnings:  None
Time:  0.00 seconds (prove: 0.00, print: 0.00, other: 0.00)
NONNEGATIVE-INTEGER-QUOTIENT-GCD

Summary
Form:  ( DEFTHM LINEAR-COMBINATION-GCD=1 ...)
Rules: ((:COMPOUND-RECOGNIZER ZP-COMPOUND-RECOGNIZER)
        (:DEFINITION FIX)
        (:DEFINITION IFIX)
        (:DEFINITION NFIX)
        (:DEFINITION NONNEG-INT-GCD)
        (:DEFINITION NONNEG-INT-GCD-MULTIPLIER1)
        (:DEFINITION NONNEG-INT-GCD-MULTIPLIER2)
        (:DEFINITION NONNEG-INT-MOD)
        (:DEFINITION NONNEGATIVE-INTEGER-QUOTIENT)
        (:DEFINITION NOT)
        (:DEFINITION SYNP)
        (:ELIM NONNEG-INT-MOD-NONNEGATIVE-INTEGER-QUOTIENT)
        (:EXECUTABLE-COUNTERPART <)
        (:EXECUTABLE-COUNTERPART BINARY-*)
        (:EXECUTABLE-COUNTERPART EQUAL)
        (:EXECUTABLE-COUNTERPART INTEGERP)
        (:EXECUTABLE-COUNTERPART NFIX)
        (:EXECUTABLE-COUNTERPART NONNEG-INT-GCD)
        (:EXECUTABLE-COUNTERPART NONNEG-INT-GCD-MULTIPLIER1)
        (:EXECUTABLE-COUNTERPART NONNEG-INT-GCD-MULTIPLIER2)
        (:EXECUTABLE-COUNTERPART NOT)
        (:EXECUTABLE-COUNTERPART UNARY--)
        (:EXECUTABLE-COUNTERPART ZP)
        (:FAKE-RUNE-FOR-TYPE-SET NIL)
        (:INDUCTION NONNEG-INT-GCD)
        (:REWRITE COMMUTATIVITY-2-OF-*)
        (:REWRITE COMMUTATIVITY-2-OF-+)
        (:REWRITE COMMUTATIVITY-OF-*)
        (:REWRITE COMMUTATIVITY-OF-+)
        (:REWRITE DISTRIBUTIVITY)
        (:REWRITE EQUAL-*-X-Y-X)
        (:REWRITE FUNCTIONAL-COMMUTATIVITY-OF-MINUS-*-RIGHT)
        (:REWRITE INVERSE-OF-+)
        (:REWRITE NONNEG-INT-MOD-1)
        (:REWRITE TIMES-ZERO)
        (:REWRITE UNICITY-OF-0)
        (:REWRITE UNICITY-OF-1)
        (:TYPE-PRESCRIPTION NONNEG-INT-GCD-MULTIPLIER1)
        (:TYPE-PRESCRIPTION NONNEG-INT-GCD-MULTIPLIER2)
        (:TYPE-PRESCRIPTION NONNEG-INT-MOD)
        (:TYPE-PRESCRIPTION NONNEGATIVE-INTEGER-QUOTIENT))
Warnings:  None
Time:  0.05 seconds (prove: 0.05, print: 0.00, other: 0.00)
LINEAR-COMBINATION-GCD=1

Summary
Form:  ( DEFTHM DIVISOR-OF-PRODUCT-DIVIDES-FACTOR ...)
Rules: ((:COMPOUND-RECOGNIZER ZP-COMPOUND-RECOGNIZER)
        (:DEFINITION FIX)
        (:DEFINITION IFF)
        (:DEFINITION NFIX)
        (:DEFINITION NONNEG-INT-GCD)
        (:DEFINITION NONNEG-INT-MOD)
        (:DEFINITION NOT)
        (:EXECUTABLE-COUNTERPART <)
        (:EXECUTABLE-COUNTERPART EQUAL)
        (:EXECUTABLE-COUNTERPART INTEGERP)
        (:EXECUTABLE-COUNTERPART NFIX)
        (:EXECUTABLE-COUNTERPART NOT)
        (:FAKE-RUNE-FOR-TYPE-SET NIL)
        (:REWRITE <-*-0)
        (:REWRITE ASSOCIATIVITY-OF-*)
        (:REWRITE COMMUTATIVITY-2-OF-*)
        (:REWRITE EQUAL-*-X-Y-0)
        (:REWRITE INVERSE-OF-+)
        (:REWRITE LINEAR-COMBINATION-GCD=1)
        (:REWRITE NONNEG-INT-MOD-0)
        (:TYPE-PRESCRIPTION NONNEG-INT-GCD-MULTIPLIER1)
        (:TYPE-PRESCRIPTION NONNEG-INT-GCD-MULTIPLIER2)
        (:TYPE-PRESCRIPTION NONNEG-INT-MOD))
Warnings:  None
Time:  0.01 seconds (prove: 0.01, print: 0.00, other: 0.00)
DIVISOR-OF-PRODUCT-DIVIDES-FACTOR

Summary
Form:  ( DEFTHM NONNEG-INT-MOD-ABS-+-* ...)
Rules: ((:COMPOUND-RECOGNIZER ZP-COMPOUND-RECOGNIZER)
        (:DEFINITION ABS)
        (:DEFINITION FIX)
        (:DEFINITION IFF)
        (:DEFINITION NFIX)
        (:DEFINITION NONNEG-INT-GCD)
        (:DEFINITION NOT)
        (:DEFINITION SYNP)
        (:EXECUTABLE-COUNTERPART <)
        (:EXECUTABLE-COUNTERPART ABS)
        (:EXECUTABLE-COUNTERPART BINARY-+)
        (:EXECUTABLE-COUNTERPART EQUAL)
        (:EXECUTABLE-COUNTERPART FIX)
        (:EXECUTABLE-COUNTERPART IF)
        (:EXECUTABLE-COUNTERPART INTEGERP)
        (:EXECUTABLE-COUNTERPART NFIX)
        (:EXECUTABLE-COUNTERPART NONNEG-INT-GCD)
        (:EXECUTABLE-COUNTERPART NONNEG-INT-MOD)
        (:EXECUTABLE-COUNTERPART NOT)
        (:EXECUTABLE-COUNTERPART UNARY--)
        (:EXECUTABLE-COUNTERPART ZP)
        (:FAKE-RUNE-FOR-LINEAR NIL)
        (:FAKE-RUNE-FOR-TYPE-SET NIL)
        (:REWRITE |0-<-*|)
        (:REWRITE <-*-0)
        (:REWRITE <-MINUS-ZERO)
        (:REWRITE COMMUTATIVITY-OF-*)
        (:REWRITE COMMUTATIVITY-OF-+)
        (:REWRITE DISTRIBUTIVITY-OF-MINUS-OVER-+)
        (:REWRITE FUNCTIONAL-COMMUTATIVITY-OF-MINUS-*-LEFT)
        (:REWRITE FUNCTIONAL-COMMUTATIVITY-OF-MINUS-*-RIGHT)
        (:REWRITE FUNCTIONAL-SELF-INVERSION-OF-MINUS)
        (:REWRITE HACK)
        (:REWRITE INVERSE-OF-+)
        (:REWRITE LEFT-NONNEG-INT-MOD-*)
        (:REWRITE NONNEG-INT-GCD-IS-COMMON-DIVISOR)
        (:REWRITE NONNEG-INT-MOD-0)
        (:REWRITE TIMES-ZERO)
        (:REWRITE UNICITY-OF-0)
        (:REWRITE UNICITY-OF-1)
        (:TYPE-PRESCRIPTION NONNEG-INT-MOD))
Warnings:  None
Time:  0.06 seconds (prove: 0.06, print: 0.00, other: 0.00)
NONNEG-INT-MOD-ABS-+-*

Summary
Form:  ( DEFTHM NONNEG-INT-GCD-ABS->= ...)
Rules: ((:DEFINITION ABS)
        (:DEFINITION NOT)
        (:EXECUTABLE-COUNTERPART EQUAL)
        (:FAKE-RUNE-FOR-TYPE-SET NIL)
        (:REWRITE DISTRIBUTIVITY-OF-MINUS-OVER-+)
        (:REWRITE NONNEG-INT-GCD-IS-COMMON-DIVISOR)
        (:REWRITE NONNEG-INT-GCD-IS-LARGEST-COMMON-DIVISOR-<=)
        (:REWRITE NONNEG-INT-MOD-ABS-+-* . 1)
        (:REWRITE NONNEG-INT-MOD-ABS-+-* . 3)
        (:REWRITE NONNEG-INT-MOD-ABS-+-* . 4)
        (:REWRITE NONNEG-INT-MOD-ABS-+-* . 2))
Warnings:  None
Time:  0.02 seconds (prove: 0.02, print: 0.00, other: 0.00)
NONNEG-INT-GCD-ABS->=

Summary
Form:  ( DEFTHM NONNEG-INT-MOD-ABS ...)
Rules: ((:COMPOUND-RECOGNIZER ZP-COMPOUND-RECOGNIZER)
        (:DEFINITION ABS)
        (:DEFINITION FIX)
        (:DEFINITION IFF)
        (:DEFINITION NFIX)
        (:DEFINITION NONNEG-INT-GCD)
        (:DEFINITION NONNEG-INT-MOD)
        (:DEFINITION NOT)
        (:DEFINITION SYNP)
        (:EXECUTABLE-COUNTERPART <)
        (:EXECUTABLE-COUNTERPART BINARY-+)
        (:EXECUTABLE-COUNTERPART EQUAL)
        (:EXECUTABLE-COUNTERPART FIX)
        (:EXECUTABLE-COUNTERPART IF)
        (:EXECUTABLE-COUNTERPART INTEGERP)
        (:EXECUTABLE-COUNTERPART NFIX)
        (:EXECUTABLE-COUNTERPART NONNEG-INT-GCD)
        (:EXECUTABLE-COUNTERPART NONNEG-INT-MOD)
        (:EXECUTABLE-COUNTERPART NOT)
        (:EXECUTABLE-COUNTERPART UNARY--)
        (:EXECUTABLE-COUNTERPART ZP)
        (:FAKE-RUNE-FOR-LINEAR NIL)
        (:FAKE-RUNE-FOR-TYPE-SET NIL)
        (:REWRITE |0-<-*|)
        (:REWRITE <-*-0)
        (:REWRITE <-+-NEGATIVE-0-2)
        (:REWRITE <-0-MINUS)
        (:REWRITE <-MINUS-MINUS)
        (:REWRITE <-MINUS-ZERO)
        (:REWRITE COMMUTATIVITY-2-OF-+)
        (:REWRITE COMMUTATIVITY-OF-*)
        (:REWRITE COMMUTATIVITY-OF-+)
        (:REWRITE DISTRIBUTIVITY)
        (:REWRITE DISTRIBUTIVITY-OF-MINUS-OVER-+)
        (:REWRITE EQUAL-MINUS-0)
        (:REWRITE FUNCTIONAL-COMMUTATIVITY-OF-MINUS-*-RIGHT)
        (:REWRITE FUNCTIONAL-SELF-INVERSION-OF-MINUS)
        (:REWRITE HACK)
        (:REWRITE INVERSE-OF-+)
        (:REWRITE LEFT-NONNEG-INT-MOD-*)
        (:REWRITE MINUS-CANCELLATION-ON-RIGHT)
        (:REWRITE NONNEG-INT-GCD-IS-COMMON-DIVISOR)
        (:REWRITE NONNEG-INT-MOD-0)
        (:REWRITE TIMES-ZERO)
        (:REWRITE UNICITY-OF-0)
        (:REWRITE UNICITY-OF-1)
        (:REWRITE ZP-OPEN)
        (:TYPE-PRESCRIPTION NONNEG-INT-MOD))
Warnings:  None
Time:  0.07 seconds (prove: 0.07, print: 0.00, other: 0.00)
NONNEG-INT-MOD-ABS

Summary
Form:  ( DEFTHM NONNEG-INT-GCD-ABS-<= ...)
Rules: ((:DEFINITION ABS)
        (:DEFINITION NOT)
        (:EXECUTABLE-COUNTERPART EQUAL)
        (:FAKE-RUNE-FOR-TYPE-SET NIL)
        (:REWRITE DISTRIBUTIVITY-OF-MINUS-OVER-+)
        (:REWRITE NONNEG-INT-GCD-IS-COMMON-DIVISOR)
        (:REWRITE NONNEG-INT-GCD-IS-LARGEST-COMMON-DIVISOR-<=)
        (:REWRITE NONNEG-INT-MOD-ABS . 1)
        (:REWRITE NONNEG-INT-MOD-ABS . 2)
        (:REWRITE NONNEG-INT-MOD-ABS . 4)
        (:REWRITE NONNEG-INT-MOD-ABS . 3))
Warnings:  None
Time:  0.02 seconds (prove: 0.02, print: 0.00, other: 0.00)
NONNEG-INT-GCD-ABS-<=

Summary
Form:  ( DEFTHM NONNEG-INT-GCD-ABS ...)
Rules: ((:COMPOUND-RECOGNIZER ZP-COMPOUND-RECOGNIZER)
        (:DEFINITION ABS)
        (:DEFINITION FIX)
        (:DEFINITION IFF)
        (:DEFINITION NFIX)
        (:DEFINITION NONNEG-INT-GCD)
        (:DEFINITION NOT)
        (:EXECUTABLE-COUNTERPART <)
        (:EXECUTABLE-COUNTERPART ABS)
        (:EXECUTABLE-COUNTERPART BINARY-+)
        (:EXECUTABLE-COUNTERPART FIX)
        (:EXECUTABLE-COUNTERPART INTEGERP)
        (:EXECUTABLE-COUNTERPART NOT)
        (:EXECUTABLE-COUNTERPART UNARY--)
        (:EXECUTABLE-COUNTERPART ZP)
        (:FAKE-RUNE-FOR-LINEAR NIL)
        (:FAKE-RUNE-FOR-TYPE-SET NIL)
        (:REWRITE |0-<-*|)
        (:REWRITE <-*-0)
        (:REWRITE <-0-MINUS)
        (:REWRITE COMMUTATIVITY-OF-+)
        (:REWRITE DISTRIBUTIVITY-OF-MINUS-OVER-+)
        (:REWRITE FUNCTIONAL-SELF-INVERSION-OF-MINUS)
        (:REWRITE INVERSE-OF-+)
        (:REWRITE LEFT-NONNEG-INT-MOD-*)
        (:REWRITE NONNEG-INT-MOD-0)
        (:REWRITE TIMES-ZERO)
        (:REWRITE UNICITY-OF-0)
        (:TYPE-PRESCRIPTION NONNEG-INT-GCD)
        (:TYPE-PRESCRIPTION NONNEG-INT-GCD->-0))
Warnings:  None
Time:  0.08 seconds (prove: 0.08, print: 0.00, other: 0.00)
NONNEG-INT-GCD-ABS

Summary
Form:  ( DEFTHM COMMUTATIVITY-OF-NONNEG-INT-GCD ...)
Rules: ((:COMPOUND-RECOGNIZER ZP-COMPOUND-RECOGNIZER)
        (:DEFINITION NFIX)
        (:DEFINITION NONNEG-INT-GCD)
        (:DEFINITION NONNEG-INT-MOD)
        (:DEFINITION NOT)
        (:FAKE-RUNE-FOR-LINEAR NIL)
        (:FAKE-RUNE-FOR-TYPE-SET NIL))
Warnings:  None
Time:  0.01 seconds (prove: 0.01, print: 0.00, other: 0.00)
COMMUTATIVITY-OF-NONNEG-INT-GCD

Summary
Form:  ( DEFTHM CROSS-PRODUCT-FACTOR ...)
Rules: ((:COMPOUND-RECOGNIZER ZP-COMPOUND-RECOGNIZER)
        (:DEFINITION NFIX)
        (:DEFINITION NONNEG-INT-MOD)
        (:DEFINITION NOT)
        (:ELIM NONNEG-INT-MOD-NONNEGATIVE-INTEGER-QUOTIENT)
        (:EXECUTABLE-COUNTERPART EQUAL)
        (:EXECUTABLE-COUNTERPART NFIX)
        (:EXECUTABLE-COUNTERPART NOT)
        (:FAKE-RUNE-FOR-TYPE-SET NIL)
        (:REWRITE COMMUTATIVITY-OF-*)
        (:REWRITE COMMUTATIVITY-OF-NONNEG-INT-GCD)
        (:REWRITE DISTRIBUTIVITY)
        (:REWRITE INVERSE-OF-+)
        (:REWRITE NONNEG-INT-MOD-*-0)
        (:REWRITE NONNEG-INT-MOD-0)
        (:TYPE-PRESCRIPTION NONNEG-INT-MOD)
        (:TYPE-PRESCRIPTION NONNEGATIVE-INTEGER-QUOTIENT))
Warnings:  None
Time:  0.03 seconds (prove: 0.03, print: 0.00, other: 0.00)
CROSS-PRODUCT-FACTOR

Summary
Form:  ( DEFTHM NONNEG-INT-GCD-1-RIGHT ...)
Rules: ((:DEFINITION NONNEG-INT-GCD)
        (:EXECUTABLE-COUNTERPART EQUAL)
        (:EXECUTABLE-COUNTERPART NONNEG-INT-GCD)
        (:EXECUTABLE-COUNTERPART ZP)
        (:REWRITE NONNEG-INT-MOD-1))
Warnings:  None
Time:  0.00 seconds (prove: 0.00, print: 0.00, other: 0.00)
NONNEG-INT-GCD-1-RIGHT

Summary
Form:  ( DEFTHM NONNEG-INT-GCD-1-LEFT ...)
Rules: ((:COMPOUND-RECOGNIZER ZP-COMPOUND-RECOGNIZER)
        (:DEFINITION NONNEG-INT-GCD)
        (:DEFINITION NOT)
        (:EXECUTABLE-COUNTERPART EQUAL)
        (:EXECUTABLE-COUNTERPART NFIX)
        (:REWRITE COMMUTATIVITY-OF-NONNEG-INT-GCD))
Warnings:  None
Time:  0.00 seconds (prove: 0.00, print: 0.00, other: 0.00)
NONNEG-INT-GCD-1-LEFT

Summary
Form:  ( DEFTHM NONNEG-INT-GCD-NUMERATOR-DENOMINATOR ...)
Rules: ((:COMPOUND-RECOGNIZER ZP-COMPOUND-RECOGNIZER)
        (:DEFINITION ABS)
        (:DEFINITION FIX)
        (:DEFINITION NONNEG-INT-GCD)
        (:DEFINITION NOT)
        (:DEFINITION SIGNUM)
        (:EXECUTABLE-COUNTERPART <)
        (:EXECUTABLE-COUNTERPART ABS)
        (:EXECUTABLE-COUNTERPART BINARY-*)
        (:EXECUTABLE-COUNTERPART EQUAL)
        (:EXECUTABLE-COUNTERPART NONNEG-INT-GCD)
        (:EXECUTABLE-COUNTERPART NOT)
        (:EXECUTABLE-COUNTERPART UNARY--)
        (:FAKE-RUNE-FOR-TYPE-SET NIL)
        (:REWRITE COMMUTATIVITY-2-OF-*)
        (:REWRITE COMMUTATIVITY-OF-NONNEG-INT-GCD)
        (:REWRITE DEFAULT-DENOMINATOR)
        (:REWRITE DEFAULT-NUMERATOR)
        (:REWRITE FUNCTIONAL-SELF-INVERSION-OF-MINUS)
        (:REWRITE HACK)
        (:REWRITE NONNEG-INT-MOD-0)
        (:REWRITE NONNEGATIVE-INTEGER-QUOTIENT-GCD)
        (:REWRITE UNICITY-OF-1)
        (:TYPE-PRESCRIPTION NONNEG-INT-GCD)
        (:TYPE-PRESCRIPTION NONNEG-INT-GCD->-0)
        (:TYPE-PRESCRIPTION NONNEGATIVE-INTEGER-QUOTIENT))
Warnings:  None
Time:  0.02 seconds (prove: 0.02, print: 0.00, other: 0.00)
NONNEG-INT-GCD-NUMERATOR-DENOMINATOR

Summary
Form:  ( DEFTHM LOWEST-TERMS-NONNEG-INT-MOD ...)
Rules: ((:DEFINITION ABS)
        (:DEFINITION FIX)
        (:DEFINITION IFF)
        (:DEFINITION NOT)
        (:DEFINITION SYNP)
        (:EXECUTABLE-COUNTERPART ACL2-NUMBERP)
        (:EXECUTABLE-COUNTERPART EQUAL)
        (:EXECUTABLE-COUNTERPART NOT)
        (:FAKE-RUNE-FOR-TYPE-SET NIL)
        (:REWRITE /-CANCELLATION-ON-LEFT)
        (:REWRITE <-*-0)
        (:REWRITE COMMUTATIVITY-2-OF-*)
        (:REWRITE COMMUTATIVITY-OF-*)
        (:REWRITE COMMUTATIVITY-OF-NONNEG-INT-GCD)
        (:REWRITE EQUAL-*-/-1)
        (:REWRITE FUNCTIONAL-COMMUTATIVITY-OF-MINUS-*-RIGHT)
        (:REWRITE NORMALIZE-<-/-TO-*-3-2)
        (:REWRITE TIMES-ZERO))
Warnings:  None
Time:  0.03 seconds (prove: 0.03, print: 0.00, other: 0.00)
LOWEST-TERMS-NONNEG-INT-MOD

Summary
Form:  ( DEFTHM LOWEST-TERMS-<= ...)
Rules: ((:COMPOUND-RECOGNIZER ZP-COMPOUND-RECOGNIZER)
        (:DEFINITION ABS)
        (:DEFINITION FIX)
        (:DEFINITION IFF)
        (:DEFINITION NFIX)
        (:DEFINITION NONNEG-INT-MOD)
        (:DEFINITION NOT)
        (:EXECUTABLE-COUNTERPART <)
        (:EXECUTABLE-COUNTERPART ACL2-NUMBERP)
        (:EXECUTABLE-COUNTERPART EQUAL)
        (:EXECUTABLE-COUNTERPART INTEGERP)
        (:EXECUTABLE-COUNTERPART NOT)
        (:FAKE-RUNE-FOR-TYPE-SET NIL)
        (:REWRITE <-*-0)
        (:REWRITE <-MINUS-MINUS)
        (:REWRITE <-MINUS-ZERO)
        (:REWRITE COMMUTATIVITY-OF-*)
        (:REWRITE COMMUTATIVITY-OF-NONNEG-INT-GCD)
        (:REWRITE EQUAL-*-/-1)
        (:REWRITE NORMALIZE-<-/-TO-*-3-2)
        (:REWRITE TIMES-ZERO))
Warnings:  None
Time:  0.02 seconds (prove: 0.02, print: 0.00, other: 0.00)
LOWEST-TERMS-<=

Summary
Form:  ( DEFTHM LEAST-NUMERATOR-DENOMINATOR-NONNEG-INT-MOD ...)
Rules: ((:DEFINITION ABS)
        (:DEFINITION NOT)
        (:EXECUTABLE-COUNTERPART EQUAL)
        (:EXECUTABLE-COUNTERPART NONNEG-INT-MOD)
        (:EXECUTABLE-COUNTERPART NUMERATOR)
        (:EXECUTABLE-COUNTERPART UNARY--)
        (:FAKE-RUNE-FOR-TYPE-SET NIL)
        (:REWRITE COMMUTATIVITY-OF-*)
        (:REWRITE COMMUTATIVITY-OF-NONNEG-INT-GCD)
        (:REWRITE NONNEG-INT-GCD-NUMERATOR-DENOMINATOR
                  . 2)
        (:REWRITE NONNEG-INT-GCD-NUMERATOR-DENOMINATOR
                  . 1)
        (:REWRITE RATIONAL-IMPLIES2)
        (:REWRITE TIMES-ZERO)
        (:TYPE-PRESCRIPTION NONNEG-INT-MOD))
Warnings:  None
Time:  0.02 seconds (prove: 0.02, print: 0.00, other: 0.00)
LEAST-NUMERATOR-DENOMINATOR-NONNEG-INT-MOD

Summary
Form:  ( DEFTHM LEAST-NUMERATOR-DENOMINATOR-<= ...)
Rules: ((:COMPOUND-RECOGNIZER ZP-COMPOUND-RECOGNIZER)
        (:DEFINITION ABS)
        (:DEFINITION NFIX)
        (:DEFINITION NONNEG-INT-MOD)
        (:DEFINITION NOT)
        (:EXECUTABLE-COUNTERPART EQUAL)
        (:EXECUTABLE-COUNTERPART NOT)
        (:FAKE-RUNE-FOR-TYPE-SET NIL)
        (:REWRITE <-MINUS-MINUS)
        (:REWRITE <-MINUS-ZERO)
        (:REWRITE DIVISOR-<=)
        (:REWRITE LEAST-NUMERATOR-DENOMINATOR-NONNEG-INT-MOD
                  . 2)
        (:REWRITE LEAST-NUMERATOR-DENOMINATOR-NONNEG-INT-MOD
                  . 1))
Warnings:  None
Time:  0.01 seconds (prove: 0.01, print: 0.00, other: 0.00)
LEAST-NUMERATOR-DENOMINATOR-<=

Summary
Form:  ( DEFTHM UNIQUE-RATIONALP ...)
Rules: ((:DEFINITION ABS)
        (:DEFINITION NOT)
        (:EXECUTABLE-COUNTERPART EQUAL)
        (:FAKE-RUNE-FOR-LINEAR NIL)
        (:FAKE-RUNE-FOR-TYPE-SET NIL)
        (:LINEAR LEAST-NUMERATOR-DENOMINATOR-<= . 1)
        (:LINEAR LEAST-NUMERATOR-DENOMINATOR-<= . 3)
        (:LINEAR LEAST-NUMERATOR-DENOMINATOR-<= . 2)
        (:REWRITE <-MINUS-MINUS)
        (:REWRITE COMMUTATIVITY-OF-NONNEG-INT-GCD)
        (:REWRITE RATIONAL-IMPLIES2))
Warnings:  None
Time:  0.01 seconds (prove: 0.01, print: 0.00, other: 0.00)
UNIQUE-RATIONALP

Summary
Form:  ( INCLUDE-BOOK "num-and-denom-helper" ...)
Rules: NIL
Warnings:  None
Time:  0.03 seconds (prove: 0.00, print: 0.00, other: 0.03)

"/Users/huangjianshi/src/acl2-sources/books/arithmetic-3/pass1/num-and-denom-helper.fasl"


Summary
Form:  (CERTIFY-BOOK "num-and-denom-helper" ...)
Rules: NIL
Warnings:  None
Time:  0.90 seconds (prove: 0.76, print: 0.00, other: 0.15)
 "/Users/huangjianshi/src/acl2-sources/books/arithmetic-3/pass1/num-and-denom-helper.lisp"
ACL2 !>
Exiting the ACL2 read-eval-print loop.  To re-enter, execute (LP).
* 