This is SBCL 1.0.1.34, an implementation of ANSI Common Lisp.
More information about SBCL is available at <http://www.sbcl.org/>.

SBCL is free software, provided as is, with absolutely no warranty.
It is mostly in the public domain; some portions are provided under
BSD-style licenses.  See the CREDITS and COPYING files in the
distribution for more information.

 ACL2 Version 3.1 built January 26, 2007  15:12:42.
 Copyright (C) 2006  University of Texas at Austin
 ACL2 comes with ABSOLUTELY NO WARRANTY.  This is free software and you
 are welcome to redistribute it under certain conditions.  For details,
 see the GNU General Public License.

 Initialized with (INITIALIZE-ACL2 'INCLUDE-BOOK *ACL2-PASS-2-FILES*).
 See the documentation topic note-3-1 for recent changes.
 Note: We have modified the prompt in some underlying Lisps to further
 distinguish it from the ACL2 prompt.

 NOTE!!  Proof trees are disabled in ACL2.  To enable them in emacs,
 look under the ACL2 source directory in interface/emacs/README.doc; 
 and, to turn on proof trees, execute :START-PROOF-TREE in the ACL2 
 command loop.   Look in the ACL2 documentation under PROOF-TREE.

ACL2 Version 3.1.  Level 1.  Cbd 
"/Users/huangjianshi/src/acl2-sources/books/arithmetic-3/pass1/".
Type :help for help.
Type (good-bye) to quit completely out of ACL2.

ACL2 !>
Exiting the ACL2 read-eval-print loop.  To re-enter, execute (LP).
* 
#<PACKAGE "ACL2">
* 
ACL2 Version 3.1.  Level 1.  Cbd 
"/Users/huangjianshi/src/acl2-sources/books/arithmetic-3/pass1/".
Type :help for help.
Type (good-bye) to quit completely out of ACL2.

ACL2 !> (PROVE PROOF-TREE
        WARNING OBSERVATION EVENT EXPANSION)
ACL2 !>
Summary
Form:  ( INCLUDE-BOOK "basic-arithmetic" ...)
Rules: NIL
Warnings:  None
Time:  0.02 seconds (prove: 0.00, print: 0.00, other: 0.02)
"/Users/huangjianshi/src/acl2-sources/books/arithmetic-3/pass1/basic-arithmetic.lisp"

Summary
Form:  ( INCLUDE-BOOK "inequalities" ...)
Rules: NIL
Warnings:  None
Time:  0.01 seconds (prove: 0.00, print: 0.00, other: 0.01)
"/Users/huangjianshi/src/acl2-sources/books/arithmetic-3/pass1/inequalities.lisp"
((NONLINEARP-DEFAULT-HINT-PASS1 STABLE-UNDER-SIMPLIFICATIONP HIST PSPV))

Summary
Form:  ( DEFTHM IFF-EQUAL ...)
Rules: ((:DEFINITION IFF)
        (:FAKE-RUNE-FOR-TYPE-SET NIL))
Warnings:  None
Time:  0.00 seconds (prove: 0.00, print: 0.00, other: 0.00)
IFF-EQUAL

Summary
Form:  ( DEFTHM EQUAL-*-/-1 ...)
Rules: ((:DEFINITION FIX)
        (:DEFINITION NOT)
        (:EXECUTABLE-COUNTERPART EQUAL)
        (:EXECUTABLE-COUNTERPART NOT)
        (:EXECUTABLE-COUNTERPART UNARY-/)
        (:FAKE-RUNE-FOR-TYPE-SET NIL)
        (:REWRITE /-CANCELLATION-ON-LEFT)
        (:REWRITE COMMUTATIVITY-2-OF-*)
        (:REWRITE DEFAULT-*-2)
        (:REWRITE TIMES-ZERO))
Warnings:  None
Time:  0.00 seconds (prove: 0.00, print: 0.00, other: 0.00)
EQUAL-*-/-1

Summary
Form:  ( DEFTHM EQUAL-*-/-2 ...)
Rules: ((:DEFINITION FIX)
        (:FAKE-RUNE-FOR-TYPE-SET NIL)
        (:REWRITE COMMUTATIVITY-OF-*)
        (:REWRITE EQUAL-*-/-1))
Warnings:  None
Time:  0.00 seconds (prove: 0.00, print: 0.00, other: 0.00)
EQUAL-*-/-2

Summary
Form:  ( DEFTHM TIMES-ONE ...)
Rules: ((:DEFINITION FIX)
        (:FAKE-RUNE-FOR-TYPE-SET NIL)
        (:REWRITE UNICITY-OF-1))
Warnings:  None
Time:  0.00 seconds (prove: 0.00, print: 0.00, other: 0.00)
TIMES-ONE

Summary
Form:  ( DEFTHM TIMES-MINUS-ONE ...)
Rules: ((:FAKE-RUNE-FOR-LINEAR NIL)
        (:FAKE-RUNE-FOR-TYPE-SET NIL))
Warnings:  None
Time:  0.00 seconds (prove: 0.00, print: 0.00, other: 0.00)
TIMES-MINUS-ONE

Summary
Form:  ( IN-ARITHMETIC-THEORY (QUOTE ...))
Rules: NIL
Warnings:  None
Time:  0.00 seconds (prove: 0.00, print: 0.00, other: 0.00)
5

Summary
Form:  ( DEFTHM NORMALIZE-<-/-TO-*-1 ...)
Rules: ((:DEFINITION IFF)
        (:DEFINITION NOT)
        (:EXECUTABLE-COUNTERPART BINARY-*)
        (:FAKE-RUNE-FOR-LINEAR NIL)
        (:FAKE-RUNE-FOR-TYPE-SET NIL)
        (:REWRITE IFF-EQUAL)
        (:REWRITE INVERSE-OF-*)
        (:REWRITE TIMES-MINUS-ONE)
        (:REWRITE TIMES-ONE))
Warnings:  None
Time:  0.01 seconds (prove: 0.01, print: 0.00, other: 0.00)
NORMALIZE-<-/-TO-*-1

Summary
Form:  ( DEFTHM NORMALIZE-<-/-TO-*-2 ...)
Rules: ((:DEFINITION IFF)
        (:DEFINITION NOT)
        (:EXECUTABLE-COUNTERPART BINARY-*)
        (:FAKE-RUNE-FOR-LINEAR NIL)
        (:FAKE-RUNE-FOR-TYPE-SET NIL)
        (:REWRITE IFF-EQUAL)
        (:REWRITE INVERSE-OF-*)
        (:REWRITE TIMES-MINUS-ONE)
        (:REWRITE TIMES-ONE))
Warnings:  None
Time:  0.01 seconds (prove: 0.01, print: 0.00, other: 0.00)
NORMALIZE-<-/-TO-*-2

Summary
Form:  ( DEFTHM NORMALIZE-<-/-TO-*-3-1 ...)
Rules: ((:DEFINITION IFF)
        (:DEFINITION NOT)
        (:FAKE-RUNE-FOR-LINEAR NIL)
        (:FAKE-RUNE-FOR-TYPE-SET NIL)
        (:REWRITE COMMUTATIVITY-OF-*)
        (:REWRITE IFF-EQUAL)
        (:REWRITE INVERSE-OF-*)
        (:REWRITE TIMES-MINUS-ONE)
        (:REWRITE TIMES-ONE))
Warnings:  None
Time:  0.01 seconds (prove: 0.01, print: 0.00, other: 0.00)
NORMALIZE-<-/-TO-*-3-1

Summary
Form:  ( DEFTHM NORMALIZE-<-/-TO-*-3-2 ...)
Rules: ((:FAKE-RUNE-FOR-TYPE-SET NIL)
        (:REWRITE COMMUTATIVITY-OF-*)
        (:REWRITE NORMALIZE-<-/-TO-*-3-1))
Warnings:  None
Time:  0.00 seconds (prove: 0.00, print: 0.00, other: 0.00)
NORMALIZE-<-/-TO-*-3-2

Summary
Form:  ( DEFTHM NORMALIZE-<-/-TO-*-3-3 ...)
Rules: ((:DEFINITION IFF)
        (:DEFINITION NOT)
        (:FAKE-RUNE-FOR-LINEAR NIL)
        (:FAKE-RUNE-FOR-TYPE-SET NIL)
        (:REWRITE COMMUTATIVITY-OF-*)
        (:REWRITE IFF-EQUAL)
        (:REWRITE INVERSE-OF-*)
        (:REWRITE TIMES-MINUS-ONE)
        (:REWRITE TIMES-ONE))
Warnings:  None
Time:  0.01 seconds (prove: 0.01, print: 0.00, other: 0.00)
NORMALIZE-<-/-TO-*-3-3

Summary
Form:  ( DEFTHM NORMALIZE-<-/-TO-*-3-4 ...)
Rules: ((:FAKE-RUNE-FOR-TYPE-SET NIL)
        (:REWRITE COMMUTATIVITY-OF-*)
        (:REWRITE NORMALIZE-<-/-TO-*-3-3))
Warnings:  None
Time:  0.00 seconds (prove: 0.00, print: 0.00, other: 0.00)
NORMALIZE-<-/-TO-*-3-4

Summary
Form:  ( DEFTHEORY PREFER-*-TO-/ ...)
Rules: NIL
Warnings:  None
Time:  0.00 seconds (prove: 0.00, print: 0.00, other: 0.00)
8

Summary
Form:  ( IN-THEORY (DISABLE ...))
Rules: NIL
Warnings:  None
Time:  0.00 seconds (prove: 0.00, print: 0.00, other: 0.00)
1846

Summary
Form:  ( INCLUDE-BOOK "prefer-times" ...)
Rules: NIL
Warnings:  None
Time:  0.00 seconds (prove: 0.00, print: 0.00, other: 0.00)

"/Users/huangjianshi/src/acl2-sources/books/arithmetic-3/pass1/prefer-times.fasl"


Summary
Form:  (CERTIFY-BOOK "prefer-times" ...)
Rules: NIL
Warnings:  None
Time:  0.09 seconds (prove: 0.04, print: 0.00, other: 0.04)
 "/Users/huangjianshi/src/acl2-sources/books/arithmetic-3/pass1/prefer-times.lisp"
ACL2 !>
Exiting the ACL2 read-eval-print loop.  To re-enter, execute (LP).
* 