This is SBCL 1.0.1.34, an implementation of ANSI Common Lisp.
More information about SBCL is available at <http://www.sbcl.org/>.

SBCL is free software, provided as is, with absolutely no warranty.
It is mostly in the public domain; some portions are provided under
BSD-style licenses.  See the CREDITS and COPYING files in the
distribution for more information.

 ACL2 Version 3.1 built January 26, 2007  15:12:42.
 Copyright (C) 2006  University of Texas at Austin
 ACL2 comes with ABSOLUTELY NO WARRANTY.  This is free software and you
 are welcome to redistribute it under certain conditions.  For details,
 see the GNU General Public License.

 Initialized with (INITIALIZE-ACL2 'INCLUDE-BOOK *ACL2-PASS-2-FILES*).
 See the documentation topic note-3-1 for recent changes.
 Note: We have modified the prompt in some underlying Lisps to further
 distinguish it from the ACL2 prompt.

 NOTE!!  Proof trees are disabled in ACL2.  To enable them in emacs,
 look under the ACL2 source directory in interface/emacs/README.doc; 
 and, to turn on proof trees, execute :START-PROOF-TREE in the ACL2 
 command loop.   Look in the ACL2 documentation under PROOF-TREE.

ACL2 Version 3.1.  Level 1.  Cbd 
"/Users/huangjianshi/src/acl2-sources/books/arithmetic-3/bind-free/".
Type :help for help.
Type (good-bye) to quit completely out of ACL2.

ACL2 !>
Exiting the ACL2 read-eval-print loop.  To re-enter, execute (LP).
* 
#<PACKAGE "ACL2">
* 
ACL2 Version 3.1.  Level 1.  Cbd 
"/Users/huangjianshi/src/acl2-sources/books/arithmetic-3/bind-free/".
Type :help for help.
Type (good-bye) to quit completely out of ACL2.

ACL2 !> (PROVE PROOF-TREE
        WARNING OBSERVATION EVENT EXPANSION)
ACL2 !>
Summary
Form:  ( INCLUDE-BOOK "../pass1/top" ...)
Rules: NIL
Warnings:  None
Time:  0.06 seconds (prove: 0.00, print: 0.00, other: 0.06)
"/Users/huangjianshi/src/acl2-sources/books/arithmetic-3/pass1/top.lisp"

Summary
Form:  ( INCLUDE-BOOK "basic-helper" ...)
Rules: NIL
Warnings:  None
Time:  0.00 seconds (prove: 0.00, print: 0.00, other: 0.00)
"/Users/huangjianshi/src/acl2-sources/books/arithmetic-3/bind-free/basic-helper.lisp"

Summary
Form:  ( INCLUDE-BOOK "building-blocks" ...)
Rules: NIL
Warnings:  None
Time:  0.08 seconds (prove: 0.00, print: 0.00, other: 0.08)
"/Users/huangjianshi/src/acl2-sources/books/arithmetic-3/bind-free/building-blocks.lisp"

Summary
Form:  ( DEFTHM DEFAULT-EXPT-1 ...)
Rules: ((:DEFINITION EXPT)
        (:DEFINITION FIX)
        (:DEFINITION NOT)
        (:EXECUTABLE-COUNTERPART EQUAL)
        (:FAKE-RUNE-FOR-TYPE-SET NIL))
Warnings:  None
Time:  0.00 seconds (prove: 0.00, print: 0.00, other: 0.00)
DEFAULT-EXPT-1

Summary
Form:  ( DEFTHM DEFAULT-EXPT-2 ...)
Rules: ((:COMPOUND-RECOGNIZER ZIP-COMPOUND-RECOGNIZER)
        (:DEFINITION CASE-SPLIT)
        (:DEFINITION EXPT)
        (:DEFINITION NOT)
        (:EXECUTABLE-COUNTERPART EQUAL))
Warnings:  None
Time:  0.00 seconds (prove: 0.00, print: 0.00, other: 0.00)
DEFAULT-EXPT-2

Summary
Form:  ( DEFTHM |(+ y x)| ...)
Rules: ((:FAKE-RUNE-FOR-LINEAR NIL)
        (:FAKE-RUNE-FOR-TYPE-SET NIL))
Warnings:  None
Time:  0.00 seconds (prove: 0.00, print: 0.00, other: 0.00)
|(+ y x)|

Summary
Form:  ( DEFTHM |(+ y (+ x z))| ...)
Rules: ((:FAKE-RUNE-FOR-LINEAR NIL)
        (:FAKE-RUNE-FOR-TYPE-SET NIL))
Warnings:  None
Time:  0.00 seconds (prove: 0.00, print: 0.00, other: 0.00)
|(+ y (+ x z))|

Summary
Form:  ( DEFTHM |(+ (+ x y) z)| ...)
Rules: ((:REWRITE ASSOCIATIVITY-OF-+))
Warnings:  None
Time:  0.00 seconds (prove: 0.00, print: 0.00, other: 0.00)
|(+ (+ x y) z)|

Summary
Form:  ( DEFTHM |(+ 0 x)| ...)
Rules: ((:DEFINITION FIX)
        (:FAKE-RUNE-FOR-TYPE-SET NIL)
        (:REWRITE UNICITY-OF-0))
Warnings:  None
Time:  0.00 seconds (prove: 0.00, print: 0.00, other: 0.00)
|(+ 0 x)|

Summary
Form:  ( DEFTHM |(- (- x))| ...)
Rules: ((:DEFINITION FIX)
        (:FAKE-RUNE-FOR-TYPE-SET NIL)
        (:REWRITE FUNCTIONAL-SELF-INVERSION-OF-MINUS))
Warnings:  None
Time:  0.00 seconds (prove: 0.00, print: 0.00, other: 0.00)
|(- (- x))|

Summary
Form:  ( DEFTHM |(- (+ x y))| ...)
Rules: ((:REWRITE DISTRIBUTIVITY-OF-MINUS-OVER-+))
Warnings:  None
Time:  0.00 seconds (prove: 0.00, print: 0.00, other: 0.00)
|(- (+ x y))|

Summary
Form:  ( DEFTHM |(* y x)| ...)
Rules: ((:FAKE-RUNE-FOR-TYPE-SET NIL)
        (:REWRITE COMMUTATIVITY-OF-*))
Warnings:  None
Time:  0.00 seconds (prove: 0.00, print: 0.00, other: 0.00)
|(* y x)|

Summary
Form:  ( DEFTHM |(* y (* x z))| ...)
Rules: ((:FAKE-RUNE-FOR-TYPE-SET NIL)
        (:REWRITE COMMUTATIVITY-2-OF-*))
Warnings:  None
Time:  0.00 seconds (prove: 0.00, print: 0.00, other: 0.00)
|(* y (* x z))|

Summary
Form:  ( DEFTHM |(* (* x y) z)| ...)
Rules: ((:REWRITE ASSOCIATIVITY-OF-*))
Warnings:  None
Time:  0.00 seconds (prove: 0.00, print: 0.00, other: 0.00)
|(* (* x y) z)|

Summary
Form:  ( DEFTHM |(* 1 x)| ...)
Rules: ((:DEFINITION FIX)
        (:FAKE-RUNE-FOR-TYPE-SET NIL)
        (:REWRITE UNICITY-OF-1))
Warnings:  None
Time:  0.00 seconds (prove: 0.00, print: 0.00, other: 0.00)
|(* 1 x)|

Summary
Form:  ( DEFTHM |(* 0 x)| ...)
Rules: ((:FAKE-RUNE-FOR-TYPE-SET NIL))
Warnings:  None
Time:  0.00 seconds (prove: 0.00, print: 0.00, other: 0.00)
|(* 0 x)|

Summary
Form:  ( DEFTHM |(* -1 x)| ...)
Rules: ((:FAKE-RUNE-FOR-LINEAR NIL)
        (:FAKE-RUNE-FOR-TYPE-SET NIL))
Warnings:  None
Time:  0.00 seconds (prove: 0.00, print: 0.00, other: 0.00)
|(* -1 x)|

Summary
Form:  ( DEFTHM |(/ (/ x))| ...)
Rules: ((:DEFINITION FIX)
        (:FAKE-RUNE-FOR-TYPE-SET NIL)
        (:REWRITE FUNCTIONAL-SELF-INVERSION-OF-/))
Warnings:  None
Time:  0.00 seconds (prove: 0.00, print: 0.00, other: 0.00)
|(/ (/ x))|

Summary
Form:  ( DEFTHM |(/ (* x y))| ...)
Rules: ((:REWRITE DISTRIBUTIVITY-OF-/-OVER-*))
Warnings:  None
Time:  0.00 seconds (prove: 0.00, print: 0.00, other: 0.00)
|(/ (* x y))|

Summary
Form:  ( DEFTHM |(* x (+ y z))| ...)
Rules: ((:FAKE-RUNE-FOR-TYPE-SET NIL)
        (:REWRITE DISTRIBUTIVITY))
Warnings:  None
Time:  0.00 seconds (prove: 0.00, print: 0.00, other: 0.00)
|(* x (+ y z))|

Summary
Form:  ( IN-THEORY (DISABLE ...))
Rules: NIL
Warnings:  None
Time:  0.00 seconds (prove: 0.00, print: 0.00, other: 0.00)
1938

Summary
Form:  ( DEFTHM |(* (+ x y) z)| ...)
Rules: ((:FAKE-RUNE-FOR-TYPE-SET NIL)
        (:REWRITE |(* x (+ y z))|)
        (:REWRITE |(* y x)|))
Warnings:  None
Time:  0.00 seconds (prove: 0.00, print: 0.00, other: 0.00)
|(* (+ x y) z)|

Summary
Form:  ( DEFTHM |(* a (/ a))| ...)
Rules: ((:EXECUTABLE-COUNTERPART ACL2-NUMBERP)
        (:EXECUTABLE-COUNTERPART BINARY-*)
        (:EXECUTABLE-COUNTERPART EQUAL)
        (:EXECUTABLE-COUNTERPART NOT)
        (:EXECUTABLE-COUNTERPART UNARY-/)
        (:REWRITE INVERSE-OF-*))
Warnings:  None
Time:  0.00 seconds (prove: 0.00, print: 0.00, other: 0.00)
|(* a (/ a))|

Summary
Form:  ( DEFTHM |(* a (/ a) b)| ...)
Rules: ((:DEFINITION FIX)
        (:DEFINITION NOT)
        (:FAKE-RUNE-FOR-TYPE-SET NIL)
        (:REWRITE /-CANCELLATION-ON-LEFT))
Warnings:  None
Time:  0.00 seconds (prove: 0.00, print: 0.00, other: 0.00)
|(* a (/ a) b)|

Summary
Form:  ( DEFTHM |(* x (- y))| ...)
Rules: ((:DEFINITION SYNP)
        (:EXECUTABLE-COUNTERPART SYNP)
        (:FAKE-RUNE-FOR-TYPE-SET NIL)
        (:REWRITE FUNCTIONAL-COMMUTATIVITY-OF-MINUS-*-RIGHT))
Warnings:  None
Time:  0.00 seconds (prove: 0.00, print: 0.00, other: 0.00)
|(* x (- y))|

Summary
Form:  ( DEFTHM |(* (- x) y)| ...)
Rules: ((:DEFINITION SYNP)
        (:EXECUTABLE-COUNTERPART SYNP)
        (:FAKE-RUNE-FOR-TYPE-SET NIL)
        (:REWRITE |(* x (- y))|)
        (:REWRITE |(* y x)|))
Warnings:  None
Time:  0.00 seconds (prove: 0.00, print: 0.00, other: 0.00)
|(* (- x) y)|

Summary
Form:  ( DEFTHM |(- (* c x))| ...)
Rules: ((:DEFINITION SYNP)
        (:EXECUTABLE-COUNTERPART SYNP)
        (:FAKE-RUNE-FOR-TYPE-SET NIL)
        (:REWRITE |(* (- x) y)|))
Warnings:  None
Time:  0.00 seconds (prove: 0.00, print: 0.00, other: 0.00)
|(- (* c x))|

Summary
Form:  ( DEFTHM |(/ (- x))| ...)
Rules: ((:EXECUTABLE-COUNTERPART IF)
        (:EXECUTABLE-COUNTERPART SYNP)
        (:REWRITE RECIPROCAL-MINUS-A))
Warnings:  None
Time:  0.00 seconds (prove: 0.00, print: 0.00, other: 0.00)
|(/ (- x))|

Summary
Form:  ( DEFTHM EXPT-TYPE-PRESCRIPTION-RATIONALP-BASE ...)
Rules: ((:TYPE-PRESCRIPTION EXPT-TYPE-PRESCRIPTION-RATIONALP))
Warnings:  None
Time:  0.00 seconds (prove: 0.00, print: 0.00, other: 0.00)
EXPT-TYPE-PRESCRIPTION-RATIONALP-BASE

Summary
Form:  ( DEFTHM EXPT-TYPE-PRESCRIPTION-INTEGERP-BASE ...)
Rules: ((:TYPE-PRESCRIPTION EXPT-TYPE-PRESCRIPTION-INTEGERP)
        (:TYPE-PRESCRIPTION EXPT-TYPE-PRESCRIPTION-RATIONALP-BASE))
Warnings:  None
Time:  0.00 seconds (prove: 0.00, print: 0.00, other: 0.00)
EXPT-TYPE-PRESCRIPTION-INTEGERP-BASE

Summary
Form:  ( DEFTHM EXPT-TYPE-PRESCRIPTION-NON-0-BASE ...)
Rules: ((:FAKE-RUNE-FOR-TYPE-SET NIL)
        (:TYPE-PRESCRIPTION EXPT)
        (:TYPE-PRESCRIPTION EXPT-TYPE-PRESCRIPTION-NONZERO))
Warnings:  None
Time:  0.00 seconds (prove: 0.00, print: 0.00, other: 0.00)
EXPT-TYPE-PRESCRIPTION-NON-0-BASE

Summary
Form:  ( DEFTHM EXPT-TYPE-PRESCRIPTION-POSITIVE-BASE ...)
Rules: ((:FAKE-RUNE-FOR-TYPE-SET NIL)
        (:TYPE-PRESCRIPTION EXPT-TYPE-PRESCRIPTION-NON-0-BASE)
        (:TYPE-PRESCRIPTION EXPT-TYPE-PRESCRIPTION-POSITIVE-2)
        (:TYPE-PRESCRIPTION EXPT-TYPE-PRESCRIPTION-RATIONALP-BASE))
Warnings:  None
Time:  0.00 seconds (prove: 0.00, print: 0.00, other: 0.00)
EXPT-TYPE-PRESCRIPTION-POSITIVE-BASE

Summary
Form:  ( DEFTHM EXPT-TYPE-PRESCRIPTION-NONNEGATIVE-BASE ...)
Rules: ((:FAKE-RUNE-FOR-TYPE-SET NIL)
        (:TYPE-PRESCRIPTION EXPT-TYPE-PRESCRIPTION-POSITIVE-2)
        (:TYPE-PRESCRIPTION EXPT-TYPE-PRESCRIPTION-RATIONALP-BASE))
Warnings:  None
Time:  0.00 seconds (prove: 0.00, print: 0.00, other: 0.00)
EXPT-TYPE-PRESCRIPTION-NONNEGATIVE-BASE

Summary
Form:  ( DEFTHM |(expt x 0)| ...)
Rules: ((:EXECUTABLE-COUNTERPART EQUAL)
        (:REWRITE EXPT-0))
Warnings:  None
Time:  0.00 seconds (prove: 0.00, print: 0.00, other: 0.00)
|(expt x 0)|

Summary
Form:  ( DEFTHM |(expt 0 n)| ...)
Rules: ((:FAKE-RUNE-FOR-TYPE-SET NIL)
        (:REWRITE EXPT-0))
Warnings:  None
Time:  0.00 seconds (prove: 0.00, print: 0.00, other: 0.00)
|(expt 0 n)|

Summary
Form:  ( DEFTHM |(expt x 1)| ...)
Rules: ((:DEFINITION FIX)
        (:FAKE-RUNE-FOR-TYPE-SET NIL)
        (:REWRITE EXPT-1))
Warnings:  None
Time:  0.00 seconds (prove: 0.00, print: 0.00, other: 0.00)
|(expt x 1)|

Summary
Form:  ( DEFTHM |(expt 1 n)| ...)
Rules: ((:EXECUTABLE-COUNTERPART EQUAL)
        (:REWRITE EXPT-1))
Warnings:  None
Time:  0.00 seconds (prove: 0.00, print: 0.00, other: 0.00)
|(expt 1 n)|

Summary
Form:  ( DEFTHM |(expt x -1)| ...)
Rules: ((:DEFINITION EXPT)
        (:DEFINITION FIX)
        (:DEFINITION NOT)
        (:EXECUTABLE-COUNTERPART <)
        (:EXECUTABLE-COUNTERPART BINARY-+)
        (:EXECUTABLE-COUNTERPART EQUAL)
        (:EXECUTABLE-COUNTERPART ZIP)
        (:FAKE-RUNE-FOR-TYPE-SET NIL)
        (:REWRITE |(* 1 x)|)
        (:REWRITE |(* a (/ a))|)
        (:REWRITE |(* y x)|)
        (:REWRITE |(expt x 0)|)
        (:REWRITE EQUAL-/))
Warnings:  None
Time:  0.00 seconds (prove: 0.00, print: 0.00, other: 0.00)
|(expt x -1)|

Summary
Form:  ( DEFTHM |(equal (expt x n) 0)| ...)
Rules: ((:DEFINITION FIX)
        (:DEFINITION IFIX)
        (:DEFINITION NOT)
        (:FAKE-RUNE-FOR-TYPE-SET NIL)
        (:REWRITE EQUAL-EXPT-0))
Warnings:  None
Time:  0.00 seconds (prove: 0.00, print: 0.00, other: 0.00)
|(equal (expt x n) 0)|

Summary
Form:  ( DEFTHM |(expt (+ x y) 2)| ...)
Rules: ((:DEFINITION EXPT)
        (:DEFINITION FIX)
        (:DEFINITION NOT)
        (:DEFINITION SYNP)
        (:EXECUTABLE-COUNTERPART <)
        (:EXECUTABLE-COUNTERPART ACL2-NUMBERP)
        (:EXECUTABLE-COUNTERPART BINARY-*)
        (:EXECUTABLE-COUNTERPART BINARY-+)
        (:EXECUTABLE-COUNTERPART EQUAL)
        (:EXECUTABLE-COUNTERPART NOT)
        (:EXECUTABLE-COUNTERPART SYNP)
        (:EXECUTABLE-COUNTERPART UNARY--)
        (:EXECUTABLE-COUNTERPART ZIP)
        (:FAKE-RUNE-FOR-LINEAR NIL)
        (:FAKE-RUNE-FOR-TYPE-SET NIL)
        (:REWRITE |(* (+ x y) z)|)
        (:REWRITE |(* (- x) y)|)
        (:REWRITE |(* 0 x)|)
        (:REWRITE |(* x (+ y z))|)
        (:REWRITE |(* x (- y))|)
        (:REWRITE |(* y x)|)
        (:REWRITE |(+ (+ x y) z)|)
        (:REWRITE |(+ 0 x)|)
        (:REWRITE |(+ y (+ x z))|)
        (:REWRITE |(+ y x)|)
        (:REWRITE |(- (* c x))|)
        (:REWRITE |(- (- x))|)
        (:REWRITE |(expt x 1)|)
        (:REWRITE DEFAULT-*-1)
        (:REWRITE DEFAULT-*-2)
        (:REWRITE DEFAULT-UNARY-MINUS)
        (:REWRITE EQUAL-+-X-Y-0)
        (:REWRITE EQUAL-MINUS-0)
        (:REWRITE EXPT-1)
        (:REWRITE FUNCTIONAL-SELF-INVERSION-OF-MINUS)
        (:REWRITE UNICITY-OF-0))
Warnings:  None
Time:  0.02 seconds (prove: 0.02, print: 0.00, other: 0.00)
|(expt (+ x y) 2)|

Summary
Form:  ( DEFTHM |(expt (+ x y) 3)| ...)
Rules: ((:DEFINITION EXPT)
        (:DEFINITION FIX)
        (:DEFINITION NOT)
        (:DEFINITION SYNP)
        (:EXECUTABLE-COUNTERPART <)
        (:EXECUTABLE-COUNTERPART ACL2-NUMBERP)
        (:EXECUTABLE-COUNTERPART BINARY-*)
        (:EXECUTABLE-COUNTERPART BINARY-+)
        (:EXECUTABLE-COUNTERPART EQUAL)
        (:EXECUTABLE-COUNTERPART FIX)
        (:EXECUTABLE-COUNTERPART NOT)
        (:EXECUTABLE-COUNTERPART SYNP)
        (:EXECUTABLE-COUNTERPART UNARY--)
        (:EXECUTABLE-COUNTERPART ZIP)
        (:FAKE-RUNE-FOR-LINEAR NIL)
        (:FAKE-RUNE-FOR-TYPE-SET NIL)
        (:REWRITE |(* (+ x y) z)|)
        (:REWRITE |(* (- x) y)|)
        (:REWRITE |(* 0 x)|)
        (:REWRITE |(* x (+ y z))|)
        (:REWRITE |(* x (- y))|)
        (:REWRITE |(* y (* x z))|)
        (:REWRITE |(* y x)|)
        (:REWRITE |(+ (+ x y) z)|)
        (:REWRITE |(+ 0 x)|)
        (:REWRITE |(+ y (+ x z))|)
        (:REWRITE |(+ y x)|)
        (:REWRITE |(- (* c x))|)
        (:REWRITE |(- (- x))|)
        (:REWRITE |(expt x 1)|)
        (:REWRITE DEFAULT-*-1)
        (:REWRITE DEFAULT-*-2)
        (:REWRITE DEFAULT-UNARY-MINUS)
        (:REWRITE EQUAL-+-X-Y-0)
        (:REWRITE EQUAL-MINUS-0)
        (:REWRITE EXPT-1)
        (:REWRITE FUNCTIONAL-SELF-INVERSION-OF-MINUS)
        (:REWRITE LEFT-CANCELLATION-FOR-+)
        (:REWRITE MINUS-CANCELLATION-ON-LEFT)
        (:REWRITE UNICITY-OF-0))
Warnings:  None
Time:  0.04 seconds (prove: 0.04, print: 0.00, other: 0.00)
|(expt (+ x y) 3)|

Summary
Form:  ( DEFTHM |(expt x c)| ...)
Rules: ((:COMPOUND-RECOGNIZER ZIP-COMPOUND-RECOGNIZER)
        (:DEFINITION FIX)
        (:DEFINITION NOT)
        (:DEFINITION SYNP)
        (:EXECUTABLE-COUNTERPART <)
        (:EXECUTABLE-COUNTERPART ACL2-NUMBERP)
        (:EXECUTABLE-COUNTERPART BINARY-*)
        (:EXECUTABLE-COUNTERPART EQUAL)
        (:EXECUTABLE-COUNTERPART FIX)
        (:EXECUTABLE-COUNTERPART INTEGERP)
        (:EXECUTABLE-COUNTERPART NOT)
        (:EXECUTABLE-COUNTERPART SYNP)
        (:EXECUTABLE-COUNTERPART UNARY--)
        (:FAKE-RUNE-FOR-TYPE-SET NIL)
        (:REWRITE |(* 1 x)|)
        (:REWRITE |(* a (/ a) b)|)
        (:REWRITE |(* y (* x z))|)
        (:REWRITE |(* y x)|)
        (:REWRITE |(+ y x)|)
        (:REWRITE |(expt 0 n)|)
        (:REWRITE |(expt x -1)|)
        (:REWRITE /-CANCELLATION-ON-LEFT)
        (:REWRITE DEFAULT-EXPT-1)
        (:REWRITE DEFAULT-UNARY-/)
        (:REWRITE EQUAL-+-X-Y-0)
        (:REWRITE EQUAL-MINUS-MINUS)
        (:REWRITE EXPONENTS-ADD-1)
        (:REWRITE EXPT-1)
        (:REWRITE UNICITY-OF-1)
        (:TYPE-PRESCRIPTION EXPT))
Warnings:  None
Time:  0.03 seconds (prove: 0.03, print: 0.00, other: 0.00)
|(expt x c)|

Summary
Form:  ( DEFTHM |(expt x (- n))| ...)
Rules: ((:COMPOUND-RECOGNIZER ZIP-COMPOUND-RECOGNIZER)
        (:DEFINITION =)
        (:DEFINITION EXPT)
        (:DEFINITION FIX)
        (:DEFINITION NOT)
        (:DEFINITION SYNP)
        (:EXECUTABLE-COUNTERPART <)
        (:EXECUTABLE-COUNTERPART BINARY-+)
        (:EXECUTABLE-COUNTERPART EQUAL)
        (:EXECUTABLE-COUNTERPART INTEGERP)
        (:EXECUTABLE-COUNTERPART NOT)
        (:EXECUTABLE-COUNTERPART SYNP)
        (:EXECUTABLE-COUNTERPART UNARY--)
        (:EXECUTABLE-COUNTERPART UNARY-/)
        (:FAKE-RUNE-FOR-TYPE-SET NIL)
        (:INDUCTION EXPT)
        (:REWRITE |(* 1 x)|)
        (:REWRITE |(* a (/ a))|)
        (:REWRITE |(* y (* x z))|)
        (:REWRITE |(* y x)|)
        (:REWRITE |(+ y x)|)
        (:REWRITE |(- (+ x y))|)
        (:REWRITE |(/ (* x y))|)
        (:REWRITE |(/ (/ x))|)
        (:REWRITE |(expt 0 n)|)
        (:REWRITE |(expt x 0)|)
        (:REWRITE |(expt x c)|)
        (:REWRITE DEFAULT-EXPT-1)
        (:REWRITE DEFAULT-EXPT-2)
        (:REWRITE EQUAL-/)
        (:REWRITE EXPONENTS-ADD-2)
        (:REWRITE LEFT-CANCELLATION-FOR-*)
        (:TYPE-PRESCRIPTION EXPT)
        (:TYPE-PRESCRIPTION EXPT-TYPE-PRESCRIPTION-NON-0-BASE))
Warnings:  None
Time:  0.08 seconds (prove: 0.08, print: 0.00, other: 0.00)
|(expt x (- n))|

Summary
Form:  ( DEFTHM |(expt (/ x) n)| ...)
Rules: ((:REWRITE FUNCTIONAL-COMMUTATIVITY-OF-EXPT-/-BASE))
Warnings:  None
Time:  0.00 seconds (prove: 0.00, print: 0.00, other: 0.00)
|(expt (/ x) n)|

Summary
Form:  ( DEFTHM |(expt (- (/ x)) n)| ...)
Rules: ((:COMPOUND-RECOGNIZER ZIP-COMPOUND-RECOGNIZER)
        (:DEFINITION =)
        (:DEFINITION EXPT)
        (:DEFINITION FIX)
        (:DEFINITION NOT)
        (:DEFINITION SYNP)
        (:EXECUTABLE-COUNTERPART BINARY-*)
        (:EXECUTABLE-COUNTERPART EQUAL)
        (:EXECUTABLE-COUNTERPART EXPT)
        (:EXECUTABLE-COUNTERPART INTEGERP)
        (:EXECUTABLE-COUNTERPART NOT)
        (:EXECUTABLE-COUNTERPART UNARY--)
        (:EXECUTABLE-COUNTERPART UNARY-/)
        (:FAKE-RUNE-FOR-TYPE-SET NIL)
        (:INDUCTION EXPT)
        (:REWRITE |(* (* x y) z)|)
        (:REWRITE |(* (- x) y)|)
        (:REWRITE |(* 1 x)|)
        (:REWRITE |(* a (/ a))|)
        (:REWRITE |(* x (- y))|)
        (:REWRITE |(* y (* x z))|)
        (:REWRITE |(* y x)|)
        (:REWRITE |(/ (- x))|)
        (:REWRITE |(/ (/ x))|)
        (:REWRITE |(equal (expt x n) 0)|)
        (:REWRITE |(expt x 0)|)
        (:REWRITE DEFAULT-EXPT-2)
        (:REWRITE EQUAL-/)
        (:REWRITE EQUAL-MINUS-0)
        (:TYPE-PRESCRIPTION EXPT))
Warnings:  None
Time:  0.04 seconds (prove: 0.04, print: 0.00, other: 0.00)
|(expt (- (/ x)) n)|

Summary
Form:  ( DEFTHM |(expt 1/c n)| ...)
Rules: ((:DEFINITION FIX)
        (:EXECUTABLE-COUNTERPART EQUAL)
        (:EXECUTABLE-COUNTERPART FIX)
        (:EXECUTABLE-COUNTERPART IF)
        (:EXECUTABLE-COUNTERPART SYNP)
        (:FAKE-RUNE-FOR-TYPE-SET NIL)
        (:REWRITE |(expt (/ x) n)|)
        (:REWRITE DEFAULT-EXPT-2)
        (:REWRITE FUNCTIONAL-SELF-INVERSION-OF-/)
        (:TYPE-PRESCRIPTION EXPT))
Warnings:  None
Time:  0.02 seconds (prove: 0.02, print: 0.00, other: 0.00)
|(expt 1/c n)|

Summary
Form:  ( DEFTHM |(expt (- x) n)| ...)
Rules: ((:DEFINITION EVENP)
        (:DEFINITION NOT)
        (:EXECUTABLE-COUNTERPART NOT)
        (:EXECUTABLE-COUNTERPART SYNP)
        (:FAKE-RUNE-FOR-TYPE-SET NIL)
        (:REWRITE |(* y x)|)
        (:REWRITE |(- (- x))|)
        (:REWRITE EXPT-NEGATIVE-BASE-EVEN-EXPONENT)
        (:REWRITE EXPT-NEGATIVE-BASE-ODD-EXPONENT)
        (:TYPE-PRESCRIPTION EXPT))
Warnings:  None
Time:  0.02 seconds (prove: 0.02, print: 0.00, other: 0.00)
|(expt (- x) n)|

Summary
Form:  ( DEFUN POWER-OF-2-HELPER ...)
Rules: NIL
Warnings:  None
Time:  0.01 seconds (prove: 0.00, print: 0.00, other: 0.01)
POWER-OF-2-HELPER

Summary
Form:  ( DEFUN POWER-OF-2 ...)
Rules: NIL
Warnings:  None
Time:  0.00 seconds (prove: 0.00, print: 0.00, other: 0.00)
POWER-OF-2

Summary
Form:  ( DEFTHM |(expt 2^i n)| ...)
Rules: ((:EXECUTABLE-COUNTERPART SYNP)
        (:FAKE-RUNE-FOR-TYPE-SET NIL)
        (:REWRITE EXPONENTS-MULTIPLY))
Warnings:  None
Time:  0.01 seconds (prove: 0.01, print: 0.00, other: 0.00)
|(expt 2^i n)|

Summary
Form:  ( DEFTHM |(expt (* x y) n)| ...)
Rules: ((:EXECUTABLE-COUNTERPART BINARY-*)
        (:EXECUTABLE-COUNTERPART EQUAL)
        (:FAKE-RUNE-FOR-TYPE-SET NIL)
        (:REWRITE DEFAULT-EXPT-2)
        (:REWRITE DISTRIBUTIVITY-OF-EXPT-OVER-*))
Warnings:  None
Time:  0.01 seconds (prove: 0.01, print: 0.00, other: 0.00)
|(expt (* x y) n)|

Summary
Form:  ( DEFTHM |(expt (expt x m) n)| ...)
Rules: ((:FAKE-RUNE-FOR-TYPE-SET NIL)
        (:REWRITE EXPONENTS-MULTIPLY))
Warnings:  None
Time:  0.03 seconds (prove: 0.03, print: 0.00, other: 0.00)
|(expt (expt x m) n)|

Summary
Form:  ( DEFTHM |(expt x (+ m n))| ...)
Rules: ((:DEFINITION FIX)
        (:DEFINITION SYNP)
        (:FAKE-RUNE-FOR-TYPE-SET NIL)
        (:REWRITE EQUAL-+-X-Y-0)
        (:REWRITE EXPONENTS-ADD-1))
Warnings:  None
Time:  0.01 seconds (prove: 0.01, print: 0.00, other: 0.00)
|(expt x (+ m n))|

Summary
Form:  ( DEFTHM |(expt x (+ m n)) non-zero x| ...)
Rules: ((:DEFINITION FIX)
        (:DEFINITION NOT)
        (:DEFINITION SYNP)
        (:EXECUTABLE-COUNTERPART EQUAL)
        (:FAKE-RUNE-FOR-TYPE-SET NIL)
        (:REWRITE |(* a (/ a))|)
        (:REWRITE |(* y x)|)
        (:REWRITE |(- (- x))|)
        (:REWRITE |(expt x (+ m n))|)
        (:REWRITE |(expt x (- n))|)
        (:REWRITE EQUAL-+-X-Y-0)
        (:TYPE-PRESCRIPTION EXPT)
        (:TYPE-PRESCRIPTION EXPT-TYPE-PRESCRIPTION-NON-0-BASE))
Warnings:  None
Time:  0.01 seconds (prove: 0.01, print: 0.00, other: 0.00)
|(expt x (+ m n)) non-zero x|

Summary
Form:  ( DEFTHM |(equal (/ x) 0)| ...)
Rules: ((:DEFINITION FIX)
        (:FAKE-RUNE-FOR-TYPE-SET NIL)
        (:REWRITE EQUAL-/-0))
Warnings:  None
Time:  0.00 seconds (prove: 0.00, print: 0.00, other: 0.00)
|(equal (/ x) 0)|

Summary
Form:  ( DEFTHM |(equal (- x) 0)| ...)
Rules: ((:DEFINITION FIX)
        (:EXECUTABLE-COUNTERPART SYNP)
        (:FAKE-RUNE-FOR-TYPE-SET NIL)
        (:REWRITE EQUAL-MINUS-0))
Warnings:  None
Time:  0.00 seconds (prove: 0.00, print: 0.00, other: 0.00)
|(equal (- x) 0)|

Summary
Form:  ( DEFTHM |(equal (/ x) (/ y))| ...)
Rules: ((:DEFINITION FIX)
        (:FAKE-RUNE-FOR-TYPE-SET NIL)
        (:REWRITE EQUAL-/-/))
Warnings:  None
Time:  0.00 seconds (prove: 0.00, print: 0.00, other: 0.00)
|(equal (/ x) (/ y))|

Summary
Form:  ( DEFTHM |(equal (- x) (- y))| ...)
Rules: ((:DEFINITION FIX)
        (:EXECUTABLE-COUNTERPART SYNP)
        (:FAKE-RUNE-FOR-TYPE-SET NIL)
        (:REWRITE EQUAL-MINUS-MINUS))
Warnings:  None
Time:  0.00 seconds (prove: 0.00, print: 0.00, other: 0.00)
|(equal (- x) (- y))|

Summary
Form:  ( DEFTHM |(< (/ x) 0)| ...)
Rules: ((:FAKE-RUNE-FOR-TYPE-SET NIL)
        (:REWRITE /-PRESERVES-NEGATIVE))
Warnings:  None
Time:  0.00 seconds (prove: 0.00, print: 0.00, other: 0.00)
|(< (/ x) 0)|

Summary
Form:  ( DEFTHM |(< 0 (/ x))| ...)
Rules: ((:FAKE-RUNE-FOR-TYPE-SET NIL)
        (:REWRITE /-PRESERVES-POSITIVE))
Warnings:  None
Time:  0.00 seconds (prove: 0.00, print: 0.00, other: 0.00)
|(< 0 (/ x))|

Summary
Form:  ( DEFTHM |(< (- x) 0)| ...)
Rules: ((:EXECUTABLE-COUNTERPART IF)
        (:EXECUTABLE-COUNTERPART SYNP)
        (:REWRITE <-0-MINUS))
Warnings:  None
Time:  0.00 seconds (prove: 0.00, print: 0.00, other: 0.00)
|(< (- x) 0)|

Summary
Form:  ( DEFTHM |(< 0 (- x))| ...)
Rules: ((:EXECUTABLE-COUNTERPART IF)
        (:EXECUTABLE-COUNTERPART SYNP)
        (:REWRITE <-MINUS-ZERO))
Warnings:  None
Time:  0.00 seconds (prove: 0.00, print: 0.00, other: 0.00)
|(< 0 (- x))|

Summary
Form:  ( DEFTHM |(< (- x) (- y))| ...)
Rules: ((:EXECUTABLE-COUNTERPART IF)
        (:EXECUTABLE-COUNTERPART SYNP)
        (:REWRITE <-MINUS-MINUS))
Warnings:  None
Time:  0.00 seconds (prove: 0.00, print: 0.00, other: 0.00)
|(< (- x) (- y))|

Summary
Form:  ( DEFTHM |(equal (+ c x) d)| ...)
Rules: ((:DEFINITION FIX)
        (:EXECUTABLE-COUNTERPART EQUAL)
        (:EXECUTABLE-COUNTERPART SYNP)
        (:FAKE-RUNE-FOR-LINEAR NIL)
        (:FAKE-RUNE-FOR-TYPE-SET NIL)
        (:REWRITE |(+ y (+ x z))|)
        (:REWRITE |(+ y x)|)
        (:REWRITE MINUS-CANCELLATION-ON-LEFT))
Warnings:  None
Time:  0.00 seconds (prove: 0.00, print: 0.00, other: 0.00)
|(equal (+ c x) d)|

Summary
Form:  ( DEFTHM |(equal (+ c x y) d)| ...)
Rules: ((:DEFINITION FIX)
        (:EXECUTABLE-COUNTERPART EQUAL)
        (:EXECUTABLE-COUNTERPART SYNP)
        (:FAKE-RUNE-FOR-LINEAR NIL)
        (:FAKE-RUNE-FOR-TYPE-SET NIL)
        (:REWRITE |(+ y (+ x z))|)
        (:REWRITE |(+ y x)|)
        (:REWRITE MINUS-CANCELLATION-ON-LEFT))
Warnings:  None
Time:  0.00 seconds (prove: 0.00, print: 0.00, other: 0.00)
|(equal (+ c x y) d)|

Summary
Form:  ( DEFTHM |(equal (+ c x) (+ d y))| ...)
Rules: ((:DEFINITION FIX)
        (:EXECUTABLE-COUNTERPART EQUAL)
        (:EXECUTABLE-COUNTERPART SYNP)
        (:FAKE-RUNE-FOR-LINEAR NIL)
        (:FAKE-RUNE-FOR-TYPE-SET NIL)
        (:REWRITE |(+ (+ x y) z)|)
        (:REWRITE |(+ y (+ x z))|)
        (:REWRITE MINUS-CANCELLATION-ON-LEFT))
Warnings:  None
Time:  0.00 seconds (prove: 0.00, print: 0.00, other: 0.00)
|(equal (+ c x) (+ d y))|

Summary
Form:  ( DEFTHM |(equal (+ d x) (+ c y))| ...)
Rules: ((:DEFINITION FIX)
        (:EXECUTABLE-COUNTERPART EQUAL)
        (:EXECUTABLE-COUNTERPART SYNP)
        (:FAKE-RUNE-FOR-LINEAR NIL)
        (:FAKE-RUNE-FOR-TYPE-SET NIL)
        (:REWRITE |(+ (+ x y) z)|)
        (:REWRITE |(+ y (+ x z))|)
        (:REWRITE MINUS-CANCELLATION-ON-LEFT))
Warnings:  None
Time:  0.00 seconds (prove: 0.00, print: 0.00, other: 0.00)
|(equal (+ d x) (+ c y))|

Summary
Form:  ( DEFTHM EQUAL-TO-IFF ...)
Rules: ((:DEFINITION IFF)
        (:FAKE-RUNE-FOR-TYPE-SET NIL))
Warnings:  None
Time:  0.00 seconds (prove: 0.00, print: 0.00, other: 0.00)
EQUAL-TO-IFF

Summary
Form:  ( DEFTHM |(< (+ c x) d)| ...)
Rules: ((:DEFINITION IFF)
        (:EXECUTABLE-COUNTERPART SYNP)
        (:FAKE-RUNE-FOR-LINEAR NIL)
        (:REWRITE |(+ y x)|)
        (:REWRITE EQUAL-TO-IFF))
Warnings:  None
Time:  0.00 seconds (prove: 0.00, print: 0.00, other: 0.00)
|(< (+ c x) d)|

Summary
Form:  ( DEFTHM |(< (+ c x y) d)| ...)
Rules: ((:DEFINITION IFF)
        (:EXECUTABLE-COUNTERPART SYNP)
        (:FAKE-RUNE-FOR-LINEAR NIL)
        (:REWRITE |(+ y x)|)
        (:REWRITE EQUAL-TO-IFF))
Warnings:  None
Time:  0.00 seconds (prove: 0.00, print: 0.00, other: 0.00)
|(< (+ c x y) d)|

Summary
Form:  ( DEFTHM |(< (+ c x) (+ d y))| ...)
Rules: ((:DEFINITION IFF)
        (:EXECUTABLE-COUNTERPART SYNP)
        (:FAKE-RUNE-FOR-LINEAR NIL)
        (:REWRITE |(+ (+ x y) z)|)
        (:REWRITE |(+ y (+ x z))|)
        (:REWRITE EQUAL-TO-IFF))
Warnings:  None
Time:  0.00 seconds (prove: 0.00, print: 0.00, other: 0.00)
|(< (+ c x) (+ d y))|

Summary
Form:  ( DEFTHM |(< (+ d x) (+ c y))| ...)
Rules: ((:DEFINITION IFF)
        (:EXECUTABLE-COUNTERPART SYNP)
        (:FAKE-RUNE-FOR-LINEAR NIL)
        (:REWRITE |(+ (+ x y) z)|)
        (:REWRITE |(+ y (+ x z))|)
        (:REWRITE EQUAL-TO-IFF))
Warnings:  None
Time:  0.00 seconds (prove: 0.00, print: 0.00, other: 0.00)
|(< (+ d x) (+ c y))|

Summary
Form:  ( DEFTHM |(< d (+ c x))| ...)
Rules: ((:DEFINITION IFF)
        (:EXECUTABLE-COUNTERPART SYNP)
        (:FAKE-RUNE-FOR-LINEAR NIL)
        (:REWRITE |(+ y x)|)
        (:REWRITE EQUAL-TO-IFF))
Warnings:  None
Time:  0.00 seconds (prove: 0.00, print: 0.00, other: 0.00)
|(< d (+ c x))|

Summary
Form:  ( DEFTHM |(< d (+ c x y))| ...)
Rules: ((:DEFINITION IFF)
        (:EXECUTABLE-COUNTERPART SYNP)
        (:FAKE-RUNE-FOR-LINEAR NIL)
        (:REWRITE |(+ y x)|)
        (:REWRITE EQUAL-TO-IFF))
Warnings:  None
Time:  0.00 seconds (prove: 0.00, print: 0.00, other: 0.00)
|(< d (+ c x y))|

Summary
Form:  ( DEFTHM |(equal (* x y) 0)| ...)
Rules: ((:DEFINITION FIX)
        (:EXECUTABLE-COUNTERPART EQUAL)
        (:EXECUTABLE-COUNTERPART FIX)
        (:FAKE-RUNE-FOR-TYPE-SET NIL)
        (:REWRITE EQUAL-*-X-Y-0))
Warnings:  None
Time:  0.00 seconds (prove: 0.00, print: 0.00, other: 0.00)
|(equal (* x y) 0)|

Summary
Form:  ( DEFTHM |(< (* x y) 0)| ...)
Rules: ((:DEFINITION IFF)
        (:DEFINITION NOT)
        (:EXECUTABLE-COUNTERPART SYNP)
        (:FAKE-RUNE-FOR-TYPE-SET NIL)
        (:REWRITE <-*-0))
Warnings:  None
Time:  0.00 seconds (prove: 0.00, print: 0.00, other: 0.00)
|(< (* x y) 0)|

Summary
Form:  ( DEFTHM |(< 0 (* x y))| ...)
Rules: ((:DEFINITION IFF)
        (:DEFINITION NOT)
        (:EXECUTABLE-COUNTERPART SYNP)
        (:FAKE-RUNE-FOR-TYPE-SET NIL)
        (:REWRITE |0-<-*|)
        (:REWRITE EQUAL-TO-IFF))
Warnings:  None
Time:  0.00 seconds (prove: 0.00, print: 0.00, other: 0.00)
|(< 0 (* x y))|

Summary
Form:  ( DEFTHM EXPT-X->-X ...)
Rules: ((:DEFINITION SYNP)
        (:EXECUTABLE-COUNTERPART <)
        (:EXECUTABLE-COUNTERPART BINARY-+)
        (:FAKE-RUNE-FOR-LINEAR NIL)
        (:FAKE-RUNE-FOR-TYPE-SET NIL)
        (:LINEAR EXPT-IS-INCREASING-FOR-BASE>1)
        (:REWRITE |(* 1 x)|)
        (:REWRITE |(* y x)|)
        (:REWRITE |(expt x 0)|)
        (:REWRITE |(expt x c)|)
        (:TYPE-PRESCRIPTION EXPT-TYPE-PRESCRIPTION-NONNEGATIVE-BASE)
        (:TYPE-PRESCRIPTION EXPT-TYPE-PRESCRIPTION-POSITIVE-BASE)
        (:TYPE-PRESCRIPTION EXPT-TYPE-PRESCRIPTION-RATIONALP-BASE))
Warnings:  None
Time:  0.00 seconds (prove: 0.00, print: 0.00, other: 0.00)
EXPT-X->-X

Summary
Form:  ( DEFTHM EXPT-X->=-X ...)
Rules: ((:COMPOUND-RECOGNIZER ZIP-COMPOUND-RECOGNIZER)
        (:DEFINITION =)
        (:DEFINITION EXPT)
        (:DEFINITION FIX)
        (:DEFINITION NOT)
        (:DEFINITION SYNP)
        (:EXECUTABLE-COUNTERPART <)
        (:EXECUTABLE-COUNTERPART BINARY-+)
        (:EXECUTABLE-COUNTERPART INTEGERP)
        (:EXECUTABLE-COUNTERPART NOT)
        (:EXECUTABLE-COUNTERPART ZIP)
        (:FAKE-RUNE-FOR-LINEAR NIL)
        (:FAKE-RUNE-FOR-TYPE-SET NIL)
        (:INDUCTION EXPT)
        (:REWRITE |(* 1 x)|)
        (:REWRITE |(* y x)|)
        (:REWRITE |(expt x 0)|)
        (:REWRITE |(expt x c)|)
        (:REWRITE <-*-Y-X-Y)
        (:TYPE-PRESCRIPTION EXPT-TYPE-PRESCRIPTION-NONNEGATIVE-BASE)
        (:TYPE-PRESCRIPTION EXPT-TYPE-PRESCRIPTION-POSITIVE-BASE)
        (:TYPE-PRESCRIPTION EXPT-TYPE-PRESCRIPTION-RATIONALP-BASE))
Warnings:  None
Time:  0.02 seconds (prove: 0.02, print: 0.00, other: 0.00)
EXPT-X->=-X

Summary
Form:  ( DEFTHM EXPT-IS-INCREASING-FOR-BASE->-1 ...)
Rules: ((:FAKE-RUNE-FOR-LINEAR NIL)
        (:FAKE-RUNE-FOR-TYPE-SET NIL)
        (:LINEAR EXPT-IS-INCREASING-FOR-BASE>1)
        (:TYPE-PRESCRIPTION EXPT-TYPE-PRESCRIPTION-NONNEGATIVE-BASE)
        (:TYPE-PRESCRIPTION EXPT-TYPE-PRESCRIPTION-POSITIVE-BASE)
        (:TYPE-PRESCRIPTION EXPT-TYPE-PRESCRIPTION-RATIONALP-BASE))
Warnings:  None
Time:  0.00 seconds (prove: 0.00, print: 0.00, other: 0.00)
EXPT-IS-INCREASING-FOR-BASE->-1

Summary
Form:  ( DEFTHM EXPT-IS-DECREASING-FOR-POS-BASE-<-1 ...)
Rules: ((:FAKE-RUNE-FOR-LINEAR NIL)
        (:FAKE-RUNE-FOR-TYPE-SET NIL)
        (:LINEAR EXPT-IS-DECREASING-FOR-POS-BASE<1)
        (:TYPE-PRESCRIPTION EXPT-TYPE-PRESCRIPTION-NONNEGATIVE-BASE)
        (:TYPE-PRESCRIPTION EXPT-TYPE-PRESCRIPTION-POSITIVE-BASE)
        (:TYPE-PRESCRIPTION EXPT-TYPE-PRESCRIPTION-RATIONALP-BASE))
Warnings:  None
Time:  0.00 seconds (prove: 0.00, print: 0.00, other: 0.00)
EXPT-IS-DECREASING-FOR-POS-BASE-<-1

Summary
Form:  ( DEFTHM EXPT-IS-WEAKLY-INCREASING-FOR-BASE->-1 ...)
Rules: ((:DEFINITION NOT)
        (:FAKE-RUNE-FOR-LINEAR NIL)
        (:FAKE-RUNE-FOR-TYPE-SET NIL)
        (:LINEAR EXPT-IS-WEAKLY-INCREASING-FOR-BASE>1)
        (:TYPE-PRESCRIPTION EXPT-TYPE-PRESCRIPTION-NONNEGATIVE-BASE)
        (:TYPE-PRESCRIPTION EXPT-TYPE-PRESCRIPTION-POSITIVE-BASE)
        (:TYPE-PRESCRIPTION EXPT-TYPE-PRESCRIPTION-RATIONALP-BASE))
Warnings:  None
Time:  0.00 seconds (prove: 0.00, print: 0.00, other: 0.00)
EXPT-IS-WEAKLY-INCREASING-FOR-BASE->-1

Summary
Form:  ( DEFTHM EXPT-IS-WEAKLY-DECREASING-FOR-POS-BASE-<-1 ...)
Rules: ((:DEFINITION NOT)
        (:FAKE-RUNE-FOR-LINEAR NIL)
        (:FAKE-RUNE-FOR-TYPE-SET NIL)
        (:LINEAR EXPT-IS-WEAKLY-DECREASING-FOR-POS-BASE<1)
        (:TYPE-PRESCRIPTION EXPT-TYPE-PRESCRIPTION-NONNEGATIVE-BASE)
        (:TYPE-PRESCRIPTION EXPT-TYPE-PRESCRIPTION-POSITIVE-BASE)
        (:TYPE-PRESCRIPTION EXPT-TYPE-PRESCRIPTION-RATIONALP-BASE))
Warnings:  None
Time:  0.00 seconds (prove: 0.00, print: 0.00, other: 0.00)
EXPT-IS-WEAKLY-DECREASING-FOR-POS-BASE-<-1

Summary
Form:  ( DEFTHM EXPT->-1-ONE ...)
Rules: ((:FAKE-RUNE-FOR-LINEAR NIL)
        (:FAKE-RUNE-FOR-TYPE-SET NIL)
        (:LINEAR EXPT-IS-INCREASING-FOR-BASE->-1)
        (:REWRITE |(expt x 0)|)
        (:TYPE-PRESCRIPTION EXPT-TYPE-PRESCRIPTION-NONNEGATIVE-BASE)
        (:TYPE-PRESCRIPTION EXPT-TYPE-PRESCRIPTION-POSITIVE-BASE)
        (:TYPE-PRESCRIPTION EXPT-TYPE-PRESCRIPTION-RATIONALP-BASE))
Warnings:  None
Time:  0.00 seconds (prove: 0.00, print: 0.00, other: 0.00)
EXPT->-1-ONE

Summary
Form:  ( DEFTHM EXPT->-1-TWO ...)
Rules: ((:FAKE-RUNE-FOR-LINEAR NIL)
        (:FAKE-RUNE-FOR-TYPE-SET NIL)
        (:LINEAR EXPT-IS-DECREASING-FOR-POS-BASE-<-1)
        (:REWRITE |(expt x 0)|)
        (:TYPE-PRESCRIPTION EXPT-TYPE-PRESCRIPTION-NONNEGATIVE-BASE)
        (:TYPE-PRESCRIPTION EXPT-TYPE-PRESCRIPTION-POSITIVE-BASE)
        (:TYPE-PRESCRIPTION EXPT-TYPE-PRESCRIPTION-RATIONALP-BASE))
Warnings:  None
Time:  0.00 seconds (prove: 0.00, print: 0.00, other: 0.00)
EXPT->-1-TWO

Summary
Form:  ( DEFTHM EXPT-<-1-ONE ...)
Rules: ((:FAKE-RUNE-FOR-LINEAR NIL)
        (:FAKE-RUNE-FOR-TYPE-SET NIL)
        (:LINEAR EXPT-IS-DECREASING-FOR-POS-BASE-<-1)
        (:REWRITE |(expt x 0)|)
        (:TYPE-PRESCRIPTION EXPT-TYPE-PRESCRIPTION-NONNEGATIVE-BASE)
        (:TYPE-PRESCRIPTION EXPT-TYPE-PRESCRIPTION-POSITIVE-BASE)
        (:TYPE-PRESCRIPTION EXPT-TYPE-PRESCRIPTION-RATIONALP-BASE))
Warnings:  None
Time:  0.00 seconds (prove: 0.00, print: 0.00, other: 0.00)
EXPT-<-1-ONE

Summary
Form:  ( DEFTHM EXPT-<-1-TWO ...)
Rules: ((:FAKE-RUNE-FOR-LINEAR NIL)
        (:FAKE-RUNE-FOR-TYPE-SET NIL)
        (:LINEAR EXPT-IS-INCREASING-FOR-BASE->-1)
        (:REWRITE |(expt x 0)|)
        (:TYPE-PRESCRIPTION EXPT-TYPE-PRESCRIPTION-NONNEGATIVE-BASE)
        (:TYPE-PRESCRIPTION EXPT-TYPE-PRESCRIPTION-POSITIVE-BASE)
        (:TYPE-PRESCRIPTION EXPT-TYPE-PRESCRIPTION-RATIONALP-BASE))
Warnings:  None
Time:  0.00 seconds (prove: 0.00, print: 0.00, other: 0.00)
EXPT-<-1-TWO

Summary
Form:  ( DEFTHM |(+ (if a b c) x)| ...)
Rules: NIL
Warnings:  None
Time:  0.00 seconds (prove: 0.00, print: 0.00, other: 0.00)
|(+ (if a b c) x)|

Summary
Form:  ( DEFTHM |(+ x (if a b c))| ...)
Rules: NIL
Warnings:  None
Time:  0.00 seconds (prove: 0.00, print: 0.00, other: 0.00)
|(+ x (if a b c))|

Summary
Form:  ( DEFTHM |(- (if a b c))| ...)
Rules: NIL
Warnings:  None
Time:  0.00 seconds (prove: 0.00, print: 0.00, other: 0.00)
|(- (if a b c))|

Summary
Form:  ( DEFTHM |(* (if a b c) x)| ...)
Rules: NIL
Warnings:  None
Time:  0.00 seconds (prove: 0.00, print: 0.00, other: 0.00)
|(* (if a b c) x)|

Summary
Form:  ( DEFTHM |(* x (if a b c))| ...)
Rules: NIL
Warnings:  None
Time:  0.00 seconds (prove: 0.00, print: 0.00, other: 0.00)
|(* x (if a b c))|

Summary
Form:  ( DEFTHM |(/ (if a b c))| ...)
Rules: NIL
Warnings:  None
Time:  0.00 seconds (prove: 0.00, print: 0.00, other: 0.00)
|(/ (if a b c))|

Summary
Form:  ( DEFTHM |(expt (if a b c) x)| ...)
Rules: NIL
Warnings:  None
Time:  0.00 seconds (prove: 0.00, print: 0.00, other: 0.00)
|(expt (if a b c) x)|

Summary
Form:  ( DEFTHM |(expt x (if a b c))| ...)
Rules: NIL
Warnings:  None
Time:  0.00 seconds (prove: 0.00, print: 0.00, other: 0.00)
|(expt x (if a b c))|

Summary
Form:  ( DEFTHM |(equal x (if a b c))| ...)
Rules: NIL
Warnings:  None
Time:  0.00 seconds (prove: 0.00, print: 0.00, other: 0.00)
|(equal x (if a b c))|

Summary
Form:  ( DEFTHM |(equal (if a b c) x)| ...)
Rules: NIL
Warnings:  None
Time:  0.00 seconds (prove: 0.00, print: 0.00, other: 0.00)
|(equal (if a b c) x)|

Summary
Form:  ( DEFTHM |(< x (if a b c))| ...)
Rules: NIL
Warnings:  None
Time:  0.00 seconds (prove: 0.00, print: 0.00, other: 0.00)
|(< x (if a b c))|

Summary
Form:  ( DEFTHM |(< (if a b c) x)| ...)
Rules: NIL
Warnings:  None
Time:  0.00 seconds (prove: 0.00, print: 0.00, other: 0.00)
|(< (if a b c) x)|

Summary
Form:  ( INCLUDE-BOOK "basic" ...)
Rules: NIL
Warnings:  None
Time:  0.08 seconds (prove: 0.00, print: 0.00, other: 0.08)

"/Users/huangjianshi/src/acl2-sources/books/arithmetic-3/bind-free/basic.fasl"


Summary
Form:  (CERTIFY-BOOK "basic" ...)
Rules: NIL
Warnings:  None
Time:  0.67 seconds (prove: 0.38, print: 0.00, other: 0.29)
 "/Users/huangjianshi/src/acl2-sources/books/arithmetic-3/bind-free/basic.lisp"
ACL2 !>
Exiting the ACL2 read-eval-print loop.  To re-enter, execute (LP).
* 