This is SBCL 1.0.1.34, an implementation of ANSI Common Lisp.
More information about SBCL is available at <http://www.sbcl.org/>.

SBCL is free software, provided as is, with absolutely no warranty.
It is mostly in the public domain; some portions are provided under
BSD-style licenses.  See the CREDITS and COPYING files in the
distribution for more information.

 ACL2 Version 3.1 built January 26, 2007  15:12:42.
 Copyright (C) 2006  University of Texas at Austin
 ACL2 comes with ABSOLUTELY NO WARRANTY.  This is free software and you
 are welcome to redistribute it under certain conditions.  For details,
 see the GNU General Public License.

 Initialized with (INITIALIZE-ACL2 'INCLUDE-BOOK *ACL2-PASS-2-FILES*).
 See the documentation topic note-3-1 for recent changes.
 Note: We have modified the prompt in some underlying Lisps to further
 distinguish it from the ACL2 prompt.

 NOTE!!  Proof trees are disabled in ACL2.  To enable them in emacs,
 look under the ACL2 source directory in interface/emacs/README.doc; 
 and, to turn on proof trees, execute :START-PROOF-TREE in the ACL2 
 command loop.   Look in the ACL2 documentation under PROOF-TREE.

ACL2 Version 3.1.  Level 1.  Cbd 
"/Users/huangjianshi/src/acl2-sources/books/arithmetic-3/bind-free/".
Type :help for help.
Type (good-bye) to quit completely out of ACL2.

ACL2 !>
Exiting the ACL2 read-eval-print loop.  To re-enter, execute (LP).
* 
#<PACKAGE "ACL2">
* 
ACL2 Version 3.1.  Level 1.  Cbd 
"/Users/huangjianshi/src/acl2-sources/books/arithmetic-3/bind-free/".
Type :help for help.
Type (good-bye) to quit completely out of ACL2.

ACL2 !> (PROVE PROOF-TREE
        WARNING OBSERVATION EVENT EXPANSION)
ACL2 !>
Summary
Form:  ( TABLE ACL2-DEFAULTS-TABLE ...)
Rules: NIL
Warnings:  None
Time:  0.00 seconds (prove: 0.00, print: 0.00, other: 0.00)
ACL2-DEFAULTS-TABLE

Summary
Form:  ( DEFMACRO ARG1 ...)
Rules: NIL
Warnings:  None
Time:  0.00 seconds (prove: 0.00, print: 0.00, other: 0.00)
ARG1

Summary
Form:  ( DEFMACRO ARG2 ...)
Rules: NIL
Warnings:  None
Time:  0.00 seconds (prove: 0.00, print: 0.00, other: 0.00)
ARG2

Summary
Form:  ( DEFUN NUMERIC-CONSTANT-P ...)
Rules: ((:DEFINITION EQ)
        (:DEFINITION NOT)
        (:DEFINITION PSEUDO-TERMP)
        (:EXECUTABLE-COUNTERPART EQUAL)
        (:FAKE-RUNE-FOR-TYPE-SET NIL))
Warnings:  None
Time:  0.01 seconds (prove: 0.00, print: 0.00, other: 0.01)
NUMERIC-CONSTANT-P

Summary
Form:  ( DEFUN RATIONAL-CONSTANT-P ...)
Rules: ((:DEFINITION EQ)
        (:DEFINITION NOT)
        (:DEFINITION PSEUDO-TERMP)
        (:EXECUTABLE-COUNTERPART EQUAL)
        (:FAKE-RUNE-FOR-TYPE-SET NIL))
Warnings:  None
Time:  0.01 seconds (prove: 0.00, print: 0.00, other: 0.01)
RATIONAL-CONSTANT-P

Summary
Form:  ( DEFUN NEGATIVE-ADDENDS-P ...)
Rules: ((:DEFINITION ACL2-COUNT)
        (:DEFINITION ATOM)
        (:DEFINITION EQ)
        (:DEFINITION FIX)
        (:DEFINITION FN-SYMB)
        (:DEFINITION NOT)
        (:DEFINITION O-FINP)
        (:DEFINITION O<)
        (:DEFINITION PSEUDO-TERM-LISTP)
        (:DEFINITION PSEUDO-TERMP)
        (:DEFINITION RATIONAL-CONSTANT-P)
        (:DEFINITION TRUE-LISTP)
        (:ELIM CAR-CDR-ELIM)
        (:EXECUTABLE-COUNTERPART ACL2-COUNT)
        (:EXECUTABLE-COUNTERPART CAR)
        (:EXECUTABLE-COUNTERPART EQUAL)
        (:EXECUTABLE-COUNTERPART NEGATIVE-ADDENDS-P)
        (:EXECUTABLE-COUNTERPART NOT)
        (:EXECUTABLE-COUNTERPART PSEUDO-TERMP)
        (:EXECUTABLE-COUNTERPART SYMBOLP)
        (:FAKE-RUNE-FOR-LINEAR NIL)
        (:FAKE-RUNE-FOR-TYPE-SET NIL)
        (:REWRITE CAR-CONS)
        (:REWRITE CDR-CONS)
        (:REWRITE DEFAULT-CAR)
        (:REWRITE DEFAULT-CDR)
        (:REWRITE UNICITY-OF-0)
        (:TYPE-PRESCRIPTION ACL2-COUNT)
        (:TYPE-PRESCRIPTION PSEUDO-TERM-LISTP))
Warnings:  None
Time:  0.06 seconds (prove: 0.04, print: 0.00, other: 0.02)
NEGATIVE-ADDENDS-P

Summary
Form:  ( DEFUN WEAK-NEGATIVE-ADDENDS-P ...)
Rules: ((:DEFINITION ACL2-COUNT)
        (:DEFINITION ATOM)
        (:DEFINITION EQ)
        (:DEFINITION FIX)
        (:DEFINITION FN-SYMB)
        (:DEFINITION NOT)
        (:DEFINITION O-FINP)
        (:DEFINITION O<)
        (:DEFINITION PSEUDO-TERM-LISTP)
        (:DEFINITION PSEUDO-TERMP)
        (:DEFINITION RATIONAL-CONSTANT-P)
        (:DEFINITION TRUE-LISTP)
        (:ELIM CAR-CDR-ELIM)
        (:EXECUTABLE-COUNTERPART ACL2-COUNT)
        (:EXECUTABLE-COUNTERPART CAR)
        (:EXECUTABLE-COUNTERPART EQUAL)
        (:EXECUTABLE-COUNTERPART NOT)
        (:EXECUTABLE-COUNTERPART PSEUDO-TERMP)
        (:EXECUTABLE-COUNTERPART SYMBOLP)
        (:EXECUTABLE-COUNTERPART WEAK-NEGATIVE-ADDENDS-P)
        (:FAKE-RUNE-FOR-LINEAR NIL)
        (:FAKE-RUNE-FOR-TYPE-SET NIL)
        (:REWRITE CAR-CONS)
        (:REWRITE CDR-CONS)
        (:REWRITE DEFAULT-CAR)
        (:REWRITE DEFAULT-CDR)
        (:REWRITE UNICITY-OF-0)
        (:TYPE-PRESCRIPTION ACL2-COUNT)
        (:TYPE-PRESCRIPTION PSEUDO-TERM-LISTP)
        (:TYPE-PRESCRIPTION RATIONAL-CONSTANT-P))
Warnings:  None
Time:  0.05 seconds (prove: 0.03, print: 0.00, other: 0.02)
WEAK-NEGATIVE-ADDENDS-P

Summary
Form:  ( DEFUN REWRITING-GOAL-LITERAL ...)
Rules: ((:FAKE-RUNE-FOR-TYPE-SET NIL))
Warnings:  None
Time:  0.00 seconds (prove: 0.00, print: 0.00, other: 0.00)
REWRITING-GOAL-LITERAL

Summary
Form:  ( DEFUN PROVEABLY-INTEGER ...)
Rules: ((:FAKE-RUNE-FOR-TYPE-SET NIL))
Warnings:  None
Time:  0.00 seconds (prove: 0.00, print: 0.00, other: 0.00)
PROVEABLY-INTEGER

Summary
Form:  ( DEFUN PROVEABLY-RATIONAL ...)
Rules: ((:FAKE-RUNE-FOR-TYPE-SET NIL))
Warnings:  None
Time:  0.00 seconds (prove: 0.00, print: 0.00, other: 0.00)
PROVEABLY-RATIONAL

Summary
Form:  ( DEFUN PROVEABLY-NON-ZERO1 ...)
Rules: ((:EXECUTABLE-COUNTERPART CONS)
        (:FAKE-RUNE-FOR-TYPE-SET NIL))
Warnings:  None
Time:  0.00 seconds (prove: 0.00, print: 0.00, other: 0.00)
PROVEABLY-NON-ZERO1

Summary
Form:  ( DEFUN PROVEABLY-NON-ZERO ...)
Rules: ((:TYPE-PRESCRIPTION PROVEABLY-NON-ZERO1))
Warnings:  None
Time:  0.01 seconds (prove: 0.00, print: 0.00, other: 0.01)
PROVEABLY-NON-ZERO

Summary
Form:  ( DEFUN PROVEABLY-NON-ZERO-RATIONAL1 ...)
Rules: ((:EXECUTABLE-COUNTERPART CONS)
        (:FAKE-RUNE-FOR-TYPE-SET NIL))
Warnings:  None
Time:  0.00 seconds (prove: 0.00, print: 0.00, other: 0.00)
PROVEABLY-NON-ZERO-RATIONAL1

Summary
Form:  ( DEFUN PROVEABLY-NON-ZERO-RATIONAL ...)
Rules: ((:TYPE-PRESCRIPTION PROVEABLY-NON-ZERO1))
Warnings:  None
Time:  0.01 seconds (prove: 0.00, print: 0.00, other: 0.01)
PROVEABLY-NON-ZERO-RATIONAL

Summary
Form:  ( TABLE ACL2-DEFAULTS-TABLE ...)
Rules: NIL
Warnings:  None
Time:  0.00 seconds (prove: 0.00, print: 0.00, other: 0.00)
ACL2-DEFAULTS-TABLE

Summary
Form:  ( INCLUDE-BOOK "building-blocks" ...)
Rules: NIL
Warnings:  None
Time:  0.06 seconds (prove: 0.00, print: 0.00, other: 0.06)

"/Users/huangjianshi/src/acl2-sources/books/arithmetic-3/bind-free/building-blocks.fasl"


Summary
Form:  (CERTIFY-BOOK "building-blocks" ...)
Rules: NIL
Warnings:  None
Time:  0.27 seconds (prove: 0.07, print: 0.00, other: 0.20)
 "/Users/huangjianshi/src/acl2-sources/books/arithmetic-3/bind-free/building-blocks.lisp"
ACL2 !>
Exiting the ACL2 read-eval-print loop.  To re-enter, execute (LP).
* 