This is SBCL 1.0.1.34, an implementation of ANSI Common Lisp.
More information about SBCL is available at <http://www.sbcl.org/>.

SBCL is free software, provided as is, with absolutely no warranty.
It is mostly in the public domain; some portions are provided under
BSD-style licenses.  See the CREDITS and COPYING files in the
distribution for more information.

 ACL2 Version 3.1 built January 26, 2007  15:12:42.
 Copyright (C) 2006  University of Texas at Austin
 ACL2 comes with ABSOLUTELY NO WARRANTY.  This is free software and you
 are welcome to redistribute it under certain conditions.  For details,
 see the GNU General Public License.

 Initialized with (INITIALIZE-ACL2 'INCLUDE-BOOK *ACL2-PASS-2-FILES*).
 See the documentation topic note-3-1 for recent changes.
 Note: We have modified the prompt in some underlying Lisps to further
 distinguish it from the ACL2 prompt.

 NOTE!!  Proof trees are disabled in ACL2.  To enable them in emacs,
 look under the ACL2 source directory in interface/emacs/README.doc; 
 and, to turn on proof trees, execute :START-PROOF-TREE in the ACL2 
 command loop.   Look in the ACL2 documentation under PROOF-TREE.

ACL2 Version 3.1.  Level 1.  Cbd 
"/Users/huangjianshi/src/acl2-sources/books/arithmetic-3/bind-free/".
Type :help for help.
Type (good-bye) to quit completely out of ACL2.

ACL2 !>
Exiting the ACL2 read-eval-print loop.  To re-enter, execute (LP).
* 
#<PACKAGE "ACL2">
* 
ACL2 Version 3.1.  Level 1.  Cbd 
"/Users/huangjianshi/src/acl2-sources/books/arithmetic-3/bind-free/".
Type :help for help.
Type (good-bye) to quit completely out of ACL2.

ACL2 !> (PROVE PROOF-TREE
        WARNING OBSERVATION EVENT EXPANSION)
ACL2 !>
Summary
Form:  ( INCLUDE-BOOK "../pass1/top" ...)
Rules: NIL
Warnings:  None
Time:  0.06 seconds (prove: 0.00, print: 0.00, other: 0.06)
"/Users/huangjianshi/src/acl2-sources/books/arithmetic-3/pass1/top.lisp"

Summary
Form:  ( INCLUDE-BOOK "building-blocks" ...)
Rules: NIL
Warnings:  None
Time:  0.07 seconds (prove: 0.00, print: 0.00, other: 0.07)
"/Users/huangjianshi/src/acl2-sources/books/arithmetic-3/bind-free/building-blocks.lisp"

Summary
Form:  ( DEFUN COLLECT-+ ...)
Rules: ((:FAKE-RUNE-FOR-TYPE-SET NIL))
Warnings:  None
Time:  0.00 seconds (prove: 0.00, print: 0.00, other: 0.00)
COLLECT-+

Summary
Form:  ( DEFUN COLLECT-* ...)
Rules: ((:FAKE-RUNE-FOR-TYPE-SET NIL))
Warnings:  None
Time:  0.00 seconds (prove: 0.00, print: 0.00, other: 0.00)
COLLECT-*

Summary
Form:  ( DEFUN BUBBLE-DOWN ...)
Rules: NIL
Warnings:  None
Time:  0.00 seconds (prove: 0.00, print: 0.00, other: 0.00)
BUBBLE-DOWN

Summary
Form:  ( DEFUN ADDEND-PATTERN ...)
Rules: ((:DEFINITION ACL2-COUNT)
        (:DEFINITION ATOM)
        (:DEFINITION EQ)
        (:DEFINITION FIX)
        (:DEFINITION INTEGER-ABS)
        (:DEFINITION NOT)
        (:DEFINITION O-FINP)
        (:DEFINITION O<)
        (:DEFINITION PSEUDO-TERM-LISTP)
        (:DEFINITION PSEUDO-TERMP)
        (:DEFINITION RATIONAL-CONSTANT-P)
        (:DEFINITION SYNP)
        (:DEFINITION TRUE-LISTP)
        (:ELIM CAR-CDR-ELIM)
        (:EXECUTABLE-COUNTERPART ACL2-COUNT)
        (:EXECUTABLE-COUNTERPART BINARY-+)
        (:EXECUTABLE-COUNTERPART CAR)
        (:EXECUTABLE-COUNTERPART EQUAL)
        (:EXECUTABLE-COUNTERPART NOT)
        (:EXECUTABLE-COUNTERPART PSEUDO-TERM-LISTP)
        (:EXECUTABLE-COUNTERPART PSEUDO-TERMP)
        (:EXECUTABLE-COUNTERPART SYMBOLP)
        (:FAKE-RUNE-FOR-LINEAR NIL)
        (:FAKE-RUNE-FOR-TYPE-SET NIL)
        (:REWRITE ASSOCIATIVITY-OF-+)
        (:REWRITE CAR-CONS)
        (:REWRITE CDR-CONS)
        (:REWRITE COMMUTATIVITY-2-OF-+)
        (:REWRITE COMMUTATIVITY-OF-+)
        (:REWRITE DEFAULT-CAR)
        (:REWRITE FOLD-CONSTS-IN-+)
        (:REWRITE UNICITY-OF-0)
        (:TYPE-PRESCRIPTION ACL2-COUNT)
        (:TYPE-PRESCRIPTION PSEUDO-TERM-LISTP))
Warnings:  None
Time:  0.04 seconds (prove: 0.03, print: 0.00, other: 0.01)
ADDEND-PATTERN

Summary
Form:  ( DEFUN MATCHING-ADDEND-PATTERNS-P ...)
Rules: ((:FAKE-RUNE-FOR-TYPE-SET NIL))
Warnings:  None
Time:  0.00 seconds (prove: 0.00, print: 0.00, other: 0.00)
MATCHING-ADDEND-PATTERNS-P

Summary
Form:  ( DEFUN MATCHING-ADDEND-P ...)
Rules: ((:TYPE-PRESCRIPTION MATCHING-ADDEND-PATTERNS-P))
Warnings:  None
Time:  0.00 seconds (prove: 0.00, print: 0.00, other: 0.00)
MATCHING-ADDEND-P

Summary
Form:  ( DEFUN FACTOR-PATTERN-EXPONENT2 ...)
Rules: ((:COMPOUND-RECOGNIZER EQLABLEP-RECOG)
        (:DEFINITION EQ)
        (:DEFINITION EQL)
        (:DEFINITION FN-SYMB)
        (:DEFINITION NOT)
        (:DEFINITION PSEUDO-TERM-LISTP)
        (:DEFINITION PSEUDO-TERMP)
        (:DEFINITION RATIONAL-CONSTANT-P)
        (:DEFINITION TRUE-LISTP)
        (:EXECUTABLE-COUNTERPART CAR)
        (:EXECUTABLE-COUNTERPART EQUAL)
        (:EXECUTABLE-COUNTERPART PSEUDO-TERMP)
        (:EXECUTABLE-COUNTERPART SYMBOLP)
        (:FAKE-RUNE-FOR-TYPE-SET NIL)
        (:TYPE-PRESCRIPTION PSEUDO-TERM-LISTP))
Warnings:  None
Time:  0.02 seconds (prove: 0.01, print: 0.00, other: 0.01)
FACTOR-PATTERN-EXPONENT2

Summary
Form:  ( DEFUN FACTOR-PATTERN-EXPONENT1 ...)
Rules: ((:DEFINITION ACL2-COUNT)
        (:DEFINITION EQ)
        (:DEFINITION FIX)
        (:DEFINITION FN-SYMB)
        (:DEFINITION NOT)
        (:DEFINITION O-FINP)
        (:DEFINITION O<)
        (:DEFINITION PSEUDO-TERM-LISTP)
        (:DEFINITION PSEUDO-TERMP)
        (:DEFINITION SYNP)
        (:DEFINITION TRUE-LISTP)
        (:ELIM CAR-CDR-ELIM)
        (:EXECUTABLE-COUNTERPART ACL2-COUNT)
        (:EXECUTABLE-COUNTERPART BINARY-+)
        (:EXECUTABLE-COUNTERPART CAR)
        (:EXECUTABLE-COUNTERPART CDR)
        (:EXECUTABLE-COUNTERPART CONSP)
        (:EXECUTABLE-COUNTERPART EQUAL)
        (:EXECUTABLE-COUNTERPART NOT)
        (:EXECUTABLE-COUNTERPART PSEUDO-TERMP)
        (:EXECUTABLE-COUNTERPART SYMBOLP)
        (:FAKE-RUNE-FOR-LINEAR NIL)
        (:FAKE-RUNE-FOR-TYPE-SET NIL)
        (:FORWARD-CHAINING PSEUDO-TERM-LISTP-FORWARD-TO-TRUE-LISTP)
        (:REWRITE CAR-CONS)
        (:REWRITE CDR-CONS)
        (:REWRITE COMMUTATIVITY-2-OF-+)
        (:REWRITE DEFAULT-CAR)
        (:REWRITE DEFAULT-CDR)
        (:REWRITE FOLD-CONSTS-IN-+)
        (:REWRITE UNICITY-OF-0)
        (:TYPE-PRESCRIPTION ACL2-COUNT)
        (:TYPE-PRESCRIPTION PSEUDO-TERM-LISTP))
Warnings:  None
Time:  0.04 seconds (prove: 0.03, print: 0.00, other: 0.01)
FACTOR-PATTERN-EXPONENT1

Summary
Form:  ( DEFUN FACTOR-PATTERN-EXPONENT ...)
Rules: ((:DEFINITION ACL2-COUNT)
        (:DEFINITION ATOM)
        (:DEFINITION EQ)
        (:DEFINITION FIX)
        (:DEFINITION FN-SYMB)
        (:DEFINITION NOT)
        (:DEFINITION O-FINP)
        (:DEFINITION O<)
        (:DEFINITION PSEUDO-TERM-LISTP)
        (:DEFINITION PSEUDO-TERMP)
        (:DEFINITION RATIONAL-CONSTANT-P)
        (:DEFINITION SYNP)
        (:DEFINITION TRUE-LISTP)
        (:ELIM CAR-CDR-ELIM)
        (:EXECUTABLE-COUNTERPART ACL2-COUNT)
        (:EXECUTABLE-COUNTERPART BINARY-+)
        (:EXECUTABLE-COUNTERPART CAR)
        (:EXECUTABLE-COUNTERPART CONS)
        (:EXECUTABLE-COUNTERPART CONSP)
        (:EXECUTABLE-COUNTERPART EQUAL)
        (:EXECUTABLE-COUNTERPART NOT)
        (:EXECUTABLE-COUNTERPART PSEUDO-TERM-LISTP)
        (:EXECUTABLE-COUNTERPART PSEUDO-TERMP)
        (:EXECUTABLE-COUNTERPART RATIONALP)
        (:EXECUTABLE-COUNTERPART SYMBOLP)
        (:FAKE-RUNE-FOR-LINEAR NIL)
        (:FAKE-RUNE-FOR-TYPE-SET NIL)
        (:FORWARD-CHAINING PSEUDO-TERM-LISTP-FORWARD-TO-TRUE-LISTP)
        (:REWRITE CAR-CONS)
        (:REWRITE CDR-CONS)
        (:REWRITE DEFAULT-CAR)
        (:REWRITE FOLD-CONSTS-IN-+)
        (:REWRITE UNICITY-OF-0)
        (:TYPE-PRESCRIPTION ACL2-COUNT)
        (:TYPE-PRESCRIPTION PSEUDO-TERM-LISTP))
Warnings:  None
Time:  0.07 seconds (prove: 0.05, print: 0.00, other: 0.02)
FACTOR-PATTERN-EXPONENT

Summary
Form:  ( DEFUN FACTOR-PATTERN-GATHER-EXPONENTS ...)
Rules: ((:DEFINITION ABS)
        (:DEFINITION ACL2-COUNT)
        (:DEFINITION ATOM)
        (:DEFINITION EQ)
        (:DEFINITION EQL)
        (:DEFINITION FIX)
        (:DEFINITION NOT)
        (:DEFINITION O-FINP)
        (:DEFINITION O<)
        (:DEFINITION PSEUDO-TERM-LISTP)
        (:DEFINITION PSEUDO-TERMP)
        (:DEFINITION SYNP)
        (:DEFINITION TRUE-LISTP)
        (:ELIM CAR-CDR-ELIM)
        (:EXECUTABLE-COUNTERPART ACL2-COUNT)
        (:EXECUTABLE-COUNTERPART BINARY-+)
        (:EXECUTABLE-COUNTERPART CAR)
        (:EXECUTABLE-COUNTERPART CDR)
        (:EXECUTABLE-COUNTERPART CONSP)
        (:EXECUTABLE-COUNTERPART EQLABLEP)
        (:EXECUTABLE-COUNTERPART EQUAL)
        (:EXECUTABLE-COUNTERPART NOT)
        (:EXECUTABLE-COUNTERPART PSEUDO-TERM-LISTP)
        (:EXECUTABLE-COUNTERPART PSEUDO-TERMP)
        (:EXECUTABLE-COUNTERPART SYMBOLP)
        (:FAKE-RUNE-FOR-LINEAR NIL)
        (:FAKE-RUNE-FOR-TYPE-SET NIL)
        (:FORWARD-CHAINING PSEUDO-TERM-LISTP-FORWARD-TO-TRUE-LISTP)
        (:REWRITE CAR-CONS)
        (:REWRITE CDR-CONS)
        (:REWRITE DEFAULT-CAR)
        (:REWRITE FOLD-CONSTS-IN-+)
        (:REWRITE UNICITY-OF-0)
        (:TYPE-PRESCRIPTION ACL2-COUNT)
        (:TYPE-PRESCRIPTION PSEUDO-TERM-LISTP))
Warnings:  None
Time:  0.07 seconds (prove: 0.04, print: 0.00, other: 0.03)
FACTOR-PATTERN-GATHER-EXPONENTS

Summary
Form:  ( DEFUN MATCHING-FACTOR-GATHER-EXPONENTS-PATTERNS-P ...)
Rules: ((:FAKE-RUNE-FOR-TYPE-SET NIL))
Warnings:  None
Time:  0.01 seconds (prove: 0.00, print: 0.00, other: 0.01)
MATCHING-FACTOR-GATHER-EXPONENTS-PATTERNS-P

Summary
Form:  ( DEFUN MATCHING-FACTOR-GATHER-EXPONENTS-P ...)
Rules: ((:TYPE-PRESCRIPTION MATCHING-FACTOR-GATHER-EXPONENTS-PATTERNS-P))
Warnings:  None
Time:  0.00 seconds (prove: 0.00, print: 0.00, other: 0.00)
MATCHING-FACTOR-GATHER-EXPONENTS-P

Summary
Form:  ( DEFUN FACTOR-PATTERN-SCATTER-EXPONENTS ...)
Rules: ((:DEFINITION ABS)
        (:DEFINITION ACL2-COUNT)
        (:DEFINITION ATOM)
        (:DEFINITION EQ)
        (:DEFINITION EQL)
        (:DEFINITION FIX)
        (:DEFINITION NOT)
        (:DEFINITION O-FINP)
        (:DEFINITION O<)
        (:DEFINITION PSEUDO-TERM-LISTP)
        (:DEFINITION PSEUDO-TERMP)
        (:DEFINITION SYNP)
        (:DEFINITION TRUE-LISTP)
        (:ELIM CAR-CDR-ELIM)
        (:EXECUTABLE-COUNTERPART ACL2-COUNT)
        (:EXECUTABLE-COUNTERPART BINARY-+)
        (:EXECUTABLE-COUNTERPART CAR)
        (:EXECUTABLE-COUNTERPART CDR)
        (:EXECUTABLE-COUNTERPART CONSP)
        (:EXECUTABLE-COUNTERPART EQLABLEP)
        (:EXECUTABLE-COUNTERPART EQUAL)
        (:EXECUTABLE-COUNTERPART NOT)
        (:EXECUTABLE-COUNTERPART PSEUDO-TERM-LISTP)
        (:EXECUTABLE-COUNTERPART PSEUDO-TERMP)
        (:EXECUTABLE-COUNTERPART SYMBOLP)
        (:FAKE-RUNE-FOR-LINEAR NIL)
        (:FAKE-RUNE-FOR-TYPE-SET NIL)
        (:FORWARD-CHAINING PSEUDO-TERM-LISTP-FORWARD-TO-TRUE-LISTP)
        (:REWRITE CAR-CONS)
        (:REWRITE CDR-CONS)
        (:REWRITE DEFAULT-CAR)
        (:REWRITE FOLD-CONSTS-IN-+)
        (:REWRITE UNICITY-OF-0)
        (:TYPE-PRESCRIPTION ACL2-COUNT)
        (:TYPE-PRESCRIPTION PSEUDO-TERM-LISTP))
Warnings:  None
Time:  0.05 seconds (prove: 0.04, print: 0.00, other: 0.02)
FACTOR-PATTERN-SCATTER-EXPONENTS

Summary
Form:  ( DEFUN MATCHING-FACTOR-SCATTER-EXPONENTS-PATTERNS-P ...)
Rules: ((:FAKE-RUNE-FOR-TYPE-SET NIL))
Warnings:  None
Time:  0.00 seconds (prove: 0.00, print: 0.00, other: 0.00)
MATCHING-FACTOR-SCATTER-EXPONENTS-PATTERNS-P

Summary
Form:  ( DEFUN MATCHING-FACTOR-SCATTER-EXPONENTS-P ...)
Rules: ((:TYPE-PRESCRIPTION MATCHING-FACTOR-SCATTER-EXPONENTS-PATTERNS-P))
Warnings:  None
Time:  0.00 seconds (prove: 0.00, print: 0.00, other: 0.00)
MATCHING-FACTOR-SCATTER-EXPONENTS-P

Summary
Form:  ( DEFUN ARITH-FACTOR-PATTERN-GATHER-EXPONENTS ...)
Rules: ((:DEFINITION ABS)
        (:DEFINITION ACL2-COUNT)
        (:DEFINITION ATOM)
        (:DEFINITION EQ)
        (:DEFINITION EQL)
        (:DEFINITION FIX)
        (:DEFINITION NOT)
        (:DEFINITION O-FINP)
        (:DEFINITION O<)
        (:DEFINITION PSEUDO-TERM-LISTP)
        (:DEFINITION PSEUDO-TERMP)
        (:DEFINITION SYNP)
        (:DEFINITION TRUE-LISTP)
        (:ELIM CAR-CDR-ELIM)
        (:EXECUTABLE-COUNTERPART ACL2-COUNT)
        (:EXECUTABLE-COUNTERPART BINARY-+)
        (:EXECUTABLE-COUNTERPART CAR)
        (:EXECUTABLE-COUNTERPART CDR)
        (:EXECUTABLE-COUNTERPART CONSP)
        (:EXECUTABLE-COUNTERPART EQLABLEP)
        (:EXECUTABLE-COUNTERPART EQUAL)
        (:EXECUTABLE-COUNTERPART NOT)
        (:EXECUTABLE-COUNTERPART PSEUDO-TERM-LISTP)
        (:EXECUTABLE-COUNTERPART PSEUDO-TERMP)
        (:EXECUTABLE-COUNTERPART SYMBOLP)
        (:FAKE-RUNE-FOR-LINEAR NIL)
        (:FAKE-RUNE-FOR-TYPE-SET NIL)
        (:FORWARD-CHAINING PSEUDO-TERM-LISTP-FORWARD-TO-TRUE-LISTP)
        (:REWRITE CAR-CONS)
        (:REWRITE CDR-CONS)
        (:REWRITE DEFAULT-CAR)
        (:REWRITE FOLD-CONSTS-IN-+)
        (:REWRITE UNICITY-OF-0)
        (:TYPE-PRESCRIPTION ACL2-COUNT)
        (:TYPE-PRESCRIPTION PSEUDO-TERM-LISTP))
Warnings:  None
Time:  0.05 seconds (prove: 0.04, print: 0.00, other: 0.01)
ARITH-FACTOR-PATTERN-GATHER-EXPONENTS

Summary
Form:  ( DEFUN ARITH-MATCHING-FACTOR-GATHER-EXPONENTS-PATTERNS-P ...)
Rules: ((:FAKE-RUNE-FOR-TYPE-SET NIL))
Warnings:  None
Time:  0.01 seconds (prove: 0.00, print: 0.00, other: 0.01)
ARITH-MATCHING-FACTOR-GATHER-EXPONENTS-PATTERNS-P

Summary
Form:  ( DEFUN ARITH-MATCHING-FACTOR-GATHER-EXPONENTS-P ...)
Rules: ((:TYPE-PRESCRIPTION
             ARITH-MATCHING-FACTOR-GATHER-EXPONENTS-PATTERNS-P))
Warnings:  None
Time:  0.00 seconds (prove: 0.00, print: 0.00, other: 0.00)
ARITH-MATCHING-FACTOR-GATHER-EXPONENTS-P

Summary
Form:  ( DEFUN ARITH-FACTOR-PATTERN-SCATTER-EXPONENTS ...)
Rules: ((:DEFINITION ABS)
        (:DEFINITION ACL2-COUNT)
        (:DEFINITION ATOM)
        (:DEFINITION EQ)
        (:DEFINITION EQL)
        (:DEFINITION FIX)
        (:DEFINITION NOT)
        (:DEFINITION O-FINP)
        (:DEFINITION O<)
        (:DEFINITION PSEUDO-TERM-LISTP)
        (:DEFINITION PSEUDO-TERMP)
        (:DEFINITION SYNP)
        (:DEFINITION TRUE-LISTP)
        (:ELIM CAR-CDR-ELIM)
        (:EXECUTABLE-COUNTERPART ACL2-COUNT)
        (:EXECUTABLE-COUNTERPART BINARY-+)
        (:EXECUTABLE-COUNTERPART CAR)
        (:EXECUTABLE-COUNTERPART CDR)
        (:EXECUTABLE-COUNTERPART CONSP)
        (:EXECUTABLE-COUNTERPART EQLABLEP)
        (:EXECUTABLE-COUNTERPART EQUAL)
        (:EXECUTABLE-COUNTERPART NOT)
        (:EXECUTABLE-COUNTERPART PSEUDO-TERM-LISTP)
        (:EXECUTABLE-COUNTERPART PSEUDO-TERMP)
        (:EXECUTABLE-COUNTERPART SYMBOLP)
        (:FAKE-RUNE-FOR-LINEAR NIL)
        (:FAKE-RUNE-FOR-TYPE-SET NIL)
        (:FORWARD-CHAINING PSEUDO-TERM-LISTP-FORWARD-TO-TRUE-LISTP)
        (:REWRITE CAR-CONS)
        (:REWRITE CDR-CONS)
        (:REWRITE DEFAULT-CAR)
        (:REWRITE FOLD-CONSTS-IN-+)
        (:REWRITE UNICITY-OF-0)
        (:TYPE-PRESCRIPTION ACL2-COUNT)
        (:TYPE-PRESCRIPTION PSEUDO-TERM-LISTP))
Warnings:  None
Time:  0.05 seconds (prove: 0.04, print: 0.00, other: 0.02)
ARITH-FACTOR-PATTERN-SCATTER-EXPONENTS

Summary
Form:  ( DEFUN ARITH-MATCHING-FACTOR-SCATTER-EXPONENTS-PATTERNS-P ...)
Rules: ((:COMPOUND-RECOGNIZER EQLABLEP-RECOG)
        (:EXECUTABLE-COUNTERPART EQUAL)
        (:FAKE-RUNE-FOR-TYPE-SET NIL))
Warnings:  None
Time:  0.01 seconds (prove: 0.00, print: 0.00, other: 0.01)
ARITH-MATCHING-FACTOR-SCATTER-EXPONENTS-PATTERNS-P

Summary
Form:  ( DEFUN ARITH-MATCHING-FACTOR-SCATTER-EXPONENTS-P ...)
Rules: ((:TYPE-PRESCRIPTION
             ARITH-MATCHING-FACTOR-SCATTER-EXPONENTS-PATTERNS-P))
Warnings:  None
Time:  0.00 seconds (prove: 0.00, print: 0.00, other: 0.00)
ARITH-MATCHING-FACTOR-SCATTER-EXPONENTS-P

Summary
Form:  ( INCLUDE-BOOK "common" ...)
Rules: NIL
Warnings:  None
Time:  0.21 seconds (prove: 0.00, print: 0.00, other: 0.21)

"/Users/huangjianshi/src/acl2-sources/books/arithmetic-3/bind-free/common.fasl"


Summary
Form:  (CERTIFY-BOOK "common" ...)
Rules: NIL
Warnings:  None
Time:  0.88 seconds (prove: 0.27, print: 0.00, other: 0.61)
 "/Users/huangjianshi/src/acl2-sources/books/arithmetic-3/bind-free/common.lisp"
ACL2 !>
Exiting the ACL2 read-eval-print loop.  To re-enter, execute (LP).
* 