This is SBCL 1.0.1.34, an implementation of ANSI Common Lisp.
More information about SBCL is available at <http://www.sbcl.org/>.

SBCL is free software, provided as is, with absolutely no warranty.
It is mostly in the public domain; some portions are provided under
BSD-style licenses.  See the CREDITS and COPYING files in the
distribution for more information.

 ACL2 Version 3.1 built January 26, 2007  15:12:42.
 Copyright (C) 2006  University of Texas at Austin
 ACL2 comes with ABSOLUTELY NO WARRANTY.  This is free software and you
 are welcome to redistribute it under certain conditions.  For details,
 see the GNU General Public License.

 Initialized with (INITIALIZE-ACL2 'INCLUDE-BOOK *ACL2-PASS-2-FILES*).
 See the documentation topic note-3-1 for recent changes.
 Note: We have modified the prompt in some underlying Lisps to further
 distinguish it from the ACL2 prompt.

 NOTE!!  Proof trees are disabled in ACL2.  To enable them in emacs,
 look under the ACL2 source directory in interface/emacs/README.doc; 
 and, to turn on proof trees, execute :START-PROOF-TREE in the ACL2 
 command loop.   Look in the ACL2 documentation under PROOF-TREE.

ACL2 Version 3.1.  Level 1.  Cbd 
"/Users/huangjianshi/src/acl2-sources/books/arithmetic-3/bind-free/".
Type :help for help.
Type (good-bye) to quit completely out of ACL2.

ACL2 !>
Exiting the ACL2 read-eval-print loop.  To re-enter, execute (LP).
* 
#<PACKAGE "ACL2">
* 
ACL2 Version 3.1.  Level 1.  Cbd 
"/Users/huangjianshi/src/acl2-sources/books/arithmetic-3/bind-free/".
Type :help for help.
Type (good-bye) to quit completely out of ACL2.

ACL2 !> (PROVE PROOF-TREE
        WARNING OBSERVATION EVENT EXPANSION)
ACL2 !>
Summary
Form:  ( INCLUDE-BOOK "../pass1/top" ...)
Rules: NIL
Warnings:  None
Time:  0.06 seconds (prove: 0.00, print: 0.00, other: 0.06)
"/Users/huangjianshi/src/acl2-sources/books/arithmetic-3/pass1/top.lisp"

Summary
Form:  ( INCLUDE-BOOK "default-hint" ...)
Rules: NIL
Warnings:  None
Time:  0.01 seconds (prove: 0.00, print: 0.00, other: 0.01)
"/Users/huangjianshi/src/acl2-sources/books/arithmetic-3/bind-free/default-hint.lisp"
((NONLINEARP-DEFAULT-HINT STABLE-UNDER-SIMPLIFICATIONP HIST PSPV))

Summary
Form:  ( TABLE ACL2-DEFAULTS-TABLE ...)
Rules: NIL
Warnings:  None
Time:  0.00 seconds (prove: 0.00, print: 0.00, other: 0.00)
ACL2-DEFAULTS-TABLE

Summary
Form:  ( TABLE ACL2-DEFAULTS-TABLE ...)
Rules: NIL
Warnings:  None
Time:  0.00 seconds (prove: 0.00, print: 0.00, other: 0.00)
ACL2-DEFAULTS-TABLE

Summary
Form:  ( DEFUN INTP-+ ...)
Rules: ((:FAKE-RUNE-FOR-TYPE-SET NIL))
Warnings:  None
Time:  0.01 seconds (prove: 0.00, print: 0.00, other: 0.01)
INTP-+

Summary
Form:  ( DEFUN INTP-* ...)
Rules: ((:FAKE-RUNE-FOR-TYPE-SET NIL))
Warnings:  None
Time:  0.00 seconds (prove: 0.00, print: 0.00, other: 0.00)
INTP-*
("theory")

Summary
Form:  ( IN-THEORY *DEFEVALUATOR-FORM-BASE-THEORY*)
Rules: NIL
Warnings:  None
Time:  0.00 seconds (prove: 0.00, print: 0.00, other: 0.00)
40

Summary
Form:  ( MUTUAL-RECURSION ( DEFUN INTP-EVA ...) ...)
Rules: ((:DEFINITION ACL2-COUNT)
        (:DEFINITION ATOM)
        (:DEFINITION EQ)
        (:DEFINITION NOT)
        (:DEFINITION O-FINP)
        (:DEFINITION O<)
        (:ELIM CAR-CDR-ELIM)
        (:FAKE-RUNE-FOR-LINEAR NIL)
        (:FAKE-RUNE-FOR-TYPE-SET NIL)
        (:REWRITE CAR-CONS)
        (:REWRITE CDR-CONS)
        (:TYPE-PRESCRIPTION ACL2-COUNT))
Warnings:  None
Time:  0.14 seconds (prove: 0.10, print: 0.00, other: 0.04)
(INTP-EVA INTP-EVA-LST)

Summary
Form:  ( DEFTHM INTP-EVA-CONSTRAINT-1 ...)
Rules: ((:DEFINITION INTP-EVA)
        (:FAKE-RUNE-FOR-TYPE-SET NIL))
Warnings:  None
Time:  0.00 seconds (prove: 0.00, print: 0.00, other: 0.00)
INTP-EVA-CONSTRAINT-1

Summary
Form:  ( DEFTHM INTP-EVA-CONSTRAINT-2 ...)
Rules: ((:DEFINITION INTP-EVA)
        (:FAKE-RUNE-FOR-TYPE-SET NIL))
Warnings:  None
Time:  0.00 seconds (prove: 0.00, print: 0.00, other: 0.00)
INTP-EVA-CONSTRAINT-2

Summary
Form:  ( DEFTHM INTP-EVA-CONSTRAINT-3 ...)
Rules: ((:DEFINITION INTP-EVA)
        (:FAKE-RUNE-FOR-TYPE-SET NIL))
Warnings:  None
Time:  0.00 seconds (prove: 0.00, print: 0.00, other: 0.00)
INTP-EVA-CONSTRAINT-3

Summary
Form:  ( DEFTHM INTP-EVA-CONSTRAINT-4 ...)
Rules: ((:DEFINITION INTP-EVA-LST)
        (:DEFINITION NOT)
        (:FAKE-RUNE-FOR-TYPE-SET NIL))
Warnings:  None
Time:  0.00 seconds (prove: 0.00, print: 0.00, other: 0.00)
INTP-EVA-CONSTRAINT-4

Summary
Form:  ( DEFTHM INTP-EVA-CONSTRAINT-5 ...)
Rules: ((:DEFINITION INTP-EVA-LST)
        (:FAKE-RUNE-FOR-TYPE-SET NIL))
Warnings:  None
Time:  0.00 seconds (prove: 0.00, print: 0.00, other: 0.00)
INTP-EVA-CONSTRAINT-5

Summary
Form:  ( DEFTHM INTP-EVA-CONSTRAINT-6 ...)
Rules: ((:DEFINITION INTP-EVA)
        (:FAKE-RUNE-FOR-TYPE-SET NIL))
Warnings:  None
Time:  0.01 seconds (prove: 0.01, print: 0.00, other: 0.00)
INTP-EVA-CONSTRAINT-6

Summary
Form:  ( DEFTHM INTP-EVA-CONSTRAINT-7 ...)
Rules: ((:DEFINITION INTP-EVA)
        (:FAKE-RUNE-FOR-TYPE-SET NIL))
Warnings:  None
Time:  0.01 seconds (prove: 0.01, print: 0.00, other: 0.00)
INTP-EVA-CONSTRAINT-7

Summary
Form:  ( DEFTHM INTP-EVA-CONSTRAINT-8 ...)
Rules: ((:DEFINITION INTP-EVA)
        (:FAKE-RUNE-FOR-TYPE-SET NIL))
Warnings:  None
Time:  0.01 seconds (prove: 0.01, print: 0.00, other: 0.00)
INTP-EVA-CONSTRAINT-8

Summary
Form:  ( DEFTHM INTP-EVA-CONSTRAINT-9 ...)
Rules: ((:DEFINITION INTP-EVA)
        (:FAKE-RUNE-FOR-TYPE-SET NIL))
Warnings:  None
Time:  0.01 seconds (prove: 0.01, print: 0.00, other: 0.00)
INTP-EVA-CONSTRAINT-9

Summary
Form:  ( DEFTHM INTP-EVA-CONSTRAINT-10 ...)
Rules: ((:DEFINITION INTP-EVA)
        (:FAKE-RUNE-FOR-TYPE-SET NIL))
Warnings:  None
Time:  0.00 seconds (prove: 0.00, print: 0.00, other: 0.00)
INTP-EVA-CONSTRAINT-10

Summary
Form:  ( DEFTHM INTP-EVA-CONSTRAINT-11 ...)
Rules: ((:DEFINITION INTP-EVA)
        (:FAKE-RUNE-FOR-TYPE-SET NIL))
Warnings:  None
Time:  0.00 seconds (prove: 0.00, print: 0.00, other: 0.00)
INTP-EVA-CONSTRAINT-11

Summary
Form:  ( DEFTHM INTP-EVA-CONSTRAINT-12 ...)
Rules: ((:DEFINITION INTP-EVA)
        (:FAKE-RUNE-FOR-TYPE-SET NIL))
Warnings:  None
Time:  0.01 seconds (prove: 0.01, print: 0.00, other: 0.00)
INTP-EVA-CONSTRAINT-12

Summary
Form:  ( DEFTHM INTP-EVA-CONSTRAINT-13 ...)
Rules: ((:DEFINITION INTP-EVA)
        (:FAKE-RUNE-FOR-TYPE-SET NIL))
Warnings:  None
Time:  0.01 seconds (prove: 0.01, print: 0.00, other: 0.00)
INTP-EVA-CONSTRAINT-13

Summary
Form:  ( DEFTHM INTP-EVA-CONSTRAINT-14 ...)
Rules: ((:DEFINITION INTP-EVA)
        (:FAKE-RUNE-FOR-TYPE-SET NIL))
Warnings:  None
Time:  0.00 seconds (prove: 0.00, print: 0.00, other: 0.00)
INTP-EVA-CONSTRAINT-14

Summary
Form:  ( TABLE ACL2-DEFAULTS-TABLE ...)
Rules: NIL
Warnings:  None
Time:  0.00 seconds (prove: 0.00, print: 0.00, other: 0.00)
ACL2-DEFAULTS-TABLE

Summary
Form:  ( ENCAPSULATE (((INTP-EVA * ...) ...) ...) ...)
Rules: NIL
Warnings:  None
Time:  0.21 seconds (prove: 0.16, print: 0.00, other: 0.05)
T

Summary
Form:  ( DEFTHM INTP-1 ...)
Rules: ((:DEFINITION INTP-*)
        (:FAKE-RUNE-FOR-TYPE-SET NIL))
Warnings:  None
Time:  0.00 seconds (prove: 0.00, print: 0.00, other: 0.00)
INTP-1

Summary
Form:  ( DEFTHM INTP-2 ...)
Rules: ((:DEFINITION INTP-+)
        (:FAKE-RUNE-FOR-TYPE-SET NIL))
Warnings:  None
Time:  0.00 seconds (prove: 0.00, print: 0.00, other: 0.00)
INTP-2

Summary
Form:  ( DEFTHM NINTP-1 ...)
Rules: ((:DEFINITION INTP-+)
        (:DEFINITION NOT)
        (:FAKE-RUNE-FOR-TYPE-SET NIL))
Warnings:  None
Time:  0.00 seconds (prove: 0.00, print: 0.00, other: 0.00)
NINTP-1

Summary
Form:  ( DEFTHM NINTP-2 ...)
Rules: ((:DEFINITION INTP-+)
        (:DEFINITION NOT)
        (:FAKE-RUNE-FOR-TYPE-SET NIL))
Warnings:  None
Time:  0.00 seconds (prove: 0.00, print: 0.00, other: 0.00)
NINTP-2

Summary
Form:  ( DEFUN LEAVES ...)
Rules: ((:DEFINITION ACL2-COUNT)
        (:DEFINITION ATOM)
        (:DEFINITION EQ)
        (:DEFINITION FIX)
        (:DEFINITION FN-SYMB)
        (:DEFINITION NOT)
        (:DEFINITION O-FINP)
        (:DEFINITION O<)
        (:DEFINITION SYNP)
        (:ELIM CAR-CDR-ELIM)
        (:EXECUTABLE-COUNTERPART ACL2-COUNT)
        (:EXECUTABLE-COUNTERPART BINARY-+)
        (:EXECUTABLE-COUNTERPART CAR)
        (:EXECUTABLE-COUNTERPART CONSP)
        (:EXECUTABLE-COUNTERPART EQUAL)
        (:EXECUTABLE-COUNTERPART NOT)
        (:EXECUTABLE-COUNTERPART SYMBOLP)
        (:FAKE-RUNE-FOR-LINEAR NIL)
        (:FAKE-RUNE-FOR-TYPE-SET NIL)
        (:REWRITE CAR-CONS)
        (:REWRITE CDR-CONS)
        (:REWRITE COMMUTATIVITY-2-OF-+)
        (:REWRITE COMMUTATIVITY-OF-+)
        (:REWRITE DEFAULT-CAR)
        (:REWRITE DEFAULT-CDR)
        (:REWRITE FOLD-CONSTS-IN-+)
        (:REWRITE UNICITY-OF-0)
        (:TYPE-PRESCRIPTION ACL2-COUNT))
Warnings:  None
Time:  0.09 seconds (prove: 0.08, print: 0.00, other: 0.01)
LEAVES

Summary
Form:  ( DEFUN TREE ...)
Rules: ((:FAKE-RUNE-FOR-TYPE-SET NIL))
Warnings:  None
Time:  0.01 seconds (prove: 0.00, print: 0.00, other: 0.01)
TREE

Summary
Form:  ( DEFUN BIG-TREE ...)
Rules: ((:FAKE-RUNE-FOR-TYPE-SET NIL)
        (:TYPE-PRESCRIPTION TREE))
Warnings:  None
Time:  0.01 seconds (prove: 0.00, print: 0.00, other: 0.01)
BIG-TREE

Summary
Form:  ( DEFUN BAG-LEAVES ...)
Rules: ((:FAKE-RUNE-FOR-TYPE-SET NIL))
Warnings:  None
Time:  0.03 seconds (prove: 0.00, print: 0.00, other: 0.03)
BAG-LEAVES

Summary
Form:  ( DEFUN BAG-TERMS ...)
Rules: ((:FAKE-RUNE-FOR-TYPE-SET NIL))
Warnings:  None
Time:  0.04 seconds (prove: 0.00, print: 0.00, other: 0.04)
BAG-TERMS

Summary
Form:  ( DEFUN SUBTRACT-LEAF ...)
Rules: ((:FAKE-RUNE-FOR-TYPE-SET NIL))
Warnings:  None
Time:  0.01 seconds (prove: 0.00, print: 0.00, other: 0.01)
SUBTRACT-LEAF

Summary
Form:  ( DEFUN SUBTRACT-BAG ...)
Rules: ((:FAKE-RUNE-FOR-TYPE-SET NIL)
        (:TYPE-PRESCRIPTION SUBTRACT-LEAF))
Warnings:  None
Time:  0.01 seconds (prove: 0.00, print: 0.00, other: 0.01)
SUBTRACT-BAG

Summary
Form:  ( DEFUN COLLECT-BAGS-INTP ...)
Rules: ((:FAKE-RUNE-FOR-TYPE-SET NIL))
Warnings:  None
Time:  0.01 seconds (prove: 0.00, print: 0.00, other: 0.01)
COLLECT-BAGS-INTP

Summary
Form:  ( DEFUN COLLECT-BAGS-NON-INTP ...)
Rules: ((:FAKE-RUNE-FOR-TYPE-SET NIL))
Warnings:  None
Time:  0.01 seconds (prove: 0.00, print: 0.00, other: 0.01)
COLLECT-BAGS-NON-INTP

Summary
Form:  ( DEFUN COLLECT-BAGS ...)
Rules: ((:FAKE-RUNE-FOR-TYPE-SET NIL)
        (:TYPE-PRESCRIPTION COLLECT-BAGS-INTP))
Warnings:  None
Time:  0.01 seconds (prove: 0.00, print: 0.00, other: 0.01)
COLLECT-BAGS

Summary
Form:  ( DEFUN META-INTEGERP ...)
Rules: ((:FAKE-RUNE-FOR-TYPE-SET NIL))
Warnings:  None
Time:  0.01 seconds (prove: 0.00, print: 0.00, other: 0.01)
META-INTEGERP

Summary
Form:  ( DEFTHM NIQ-BOUNDS ...)
Rules: ((:DEFINITION =)
        (:DEFINITION IFIX)
        (:DEFINITION NFIX)
        (:DEFINITION NONNEGATIVE-INTEGER-QUOTIENT)
        (:DEFINITION NOT)
        (:DEFINITION SYNP)
        (:EXECUTABLE-COUNTERPART BINARY-*)
        (:EXECUTABLE-COUNTERPART BINARY-+)
        (:EXECUTABLE-COUNTERPART IFF)
        (:EXECUTABLE-COUNTERPART NOT)
        (:EXECUTABLE-COUNTERPART UNARY--)
        (:FAKE-RUNE-FOR-LINEAR NIL)
        (:FAKE-RUNE-FOR-TYPE-SET NIL)
        (:INDUCTION NONNEGATIVE-INTEGER-QUOTIENT)
        (:REWRITE /-PRESERVES-POSITIVE)
        (:REWRITE <-*-0)
        (:REWRITE <-+-NEGATIVE-0-1)
        (:REWRITE <-+-NEGATIVE-0-2)
        (:REWRITE ARITH-FIX-REVEALED)
        (:REWRITE ARITH-FUNCTIONAL-COMMUTATIVITY-OF-MINUS-*-LEFT)
        (:REWRITE ARITH-INVERSE-OF-*-1)
        (:REWRITE ARITH-UNICITY-OF-1)
        (:REWRITE COMMUTATIVITY-OF-*)
        (:REWRITE COMMUTATIVITY-OF-+)
        (:REWRITE DISTRIBUTIVITY)
        (:REWRITE FOLD-CONSTS-IN-+)
        (:REWRITE FUNCTIONAL-COMMUTATIVITY-OF-MINUS-*-RIGHT)
        (:REWRITE INVERSE-OF-*)
        (:TYPE-PRESCRIPTION NONNEGATIVE-INTEGER-QUOTIENT))
Warnings:  None
Time:  0.02 seconds (prove: 0.02, print: 0.00, other: 0.00)
NIQ-BOUNDS

Summary
Form:  ( DEFTHM FLOOR-BOUNDS-1 ...)
Rules: ((:DEFINITION FLOOR)
        (:DEFINITION NOT)
        (:DEFINITION SYNP)
        (:EXECUTABLE-COUNTERPART NOT)
        (:FAKE-RUNE-FOR-LINEAR NIL)
        (:FAKE-RUNE-FOR-TYPE-SET NIL)
        (:LINEAR NIQ-BOUNDS)
        (:REWRITE <-*-LEFT-CANCEL)
        (:REWRITE COMMUTATIVITY-OF-*)
        (:REWRITE COMMUTATIVITY-OF-+)
        (:REWRITE EQUAL-DENOMINATOR-1)
        (:REWRITE FUNCTIONAL-COMMUTATIVITY-OF-MINUS-*-LEFT)
        (:REWRITE NUMERATOR-WHEN-INTEGERP)
        (:REWRITE RATIONAL-IMPLIES2)
        (:TYPE-PRESCRIPTION NONNEGATIVE-INTEGER-QUOTIENT))
Warnings:  None
Time:  0.01 seconds (prove: 0.01, print: 0.00, other: 0.00)
FLOOR-BOUNDS-1

Summary
Form:  ( DEFTHM FLOOR-BOUNDS-2 ...)
Rules: ((:DEFINITION FLOOR)
        (:EXECUTABLE-COUNTERPART EQUAL)
        (:FAKE-RUNE-FOR-TYPE-SET NIL)
        (:REWRITE INTEGERP==>DENOMINATOR=1)
        (:REWRITE NUMERATOR-WHEN-INTEGERP))
Warnings:  None
Time:  0.00 seconds (prove: 0.00, print: 0.00, other: 0.00)
FLOOR-BOUNDS-2

Summary
Form:  ( DEFTHM FLOOR-BOUNDS-3 ...)
Rules: ((:DEFINITION FLOOR)
        (:DEFINITION NOT)
        (:DEFINITION SYNP)
        (:EXECUTABLE-COUNTERPART NOT)
        (:FAKE-RUNE-FOR-LINEAR NIL)
        (:FAKE-RUNE-FOR-TYPE-SET NIL)
        (:LINEAR NIQ-BOUNDS)
        (:REWRITE COMMUTATIVITY-OF-*)
        (:REWRITE COMMUTATIVITY-OF-+)
        (:REWRITE EQUAL-DENOMINATOR-1)
        (:REWRITE FUNCTIONAL-COMMUTATIVITY-OF-MINUS-*-LEFT)
        (:REWRITE RATIONAL-IMPLIES2)
        (:TYPE-PRESCRIPTION NONNEGATIVE-INTEGER-QUOTIENT))
Warnings:  None
Time:  0.00 seconds (prove: 0.00, print: 0.00, other: 0.00)
FLOOR-BOUNDS-3

Summary
Form:  ( IN-THEORY (DISABLE ...))
Rules: NIL
Warnings:  None
Time:  0.00 seconds (prove: 0.00, print: 0.00, other: 0.00)
1956

Summary
Form:  ( DEFUN IND-HINT ...)
Rules: ((:COMPOUND-RECOGNIZER NATP-COMPOUND-RECOGNIZER)
        (:COMPOUND-RECOGNIZER ZIP-COMPOUND-RECOGNIZER)
        (:DEFINITION ABS)
        (:DEFINITION IFIX)
        (:DEFINITION NOT)
        (:DEFINITION O-FINP)
        (:DEFINITION O-P)
        (:DEFINITION O<)
        (:EXECUTABLE-COUNTERPART ABS)
        (:EXECUTABLE-COUNTERPART O-P)
        (:EXECUTABLE-COUNTERPART UNARY-/)
        (:FAKE-RUNE-FOR-LINEAR NIL)
        (:FAKE-RUNE-FOR-TYPE-SET NIL)
        (:LINEAR FLOOR-BOUNDS-1)
        (:REWRITE <-MINUS-MINUS)
        (:REWRITE COMMUTATIVITY-OF-*)
        (:REWRITE COMMUTATIVITY-OF-+)
        (:TYPE-PRESCRIPTION FLOOR))
Warnings:  None
Time:  0.02 seconds (prove: 0.00, print: 0.00, other: 0.01)
IND-HINT

Summary
Form:  ( DEFTHM ONE ...)
Rules: ((:COMPOUND-RECOGNIZER ZIP-COMPOUND-RECOGNIZER)
        (:DEFINITION EXPT)
        (:DEFINITION FIX)
        (:DEFINITION NOT)
        (:DEFINITION SYNP)
        (:EXECUTABLE-COUNTERPART <)
        (:EXECUTABLE-COUNTERPART =)
        (:EXECUTABLE-COUNTERPART BINARY-*)
        (:EXECUTABLE-COUNTERPART BINARY-+)
        (:EXECUTABLE-COUNTERPART EQUAL)
        (:EXECUTABLE-COUNTERPART EXPT)
        (:EXECUTABLE-COUNTERPART FIX)
        (:EXECUTABLE-COUNTERPART INTEGERP)
        (:EXECUTABLE-COUNTERPART NOT)
        (:EXECUTABLE-COUNTERPART UNARY--)
        (:EXECUTABLE-COUNTERPART UNARY-/)
        (:EXECUTABLE-COUNTERPART ZIP)
        (:FAKE-RUNE-FOR-LINEAR NIL)
        (:FAKE-RUNE-FOR-TYPE-SET NIL)
        (:INDUCTION EXPT)
        (:LINEAR EXPT->-1-1)
        (:LINEAR EXPT-IS-WEAKLY-INCREASING-FOR-BASE>1)
        (:LINEAR FLOOR-BOUNDS-1)
        (:REWRITE <-0-+-NEGATIVE-2)
        (:REWRITE COMMUTATIVITY-OF-*)
        (:REWRITE COMMUTATIVITY-OF-+)
        (:REWRITE FOLD-CONSTS-IN-*)
        (:REWRITE UNICITY-OF-1)
        (:TYPE-PRESCRIPTION EXPT-TYPE-PRESCRIPTION-INTEGERP)
        (:TYPE-PRESCRIPTION EXPT-TYPE-PRESCRIPTION-NONZERO)
        (:TYPE-PRESCRIPTION EXPT-TYPE-PRESCRIPTION-POSITIVE-1)
        (:TYPE-PRESCRIPTION EXPT-TYPE-PRESCRIPTION-POSITIVE-2)
        (:TYPE-PRESCRIPTION EXPT-TYPE-PRESCRIPTION-RATIONALP)
        (:TYPE-PRESCRIPTION FLOOR))
Warnings:  None
Time:  0.03 seconds (prove: 0.03, print: 0.00, other: 0.00)
ONE

Summary
Form:  ( DEFTHM TWO-X ...)
Rules: ((:DEFINITION NOT)
        (:FAKE-RUNE-FOR-LINEAR NIL))
Warnings:  None
Time:  0.00 seconds (prove: 0.00, print: 0.00, other: 0.00)
TWO-X

Summary
Form:  ( DEFTHM TWO-Y ...)
Rules: ((:DEFINITION NOT)
        (:FAKE-RUNE-FOR-LINEAR NIL))
Warnings:  None
Time:  0.00 seconds (prove: 0.00, print: 0.00, other: 0.00)
TWO-Y

Summary
Form:  ( DEFTHM FOO ...)
Rules: ((:COMPOUND-RECOGNIZER ZIP-COMPOUND-RECOGNIZER)
        (:DEFINITION EXPT)
        (:DEFINITION FIX)
        (:DEFINITION NOT)
        (:DEFINITION SYNP)
        (:EXECUTABLE-COUNTERPART <)
        (:EXECUTABLE-COUNTERPART =)
        (:EXECUTABLE-COUNTERPART BINARY-*)
        (:EXECUTABLE-COUNTERPART BINARY-+)
        (:EXECUTABLE-COUNTERPART EQUAL)
        (:EXECUTABLE-COUNTERPART EXPT)
        (:EXECUTABLE-COUNTERPART FIX)
        (:EXECUTABLE-COUNTERPART INTEGERP)
        (:EXECUTABLE-COUNTERPART NOT)
        (:EXECUTABLE-COUNTERPART ZIP)
        (:FAKE-RUNE-FOR-LINEAR NIL)
        (:FAKE-RUNE-FOR-TYPE-SET NIL)
        (:INDUCTION EXPT)
        (:LINEAR EXPT->-1-1)
        (:LINEAR EXPT-IS-WEAKLY-INCREASING-FOR-BASE>1)
        (:REWRITE FOLD-CONSTS-IN-*)
        (:REWRITE UNICITY-OF-1)
        (:TYPE-PRESCRIPTION EXPT-TYPE-PRESCRIPTION-INTEGERP)
        (:TYPE-PRESCRIPTION EXPT-TYPE-PRESCRIPTION-NONZERO)
        (:TYPE-PRESCRIPTION EXPT-TYPE-PRESCRIPTION-POSITIVE-1)
        (:TYPE-PRESCRIPTION EXPT-TYPE-PRESCRIPTION-POSITIVE-2)
        (:TYPE-PRESCRIPTION EXPT-TYPE-PRESCRIPTION-RATIONALP))
Warnings:  None
Time:  0.03 seconds (prove: 0.03, print: 0.00, other: 0.00)
FOO

Summary
Form:  ( DEFTHM LOGAND-BOUNDS ...)
Rules: ((:COMPOUND-RECOGNIZER ZIP-COMPOUND-RECOGNIZER)
        (:COMPOUND-RECOGNIZER ZP-COMPOUND-RECOGNIZER)
        (:DEFINITION BINARY-LOGAND)
        (:DEFINITION EVENP)
        (:DEFINITION FIX)
        (:DEFINITION NOT)
        (:EXECUTABLE-COUNTERPART <)
        (:EXECUTABLE-COUNTERPART BINARY-*)
        (:EXECUTABLE-COUNTERPART BINARY-+)
        (:EXECUTABLE-COUNTERPART BINARY-LOGAND)
        (:EXECUTABLE-COUNTERPART EQUAL)
        (:EXECUTABLE-COUNTERPART EXPT)
        (:EXECUTABLE-COUNTERPART FLOOR)
        (:EXECUTABLE-COUNTERPART INTEGERP)
        (:EXECUTABLE-COUNTERPART NOT)
        (:EXECUTABLE-COUNTERPART UNARY--)
        (:EXECUTABLE-COUNTERPART UNARY-/)
        (:EXECUTABLE-COUNTERPART ZIP)
        (:FAKE-RUNE-FOR-LINEAR NIL)
        (:FAKE-RUNE-FOR-TYPE-SET NIL)
        (:INDUCTION IND-HINT)
        (:LINEAR FLOOR-BOUNDS-1)
        (:LINEAR FLOOR-BOUNDS-2)
        (:LINEAR FLOOR-BOUNDS-3)
        (:REWRITE <-0-MINUS)
        (:REWRITE <-MINUS-MINUS)
        (:REWRITE COMMUTATIVITY-OF-*)
        (:REWRITE COMMUTATIVITY-OF-+)
        (:REWRITE EXPONENTS-ADD-2)
        (:REWRITE FOO)
        (:REWRITE ONE)
        (:REWRITE UNICITY-OF-0)
        (:TYPE-PRESCRIPTION BINARY-LOGAND)
        (:TYPE-PRESCRIPTION EXPT-TYPE-PRESCRIPTION-INTEGERP)
        (:TYPE-PRESCRIPTION EXPT-TYPE-PRESCRIPTION-NONZERO)
        (:TYPE-PRESCRIPTION EXPT-TYPE-PRESCRIPTION-POSITIVE-1)
        (:TYPE-PRESCRIPTION EXPT-TYPE-PRESCRIPTION-POSITIVE-2)
        (:TYPE-PRESCRIPTION EXPT-TYPE-PRESCRIPTION-RATIONALP)
        (:TYPE-PRESCRIPTION FLOOR)
        (:TYPE-PRESCRIPTION ZIP))
Warnings:  None
Time:  0.22 seconds (prove: 0.22, print: 0.00, other: 0.00)
LOGAND-BOUNDS

Summary
Form:  ( DEFTHM LOGAND-THM ...)
Rules: ((:DEFINITION NOT)
        (:EXECUTABLE-COUNTERPART EXPT)
        (:EXECUTABLE-COUNTERPART NOT)
        (:EXECUTABLE-COUNTERPART UNARY--)
        (:FAKE-RUNE-FOR-LINEAR NIL)
        (:FAKE-RUNE-FOR-TYPE-SET NIL)
        (:TYPE-PRESCRIPTION BINARY-LOGAND))
Warnings:  None
Time:  0.00 seconds (prove: 0.00, print: 0.00, other: 0.00)
LOGAND-THM

Summary
Form:  ( ENCAPSULATE NIL (LOCAL ...) ...)
Rules: NIL
Warnings:  None
Time:  0.34 seconds (prove: 0.32, print: 0.00, other: 0.02)
T

Summary
Form:  ( VERIFY-GUARDS INTP-+)
Rules: NIL
Warnings:  None
Time:  0.00 seconds (prove: 0.00, print: 0.00, other: 0.00)
INTP-+

Summary
Form:  ( VERIFY-GUARDS INTP-*)
Rules: NIL
Warnings:  None
Time:  0.00 seconds (prove: 0.00, print: 0.00, other: 0.00)
INTP-*

Summary
Form:  ( VERIFY-GUARDS LEAVES)
Rules: ((:DEFINITION ATOM)
        (:DEFINITION EQ)
        (:DEFINITION FN-SYMB)
        (:DEFINITION NOT)
        (:DEFINITION PSEUDO-TERM-LISTP)
        (:DEFINITION PSEUDO-TERMP)
        (:DEFINITION TRUE-LISTP)
        (:ELIM CAR-CDR-ELIM)
        (:EXECUTABLE-COUNTERPART CAR)
        (:EXECUTABLE-COUNTERPART CDR)
        (:EXECUTABLE-COUNTERPART CONS)
        (:EXECUTABLE-COUNTERPART EQUAL)
        (:EXECUTABLE-COUNTERPART FN-SYMB)
        (:EXECUTABLE-COUNTERPART NOT)
        (:EXECUTABLE-COUNTERPART PSEUDO-TERM-LISTP)
        (:EXECUTABLE-COUNTERPART PSEUDO-TERMP)
        (:EXECUTABLE-COUNTERPART SYMBOLP)
        (:FAKE-RUNE-FOR-TYPE-SET NIL)
        (:FORWARD-CHAINING PSEUDO-TERM-LISTP-FORWARD-TO-TRUE-LISTP)
        (:REWRITE CAR-CONS)
        (:REWRITE CDR-CONS)
        (:TYPE-PRESCRIPTION PSEUDO-TERM-LISTP))
Warnings:  None
Time:  0.03 seconds (prove: 0.03, print: 0.00, other: 0.00)
LEAVES

Summary
Form:  ( DEFTHM PSEUDO-TERM-LISTP-LEAVES ...)
Rules: ((:DEFINITION ATOM)
        (:DEFINITION EQ)
        (:DEFINITION FN-SYMB)
        (:DEFINITION LEAVES)
        (:DEFINITION NOT)
        (:DEFINITION PSEUDO-TERM-LISTP)
        (:DEFINITION PSEUDO-TERMP)
        (:DEFINITION TRUE-LISTP)
        (:ELIM CAR-CDR-ELIM)
        (:EXECUTABLE-COUNTERPART CAR)
        (:EXECUTABLE-COUNTERPART EQUAL)
        (:EXECUTABLE-COUNTERPART NOT)
        (:EXECUTABLE-COUNTERPART PSEUDO-TERM-LISTP)
        (:EXECUTABLE-COUNTERPART PSEUDO-TERMP)
        (:EXECUTABLE-COUNTERPART SYMBOLP)
        (:FAKE-RUNE-FOR-TYPE-SET NIL)
        (:FORWARD-CHAINING PSEUDO-TERM-LISTP-FORWARD-TO-TRUE-LISTP)
        (:INDUCTION LEAVES)
        (:REWRITE CAR-CONS)
        (:REWRITE CDR-CONS)
        (:TYPE-PRESCRIPTION LEAVES)
        (:TYPE-PRESCRIPTION PSEUDO-TERM-LISTP)
        (:TYPE-PRESCRIPTION PSEUDO-TERMP))
Warnings:  None
Time:  0.18 seconds (prove: 0.18, print: 0.00, other: 0.00)
PSEUDO-TERM-LISTP-LEAVES

Summary
Form:  ( VERIFY-GUARDS TREE)
Rules: ((:DEFINITION ENDP)
        (:DEFINITION NOT)
        (:DEFINITION PSEUDO-TERM-LISTP)
        (:FAKE-RUNE-FOR-TYPE-SET NIL)
        (:FORWARD-CHAINING PSEUDO-TERM-LISTP-FORWARD-TO-TRUE-LISTP)
        (:TYPE-PRESCRIPTION PSEUDO-TERM-LISTP))
Warnings:  None
Time:  0.00 seconds (prove: 0.00, print: 0.00, other: 0.00)
TREE

Summary
Form:  ( VERIFY-GUARDS BIG-TREE)
Rules: ((:DEFINITION ENDP)
        (:DEFINITION NOT)
        (:DEFINITION PSEUDO-TERM-LIST-LISTP)
        (:FAKE-RUNE-FOR-TYPE-SET NIL))
Warnings:  None
Time:  0.00 seconds (prove: 0.00, print: 0.00, other: 0.00)
BIG-TREE

Summary
Form:  ( VERIFY-GUARDS BAG-LEAVES)
Rules: ((:DEFINITION ENDP)
        (:DEFINITION NOT)
        (:DEFINITION PSEUDO-TERM-LIST-LISTP)
        (:DEFINITION PSEUDO-TERM-LISTP)
        (:EXECUTABLE-COUNTERPART PSEUDO-TERM-LISTP)
        (:FAKE-RUNE-FOR-TYPE-SET NIL)
        (:FORWARD-CHAINING PSEUDO-TERM-LISTP-FORWARD-TO-TRUE-LISTP)
        (:REWRITE CAR-CONS)
        (:REWRITE CDR-CONS)
        (:TYPE-PRESCRIPTION PSEUDO-TERM-LIST-LISTP)
        (:TYPE-PRESCRIPTION PSEUDO-TERM-LISTP)
        (:TYPE-PRESCRIPTION PSEUDO-TERMP))
Warnings:  None
Time:  0.01 seconds (prove: 0.01, print: 0.00, other: 0.00)
BAG-LEAVES

Summary
Form:  ( DEFTHM PSEUDO-TERM-LIST-LISTP-BAG-LEAVES ...)
Rules: ((:DEFINITION BAG-LEAVES)
        (:DEFINITION ENDP)
        (:DEFINITION MV-NTH)
        (:DEFINITION NOT)
        (:DEFINITION PSEUDO-TERM-LIST-LISTP)
        (:DEFINITION PSEUDO-TERM-LISTP)
        (:EXECUTABLE-COUNTERPART BINARY-+)
        (:EXECUTABLE-COUNTERPART CONSP)
        (:EXECUTABLE-COUNTERPART EQUAL)
        (:EXECUTABLE-COUNTERPART PSEUDO-TERM-LISTP)
        (:EXECUTABLE-COUNTERPART ZP)
        (:FAKE-RUNE-FOR-TYPE-SET NIL)
        (:INDUCTION BAG-LEAVES)
        (:REWRITE CAR-CONS)
        (:REWRITE CDR-CONS)
        (:TYPE-PRESCRIPTION PSEUDO-TERM-LIST-LISTP)
        (:TYPE-PRESCRIPTION PSEUDO-TERM-LISTP)
        (:TYPE-PRESCRIPTION PSEUDO-TERMP))
Warnings:  None
Time:  0.02 seconds (prove: 0.02, print: 0.00, other: 0.00)
PSEUDO-TERM-LIST-LISTP-BAG-LEAVES

Summary
Form:  ( VERIFY-GUARDS BAG-TERMS)
Rules: ((:DEFINITION =)
        (:DEFINITION ATOM)
        (:DEFINITION ENDP)
        (:DEFINITION NOT)
        (:DEFINITION PSEUDO-TERM-LIST-LISTP)
        (:DEFINITION TYPE-ALIST-ENTRYP)
        (:DEFINITION TYPE-ALISTP)
        (:ELIM CAR-CDR-ELIM)
        (:EXECUTABLE-COUNTERPART <)
        (:EXECUTABLE-COUNTERPART INTEGERP)
        (:EXECUTABLE-COUNTERPART NOT)
        (:FAKE-RUNE-FOR-TYPE-SET NIL)
        (:REWRITE CAR-CONS)
        (:REWRITE CDR-CONS)
        (:REWRITE LOGAND-THM)
        (:REWRITE PSEUDO-TERM-LISTP-LEAVES)
        (:TYPE-PRESCRIPTION BINARY-LOGAND)
        (:TYPE-PRESCRIPTION PSEUDO-TERM-LIST-LISTP)
        (:TYPE-PRESCRIPTION PSEUDO-TERM-LISTP)
        (:TYPE-PRESCRIPTION PSEUDO-TERMP))
Warnings:  None
Time:  0.25 seconds (prove: 0.23, print: 0.00, other: 0.02)
BAG-TERMS

Summary
Form:  ( DEFTHM PSEUDO-TERM-LIST-LISTP-BAG-TERMS ...)
Rules: ((:DEFINITION =)
        (:DEFINITION ATOM)
        (:DEFINITION BAG-TERMS)
        (:DEFINITION ENDP)
        (:DEFINITION MV-NTH)
        (:DEFINITION NOT)
        (:DEFINITION PSEUDO-TERM-LIST-LISTP)
        (:DEFINITION PSEUDO-TERMP)
        (:DEFINITION TYPE-ALIST-ENTRYP)
        (:DEFINITION TYPE-ALISTP)
        (:EXECUTABLE-COUNTERPART BINARY-+)
        (:EXECUTABLE-COUNTERPART CONSP)
        (:EXECUTABLE-COUNTERPART EQUAL)
        (:EXECUTABLE-COUNTERPART NOT)
        (:EXECUTABLE-COUNTERPART ZP)
        (:FAKE-RUNE-FOR-TYPE-SET NIL)
        (:INDUCTION BAG-TERMS)
        (:INDUCTION TYPE-ALISTP)
        (:REWRITE CAR-CONS)
        (:REWRITE CDR-CONS)
        (:REWRITE PSEUDO-TERM-LISTP-LEAVES)
        (:TYPE-PRESCRIPTION BINARY-LOGAND)
        (:TYPE-PRESCRIPTION PSEUDO-TERM-LIST-LISTP)
        (:TYPE-PRESCRIPTION PSEUDO-TERM-LISTP)
        (:TYPE-PRESCRIPTION PSEUDO-TERMP))
Warnings:  None
Time:  0.67 seconds (prove: 0.67, print: 0.00, other: 0.00)
PSEUDO-TERM-LIST-LISTP-BAG-TERMS

Summary
Form:  ( VERIFY-GUARDS SUBTRACT-LEAF)
Rules: ((:EXECUTABLE-COUNTERPART CONS)
        (:FAKE-RUNE-FOR-TYPE-SET NIL)
        (:TYPE-PRESCRIPTION SUBTRACT-LEAF))
Warnings:  None
Time:  0.00 seconds (prove: 0.00, print: 0.00, other: 0.00)
SUBTRACT-LEAF

Summary
Form:  ( DEFTHM TRUE-LISTP-SUBTRACT-LEAF ...)
Rules: ((:DEFINITION ENDP)
        (:DEFINITION MV-NTH)
        (:DEFINITION NOT)
        (:DEFINITION SUBTRACT-LEAF)
        (:DEFINITION TRUE-LISTP)
        (:EXECUTABLE-COUNTERPART BINARY-+)
        (:EXECUTABLE-COUNTERPART CONSP)
        (:EXECUTABLE-COUNTERPART MV-NTH)
        (:EXECUTABLE-COUNTERPART TRUE-LISTP)
        (:EXECUTABLE-COUNTERPART ZP)
        (:FAKE-RUNE-FOR-TYPE-SET NIL)
        (:INDUCTION SUBTRACT-LEAF)
        (:INDUCTION TRUE-LISTP)
        (:REWRITE CDR-CONS)
        (:TYPE-PRESCRIPTION SUBTRACT-LEAF)
        (:TYPE-PRESCRIPTION TRUE-LISTP))
Warnings:  None
Time:  0.00 seconds (prove: 0.00, print: 0.00, other: 0.00)
TRUE-LISTP-SUBTRACT-LEAF

Summary
Form:  ( VERIFY-GUARDS SUBTRACT-BAG ...)
Rules: ((:DEFINITION ENDP)
        (:DEFINITION MV-NTH)
        (:DEFINITION NOT)
        (:DEFINITION SUBTRACT-BAG)
        (:DEFINITION TRUE-LISTP)
        (:ELIM CAR-CDR-ELIM)
        (:EXECUTABLE-COUNTERPART CAR)
        (:EXECUTABLE-COUNTERPART CONSP)
        (:EXECUTABLE-COUNTERPART ZP)
        (:FAKE-RUNE-FOR-TYPE-SET NIL)
        (:INDUCTION SUBTRACT-BAG)
        (:INDUCTION TRUE-LISTP)
        (:REWRITE TRUE-LISTP-SUBTRACT-LEAF)
        (:TYPE-PRESCRIPTION SUBTRACT-BAG))
Warnings:  None
Time:  0.02 seconds (prove: 0.02, print: 0.00, other: 0.00)
SUBTRACT-BAG

Summary
Form:  ( DEFTHM TRUE-LISTP-SUBTRACT-BAG ...)
Rules: ((:DEFINITION ENDP)
        (:DEFINITION MV-NTH)
        (:DEFINITION NOT)
        (:DEFINITION SUBTRACT-BAG)
        (:EXECUTABLE-COUNTERPART BINARY-+)
        (:EXECUTABLE-COUNTERPART MV-NTH)
        (:EXECUTABLE-COUNTERPART TRUE-LISTP)
        (:EXECUTABLE-COUNTERPART ZP)
        (:FAKE-RUNE-FOR-TYPE-SET NIL)
        (:INDUCTION SUBTRACT-BAG)
        (:REWRITE CDR-CONS)
        (:REWRITE TRUE-LISTP-SUBTRACT-LEAF)
        (:TYPE-PRESCRIPTION SUBTRACT-BAG)
        (:TYPE-PRESCRIPTION TRUE-LISTP))
Warnings:  None
Time:  0.00 seconds (prove: 0.00, print: 0.00, other: 0.00)
TRUE-LISTP-SUBTRACT-BAG

Summary
Form:  ( VERIFY-GUARDS COLLECT-BAGS-INTP)
Rules: ((:DEFINITION ENDP)
        (:DEFINITION MV-NTH)
        (:DEFINITION NOT)
        (:DEFINITION TRUE-LIST-LISTP)
        (:EXECUTABLE-COUNTERPART CONS)
        (:EXECUTABLE-COUNTERPART ZP)
        (:FAKE-RUNE-FOR-TYPE-SET NIL)
        (:FORWARD-CHAINING TRUE-LIST-LISTP-FORWARD-TO-TRUE-LISTP)
        (:REWRITE TRUE-LISTP-SUBTRACT-BAG)
        (:TYPE-PRESCRIPTION COLLECT-BAGS-INTP)
        (:TYPE-PRESCRIPTION SUBTRACT-BAG)
        (:TYPE-PRESCRIPTION TRUE-LIST-LISTP))
Warnings:  None
Time:  0.02 seconds (prove: 0.02, print: 0.00, other: 0.00)
COLLECT-BAGS-INTP

Summary
Form:  ( VERIFY-GUARDS COLLECT-BAGS-NON-INTP)
Rules: ((:DEFINITION ENDP)
        (:DEFINITION MV-NTH)
        (:DEFINITION NOT)
        (:DEFINITION TRUE-LIST-LISTP)
        (:EXECUTABLE-COUNTERPART CONS)
        (:EXECUTABLE-COUNTERPART ZP)
        (:FORWARD-CHAINING TRUE-LIST-LISTP-FORWARD-TO-TRUE-LISTP)
        (:REWRITE TRUE-LISTP-SUBTRACT-BAG)
        (:TYPE-PRESCRIPTION COLLECT-BAGS-INTP)
        (:TYPE-PRESCRIPTION SUBTRACT-BAG)
        (:TYPE-PRESCRIPTION TRUE-LIST-LISTP))
Warnings:  None
Time:  0.02 seconds (prove: 0.02, print: 0.00, other: 0.00)
COLLECT-BAGS-NON-INTP

Summary
Form:  ( VERIFY-GUARDS COLLECT-BAGS)
Rules: ((:DEFINITION EQ)
        (:DEFINITION MV-NTH)
        (:DEFINITION NOT)
        (:EXECUTABLE-COUNTERPART CONS)
        (:EXECUTABLE-COUNTERPART ZP)
        (:TYPE-PRESCRIPTION COLLECT-BAGS-NON-INTP)
        (:TYPE-PRESCRIPTION TRUE-LIST-LISTP))
Warnings:  None
Time:  0.01 seconds (prove: 0.01, print: 0.00, other: 0.00)
COLLECT-BAGS

Summary
Form:  ( DEFTHM PSEUDO-TERM-LIST-LISTP-COLLECT-BAGS-INTP ...)
Rules: ((:DEFINITION COLLECT-BAGS-INTP)
        (:DEFINITION ENDP)
        (:DEFINITION MV-NTH)
        (:DEFINITION NOT)
        (:DEFINITION PSEUDO-TERM-LIST-LISTP)
        (:DEFINITION TRUE-LISTP)
        (:EXECUTABLE-COUNTERPART BINARY-+)
        (:EXECUTABLE-COUNTERPART COLLECT-BAGS-INTP)
        (:EXECUTABLE-COUNTERPART CONSP)
        (:EXECUTABLE-COUNTERPART MV-NTH)
        (:EXECUTABLE-COUNTERPART PSEUDO-TERM-LIST-LISTP)
        (:EXECUTABLE-COUNTERPART ZP)
        (:FAKE-RUNE-FOR-TYPE-SET NIL)
        (:INDUCTION COLLECT-BAGS-INTP)
        (:INDUCTION PSEUDO-TERM-LIST-LISTP)
        (:REWRITE CAR-CONS)
        (:REWRITE CDR-CONS)
        (:REWRITE TRUE-LISTP-SUBTRACT-BAG)
        (:TYPE-PRESCRIPTION COLLECT-BAGS-INTP)
        (:TYPE-PRESCRIPTION PSEUDO-TERM-LIST-LISTP)
        (:TYPE-PRESCRIPTION PSEUDO-TERM-LISTP)
        (:TYPE-PRESCRIPTION SUBTRACT-BAG))
Warnings:  None
Time:  0.02 seconds (prove: 0.02, print: 0.00, other: 0.00)
PSEUDO-TERM-LIST-LISTP-COLLECT-BAGS-INTP

Summary
Form:  ( DEFTHM PSEUDO-TERM-LIST-LISTP-COLLECT-BAGS-NON-INTP ...)
Rules: ((:DEFINITION COLLECT-BAGS-NON-INTP)
        (:DEFINITION ENDP)
        (:DEFINITION MV-NTH)
        (:DEFINITION NOT)
        (:DEFINITION PSEUDO-TERM-LIST-LISTP)
        (:EXECUTABLE-COUNTERPART BINARY-+)
        (:EXECUTABLE-COUNTERPART CONSP)
        (:EXECUTABLE-COUNTERPART MV-NTH)
        (:EXECUTABLE-COUNTERPART PSEUDO-TERM-LIST-LISTP)
        (:EXECUTABLE-COUNTERPART ZP)
        (:FAKE-RUNE-FOR-TYPE-SET NIL)
        (:INDUCTION COLLECT-BAGS-NON-INTP)
        (:INDUCTION PSEUDO-TERM-LIST-LISTP)
        (:REWRITE CAR-CONS)
        (:REWRITE CDR-CONS)
        (:REWRITE PSEUDO-TERM-LIST-LISTP-COLLECT-BAGS-INTP)
        (:REWRITE TRUE-LISTP-SUBTRACT-BAG)
        (:TYPE-PRESCRIPTION COLLECT-BAGS-INTP)
        (:TYPE-PRESCRIPTION PSEUDO-TERM-LIST-LISTP)
        (:TYPE-PRESCRIPTION PSEUDO-TERM-LISTP)
        (:TYPE-PRESCRIPTION SUBTRACT-BAG))
Warnings:  None
Time:  0.11 seconds (prove: 0.11, print: 0.00, other: 0.00)
PSEUDO-TERM-LIST-LISTP-COLLECT-BAGS-NON-INTP

Summary
Form:  ( DEFTHM PSEUDO-TERM-LIST-LISTP-COLLECT-BAGS ...)
Rules: ((:DEFINITION COLLECT-BAGS)
        (:DEFINITION MV-NTH)
        (:EXECUTABLE-COUNTERPART EQUAL)
        (:EXECUTABLE-COUNTERPART ZP)
        (:REWRITE PSEUDO-TERM-LIST-LISTP-COLLECT-BAGS-INTP)
        (:REWRITE PSEUDO-TERM-LIST-LISTP-COLLECT-BAGS-NON-INTP)
        (:TYPE-PRESCRIPTION COLLECT-BAGS-NON-INTP)
        (:TYPE-PRESCRIPTION PSEUDO-TERM-LIST-LISTP))
Warnings:  None
Time:  0.06 seconds (prove: 0.06, print: 0.00, other: 0.00)
PSEUDO-TERM-LIST-LISTP-COLLECT-BAGS

Summary
Form:  ( ENCAPSULATE NIL (LOCAL ...) ...)
Rules: NIL
Warnings:  None
Time:  0.19 seconds (prove: 0.19, print: 0.00, other: 0.00)
T

Summary
Form:  ( DEFTHM PSEUDO-TERM-LIST-LISTP-IMPLIES-TRUE-LIST-LISTP ...)
Rules: ((:DEFINITION ATOM)
        (:DEFINITION NOT)
        (:DEFINITION PSEUDO-TERM-LIST-LISTP)
        (:DEFINITION TRUE-LIST-LISTP)
        (:EXECUTABLE-COUNTERPART CONSP)
        (:EXECUTABLE-COUNTERPART TRUE-LIST-LISTP)
        (:FAKE-RUNE-FOR-TYPE-SET NIL)
        (:FORWARD-CHAINING PSEUDO-TERM-LISTP-FORWARD-TO-TRUE-LISTP)
        (:INDUCTION PSEUDO-TERM-LIST-LISTP)
        (:INDUCTION TRUE-LIST-LISTP)
        (:TYPE-PRESCRIPTION PSEUDO-TERM-LISTP)
        (:TYPE-PRESCRIPTION TRUE-LIST-LISTP))
Warnings:  None
Time:  0.00 seconds (prove: 0.00, print: 0.00, other: 0.00)
PSEUDO-TERM-LIST-LISTP-IMPLIES-TRUE-LIST-LISTP

Summary
Form:  ( VERIFY-GUARDS META-INTEGERP ...)
Rules: ((:CONGRUENCE IFF-IMPLIES-EQUAL-NOT)
        (:DEFINITION EQ)
        (:DEFINITION FN-SYMB)
        (:DEFINITION LEAVES)
        (:DEFINITION MEMBER-EQ)
        (:DEFINITION MFC-TYPE-ALIST)
        (:DEFINITION MV-NTH)
        (:DEFINITION NOT)
        (:DEFINITION PSEUDO-TERM-LISTP)
        (:DEFINITION PSEUDO-TERMP)
        (:DEFINITION TRUE-LISTP)
        (:ELIM CAR-CDR-ELIM)
        (:EXECUTABLE-COUNTERPART CAR)
        (:EXECUTABLE-COUNTERPART CDR)
        (:EXECUTABLE-COUNTERPART CONSP)
        (:EXECUTABLE-COUNTERPART EQUAL)
        (:EXECUTABLE-COUNTERPART MEMBER-EQ)
        (:EXECUTABLE-COUNTERPART NOT)
        (:EXECUTABLE-COUNTERPART PSEUDO-TERM-LIST-LISTP)
        (:EXECUTABLE-COUNTERPART SYMBOL-LISTP)
        (:EXECUTABLE-COUNTERPART SYMBOLP)
        (:EXECUTABLE-COUNTERPART TRUE-LISTP)
        (:EXECUTABLE-COUNTERPART TYPE-ALISTP)
        (:EXECUTABLE-COUNTERPART ZP)
        (:FAKE-RUNE-FOR-TYPE-SET NIL)
        (:FORWARD-CHAINING PSEUDO-TERM-LISTP-FORWARD-TO-TRUE-LISTP)
        (:REWRITE CAR-CONS)
        (:REWRITE CDR-CONS)
        (:REWRITE DEFAULT-CAR)
        (:REWRITE PSEUDO-TERM-LIST-LISTP-BAG-LEAVES)
        (:REWRITE PSEUDO-TERM-LIST-LISTP-BAG-TERMS)
        (:REWRITE PSEUDO-TERM-LIST-LISTP-COLLECT-BAGS)
        (:REWRITE PSEUDO-TERM-LIST-LISTP-IMPLIES-TRUE-LIST-LISTP)
        (:REWRITE PSEUDO-TERM-LISTP-LEAVES)
        (:REWRITE TYPE-ALISTP-MFC-TYPE-ALIST)
        (:TYPE-PRESCRIPTION BAG-LEAVES)
        (:TYPE-PRESCRIPTION BAG-TERMS)
        (:TYPE-PRESCRIPTION COLLECT-BAGS)
        (:TYPE-PRESCRIPTION LEAVES)
        (:TYPE-PRESCRIPTION PSEUDO-TERM-LIST-LISTP)
        (:TYPE-PRESCRIPTION PSEUDO-TERM-LISTP)
        (:TYPE-PRESCRIPTION PSEUDO-TERMP)
        (:TYPE-PRESCRIPTION TYPE-ALISTP))
Warnings:  None
Time:  1.87 seconds (prove: 1.86, print: 0.00, other: 0.00)
META-INTEGERP

Summary
Form:  ( ENCAPSULATE NIL (LOCAL ...) ...)
Rules: NIL
Warnings:  None
Time:  3.64 seconds (prove: 3.59, print: 0.00, other: 0.06)
T

Summary
Form:  ( DEFUN TREE-2 ...)
Rules: ((:FAKE-RUNE-FOR-TYPE-SET NIL))
Warnings:  None
Time:  0.01 seconds (prove: 0.00, print: 0.00, other: 0.01)
TREE-2

Summary
Form:  ( DEFTHM TREES ...)
Rules: ((:DEFINITION ENDP)
        (:DEFINITION EQ)
        (:DEFINITION FIX)
        (:DEFINITION NOT)
        (:DEFINITION TREE)
        (:DEFINITION TREE-2)
        (:EXECUTABLE-COUNTERPART CAR)
        (:EXECUTABLE-COUNTERPART CDR)
        (:EXECUTABLE-COUNTERPART CONS)
        (:EXECUTABLE-COUNTERPART EQUAL)
        (:EXECUTABLE-COUNTERPART FIX)
        (:EXECUTABLE-COUNTERPART NOT)
        (:FAKE-RUNE-FOR-TYPE-SET NIL)
        (:INDUCTION TREE)
        (:INDUCTION TREE-2)
        (:REWRITE CAR-CONS)
        (:REWRITE CDR-CONS)
        (:REWRITE COMMUTATIVITY-OF-*)
        (:REWRITE COMMUTATIVITY-OF-+)
        (:REWRITE DEFAULT-*-1)
        (:REWRITE INTP-EVA-CONSTRAINT-14)
        (:REWRITE INTP-EVA-CONSTRAINT-2)
        (:REWRITE INTP-EVA-CONSTRAINT-8)
        (:REWRITE INTP-EVA-CONSTRAINT-9)
        (:REWRITE LEFT-CANCELLATION-FOR-*)
        (:REWRITE LEFT-CANCELLATION-FOR-+)
        (:REWRITE TIMES-ZERO)
        (:REWRITE UNICITY-OF-0)
        (:REWRITE UNICITY-OF-1)
        (:TYPE-PRESCRIPTION FIX))
Warnings:  None
Time:  0.14 seconds (prove: 0.14, print: 0.00, other: 0.00)
TREES

Summary
Form:  ( IN-THEORY (DISABLE ...))
Rules: NIL
Warnings:  None
Time:  0.00 seconds (prove: 0.00, print: 0.00, other: 0.00)
1953

Summary
Form:  ( DEFUN BIG-TREE-2 ...)
Rules: ((:FAKE-RUNE-FOR-TYPE-SET NIL))
Warnings:  None
Time:  0.01 seconds (prove: 0.00, print: 0.00, other: 0.01)
BIG-TREE-2

Summary
Form:  ( DEFTHM BIG-TREE-BIG-TREE-2 ...)
Rules: ((:DEFINITION BIG-TREE)
        (:DEFINITION BIG-TREE-2)
        (:DEFINITION ENDP)
        (:DEFINITION FIX)
        (:DEFINITION INTP-*)
        (:DEFINITION INTP-+)
        (:DEFINITION NOT)
        (:DEFINITION TREE-2)
        (:ELIM CAR-CDR-ELIM)
        (:EXECUTABLE-COUNTERPART ACL2-NUMBERP)
        (:EXECUTABLE-COUNTERPART CAR)
        (:EXECUTABLE-COUNTERPART CDR)
        (:EXECUTABLE-COUNTERPART CONS)
        (:EXECUTABLE-COUNTERPART EQ)
        (:EXECUTABLE-COUNTERPART EQUAL)
        (:EXECUTABLE-COUNTERPART FIX)
        (:EXECUTABLE-COUNTERPART NOT)
        (:FAKE-RUNE-FOR-TYPE-SET NIL)
        (:INDUCTION BIG-TREE)
        (:INDUCTION BIG-TREE-2)
        (:INDUCTION TREE-2)
        (:REWRITE CAR-CONS)
        (:REWRITE CDR-CONS)
        (:REWRITE COMMUTATIVITY-OF-*)
        (:REWRITE COMMUTATIVITY-OF-+)
        (:REWRITE DEFAULT-*-1)
        (:REWRITE DEFAULT-+-1)
        (:REWRITE EQUAL-*-X-Y-X)
        (:REWRITE EQUAL-+-X-Y-X)
        (:REWRITE INTP-EVA-CONSTRAINT-2)
        (:REWRITE INTP-EVA-CONSTRAINT-6)
        (:REWRITE INTP-EVA-CONSTRAINT-7)
        (:REWRITE INTP-EVA-CONSTRAINT-8)
        (:REWRITE INTP-EVA-CONSTRAINT-9)
        (:REWRITE LEFT-CANCELLATION-FOR-*)
        (:REWRITE LEFT-CANCELLATION-FOR-+)
        (:REWRITE TREES)
        (:REWRITE UNICITY-OF-0)
        (:REWRITE UNICITY-OF-1))
Warnings:  None
Time:  0.07 seconds (prove: 0.07, print: 0.00, other: 0.00)
BIG-TREE-BIG-TREE-2

Summary
Form:  ( IN-THEORY (DISABLE ...))
Rules: NIL
Warnings:  None
Time:  0.00 seconds (prove: 0.00, print: 0.00, other: 0.00)
1956

Summary
Form:  ( DEFTHM TREE-2-LEAVES ...)
Rules: ((:DEFINITION ATOM)
        (:DEFINITION EQ)
        (:DEFINITION FIX)
        (:DEFINITION FN-SYMB)
        (:DEFINITION LEAVES)
        (:DEFINITION NOT)
        (:DEFINITION TREE-2)
        (:EXECUTABLE-COUNTERPART CAR)
        (:EXECUTABLE-COUNTERPART CDR)
        (:EXECUTABLE-COUNTERPART CONS)
        (:EXECUTABLE-COUNTERPART EQUAL)
        (:EXECUTABLE-COUNTERPART TREE-2)
        (:FAKE-RUNE-FOR-TYPE-SET NIL)
        (:INDUCTION LEAVES)
        (:REWRITE CAR-CONS)
        (:REWRITE CDR-CONS)
        (:REWRITE COMMUTATIVITY-OF-*)
        (:REWRITE COMMUTATIVITY-OF-+)
        (:REWRITE INTP-EVA-CONSTRAINT-2)
        (:REWRITE INTP-EVA-CONSTRAINT-8)
        (:REWRITE INTP-EVA-CONSTRAINT-9)
        (:REWRITE LEFT-CANCELLATION-FOR-*)
        (:REWRITE LEFT-CANCELLATION-FOR-+)
        (:REWRITE UNICITY-OF-0)
        (:REWRITE UNICITY-OF-1)
        (:TYPE-PRESCRIPTION LEAVES))
Warnings:  None
Time:  0.04 seconds (prove: 0.04, print: 0.00, other: 0.00)
TREE-2-LEAVES

Summary
Form:  ( DEFTHM ACL2-NUMBERP-TREE-2 ...)
Rules: ((:DEFINITION ENDP)
        (:DEFINITION EQ)
        (:DEFINITION NOT)
        (:DEFINITION TREE-2)
        (:EXECUTABLE-COUNTERPART ACL2-NUMBERP)
        (:EXECUTABLE-COUNTERPART CAR)
        (:EXECUTABLE-COUNTERPART CDR)
        (:EXECUTABLE-COUNTERPART EQUAL)
        (:EXECUTABLE-COUNTERPART NOT)
        (:FAKE-RUNE-FOR-TYPE-SET NIL)
        (:INDUCTION TREE-2)
        (:REWRITE CAR-CONS)
        (:REWRITE CDR-CONS)
        (:REWRITE INTP-EVA-CONSTRAINT-2)
        (:REWRITE INTP-EVA-CONSTRAINT-8)
        (:REWRITE INTP-EVA-CONSTRAINT-9))
Warnings:  None
Time:  0.01 seconds (prove: 0.01, print: 0.00, other: 0.00)
ACL2-NUMBERP-TREE-2

Summary
Form:  ( DEFTHM SUBTRACT-LEAF-GOOD-+ ...)
Rules: ((:DEFINITION ENDP)
        (:DEFINITION FIX)
        (:DEFINITION MV-NTH)
        (:DEFINITION NOT)
        (:DEFINITION SUBTRACT-LEAF)
        (:DEFINITION TREE-2)
        (:EXECUTABLE-COUNTERPART BINARY-+)
        (:EXECUTABLE-COUNTERPART CAR)
        (:EXECUTABLE-COUNTERPART EQ)
        (:EXECUTABLE-COUNTERPART EQUAL)
        (:EXECUTABLE-COUNTERPART NOT)
        (:EXECUTABLE-COUNTERPART ZP)
        (:FAKE-RUNE-FOR-LINEAR NIL)
        (:FAKE-RUNE-FOR-TYPE-SET NIL)
        (:INDUCTION SUBTRACT-LEAF)
        (:INDUCTION TREE-2)
        (:REWRITE CAR-CONS)
        (:REWRITE CDR-CONS)
        (:REWRITE EQUAL-+-X-Y-Y)
        (:REWRITE INTP-EVA-CONSTRAINT-8)
        (:TYPE-PRESCRIPTION SUBTRACT-LEAF))
Warnings:  None
Time:  0.03 seconds (prove: 0.02, print: 0.00, other: 0.00)
SUBTRACT-LEAF-GOOD-+

Summary
Form:  ( DEFTHM SUBTRACT-LEAF-GOOD-* ...)
Rules: ((:DEFINITION ENDP)
        (:DEFINITION FIX)
        (:DEFINITION MV-NTH)
        (:DEFINITION NOT)
        (:DEFINITION SUBTRACT-LEAF)
        (:DEFINITION TREE-2)
        (:ELIM CAR-CDR-ELIM)
        (:EXECUTABLE-COUNTERPART BINARY-+)
        (:EXECUTABLE-COUNTERPART CAR)
        (:EXECUTABLE-COUNTERPART EQ)
        (:EXECUTABLE-COUNTERPART EQUAL)
        (:EXECUTABLE-COUNTERPART NOT)
        (:EXECUTABLE-COUNTERPART ZP)
        (:FAKE-RUNE-FOR-TYPE-SET NIL)
        (:INDUCTION SUBTRACT-LEAF)
        (:INDUCTION TREE-2)
        (:REWRITE CAR-CONS)
        (:REWRITE CDR-CONS)
        (:REWRITE COMMUTATIVITY-2-OF-*)
        (:REWRITE EQUAL-*-X-Y-0)
        (:REWRITE EQUAL-*-Y-X-X)
        (:REWRITE INTP-EVA-CONSTRAINT-9)
        (:TYPE-PRESCRIPTION ACL2-NUMBERP-TREE-2)
        (:TYPE-PRESCRIPTION SUBTRACT-LEAF))
Warnings:  None
Time:  0.07 seconds (prove: 0.07, print: 0.00, other: 0.00)
SUBTRACT-LEAF-GOOD-*

Summary
Form:  ( DEFTHM SUBTRACT-BAG-GOOD-+ ...)
Rules: ((:DEFINITION ENDP)
        (:DEFINITION FIX)
        (:DEFINITION MV-NTH)
        (:DEFINITION NOT)
        (:DEFINITION SUBTRACT-BAG)
        (:DEFINITION TREE-2)
        (:EXECUTABLE-COUNTERPART BINARY-+)
        (:EXECUTABLE-COUNTERPART CAR)
        (:EXECUTABLE-COUNTERPART CDR)
        (:EXECUTABLE-COUNTERPART EQ)
        (:EXECUTABLE-COUNTERPART EQUAL)
        (:EXECUTABLE-COUNTERPART NOT)
        (:EXECUTABLE-COUNTERPART ZP)
        (:FAKE-RUNE-FOR-LINEAR NIL)
        (:FAKE-RUNE-FOR-TYPE-SET NIL)
        (:INDUCTION SUBTRACT-BAG)
        (:INDUCTION TREE-2)
        (:REWRITE ASSOCIATIVITY-OF-+)
        (:REWRITE CAR-CONS)
        (:REWRITE CDR-CONS)
        (:REWRITE COMMUTATIVITY-2-OF-+)
        (:REWRITE COMMUTATIVITY-OF-+)
        (:REWRITE INTP-EVA-CONSTRAINT-2)
        (:REWRITE INTP-EVA-CONSTRAINT-8)
        (:REWRITE UNICITY-OF-0)
        (:TYPE-PRESCRIPTION ACL2-NUMBERP-TREE-2)
        (:TYPE-PRESCRIPTION SUBTRACT-BAG)
        (:TYPE-PRESCRIPTION SUBTRACT-LEAF))
Warnings:  None
Time:  0.05 seconds (prove: 0.05, print: 0.00, other: 0.00)
SUBTRACT-BAG-GOOD-+

Summary
Form:  ( DEFTHM SUBTRACT-BAG-GOOD-* ...)
Rules: ((:DEFINITION ENDP)
        (:DEFINITION FIX)
        (:DEFINITION MV-NTH)
        (:DEFINITION NOT)
        (:DEFINITION SUBTRACT-BAG)
        (:DEFINITION TREE-2)
        (:ELIM CAR-CDR-ELIM)
        (:EXECUTABLE-COUNTERPART BINARY-+)
        (:EXECUTABLE-COUNTERPART CAR)
        (:EXECUTABLE-COUNTERPART CDR)
        (:EXECUTABLE-COUNTERPART EQ)
        (:EXECUTABLE-COUNTERPART EQUAL)
        (:EXECUTABLE-COUNTERPART ZP)
        (:FAKE-RUNE-FOR-TYPE-SET NIL)
        (:INDUCTION SUBTRACT-BAG)
        (:INDUCTION TREE-2)
        (:REWRITE ASSOCIATIVITY-OF-*)
        (:REWRITE CAR-CONS)
        (:REWRITE CDR-CONS)
        (:REWRITE COMMUTATIVITY-2-OF-*)
        (:REWRITE COMMUTATIVITY-OF-*)
        (:REWRITE INTP-EVA-CONSTRAINT-2)
        (:REWRITE INTP-EVA-CONSTRAINT-9)
        (:REWRITE UNICITY-OF-1)
        (:TYPE-PRESCRIPTION ACL2-NUMBERP-TREE-2)
        (:TYPE-PRESCRIPTION SUBTRACT-BAG)
        (:TYPE-PRESCRIPTION SUBTRACT-LEAF))
Warnings:  None
Time:  0.17 seconds (prove: 0.17, print: 0.00, other: 0.00)
SUBTRACT-BAG-GOOD-*

Summary
Form:  ( DEFTHM COLLECT-BAGS-INTP-GOOD-+ ...)
Rules: ((:DEFINITION BIG-TREE-2)
        (:DEFINITION COLLECT-BAGS-INTP)
        (:DEFINITION ENDP)
        (:DEFINITION FIX)
        (:DEFINITION MV-NTH)
        (:DEFINITION NOT)
        (:DEFINITION TREE-2)
        (:ELIM CAR-CDR-ELIM)
        (:EXECUTABLE-COUNTERPART BIG-TREE-2)
        (:EXECUTABLE-COUNTERPART BINARY-+)
        (:EXECUTABLE-COUNTERPART CAR)
        (:EXECUTABLE-COUNTERPART CDR)
        (:EXECUTABLE-COUNTERPART EQUAL)
        (:EXECUTABLE-COUNTERPART MV-NTH)
        (:EXECUTABLE-COUNTERPART ZP)
        (:FAKE-RUNE-FOR-TYPE-SET NIL)
        (:INDUCTION COLLECT-BAGS-INTP)
        (:REWRITE CAR-CONS)
        (:REWRITE CDR-CONS)
        (:REWRITE COMMUTATIVITY-OF-+)
        (:REWRITE INTP-EVA-CONSTRAINT-2)
        (:REWRITE INTP-EVA-CONSTRAINT-8)
        (:REWRITE SUBTRACT-BAG-GOOD-+)
        (:REWRITE TREES)
        (:REWRITE UNICITY-OF-0)
        (:TYPE-PRESCRIPTION ACL2-NUMBERP-TREE-2)
        (:TYPE-PRESCRIPTION COLLECT-BAGS-INTP)
        (:TYPE-PRESCRIPTION SUBTRACT-BAG))
Warnings:  None
Time:  0.11 seconds (prove: 0.11, print: 0.00, other: 0.00)
COLLECT-BAGS-INTP-GOOD-+

Summary
Form:  ( DEFTHM COLLECT-BAGS-INTP-GOOD-* ...)
Rules: ((:DEFINITION BIG-TREE-2)
        (:DEFINITION COLLECT-BAGS-INTP)
        (:DEFINITION ENDP)
        (:DEFINITION FIX)
        (:DEFINITION MV-NTH)
        (:DEFINITION NOT)
        (:DEFINITION TREE-2)
        (:ELIM CAR-CDR-ELIM)
        (:EXECUTABLE-COUNTERPART BIG-TREE-2)
        (:EXECUTABLE-COUNTERPART BINARY-+)
        (:EXECUTABLE-COUNTERPART CAR)
        (:EXECUTABLE-COUNTERPART CDR)
        (:EXECUTABLE-COUNTERPART EQUAL)
        (:EXECUTABLE-COUNTERPART MV-NTH)
        (:EXECUTABLE-COUNTERPART ZP)
        (:FAKE-RUNE-FOR-TYPE-SET NIL)
        (:INDUCTION COLLECT-BAGS-INTP)
        (:REWRITE CAR-CONS)
        (:REWRITE CDR-CONS)
        (:REWRITE COMMUTATIVITY-OF-*)
        (:REWRITE INTP-EVA-CONSTRAINT-2)
        (:REWRITE INTP-EVA-CONSTRAINT-9)
        (:REWRITE SUBTRACT-BAG-GOOD-*)
        (:REWRITE TREES)
        (:REWRITE UNICITY-OF-1)
        (:TYPE-PRESCRIPTION ACL2-NUMBERP-TREE-2)
        (:TYPE-PRESCRIPTION COLLECT-BAGS-INTP)
        (:TYPE-PRESCRIPTION SUBTRACT-BAG))
Warnings:  None
Time:  0.11 seconds (prove: 0.11, print: 0.00, other: 0.00)
COLLECT-BAGS-INTP-GOOD-*

Summary
Form:  ( DEFTHM COLLECT-BAGS-GOOD ...)
Rules: ((:DEFINITION BIG-TREE-2)
        (:DEFINITION COLLECT-BAGS)
        (:DEFINITION COLLECT-BAGS-NON-INTP)
        (:DEFINITION ENDP)
        (:DEFINITION MEMBER-EQ)
        (:DEFINITION MV-NTH)
        (:DEFINITION NOT)
        (:EXECUTABLE-COUNTERPART BINARY-+)
        (:EXECUTABLE-COUNTERPART CAR)
        (:EXECUTABLE-COUNTERPART CDR)
        (:EXECUTABLE-COUNTERPART CONSP)
        (:EXECUTABLE-COUNTERPART EQUAL)
        (:EXECUTABLE-COUNTERPART MEMBER-EQ)
        (:EXECUTABLE-COUNTERPART NOT)
        (:EXECUTABLE-COUNTERPART ZP)
        (:FAKE-RUNE-FOR-TYPE-SET NIL)
        (:INDUCTION COLLECT-BAGS-NON-INTP)
        (:REWRITE CAR-CONS)
        (:REWRITE CDR-CONS)
        (:REWRITE COLLECT-BAGS-INTP-GOOD-*)
        (:REWRITE COLLECT-BAGS-INTP-GOOD-+)
        (:REWRITE INTP-EVA-CONSTRAINT-8)
        (:REWRITE SUBTRACT-BAG-GOOD-+)
        (:REWRITE TREES)
        (:TYPE-PRESCRIPTION COLLECT-BAGS-INTP)
        (:TYPE-PRESCRIPTION COLLECT-BAGS-NON-INTP)
        (:TYPE-PRESCRIPTION SUBTRACT-BAG))
Warnings:  None
Time:  0.32 seconds (prove: 0.32, print: 0.00, other: 0.00)
COLLECT-BAGS-GOOD

Summary
Form:  ( DEFTHM BIG-TREE-TERM ...)
Rules: ((:DEFINITION EQ)
        (:DEFINITION FN-SYMB)
        (:DEFINITION MV-NTH)
        (:EXECUTABLE-COUNTERPART EQ)
        (:EXECUTABLE-COUNTERPART EQUAL)
        (:EXECUTABLE-COUNTERPART MEMBER-EQ)
        (:EXECUTABLE-COUNTERPART ZP)
        (:FAKE-RUNE-FOR-TYPE-SET NIL)
        (:REWRITE BIG-TREE-BIG-TREE-2)
        (:REWRITE COLLECT-BAGS-GOOD)
        (:REWRITE INTP-EVA-CONSTRAINT-8)
        (:REWRITE INTP-EVA-CONSTRAINT-9)
        (:REWRITE TREE-2-LEAVES)
        (:TYPE-PRESCRIPTION COLLECT-BAGS)
        (:TYPE-PRESCRIPTION LEAVES))
Warnings:  None
Time:  0.01 seconds (prove: 0.01, print: 0.00, other: 0.00)
BIG-TREE-TERM

Summary
Form:  ( IN-THEORY (DISABLE ...))
Rules: NIL
Warnings:  None
Time:  0.00 seconds (prove: 0.00, print: 0.00, other: 0.00)
1957

Summary
Form:  ( DEFTHM META-INTEGERP-CORRECT ...)
Rules: ((:DEFINITION FN-SYMB)
        (:DEFINITION MEMBER-EQ)
        (:DEFINITION META-INTEGERP)
        (:DEFINITION MFC-TYPE-ALIST)
        (:DEFINITION MV-NTH)
        (:EXECUTABLE-COUNTERPART CAR)
        (:EXECUTABLE-COUNTERPART CDR)
        (:EXECUTABLE-COUNTERPART CONSP)
        (:EXECUTABLE-COUNTERPART EQ)
        (:EXECUTABLE-COUNTERPART EQUAL)
        (:EXECUTABLE-COUNTERPART MEMBER-EQ)
        (:EXECUTABLE-COUNTERPART NOT)
        (:EXECUTABLE-COUNTERPART ZP)
        (:FAKE-RUNE-FOR-TYPE-SET NIL)
        (:REWRITE BIG-TREE-TERM)
        (:REWRITE CAR-CONS)
        (:REWRITE CDR-CONS)
        (:REWRITE INTP-EVA-CONSTRAINT-10)
        (:REWRITE INTP-EVA-CONSTRAINT-8)
        (:REWRITE INTP-EVA-CONSTRAINT-9)
        (:TYPE-PRESCRIPTION BAG-LEAVES)
        (:TYPE-PRESCRIPTION BAG-TERMS)
        (:TYPE-PRESCRIPTION COLLECT-BAGS))
Warnings:  None
Time:  0.20 seconds (prove: 0.19, print: 0.00, other: 0.00)
META-INTEGERP-CORRECT

Summary
Form:  ( ENCAPSULATE NIL (LOCAL ...) ...)
Rules: NIL
Warnings:  None
Time:  1.32 seconds (prove: 1.30, print: 0.00, other: 0.02)
T

Summary
Form:  ( IN-THEORY (DISABLE ...))
Rules: NIL
Warnings:  None
Time:  0.00 seconds (prove: 0.00, print: 0.00, other: 0.00)
1931

Summary
Form:  ( IN-THEORY (DISABLE ...))
Rules: NIL
Warnings:  None
Time:  0.00 seconds (prove: 0.00, print: 0.00, other: 0.00)
1929

Summary
Form:  ( TABLE ACL2-DEFAULTS-TABLE ...)
Rules: NIL
Warnings:  None
Time:  0.00 seconds (prove: 0.00, print: 0.00, other: 0.00)
ACL2-DEFAULTS-TABLE

Summary
Form:  ( INCLUDE-BOOK "integerp-meta" ...)
Rules: NIL
Warnings:  None
Time:  0.17 seconds (prove: 0.00, print: 0.00, other: 0.17)

"/Users/huangjianshi/src/acl2-sources/books/arithmetic-3/bind-free/integerp-meta.fasl"


Summary
Form:  (CERTIFY-BOOK "integerp-meta" ...)
Rules: NIL
Warnings:  None
Time:  5.73 seconds (prove: 5.13, print: 0.00, other: 0.60)
 "/Users/huangjianshi/src/acl2-sources/books/arithmetic-3/bind-free/integerp-meta.lisp"
ACL2 !>
Exiting the ACL2 read-eval-print loop.  To re-enter, execute (LP).
* 