This is SBCL 1.0.1.34, an implementation of ANSI Common Lisp.
More information about SBCL is available at <http://www.sbcl.org/>.

SBCL is free software, provided as is, with absolutely no warranty.
It is mostly in the public domain; some portions are provided under
BSD-style licenses.  See the CREDITS and COPYING files in the
distribution for more information.

 ACL2 Version 3.1 built January 26, 2007  15:12:42.
 Copyright (C) 2006  University of Texas at Austin
 ACL2 comes with ABSOLUTELY NO WARRANTY.  This is free software and you
 are welcome to redistribute it under certain conditions.  For details,
 see the GNU General Public License.

 Initialized with (INITIALIZE-ACL2 'INCLUDE-BOOK *ACL2-PASS-2-FILES*).
 See the documentation topic note-3-1 for recent changes.
 Note: We have modified the prompt in some underlying Lisps to further
 distinguish it from the ACL2 prompt.

 NOTE!!  Proof trees are disabled in ACL2.  To enable them in emacs,
 look under the ACL2 source directory in interface/emacs/README.doc; 
 and, to turn on proof trees, execute :START-PROOF-TREE in the ACL2 
 command loop.   Look in the ACL2 documentation under PROOF-TREE.

ACL2 Version 3.1.  Level 1.  Cbd 
"/Users/huangjianshi/src/acl2-sources/books/arithmetic-3/bind-free/".
Type :help for help.
Type (good-bye) to quit completely out of ACL2.

ACL2 !>
Exiting the ACL2 read-eval-print loop.  To re-enter, execute (LP).
* 
#<PACKAGE "ACL2">
* 
ACL2 Version 3.1.  Level 1.  Cbd 
"/Users/huangjianshi/src/acl2-sources/books/arithmetic-3/bind-free/".
Type :help for help.
Type (good-bye) to quit completely out of ACL2.

ACL2 !> (PROVE PROOF-TREE
        WARNING OBSERVATION EVENT EXPANSION)
ACL2 !>
Summary
Form:  ( INCLUDE-BOOK "../pass1/top" ...)
Rules: NIL
Warnings:  None
Time:  0.06 seconds (prove: 0.00, print: 0.00, other: 0.06)
"/Users/huangjianshi/src/acl2-sources/books/arithmetic-3/pass1/top.lisp"

Summary
Form:  ( INCLUDE-BOOK "building-blocks" ...)
Rules: NIL
Warnings:  None
Time:  0.08 seconds (prove: 0.00, print: 0.00, other: 0.08)
"/Users/huangjianshi/src/acl2-sources/books/arithmetic-3/bind-free/building-blocks.lisp"

Summary
Form:  ( INCLUDE-BOOK "default-hint" ...)
Rules: NIL
Warnings:  None
Time:  0.01 seconds (prove: 0.00, print: 0.00, other: 0.01)
"/Users/huangjianshi/src/acl2-sources/books/arithmetic-3/bind-free/default-hint.lisp"
((NONLINEARP-DEFAULT-HINT STABLE-UNDER-SIMPLIFICATIONP HIST PSPV))

Summary
Form:  ( TABLE ACL2-DEFAULTS-TABLE ...)
Rules: NIL
Warnings:  None
Time:  0.00 seconds (prove: 0.00, print: 0.00, other: 0.00)
ACL2-DEFAULTS-TABLE
T

Summary
Form:  ( DEFTHM NOT-INTEGERP-HELPER ...)
Rules: ((:DEFINITION IFF)
        (:EXECUTABLE-COUNTERPART BINARY-*)
        (:EXECUTABLE-COUNTERPART NOT)
        (:FAKE-RUNE-FOR-LINEAR NIL)
        (:FAKE-RUNE-FOR-TYPE-SET NIL)
        (:REWRITE /-PRESERVES-POSITIVE)
        (:REWRITE |0-<-*|)
        (:REWRITE ARITH-FIX-REVEALED)
        (:REWRITE ARITH-FUNCTIONAL-COMMUTATIVITY-OF-MINUS-*-LEFT)
        (:REWRITE ARITH-INVERSE-OF-*-1)
        (:REWRITE ARITH-UNICITY-OF-1)
        (:REWRITE COMMUTATIVITY-OF-*))
Warnings:  None
Time:  0.00 seconds (prove: 0.00, print: 0.00, other: 0.00)
NOT-INTEGERP-HELPER

Summary
Form:  ( DEFTHM NOT-INTEGERP-1A ...)
Rules: ((:DEFINITION NOT)
        (:FAKE-RUNE-FOR-TYPE-SET NIL))
Warnings:  None
Time:  0.00 seconds (prove: 0.00, print: 0.00, other: 0.00)
NOT-INTEGERP-1A

Summary
Form:  ( TABLE ACL2-DEFAULTS-TABLE ...)
Rules: NIL
Warnings:  None
Time:  0.00 seconds (prove: 0.00, print: 0.00, other: 0.00)
ACL2-DEFAULTS-TABLE

Summary
Form:  ( ENCAPSULATE NIL (SET-NON-LINEARP T) ...)
Rules: NIL
Warnings:  None
Time:  0.00 seconds (prove: 0.00, print: 0.00, other: 0.00)
T

Summary
Form:  ( DEFTHM NOT-INTEGERP-1B ...)
Rules: ((:DEFINITION NOT)
        (:EXECUTABLE-COUNTERPART NOT)
        (:FAKE-RUNE-FOR-TYPE-SET NIL)
        (:REWRITE COMMUTATIVITY-OF-*))
Warnings:  None
Time:  0.00 seconds (prove: 0.00, print: 0.00, other: 0.00)
NOT-INTEGERP-1B

Summary
Form:  ( DEFTHM NOT-INTEGERP-1C ...)
Rules: ((:FAKE-RUNE-FOR-TYPE-SET NIL)
        (:TYPE-PRESCRIPTION NOT-INTEGERP-1A))
Warnings:  None
Time:  0.00 seconds (prove: 0.00, print: 0.00, other: 0.00)
NOT-INTEGERP-1C

Summary
Form:  ( DEFTHM NOT-INTEGERP-1D ...)
Rules: ((:DEFINITION IFF)
        (:DEFINITION NOT)
        (:EXECUTABLE-COUNTERPART NOT)
        (:EXECUTABLE-COUNTERPART RATIONALP)
        (:FAKE-RUNE-FOR-TYPE-SET NIL)
        (:REWRITE |0-<-*|)
        (:REWRITE COMMUTATIVITY-2-OF-*)
        (:REWRITE COMMUTATIVITY-OF-*))
Warnings:  None
Time:  0.01 seconds (prove: 0.00, print: 0.00, other: 0.00)
NOT-INTEGERP-1D

Summary
Form:  ( DEFTHM NOT-INTEGERP-1E ...)
Rules: ((:DEFINITION IFF)
        (:DEFINITION NOT)
        (:EXECUTABLE-COUNTERPART NOT)
        (:EXECUTABLE-COUNTERPART RATIONALP)
        (:FAKE-RUNE-FOR-TYPE-SET NIL)
        (:REWRITE |0-<-*|)
        (:REWRITE COMMUTATIVITY-2-OF-*)
        (:REWRITE COMMUTATIVITY-OF-*))
Warnings:  None
Time:  0.00 seconds (prove: 0.00, print: 0.00, other: 0.00)
NOT-INTEGERP-1E

Summary
Form:  ( DEFTHM NOT-INTEGERP-1F ...)
Rules: ((:DEFINITION NOT)
        (:FAKE-RUNE-FOR-TYPE-SET NIL)
        (:REWRITE ASSOCIATIVITY-OF-*)
        (:REWRITE DISTRIBUTIVITY-OF-/-OVER-*))
Warnings:  None
Time:  0.00 seconds (prove: 0.00, print: 0.00, other: 0.00)
NOT-INTEGERP-1F

Summary
Form:  ( DEFTHM NOT-INTEGERP-1G ...)
Rules: ((:DEFINITION NOT)
        (:FAKE-RUNE-FOR-TYPE-SET NIL)
        (:REWRITE COMMUTATIVITY-2-OF-*)
        (:REWRITE COMMUTATIVITY-OF-*))
Warnings:  None
Time:  0.01 seconds (prove: 0.01, print: 0.00, other: 0.00)
NOT-INTEGERP-1G

Summary
Form:  ( DEFTHM NOT-INTEGERP-1H ...)
Rules: ((:DEFINITION NOT)
        (:EXECUTABLE-COUNTERPART NOT)
        (:FAKE-RUNE-FOR-TYPE-SET NIL)
        (:REWRITE COMMUTATIVITY-2-OF-*)
        (:REWRITE COMMUTATIVITY-OF-*))
Warnings:  None
Time:  0.00 seconds (prove: 0.00, print: 0.00, other: 0.00)
NOT-INTEGERP-1H

Summary
Form:  ( DEFTHM NOT-INTEGERP-1I ...)
Rules: ((:FAKE-RUNE-FOR-TYPE-SET NIL)
        (:TYPE-PRESCRIPTION NOT-INTEGERP-1C))
Warnings:  None
Time:  0.00 seconds (prove: 0.00, print: 0.00, other: 0.00)
NOT-INTEGERP-1I

Summary
Form:  ( DEFTHM NOT-INTEGERP-1J ...)
Rules: ((:FAKE-RUNE-FOR-TYPE-SET NIL)
        (:TYPE-PRESCRIPTION NOT-INTEGERP-1D))
Warnings:  None
Time:  0.00 seconds (prove: 0.00, print: 0.00, other: 0.00)
NOT-INTEGERP-1J

Summary
Form:  ( DEFTHM NOT-INTEGERP-1K ...)
Rules: ((:DEFINITION FIX)
        (:DEFINITION IFF)
        (:DEFINITION NOT)
        (:EXECUTABLE-COUNTERPART IFF)
        (:EXECUTABLE-COUNTERPART NOT)
        (:EXECUTABLE-COUNTERPART RATIONALP)
        (:FAKE-RUNE-FOR-TYPE-SET NIL)
        (:REWRITE |0-<-*|)
        (:REWRITE COMMUTATIVITY-2-OF-*)
        (:REWRITE COMMUTATIVITY-OF-*)
        (:REWRITE EQUAL-*-X-Y-0)
        (:TYPE-PRESCRIPTION IFF))
Warnings:  None
Time:  0.02 seconds (prove: 0.02, print: 0.00, other: 0.00)
NOT-INTEGERP-1K

Summary
Form:  ( DEFTHM NOT-INTEGERP-1L ...)
Rules: ((:DEFINITION FIX)
        (:DEFINITION IFF)
        (:DEFINITION NOT)
        (:EXECUTABLE-COUNTERPART IFF)
        (:EXECUTABLE-COUNTERPART NOT)
        (:EXECUTABLE-COUNTERPART RATIONALP)
        (:FAKE-RUNE-FOR-TYPE-SET NIL)
        (:REWRITE |0-<-*|)
        (:REWRITE COMMUTATIVITY-2-OF-*)
        (:REWRITE COMMUTATIVITY-OF-*)
        (:REWRITE EQUAL-*-X-Y-0)
        (:TYPE-PRESCRIPTION IFF))
Warnings:  None
Time:  0.01 seconds (prove: 0.01, print: 0.00, other: 0.00)
NOT-INTEGERP-1L

Summary
Form:  ( DEFTHM NOT-INTEGERP-1M ...)
Rules: ((:FAKE-RUNE-FOR-TYPE-SET NIL)
        (:TYPE-PRESCRIPTION NOT-INTEGERP-1F))
Warnings:  None
Time:  0.00 seconds (prove: 0.00, print: 0.00, other: 0.00)
NOT-INTEGERP-1M

Summary
Form:  ( DEFTHM NOT-INTEGERP-1N ...)
Rules: ((:DEFINITION IFF)
        (:DEFINITION NOT)
        (:EXECUTABLE-COUNTERPART NOT)
        (:EXECUTABLE-COUNTERPART RATIONALP)
        (:FAKE-RUNE-FOR-TYPE-SET NIL)
        (:REWRITE |0-<-*|)
        (:REWRITE COMMUTATIVITY-2-OF-*)
        (:REWRITE COMMUTATIVITY-OF-*))
Warnings:  None
Time:  0.02 seconds (prove: 0.02, print: 0.00, other: 0.00)
NOT-INTEGERP-1N

Summary
Form:  ( DEFTHM NOT-INTEGERP-1O ...)
Rules: ((:DEFINITION IFF)
        (:DEFINITION NOT)
        (:EXECUTABLE-COUNTERPART NOT)
        (:EXECUTABLE-COUNTERPART RATIONALP)
        (:FAKE-RUNE-FOR-TYPE-SET NIL)
        (:REWRITE |0-<-*|)
        (:REWRITE COMMUTATIVITY-2-OF-*)
        (:REWRITE COMMUTATIVITY-OF-*))
Warnings:  None
Time:  0.02 seconds (prove: 0.02, print: 0.00, other: 0.00)
NOT-INTEGERP-1O

Summary
Form:  ( DEFTHM NOT-INTEGERP-1P ...)
Rules: ((:DEFINITION IFF)
        (:DEFINITION NOT)
        (:EXECUTABLE-COUNTERPART NOT)
        (:EXECUTABLE-COUNTERPART RATIONALP)
        (:FAKE-RUNE-FOR-TYPE-SET NIL)
        (:REWRITE |0-<-*|)
        (:REWRITE COMMUTATIVITY-2-OF-*)
        (:REWRITE COMMUTATIVITY-OF-*))
Warnings:  None
Time:  0.02 seconds (prove: 0.02, print: 0.00, other: 0.00)
NOT-INTEGERP-1P

Summary
Form:  ( DEFTHM NOT-INTEGERP-1Q ...)
Rules: ((:DEFINITION IFF)
        (:DEFINITION NOT)
        (:EXECUTABLE-COUNTERPART NOT)
        (:EXECUTABLE-COUNTERPART RATIONALP)
        (:FAKE-RUNE-FOR-TYPE-SET NIL)
        (:REWRITE |0-<-*|)
        (:REWRITE COMMUTATIVITY-2-OF-*)
        (:REWRITE COMMUTATIVITY-OF-*))
Warnings:  None
Time:  0.02 seconds (prove: 0.02, print: 0.00, other: 0.00)
NOT-INTEGERP-1Q

Summary
Form:  ( DEFTHM NOT-INTEGERP-1R ...)
Rules: ((:DEFINITION IFF)
        (:DEFINITION NOT)
        (:EXECUTABLE-COUNTERPART NOT)
        (:EXECUTABLE-COUNTERPART RATIONALP)
        (:FAKE-RUNE-FOR-TYPE-SET NIL)
        (:REWRITE |0-<-*|)
        (:REWRITE COMMUTATIVITY-2-OF-*)
        (:REWRITE COMMUTATIVITY-OF-*))
Warnings:  None
Time:  0.01 seconds (prove: 0.01, print: 0.00, other: 0.00)
NOT-INTEGERP-1R

Summary
Form:  ( DEFTHM NOT-INTEGERP-1S ...)
Rules: ((:DEFINITION NOT)
        (:FAKE-RUNE-FOR-TYPE-SET NIL)
        (:REWRITE ASSOCIATIVITY-OF-*)
        (:REWRITE DISTRIBUTIVITY-OF-/-OVER-*))
Warnings:  None
Time:  0.01 seconds (prove: 0.01, print: 0.00, other: 0.00)
NOT-INTEGERP-1S

Summary
Form:  ( DEFTHM NOT-INTEGERP-1T ...)
Rules: ((:DEFINITION NOT)
        (:FAKE-RUNE-FOR-TYPE-SET NIL)
        (:REWRITE COMMUTATIVITY-2-OF-*)
        (:REWRITE COMMUTATIVITY-OF-*))
Warnings:  None
Time:  0.02 seconds (prove: 0.02, print: 0.00, other: 0.00)
NOT-INTEGERP-1T

Summary
Form:  ( DEFTHM NOT-INTEGERP-1U ...)
Rules: ((:DEFINITION NOT)
        (:FAKE-RUNE-FOR-TYPE-SET NIL)
        (:REWRITE COMMUTATIVITY-2-OF-*)
        (:REWRITE COMMUTATIVITY-OF-*))
Warnings:  None
Time:  0.02 seconds (prove: 0.02, print: 0.00, other: 0.00)
NOT-INTEGERP-1U

Summary
Form:  ( DEFTHM NOT-INTEGERP-1V ...)
Rules: ((:DEFINITION NOT)
        (:EXECUTABLE-COUNTERPART NOT)
        (:FAKE-RUNE-FOR-TYPE-SET NIL)
        (:REWRITE COMMUTATIVITY-2-OF-*)
        (:REWRITE COMMUTATIVITY-OF-*))
Warnings:  None
Time:  0.01 seconds (prove: 0.01, print: 0.00, other: 0.00)
NOT-INTEGERP-1V

Summary
Form:  ( DEFTHM NOT-INTEGERP-2A ...)
Rules: ((:DEFINITION FIX)
        (:DEFINITION NOT)
        (:DEFINITION SYNP)
        (:FAKE-RUNE-FOR-TYPE-SET NIL)
        (:REWRITE <-0-MINUS)
        (:REWRITE <-MINUS-MINUS)
        (:REWRITE COMMUTATIVITY-OF-*)
        (:REWRITE FUNCTIONAL-COMMUTATIVITY-OF-MINUS-*-LEFT)
        (:REWRITE FUNCTIONAL-COMMUTATIVITY-OF-MINUS-*-RIGHT)
        (:REWRITE FUNCTIONAL-SELF-INVERSION-OF-MINUS)
        (:REWRITE RECIPROCAL-MINUS-A))
Warnings:  None
Time:  0.00 seconds (prove: 0.00, print: 0.00, other: 0.00)
NOT-INTEGERP-2A

Summary
Form:  ( DEFTHM NOT-INTEGERP-2B ...)
Rules: ((:DEFINITION NOT)
        (:EXECUTABLE-COUNTERPART NOT)
        (:FAKE-RUNE-FOR-TYPE-SET NIL)
        (:REWRITE COMMUTATIVITY-OF-*))
Warnings:  None
Time:  0.00 seconds (prove: 0.00, print: 0.00, other: 0.00)
NOT-INTEGERP-2B

Summary
Form:  ( DEFTHM NOT-INTEGERP-2C ...)
Rules: ((:FAKE-RUNE-FOR-TYPE-SET NIL)
        (:TYPE-PRESCRIPTION NOT-INTEGERP-2A))
Warnings:  None
Time:  0.00 seconds (prove: 0.00, print: 0.00, other: 0.00)
NOT-INTEGERP-2C

Summary
Form:  ( DEFTHM NOT-INTEGERP-2D ...)
Rules: ((:DEFINITION IFF)
        (:DEFINITION NOT)
        (:EXECUTABLE-COUNTERPART NOT)
        (:EXECUTABLE-COUNTERPART RATIONALP)
        (:FAKE-RUNE-FOR-TYPE-SET NIL)
        (:REWRITE <-*-0)
        (:REWRITE COMMUTATIVITY-2-OF-*)
        (:REWRITE COMMUTATIVITY-OF-*))
Warnings:  None
Time:  0.01 seconds (prove: 0.01, print: 0.00, other: 0.00)
NOT-INTEGERP-2D

Summary
Form:  ( DEFTHM NOT-INTEGERP-2E ...)
Rules: ((:DEFINITION IFF)
        (:DEFINITION NOT)
        (:EXECUTABLE-COUNTERPART NOT)
        (:EXECUTABLE-COUNTERPART RATIONALP)
        (:FAKE-RUNE-FOR-TYPE-SET NIL)
        (:REWRITE <-*-0)
        (:REWRITE COMMUTATIVITY-2-OF-*)
        (:REWRITE COMMUTATIVITY-OF-*))
Warnings:  None
Time:  0.00 seconds (prove: 0.00, print: 0.00, other: 0.00)
NOT-INTEGERP-2E

Summary
Form:  ( DEFTHM NOT-INTEGERP-2F ...)
Rules: ((:DEFINITION NOT)
        (:FAKE-RUNE-FOR-TYPE-SET NIL)
        (:REWRITE ASSOCIATIVITY-OF-*)
        (:REWRITE DISTRIBUTIVITY-OF-/-OVER-*))
Warnings:  None
Time:  0.00 seconds (prove: 0.00, print: 0.00, other: 0.00)
NOT-INTEGERP-2F

Summary
Form:  ( DEFTHM NOT-INTEGERP-2G ...)
Rules: ((:DEFINITION NOT)
        (:FAKE-RUNE-FOR-TYPE-SET NIL)
        (:REWRITE COMMUTATIVITY-2-OF-*)
        (:REWRITE COMMUTATIVITY-OF-*))
Warnings:  None
Time:  0.01 seconds (prove: 0.01, print: 0.00, other: 0.00)
NOT-INTEGERP-2G

Summary
Form:  ( DEFTHM NOT-INTEGERP-2H ...)
Rules: ((:DEFINITION NOT)
        (:EXECUTABLE-COUNTERPART NOT)
        (:FAKE-RUNE-FOR-TYPE-SET NIL)
        (:REWRITE COMMUTATIVITY-2-OF-*)
        (:REWRITE COMMUTATIVITY-OF-*))
Warnings:  None
Time:  0.00 seconds (prove: 0.00, print: 0.00, other: 0.00)
NOT-INTEGERP-2H

Summary
Form:  ( DEFTHM NOT-INTEGERP-2I ...)
Rules: ((:FAKE-RUNE-FOR-TYPE-SET NIL)
        (:TYPE-PRESCRIPTION NOT-INTEGERP-2C))
Warnings:  None
Time:  0.00 seconds (prove: 0.00, print: 0.00, other: 0.00)
NOT-INTEGERP-2I

Summary
Form:  ( DEFTHM NOT-INTEGERP-2J ...)
Rules: ((:FAKE-RUNE-FOR-TYPE-SET NIL)
        (:TYPE-PRESCRIPTION NOT-INTEGERP-2D))
Warnings:  None
Time:  0.00 seconds (prove: 0.00, print: 0.00, other: 0.00)
NOT-INTEGERP-2J

Summary
Form:  ( DEFTHM NOT-INTEGERP-2K ...)
Rules: ((:DEFINITION FIX)
        (:DEFINITION IFF)
        (:DEFINITION NOT)
        (:EXECUTABLE-COUNTERPART IFF)
        (:EXECUTABLE-COUNTERPART NOT)
        (:EXECUTABLE-COUNTERPART RATIONALP)
        (:FAKE-RUNE-FOR-TYPE-SET NIL)
        (:REWRITE |0-<-*|)
        (:REWRITE <-*-0)
        (:REWRITE COMMUTATIVITY-2-OF-*)
        (:REWRITE COMMUTATIVITY-OF-*)
        (:REWRITE EQUAL-*-X-Y-0)
        (:TYPE-PRESCRIPTION IFF))
Warnings:  None
Time:  0.04 seconds (prove: 0.04, print: 0.00, other: 0.00)
NOT-INTEGERP-2K

Summary
Form:  ( DEFTHM NOT-INTEGERP-2L ...)
Rules: ((:DEFINITION FIX)
        (:DEFINITION IFF)
        (:DEFINITION NOT)
        (:EXECUTABLE-COUNTERPART IFF)
        (:EXECUTABLE-COUNTERPART NOT)
        (:EXECUTABLE-COUNTERPART RATIONALP)
        (:FAKE-RUNE-FOR-TYPE-SET NIL)
        (:REWRITE |0-<-*|)
        (:REWRITE <-*-0)
        (:REWRITE COMMUTATIVITY-OF-*)
        (:REWRITE EQUAL-*-X-Y-0)
        (:TYPE-PRESCRIPTION IFF))
Warnings:  None
Time:  0.02 seconds (prove: 0.01, print: 0.00, other: 0.00)
NOT-INTEGERP-2L

Summary
Form:  ( DEFTHM NOT-INTEGERP-2M ...)
Rules: ((:FAKE-RUNE-FOR-TYPE-SET NIL)
        (:TYPE-PRESCRIPTION NOT-INTEGERP-2F))
Warnings:  None
Time:  0.00 seconds (prove: 0.00, print: 0.00, other: 0.00)
NOT-INTEGERP-2M

Summary
Form:  ( DEFTHM NOT-INTEGERP-2N ...)
Rules: ((:DEFINITION IFF)
        (:DEFINITION NOT)
        (:EXECUTABLE-COUNTERPART NOT)
        (:EXECUTABLE-COUNTERPART RATIONALP)
        (:FAKE-RUNE-FOR-TYPE-SET NIL)
        (:REWRITE <-*-0)
        (:REWRITE ASSOCIATIVITY-OF-*)
        (:REWRITE COMMUTATIVITY-2-OF-*)
        (:REWRITE COMMUTATIVITY-OF-*)
        (:REWRITE DISTRIBUTIVITY-OF-/-OVER-*))
Warnings:  None
Time:  0.03 seconds (prove: 0.03, print: 0.00, other: 0.00)
NOT-INTEGERP-2N

Summary
Form:  ( DEFTHM NOT-INTEGERP-2O ...)
Rules: ((:DEFINITION IFF)
        (:DEFINITION NOT)
        (:EXECUTABLE-COUNTERPART NOT)
        (:EXECUTABLE-COUNTERPART RATIONALP)
        (:FAKE-RUNE-FOR-TYPE-SET NIL)
        (:REWRITE <-*-0)
        (:REWRITE COMMUTATIVITY-2-OF-*)
        (:REWRITE COMMUTATIVITY-OF-*))
Warnings:  None
Time:  0.03 seconds (prove: 0.03, print: 0.00, other: 0.00)
NOT-INTEGERP-2O

Summary
Form:  ( DEFTHM NOT-INTEGERP-2P ...)
Rules: ((:DEFINITION IFF)
        (:DEFINITION NOT)
        (:EXECUTABLE-COUNTERPART NOT)
        (:EXECUTABLE-COUNTERPART RATIONALP)
        (:FAKE-RUNE-FOR-TYPE-SET NIL)
        (:REWRITE <-*-0)
        (:REWRITE COMMUTATIVITY-2-OF-*)
        (:REWRITE COMMUTATIVITY-OF-*))
Warnings:  None
Time:  0.04 seconds (prove: 0.04, print: 0.00, other: 0.00)
NOT-INTEGERP-2P

Summary
Form:  ( DEFTHM NOT-INTEGERP-2Q ...)
Rules: ((:DEFINITION IFF)
        (:DEFINITION NOT)
        (:EXECUTABLE-COUNTERPART NOT)
        (:EXECUTABLE-COUNTERPART RATIONALP)
        (:FAKE-RUNE-FOR-TYPE-SET NIL)
        (:REWRITE <-*-0)
        (:REWRITE COMMUTATIVITY-2-OF-*)
        (:REWRITE COMMUTATIVITY-OF-*))
Warnings:  None
Time:  0.04 seconds (prove: 0.04, print: 0.00, other: 0.00)
NOT-INTEGERP-2Q

Summary
Form:  ( DEFTHM NOT-INTEGERP-2R ...)
Rules: ((:DEFINITION IFF)
        (:DEFINITION NOT)
        (:EXECUTABLE-COUNTERPART NOT)
        (:EXECUTABLE-COUNTERPART RATIONALP)
        (:FAKE-RUNE-FOR-TYPE-SET NIL)
        (:REWRITE <-*-0)
        (:REWRITE COMMUTATIVITY-2-OF-*)
        (:REWRITE COMMUTATIVITY-OF-*))
Warnings:  None
Time:  0.01 seconds (prove: 0.01, print: 0.00, other: 0.00)
NOT-INTEGERP-2R

Summary
Form:  ( DEFTHM NOT-INTEGERP-2S ...)
Rules: ((:DEFINITION NOT)
        (:FAKE-RUNE-FOR-TYPE-SET NIL)
        (:REWRITE ASSOCIATIVITY-OF-*)
        (:REWRITE DISTRIBUTIVITY-OF-/-OVER-*))
Warnings:  None
Time:  0.02 seconds (prove: 0.02, print: 0.00, other: 0.00)
NOT-INTEGERP-2S

Summary
Form:  ( DEFTHM NOT-INTEGERP-2T ...)
Rules: ((:DEFINITION NOT)
        (:FAKE-RUNE-FOR-TYPE-SET NIL)
        (:REWRITE COMMUTATIVITY-2-OF-*)
        (:REWRITE COMMUTATIVITY-OF-*))
Warnings:  None
Time:  0.06 seconds (prove: 0.06, print: 0.00, other: 0.00)
NOT-INTEGERP-2T

Summary
Form:  ( DEFTHM NOT-INTEGERP-2U ...)
Rules: ((:DEFINITION NOT)
        (:FAKE-RUNE-FOR-TYPE-SET NIL)
        (:REWRITE COMMUTATIVITY-2-OF-*)
        (:REWRITE COMMUTATIVITY-OF-*))
Warnings:  None
Time:  0.06 seconds (prove: 0.06, print: 0.00, other: 0.00)
NOT-INTEGERP-2U

Summary
Form:  ( DEFTHM NOT-INTEGERP-2V ...)
Rules: ((:DEFINITION NOT)
        (:EXECUTABLE-COUNTERPART NOT)
        (:FAKE-RUNE-FOR-TYPE-SET NIL)
        (:REWRITE COMMUTATIVITY-2-OF-*)
        (:REWRITE COMMUTATIVITY-OF-*))
Warnings:  None
Time:  0.03 seconds (prove: 0.03, print: 0.00, other: 0.00)
NOT-INTEGERP-2V

Summary
Form:  ( DEFTHM NOT-INTEGERP-3A ...)
Rules: ((:DEFINITION NOT)
        (:DEFINITION SYNP)
        (:FAKE-RUNE-FOR-TYPE-SET NIL)
        (:REWRITE COMMUTATIVITY-OF-*)
        (:REWRITE FUNCTIONAL-COMMUTATIVITY-OF-MINUS-*-LEFT)
        (:REWRITE RECIPROCAL-MINUS-A))
Warnings:  None
Time:  0.00 seconds (prove: 0.00, print: 0.00, other: 0.00)
NOT-INTEGERP-3A

Summary
Form:  ( DEFTHM NOT-INTEGERP-3B ...)
Rules: ((:DEFINITION NOT)
        (:EXECUTABLE-COUNTERPART NOT)
        (:FAKE-RUNE-FOR-TYPE-SET NIL)
        (:REWRITE COMMUTATIVITY-OF-*))
Warnings:  None
Time:  0.00 seconds (prove: 0.00, print: 0.00, other: 0.00)
NOT-INTEGERP-3B

Summary
Form:  ( DEFTHM NOT-INTEGERP-3C ...)
Rules: ((:FAKE-RUNE-FOR-TYPE-SET NIL)
        (:TYPE-PRESCRIPTION NOT-INTEGERP-3A))
Warnings:  None
Time:  0.00 seconds (prove: 0.00, print: 0.00, other: 0.00)
NOT-INTEGERP-3C

Summary
Form:  ( DEFTHM NOT-INTEGERP-3D ...)
Rules: ((:DEFINITION IFF)
        (:DEFINITION NOT)
        (:EXECUTABLE-COUNTERPART NOT)
        (:EXECUTABLE-COUNTERPART RATIONALP)
        (:FAKE-RUNE-FOR-TYPE-SET NIL)
        (:REWRITE |0-<-*|)
        (:REWRITE COMMUTATIVITY-2-OF-*)
        (:REWRITE COMMUTATIVITY-OF-*))
Warnings:  None
Time:  0.01 seconds (prove: 0.01, print: 0.00, other: 0.00)
NOT-INTEGERP-3D

Summary
Form:  ( DEFTHM NOT-INTEGERP-3E ...)
Rules: ((:DEFINITION IFF)
        (:DEFINITION NOT)
        (:EXECUTABLE-COUNTERPART NOT)
        (:EXECUTABLE-COUNTERPART RATIONALP)
        (:FAKE-RUNE-FOR-TYPE-SET NIL)
        (:REWRITE |0-<-*|)
        (:REWRITE COMMUTATIVITY-OF-*))
Warnings:  None
Time:  0.00 seconds (prove: 0.00, print: 0.00, other: 0.00)
NOT-INTEGERP-3E

Summary
Form:  ( DEFTHM NOT-INTEGERP-3F ...)
Rules: ((:DEFINITION NOT)
        (:FAKE-RUNE-FOR-TYPE-SET NIL)
        (:REWRITE ASSOCIATIVITY-OF-*)
        (:REWRITE DISTRIBUTIVITY-OF-/-OVER-*))
Warnings:  None
Time:  0.00 seconds (prove: 0.00, print: 0.00, other: 0.00)
NOT-INTEGERP-3F

Summary
Form:  ( DEFTHM NOT-INTEGERP-3G ...)
Rules: ((:DEFINITION NOT)
        (:FAKE-RUNE-FOR-TYPE-SET NIL)
        (:REWRITE COMMUTATIVITY-2-OF-*)
        (:REWRITE COMMUTATIVITY-OF-*))
Warnings:  None
Time:  0.01 seconds (prove: 0.01, print: 0.00, other: 0.00)
NOT-INTEGERP-3G

Summary
Form:  ( DEFTHM NOT-INTEGERP-3H ...)
Rules: ((:DEFINITION NOT)
        (:EXECUTABLE-COUNTERPART NOT)
        (:FAKE-RUNE-FOR-TYPE-SET NIL)
        (:REWRITE COMMUTATIVITY-2-OF-*)
        (:REWRITE COMMUTATIVITY-OF-*))
Warnings:  None
Time:  0.01 seconds (prove: 0.01, print: 0.00, other: 0.00)
NOT-INTEGERP-3H

Summary
Form:  ( DEFTHM NOT-INTEGERP-3I ...)
Rules: ((:FAKE-RUNE-FOR-TYPE-SET NIL)
        (:TYPE-PRESCRIPTION NOT-INTEGERP-3C))
Warnings:  None
Time:  0.00 seconds (prove: 0.00, print: 0.00, other: 0.00)
NOT-INTEGERP-3I

Summary
Form:  ( DEFTHM NOT-INTEGERP-3J ...)
Rules: ((:FAKE-RUNE-FOR-TYPE-SET NIL)
        (:TYPE-PRESCRIPTION NOT-INTEGERP-3D))
Warnings:  None
Time:  0.00 seconds (prove: 0.00, print: 0.00, other: 0.00)
NOT-INTEGERP-3J

Summary
Form:  ( DEFTHM NOT-INTEGERP-3K ...)
Rules: ((:DEFINITION FIX)
        (:DEFINITION IFF)
        (:DEFINITION NOT)
        (:EXECUTABLE-COUNTERPART IFF)
        (:EXECUTABLE-COUNTERPART NOT)
        (:EXECUTABLE-COUNTERPART RATIONALP)
        (:FAKE-RUNE-FOR-TYPE-SET NIL)
        (:REWRITE |0-<-*|)
        (:REWRITE COMMUTATIVITY-2-OF-*)
        (:REWRITE COMMUTATIVITY-OF-*)
        (:REWRITE EQUAL-*-X-Y-0)
        (:TYPE-PRESCRIPTION IFF))
Warnings:  None
Time:  0.03 seconds (prove: 0.03, print: 0.00, other: 0.00)
NOT-INTEGERP-3K

Summary
Form:  ( DEFTHM NOT-INTEGERP-3L ...)
Rules: ((:DEFINITION FIX)
        (:DEFINITION IFF)
        (:DEFINITION NOT)
        (:EXECUTABLE-COUNTERPART IFF)
        (:EXECUTABLE-COUNTERPART NOT)
        (:EXECUTABLE-COUNTERPART RATIONALP)
        (:FAKE-RUNE-FOR-TYPE-SET NIL)
        (:REWRITE |0-<-*|)
        (:REWRITE COMMUTATIVITY-OF-*)
        (:REWRITE EQUAL-*-X-Y-0)
        (:TYPE-PRESCRIPTION IFF))
Warnings:  None
Time:  0.02 seconds (prove: 0.02, print: 0.00, other: 0.00)
NOT-INTEGERP-3L

Summary
Form:  ( DEFTHM NOT-INTEGERP-3M ...)
Rules: ((:FAKE-RUNE-FOR-TYPE-SET NIL)
        (:TYPE-PRESCRIPTION NOT-INTEGERP-3F))
Warnings:  None
Time:  0.00 seconds (prove: 0.00, print: 0.00, other: 0.00)
NOT-INTEGERP-3M

Summary
Form:  ( DEFTHM NOT-INTEGERP-3N ...)
Rules: ((:DEFINITION IFF)
        (:DEFINITION NOT)
        (:EXECUTABLE-COUNTERPART NOT)
        (:EXECUTABLE-COUNTERPART RATIONALP)
        (:FAKE-RUNE-FOR-TYPE-SET NIL)
        (:REWRITE |0-<-*|)
        (:REWRITE ASSOCIATIVITY-OF-*)
        (:REWRITE COMMUTATIVITY-2-OF-*)
        (:REWRITE COMMUTATIVITY-OF-*)
        (:REWRITE DISTRIBUTIVITY-OF-/-OVER-*))
Warnings:  None
Time:  0.05 seconds (prove: 0.05, print: 0.00, other: 0.00)
NOT-INTEGERP-3N

Summary
Form:  ( DEFTHM NOT-INTEGERP-3O ...)
Rules: ((:DEFINITION IFF)
        (:DEFINITION NOT)
        (:EXECUTABLE-COUNTERPART NOT)
        (:EXECUTABLE-COUNTERPART RATIONALP)
        (:FAKE-RUNE-FOR-TYPE-SET NIL)
        (:REWRITE |0-<-*|)
        (:REWRITE COMMUTATIVITY-2-OF-*)
        (:REWRITE COMMUTATIVITY-OF-*))
Warnings:  None
Time:  0.05 seconds (prove: 0.05, print: 0.00, other: 0.00)
NOT-INTEGERP-3O

Summary
Form:  ( DEFTHM NOT-INTEGERP-3P ...)
Rules: ((:DEFINITION IFF)
        (:DEFINITION NOT)
        (:EXECUTABLE-COUNTERPART NOT)
        (:EXECUTABLE-COUNTERPART RATIONALP)
        (:FAKE-RUNE-FOR-TYPE-SET NIL)
        (:REWRITE |0-<-*|)
        (:REWRITE COMMUTATIVITY-2-OF-*)
        (:REWRITE COMMUTATIVITY-OF-*))
Warnings:  None
Time:  0.05 seconds (prove: 0.05, print: 0.00, other: 0.00)
NOT-INTEGERP-3P

Summary
Form:  ( DEFTHM NOT-INTEGERP-3Q ...)
Rules: ((:DEFINITION IFF)
        (:DEFINITION NOT)
        (:EXECUTABLE-COUNTERPART NOT)
        (:EXECUTABLE-COUNTERPART RATIONALP)
        (:FAKE-RUNE-FOR-TYPE-SET NIL)
        (:REWRITE |0-<-*|)
        (:REWRITE COMMUTATIVITY-2-OF-*)
        (:REWRITE COMMUTATIVITY-OF-*))
Warnings:  None
Time:  0.05 seconds (prove: 0.05, print: 0.00, other: 0.00)
NOT-INTEGERP-3Q

Summary
Form:  ( DEFTHM NOT-INTEGERP-3R ...)
Rules: ((:DEFINITION IFF)
        (:DEFINITION NOT)
        (:EXECUTABLE-COUNTERPART NOT)
        (:EXECUTABLE-COUNTERPART RATIONALP)
        (:FAKE-RUNE-FOR-TYPE-SET NIL)
        (:REWRITE |0-<-*|)
        (:REWRITE COMMUTATIVITY-2-OF-*)
        (:REWRITE COMMUTATIVITY-OF-*))
Warnings:  None
Time:  0.02 seconds (prove: 0.02, print: 0.00, other: 0.00)
NOT-INTEGERP-3R

Summary
Form:  ( DEFTHM NOT-INTEGERP-3S ...)
Rules: ((:DEFINITION NOT)
        (:FAKE-RUNE-FOR-TYPE-SET NIL)
        (:REWRITE ASSOCIATIVITY-OF-*)
        (:REWRITE DISTRIBUTIVITY-OF-/-OVER-*))
Warnings:  None
Time:  0.03 seconds (prove: 0.03, print: 0.00, other: 0.00)
NOT-INTEGERP-3S

Summary
Form:  ( DEFTHM NOT-INTEGERP-3T ...)
Rules: ((:DEFINITION NOT)
        (:FAKE-RUNE-FOR-TYPE-SET NIL)
        (:REWRITE COMMUTATIVITY-2-OF-*)
        (:REWRITE COMMUTATIVITY-OF-*))
Warnings:  None
Time:  0.09 seconds (prove: 0.09, print: 0.00, other: 0.00)
NOT-INTEGERP-3T

Summary
Form:  ( DEFTHM NOT-INTEGERP-3U ...)
Rules: ((:DEFINITION NOT)
        (:FAKE-RUNE-FOR-TYPE-SET NIL)
        (:REWRITE COMMUTATIVITY-2-OF-*)
        (:REWRITE COMMUTATIVITY-OF-*))
Warnings:  None
Time:  0.09 seconds (prove: 0.09, print: 0.00, other: 0.00)
NOT-INTEGERP-3U

Summary
Form:  ( DEFTHM NOT-INTEGERP-3V ...)
Rules: ((:DEFINITION NOT)
        (:EXECUTABLE-COUNTERPART NOT)
        (:FAKE-RUNE-FOR-TYPE-SET NIL)
        (:REWRITE COMMUTATIVITY-2-OF-*)
        (:REWRITE COMMUTATIVITY-OF-*))
Warnings:  None
Time:  0.04 seconds (prove: 0.04, print: 0.00, other: 0.00)
NOT-INTEGERP-3V

Summary
Form:  ( DEFTHM NOT-INTEGERP-4A ...)
Rules: ((:DEFINITION NOT)
        (:DEFINITION SYNP)
        (:FAKE-RUNE-FOR-TYPE-SET NIL)
        (:REWRITE <-0-MINUS)
        (:REWRITE COMMUTATIVITY-OF-*)
        (:REWRITE FUNCTIONAL-COMMUTATIVITY-OF-MINUS-*-RIGHT))
Warnings:  None
Time:  0.00 seconds (prove: 0.00, print: 0.00, other: 0.00)
NOT-INTEGERP-4A

Summary
Form:  ( DEFTHM NOT-INTEGERP-4B ...)
Rules: ((:DEFINITION NOT)
        (:EXECUTABLE-COUNTERPART NOT)
        (:FAKE-RUNE-FOR-TYPE-SET NIL)
        (:REWRITE COMMUTATIVITY-OF-*))
Warnings:  None
Time:  0.00 seconds (prove: 0.00, print: 0.00, other: 0.00)
NOT-INTEGERP-4B

Summary
Form:  ( DEFTHM NOT-INTEGERP-4C ...)
Rules: ((:FAKE-RUNE-FOR-TYPE-SET NIL)
        (:TYPE-PRESCRIPTION NOT-INTEGERP-4A))
Warnings:  None
Time:  0.00 seconds (prove: 0.00, print: 0.00, other: 0.00)
NOT-INTEGERP-4C

Summary
Form:  ( DEFTHM NOT-INTEGERP-4D ...)
Rules: ((:DEFINITION IFF)
        (:DEFINITION NOT)
        (:EXECUTABLE-COUNTERPART NOT)
        (:EXECUTABLE-COUNTERPART RATIONALP)
        (:FAKE-RUNE-FOR-TYPE-SET NIL)
        (:REWRITE <-*-0)
        (:REWRITE COMMUTATIVITY-2-OF-*)
        (:REWRITE COMMUTATIVITY-OF-*))
Warnings:  None
Time:  0.01 seconds (prove: 0.01, print: 0.00, other: 0.00)
NOT-INTEGERP-4D

Summary
Form:  ( DEFTHM NOT-INTEGERP-4E ...)
Rules: ((:DEFINITION IFF)
        (:DEFINITION NOT)
        (:EXECUTABLE-COUNTERPART NOT)
        (:EXECUTABLE-COUNTERPART RATIONALP)
        (:FAKE-RUNE-FOR-TYPE-SET NIL)
        (:REWRITE <-*-0)
        (:REWRITE COMMUTATIVITY-2-OF-*)
        (:REWRITE COMMUTATIVITY-OF-*))
Warnings:  None
Time:  0.00 seconds (prove: 0.00, print: 0.00, other: 0.00)
NOT-INTEGERP-4E

Summary
Form:  ( DEFTHM NOT-INTEGERP-4F ...)
Rules: ((:DEFINITION NOT)
        (:FAKE-RUNE-FOR-TYPE-SET NIL)
        (:REWRITE ASSOCIATIVITY-OF-*)
        (:REWRITE DISTRIBUTIVITY-OF-/-OVER-*))
Warnings:  None
Time:  0.01 seconds (prove: 0.01, print: 0.00, other: 0.00)
NOT-INTEGERP-4F

Summary
Form:  ( DEFTHM NOT-INTEGERP-4G ...)
Rules: ((:DEFINITION NOT)
        (:FAKE-RUNE-FOR-TYPE-SET NIL)
        (:REWRITE COMMUTATIVITY-2-OF-*)
        (:REWRITE COMMUTATIVITY-OF-*))
Warnings:  None
Time:  0.02 seconds (prove: 0.02, print: 0.00, other: 0.00)
NOT-INTEGERP-4G

Summary
Form:  ( DEFTHM NOT-INTEGERP-4H ...)
Rules: ((:DEFINITION NOT)
        (:EXECUTABLE-COUNTERPART NOT)
        (:FAKE-RUNE-FOR-TYPE-SET NIL)
        (:REWRITE COMMUTATIVITY-2-OF-*)
        (:REWRITE COMMUTATIVITY-OF-*))
Warnings:  None
Time:  0.01 seconds (prove: 0.01, print: 0.00, other: 0.00)
NOT-INTEGERP-4H

Summary
Form:  ( DEFTHM NOT-INTEGERP-4I ...)
Rules: ((:FAKE-RUNE-FOR-TYPE-SET NIL)
        (:TYPE-PRESCRIPTION NOT-INTEGERP-4C))
Warnings:  None
Time:  0.00 seconds (prove: 0.00, print: 0.00, other: 0.00)
NOT-INTEGERP-4I

Summary
Form:  ( DEFTHM NOT-INTEGERP-4J ...)
Rules: ((:FAKE-RUNE-FOR-TYPE-SET NIL)
        (:TYPE-PRESCRIPTION NOT-INTEGERP-4D))
Warnings:  None
Time:  0.00 seconds (prove: 0.00, print: 0.00, other: 0.00)
NOT-INTEGERP-4J

Summary
Form:  ( DEFTHM NOT-INTEGERP-4K ...)
Rules: ((:DEFINITION FIX)
        (:DEFINITION IFF)
        (:DEFINITION NOT)
        (:EXECUTABLE-COUNTERPART IFF)
        (:EXECUTABLE-COUNTERPART NOT)
        (:EXECUTABLE-COUNTERPART RATIONALP)
        (:FAKE-RUNE-FOR-TYPE-SET NIL)
        (:REWRITE |0-<-*|)
        (:REWRITE <-*-0)
        (:REWRITE COMMUTATIVITY-2-OF-*)
        (:REWRITE COMMUTATIVITY-OF-*)
        (:REWRITE EQUAL-*-X-Y-0)
        (:TYPE-PRESCRIPTION IFF))
Warnings:  None
Time:  0.04 seconds (prove: 0.04, print: 0.00, other: 0.00)
NOT-INTEGERP-4K

Summary
Form:  ( DEFTHM NOT-INTEGERP-4L ...)
Rules: ((:DEFINITION FIX)
        (:DEFINITION IFF)
        (:DEFINITION NOT)
        (:EXECUTABLE-COUNTERPART IFF)
        (:EXECUTABLE-COUNTERPART NOT)
        (:EXECUTABLE-COUNTERPART RATIONALP)
        (:FAKE-RUNE-FOR-TYPE-SET NIL)
        (:REWRITE |0-<-*|)
        (:REWRITE <-*-0)
        (:REWRITE COMMUTATIVITY-2-OF-*)
        (:REWRITE COMMUTATIVITY-OF-*)
        (:REWRITE EQUAL-*-X-Y-0)
        (:TYPE-PRESCRIPTION IFF))
Warnings:  None
Time:  0.02 seconds (prove: 0.02, print: 0.00, other: 0.00)
NOT-INTEGERP-4L

Summary
Form:  ( DEFTHM NOT-INTEGERP-4M ...)
Rules: ((:FAKE-RUNE-FOR-TYPE-SET NIL)
        (:TYPE-PRESCRIPTION NOT-INTEGERP-4F))
Warnings:  None
Time:  0.00 seconds (prove: 0.00, print: 0.00, other: 0.00)
NOT-INTEGERP-4M

Summary
Form:  ( DEFTHM NOT-INTEGERP-4N ...)
Rules: ((:DEFINITION IFF)
        (:DEFINITION NOT)
        (:EXECUTABLE-COUNTERPART NOT)
        (:EXECUTABLE-COUNTERPART RATIONALP)
        (:FAKE-RUNE-FOR-TYPE-SET NIL)
        (:REWRITE <-*-0)
        (:REWRITE COMMUTATIVITY-2-OF-*)
        (:REWRITE COMMUTATIVITY-OF-*))
Warnings:  None
Time:  0.06 seconds (prove: 0.06, print: 0.00, other: 0.00)
NOT-INTEGERP-4N

Summary
Form:  ( DEFTHM NOT-INTEGERP-4O ...)
Rules: ((:DEFINITION IFF)
        (:DEFINITION NOT)
        (:EXECUTABLE-COUNTERPART NOT)
        (:EXECUTABLE-COUNTERPART RATIONALP)
        (:FAKE-RUNE-FOR-TYPE-SET NIL)
        (:REWRITE <-*-0)
        (:REWRITE COMMUTATIVITY-2-OF-*)
        (:REWRITE COMMUTATIVITY-OF-*))
Warnings:  None
Time:  0.06 seconds (prove: 0.06, print: 0.00, other: 0.00)
NOT-INTEGERP-4O

Summary
Form:  ( DEFTHM NOT-INTEGERP-4P ...)
Rules: ((:DEFINITION IFF)
        (:DEFINITION NOT)
        (:EXECUTABLE-COUNTERPART NOT)
        (:EXECUTABLE-COUNTERPART RATIONALP)
        (:FAKE-RUNE-FOR-TYPE-SET NIL)
        (:REWRITE <-*-0)
        (:REWRITE COMMUTATIVITY-2-OF-*)
        (:REWRITE COMMUTATIVITY-OF-*))
Warnings:  None
Time:  0.07 seconds (prove: 0.07, print: 0.00, other: 0.00)
NOT-INTEGERP-4P

Summary
Form:  ( DEFTHM NOT-INTEGERP-4Q ...)
Rules: ((:DEFINITION IFF)
        (:DEFINITION NOT)
        (:EXECUTABLE-COUNTERPART NOT)
        (:EXECUTABLE-COUNTERPART RATIONALP)
        (:FAKE-RUNE-FOR-TYPE-SET NIL)
        (:REWRITE <-*-0)
        (:REWRITE ASSOCIATIVITY-OF-*)
        (:REWRITE COMMUTATIVITY-2-OF-*)
        (:REWRITE COMMUTATIVITY-OF-*)
        (:REWRITE DISTRIBUTIVITY-OF-/-OVER-*))
Warnings:  None
Time:  0.07 seconds (prove: 0.07, print: 0.00, other: 0.00)
NOT-INTEGERP-4Q

Summary
Form:  ( DEFTHM NOT-INTEGERP-4R ...)
Rules: ((:DEFINITION IFF)
        (:DEFINITION NOT)
        (:EXECUTABLE-COUNTERPART NOT)
        (:EXECUTABLE-COUNTERPART RATIONALP)
        (:FAKE-RUNE-FOR-TYPE-SET NIL)
        (:REWRITE <-*-0)
        (:REWRITE COMMUTATIVITY-2-OF-*))
Warnings:  None
Time:  0.02 seconds (prove: 0.02, print: 0.00, other: 0.00)
NOT-INTEGERP-4R

Summary
Form:  ( DEFTHM NOT-INTEGERP-4S ...)
Rules: ((:DEFINITION NOT)
        (:FAKE-RUNE-FOR-TYPE-SET NIL)
        (:REWRITE ASSOCIATIVITY-OF-*)
        (:REWRITE DISTRIBUTIVITY-OF-/-OVER-*))
Warnings:  None
Time:  0.04 seconds (prove: 0.04, print: 0.00, other: 0.00)
NOT-INTEGERP-4S

Summary
Form:  ( DEFTHM NOT-INTEGERP-4T ...)
Rules: ((:DEFINITION NOT)
        (:FAKE-RUNE-FOR-TYPE-SET NIL)
        (:REWRITE COMMUTATIVITY-2-OF-*)
        (:REWRITE COMMUTATIVITY-OF-*))
Warnings:  None
Time:  0.12 seconds (prove: 0.12, print: 0.00, other: 0.00)
NOT-INTEGERP-4T

Summary
Form:  ( DEFTHM NOT-INTEGERP-4U ...)
Rules: ((:DEFINITION NOT)
        (:FAKE-RUNE-FOR-TYPE-SET NIL)
        (:REWRITE COMMUTATIVITY-2-OF-*)
        (:REWRITE COMMUTATIVITY-OF-*))
Warnings:  None
Time:  0.11 seconds (prove: 0.11, print: 0.00, other: 0.00)
NOT-INTEGERP-4U

Summary
Form:  ( DEFTHM NOT-INTEGERP-4V ...)
Rules: ((:DEFINITION NOT)
        (:EXECUTABLE-COUNTERPART NOT)
        (:FAKE-RUNE-FOR-TYPE-SET NIL)
        (:REWRITE COMMUTATIVITY-2-OF-*)
        (:REWRITE COMMUTATIVITY-OF-*))
Warnings:  None
Time:  0.05 seconds (prove: 0.05, print: 0.00, other: 0.00)
NOT-INTEGERP-4V

Summary
Form:  ( DEFUN REDUCE-INTEGERP-+-FN-1 ...)
Rules: ((:DEFINITION ACL2-COUNT)
        (:DEFINITION EQ)
        (:DEFINITION FIX)
        (:DEFINITION FN-SYMB)
        (:DEFINITION NOT)
        (:DEFINITION O-FINP)
        (:DEFINITION O<)
        (:DEFINITION PROVEABLY-INTEGER)
        (:DEFINITION PSEUDO-TERM-LISTP)
        (:DEFINITION PSEUDO-TERMP)
        (:DEFINITION SYNP)
        (:DEFINITION TRUE-LISTP)
        (:ELIM CAR-CDR-ELIM)
        (:EXECUTABLE-COUNTERPART ACL2-COUNT)
        (:EXECUTABLE-COUNTERPART BINARY-+)
        (:EXECUTABLE-COUNTERPART CAR)
        (:EXECUTABLE-COUNTERPART CDR)
        (:EXECUTABLE-COUNTERPART CONS)
        (:EXECUTABLE-COUNTERPART CONSP)
        (:EXECUTABLE-COUNTERPART EQUAL)
        (:EXECUTABLE-COUNTERPART FN-SYMB)
        (:EXECUTABLE-COUNTERPART NOT)
        (:EXECUTABLE-COUNTERPART PSEUDO-TERM-LISTP)
        (:EXECUTABLE-COUNTERPART PSEUDO-TERMP)
        (:EXECUTABLE-COUNTERPART SYMBOLP)
        (:EXECUTABLE-COUNTERPART TRUE-LISTP)
        (:FAKE-RUNE-FOR-LINEAR NIL)
        (:FAKE-RUNE-FOR-TYPE-SET NIL)
        (:REWRITE CAR-CONS)
        (:REWRITE CDR-CONS)
        (:REWRITE COMMUTATIVITY-2-OF-+)
        (:REWRITE COMMUTATIVITY-OF-+)
        (:REWRITE FOLD-CONSTS-IN-+)
        (:REWRITE UNICITY-OF-0)
        (:TYPE-PRESCRIPTION ACL2-COUNT)
        (:TYPE-PRESCRIPTION PSEUDO-TERM-LISTP))
Warnings:  None
Time:  0.04 seconds (prove: 0.03, print: 0.00, other: 0.01)
REDUCE-INTEGERP-+-FN-1

Summary
Form:  ( DEFUN REDUCE-INTEGERP-+-FN ...)
Rules: ((:TYPE-PRESCRIPTION REDUCE-INTEGERP-+-FN-1))
Warnings:  None
Time:  0.00 seconds (prove: 0.00, print: 0.00, other: 0.00)
REDUCE-INTEGERP-+-FN

Summary
Form:  ( DEFTHM IFF-INTEGERP ...)
Rules: ((:DEFINITION IFF)
        (:FAKE-RUNE-FOR-TYPE-SET NIL))
Warnings:  None
Time:  0.00 seconds (prove: 0.00, print: 0.00, other: 0.00)
IFF-INTEGERP

Summary
Form:  ( DEFTHM REDUCE-INTEGERP-+ ...)
Rules: ((:DEFINITION IFF)
        (:EXECUTABLE-COUNTERPART SYNP)
        (:FAKE-RUNE-FOR-TYPE-SET NIL)
        (:REWRITE IFF-INTEGERP))
Warnings:  None
Time:  0.00 seconds (prove: 0.00, print: 0.00, other: 0.00)
REDUCE-INTEGERP-+

Summary
Form:  ( DEFTHM INTEGERP-MINUS-X ...)
Rules: ((:DEFINITION IFF)
        (:EXECUTABLE-COUNTERPART SYNP)
        (:FAKE-RUNE-FOR-TYPE-SET NIL)
        (:REWRITE IFF-INTEGERP))
Warnings:  None
Time:  0.00 seconds (prove: 0.00, print: 0.00, other: 0.00)
INTEGERP-MINUS-X

Summary
Form:  ( DEFUN FIND-INTEGERP-HYP-1 ...)
Rules: ((:FAKE-RUNE-FOR-TYPE-SET NIL))
Warnings:  None
Time:  0.02 seconds (prove: 0.00, print: 0.00, other: 0.02)
FIND-INTEGERP-HYP-1

Summary
Form:  ( DEFUN FIND-INTEGERP-HYP ...)
Rules: ((:TYPE-PRESCRIPTION FIND-INTEGERP-HYP-1))
Warnings:  None
Time:  0.00 seconds (prove: 0.00, print: 0.00, other: 0.00)
FIND-INTEGERP-HYP

Summary
Form:  ( DEFTHM |(integerp (* c x))| ...)
Rules: ((:EXECUTABLE-COUNTERPART SYNP)
        (:FAKE-RUNE-FOR-TYPE-SET NIL)
        (:REWRITE COMMUTATIVITY-2-OF-*)
        (:REWRITE COMMUTATIVITY-OF-*))
Warnings:  None
Time:  0.00 seconds (prove: 0.00, print: 0.00, other: 0.00)
|(integerp (* c x))|

Summary
Form:  ( DEFTHM NINTERGERP-EXTRA ...)
Rules: ((:DEFINITION NOT)
        (:FAKE-RUNE-FOR-TYPE-SET NIL)
        (:REWRITE FUNCTIONAL-COMMUTATIVITY-OF-EXPT-/-BASE)
        (:TYPE-PRESCRIPTION EXPT-TYPE-PRESCRIPTION-NONZERO)
        (:TYPE-PRESCRIPTION EXPT-TYPE-PRESCRIPTION-POSITIVE-1)
        (:TYPE-PRESCRIPTION EXPT-TYPE-PRESCRIPTION-POSITIVE-2)
        (:TYPE-PRESCRIPTION EXPT-TYPE-PRESCRIPTION-RATIONALP)
        (:TYPE-PRESCRIPTION NOT-INTEGERP-1B))
Warnings:  None
Time:  0.00 seconds (prove: 0.00, print: 0.00, other: 0.00)
NINTERGERP-EXTRA

Summary
Form:  ( DEFTHM INTEGERP-+-REDUCE-LEADING-RATIONAL-CONSTANT ...)
Rules: ((:DEFINITION FIX)
        (:DEFINITION IFF)
        (:DEFINITION SYNP)
        (:EXECUTABLE-COUNTERPART IF)
        (:EXECUTABLE-COUNTERPART SYNP)
        (:FAKE-RUNE-FOR-TYPE-SET NIL)
        (:REWRITE ASSOCIATIVITY-OF-+)
        (:REWRITE COMMUTATIVITY-2-OF-+)
        (:REWRITE COMMUTATIVITY-OF-+)
        (:REWRITE DEFAULT-+-2)
        (:REWRITE FUNCTIONAL-SELF-INVERSION-OF-MINUS)
        (:REWRITE IFF-INTEGERP)
        (:REWRITE MINUS-CANCELLATION-ON-RIGHT)
        (:REWRITE REDUCE-INTEGERP-+)
        (:TYPE-PRESCRIPTION FLOOR))
Warnings:  None
Time:  0.01 seconds (prove: 0.00, print: 0.00, other: 0.00)
INTEGERP-+-REDUCE-LEADING-RATIONAL-CONSTANT

Summary
Form:  ( DEFUN INDUCT-NAT ...)
Rules: ((:DEFINITION NOT))
Warnings:  None
Time:  0.01 seconds (prove: 0.00, print: 0.00, other: 0.01)
INDUCT-NAT

Summary
Form:  ( DEFTHM X-OR-X/2-4 ...)
Rules: ((:DEFINITION FIX)
        (:DEFINITION NOT)
        (:DEFINITION SYNP)
        (:EXECUTABLE-COUNTERPART BINARY-*)
        (:EXECUTABLE-COUNTERPART BINARY-+)
        (:EXECUTABLE-COUNTERPART FLOOR)
        (:EXECUTABLE-COUNTERPART UNARY--)
        (:FAKE-RUNE-FOR-TYPE-SET NIL)
        (:INDUCTION INDUCT-NAT)
        (:REWRITE <-+-NEGATIVE-0-1)
        (:REWRITE COMMUTATIVITY-OF-*)
        (:REWRITE DISTRIBUTIVITY)
        (:REWRITE INTEGERP-+-REDUCE-LEADING-RATIONAL-CONSTANT)
        (:REWRITE MINUS-CANCELLATION-ON-LEFT))
Warnings:  None
Time:  0.01 seconds (prove: 0.01, print: 0.00, other: 0.00)
X-OR-X/2-4

Summary
Form:  ( DEFTHM X-OR-X/2-5 ...)
Rules: ((:FAKE-RUNE-FOR-TYPE-SET NIL))
Warnings:  None
Time:  0.00 seconds (prove: 0.00, print: 0.00, other: 0.00)
X-OR-X/2-5

Summary
Form:  ( DEFTHM X-OR-X/2-11 ...)
Rules: ((:DEFINITION FIX)
        (:DEFINITION NOT)
        (:DEFINITION SYNP)
        (:EXECUTABLE-COUNTERPART BINARY-*)
        (:EXECUTABLE-COUNTERPART BINARY-+)
        (:EXECUTABLE-COUNTERPART FLOOR)
        (:EXECUTABLE-COUNTERPART NOT)
        (:EXECUTABLE-COUNTERPART UNARY--)
        (:FAKE-RUNE-FOR-TYPE-SET NIL)
        (:REWRITE <-MINUS-ZERO)
        (:REWRITE COMMUTATIVITY-OF-*)
        (:REWRITE DISTRIBUTIVITY)
        (:REWRITE DISTRIBUTIVITY-OF-MINUS-OVER-+)
        (:REWRITE FUNCTIONAL-COMMUTATIVITY-OF-MINUS-*-LEFT)
        (:REWRITE FUNCTIONAL-COMMUTATIVITY-OF-MINUS-*-RIGHT)
        (:REWRITE FUNCTIONAL-SELF-INVERSION-OF-MINUS)
        (:REWRITE INTEGERP-+-REDUCE-LEADING-RATIONAL-CONSTANT)
        (:REWRITE INTEGERP-MINUS-X))
Warnings:  None
Time:  0.02 seconds (prove: 0.02, print: 0.00, other: 0.00)
X-OR-X/2-11

Summary
Form:  ( DEFTHM X-OR-X/2 ...)
Rules: ((:DEFINITION NOT)
        (:EXECUTABLE-COUNTERPART BINARY-*)
        (:FAKE-RUNE-FOR-TYPE-SET NIL)
        (:REWRITE COMMUTATIVITY-OF-*)
        (:REWRITE DISTRIBUTIVITY))
Warnings:  None
Time:  0.01 seconds (prove: 0.01, print: 0.00, other: 0.00)
X-OR-X/2

Summary
Form:  ( DEFTHM EVEN-AND-ODD-ALTERNATE ...)
Rules: ((:DEFINITION FIX)
        (:DEFINITION NOT)
        (:DEFINITION SYNP)
        (:EXECUTABLE-COUNTERPART BINARY-*)
        (:FAKE-RUNE-FOR-TYPE-SET NIL)
        (:REWRITE ASSOCIATIVITY-OF-*)
        (:REWRITE COMMUTATIVITY-OF-*)
        (:REWRITE DISTRIBUTIVITY)
        (:REWRITE FOLD-CONSTS-IN-*)
        (:REWRITE UNICITY-OF-1))
Warnings:  None
Time:  0.00 seconds (prove: 0.00, print: 0.00, other: 0.00)
EVEN-AND-ODD-ALTERNATE

Summary
Form:  ( ENCAPSULATE NIL (LOCAL ...) ...)
Rules: NIL
Warnings:  None
Time:  0.05 seconds (prove: 0.04, print: 0.00, other: 0.01)
T

Summary
Form:  ( TABLE ACL2-DEFAULTS-TABLE ...)
Rules: NIL
Warnings:  None
Time:  0.00 seconds (prove: 0.00, print: 0.00, other: 0.00)
ACL2-DEFAULTS-TABLE

Summary
Form:  ( INCLUDE-BOOK "integerp" ...)
Rules: NIL
Warnings:  None
Time:  0.16 seconds (prove: 0.00, print: 0.00, other: 0.16)

"/Users/huangjianshi/src/acl2-sources/books/arithmetic-3/bind-free/integerp.fasl"


Summary
Form:  (CERTIFY-BOOK "integerp" ...)
Rules: NIL
Warnings:  None
Time:  2.39 seconds (prove: 1.94, print: 0.00, other: 0.44)
 "/Users/huangjianshi/src/acl2-sources/books/arithmetic-3/bind-free/integerp.lisp"
ACL2 !>
Exiting the ACL2 read-eval-print loop.  To re-enter, execute (LP).
* 