This is SBCL 1.0.1.34, an implementation of ANSI Common Lisp.
More information about SBCL is available at <http://www.sbcl.org/>.

SBCL is free software, provided as is, with absolutely no warranty.
It is mostly in the public domain; some portions are provided under
BSD-style licenses.  See the CREDITS and COPYING files in the
distribution for more information.

 ACL2 Version 3.1 built January 26, 2007  15:12:42.
 Copyright (C) 2006  University of Texas at Austin
 ACL2 comes with ABSOLUTELY NO WARRANTY.  This is free software and you
 are welcome to redistribute it under certain conditions.  For details,
 see the GNU General Public License.

 Initialized with (INITIALIZE-ACL2 'INCLUDE-BOOK *ACL2-PASS-2-FILES*).
 See the documentation topic note-3-1 for recent changes.
 Note: We have modified the prompt in some underlying Lisps to further
 distinguish it from the ACL2 prompt.

 NOTE!!  Proof trees are disabled in ACL2.  To enable them in emacs,
 look under the ACL2 source directory in interface/emacs/README.doc; 
 and, to turn on proof trees, execute :START-PROOF-TREE in the ACL2 
 command loop.   Look in the ACL2 documentation under PROOF-TREE.

ACL2 Version 3.1.  Level 1.  Cbd 
"/Users/huangjianshi/src/acl2-sources/books/arithmetic-3/bind-free/".
Type :help for help.
Type (good-bye) to quit completely out of ACL2.

ACL2 !>
Exiting the ACL2 read-eval-print loop.  To re-enter, execute (LP).
* 
#<PACKAGE "ACL2">
* 
ACL2 Version 3.1.  Level 1.  Cbd 
"/Users/huangjianshi/src/acl2-sources/books/arithmetic-3/bind-free/".
Type :help for help.
Type (good-bye) to quit completely out of ACL2.

ACL2 !> (PROVE PROOF-TREE
        WARNING OBSERVATION EVENT EXPANSION)
ACL2 !>
Summary
Form:  ( INCLUDE-BOOK "mini-theories-helper" ...)
Rules: NIL
Warnings:  None
Time:  0.01 seconds (prove: 0.00, print: 0.00, other: 0.01)
"/Users/huangjianshi/src/acl2-sources/books/arithmetic-3/bind-free/mini-theories-helper.lisp"

Summary
Form:  ( DEFTHM |(- x)| ...)
Rules: ((:FAKE-RUNE-FOR-LINEAR NIL)
        (:FAKE-RUNE-FOR-TYPE-SET NIL))
Warnings:  None
Time:  0.00 seconds (prove: 0.00, print: 0.00, other: 0.00)
|(- x)|

Summary
Form:  ( IN-THEORY (DISABLE ...))
Rules: NIL
Warnings:  None
Time:  0.00 seconds (prove: 0.00, print: 0.00, other: 0.00)
1797

Summary
Form:  THEORY-INVARIANT
Rules: NIL
Warnings:  None
Time:  0.00 seconds (prove: 0.00, print: 0.00, other: 0.00)
1

Summary
Form:  ( DEFTHM |(/ x)| ...)
Rules: ((:DEFINITION EXPT)
        (:DEFINITION FIX)
        (:EXECUTABLE-COUNTERPART <)
        (:EXECUTABLE-COUNTERPART BINARY-+)
        (:EXECUTABLE-COUNTERPART EQUAL)
        (:EXECUTABLE-COUNTERPART UNARY-/)
        (:EXECUTABLE-COUNTERPART ZIP)
        (:FAKE-RUNE-FOR-TYPE-SET NIL)
        (:REWRITE COMMUTATIVITY-OF-*)
        (:REWRITE UNICITY-OF-1))
Warnings:  None
Time:  0.00 seconds (prove: 0.00, print: 0.00, other: 0.00)
|(/ x)|

Summary
Form:  ( IN-THEORY (DISABLE ...))
Rules: NIL
Warnings:  None
Time:  0.00 seconds (prove: 0.00, print: 0.00, other: 0.00)
1797

Summary
Form:  THEORY-INVARIANT
Rules: NIL
Warnings:  None
Time:  0.00 seconds (prove: 0.00, print: 0.00, other: 0.00)
2

Summary
Form:  ( DEFTHM REWRITE-LINEAR-EQUALITIES-TO-IFF ...)
Rules: ((:DEFINITION IFF)
        (:FAKE-RUNE-FOR-TYPE-SET NIL))
Warnings:  None
Time:  0.00 seconds (prove: 0.00, print: 0.00, other: 0.00)
REWRITE-LINEAR-EQUALITIES-TO-IFF

Summary
Form:  ( DEFTHM EXPT-TYPE-PRESCRIPTION-NEGATIVE-BASE-EVEN-EXPONENT
...)
Rules: NIL
Warnings:  None
Time:  0.00 seconds (prove: 0.00, print: 0.00, other: 0.00)
:REDUNDANT

Summary
Form:  ( DEFTHM EXPT-TYPE-PRESCRIPTION-NEGATIVE-BASE-ODD-EXPONENT ...)
Rules: NIL
Warnings:  None
Time:  0.00 seconds (prove: 0.00, print: 0.00, other: 0.00)
:REDUNDANT

Summary
Form:  ( DEFTHM EXPT-TYPE-PRESCRIPTION-NONPOSITIVE-BASE-EVEN-EXPONENT
...)
Rules: ((:DEFINITION EXPT)
        (:DEFINITION NOT)
        (:EXECUTABLE-COUNTERPART EQUAL)
        (:EXECUTABLE-COUNTERPART FIX)
        (:FAKE-RUNE-FOR-TYPE-SET NIL)
        (:TYPE-PRESCRIPTION EXPT))
Warnings:  None
Time:  0.00 seconds (prove: 0.00, print: 0.00, other: 0.00)
EXPT-TYPE-PRESCRIPTION-NONPOSITIVE-BASE-EVEN-EXPONENT

Summary
Form:  ( DEFTHM EXPT-TYPE-PRESCRIPTION-NONPOSITIVE-BASE-ODD-EXPONENT
...)
Rules: ((:COMPOUND-RECOGNIZER ZIP-COMPOUND-RECOGNIZER)
        (:DEFINITION EXPT)
        (:DEFINITION NOT)
        (:EXECUTABLE-COUNTERPART EQUAL)
        (:EXECUTABLE-COUNTERPART FIX)
        (:EXECUTABLE-COUNTERPART NOT)
        (:FAKE-RUNE-FOR-TYPE-SET NIL)
        (:TYPE-PRESCRIPTION EXPT))
Warnings:  None
Time:  0.00 seconds (prove: 0.00, print: 0.00, other: 0.00)
EXPT-TYPE-PRESCRIPTION-NONPOSITIVE-BASE-ODD-EXPONENT

Summary
Form:  ( DEFTHM EXPT-NEGATIVE-BASE-EVEN-EXPONENT ...)
Rules: NIL
Warnings:  None
Time:  0.00 seconds (prove: 0.00, print: 0.00, other: 0.00)
:REDUNDANT

Summary
Form:  ( DEFTHM EXPT-NEGATIVE-BASE-ODD-EXPONENT ...)
Rules: NIL
Warnings:  None
Time:  0.00 seconds (prove: 0.00, print: 0.00, other: 0.00)
:REDUNDANT

Summary
Form:  ( INCLUDE-BOOK "mini-theories" ...)
Rules: NIL
Warnings:  None
Time:  0.00 seconds (prove: 0.00, print: 0.00, other: 0.00)

"/Users/huangjianshi/src/acl2-sources/books/arithmetic-3/bind-free/mini-theories.fasl"


Summary
Form:  (CERTIFY-BOOK "mini-theories" ...)
Rules: NIL
Warnings:  None
Time:  0.04 seconds (prove: 0.01, print: 0.00, other: 0.03)
 "/Users/huangjianshi/src/acl2-sources/books/arithmetic-3/bind-free/mini-theories.lisp"
ACL2 !>
Exiting the ACL2 read-eval-print loop.  To re-enter, execute (LP).
* 