This is SBCL 1.0.1.34, an implementation of ANSI Common Lisp.
More information about SBCL is available at <http://www.sbcl.org/>.

SBCL is free software, provided as is, with absolutely no warranty.
It is mostly in the public domain; some portions are provided under
BSD-style licenses.  See the CREDITS and COPYING files in the
distribution for more information.

 ACL2 Version 3.1 built January 26, 2007  15:12:42.
 Copyright (C) 2006  University of Texas at Austin
 ACL2 comes with ABSOLUTELY NO WARRANTY.  This is free software and you
 are welcome to redistribute it under certain conditions.  For details,
 see the GNU General Public License.

 Initialized with (INITIALIZE-ACL2 'INCLUDE-BOOK *ACL2-PASS-2-FILES*).
 See the documentation topic note-3-1 for recent changes.
 Note: We have modified the prompt in some underlying Lisps to further
 distinguish it from the ACL2 prompt.

 NOTE!!  Proof trees are disabled in ACL2.  To enable them in emacs,
 look under the ACL2 source directory in interface/emacs/README.doc; 
 and, to turn on proof trees, execute :START-PROOF-TREE in the ACL2 
 command loop.   Look in the ACL2 documentation under PROOF-TREE.

ACL2 Version 3.1.  Level 1.  Cbd 
"/Users/huangjianshi/src/acl2-sources/books/arithmetic-3/bind-free/".
Type :help for help.
Type (good-bye) to quit completely out of ACL2.

ACL2 !>
Exiting the ACL2 read-eval-print loop.  To re-enter, execute (LP).
* 
#<PACKAGE "ACL2">
* 
ACL2 Version 3.1.  Level 1.  Cbd 
"/Users/huangjianshi/src/acl2-sources/books/arithmetic-3/bind-free/".
Type :help for help.
Type (good-bye) to quit completely out of ACL2.

ACL2 !> (PROVE PROOF-TREE
        WARNING OBSERVATION EVENT EXPANSION)
ACL2 !>
Summary
Form:  ( INCLUDE-BOOK "../pass1/top" ...)
Rules: NIL
Warnings:  None
Time:  0.06 seconds (prove: 0.00, print: 0.00, other: 0.06)
"/Users/huangjianshi/src/acl2-sources/books/arithmetic-3/pass1/top.lisp"

Summary
Form:  ( INCLUDE-BOOK "default-hint" ...)
Rules: NIL
Warnings:  None
Time:  0.01 seconds (prove: 0.00, print: 0.00, other: 0.01)
"/Users/huangjianshi/src/acl2-sources/books/arithmetic-3/bind-free/default-hint.lisp"
((NONLINEARP-DEFAULT-HINT STABLE-UNDER-SIMPLIFICATIONP HIST PSPV))

Summary
Form:  ( IN-THEORY (DISABLE ...))
Rules: NIL
Warnings:  None
Time:  0.00 seconds (prove: 0.00, print: 0.00, other: 0.00)
1882

Summary
Form:  ( IN-ARITHMETIC-THEORY (QUOTE ...))
Rules: NIL
Warnings:  None
Time:  0.00 seconds (prove: 0.00, print: 0.00, other: 0.00)
28

Summary
Form:  ( DEFUN IND ...)
Rules: ((:DEFINITION ACL2-COUNT)
        (:DEFINITION INTEGER-ABS)
        (:DEFINITION NOT)
        (:DEFINITION O-FINP)
        (:DEFINITION O<)
        (:EXECUTABLE-COUNTERPART UNARY--)
        (:FAKE-RUNE-FOR-LINEAR NIL)
        (:FAKE-RUNE-FOR-TYPE-SET NIL)
        (:REWRITE <-+-NEGATIVE-0-1)
        (:REWRITE COMMUTATIVITY-OF-+)
        (:REWRITE DISTRIBUTIVITY-OF-MINUS-OVER-+))
Warnings:  None
Time:  0.02 seconds (prove: 0.00, print: 0.00, other: 0.01)
IND

Summary
Form:  ( DEFTHM HACK1A ...)
Rules: ((:FAKE-RUNE-FOR-TYPE-SET NIL))
Warnings:  None
Time:  0.00 seconds (prove: 0.00, print: 0.00, other: 0.00)
HACK1A

Summary
Form:  ( DEFTHM HACK1B ...)
Rules: ((:FAKE-RUNE-FOR-TYPE-SET NIL))
Warnings:  None
Time:  0.00 seconds (prove: 0.00, print: 0.00, other: 0.00)
HACK1B

Summary
Form:  ( DEFTHM ODD-AND-EVEN ...)
Rules: ((:DEFINITION NOT)
        (:DEFINITION SYNP)
        (:EXECUTABLE-COUNTERPART BINARY-*)
        (:EXECUTABLE-COUNTERPART BINARY-+)
        (:EXECUTABLE-COUNTERPART EQUAL)
        (:EXECUTABLE-COUNTERPART INTEGERP)
        (:EXECUTABLE-COUNTERPART NOT)
        (:FAKE-RUNE-FOR-TYPE-SET NIL)
        (:INDUCTION IND)
        (:REWRITE ASSOCIATIVITY-OF-+)
        (:REWRITE COMMUTATIVITY-OF-+)
        (:REWRITE DISTRIBUTIVITY)
        (:REWRITE FOLD-CONSTS-IN-+))
Warnings:  None
Time:  0.01 seconds (prove: 0.01, print: 0.00, other: 0.00)
ODD-AND-EVEN

Summary
Form:  ( ENCAPSULATE NIL (LOCAL ...) ...)
Rules: NIL
Warnings:  None
Time:  0.01 seconds (prove: 0.01, print: 0.00, other: 0.00)
T

Summary
Form:  ( DEFTHM EXPT-X-2 ...)
Rules: ((:DEFINITION EXPT)
        (:DEFINITION FIX)
        (:DEFINITION IFF)
        (:DEFINITION NOT)
        (:EXECUTABLE-COUNTERPART <)
        (:EXECUTABLE-COUNTERPART BINARY-+)
        (:EXECUTABLE-COUNTERPART NOT)
        (:EXECUTABLE-COUNTERPART ZIP)
        (:FAKE-RUNE-FOR-TYPE-SET NIL)
        (:REWRITE |0-<-*|)
        (:REWRITE EXPT-1))
Warnings:  None
Time:  0.00 seconds (prove: 0.00, print: 0.00, other: 0.00)
EXPT-X-2

Summary
Form:  ( DEFTHM <-0-EXPT-X-2 ...)
Rules: ((:DEFINITION NOT)
        (:FAKE-RUNE-FOR-TYPE-SET NIL)
        (:TYPE-PRESCRIPTION EXPT-TYPE-PRESCRIPTION-NONZERO)
        (:TYPE-PRESCRIPTION EXPT-TYPE-PRESCRIPTION-RATIONALP))
Warnings:  None
Time:  0.01 seconds (prove: 0.00, print: 0.00, other: 0.00)
<-0-EXPT-X-2

Summary
Form:  ( DEFTHM EXPT-TYPE-PRESCRIPTION-NEGATIVE-BASE-EVEN-EXPONENT
...)
Rules: ((:DEFINITION FIX)
        (:DEFINITION NOT)
        (:DEFINITION SYNP)
        (:EXECUTABLE-COUNTERPART BINARY-*)
        (:FAKE-RUNE-FOR-TYPE-SET NIL)
        (:REWRITE COMMUTATIVITY-OF-*)
        (:REWRITE EXPONENTS-MULTIPLY)
        (:REWRITE FOLD-CONSTS-IN-*)
        (:REWRITE UNICITY-OF-1)
        (:TYPE-PRESCRIPTION EXPT-TYPE-PRESCRIPTION-NONZERO)
        (:TYPE-PRESCRIPTION EXPT-TYPE-PRESCRIPTION-RATIONALP))
Warnings:  None
Time:  0.00 seconds (prove: 0.00, print: 0.00, other: 0.00)
EXPT-TYPE-PRESCRIPTION-NEGATIVE-BASE-EVEN-EXPONENT

Summary
Form:  ( DEFTHM REDUCE ...)
Rules: ((:DEFINITION EXPT)
        (:DEFINITION FIX)
        (:DEFINITION NOT)
        (:EXECUTABLE-COUNTERPART <)
        (:EXECUTABLE-COUNTERPART BINARY-+)
        (:EXECUTABLE-COUNTERPART NOT)
        (:EXECUTABLE-COUNTERPART ZIP)
        (:FAKE-RUNE-FOR-TYPE-SET NIL)
        (:REWRITE /-CANCELLATION-ON-LEFT)
        (:REWRITE COMMUTATIVITY-OF-*)
        (:REWRITE EXPONENTS-ADD-2)
        (:REWRITE EXPT-0)
        (:REWRITE UNICITY-OF-1)
        (:TYPE-PRESCRIPTION EXPT-TYPE-PRESCRIPTION-NONZERO)
        (:TYPE-PRESCRIPTION EXPT-TYPE-PRESCRIPTION-RATIONALP))
Warnings:  None
Time:  0.00 seconds (prove: 0.00, print: 0.00, other: 0.00)
REDUCE

Summary
Form:  ( DEFTHM EXPT-TYPE-PRESCRIPTION-NEGATIVE-BASE-ODD-EXPONENT ...)
Rules: ((:DEFINITION EXPT)
        (:DEFINITION FIX)
        (:DEFINITION IFF)
        (:DEFINITION NOT)
        (:EXECUTABLE-COUNTERPART <)
        (:EXECUTABLE-COUNTERPART BINARY-*)
        (:EXECUTABLE-COUNTERPART BINARY-+)
        (:EXECUTABLE-COUNTERPART NOT)
        (:EXECUTABLE-COUNTERPART ZIP)
        (:FAKE-RUNE-FOR-TYPE-SET NIL)
        (:REWRITE /-PRESERVES-POSITIVE)
        (:REWRITE |0-<-*|)
        (:REWRITE COMMUTATIVITY-OF-*)
        (:REWRITE DISTRIBUTIVITY)
        (:REWRITE EXPONENTS-ADD-2)
        (:REWRITE EXPT-0)
        (:REWRITE UNICITY-OF-1)
        (:TYPE-PRESCRIPTION EXPT-TYPE-PRESCRIPTION-NONZERO)
        (:TYPE-PRESCRIPTION EXPT-TYPE-PRESCRIPTION-RATIONALP)
        (:TYPE-PRESCRIPTION ODD-AND-EVEN))
Warnings:  None
Time:  0.00 seconds (prove: 0.00, print: 0.00, other: 0.00)
EXPT-TYPE-PRESCRIPTION-NEGATIVE-BASE-ODD-EXPONENT

Summary
Form:  ( ENCAPSULATE NIL (LOCAL ...) ...)
Rules: NIL
Warnings:  None
Time:  0.02 seconds (prove: 0.02, print: 0.00, other: 0.00)
T

Summary
Form:  ( DEFTHM EXPT-NEGATIVE-BASE-EVEN-EXPONENT ...)
Rules: ((:DEFINITION EXPT)
        (:DEFINITION FIX)
        (:DEFINITION NOT)
        (:DEFINITION SYNP)
        (:EXECUTABLE-COUNTERPART <)
        (:EXECUTABLE-COUNTERPART BINARY-*)
        (:EXECUTABLE-COUNTERPART BINARY-+)
        (:EXECUTABLE-COUNTERPART EQUAL)
        (:EXECUTABLE-COUNTERPART EXPT)
        (:EXECUTABLE-COUNTERPART FIX)
        (:EXECUTABLE-COUNTERPART INTEGERP)
        (:EXECUTABLE-COUNTERPART NOT)
        (:EXECUTABLE-COUNTERPART RATIONALP)
        (:EXECUTABLE-COUNTERPART UNARY--)
        (:EXECUTABLE-COUNTERPART ZIP)
        (:FAKE-RUNE-FOR-TYPE-SET NIL)
        (:INDUCTION IND)
        (:REWRITE COMMUTATIVITY-OF-*)
        (:REWRITE COMMUTATIVITY-OF-+)
        (:REWRITE DISTRIBUTIVITY)
        (:REWRITE DISTRIBUTIVITY-OF-EXPT-OVER-*)
        (:REWRITE EQUAL-*-Y-X-X)
        (:REWRITE EQUAL-+-X-Y-0)
        (:REWRITE EQUAL-MINUS-MINUS)
        (:REWRITE EXPONENTS-ADD-1)
        (:REWRITE EXPONENTS-ADD-2)
        (:REWRITE EXPT-0)
        (:REWRITE EXPT-1)
        (:REWRITE UNICITY-OF-1)
        (:TYPE-PRESCRIPTION EXPT-TYPE-PRESCRIPTION-INTEGERP)
        (:TYPE-PRESCRIPTION
             EXPT-TYPE-PRESCRIPTION-NEGATIVE-BASE-EVEN-EXPONENT)
        (:TYPE-PRESCRIPTION EXPT-TYPE-PRESCRIPTION-NONZERO)
        (:TYPE-PRESCRIPTION EXPT-TYPE-PRESCRIPTION-RATIONALP)
        (:TYPE-PRESCRIPTION NONNEGATIVE-PRODUCT))
Warnings:  None
Time:  0.05 seconds (prove: 0.05, print: 0.00, other: 0.00)
EXPT-NEGATIVE-BASE-EVEN-EXPONENT

Summary
Form:  ( DEFTHM EXPT-NEGATIVE-BASE-ODD-EXPONENT ...)
Rules: ((:COMPOUND-RECOGNIZER ZIP-COMPOUND-RECOGNIZER)
        (:DEFINITION EXPT)
        (:DEFINITION FIX)
        (:DEFINITION NOT)
        (:DEFINITION SYNP)
        (:EXECUTABLE-COUNTERPART <)
        (:EXECUTABLE-COUNTERPART BINARY-*)
        (:EXECUTABLE-COUNTERPART BINARY-+)
        (:EXECUTABLE-COUNTERPART EQUAL)
        (:EXECUTABLE-COUNTERPART EXPT)
        (:EXECUTABLE-COUNTERPART FIX)
        (:EXECUTABLE-COUNTERPART INTEGERP)
        (:EXECUTABLE-COUNTERPART NOT)
        (:EXECUTABLE-COUNTERPART RATIONALP)
        (:EXECUTABLE-COUNTERPART UNARY--)
        (:EXECUTABLE-COUNTERPART ZIP)
        (:FAKE-RUNE-FOR-TYPE-SET NIL)
        (:INDUCTION IND)
        (:REWRITE COMMUTATIVITY-OF-*)
        (:REWRITE COMMUTATIVITY-OF-+)
        (:REWRITE DISTRIBUTIVITY)
        (:REWRITE DISTRIBUTIVITY-OF-EXPT-OVER-*)
        (:REWRITE EQUAL-+-X-Y-0)
        (:REWRITE EQUAL-MINUS-MINUS)
        (:REWRITE EXPONENTS-ADD-1)
        (:REWRITE EXPONENTS-ADD-2)
        (:REWRITE EXPT-0)
        (:REWRITE EXPT-1)
        (:REWRITE RIGHT-CANCELLATION-FOR-*)
        (:REWRITE UNICITY-OF-1)
        (:TYPE-PRESCRIPTION EXPT-TYPE-PRESCRIPTION-INTEGERP)
        (:TYPE-PRESCRIPTION
             EXPT-TYPE-PRESCRIPTION-NEGATIVE-BASE-ODD-EXPONENT)
        (:TYPE-PRESCRIPTION EXPT-TYPE-PRESCRIPTION-NONZERO)
        (:TYPE-PRESCRIPTION EXPT-TYPE-PRESCRIPTION-RATIONALP)
        (:TYPE-PRESCRIPTION NONNEGATIVE-PRODUCT))
Warnings:  None
Time:  0.05 seconds (prove: 0.05, print: 0.00, other: 0.00)
EXPT-NEGATIVE-BASE-ODD-EXPONENT

Summary
Form:  ( INCLUDE-BOOK "mini-theories-helper" ...)
Rules: NIL
Warnings:  None
Time:  0.00 seconds (prove: 0.00, print: 0.00, other: 0.00)

"/Users/huangjianshi/src/acl2-sources/books/arithmetic-3/bind-free/mini-theories-helper.fasl"


Summary
Form:  (CERTIFY-BOOK "mini-theories-helper" ...)
Rules: NIL
Warnings:  None
Time:  0.23 seconds (prove: 0.13, print: 0.00, other: 0.10)
 "/Users/huangjianshi/src/acl2-sources/books/arithmetic-3/bind-free/mini-theories-helper.lisp"
ACL2 !>
Exiting the ACL2 read-eval-print loop.  To re-enter, execute (LP).
* 