This is SBCL 1.0.1.34, an implementation of ANSI Common Lisp.
More information about SBCL is available at <http://www.sbcl.org/>.

SBCL is free software, provided as is, with absolutely no warranty.
It is mostly in the public domain; some portions are provided under
BSD-style licenses.  See the CREDITS and COPYING files in the
distribution for more information.

 ACL2 Version 3.1 built January 26, 2007  15:12:42.
 Copyright (C) 2006  University of Texas at Austin
 ACL2 comes with ABSOLUTELY NO WARRANTY.  This is free software and you
 are welcome to redistribute it under certain conditions.  For details,
 see the GNU General Public License.

 Initialized with (INITIALIZE-ACL2 'INCLUDE-BOOK *ACL2-PASS-2-FILES*).
 See the documentation topic note-3-1 for recent changes.
 Note: We have modified the prompt in some underlying Lisps to further
 distinguish it from the ACL2 prompt.

 NOTE!!  Proof trees are disabled in ACL2.  To enable them in emacs,
 look under the ACL2 source directory in interface/emacs/README.doc; 
 and, to turn on proof trees, execute :START-PROOF-TREE in the ACL2 
 command loop.   Look in the ACL2 documentation under PROOF-TREE.

ACL2 Version 3.1.  Level 1.  Cbd 
"/Users/huangjianshi/src/acl2-sources/books/arithmetic-3/bind-free/".
Type :help for help.
Type (good-bye) to quit completely out of ACL2.

ACL2 !>
Exiting the ACL2 read-eval-print loop.  To re-enter, execute (LP).
* 
#<PACKAGE "ACL2">
* 
ACL2 Version 3.1.  Level 1.  Cbd 
"/Users/huangjianshi/src/acl2-sources/books/arithmetic-3/bind-free/".
Type :help for help.
Type (good-bye) to quit completely out of ACL2.

ACL2 !> (PROVE PROOF-TREE
        WARNING OBSERVATION EVENT EXPANSION)
ACL2 !>
Summary
Form:  ( INCLUDE-BOOK "basic" ...)
Rules: NIL
Warnings:  None
Time:  0.12 seconds (prove: 0.00, print: 0.00, other: 0.12)
"/Users/huangjianshi/src/acl2-sources/books/arithmetic-3/bind-free/basic.lisp"

Summary
Form:  ( INCLUDE-BOOK "common" ...)
Rules: NIL
Warnings:  None
Time:  0.16 seconds (prove: 0.00, print: 0.00, other: 0.16)
"/Users/huangjianshi/src/acl2-sources/books/arithmetic-3/bind-free/common.lisp"

Summary
Form:  ( IN-THEORY (ENABLE ...))
Rules: NIL
Warnings:  None
Time:  0.00 seconds (prove: 0.00, print: 0.00, other: 0.00)
1999

Summary
Form:  ( IN-THEORY (ENABLE ...))
Rules: NIL
Warnings:  None
Time:  0.00 seconds (prove: 0.00, print: 0.00, other: 0.00)
1999

Summary
Form:  ( DEFUN DISTRIBUTE-* ...)
Rules: ((:FAKE-RUNE-FOR-TYPE-SET NIL))
Warnings:  None
Time:  0.00 seconds (prove: 0.00, print: 0.00, other: 0.00)
DISTRIBUTE-*

Summary
Form:  ( DEFTHM DISTRIBUTE-*-DISTRIBUTES-1 ...)
Rules: ((:DEFINITION DISTRIBUTE-*))
Warnings:  None
Time:  0.00 seconds (prove: 0.00, print: 0.00, other: 0.00)
DISTRIBUTE-*-DISTRIBUTES-1

Summary
Form:  ( DEFTHM DISTRIBUTE-*-DISTRIBUTES-2 ...)
Rules: ((:FAKE-RUNE-FOR-TYPE-SET NIL)
        (:REWRITE |(* (+ x y) z)|)
        (:REWRITE DISTRIBUTE-*-DISTRIBUTES-1))
Warnings:  None
Time:  0.00 seconds (prove: 0.00, print: 0.00, other: 0.00)
DISTRIBUTE-*-DISTRIBUTES-2

Summary
Form:  ( IN-THEORY (DISABLE ...))
Rules: NIL
Warnings:  None
Time:  0.00 seconds (prove: 0.00, print: 0.00, other: 0.00)
2003

Summary
Form:  ( DEFUN FACTORS ...)
Rules: ((:DEFINITION ACL2-COUNT)
        (:DEFINITION EQ)
        (:DEFINITION FN-SYMB)
        (:DEFINITION NOT)
        (:DEFINITION O-FINP)
        (:DEFINITION O<)
        (:DEFINITION PSEUDO-TERM-LISTP)
        (:DEFINITION PSEUDO-TERMP)
        (:DEFINITION SYNP)
        (:DEFINITION TRUE-LISTP)
        (:ELIM CAR-CDR-ELIM)
        (:EXECUTABLE-COUNTERPART ACL2-COUNT)
        (:EXECUTABLE-COUNTERPART BINARY-+)
        (:EXECUTABLE-COUNTERPART CAR)
        (:EXECUTABLE-COUNTERPART CDR)
        (:EXECUTABLE-COUNTERPART CONSP)
        (:EXECUTABLE-COUNTERPART EQUAL)
        (:EXECUTABLE-COUNTERPART NOT)
        (:EXECUTABLE-COUNTERPART PSEUDO-TERMP)
        (:EXECUTABLE-COUNTERPART SYMBOLP)
        (:EXECUTABLE-COUNTERPART UNARY--)
        (:FAKE-RUNE-FOR-LINEAR NIL)
        (:FAKE-RUNE-FOR-TYPE-SET NIL)
        (:FORWARD-CHAINING PSEUDO-TERM-LISTP-FORWARD-TO-TRUE-LISTP)
        (:REWRITE |(+ 0 x)|)
        (:REWRITE |(+ y (+ x z))|)
        (:REWRITE |(< d (+ c x))|)
        (:REWRITE |(equal (if a b c) x)|)
        (:REWRITE CAR-CONS)
        (:REWRITE CDR-CONS)
        (:REWRITE DEFAULT-CAR)
        (:REWRITE DEFAULT-CDR)
        (:TYPE-PRESCRIPTION ACL2-COUNT)
        (:TYPE-PRESCRIPTION PSEUDO-TERM-LISTP))
Warnings:  None
Time:  0.05 seconds (prove: 0.05, print: 0.00, other: 0.01)
FACTORS

Summary
Form:  ( DEFUN FACTORS-OTHER-THAN-DENOMINATOR ...)
Rules: ((:DEFINITION ACL2-COUNT)
        (:DEFINITION EQ)
        (:DEFINITION FN-SYMB)
        (:DEFINITION NOT)
        (:DEFINITION O-FINP)
        (:DEFINITION O<)
        (:DEFINITION PSEUDO-TERM-LISTP)
        (:DEFINITION PSEUDO-TERMP)
        (:DEFINITION SYNP)
        (:DEFINITION TRUE-LISTP)
        (:ELIM CAR-CDR-ELIM)
        (:EXECUTABLE-COUNTERPART ACL2-COUNT)
        (:EXECUTABLE-COUNTERPART BINARY-+)
        (:EXECUTABLE-COUNTERPART CAR)
        (:EXECUTABLE-COUNTERPART CDR)
        (:EXECUTABLE-COUNTERPART CONSP)
        (:EXECUTABLE-COUNTERPART EQUAL)
        (:EXECUTABLE-COUNTERPART NOT)
        (:EXECUTABLE-COUNTERPART PSEUDO-TERMP)
        (:EXECUTABLE-COUNTERPART SYMBOLP)
        (:EXECUTABLE-COUNTERPART UNARY--)
        (:FAKE-RUNE-FOR-LINEAR NIL)
        (:FAKE-RUNE-FOR-TYPE-SET NIL)
        (:FORWARD-CHAINING PSEUDO-TERM-LISTP-FORWARD-TO-TRUE-LISTP)
        (:REWRITE |(+ 0 x)|)
        (:REWRITE |(+ y (+ x z))|)
        (:REWRITE |(< d (+ c x))|)
        (:REWRITE |(equal (if a b c) x)|)
        (:REWRITE CAR-CONS)
        (:REWRITE CDR-CONS)
        (:REWRITE DEFAULT-CAR)
        (:REWRITE DEFAULT-CDR)
        (:TYPE-PRESCRIPTION ACL2-COUNT)
        (:TYPE-PRESCRIPTION PSEUDO-TERM-LISTP))
Warnings:  None
Time:  0.07 seconds (prove: 0.06, print: 0.00, other: 0.01)
FACTORS-OTHER-THAN-DENOMINATOR

Summary
Form:  ( DEFUN MAKE-PRODUCT ...)
Rules: ((:DEFINITION ACL2-COUNT)
        (:DEFINITION NULL)
        (:DEFINITION O-FINP)
        (:DEFINITION O<)
        (:ELIM CAR-CDR-ELIM)
        (:FAKE-RUNE-FOR-LINEAR NIL)
        (:FAKE-RUNE-FOR-TYPE-SET NIL)
        (:REWRITE |(+ y (+ x z))|)
        (:REWRITE CAR-CONS)
        (:REWRITE CDR-CONS)
        (:TYPE-PRESCRIPTION ACL2-COUNT))
Warnings:  None
Time:  0.02 seconds (prove: 0.01, print: 0.00, other: 0.01)
MAKE-PRODUCT

Summary
Form:  ( DEFUN NUMBER-OF-ADDENDS ...)
Rules: ((:DEFINITION ACL2-COUNT)
        (:DEFINITION EQ)
        (:DEFINITION FN-SYMB)
        (:DEFINITION NOT)
        (:DEFINITION O-FINP)
        (:DEFINITION O<)
        (:DEFINITION PSEUDO-TERM-LISTP)
        (:DEFINITION PSEUDO-TERMP)
        (:DEFINITION SYNP)
        (:DEFINITION TRUE-LISTP)
        (:ELIM CAR-CDR-ELIM)
        (:EXECUTABLE-COUNTERPART ACL2-COUNT)
        (:EXECUTABLE-COUNTERPART BINARY-+)
        (:EXECUTABLE-COUNTERPART CAR)
        (:EXECUTABLE-COUNTERPART CDR)
        (:EXECUTABLE-COUNTERPART CONSP)
        (:EXECUTABLE-COUNTERPART EQUAL)
        (:EXECUTABLE-COUNTERPART NOT)
        (:EXECUTABLE-COUNTERPART PSEUDO-TERMP)
        (:EXECUTABLE-COUNTERPART SYMBOLP)
        (:EXECUTABLE-COUNTERPART UNARY--)
        (:FAKE-RUNE-FOR-LINEAR NIL)
        (:FAKE-RUNE-FOR-TYPE-SET NIL)
        (:FORWARD-CHAINING PSEUDO-TERM-LISTP-FORWARD-TO-TRUE-LISTP)
        (:REWRITE |(+ 0 x)|)
        (:REWRITE |(+ y (+ x z))|)
        (:REWRITE |(< d (+ c x))|)
        (:REWRITE |(equal (if a b c) x)|)
        (:REWRITE CAR-CONS)
        (:REWRITE CDR-CONS)
        (:REWRITE DEFAULT-CAR)
        (:REWRITE DEFAULT-CDR)
        (:TYPE-PRESCRIPTION ACL2-COUNT)
        (:TYPE-PRESCRIPTION NUMBER-OF-ADDENDS)
        (:TYPE-PRESCRIPTION PSEUDO-TERM-LISTP))
Warnings:  None
Time:  0.03 seconds (prove: 0.03, print: 0.00, other: 0.00)
NUMBER-OF-ADDENDS

Summary
Form:  ( DEFUN FIND-DENOMINATORS-WITH-SUMS ...)
Rules: ((:DEFINITION ACL2-COUNT)
        (:DEFINITION ATOM)
        (:DEFINITION EQ)
        (:DEFINITION FN-SYMB)
        (:DEFINITION NOT)
        (:DEFINITION O-FINP)
        (:DEFINITION O<)
        (:DEFINITION PSEUDO-TERM-LISTP)
        (:DEFINITION PSEUDO-TERMP)
        (:DEFINITION SYNP)
        (:DEFINITION TRUE-LISTP)
        (:ELIM CAR-CDR-ELIM)
        (:EXECUTABLE-COUNTERPART ACL2-COUNT)
        (:EXECUTABLE-COUNTERPART BINARY-+)
        (:EXECUTABLE-COUNTERPART CAR)
        (:EXECUTABLE-COUNTERPART CDR)
        (:EXECUTABLE-COUNTERPART CONSP)
        (:EXECUTABLE-COUNTERPART EQUAL)
        (:EXECUTABLE-COUNTERPART NOT)
        (:EXECUTABLE-COUNTERPART PSEUDO-TERMP)
        (:EXECUTABLE-COUNTERPART SYMBOLP)
        (:EXECUTABLE-COUNTERPART UNARY--)
        (:FAKE-RUNE-FOR-LINEAR NIL)
        (:FAKE-RUNE-FOR-TYPE-SET NIL)
        (:FORWARD-CHAINING PSEUDO-TERM-LISTP-FORWARD-TO-TRUE-LISTP)
        (:REWRITE |(+ 0 x)|)
        (:REWRITE |(+ y (+ x z))|)
        (:REWRITE |(< d (+ c x))|)
        (:REWRITE |(equal (if a b c) x)|)
        (:REWRITE CAR-CONS)
        (:REWRITE CDR-CONS)
        (:REWRITE DEFAULT-CAR)
        (:REWRITE DEFAULT-CDR)
        (:TYPE-PRESCRIPTION ACL2-COUNT)
        (:TYPE-PRESCRIPTION NUMBER-OF-ADDENDS)
        (:TYPE-PRESCRIPTION PSEUDO-TERM-LISTP))
Warnings:  None
Time:  0.11 seconds (prove: 0.09, print: 0.00, other: 0.02)
FIND-DENOMINATORS-WITH-SUMS

Summary
Form:  ( DEFUN TO-BE-FOUND ...)
Rules: ((:DEFINITION ACL2-COUNT)
        (:DEFINITION EQ)
        (:DEFINITION FN-SYMB)
        (:DEFINITION NOT)
        (:DEFINITION O-FINP)
        (:DEFINITION O<)
        (:DEFINITION PSEUDO-TERM-LISTP)
        (:DEFINITION PSEUDO-TERMP)
        (:DEFINITION SYNP)
        (:DEFINITION TRUE-LISTP)
        (:ELIM CAR-CDR-ELIM)
        (:EXECUTABLE-COUNTERPART ACL2-COUNT)
        (:EXECUTABLE-COUNTERPART BINARY-+)
        (:EXECUTABLE-COUNTERPART CAR)
        (:EXECUTABLE-COUNTERPART CDR)
        (:EXECUTABLE-COUNTERPART EQUAL)
        (:EXECUTABLE-COUNTERPART FACTORS)
        (:EXECUTABLE-COUNTERPART NOT)
        (:EXECUTABLE-COUNTERPART PSEUDO-TERMP)
        (:EXECUTABLE-COUNTERPART SYMBOLP)
        (:EXECUTABLE-COUNTERPART UNARY--)
        (:FAKE-RUNE-FOR-LINEAR NIL)
        (:FAKE-RUNE-FOR-TYPE-SET NIL)
        (:REWRITE |(+ 0 x)|)
        (:REWRITE |(+ y (+ x z))|)
        (:REWRITE |(< d (+ c x))|)
        (:REWRITE |(equal (if a b c) x)|)
        (:REWRITE CAR-CONS)
        (:REWRITE CDR-CONS)
        (:REWRITE DEFAULT-CAR)
        (:REWRITE DEFAULT-CDR)
        (:TYPE-PRESCRIPTION ACL2-COUNT)
        (:TYPE-PRESCRIPTION FACTORS)
        (:TYPE-PRESCRIPTION PSEUDO-TERM-LISTP)
        (:TYPE-PRESCRIPTION PSEUDO-TERMP)
        (:TYPE-PRESCRIPTION REVERSE))
Warnings:  None
Time:  0.04 seconds (prove: 0.03, print: 0.00, other: 0.01)
TO-BE-FOUND

Summary
Form:  ( DEFUN SET-EQUAL ...)
Rules: ((:TYPE-PRESCRIPTION SUBSETP-EQUAL))
Warnings:  None
Time:  0.00 seconds (prove: 0.00, print: 0.00, other: 0.00)
SET-EQUAL

Summary
Form:  ( DEFUN REMAINDER-AAA ...)
Rules: ((:DEFINITION ACL2-COUNT)
        (:DEFINITION ENDP)
        (:DEFINITION EQ)
        (:DEFINITION FN-SYMB)
        (:DEFINITION NOT)
        (:DEFINITION NULL)
        (:DEFINITION O-FINP)
        (:DEFINITION O<)
        (:DEFINITION PSEUDO-TERM-LISTP)
        (:DEFINITION PSEUDO-TERMP)
        (:DEFINITION SET-EQUAL)
        (:DEFINITION SUBSETP-EQUAL)
        (:DEFINITION SYNP)
        (:DEFINITION TRUE-LIST-LISTP)
        (:DEFINITION TRUE-LISTP)
        (:ELIM CAR-CDR-ELIM)
        (:EXECUTABLE-COUNTERPART ACL2-COUNT)
        (:EXECUTABLE-COUNTERPART BINARY-+)
        (:EXECUTABLE-COUNTERPART CAR)
        (:EXECUTABLE-COUNTERPART CDR)
        (:EXECUTABLE-COUNTERPART CONSP)
        (:EXECUTABLE-COUNTERPART EQUAL)
        (:EXECUTABLE-COUNTERPART FACTORS)
        (:EXECUTABLE-COUNTERPART NOT)
        (:EXECUTABLE-COUNTERPART PSEUDO-TERM-LISTP)
        (:EXECUTABLE-COUNTERPART PSEUDO-TERMP)
        (:EXECUTABLE-COUNTERPART SYMBOLP)
        (:EXECUTABLE-COUNTERPART UNARY--)
        (:FAKE-RUNE-FOR-LINEAR NIL)
        (:FAKE-RUNE-FOR-TYPE-SET NIL)
        (:FORWARD-CHAINING PSEUDO-TERM-LISTP-FORWARD-TO-TRUE-LISTP)
        (:FORWARD-CHAINING TRUE-LIST-LISTP-FORWARD-TO-TRUE-LISTP)
        (:REWRITE |(+ 0 x)|)
        (:REWRITE |(+ y (+ x z))|)
        (:REWRITE |(< d (+ c x))|)
        (:REWRITE |(equal (if a b c) x)|)
        (:REWRITE CAR-CONS)
        (:REWRITE CDR-CONS)
        (:REWRITE DEFAULT-CAR)
        (:REWRITE DEFAULT-CDR)
        (:TYPE-PRESCRIPTION ACL2-COUNT)
        (:TYPE-PRESCRIPTION FACTORS)
        (:TYPE-PRESCRIPTION PSEUDO-TERM-LISTP)
        (:TYPE-PRESCRIPTION PSEUDO-TERMP)
        (:TYPE-PRESCRIPTION TRUE-LIST-LISTP))
Warnings:  None
Time:  0.10 seconds (prove: 0.08, print: 0.00, other: 0.01)
REMAINDER-AAA

Summary
Form:  ( DEFTHM TEST381 ...)
Rules: ((:DEFINITION ENDP)
        (:DEFINITION NOT)
        (:DEFINITION REVAPPEND)
        (:DEFINITION TRUE-LIST-LISTP)
        (:EXECUTABLE-COUNTERPART CONSP)
        (:FAKE-RUNE-FOR-TYPE-SET NIL)
        (:FORWARD-CHAINING TRUE-LIST-LISTP-FORWARD-TO-TRUE-LISTP)
        (:INDUCTION REVAPPEND)
        (:INDUCTION TRUE-LIST-LISTP)
        (:REWRITE CAR-CONS)
        (:REWRITE CDR-CONS)
        (:TYPE-PRESCRIPTION TRUE-LIST-LISTP)
        (:TYPE-PRESCRIPTION TRUE-LISTP))
Warnings:  None
Time:  0.00 seconds (prove: 0.00, print: 0.00, other: 0.00)
TEST381

Summary
Form:  ( DEFTHM TEST382 ...)
Rules: ((:DEFINITION BINARY-APPEND)
        (:DEFINITION ENDP)
        (:DEFINITION NOT)
        (:FAKE-RUNE-FOR-TYPE-SET NIL)
        (:INDUCTION BINARY-APPEND)
        (:TYPE-PRESCRIPTION TRUE-LISTP))
Warnings:  None
Time:  0.00 seconds (prove: 0.00, print: 0.00, other: 0.00)
TEST382

Summary
Form:  ( DEFTHM TEST392 ...)
Rules: ((:DEFINITION BINARY-APPEND)
        (:DEFINITION EQ)
        (:DEFINITION FACTORS)
        (:DEFINITION FN-SYMB)
        (:DEFINITION NOT)
        (:DEFINITION PSEUDO-TERM-LISTP)
        (:DEFINITION PSEUDO-TERMP)
        (:DEFINITION REVAPPEND)
        (:DEFINITION REVERSE)
        (:DEFINITION TO-BE-FOUND)
        (:DEFINITION TRUE-LIST-LISTP)
        (:DEFINITION TRUE-LISTP)
        (:EXECUTABLE-COUNTERPART CAR)
        (:EXECUTABLE-COUNTERPART CDR)
        (:EXECUTABLE-COUNTERPART CONSP)
        (:EXECUTABLE-COUNTERPART EQUAL)
        (:EXECUTABLE-COUNTERPART FACTORS)
        (:EXECUTABLE-COUNTERPART FN-SYMB)
        (:EXECUTABLE-COUNTERPART PSEUDO-TERMP)
        (:EXECUTABLE-COUNTERPART SYMBOLP)
        (:EXECUTABLE-COUNTERPART TRUE-LIST-LISTP)
        (:FAKE-RUNE-FOR-TYPE-SET NIL)
        (:FORWARD-CHAINING TRUE-LIST-LISTP-FORWARD-TO-TRUE-LISTP)
        (:INDUCTION TO-BE-FOUND)
        (:REWRITE |(equal (if a b c) x)|)
        (:REWRITE CAR-CONS)
        (:REWRITE CDR-CONS)
        (:REWRITE TEST381)
        (:REWRITE TEST382)
        (:TYPE-PRESCRIPTION INTERSECTP-EQUAL)
        (:TYPE-PRESCRIPTION PSEUDO-TERM-LISTP)
        (:TYPE-PRESCRIPTION TRUE-LIST-LISTP))
Warnings:  None
Time:  0.04 seconds (prove: 0.04, print: 0.00, other: 0.00)
TEST392

Summary
Form:  ( DEFTHM TEST-302 ...)
Rules: ((:DEFINITION LENGTH)
        (:DEFINITION NOT)
        (:DEFINITION PSEUDO-TERM-LISTP)
        (:DEFINITION PSEUDO-TERMP)
        (:DEFINITION TRUE-LISTP)
        (:EXECUTABLE-COUNTERPART CAR)
        (:EXECUTABLE-COUNTERPART EQUAL)
        (:EXECUTABLE-COUNTERPART LENGTH)
        (:EXECUTABLE-COUNTERPART PSEUDO-TERMP)
        (:REWRITE |(equal (if a b c) x)|)
        (:TYPE-PRESCRIPTION PSEUDO-TERMP))
Warnings:  None
Time:  0.00 seconds (prove: 0.00, print: 0.00, other: 0.00)
TEST-302

Summary
Form:  ( DEFTHM TEST-303 ...)
Rules: ((:DEFINITION LEN)
        (:DEFINITION LENGTH)
        (:DEFINITION NOT)
        (:DEFINITION PSEUDO-TERM-LISTP)
        (:DEFINITION PSEUDO-TERMP)
        (:DEFINITION SYNP)
        (:DEFINITION TRUE-LISTP)
        (:ELIM CAR-CDR-ELIM)
        (:EXECUTABLE-COUNTERPART BINARY-+)
        (:EXECUTABLE-COUNTERPART CAR)
        (:EXECUTABLE-COUNTERPART CDR)
        (:EXECUTABLE-COUNTERPART CONSP)
        (:EXECUTABLE-COUNTERPART EQUAL)
        (:EXECUTABLE-COUNTERPART LEN)
        (:EXECUTABLE-COUNTERPART NOT)
        (:EXECUTABLE-COUNTERPART PSEUDO-TERMP)
        (:EXECUTABLE-COUNTERPART SYMBOLP)
        (:EXECUTABLE-COUNTERPART UNARY--)
        (:FAKE-RUNE-FOR-TYPE-SET NIL)
        (:FORWARD-CHAINING PSEUDO-TERM-LISTP-FORWARD-TO-TRUE-LISTP)
        (:FORWARD-CHAINING SYMBOL-LISTP-FORWARD-TO-TRUE-LISTP)
        (:REWRITE |(equal (+ c x y) d)|)
        (:REWRITE |(equal (+ c x) d)|)
        (:REWRITE |(equal (if a b c) x)|)
        (:REWRITE CAR-CONS)
        (:REWRITE CDR-CONS)
        (:TYPE-PRESCRIPTION LEN)
        (:TYPE-PRESCRIPTION PSEUDO-TERM-LISTP)
        (:TYPE-PRESCRIPTION PSEUDO-TERMP)
        (:TYPE-PRESCRIPTION SYMBOL-LISTP))
Warnings:  None
Time:  0.06 seconds (prove: 0.06, print: 0.00, other: 0.00)
TEST-303

Summary
Form:  ( DEFUN DENOMINATORP ...)
Rules: NIL
Warnings:  None
Time:  0.00 seconds (prove: 0.00, print: 0.00, other: 0.00)
DENOMINATORP

Summary
Form:  ( DEFUN NORMALIZE-TERMS-SUCH-AS-A/A+B-+-B/A+B-FN-2 ...)
Rules: ((:DEFINITION DENOMINATORP)
        (:DEFINITION NOT)
        (:DEFINITION PSEUDO-TERMP)
        (:DEFINITION TRUE-LISTP)
        (:EXECUTABLE-COUNTERPART PSEUDO-TERMP)
        (:EXECUTABLE-COUNTERPART TRUE-LIST-LISTP)
        (:EXECUTABLE-COUNTERPART TRUE-LISTP)
        (:FAKE-RUNE-FOR-TYPE-SET NIL)
        (:REWRITE TEST-302)
        (:REWRITE TEST-303)
        (:REWRITE TEST392)
        (:TYPE-PRESCRIPTION FACTORS)
        (:TYPE-PRESCRIPTION FACTORS-OTHER-THAN-DENOMINATOR)
        (:TYPE-PRESCRIPTION PSEUDO-TERMP)
        (:TYPE-PRESCRIPTION SET-DIFFERENCE-EQUAL))
Warnings:  None
Time:  0.03 seconds (prove: 0.02, print: 0.00, other: 0.01)
NORMALIZE-TERMS-SUCH-AS-A/A+B-+-B/A+B-FN-2

Summary
Form:  ( DEFUN DENOMINATOR-LIST-P ...)
Rules: ((:FAKE-RUNE-FOR-TYPE-SET NIL))
Warnings:  None
Time:  0.00 seconds (prove: 0.00, print: 0.00, other: 0.00)
DENOMINATOR-LIST-P

Summary
Form:  ( DEFUN NORMALIZE-TERMS-SUCH-AS-A/A+B-+-B/A+B-FN-1 ...)
Rules: ((:DEFINITION DENOMINATOR-LIST-P)
        (:DEFINITION DENOMINATORP)
        (:DEFINITION ENDP)
        (:DEFINITION NORMALIZE-TERMS-SUCH-AS-A/A+B-+-B/A+B-FN-2)
        (:DEFINITION NOT)
        (:DEFINITION PSEUDO-TERMP)
        (:EXECUTABLE-COUNTERPART EQUAL)
        (:FAKE-RUNE-FOR-TYPE-SET NIL)
        (:TYPE-PRESCRIPTION DENOMINATOR-LIST-P)
        (:TYPE-PRESCRIPTION NORMALIZE-TERMS-SUCH-AS-A/A+B-+-B/A+B-FN-2)
        (:TYPE-PRESCRIPTION PSEUDO-TERMP))
Warnings:  None
Time:  0.05 seconds (prove: 0.04, print: 0.00, other: 0.01)
NORMALIZE-TERMS-SUCH-AS-A/A+B-+-B/A+B-FN-1

Summary
Form:  ( DEFTHM TEST-928 ...)
Rules: ((:DEFINITION DENOMINATOR-LIST-P)
        (:DEFINITION DENOMINATORP)
        (:DEFINITION EQ)
        (:DEFINITION FIND-DENOMINATORS-WITH-SUMS)
        (:DEFINITION FN-SYMB)
        (:DEFINITION NOT)
        (:DEFINITION PSEUDO-TERM-LISTP)
        (:DEFINITION PSEUDO-TERMP)
        (:DEFINITION TRUE-LISTP)
        (:EXECUTABLE-COUNTERPART CAR)
        (:EXECUTABLE-COUNTERPART CDR)
        (:EXECUTABLE-COUNTERPART CONSP)
        (:EXECUTABLE-COUNTERPART EQUAL)
        (:EXECUTABLE-COUNTERPART FN-SYMB)
        (:EXECUTABLE-COUNTERPART NUMBER-OF-ADDENDS)
        (:EXECUTABLE-COUNTERPART SYMBOLP)
        (:FAKE-RUNE-FOR-TYPE-SET NIL)
        (:FORWARD-CHAINING PSEUDO-TERM-LISTP-FORWARD-TO-TRUE-LISTP)
        (:INDUCTION FIND-DENOMINATORS-WITH-SUMS)
        (:REWRITE |(equal (if a b c) x)|)
        (:REWRITE CAR-CONS)
        (:REWRITE CDR-CONS)
        (:REWRITE DEFAULT-CAR)
        (:REWRITE TEST-302)
        (:REWRITE TEST-303)
        (:TYPE-PRESCRIPTION DENOMINATOR-LIST-P)
        (:TYPE-PRESCRIPTION NUMBER-OF-ADDENDS)
        (:TYPE-PRESCRIPTION PSEUDO-TERM-LISTP)
        (:TYPE-PRESCRIPTION PSEUDO-TERMP))
Warnings:  None
Time:  0.74 seconds (prove: 0.74, print: 0.00, other: 0.00)
TEST-928

Summary
Form:  ( DEFUN NORMALIZE-TERMS-SUCH-AS-A/A+B-+-B/A+B-FN ...)
Rules: ((:DEFINITION EQ)
        (:DEFINITION FN-SYMB)
        (:DEFINITION NOT)
        (:EXECUTABLE-COUNTERPART DENOMINATOR-LIST-P)
        (:EXECUTABLE-COUNTERPART EQUAL)
        (:FAKE-RUNE-FOR-TYPE-SET NIL)
        (:REWRITE |(equal (if a b c) x)|)
        (:REWRITE TEST-928)
        (:TYPE-PRESCRIPTION NORMALIZE-TERMS-SUCH-AS-A/A+B-+-B/A+B-FN-1)
        (:TYPE-PRESCRIPTION NUMBER-OF-ADDENDS)
        (:TYPE-PRESCRIPTION PSEUDO-TERMP))
Warnings:  None
Time:  0.01 seconds (prove: 0.00, print: 0.00, other: 0.01)
NORMALIZE-TERMS-SUCH-AS-A/A+B-+-B/A+B-FN

Summary
Form:  ( INCLUDE-BOOK "../pass1/top" ...)
Rules: NIL
Warnings:  None
Time:  0.05 seconds (prove: 0.00, print: 0.00, other: 0.05)
"/Users/huangjianshi/src/acl2-sources/books/arithmetic-3/pass1/top.lisp"

Summary
Form:  ( DEFTHM NORMALIZE-TERMS-SUCH-AS-A/A+B-+-B/A+B ...)
Rules: ((:DEFINITION FIX)
        (:DEFINITION SYNP)
        (:EXECUTABLE-COUNTERPART EQUAL)
        (:EXECUTABLE-COUNTERPART SYNP)
        (:FAKE-RUNE-FOR-TYPE-SET NIL)
        (:REWRITE |(* (+ x y) z)|)
        (:REWRITE |(* a (/ a))|)
        (:REWRITE |(* x (+ y z))|)
        (:REWRITE |(* x (if a b c))|)
        (:REWRITE |(* y x)|)
        (:REWRITE |(+ (+ x y) z)|)
        (:REWRITE |(+ (if a b c) x)|)
        (:REWRITE |(+ 0 x)|)
        (:REWRITE |(+ x (if a b c))|)
        (:REWRITE |(+ y x)|)
        (:REWRITE |(equal (if a b c) x)|)
        (:REWRITE COMMUTATIVITY-2-OF-*)
        (:REWRITE COMMUTATIVITY-2-OF-+)
        (:REWRITE DISTRIBUTE-*-DISTRIBUTES-1)
        (:REWRITE EQUAL-+-X-Y-Y)
        (:REWRITE FUNCTIONAL-COMMUTATIVITY-OF-MINUS-*-LEFT)
        (:REWRITE FUNCTIONAL-COMMUTATIVITY-OF-MINUS-*-RIGHT)
        (:REWRITE MINUS-CANCELLATION-ON-RIGHT)
        (:REWRITE UNICITY-OF-1))
Warnings:  None
Time:  0.00 seconds (prove: 0.00, print: 0.00, other: 0.00)
NORMALIZE-TERMS-SUCH-AS-A/A+B-+-B/A+B

Summary
Form:  ( ENCAPSULATE NIL (LOCAL ...) ...)
Rules: NIL
Warnings:  None
Time:  0.06 seconds (prove: 0.00, print: 0.00, other: 0.05)
T

Summary
Form:  ( DEFUN REMAINDER-BBB ...)
Rules: ((:DEFINITION ACL2-COUNT)
        (:DEFINITION EQ)
        (:DEFINITION FN-SYMB)
        (:DEFINITION NOT)
        (:DEFINITION O-FINP)
        (:DEFINITION O<)
        (:DEFINITION PSEUDO-TERMP)
        (:DEFINITION SYNP)
        (:DEFINITION TRUE-LISTP)
        (:ELIM CAR-CDR-ELIM)
        (:EXECUTABLE-COUNTERPART ACL2-COUNT)
        (:EXECUTABLE-COUNTERPART BINARY-+)
        (:EXECUTABLE-COUNTERPART CAR)
        (:EXECUTABLE-COUNTERPART EQUAL)
        (:EXECUTABLE-COUNTERPART NOT)
        (:EXECUTABLE-COUNTERPART SYMBOLP)
        (:EXECUTABLE-COUNTERPART UNARY--)
        (:FAKE-RUNE-FOR-LINEAR NIL)
        (:FAKE-RUNE-FOR-TYPE-SET NIL)
        (:REWRITE |(+ 0 x)|)
        (:REWRITE |(+ y (+ x z))|)
        (:REWRITE |(< d (+ c x))|)
        (:REWRITE |(equal (if a b c) x)|)
        (:REWRITE CAR-CONS)
        (:REWRITE CDR-CONS)
        (:REWRITE DEFAULT-CAR)
        (:REWRITE DEFAULT-CDR)
        (:REWRITE TEST-302)
        (:REWRITE TEST-303)
        (:TYPE-PRESCRIPTION ACL2-COUNT)
        (:TYPE-PRESCRIPTION FACTORS)
        (:TYPE-PRESCRIPTION PSEUDO-TERMP)
        (:TYPE-PRESCRIPTION SET-DIFFERENCE-EQUAL))
Warnings:  None
Time:  0.02 seconds (prove: 0.02, print: 0.00, other: 0.01)
REMAINDER-BBB

Summary
Form:  ( DEFUN INTERSECTION-EQUAL ...)
Rules: ((:FAKE-RUNE-FOR-TYPE-SET NIL))
Warnings:  None
Time:  0.01 seconds (prove: 0.00, print: 0.00, other: 0.01)
INTERSECTION-EQUAL

Summary
Form:  ( DEFUN COMMON-FACTORS ...)
Rules: ((:DEFINITION ACL2-COUNT)
        (:DEFINITION ENDP)
        (:DEFINITION EQ)
        (:DEFINITION FACTORS)
        (:DEFINITION FN-SYMB)
        (:DEFINITION INTERSECTION-EQUAL)
        (:DEFINITION MEMBER-EQUAL)
        (:DEFINITION NOT)
        (:DEFINITION NULL)
        (:DEFINITION O-FINP)
        (:DEFINITION O<)
        (:DEFINITION PSEUDO-TERM-LISTP)
        (:DEFINITION PSEUDO-TERMP)
        (:DEFINITION SYNP)
        (:DEFINITION TRUE-LISTP)
        (:ELIM CAR-CDR-ELIM)
        (:EXECUTABLE-COUNTERPART ACL2-COUNT)
        (:EXECUTABLE-COUNTERPART BINARY-+)
        (:EXECUTABLE-COUNTERPART CAR)
        (:EXECUTABLE-COUNTERPART CDR)
        (:EXECUTABLE-COUNTERPART CONS)
        (:EXECUTABLE-COUNTERPART CONSP)
        (:EXECUTABLE-COUNTERPART EQUAL)
        (:EXECUTABLE-COUNTERPART FACTORS)
        (:EXECUTABLE-COUNTERPART INTERSECTION-EQUAL)
        (:EXECUTABLE-COUNTERPART MEMBER-EQUAL)
        (:EXECUTABLE-COUNTERPART NOT)
        (:EXECUTABLE-COUNTERPART PSEUDO-TERM-LISTP)
        (:EXECUTABLE-COUNTERPART PSEUDO-TERMP)
        (:EXECUTABLE-COUNTERPART SYMBOLP)
        (:EXECUTABLE-COUNTERPART UNARY--)
        (:FAKE-RUNE-FOR-LINEAR NIL)
        (:FAKE-RUNE-FOR-TYPE-SET NIL)
        (:FORWARD-CHAINING PSEUDO-TERM-LISTP-FORWARD-TO-TRUE-LISTP)
        (:INDUCTION FACTORS)
        (:INDUCTION INTERSECTION-EQUAL)
        (:REWRITE |(+ 0 x)|)
        (:REWRITE |(+ y (+ x z))|)
        (:REWRITE |(< d (+ c x))|)
        (:REWRITE |(equal (if a b c) x)|)
        (:REWRITE CAR-CONS)
        (:REWRITE CDR-CONS)
        (:REWRITE DEFAULT-CAR)
        (:REWRITE DEFAULT-CDR)
        (:REWRITE TEST-302)
        (:REWRITE TEST-303)
        (:TYPE-PRESCRIPTION ACL2-COUNT)
        (:TYPE-PRESCRIPTION FACTORS)
        (:TYPE-PRESCRIPTION INTERSECTION-EQUAL)
        (:TYPE-PRESCRIPTION MEMBER-EQUAL)
        (:TYPE-PRESCRIPTION PSEUDO-TERM-LISTP)
        (:TYPE-PRESCRIPTION PSEUDO-TERMP))
Warnings:  None
Time:  0.32 seconds (prove: 0.32, print: 0.00, other: 0.01)
COMMON-FACTORS

Summary
Form:  ( DEFTHM TEST529 ...)
Rules: ((:DEFINITION EQ)
        (:DEFINITION FACTORS)
        (:DEFINITION FN-SYMB)
        (:DEFINITION NOT)
        (:DEFINITION PSEUDO-TERM-LISTP)
        (:DEFINITION PSEUDO-TERMP)
        (:DEFINITION TRUE-LISTP)
        (:EXECUTABLE-COUNTERPART CAR)
        (:EXECUTABLE-COUNTERPART EQUAL)
        (:EXECUTABLE-COUNTERPART PSEUDO-TERM-LISTP)
        (:EXECUTABLE-COUNTERPART PSEUDO-TERMP)
        (:EXECUTABLE-COUNTERPART SYMBOLP)
        (:FAKE-RUNE-FOR-TYPE-SET NIL)
        (:INDUCTION FACTORS)
        (:REWRITE |(equal (if a b c) x)|)
        (:REWRITE CAR-CONS)
        (:REWRITE CDR-CONS)
        (:REWRITE TEST-302)
        (:REWRITE TEST-303)
        (:TYPE-PRESCRIPTION FACTORS)
        (:TYPE-PRESCRIPTION PSEUDO-TERM-LISTP)
        (:TYPE-PRESCRIPTION PSEUDO-TERMP))
Warnings:  None
Time:  0.01 seconds (prove: 0.01, print: 0.00, other: 0.00)
TEST529

Summary
Form:  ( DEFUN NORMALIZE-TERMS-SUCH-AS-1/AX+BX-FN ...)
Rules: ((:DEFINITION EQ)
        (:DEFINITION FN-SYMB)
        (:DEFINITION NOT)
        (:DEFINITION PSEUDO-TERM-LISTP)
        (:DEFINITION PSEUDO-TERMP)
        (:DEFINITION TRUE-LISTP)
        (:EXECUTABLE-COUNTERPART EQUAL)
        (:EXECUTABLE-COUNTERPART SYMBOLP)
        (:FAKE-RUNE-FOR-TYPE-SET NIL)
        (:REWRITE |(equal (if a b c) x)|)
        (:REWRITE TEST-302)
        (:REWRITE TEST-303)
        (:REWRITE TEST529)
        (:TYPE-PRESCRIPTION COMMON-FACTORS)
        (:TYPE-PRESCRIPTION PSEUDO-TERM-LISTP)
        (:TYPE-PRESCRIPTION PSEUDO-TERMP))
Warnings:  None
Time:  0.03 seconds (prove: 0.02, print: 0.00, other: 0.01)
NORMALIZE-TERMS-SUCH-AS-1/AX+BX-FN

Summary
Form:  ( DEFTHM NORMALIZE-TERMS-SUCH-AS-1/AX+BX ...)
Rules: ((:EXECUTABLE-COUNTERPART SYNP)
        (:FAKE-RUNE-FOR-TYPE-SET NIL)
        (:REWRITE |(/ (* x y))|))
Warnings:  None
Time:  0.00 seconds (prove: 0.00, print: 0.00, other: 0.00)
NORMALIZE-TERMS-SUCH-AS-1/AX+BX

Summary
Form:  ( DEFUN FIND-MATCHING-ADDEND ...)
Rules: ((:DEFINITION ACL2-COUNT)
        (:DEFINITION EQ)
        (:DEFINITION FN-SYMB)
        (:DEFINITION MATCHING-ADDEND-P)
        (:DEFINITION MATCHING-ADDEND-PATTERNS-P)
        (:DEFINITION NOT)
        (:DEFINITION O-FINP)
        (:DEFINITION O<)
        (:DEFINITION PSEUDO-TERMP)
        (:DEFINITION QUOTEP)
        (:DEFINITION TRUE-LISTP)
        (:ELIM CAR-CDR-ELIM)
        (:EXECUTABLE-COUNTERPART ACL2-COUNT)
        (:EXECUTABLE-COUNTERPART EQUAL)
        (:EXECUTABLE-COUNTERPART NOT)
        (:EXECUTABLE-COUNTERPART SYMBOLP)
        (:FAKE-RUNE-FOR-LINEAR NIL)
        (:FAKE-RUNE-FOR-TYPE-SET NIL)
        (:REWRITE |(+ 0 x)|)
        (:REWRITE |(+ y (+ x z))|)
        (:REWRITE |(+ y x)|)
        (:REWRITE |(equal (if a b c) x)|)
        (:REWRITE CAR-CONS)
        (:REWRITE CDR-CONS)
        (:REWRITE TEST-302)
        (:REWRITE TEST-303)
        (:TYPE-PRESCRIPTION ACL2-COUNT)
        (:TYPE-PRESCRIPTION PSEUDO-TERMP))
Warnings:  None
Time:  0.04 seconds (prove: 0.03, print: 0.00, other: 0.01)
FIND-MATCHING-ADDEND

Summary
Form:  ( DEFTHM NORMALIZE-ADDENDS ...)
Rules: ((:DEFINITION BUBBLE-DOWN)
        (:EXECUTABLE-COUNTERPART IF)
        (:EXECUTABLE-COUNTERPART SYNP))
Warnings:  None
Time:  0.00 seconds (prove: 0.00, print: 0.00, other: 0.00)
NORMALIZE-ADDENDS

Summary
Form:  THEORY-INVARIANT
Rules: NIL
Warnings:  None
Time:  0.00 seconds (prove: 0.00, print: 0.00, other: 0.00)
1

Summary
Form:  ( IN-THEORY (DISABLE ...))
Rules: NIL
Warnings:  None
Time:  0.00 seconds (prove: 0.00, print: 0.00, other: 0.00)
2079

Summary
Form:  ( DEFUN FIND-MATCHING-FACTOR-GATHER-EXPONENTS ...)
Rules: ((:DEFINITION ACL2-COUNT)
        (:DEFINITION EQ)
        (:DEFINITION FN-SYMB)
        (:DEFINITION MATCHING-FACTOR-GATHER-EXPONENTS-P)
        (:DEFINITION MATCHING-FACTOR-GATHER-EXPONENTS-PATTERNS-P)
        (:DEFINITION NOT)
        (:DEFINITION O-FINP)
        (:DEFINITION O<)
        (:DEFINITION PSEUDO-TERMP)
        (:DEFINITION TRUE-LISTP)
        (:ELIM CAR-CDR-ELIM)
        (:EXECUTABLE-COUNTERPART ACL2-COUNT)
        (:EXECUTABLE-COUNTERPART EQUAL)
        (:EXECUTABLE-COUNTERPART NOT)
        (:EXECUTABLE-COUNTERPART SYMBOLP)
        (:FAKE-RUNE-FOR-LINEAR NIL)
        (:FAKE-RUNE-FOR-TYPE-SET NIL)
        (:REWRITE |(+ 0 x)|)
        (:REWRITE |(+ y (+ x z))|)
        (:REWRITE |(+ y x)|)
        (:REWRITE |(equal (if a b c) x)|)
        (:REWRITE CAR-CONS)
        (:REWRITE CDR-CONS)
        (:REWRITE TEST-302)
        (:REWRITE TEST-303)
        (:TYPE-PRESCRIPTION ACL2-COUNT)
        (:TYPE-PRESCRIPTION PSEUDO-TERMP))
Warnings:  None
Time:  0.41 seconds (prove: 0.39, print: 0.00, other: 0.01)
FIND-MATCHING-FACTOR-GATHER-EXPONENTS

Summary
Form:  ( DEFTHM NORMALIZE-FACTORS-GATHER-EXPONENTS ...)
Rules: ((:DEFINITION BUBBLE-DOWN)
        (:EXECUTABLE-COUNTERPART IF)
        (:EXECUTABLE-COUNTERPART SYNP))
Warnings:  None
Time:  0.00 seconds (prove: 0.00, print: 0.00, other: 0.00)
NORMALIZE-FACTORS-GATHER-EXPONENTS

Summary
Form:  THEORY-INVARIANT
Rules: NIL
Warnings:  None
Time:  0.00 seconds (prove: 0.00, print: 0.00, other: 0.00)
2

Summary
Form:  ( IN-THEORY (DISABLE ...))
Rules: NIL
Warnings:  None
Time:  0.00 seconds (prove: 0.00, print: 0.00, other: 0.00)
2083

Summary
Form:  ( DEFUN FIND-MATCHING-FACTOR-SCATTER-EXPONENTS ...)
Rules: ((:DEFINITION ACL2-COUNT)
        (:DEFINITION EQ)
        (:DEFINITION FN-SYMB)
        (:DEFINITION MATCHING-FACTOR-SCATTER-EXPONENTS-P)
        (:DEFINITION MATCHING-FACTOR-SCATTER-EXPONENTS-PATTERNS-P)
        (:DEFINITION NOT)
        (:DEFINITION O-FINP)
        (:DEFINITION O<)
        (:DEFINITION PSEUDO-TERMP)
        (:DEFINITION TRUE-LISTP)
        (:ELIM CAR-CDR-ELIM)
        (:EXECUTABLE-COUNTERPART ACL2-COUNT)
        (:EXECUTABLE-COUNTERPART EQUAL)
        (:EXECUTABLE-COUNTERPART NOT)
        (:EXECUTABLE-COUNTERPART SYMBOLP)
        (:FAKE-RUNE-FOR-LINEAR NIL)
        (:FAKE-RUNE-FOR-TYPE-SET NIL)
        (:REWRITE |(+ 0 x)|)
        (:REWRITE |(+ y (+ x z))|)
        (:REWRITE |(+ y x)|)
        (:REWRITE |(equal (if a b c) x)|)
        (:REWRITE CAR-CONS)
        (:REWRITE CDR-CONS)
        (:REWRITE TEST-302)
        (:REWRITE TEST-303)
        (:TYPE-PRESCRIPTION ACL2-COUNT)
        (:TYPE-PRESCRIPTION PSEUDO-TERMP))
Warnings:  None
Time:  0.17 seconds (prove: 0.16, print: 0.00, other: 0.01)
FIND-MATCHING-FACTOR-SCATTER-EXPONENTS

Summary
Form:  ( DEFTHM NORMALIZE-FACTORS-SCATTER-EXPONENTS ...)
Rules: ((:DEFINITION BUBBLE-DOWN)
        (:EXECUTABLE-COUNTERPART IF)
        (:EXECUTABLE-COUNTERPART SYNP))
Warnings:  None
Time:  0.00 seconds (prove: 0.00, print: 0.00, other: 0.00)
NORMALIZE-FACTORS-SCATTER-EXPONENTS

Summary
Form:  THEORY-INVARIANT
Rules: NIL
Warnings:  None
Time:  0.00 seconds (prove: 0.00, print: 0.00, other: 0.00)
3

Summary
Form:  ( IN-THEORY (DISABLE ...))
Rules: NIL
Warnings:  None
Time:  0.00 seconds (prove: 0.00, print: 0.00, other: 0.00)
2087

Summary
Form:  THEORY-INVARIANT
Rules: NIL
Warnings:  None
Time:  0.00 seconds (prove: 0.00, print: 0.00, other: 0.00)
4

Summary
Form:  ( INCLUDE-BOOK "normalize" ...)
Rules: NIL
Warnings:  None
Time:  0.40 seconds (prove: 0.00, print: 0.00, other: 0.39)

"/Users/huangjianshi/src/acl2-sources/books/arithmetic-3/bind-free/normalize.fasl"


Summary
Form:  (CERTIFY-BOOK "normalize" ...)
Rules: NIL
Warnings:  None
Time:  3.21 seconds (prove: 2.21, print: 0.01, other: 0.99)
 "/Users/huangjianshi/src/acl2-sources/books/arithmetic-3/bind-free/normalize.lisp"
ACL2 !>
Exiting the ACL2 read-eval-print loop.  To re-enter, execute (LP).
* 