This is SBCL 1.0.1.34, an implementation of ANSI Common Lisp.
More information about SBCL is available at <http://www.sbcl.org/>.

SBCL is free software, provided as is, with absolutely no warranty.
It is mostly in the public domain; some portions are provided under
BSD-style licenses.  See the CREDITS and COPYING files in the
distribution for more information.

 ACL2 Version 3.1 built January 26, 2007  15:12:42.
 Copyright (C) 2006  University of Texas at Austin
 ACL2 comes with ABSOLUTELY NO WARRANTY.  This is free software and you
 are welcome to redistribute it under certain conditions.  For details,
 see the GNU General Public License.

 Initialized with (INITIALIZE-ACL2 'INCLUDE-BOOK *ACL2-PASS-2-FILES*).
 See the documentation topic note-3-1 for recent changes.
 Note: We have modified the prompt in some underlying Lisps to further
 distinguish it from the ACL2 prompt.

 NOTE!!  Proof trees are disabled in ACL2.  To enable them in emacs,
 look under the ACL2 source directory in interface/emacs/README.doc; 
 and, to turn on proof trees, execute :START-PROOF-TREE in the ACL2 
 command loop.   Look in the ACL2 documentation under PROOF-TREE.

ACL2 Version 3.1.  Level 1.  Cbd 
"/Users/huangjianshi/src/acl2-sources/books/arithmetic-3/bind-free/".
Type :help for help.
Type (good-bye) to quit completely out of ACL2.

ACL2 !>
Exiting the ACL2 read-eval-print loop.  To re-enter, execute (LP).
* 
#<PACKAGE "ACL2">
* 
ACL2 Version 3.1.  Level 1.  Cbd 
"/Users/huangjianshi/src/acl2-sources/books/arithmetic-3/bind-free/".
Type :help for help.
Type (good-bye) to quit completely out of ACL2.

ACL2 !> (PROVE PROOF-TREE
        WARNING OBSERVATION EVENT EXPANSION)
ACL2 !>
Summary
Form:  ( INCLUDE-BOOK "../pass1/top" ...)
Rules: NIL
Warnings:  None
Time:  0.06 seconds (prove: 0.00, print: 0.00, other: 0.06)
"/Users/huangjianshi/src/acl2-sources/books/arithmetic-3/pass1/top.lisp"

Summary
Form:  ( DEFTHM RATIONAL-IMPLIES2 ...)
Rules: NIL
Warnings:  None
Time:  0.00 seconds (prove: 0.00, print: 0.00, other: 0.00)
:REDUNDANT

Summary
Form:  ( IN-THEORY (ENABLE ...))
Rules: NIL
Warnings:  None
Time:  0.00 seconds (prove: 0.00, print: 0.00, other: 0.00)
1882

Summary
Form:  ( DEFTHM NUMERATOR-POSITIVE ...)
Rules: ((:DEFINITION IFF)
        (:FAKE-RUNE-FOR-TYPE-SET NIL)
        (:REWRITE REWRITE-LINEAR-EQUALITIES-TO-IFF))
Warnings:  None
Time:  0.00 seconds (prove: 0.00, print: 0.00, other: 0.00)
NUMERATOR-POSITIVE

Summary
Form:  ( DEFTHM NUMERATOR-NEGATIVE ...)
Rules: ((:DEFINITION IFF)
        (:FAKE-RUNE-FOR-TYPE-SET NIL)
        (:REWRITE REWRITE-LINEAR-EQUALITIES-TO-IFF)
        (:TYPE-PRESCRIPTION NUMERATOR-POSITIVE . 2))
Warnings:  None
Time:  0.00 seconds (prove: 0.00, print: 0.00, other: 0.00)
NUMERATOR-NEGATIVE

Summary
Form:  ( DEFTHM NUMERATOR-MINUS ...)
Rules: NIL
Warnings:  None
Time:  0.00 seconds (prove: 0.00, print: 0.00, other: 0.00)
:REDUNDANT

Summary
Form:  ( DEFTHM DENOMINATOR-MINUS ...)
Rules: NIL
Warnings:  None
Time:  0.00 seconds (prove: 0.00, print: 0.00, other: 0.00)
:REDUNDANT

Summary
Form:  ( DEFTHM INTEGERP==>NUMERATOR-=-X ...)
Rules: ((:FAKE-RUNE-FOR-TYPE-SET NIL)
        (:REWRITE NUMERATOR-WHEN-INTEGERP))
Warnings:  None
Time:  0.00 seconds (prove: 0.00, print: 0.00, other: 0.00)
INTEGERP==>NUMERATOR-=-X

Summary
Form:  ( DEFTHM INTEGERP==>DENOMINATOR-=-1 ...)
Rules: ((:EXECUTABLE-COUNTERPART EQUAL)
        (:REWRITE INTEGERP==>DENOMINATOR=1))
Warnings:  None
Time:  0.00 seconds (prove: 0.00, print: 0.00, other: 0.00)
INTEGERP==>DENOMINATOR-=-1

Summary
Form:  ( DEFTHM EQUAL-DENOMINATOR-1 ...)
Rules: NIL
Warnings:  None
Time:  0.00 seconds (prove: 0.00, print: 0.00, other: 0.00)
:REDUNDANT

Summary
Form:  ( DEFTHM *-R-DENOMINATOR-R ...)
Rules: NIL
Warnings:  None
Time:  0.00 seconds (prove: 0.00, print: 0.00, other: 0.00)
:REDUNDANT

Summary
Form:  ( INCLUDE-BOOK "numerator-and-denominator" ...)
Rules: NIL
Warnings:  None
Time:  0.00 seconds (prove: 0.00, print: 0.00, other: 0.00)

"/Users/huangjianshi/src/acl2-sources/books/arithmetic-3/bind-free/numerator-and-denominator.fasl"


Summary
Form:  (CERTIFY-BOOK "numerator-and-denominator" ...)
Rules: NIL
Warnings:  None
Time:  0.08 seconds (prove: 0.00, print: 0.00, other: 0.08)
 "/Users/huangjianshi/src/acl2-sources/books/arithmetic-3/bind-free/numerator-and-denominator.lisp"
ACL2 !>
Exiting the ACL2 read-eval-print loop.  To re-enter, execute (LP).
* 