This is SBCL 1.0.1.34, an implementation of ANSI Common Lisp.
More information about SBCL is available at <http://www.sbcl.org/>.

SBCL is free software, provided as is, with absolutely no warranty.
It is mostly in the public domain; some portions are provided under
BSD-style licenses.  See the CREDITS and COPYING files in the
distribution for more information.

 ACL2 Version 3.1 built January 26, 2007  15:12:42.
 Copyright (C) 2006  University of Texas at Austin
 ACL2 comes with ABSOLUTELY NO WARRANTY.  This is free software and you
 are welcome to redistribute it under certain conditions.  For details,
 see the GNU General Public License.

 Initialized with (INITIALIZE-ACL2 'INCLUDE-BOOK *ACL2-PASS-2-FILES*).
 See the documentation topic note-3-1 for recent changes.
 Note: We have modified the prompt in some underlying Lisps to further
 distinguish it from the ACL2 prompt.

 NOTE!!  Proof trees are disabled in ACL2.  To enable them in emacs,
 look under the ACL2 source directory in interface/emacs/README.doc; 
 and, to turn on proof trees, execute :START-PROOF-TREE in the ACL2 
 command loop.   Look in the ACL2 documentation under PROOF-TREE.

ACL2 Version 3.1.  Level 1.  Cbd 
"/Users/huangjianshi/src/acl2-sources/books/arithmetic-3/bind-free/".
Type :help for help.
Type (good-bye) to quit completely out of ACL2.

ACL2 !>
Exiting the ACL2 read-eval-print loop.  To re-enter, execute (LP).
* 
#<PACKAGE "ACL2">
* 
ACL2 Version 3.1.  Level 1.  Cbd 
"/Users/huangjianshi/src/acl2-sources/books/arithmetic-3/bind-free/".
Type :help for help.
Type (good-bye) to quit completely out of ACL2.

ACL2 !> (PROVE PROOF-TREE
        WARNING OBSERVATION EVENT EXPANSION)
ACL2 !>
Summary
Form:  ( INCLUDE-BOOK "simplify-helper" ...)
Rules: NIL
Warnings:  None
Time:  0.01 seconds (prove: 0.00, print: 0.00, other: 0.01)
"/Users/huangjianshi/src/acl2-sources/books/arithmetic-3/bind-free/simplify-helper.lisp"

Summary
Form:  ( INCLUDE-BOOK "basic" ...)
Rules: NIL
Warnings:  None
Time:  0.11 seconds (prove: 0.00, print: 0.00, other: 0.11)
"/Users/huangjianshi/src/acl2-sources/books/arithmetic-3/bind-free/basic.lisp"

Summary
Form:  ( INCLUDE-BOOK "common" ...)
Rules: NIL
Warnings:  None
Time:  0.16 seconds (prove: 0.00, print: 0.00, other: 0.16)
"/Users/huangjianshi/src/acl2-sources/books/arithmetic-3/bind-free/common.lisp"

Summary
Form:  ( TABLE ACL2-DEFAULTS-TABLE ...)
Rules: NIL
Warnings:  None
Time:  0.00 seconds (prove: 0.00, print: 0.00, other: 0.00)
ACL2-DEFAULTS-TABLE

Summary
Form:  ( DEFTHM REWRITE-EQUAL-<-TO-IFF-< ...)
Rules: ((:DEFINITION IFF)
        (:FAKE-RUNE-FOR-TYPE-SET NIL))
Warnings:  None
Time:  0.00 seconds (prove: 0.00, print: 0.00, other: 0.00)
REWRITE-EQUAL-<-TO-IFF-<

Summary
Form:  ( INCLUDE-BOOK "../pass1/top" ...)
Rules: NIL
Warnings:  None
Time:  0.05 seconds (prove: 0.00, print: 0.00, other: 0.05)
"/Users/huangjianshi/src/acl2-sources/books/arithmetic-3/pass1/top.lisp"

Summary
Form:  ( DEFTHM EQUAL-*-/-1 ...)
Rules: NIL
Warnings:  None
Time:  0.00 seconds (prove: 0.00, print: 0.00, other: 0.00)
:REDUNDANT

Summary
Form:  ( DEFTHM EQUAL-*-/-2 ...)
Rules: NIL
Warnings:  None
Time:  0.00 seconds (prove: 0.00, print: 0.00, other: 0.00)
:REDUNDANT

Summary
Form:  ( ENCAPSULATE NIL (LOCAL ...) ...)
Rules: NIL
Warnings:  None
Time:  0.05 seconds (prove: 0.00, print: 0.00, other: 0.05)
T

Summary
Form:  ( DEFUN INSERT-0 ...)
Rules: NIL
Warnings:  None
Time:  0.00 seconds (prove: 0.00, print: 0.00, other: 0.00)
INSERT-0

Summary
Form:  ( DEFTHM INSERT-0-X-Y ...)
Rules: ((:DEFINITION INSERT-0))
Warnings:  None
Time:  0.00 seconds (prove: 0.00, print: 0.00, other: 0.00)
INSERT-0-X-Y

Summary
Form:  ( DEFTHM INSERT-0-X-X ...)
Rules: ((:FAKE-RUNE-FOR-TYPE-SET NIL)
        (:TYPE-PRESCRIPTION INSERT-0))
Warnings:  None
Time:  0.00 seconds (prove: 0.00, print: 0.00, other: 0.00)
INSERT-0-X-X

Summary
Form:  ( DEFTHM INSERT-0-+ ...)
Rules: ((:REWRITE INSERT-0-X-Y))
Warnings:  None
Time:  0.00 seconds (prove: 0.00, print: 0.00, other: 0.00)
INSERT-0-+

Summary
Form:  ( DEFTHM INSERT-0-* ...)
Rules: ((:REWRITE INSERT-0-X-Y))
Warnings:  None
Time:  0.00 seconds (prove: 0.00, print: 0.00, other: 0.00)
INSERT-0-*

Summary
Form:  ( IN-THEORY (DISABLE ...))
Rules: NIL
Warnings:  None
Time:  0.00 seconds (prove: 0.00, print: 0.00, other: 0.00)
2027

Summary
Form:  THEORY-INVARIANT
Rules: NIL
Warnings:  None
Time:  0.00 seconds (prove: 0.00, print: 0.00, other: 0.00)
1

Summary
Form:  ( DEFUN ADDEND-VAL ...)
Rules: ((:DEFINITION ACL2-COUNT)
        (:DEFINITION ATOM)
        (:DEFINITION EQ)
        (:DEFINITION NOT)
        (:DEFINITION O-FINP)
        (:DEFINITION O<)
        (:DEFINITION PSEUDO-TERM-LISTP)
        (:DEFINITION PSEUDO-TERMP)
        (:DEFINITION RATIONAL-CONSTANT-P)
        (:DEFINITION SYNP)
        (:DEFINITION TRUE-LISTP)
        (:ELIM CAR-CDR-ELIM)
        (:EXECUTABLE-COUNTERPART ACL2-COUNT)
        (:EXECUTABLE-COUNTERPART BINARY-+)
        (:EXECUTABLE-COUNTERPART CAR)
        (:EXECUTABLE-COUNTERPART EQUAL)
        (:EXECUTABLE-COUNTERPART NOT)
        (:EXECUTABLE-COUNTERPART PSEUDO-TERMP)
        (:EXECUTABLE-COUNTERPART SYMBOLP)
        (:EXECUTABLE-COUNTERPART UNARY--)
        (:FAKE-RUNE-FOR-LINEAR NIL)
        (:FAKE-RUNE-FOR-TYPE-SET NIL)
        (:REWRITE |(+ 0 x)|)
        (:REWRITE |(< d (+ c x))|)
        (:REWRITE CAR-CONS)
        (:REWRITE CDR-CONS)
        (:REWRITE DEFAULT-CAR)
        (:TYPE-PRESCRIPTION ACL2-COUNT)
        (:TYPE-PRESCRIPTION PSEUDO-TERM-LISTP))
Warnings:  None
Time:  0.02 seconds (prove: 0.01, print: 0.00, other: 0.01)
ADDEND-VAL

Summary
Form:  ( DEFUN FACTORS ...)
Rules: ((:DEFINITION ACL2-COUNT)
        (:DEFINITION EQ)
        (:DEFINITION FN-SYMB)
        (:DEFINITION NOT)
        (:DEFINITION O-FINP)
        (:DEFINITION O<)
        (:DEFINITION PSEUDO-TERM-LISTP)
        (:DEFINITION PSEUDO-TERMP)
        (:DEFINITION SYNP)
        (:DEFINITION TRUE-LISTP)
        (:ELIM CAR-CDR-ELIM)
        (:EXECUTABLE-COUNTERPART ACL2-COUNT)
        (:EXECUTABLE-COUNTERPART BINARY-+)
        (:EXECUTABLE-COUNTERPART CAR)
        (:EXECUTABLE-COUNTERPART CDR)
        (:EXECUTABLE-COUNTERPART CONSP)
        (:EXECUTABLE-COUNTERPART EQUAL)
        (:EXECUTABLE-COUNTERPART NOT)
        (:EXECUTABLE-COUNTERPART PSEUDO-TERMP)
        (:EXECUTABLE-COUNTERPART SYMBOLP)
        (:EXECUTABLE-COUNTERPART UNARY--)
        (:FAKE-RUNE-FOR-LINEAR NIL)
        (:FAKE-RUNE-FOR-TYPE-SET NIL)
        (:FORWARD-CHAINING PSEUDO-TERM-LISTP-FORWARD-TO-TRUE-LISTP)
        (:REWRITE |(+ 0 x)|)
        (:REWRITE |(+ y (+ x z))|)
        (:REWRITE |(< d (+ c x))|)
        (:REWRITE |(equal (if a b c) x)|)
        (:REWRITE CAR-CONS)
        (:REWRITE CDR-CONS)
        (:REWRITE DEFAULT-CAR)
        (:REWRITE DEFAULT-CDR)
        (:TYPE-PRESCRIPTION ACL2-COUNT)
        (:TYPE-PRESCRIPTION PSEUDO-TERM-LISTP))
Warnings:  None
Time:  0.03 seconds (prove: 0.02, print: 0.00, other: 0.01)
FACTORS

Summary
Form:  ( DEFUN MAKE-PRODUCT ...)
Rules: ((:DEFINITION ACL2-COUNT)
        (:DEFINITION NULL)
        (:DEFINITION O-FINP)
        (:DEFINITION O<)
        (:ELIM CAR-CDR-ELIM)
        (:FAKE-RUNE-FOR-LINEAR NIL)
        (:FAKE-RUNE-FOR-TYPE-SET NIL)
        (:REWRITE |(+ y (+ x z))|)
        (:REWRITE CAR-CONS)
        (:REWRITE CDR-CONS)
        (:TYPE-PRESCRIPTION ACL2-COUNT))
Warnings:  None
Time:  0.02 seconds (prove: 0.01, print: 0.00, other: 0.01)
MAKE-PRODUCT

Summary
Form:  ( DEFUN REMAINDER-BBB ...)
Rules: ((:DEFINITION ACL2-COUNT)
        (:DEFINITION EQ)
        (:DEFINITION FN-SYMB)
        (:DEFINITION NOT)
        (:DEFINITION O-FINP)
        (:DEFINITION O<)
        (:DEFINITION PSEUDO-TERM-LISTP)
        (:DEFINITION PSEUDO-TERMP)
        (:DEFINITION SYNP)
        (:DEFINITION TRUE-LISTP)
        (:ELIM CAR-CDR-ELIM)
        (:EXECUTABLE-COUNTERPART ACL2-COUNT)
        (:EXECUTABLE-COUNTERPART BINARY-+)
        (:EXECUTABLE-COUNTERPART CAR)
        (:EXECUTABLE-COUNTERPART CDR)
        (:EXECUTABLE-COUNTERPART CONSP)
        (:EXECUTABLE-COUNTERPART EQUAL)
        (:EXECUTABLE-COUNTERPART NOT)
        (:EXECUTABLE-COUNTERPART PSEUDO-TERMP)
        (:EXECUTABLE-COUNTERPART SYMBOLP)
        (:EXECUTABLE-COUNTERPART UNARY--)
        (:FAKE-RUNE-FOR-LINEAR NIL)
        (:FAKE-RUNE-FOR-TYPE-SET NIL)
        (:FORWARD-CHAINING PSEUDO-TERM-LISTP-FORWARD-TO-TRUE-LISTP)
        (:REWRITE |(+ 0 x)|)
        (:REWRITE |(+ y (+ x z))|)
        (:REWRITE |(< d (+ c x))|)
        (:REWRITE |(equal (if a b c) x)|)
        (:REWRITE CAR-CONS)
        (:REWRITE CDR-CONS)
        (:REWRITE DEFAULT-CAR)
        (:REWRITE DEFAULT-CDR)
        (:TYPE-PRESCRIPTION ACL2-COUNT)
        (:TYPE-PRESCRIPTION FACTORS)
        (:TYPE-PRESCRIPTION PSEUDO-TERM-LISTP)
        (:TYPE-PRESCRIPTION SET-DIFFERENCE-EQUAL))
Warnings:  None
Time:  0.04 seconds (prove: 0.03, print: 0.00, other: 0.01)
REMAINDER-BBB

Summary
Form:  ( DEFUN INTERSECTION-EQUAL ...)
Rules: ((:FAKE-RUNE-FOR-TYPE-SET NIL))
Warnings:  None
Time:  0.01 seconds (prove: 0.00, print: 0.00, other: 0.01)
INTERSECTION-EQUAL

Summary
Form:  ( DEFUN COMMON-FACTORS-AAA ...)
Rules: ((:DEFINITION ACL2-COUNT)
        (:DEFINITION EQ)
        (:DEFINITION FN-SYMB)
        (:DEFINITION NOT)
        (:DEFINITION NULL)
        (:DEFINITION O-FINP)
        (:DEFINITION O<)
        (:DEFINITION PSEUDO-TERM-LISTP)
        (:DEFINITION PSEUDO-TERMP)
        (:DEFINITION SYNP)
        (:DEFINITION TRUE-LISTP)
        (:ELIM CAR-CDR-ELIM)
        (:EXECUTABLE-COUNTERPART ACL2-COUNT)
        (:EXECUTABLE-COUNTERPART BINARY-+)
        (:EXECUTABLE-COUNTERPART CAR)
        (:EXECUTABLE-COUNTERPART CDR)
        (:EXECUTABLE-COUNTERPART CONSP)
        (:EXECUTABLE-COUNTERPART EQUAL)
        (:EXECUTABLE-COUNTERPART NOT)
        (:EXECUTABLE-COUNTERPART PSEUDO-TERMP)
        (:EXECUTABLE-COUNTERPART SYMBOLP)
        (:EXECUTABLE-COUNTERPART UNARY--)
        (:FAKE-RUNE-FOR-LINEAR NIL)
        (:FAKE-RUNE-FOR-TYPE-SET NIL)
        (:FORWARD-CHAINING PSEUDO-TERM-LISTP-FORWARD-TO-TRUE-LISTP)
        (:REWRITE |(+ 0 x)|)
        (:REWRITE |(+ y (+ x z))|)
        (:REWRITE |(< d (+ c x))|)
        (:REWRITE |(equal (if a b c) x)|)
        (:REWRITE CAR-CONS)
        (:REWRITE CDR-CONS)
        (:REWRITE DEFAULT-CAR)
        (:REWRITE DEFAULT-CDR)
        (:TYPE-PRESCRIPTION ACL2-COUNT)
        (:TYPE-PRESCRIPTION FACTORS)
        (:TYPE-PRESCRIPTION INTERSECTION-EQUAL)
        (:TYPE-PRESCRIPTION PSEUDO-TERM-LISTP))
Warnings:  None
Time:  0.04 seconds (prove: 0.03, print: 0.00, other: 0.01)
COMMON-FACTORS-AAA

Summary
Form:  ( DEFUN SIMPLIFY-TERMS-SUCH-AS-A+AB-REL-0-FN ...)
Rules: ((:DEFINITION EQ)
        (:DEFINITION FN-SYMB)
        (:DEFINITION NOT)
        (:DEFINITION PSEUDO-TERM-LISTP)
        (:DEFINITION PSEUDO-TERMP)
        (:DEFINITION TRUE-LISTP)
        (:ELIM CAR-CDR-ELIM)
        (:EXECUTABLE-COUNTERPART CAR)
        (:EXECUTABLE-COUNTERPART CDR)
        (:EXECUTABLE-COUNTERPART CONSP)
        (:EXECUTABLE-COUNTERPART EQUAL)
        (:EXECUTABLE-COUNTERPART NOT)
        (:EXECUTABLE-COUNTERPART PSEUDO-TERMP)
        (:EXECUTABLE-COUNTERPART SYMBOLP)
        (:FAKE-RUNE-FOR-TYPE-SET NIL)
        (:FORWARD-CHAINING PSEUDO-TERM-LISTP-FORWARD-TO-TRUE-LISTP)
        (:REWRITE |(equal (if a b c) x)|)
        (:REWRITE CAR-CONS)
        (:REWRITE CDR-CONS)
        (:TYPE-PRESCRIPTION COMMON-FACTORS-AAA)
        (:TYPE-PRESCRIPTION FACTORS)
        (:TYPE-PRESCRIPTION PSEUDO-TERM-LISTP))
Warnings:  None
Time:  0.03 seconds (prove: 0.03, print: 0.00, other: 0.01)
SIMPLIFY-TERMS-SUCH-AS-A+AB-REL-0-FN

Summary
Form:  ( DEFTHM SIMPLIFY-TERMS-SUCH-AS-A+AB-=-0 ...)
Rules: ((:EXECUTABLE-COUNTERPART ACL2-NUMBERP)
        (:EXECUTABLE-COUNTERPART EQUAL)
        (:EXECUTABLE-COUNTERPART NOT)
        (:EXECUTABLE-COUNTERPART SYNP)
        (:FAKE-RUNE-FOR-TYPE-SET NIL)
        (:REWRITE |(* 0 x)|))
Warnings:  None
Time:  0.00 seconds (prove: 0.00, print: 0.00, other: 0.00)
SIMPLIFY-TERMS-SUCH-AS-A+AB-=-0

Summary
Form:  ( DEFTHM SIMPLIFY-TERMS-SUCH-AS-A+AB-<-0 ...)
Rules: ((:DEFINITION SYNP)
        (:EXECUTABLE-COUNTERPART <)
        (:EXECUTABLE-COUNTERPART NOT)
        (:EXECUTABLE-COUNTERPART RATIONALP)
        (:EXECUTABLE-COUNTERPART SYNP)
        (:FAKE-RUNE-FOR-TYPE-SET NIL)
        (:REWRITE |(< (* x y) 0)|)
        (:REWRITE |(equal (if a b c) x)|))
Warnings:  None
Time:  0.00 seconds (prove: 0.00, print: 0.00, other: 0.00)
SIMPLIFY-TERMS-SUCH-AS-A+AB-<-0

Summary
Form:  ( DEFTHM SIMPLIFY-TERMS-SUCH-AS-0-<-A+AB ...)
Rules: ((:DEFINITION SYNP)
        (:EXECUTABLE-COUNTERPART <)
        (:EXECUTABLE-COUNTERPART NOT)
        (:EXECUTABLE-COUNTERPART RATIONALP)
        (:EXECUTABLE-COUNTERPART SYNP)
        (:FAKE-RUNE-FOR-TYPE-SET NIL)
        (:REWRITE |(< 0 (* x y))|)
        (:REWRITE |(equal (if a b c) x)|))
Warnings:  None
Time:  0.00 seconds (prove: 0.00, print: 0.00, other: 0.00)
SIMPLIFY-TERMS-SUCH-AS-0-<-A+AB

Summary
Form:  ( DEFUN FACTOR-VAL-GATHER-EXPONENTS1 ...)
Rules: ((:DEFINITION ACL2-COUNT)
        (:DEFINITION ATOM)
        (:DEFINITION EQ)
        (:DEFINITION FACTOR-VAL-GATHER-EXPONENTS1)
        (:DEFINITION NOT)
        (:DEFINITION O-FINP)
        (:DEFINITION O<)
        (:DEFINITION PSEUDO-TERM-LISTP)
        (:DEFINITION PSEUDO-TERMP)
        (:DEFINITION RATIONAL-CONSTANT-P)
        (:DEFINITION SYNP)
        (:DEFINITION TRUE-LISTP)
        (:ELIM CAR-CDR-ELIM)
        (:EXECUTABLE-COUNTERPART ACL2-COUNT)
        (:EXECUTABLE-COUNTERPART ACL2-NUMBERP)
        (:EXECUTABLE-COUNTERPART BINARY-+)
        (:EXECUTABLE-COUNTERPART CAR)
        (:EXECUTABLE-COUNTERPART CDR)
        (:EXECUTABLE-COUNTERPART CONS)
        (:EXECUTABLE-COUNTERPART CONSP)
        (:EXECUTABLE-COUNTERPART EQUAL)
        (:EXECUTABLE-COUNTERPART FACTOR-VAL-GATHER-EXPONENTS1)
        (:EXECUTABLE-COUNTERPART NOT)
        (:EXECUTABLE-COUNTERPART PSEUDO-TERM-LISTP)
        (:EXECUTABLE-COUNTERPART PSEUDO-TERMP)
        (:EXECUTABLE-COUNTERPART SYMBOLP)
        (:EXECUTABLE-COUNTERPART UNARY--)
        (:FAKE-RUNE-FOR-LINEAR NIL)
        (:FAKE-RUNE-FOR-TYPE-SET NIL)
        (:FORWARD-CHAINING PSEUDO-TERM-LISTP-FORWARD-TO-TRUE-LISTP)
        (:INDUCTION FACTOR-VAL-GATHER-EXPONENTS1)
        (:REWRITE |(+ 0 x)|)
        (:REWRITE |(+ y (+ x z))|)
        (:REWRITE |(< d (+ c x))|)
        (:REWRITE CAR-CONS)
        (:REWRITE CDR-CONS)
        (:REWRITE DEFAULT-CAR)
        (:REWRITE DEFAULT-CDR)
        (:TYPE-PRESCRIPTION ACL2-COUNT)
        (:TYPE-PRESCRIPTION PSEUDO-TERM-LISTP))
Warnings:  None
Time:  0.11 seconds (prove: 0.10, print: 0.00, other: 0.01)
FACTOR-VAL-GATHER-EXPONENTS1

Summary
Form:  ( DEFUN FACTOR-VAL-GATHER-EXPONENTS ...)
Rules: ((:DEFINITION ACL2-COUNT)
        (:DEFINITION ATOM)
        (:DEFINITION EQ)
        (:DEFINITION NOT)
        (:DEFINITION O-FINP)
        (:DEFINITION O<)
        (:DEFINITION PSEUDO-TERM-LISTP)
        (:DEFINITION PSEUDO-TERMP)
        (:DEFINITION SYNP)
        (:DEFINITION TRUE-LISTP)
        (:ELIM CAR-CDR-ELIM)
        (:EXECUTABLE-COUNTERPART ACL2-COUNT)
        (:EXECUTABLE-COUNTERPART BINARY-+)
        (:EXECUTABLE-COUNTERPART CAR)
        (:EXECUTABLE-COUNTERPART CDR)
        (:EXECUTABLE-COUNTERPART CONSP)
        (:EXECUTABLE-COUNTERPART EQUAL)
        (:EXECUTABLE-COUNTERPART NOT)
        (:EXECUTABLE-COUNTERPART PSEUDO-TERM-LISTP)
        (:EXECUTABLE-COUNTERPART PSEUDO-TERMP)
        (:EXECUTABLE-COUNTERPART SYMBOLP)
        (:EXECUTABLE-COUNTERPART UNARY--)
        (:FAKE-RUNE-FOR-LINEAR NIL)
        (:FAKE-RUNE-FOR-TYPE-SET NIL)
        (:FORWARD-CHAINING PSEUDO-TERM-LISTP-FORWARD-TO-TRUE-LISTP)
        (:REWRITE |(+ 0 x)|)
        (:REWRITE |(< d (+ c x))|)
        (:REWRITE CAR-CONS)
        (:REWRITE CDR-CONS)
        (:REWRITE DEFAULT-CAR)
        (:TYPE-PRESCRIPTION ACL2-COUNT)
        (:TYPE-PRESCRIPTION PSEUDO-TERM-LISTP))
Warnings:  None
Time:  0.04 seconds (prove: 0.03, print: 0.00, other: 0.01)
FACTOR-VAL-GATHER-EXPONENTS

Summary
Form:  ( DEFUN FACTOR-VAL-SCATTER-EXPONENTS1 ...)
Rules: ((:DEFINITION ACL2-COUNT)
        (:DEFINITION ATOM)
        (:DEFINITION EQ)
        (:DEFINITION FACTOR-VAL-SCATTER-EXPONENTS1)
        (:DEFINITION NOT)
        (:DEFINITION O-FINP)
        (:DEFINITION O<)
        (:DEFINITION PSEUDO-TERM-LISTP)
        (:DEFINITION PSEUDO-TERMP)
        (:DEFINITION RATIONAL-CONSTANT-P)
        (:DEFINITION SYNP)
        (:DEFINITION TRUE-LISTP)
        (:ELIM CAR-CDR-ELIM)
        (:EXECUTABLE-COUNTERPART ACL2-COUNT)
        (:EXECUTABLE-COUNTERPART ACL2-NUMBERP)
        (:EXECUTABLE-COUNTERPART BINARY-+)
        (:EXECUTABLE-COUNTERPART CAR)
        (:EXECUTABLE-COUNTERPART CDR)
        (:EXECUTABLE-COUNTERPART CONS)
        (:EXECUTABLE-COUNTERPART CONSP)
        (:EXECUTABLE-COUNTERPART EQUAL)
        (:EXECUTABLE-COUNTERPART FACTOR-VAL-SCATTER-EXPONENTS1)
        (:EXECUTABLE-COUNTERPART NOT)
        (:EXECUTABLE-COUNTERPART PSEUDO-TERM-LISTP)
        (:EXECUTABLE-COUNTERPART PSEUDO-TERMP)
        (:EXECUTABLE-COUNTERPART SYMBOLP)
        (:EXECUTABLE-COUNTERPART UNARY--)
        (:FAKE-RUNE-FOR-LINEAR NIL)
        (:FAKE-RUNE-FOR-TYPE-SET NIL)
        (:FORWARD-CHAINING PSEUDO-TERM-LISTP-FORWARD-TO-TRUE-LISTP)
        (:INDUCTION FACTOR-VAL-SCATTER-EXPONENTS1)
        (:REWRITE |(+ 0 x)|)
        (:REWRITE |(+ y (+ x z))|)
        (:REWRITE |(< d (+ c x))|)
        (:REWRITE CAR-CONS)
        (:REWRITE CDR-CONS)
        (:REWRITE DEFAULT-CAR)
        (:REWRITE DEFAULT-CDR)
        (:TYPE-PRESCRIPTION ACL2-COUNT)
        (:TYPE-PRESCRIPTION PSEUDO-TERM-LISTP))
Warnings:  None
Time:  0.11 seconds (prove: 0.09, print: 0.00, other: 0.01)
FACTOR-VAL-SCATTER-EXPONENTS1

Summary
Form:  ( DEFUN FACTOR-VAL-SCATTER-EXPONENTS ...)
Rules: ((:DEFINITION ACL2-COUNT)
        (:DEFINITION ATOM)
        (:DEFINITION EQ)
        (:DEFINITION NOT)
        (:DEFINITION O-FINP)
        (:DEFINITION O<)
        (:DEFINITION PSEUDO-TERM-LISTP)
        (:DEFINITION PSEUDO-TERMP)
        (:DEFINITION SYNP)
        (:DEFINITION TRUE-LISTP)
        (:ELIM CAR-CDR-ELIM)
        (:EXECUTABLE-COUNTERPART ACL2-COUNT)
        (:EXECUTABLE-COUNTERPART BINARY-+)
        (:EXECUTABLE-COUNTERPART CAR)
        (:EXECUTABLE-COUNTERPART CDR)
        (:EXECUTABLE-COUNTERPART CONSP)
        (:EXECUTABLE-COUNTERPART EQUAL)
        (:EXECUTABLE-COUNTERPART NOT)
        (:EXECUTABLE-COUNTERPART PSEUDO-TERM-LISTP)
        (:EXECUTABLE-COUNTERPART PSEUDO-TERMP)
        (:EXECUTABLE-COUNTERPART SYMBOLP)
        (:EXECUTABLE-COUNTERPART UNARY--)
        (:FAKE-RUNE-FOR-LINEAR NIL)
        (:FAKE-RUNE-FOR-TYPE-SET NIL)
        (:FORWARD-CHAINING PSEUDO-TERM-LISTP-FORWARD-TO-TRUE-LISTP)
        (:REWRITE |(+ 0 x)|)
        (:REWRITE |(< d (+ c x))|)
        (:REWRITE CAR-CONS)
        (:REWRITE CDR-CONS)
        (:REWRITE DEFAULT-CAR)
        (:TYPE-PRESCRIPTION ACL2-COUNT)
        (:TYPE-PRESCRIPTION PSEUDO-TERM-LISTP))
Warnings:  None
Time:  0.05 seconds (prove: 0.03, print: 0.00, other: 0.02)
FACTOR-VAL-SCATTER-EXPONENTS

Summary
Form:  ( DEFUN ADDEND-INFO-ENTRY ...)
Rules: ((:FAKE-RUNE-FOR-TYPE-SET NIL))
Warnings:  None
Time:  0.00 seconds (prove: 0.00, print: 0.00, other: 0.00)
ADDEND-INFO-ENTRY

Summary
Form:  ( DEFUN INFO-ENTRY-P ...)
Rules: ((:FAKE-RUNE-FOR-TYPE-SET NIL))
Warnings:  None
Time:  0.00 seconds (prove: 0.00, print: 0.00, other: 0.00)
INFO-ENTRY-P

Summary
Form:  ( DEFUN ADDEND-INFO-LIST ...)
Rules: ((:DEFINITION ACL2-COUNT)
        (:DEFINITION EQ)
        (:DEFINITION FN-SYMB)
        (:DEFINITION NOT)
        (:DEFINITION O-FINP)
        (:DEFINITION O<)
        (:DEFINITION PSEUDO-TERM-LISTP)
        (:DEFINITION PSEUDO-TERMP)
        (:DEFINITION SYNP)
        (:DEFINITION TRUE-LISTP)
        (:ELIM CAR-CDR-ELIM)
        (:EXECUTABLE-COUNTERPART ACL2-COUNT)
        (:EXECUTABLE-COUNTERPART BINARY-+)
        (:EXECUTABLE-COUNTERPART CAR)
        (:EXECUTABLE-COUNTERPART CDR)
        (:EXECUTABLE-COUNTERPART CONSP)
        (:EXECUTABLE-COUNTERPART EQUAL)
        (:EXECUTABLE-COUNTERPART NOT)
        (:EXECUTABLE-COUNTERPART PSEUDO-TERMP)
        (:EXECUTABLE-COUNTERPART SYMBOLP)
        (:EXECUTABLE-COUNTERPART UNARY--)
        (:FAKE-RUNE-FOR-LINEAR NIL)
        (:FAKE-RUNE-FOR-TYPE-SET NIL)
        (:FORWARD-CHAINING PSEUDO-TERM-LISTP-FORWARD-TO-TRUE-LISTP)
        (:REWRITE |(+ 0 x)|)
        (:REWRITE |(+ y (+ x z))|)
        (:REWRITE |(< d (+ c x))|)
        (:REWRITE |(equal (if a b c) x)|)
        (:REWRITE CAR-CONS)
        (:REWRITE CDR-CONS)
        (:REWRITE DEFAULT-CAR)
        (:REWRITE DEFAULT-CDR)
        (:TYPE-PRESCRIPTION ACL2-COUNT)
        (:TYPE-PRESCRIPTION PSEUDO-TERM-LISTP))
Warnings:  None
Time:  0.04 seconds (prove: 0.03, print: 0.00, other: 0.01)
ADDEND-INFO-LIST

Summary
Form:  ( DEFUN INFO-LIST-P ...)
Rules: ((:FAKE-RUNE-FOR-TYPE-SET NIL))
Warnings:  None
Time:  0.00 seconds (prove: 0.00, print: 0.00, other: 0.00)
INFO-LIST-P

Summary
Form:  ( DEFTHM TEST-724 ...)
Rules: ((:DEFINITION ADDEND-VAL)
        (:DEFINITION ATOM)
        (:DEFINITION EQ)
        (:DEFINITION NOT)
        (:DEFINITION PSEUDO-TERM-LISTP)
        (:DEFINITION PSEUDO-TERMP)
        (:DEFINITION RATIONAL-CONSTANT-P)
        (:DEFINITION TRUE-LISTP)
        (:EXECUTABLE-COUNTERPART CAR)
        (:EXECUTABLE-COUNTERPART EQUAL)
        (:EXECUTABLE-COUNTERPART PSEUDO-TERMP)
        (:EXECUTABLE-COUNTERPART RATIONALP)
        (:EXECUTABLE-COUNTERPART SYMBOLP)
        (:FAKE-RUNE-FOR-TYPE-SET NIL)
        (:INDUCTION ADDEND-VAL)
        (:TYPE-PRESCRIPTION PSEUDO-TERM-LISTP))
Warnings:  None
Time:  0.02 seconds (prove: 0.02, print: 0.00, other: 0.00)
TEST-724

Summary
Form:  ( DEFTHM TEST725 ...)
Rules: ((:DEFINITION ADDEND-INFO-ENTRY)
        (:DEFINITION ADDEND-INFO-LIST)
        (:DEFINITION ADDEND-PATTERN)
        (:DEFINITION ADDEND-VAL)
        (:DEFINITION EQ)
        (:DEFINITION FN-SYMB)
        (:DEFINITION INFO-ENTRY-P)
        (:DEFINITION INFO-LIST-P)
        (:DEFINITION NOT)
        (:DEFINITION PSEUDO-TERM-LISTP)
        (:DEFINITION PSEUDO-TERMP)
        (:DEFINITION TRUE-LISTP)
        (:ELIM CAR-CDR-ELIM)
        (:EXECUTABLE-COUNTERPART ADDEND-INFO-ENTRY)
        (:EXECUTABLE-COUNTERPART CAR)
        (:EXECUTABLE-COUNTERPART CDR)
        (:EXECUTABLE-COUNTERPART EQUAL)
        (:EXECUTABLE-COUNTERPART INFO-ENTRY-P)
        (:EXECUTABLE-COUNTERPART INFO-LIST-P)
        (:EXECUTABLE-COUNTERPART NOT)
        (:EXECUTABLE-COUNTERPART PSEUDO-TERMP)
        (:EXECUTABLE-COUNTERPART RATIONALP)
        (:EXECUTABLE-COUNTERPART SYMBOLP)
        (:FAKE-RUNE-FOR-TYPE-SET NIL)
        (:FORWARD-CHAINING PSEUDO-TERM-LISTP-FORWARD-TO-TRUE-LISTP)
        (:INDUCTION ADDEND-INFO-LIST)
        (:REWRITE |(equal (if a b c) x)|)
        (:REWRITE CAR-CONS)
        (:REWRITE CDR-CONS)
        (:REWRITE TEST-724)
        (:TYPE-PRESCRIPTION ADDEND-INFO-LIST)
        (:TYPE-PRESCRIPTION INFO-LIST-P)
        (:TYPE-PRESCRIPTION PSEUDO-TERM-LISTP)
        (:TYPE-PRESCRIPTION PSEUDO-TERMP))
Warnings:  None
Time:  0.04 seconds (prove: 0.04, print: 0.00, other: 0.00)
TEST725

Summary
Form:  ( DEFUN ASSOC-ADDEND ...)
Rules: ((:DEFINITION ENDP)
        (:DEFINITION INFO-ENTRY-P)
        (:DEFINITION INFO-LIST-P)
        (:DEFINITION NOT)
        (:FAKE-RUNE-FOR-TYPE-SET NIL))
Warnings:  None
Time:  0.01 seconds (prove: 0.00, print: 0.00, other: 0.01)
ASSOC-ADDEND

Summary
Form:  ( DEFUN FIRST-MATCH-IN-ADDEND-INFO-LISTS ...)
Rules: ((:DEFINITION ASSOC-ADDEND)
        (:DEFINITION ENDP)
        (:DEFINITION INFO-ENTRY-P)
        (:DEFINITION INFO-LIST-P)
        (:DEFINITION MATCHING-ADDEND-PATTERNS-P)
        (:DEFINITION NOT)
        (:DEFINITION QUOTEP)
        (:DEFINITION TRUE-LISTP)
        (:ELIM CAR-CDR-ELIM)
        (:EXECUTABLE-COUNTERPART CAR)
        (:EXECUTABLE-COUNTERPART CDR)
        (:EXECUTABLE-COUNTERPART CONSP)
        (:EXECUTABLE-COUNTERPART EQUAL)
        (:EXECUTABLE-COUNTERPART RATIONALP)
        (:FAKE-RUNE-FOR-TYPE-SET NIL)
        (:INDUCTION ASSOC-ADDEND)
        (:INDUCTION INFO-LIST-P)
        (:REWRITE CAR-CONS)
        (:REWRITE CDR-CONS)
        (:REWRITE DEFAULT-<-1)
        (:TYPE-PRESCRIPTION INFO-LIST-P))
Warnings:  None
Time:  0.10 seconds (prove: 0.09, print: 0.00, other: 0.01)
FIRST-MATCH-IN-ADDEND-INFO-LISTS

Summary
Form:  ( DEFUN FIND-MATCHING-ADDENDS ...)
Rules: ((:DEFINITION NOT)
        (:FAKE-RUNE-FOR-TYPE-SET NIL)
        (:REWRITE TEST725)
        (:TYPE-PRESCRIPTION PSEUDO-TERMP))
Warnings:  None
Time:  0.01 seconds (prove: 0.01, print: 0.00, other: 0.01)
FIND-MATCHING-ADDENDS

Summary
Form:  ( DEFTHM SIMPLIFY-SUMS-EQUAL ...)
Rules: ((:EXECUTABLE-COUNTERPART EQUAL)
        (:EXECUTABLE-COUNTERPART IF)
        (:EXECUTABLE-COUNTERPART SYNP)
        (:FAKE-RUNE-FOR-LINEAR NIL)
        (:FAKE-RUNE-FOR-TYPE-SET NIL)
        (:REWRITE |(+ y x)|))
Warnings:  None
Time:  0.00 seconds (prove: 0.00, print: 0.00, other: 0.00)
SIMPLIFY-SUMS-EQUAL

Summary
Form:  ( IN-THEORY (DISABLE ...))
Rules: NIL
Warnings:  None
Time:  0.00 seconds (prove: 0.00, print: 0.00, other: 0.00)
2100

Summary
Form:  ( DEFTHM SIMPLIFY-SUMS-< ...)
Rules: ((:DEFINITION IFF)
        (:EXECUTABLE-COUNTERPART IF)
        (:EXECUTABLE-COUNTERPART SYNP)
        (:FAKE-RUNE-FOR-LINEAR NIL)
        (:REWRITE |(+ y x)|)
        (:REWRITE REWRITE-EQUAL-<-TO-IFF-<))
Warnings:  None
Time:  0.00 seconds (prove: 0.00, print: 0.00, other: 0.00)
SIMPLIFY-SUMS-<

Summary
Form:  ( IN-THEORY (DISABLE ...))
Rules: NIL
Warnings:  None
Time:  0.00 seconds (prove: 0.00, print: 0.00, other: 0.00)
2100

Summary
Form:  ( DEFUN NEGATIVE-ADDEND-P ...)
Rules: ((:DEFINITION EQ)
        (:DEFINITION FN-SYMB)
        (:DEFINITION NOT)
        (:DEFINITION PSEUDO-TERM-LISTP)
        (:DEFINITION PSEUDO-TERMP)
        (:DEFINITION QUOTEP)
        (:DEFINITION RATIONAL-CONSTANT-P)
        (:DEFINITION TRUE-LISTP)
        (:EXECUTABLE-COUNTERPART <)
        (:EXECUTABLE-COUNTERPART CAR)
        (:EXECUTABLE-COUNTERPART EQUAL)
        (:EXECUTABLE-COUNTERPART PSEUDO-TERMP)
        (:EXECUTABLE-COUNTERPART RATIONALP)
        (:EXECUTABLE-COUNTERPART SYMBOLP)
        (:FAKE-RUNE-FOR-TYPE-SET NIL)
        (:REWRITE |(equal (if a b c) x)|)
        (:TYPE-PRESCRIPTION PSEUDO-TERM-LISTP)
        (:TYPE-PRESCRIPTION QUOTEP))
Warnings:  None
Time:  0.03 seconds (prove: 0.01, print: 0.00, other: 0.02)
NEGATIVE-ADDEND-P

Summary
Form:  ( DEFUN FIND-NEGATIVE-ADDEND1 ...)
Rules: ((:DEFINITION ACL2-COUNT)
        (:DEFINITION EQ)
        (:DEFINITION FN-SYMB)
        (:DEFINITION NEGATIVE-ADDEND-P)
        (:DEFINITION NOT)
        (:DEFINITION O-FINP)
        (:DEFINITION O<)
        (:DEFINITION PSEUDO-TERM-LISTP)
        (:DEFINITION PSEUDO-TERMP)
        (:DEFINITION QUOTEP)
        (:DEFINITION RATIONAL-CONSTANT-P)
        (:DEFINITION TRUE-LISTP)
        (:ELIM CAR-CDR-ELIM)
        (:EXECUTABLE-COUNTERPART <)
        (:EXECUTABLE-COUNTERPART ACL2-COUNT)
        (:EXECUTABLE-COUNTERPART CAR)
        (:EXECUTABLE-COUNTERPART CDR)
        (:EXECUTABLE-COUNTERPART CONSP)
        (:EXECUTABLE-COUNTERPART EQUAL)
        (:EXECUTABLE-COUNTERPART NOT)
        (:EXECUTABLE-COUNTERPART PSEUDO-TERMP)
        (:EXECUTABLE-COUNTERPART RATIONALP)
        (:EXECUTABLE-COUNTERPART SYMBOLP)
        (:FAKE-RUNE-FOR-LINEAR NIL)
        (:FAKE-RUNE-FOR-TYPE-SET NIL)
        (:REWRITE |(+ (+ x y) z)|)
        (:REWRITE |(+ 0 x)|)
        (:REWRITE |(+ y (+ x z))|)
        (:REWRITE |(+ y x)|)
        (:REWRITE |(equal (if a b c) x)|)
        (:REWRITE CAR-CONS)
        (:REWRITE CDR-CONS)
        (:REWRITE DEFAULT-CAR)
        (:REWRITE DEFAULT-CDR)
        (:TYPE-PRESCRIPTION ACL2-COUNT)
        (:TYPE-PRESCRIPTION PSEUDO-TERM-LISTP))
Warnings:  None
Time:  0.34 seconds (prove: 0.31, print: 0.00, other: 0.02)
FIND-NEGATIVE-ADDEND1

Summary
Form:  ( DEFUN FIND-NEGATIVE-ADDEND ...)
Rules: ((:FAKE-RUNE-FOR-TYPE-SET NIL))
Warnings:  None
Time:  0.01 seconds (prove: 0.00, print: 0.00, other: 0.01)
FIND-NEGATIVE-ADDEND

Summary
Form:  ( DEFTHM PREFER-POSITIVE-ADDENDS-EQUAL ...)
Rules: ((:EXECUTABLE-COUNTERPART EQUAL)
        (:EXECUTABLE-COUNTERPART IF)
        (:EXECUTABLE-COUNTERPART SYNP)
        (:FAKE-RUNE-FOR-LINEAR NIL)
        (:FAKE-RUNE-FOR-TYPE-SET NIL)
        (:REWRITE |(+ y x)|))
Warnings:  None
Time:  0.00 seconds (prove: 0.00, print: 0.00, other: 0.00)
PREFER-POSITIVE-ADDENDS-EQUAL

Summary
Form:  ( IN-THEORY (DISABLE ...))
Rules: NIL
Warnings:  None
Time:  0.00 seconds (prove: 0.00, print: 0.00, other: 0.00)
2110

Summary
Form:  ( DEFTHM PREFER-POSITIVE-ADDENDS-< ...)
Rules: ((:DEFINITION IFF)
        (:EXECUTABLE-COUNTERPART IF)
        (:EXECUTABLE-COUNTERPART SYNP)
        (:FAKE-RUNE-FOR-LINEAR NIL)
        (:REWRITE |(+ y x)|)
        (:REWRITE REWRITE-EQUAL-<-TO-IFF-<))
Warnings:  None
Time:  0.00 seconds (prove: 0.00, print: 0.00, other: 0.00)
PREFER-POSITIVE-ADDENDS-<

Summary
Form:  ( IN-THEORY (DISABLE ...))
Rules: NIL
Warnings:  None
Time:  0.00 seconds (prove: 0.00, print: 0.00, other: 0.00)
2110

Summary
Form:  ( DEFUN FACTOR-GATHER-EXPONENTS-INFO-ENTRY ...)
Rules: ((:FAKE-RUNE-FOR-TYPE-SET NIL))
Warnings:  None
Time:  0.00 seconds (prove: 0.00, print: 0.00, other: 0.00)
FACTOR-GATHER-EXPONENTS-INFO-ENTRY

Summary
Form:  ( DEFUN ASSOC-FACTOR-GATHER-EXPONENTS ...)
Rules: ((:DEFINITION ENDP)
        (:DEFINITION INFO-ENTRY-P)
        (:DEFINITION INFO-LIST-P)
        (:DEFINITION NOT)
        (:FAKE-RUNE-FOR-TYPE-SET NIL))
Warnings:  None
Time:  0.01 seconds (prove: 0.00, print: 0.00, other: 0.01)
ASSOC-FACTOR-GATHER-EXPONENTS

Summary
Form:  ( DEFUN FACTOR-GATHER-EXPONENTS-INTERSECT-INFO-LISTS ...)
Rules: ((:DEFINITION ASSOC-FACTOR-GATHER-EXPONENTS)
        (:DEFINITION ENDP)
        (:DEFINITION INFO-ENTRY-P)
        (:DEFINITION INFO-LIST-P)
        (:DEFINITION MATCHING-FACTOR-GATHER-EXPONENTS-PATTERNS-P)
        (:DEFINITION NOT)
        (:DEFINITION TRUE-LISTP)
        (:ELIM CAR-CDR-ELIM)
        (:EXECUTABLE-COUNTERPART CAR)
        (:EXECUTABLE-COUNTERPART CDR)
        (:EXECUTABLE-COUNTERPART CONSP)
        (:EXECUTABLE-COUNTERPART EQUAL)
        (:EXECUTABLE-COUNTERPART RATIONALP)
        (:FAKE-RUNE-FOR-TYPE-SET NIL)
        (:INDUCTION ASSOC-FACTOR-GATHER-EXPONENTS)
        (:INDUCTION INFO-LIST-P)
        (:REWRITE CAR-CONS)
        (:REWRITE CDR-CONS)
        (:TYPE-PRESCRIPTION INFO-LIST-P))
Warnings:  None
Time:  0.25 seconds (prove: 0.24, print: 0.00, other: 0.01)
FACTOR-GATHER-EXPONENTS-INTERSECT-INFO-LISTS

Summary
Form:  ( DEFTHM TEST-283 ...)
Rules: ((:DEFINITION ASSOC-FACTOR-GATHER-EXPONENTS)
        (:DEFINITION ENDP)
        (:DEFINITION INFO-ENTRY-P)
        (:DEFINITION INFO-LIST-P)
        (:DEFINITION MATCHING-FACTOR-GATHER-EXPONENTS-PATTERNS-P)
        (:DEFINITION NOT)
        (:EXECUTABLE-COUNTERPART CONSP)
        (:EXECUTABLE-COUNTERPART EQUAL)
        (:FAKE-RUNE-FOR-TYPE-SET NIL)
        (:INDUCTION ASSOC-FACTOR-GATHER-EXPONENTS)
        (:INDUCTION INFO-LIST-P)
        (:TYPE-PRESCRIPTION INFO-ENTRY-P))
Warnings:  None
Time:  0.04 seconds (prove: 0.04, print: 0.00, other: 0.00)
TEST-283

Summary
Form:  ( DEFTHM TEST-284 ...)
Rules: ((:DEFINITION ENDP)
        (:DEFINITION FACTOR-GATHER-EXPONENTS-INTERSECT-INFO-LISTS)
        (:DEFINITION INFO-ENTRY-P)
        (:DEFINITION INFO-LIST-P)
        (:DEFINITION NOT)
        (:DEFINITION TRUE-LISTP)
        (:EXECUTABLE-COUNTERPART CONSP)
        (:EXECUTABLE-COUNTERPART INFO-LIST-P)
        (:FAKE-RUNE-FOR-TYPE-SET NIL)
        (:INDUCTION FACTOR-GATHER-EXPONENTS-INTERSECT-INFO-LISTS)
        (:INDUCTION INFO-LIST-P)
        (:REWRITE CAR-CONS)
        (:REWRITE CDR-CONS)
        (:REWRITE TEST-283)
        (:TYPE-PRESCRIPTION FACTOR-GATHER-EXPONENTS-INTERSECT-INFO-LISTS)
        (:TYPE-PRESCRIPTION INFO-LIST-P))
Warnings:  None
Time:  0.02 seconds (prove: 0.02, print: 0.00, other: 0.00)
TEST-284

Summary
Form:  ( DEFTHM TEST-285 ...)
Rules: ((:DEFINITION ATOM)
        (:DEFINITION EQ)
        (:DEFINITION FACTOR-VAL-GATHER-EXPONENTS)
        (:DEFINITION FACTOR-VAL-GATHER-EXPONENTS1)
        (:DEFINITION NOT)
        (:DEFINITION RATIONAL-CONSTANT-P)
        (:ELIM CAR-CDR-ELIM)
        (:EXECUTABLE-COUNTERPART CAR)
        (:EXECUTABLE-COUNTERPART EQUAL)
        (:EXECUTABLE-COUNTERPART FACTOR-VAL-GATHER-EXPONENTS1)
        (:EXECUTABLE-COUNTERPART NOT)
        (:EXECUTABLE-COUNTERPART RATIONALP)
        (:EXECUTABLE-COUNTERPART SYMBOLP)
        (:FAKE-RUNE-FOR-TYPE-SET NIL)
        (:INDUCTION FACTOR-VAL-GATHER-EXPONENTS)
        (:INDUCTION FACTOR-VAL-GATHER-EXPONENTS1)
        (:REWRITE DEFAULT-CAR)
        (:REWRITE DEFAULT-CDR))
Warnings:  None
Time:  0.02 seconds (prove: 0.02, print: 0.00, other: 0.00)
TEST-285

Summary
Form:  ( DEFUN FACTOR-GATHER-EXPONENTS-INFO-LIST ...)
Rules: ((:DEFINITION ABS)
        (:DEFINITION ACL2-COUNT)
        (:DEFINITION EQ)
        (:DEFINITION FACTOR-GATHER-EXPONENTS-INFO-ENTRY)
        (:DEFINITION FACTOR-GATHER-EXPONENTS-INFO-LIST)
        (:DEFINITION FACTOR-PATTERN-GATHER-EXPONENTS)
        (:DEFINITION FACTOR-VAL-GATHER-EXPONENTS)
        (:DEFINITION FN-SYMB)
        (:DEFINITION INFO-ENTRY-P)
        (:DEFINITION INFO-LIST-P)
        (:DEFINITION NOT)
        (:DEFINITION O-FINP)
        (:DEFINITION O<)
        (:DEFINITION PSEUDO-TERM-LISTP)
        (:DEFINITION PSEUDO-TERMP)
        (:DEFINITION SYNP)
        (:DEFINITION TRUE-LISTP)
        (:ELIM CAR-CDR-ELIM)
        (:EXECUTABLE-COUNTERPART ACL2-COUNT)
        (:EXECUTABLE-COUNTERPART BINARY-+)
        (:EXECUTABLE-COUNTERPART CAR)
        (:EXECUTABLE-COUNTERPART CDR)
        (:EXECUTABLE-COUNTERPART CONS)
        (:EXECUTABLE-COUNTERPART CONSP)
        (:EXECUTABLE-COUNTERPART EQUAL)
        (:EXECUTABLE-COUNTERPART FACTOR-GATHER-EXPONENTS-INFO-ENTRY)
        (:EXECUTABLE-COUNTERPART FACTOR-GATHER-EXPONENTS-INFO-LIST)
        (:EXECUTABLE-COUNTERPART INFO-ENTRY-P)
        (:EXECUTABLE-COUNTERPART INFO-LIST-P)
        (:EXECUTABLE-COUNTERPART NOT)
        (:EXECUTABLE-COUNTERPART PSEUDO-TERMP)
        (:EXECUTABLE-COUNTERPART RATIONALP)
        (:EXECUTABLE-COUNTERPART SYMBOLP)
        (:EXECUTABLE-COUNTERPART UNARY--)
        (:FAKE-RUNE-FOR-LINEAR NIL)
        (:FAKE-RUNE-FOR-TYPE-SET NIL)
        (:FORWARD-CHAINING PSEUDO-TERM-LISTP-FORWARD-TO-TRUE-LISTP)
        (:INDUCTION FACTOR-GATHER-EXPONENTS-INFO-LIST)
        (:REWRITE |(+ 0 x)|)
        (:REWRITE |(+ y (+ x z))|)
        (:REWRITE |(< (if a b c) x)|)
        (:REWRITE |(< d (+ c x))|)
        (:REWRITE |(equal (if a b c) x)|)
        (:REWRITE CAR-CONS)
        (:REWRITE CDR-CONS)
        (:REWRITE DEFAULT-CAR)
        (:REWRITE DEFAULT-CDR)
        (:REWRITE TEST-284)
        (:REWRITE TEST-285)
        (:TYPE-PRESCRIPTION ACL2-COUNT)
        (:TYPE-PRESCRIPTION FACTOR-GATHER-EXPONENTS-INFO-LIST)
        (:TYPE-PRESCRIPTION FACTOR-GATHER-EXPONENTS-INTERSECT-INFO-LISTS)
        (:TYPE-PRESCRIPTION INFO-LIST-P)
        (:TYPE-PRESCRIPTION PSEUDO-TERM-LISTP))
Warnings:  None
Time:  0.66 seconds (prove: 0.64, print: 0.00, other: 0.01)
FACTOR-GATHER-EXPONENTS-INFO-LIST

Summary
Form:  ( DEFTHM TEST-726 ...)
Rules: ((:EXECUTABLE-COUNTERPART IF)
        (:REWRITE TEST-285))
Warnings:  None
Time:  0.00 seconds (prove: 0.00, print: 0.00, other: 0.00)
TEST-726

Summary
Form:  ( DEFTHM TEST727 ...)
Rules: ((:DEFINITION ABS)
        (:DEFINITION EQ)
        (:DEFINITION FACTOR-GATHER-EXPONENTS-INFO-ENTRY)
        (:DEFINITION FACTOR-GATHER-EXPONENTS-INFO-LIST)
        (:DEFINITION FACTOR-PATTERN-GATHER-EXPONENTS)
        (:DEFINITION FACTOR-VAL-GATHER-EXPONENTS)
        (:DEFINITION FN-SYMB)
        (:DEFINITION INFO-ENTRY-P)
        (:DEFINITION INFO-LIST-P)
        (:DEFINITION NOT)
        (:DEFINITION PSEUDO-TERM-LISTP)
        (:DEFINITION PSEUDO-TERMP)
        (:DEFINITION TRUE-LISTP)
        (:ELIM CAR-CDR-ELIM)
        (:EXECUTABLE-COUNTERPART CAR)
        (:EXECUTABLE-COUNTERPART CDR)
        (:EXECUTABLE-COUNTERPART EQUAL)
        (:EXECUTABLE-COUNTERPART FACTOR-GATHER-EXPONENTS-INFO-ENTRY)
        (:EXECUTABLE-COUNTERPART FACTOR-GATHER-EXPONENTS-INFO-LIST)
        (:EXECUTABLE-COUNTERPART INFO-ENTRY-P)
        (:EXECUTABLE-COUNTERPART INFO-LIST-P)
        (:EXECUTABLE-COUNTERPART NOT)
        (:EXECUTABLE-COUNTERPART PSEUDO-TERMP)
        (:EXECUTABLE-COUNTERPART RATIONALP)
        (:EXECUTABLE-COUNTERPART SYMBOLP)
        (:FAKE-RUNE-FOR-TYPE-SET NIL)
        (:FORWARD-CHAINING PSEUDO-TERM-LISTP-FORWARD-TO-TRUE-LISTP)
        (:INDUCTION FACTOR-GATHER-EXPONENTS-INFO-LIST)
        (:REWRITE |(< (if a b c) x)|)
        (:REWRITE |(equal (if a b c) x)|)
        (:REWRITE CAR-CONS)
        (:REWRITE CDR-CONS)
        (:REWRITE TEST-284)
        (:REWRITE TEST-285)
        (:REWRITE TEST-726)
        (:TYPE-PRESCRIPTION FACTOR-GATHER-EXPONENTS-INFO-LIST)
        (:TYPE-PRESCRIPTION INFO-LIST-P)
        (:TYPE-PRESCRIPTION PSEUDO-TERM-LISTP)
        (:TYPE-PRESCRIPTION PSEUDO-TERMP))
Warnings:  None
Time:  0.12 seconds (prove: 0.12, print: 0.00, other: 0.00)
TEST727

Summary
Form:  ( DEFUN FIRST-MATCH-IN-FACTOR-GATHER-EXPONENTS-INFO-LISTS ...)
Rules: ((:DEFINITION ASSOC-FACTOR-GATHER-EXPONENTS)
        (:DEFINITION ENDP)
        (:DEFINITION INFO-ENTRY-P)
        (:DEFINITION INFO-LIST-P)
        (:DEFINITION MATCHING-FACTOR-GATHER-EXPONENTS-PATTERNS-P)
        (:DEFINITION NOT)
        (:DEFINITION TRUE-LISTP)
        (:ELIM CAR-CDR-ELIM)
        (:EXECUTABLE-COUNTERPART CAR)
        (:EXECUTABLE-COUNTERPART CDR)
        (:EXECUTABLE-COUNTERPART CONSP)
        (:EXECUTABLE-COUNTERPART EQUAL)
        (:EXECUTABLE-COUNTERPART RATIONALP)
        (:FAKE-RUNE-FOR-TYPE-SET NIL)
        (:INDUCTION ASSOC-FACTOR-GATHER-EXPONENTS)
        (:INDUCTION INFO-LIST-P)
        (:REWRITE CAR-CONS)
        (:REWRITE CDR-CONS)
        (:REWRITE DEFAULT-<-1)
        (:TYPE-PRESCRIPTION INFO-LIST-P))
Warnings:  None
Time:  0.38 seconds (prove: 0.37, print: 0.00, other: 0.01)
FIRST-MATCH-IN-FACTOR-GATHER-EXPONENTS-INFO-LISTS

Summary
Form:  ( DEFUN FIND-MATCHING-FACTORS-GATHER-EXPONENTS ...)
Rules: ((:DEFINITION NOT)
        (:FAKE-RUNE-FOR-TYPE-SET NIL)
        (:REWRITE TEST727)
        (:TYPE-PRESCRIPTION PSEUDO-TERMP))
Warnings:  None
Time:  0.06 seconds (prove: 0.06, print: 0.00, other: 0.00)
FIND-MATCHING-FACTORS-GATHER-EXPONENTS

Summary
Form:  ( DEFTHM SIMPLIFY-PRODUCTS-GATHER-EXPONENTS-EQUAL ...)
Rules: ((:DEFINITION CASE-SPLIT)
        (:DEFINITION FIX)
        (:EXECUTABLE-COUNTERPART SYNP)
        (:FAKE-RUNE-FOR-TYPE-SET NIL)
        (:REWRITE |(* (* x y) z)|)
        (:REWRITE |(* 1 x)|)
        (:REWRITE |(* a (/ a))|)
        (:REWRITE |(* y x)|)
        (:REWRITE EQUAL-*-/-2)
        (:REWRITE INSERT-0-X-Y))
Warnings:  None
Time:  0.00 seconds (prove: 0.00, print: 0.00, other: 0.00)
SIMPLIFY-PRODUCTS-GATHER-EXPONENTS-EQUAL

Summary
Form:  ( IN-THEORY (DISABLE ...))
Rules: NIL
Warnings:  None
Time:  0.00 seconds (prove: 0.00, print: 0.00, other: 0.00)
2137

Summary
Form:  ( DEFUN FIRST-RATIONAL-MATCH-IN-FACTOR-GATHER-EXPONENTS-INFO-
LISTS ...)
Rules: ((:DEFINITION ASSOC-FACTOR-GATHER-EXPONENTS)
        (:DEFINITION ENDP)
        (:DEFINITION INFO-ENTRY-P)
        (:DEFINITION INFO-LIST-P)
        (:DEFINITION MATCHING-FACTOR-GATHER-EXPONENTS-PATTERNS-P)
        (:DEFINITION NOT)
        (:DEFINITION PROVEABLY-RATIONAL)
        (:DEFINITION TRUE-LISTP)
        (:ELIM CAR-CDR-ELIM)
        (:EXECUTABLE-COUNTERPART CAR)
        (:EXECUTABLE-COUNTERPART CDR)
        (:EXECUTABLE-COUNTERPART CONSP)
        (:EXECUTABLE-COUNTERPART EQUAL)
        (:EXECUTABLE-COUNTERPART RATIONALP)
        (:FAKE-RUNE-FOR-TYPE-SET NIL)
        (:INDUCTION ASSOC-FACTOR-GATHER-EXPONENTS)
        (:INDUCTION INFO-LIST-P)
        (:REWRITE CAR-CONS)
        (:REWRITE CDR-CONS)
        (:TYPE-PRESCRIPTION INFO-LIST-P))
Warnings:  None
Time:  0.42 seconds (prove: 0.40, print: 0.00, other: 0.01)
FIRST-RATIONAL-MATCH-IN-FACTOR-GATHER-EXPONENTS-INFO-LISTS

Summary
Form:  ( DEFUN FIND-RATIONAL-MATCHING-FACTORS-GATHER-EXPONENTS ...)
Rules: ((:DEFINITION NOT)
        (:FAKE-RUNE-FOR-TYPE-SET NIL)
        (:REWRITE TEST727)
        (:TYPE-PRESCRIPTION PSEUDO-TERMP))
Warnings:  None
Time:  0.06 seconds (prove: 0.06, print: 0.00, other: 0.01)
FIND-RATIONAL-MATCHING-FACTORS-GATHER-EXPONENTS

Summary
Form:  ( DEFTHM SIMPLIFY-PRODUCTS-GATHER-EXPONENTS-< ...)
Rules: ((:DEFINITION CASE-SPLIT)
        (:EXECUTABLE-COUNTERPART SYNP)
        (:FAKE-RUNE-FOR-TYPE-SET NIL)
        (:REWRITE |(* y x)|)
        (:REWRITE |(< 0 (/ x))|)
        (:REWRITE HELPER-6)
        (:REWRITE INSERT-0-X-Y))
Warnings:  None
Time:  0.00 seconds (prove: 0.00, print: 0.00, other: 0.00)
SIMPLIFY-PRODUCTS-GATHER-EXPONENTS-<

Summary
Form:  ( IN-THEORY (DISABLE ...))
Rules: NIL
Warnings:  None
Time:  0.00 seconds (prove: 0.00, print: 0.00, other: 0.00)
2144

Summary
Form:  ( DEFUN FACTOR-SCATTER-EXPONENTS-INFO-ENTRY ...)
Rules: ((:FAKE-RUNE-FOR-TYPE-SET NIL))
Warnings:  None
Time:  0.00 seconds (prove: 0.00, print: 0.00, other: 0.00)
FACTOR-SCATTER-EXPONENTS-INFO-ENTRY

Summary
Form:  ( DEFUN ASSOC-FACTOR-SCATTER-EXPONENTS ...)
Rules: ((:DEFINITION ENDP)
        (:DEFINITION INFO-ENTRY-P)
        (:DEFINITION INFO-LIST-P)
        (:DEFINITION NOT)
        (:FAKE-RUNE-FOR-TYPE-SET NIL))
Warnings:  None
Time:  0.01 seconds (prove: 0.00, print: 0.00, other: 0.01)
ASSOC-FACTOR-SCATTER-EXPONENTS

Summary
Form:  ( DEFUN FACTOR-SCATTER-EXPONENTS-INTERSECT-INFO-LISTS ...)
Rules: ((:DEFINITION ASSOC-FACTOR-SCATTER-EXPONENTS)
        (:DEFINITION ENDP)
        (:DEFINITION INFO-ENTRY-P)
        (:DEFINITION INFO-LIST-P)
        (:DEFINITION MATCHING-FACTOR-SCATTER-EXPONENTS-PATTERNS-P)
        (:DEFINITION NOT)
        (:DEFINITION TRUE-LISTP)
        (:ELIM CAR-CDR-ELIM)
        (:EXECUTABLE-COUNTERPART CAR)
        (:EXECUTABLE-COUNTERPART CDR)
        (:EXECUTABLE-COUNTERPART CONSP)
        (:EXECUTABLE-COUNTERPART EQUAL)
        (:EXECUTABLE-COUNTERPART RATIONALP)
        (:FAKE-RUNE-FOR-TYPE-SET NIL)
        (:INDUCTION ASSOC-FACTOR-SCATTER-EXPONENTS)
        (:INDUCTION INFO-LIST-P)
        (:REWRITE CAR-CONS)
        (:REWRITE CDR-CONS)
        (:TYPE-PRESCRIPTION INFO-LIST-P))
Warnings:  None
Time:  0.14 seconds (prove: 0.13, print: 0.00, other: 0.01)
FACTOR-SCATTER-EXPONENTS-INTERSECT-INFO-LISTS

Summary
Form:  ( DEFTHM TEST-287 ...)
Rules: ((:DEFINITION ASSOC-FACTOR-SCATTER-EXPONENTS)
        (:DEFINITION ENDP)
        (:DEFINITION INFO-ENTRY-P)
        (:DEFINITION INFO-LIST-P)
        (:DEFINITION MATCHING-FACTOR-SCATTER-EXPONENTS-PATTERNS-P)
        (:DEFINITION NOT)
        (:EXECUTABLE-COUNTERPART CONSP)
        (:EXECUTABLE-COUNTERPART EQUAL)
        (:FAKE-RUNE-FOR-TYPE-SET NIL)
        (:INDUCTION ASSOC-FACTOR-SCATTER-EXPONENTS)
        (:INDUCTION INFO-LIST-P)
        (:TYPE-PRESCRIPTION INFO-ENTRY-P))
Warnings:  None
Time:  0.02 seconds (prove: 0.02, print: 0.00, other: 0.00)
TEST-287

Summary
Form:  ( DEFTHM TEST-288 ...)
Rules: ((:DEFINITION ENDP)
        (:DEFINITION FACTOR-SCATTER-EXPONENTS-INTERSECT-INFO-LISTS)
        (:DEFINITION INFO-ENTRY-P)
        (:DEFINITION INFO-LIST-P)
        (:DEFINITION NOT)
        (:DEFINITION TRUE-LISTP)
        (:EXECUTABLE-COUNTERPART CONSP)
        (:EXECUTABLE-COUNTERPART INFO-LIST-P)
        (:FAKE-RUNE-FOR-TYPE-SET NIL)
        (:INDUCTION FACTOR-SCATTER-EXPONENTS-INTERSECT-INFO-LISTS)
        (:INDUCTION INFO-LIST-P)
        (:REWRITE CAR-CONS)
        (:REWRITE CDR-CONS)
        (:REWRITE TEST-287)
        (:TYPE-PRESCRIPTION FACTOR-SCATTER-EXPONENTS-INTERSECT-INFO-LISTS)
        (:TYPE-PRESCRIPTION INFO-LIST-P))
Warnings:  None
Time:  0.02 seconds (prove: 0.02, print: 0.00, other: 0.00)
TEST-288

Summary
Form:  ( DEFTHM TEST-289 ...)
Rules: ((:DEFINITION ATOM)
        (:DEFINITION EQ)
        (:DEFINITION FACTOR-VAL-SCATTER-EXPONENTS)
        (:DEFINITION FACTOR-VAL-SCATTER-EXPONENTS1)
        (:DEFINITION NOT)
        (:DEFINITION RATIONAL-CONSTANT-P)
        (:ELIM CAR-CDR-ELIM)
        (:EXECUTABLE-COUNTERPART CAR)
        (:EXECUTABLE-COUNTERPART EQUAL)
        (:EXECUTABLE-COUNTERPART FACTOR-VAL-SCATTER-EXPONENTS1)
        (:EXECUTABLE-COUNTERPART NOT)
        (:EXECUTABLE-COUNTERPART RATIONALP)
        (:EXECUTABLE-COUNTERPART SYMBOLP)
        (:FAKE-RUNE-FOR-TYPE-SET NIL)
        (:INDUCTION FACTOR-VAL-SCATTER-EXPONENTS)
        (:INDUCTION FACTOR-VAL-SCATTER-EXPONENTS1)
        (:REWRITE DEFAULT-CAR)
        (:REWRITE DEFAULT-CDR))
Warnings:  None
Time:  0.02 seconds (prove: 0.02, print: 0.00, other: 0.00)
TEST-289

Summary
Form:  ( DEFUN FACTOR-SCATTER-EXPONENTS-INFO-LIST ...)
Rules: ((:DEFINITION ABS)
        (:DEFINITION ACL2-COUNT)
        (:DEFINITION EQ)
        (:DEFINITION FACTOR-PATTERN-SCATTER-EXPONENTS)
        (:DEFINITION FACTOR-SCATTER-EXPONENTS-INFO-ENTRY)
        (:DEFINITION FACTOR-SCATTER-EXPONENTS-INFO-LIST)
        (:DEFINITION FACTOR-VAL-SCATTER-EXPONENTS)
        (:DEFINITION FN-SYMB)
        (:DEFINITION INFO-ENTRY-P)
        (:DEFINITION INFO-LIST-P)
        (:DEFINITION NOT)
        (:DEFINITION O-FINP)
        (:DEFINITION O<)
        (:DEFINITION PSEUDO-TERM-LISTP)
        (:DEFINITION PSEUDO-TERMP)
        (:DEFINITION SYNP)
        (:DEFINITION TRUE-LISTP)
        (:ELIM CAR-CDR-ELIM)
        (:EXECUTABLE-COUNTERPART ACL2-COUNT)
        (:EXECUTABLE-COUNTERPART BINARY-+)
        (:EXECUTABLE-COUNTERPART CAR)
        (:EXECUTABLE-COUNTERPART CDR)
        (:EXECUTABLE-COUNTERPART CONS)
        (:EXECUTABLE-COUNTERPART CONSP)
        (:EXECUTABLE-COUNTERPART EQUAL)
        (:EXECUTABLE-COUNTERPART FACTOR-SCATTER-EXPONENTS-INFO-ENTRY)
        (:EXECUTABLE-COUNTERPART FACTOR-SCATTER-EXPONENTS-INFO-LIST)
        (:EXECUTABLE-COUNTERPART INFO-ENTRY-P)
        (:EXECUTABLE-COUNTERPART INFO-LIST-P)
        (:EXECUTABLE-COUNTERPART NOT)
        (:EXECUTABLE-COUNTERPART PSEUDO-TERMP)
        (:EXECUTABLE-COUNTERPART RATIONALP)
        (:EXECUTABLE-COUNTERPART SYMBOLP)
        (:EXECUTABLE-COUNTERPART UNARY--)
        (:FAKE-RUNE-FOR-LINEAR NIL)
        (:FAKE-RUNE-FOR-TYPE-SET NIL)
        (:FORWARD-CHAINING PSEUDO-TERM-LISTP-FORWARD-TO-TRUE-LISTP)
        (:INDUCTION FACTOR-SCATTER-EXPONENTS-INFO-LIST)
        (:REWRITE |(+ 0 x)|)
        (:REWRITE |(+ y (+ x z))|)
        (:REWRITE |(< (if a b c) x)|)
        (:REWRITE |(< d (+ c x))|)
        (:REWRITE |(equal (if a b c) x)|)
        (:REWRITE CAR-CONS)
        (:REWRITE CDR-CONS)
        (:REWRITE DEFAULT-CAR)
        (:REWRITE DEFAULT-CDR)
        (:REWRITE TEST-288)
        (:REWRITE TEST-289)
        (:TYPE-PRESCRIPTION ACL2-COUNT)
        (:TYPE-PRESCRIPTION FACTOR-SCATTER-EXPONENTS-INFO-LIST)
        (:TYPE-PRESCRIPTION FACTOR-SCATTER-EXPONENTS-INTERSECT-INFO-LISTS)
        (:TYPE-PRESCRIPTION INFO-LIST-P)
        (:TYPE-PRESCRIPTION PSEUDO-TERM-LISTP))
Warnings:  None
Time:  0.66 seconds (prove: 0.65, print: 0.00, other: 0.01)
FACTOR-SCATTER-EXPONENTS-INFO-LIST

Summary
Form:  ( DEFTHM TEST-728 ...)
Rules: ((:EXECUTABLE-COUNTERPART IF)
        (:REWRITE TEST-285))
Warnings:  None
Time:  0.00 seconds (prove: 0.00, print: 0.00, other: 0.00)
TEST-728

Summary
Form:  ( DEFTHM TEST729 ...)
Rules: ((:REWRITE TEST727)
        (:TYPE-PRESCRIPTION INFO-LIST-P)
        (:TYPE-PRESCRIPTION PSEUDO-TERMP))
Warnings:  None
Time:  0.01 seconds (prove: 0.01, print: 0.00, other: 0.00)
TEST729

Summary
Form:  ( DEFUN FIRST-MATCH-IN-FACTOR-SCATTER-EXPONENTS-INFO-LISTS ...)
Rules: ((:DEFINITION ASSOC-FACTOR-SCATTER-EXPONENTS)
        (:DEFINITION ENDP)
        (:DEFINITION INFO-ENTRY-P)
        (:DEFINITION INFO-LIST-P)
        (:DEFINITION MATCHING-FACTOR-SCATTER-EXPONENTS-PATTERNS-P)
        (:DEFINITION NOT)
        (:DEFINITION TRUE-LISTP)
        (:ELIM CAR-CDR-ELIM)
        (:EXECUTABLE-COUNTERPART CAR)
        (:EXECUTABLE-COUNTERPART CDR)
        (:EXECUTABLE-COUNTERPART CONSP)
        (:EXECUTABLE-COUNTERPART EQUAL)
        (:EXECUTABLE-COUNTERPART RATIONALP)
        (:FAKE-RUNE-FOR-TYPE-SET NIL)
        (:INDUCTION ASSOC-FACTOR-SCATTER-EXPONENTS)
        (:INDUCTION INFO-LIST-P)
        (:REWRITE CAR-CONS)
        (:REWRITE CDR-CONS)
        (:REWRITE DEFAULT-<-1)
        (:TYPE-PRESCRIPTION INFO-LIST-P))
Warnings:  None
Time:  0.21 seconds (prove: 0.20, print: 0.00, other: 0.01)
FIRST-MATCH-IN-FACTOR-SCATTER-EXPONENTS-INFO-LISTS

Summary
Form:  ( DEFUN FIND-MATCHING-FACTORS-SCATTER-EXPONENTS ...)
Rules: ((:DEFINITION ABS)
        (:DEFINITION EQ)
        (:DEFINITION FACTOR-PATTERN-SCATTER-EXPONENTS)
        (:DEFINITION FACTOR-SCATTER-EXPONENTS-INFO-ENTRY)
        (:DEFINITION FACTOR-SCATTER-EXPONENTS-INFO-LIST)
        (:DEFINITION FACTOR-VAL-SCATTER-EXPONENTS)
        (:DEFINITION FN-SYMB)
        (:DEFINITION INFO-ENTRY-P)
        (:DEFINITION INFO-LIST-P)
        (:DEFINITION NOT)
        (:DEFINITION PSEUDO-TERM-LISTP)
        (:DEFINITION PSEUDO-TERMP)
        (:DEFINITION TRUE-LISTP)
        (:EXECUTABLE-COUNTERPART CAR)
        (:EXECUTABLE-COUNTERPART CDR)
        (:EXECUTABLE-COUNTERPART CONS)
        (:EXECUTABLE-COUNTERPART EQUAL)
        (:EXECUTABLE-COUNTERPART FACTOR-SCATTER-EXPONENTS-INFO-ENTRY)
        (:EXECUTABLE-COUNTERPART FACTOR-SCATTER-EXPONENTS-INFO-LIST)
        (:EXECUTABLE-COUNTERPART INFO-ENTRY-P)
        (:EXECUTABLE-COUNTERPART INFO-LIST-P)
        (:EXECUTABLE-COUNTERPART PSEUDO-TERMP)
        (:EXECUTABLE-COUNTERPART RATIONALP)
        (:EXECUTABLE-COUNTERPART SYMBOLP)
        (:FAKE-RUNE-FOR-TYPE-SET NIL)
        (:FORWARD-CHAINING PSEUDO-TERM-LISTP-FORWARD-TO-TRUE-LISTP)
        (:INDUCTION FACTOR-SCATTER-EXPONENTS-INFO-LIST)
        (:REWRITE |(< (if a b c) x)|)
        (:REWRITE |(equal (if a b c) x)|)
        (:REWRITE CAR-CONS)
        (:REWRITE CDR-CONS)
        (:REWRITE TEST-288)
        (:REWRITE TEST-289)
        (:TYPE-PRESCRIPTION FACTOR-SCATTER-EXPONENTS-INFO-LIST)
        (:TYPE-PRESCRIPTION INFO-LIST-P)
        (:TYPE-PRESCRIPTION PSEUDO-TERM-LISTP)
        (:TYPE-PRESCRIPTION PSEUDO-TERMP))
Warnings:  None
Time:  0.66 seconds (prove: 0.65, print: 0.00, other: 0.01)
FIND-MATCHING-FACTORS-SCATTER-EXPONENTS

Summary
Form:  ( DEFTHM SIMPLIFY-PRODUCTS-SCATTER-EXPONENTS-EQUAL ...)
Rules: ((:DEFINITION CASE-SPLIT)
        (:DEFINITION FIX)
        (:EXECUTABLE-COUNTERPART SYNP)
        (:FAKE-RUNE-FOR-TYPE-SET NIL)
        (:REWRITE |(* (* x y) z)|)
        (:REWRITE |(* 1 x)|)
        (:REWRITE |(* a (/ a))|)
        (:REWRITE |(* y x)|)
        (:REWRITE EQUAL-*-/-2)
        (:REWRITE INSERT-0-X-Y))
Warnings:  None
Time:  0.00 seconds (prove: 0.00, print: 0.00, other: 0.00)
SIMPLIFY-PRODUCTS-SCATTER-EXPONENTS-EQUAL

Summary
Form:  ( IN-THEORY (DISABLE ...))
Rules: NIL
Warnings:  None
Time:  0.00 seconds (prove: 0.00, print: 0.00, other: 0.00)
2171

Summary
Form:  ( DEFUN FIRST-RATIONAL-MATCH-IN-FACTOR-SCATTER-EXPONENTS-INFO-
LISTS ...)
Rules: ((:DEFINITION ASSOC-FACTOR-SCATTER-EXPONENTS)
        (:DEFINITION ENDP)
        (:DEFINITION INFO-ENTRY-P)
        (:DEFINITION INFO-LIST-P)
        (:DEFINITION MATCHING-FACTOR-SCATTER-EXPONENTS-PATTERNS-P)
        (:DEFINITION NOT)
        (:DEFINITION PROVEABLY-RATIONAL)
        (:DEFINITION TRUE-LISTP)
        (:ELIM CAR-CDR-ELIM)
        (:EXECUTABLE-COUNTERPART CAR)
        (:EXECUTABLE-COUNTERPART CDR)
        (:EXECUTABLE-COUNTERPART CONSP)
        (:EXECUTABLE-COUNTERPART EQUAL)
        (:EXECUTABLE-COUNTERPART RATIONALP)
        (:FAKE-RUNE-FOR-TYPE-SET NIL)
        (:INDUCTION ASSOC-FACTOR-SCATTER-EXPONENTS)
        (:INDUCTION INFO-LIST-P)
        (:REWRITE CAR-CONS)
        (:REWRITE CDR-CONS)
        (:TYPE-PRESCRIPTION INFO-LIST-P))
Warnings:  None
Time:  0.23 seconds (prove: 0.22, print: 0.00, other: 0.01)
FIRST-RATIONAL-MATCH-IN-FACTOR-SCATTER-EXPONENTS-INFO-LISTS

Summary
Form:  ( DEFUN FIND-RATIONAL-MATCHING-FACTORS-SCATTER-EXPONENTS ...)
Rules: ((:DEFINITION ABS)
        (:DEFINITION EQ)
        (:DEFINITION FACTOR-PATTERN-SCATTER-EXPONENTS)
        (:DEFINITION FACTOR-SCATTER-EXPONENTS-INFO-ENTRY)
        (:DEFINITION FACTOR-SCATTER-EXPONENTS-INFO-LIST)
        (:DEFINITION FACTOR-VAL-SCATTER-EXPONENTS)
        (:DEFINITION FN-SYMB)
        (:DEFINITION INFO-ENTRY-P)
        (:DEFINITION INFO-LIST-P)
        (:DEFINITION NOT)
        (:DEFINITION PSEUDO-TERM-LISTP)
        (:DEFINITION PSEUDO-TERMP)
        (:DEFINITION TRUE-LISTP)
        (:EXECUTABLE-COUNTERPART CAR)
        (:EXECUTABLE-COUNTERPART CDR)
        (:EXECUTABLE-COUNTERPART CONS)
        (:EXECUTABLE-COUNTERPART EQUAL)
        (:EXECUTABLE-COUNTERPART FACTOR-SCATTER-EXPONENTS-INFO-ENTRY)
        (:EXECUTABLE-COUNTERPART FACTOR-SCATTER-EXPONENTS-INFO-LIST)
        (:EXECUTABLE-COUNTERPART INFO-ENTRY-P)
        (:EXECUTABLE-COUNTERPART INFO-LIST-P)
        (:EXECUTABLE-COUNTERPART PSEUDO-TERMP)
        (:EXECUTABLE-COUNTERPART RATIONALP)
        (:EXECUTABLE-COUNTERPART SYMBOLP)
        (:FAKE-RUNE-FOR-TYPE-SET NIL)
        (:FORWARD-CHAINING PSEUDO-TERM-LISTP-FORWARD-TO-TRUE-LISTP)
        (:INDUCTION FACTOR-SCATTER-EXPONENTS-INFO-LIST)
        (:REWRITE |(< (if a b c) x)|)
        (:REWRITE |(equal (if a b c) x)|)
        (:REWRITE CAR-CONS)
        (:REWRITE CDR-CONS)
        (:REWRITE TEST-288)
        (:REWRITE TEST-289)
        (:TYPE-PRESCRIPTION FACTOR-SCATTER-EXPONENTS-INFO-LIST)
        (:TYPE-PRESCRIPTION INFO-LIST-P)
        (:TYPE-PRESCRIPTION PSEUDO-TERM-LISTP)
        (:TYPE-PRESCRIPTION PSEUDO-TERMP))
Warnings:  None
Time:  0.67 seconds (prove: 0.66, print: 0.00, other: 0.01)
FIND-RATIONAL-MATCHING-FACTORS-SCATTER-EXPONENTS

Summary
Form:  ( DEFTHM SIMPLIFY-PRODUCTS-SCATTER-EXPONENTS-< ...)
Rules: ((:DEFINITION CASE-SPLIT)
        (:EXECUTABLE-COUNTERPART SYNP)
        (:FAKE-RUNE-FOR-TYPE-SET NIL)
        (:REWRITE |(* y x)|)
        (:REWRITE |(< 0 (/ x))|)
        (:REWRITE HELPER-6)
        (:REWRITE INSERT-0-X-Y))
Warnings:  None
Time:  0.00 seconds (prove: 0.00, print: 0.00, other: 0.00)
SIMPLIFY-PRODUCTS-SCATTER-EXPONENTS-<

Summary
Form:  ( IN-THEORY (DISABLE ...))
Rules: NIL
Warnings:  None
Time:  0.00 seconds (prove: 0.00, print: 0.00, other: 0.00)
2178

Summary
Form:  ( DEFUN FIND-NEGATIVE-FACTOR-SCATTER-EXPONENTS2 ...)
Rules: ((:COMPOUND-RECOGNIZER EQLABLEP-RECOG)
        (:DEFINITION ACL2-COUNT)
        (:DEFINITION ATOM)
        (:DEFINITION EQ)
        (:DEFINITION EQL)
        (:DEFINITION FN-SYMB)
        (:DEFINITION NOT)
        (:DEFINITION O-FINP)
        (:DEFINITION O<)
        (:DEFINITION PSEUDO-TERM-LISTP)
        (:DEFINITION PSEUDO-TERMP)
        (:DEFINITION QUOTEP)
        (:DEFINITION RATIONAL-CONSTANT-P)
        (:DEFINITION SYNP)
        (:DEFINITION TRUE-LISTP)
        (:ELIM CAR-CDR-ELIM)
        (:EXECUTABLE-COUNTERPART ACL2-COUNT)
        (:EXECUTABLE-COUNTERPART BINARY-+)
        (:EXECUTABLE-COUNTERPART CAR)
        (:EXECUTABLE-COUNTERPART CDR)
        (:EXECUTABLE-COUNTERPART CONSP)
        (:EXECUTABLE-COUNTERPART EQUAL)
        (:EXECUTABLE-COUNTERPART FIND-NEGATIVE-FACTOR-SCATTER-EXPONENTS2)
        (:EXECUTABLE-COUNTERPART FN-SYMB)
        (:EXECUTABLE-COUNTERPART NOT)
        (:EXECUTABLE-COUNTERPART NUMERATOR)
        (:EXECUTABLE-COUNTERPART PSEUDO-TERM-LISTP)
        (:EXECUTABLE-COUNTERPART PSEUDO-TERMP)
        (:EXECUTABLE-COUNTERPART QUOTEP)
        (:EXECUTABLE-COUNTERPART SYMBOLP)
        (:EXECUTABLE-COUNTERPART UNARY--)
        (:FAKE-RUNE-FOR-LINEAR NIL)
        (:FAKE-RUNE-FOR-TYPE-SET NIL)
        (:FORWARD-CHAINING PSEUDO-TERM-LISTP-FORWARD-TO-TRUE-LISTP)
        (:REWRITE |(+ 0 x)|)
        (:REWRITE |(+ y (+ x z))|)
        (:REWRITE |(< d (+ c x))|)
        (:REWRITE |(equal (if a b c) x)|)
        (:REWRITE CAR-CONS)
        (:REWRITE CDR-CONS)
        (:REWRITE DEFAULT-CAR)
        (:REWRITE DEFAULT-CDR)
        (:TYPE-PRESCRIPTION ACL2-COUNT)
        (:TYPE-PRESCRIPTION PSEUDO-TERM-LISTP))
Warnings:  None
Time:  0.44 seconds (prove: 0.41, print: 0.00, other: 0.03)
FIND-NEGATIVE-FACTOR-SCATTER-EXPONENTS2

Summary
Form:  ( DEFUN FIND-NEGATIVE-FACTOR-SCATTER-EXPONENTS1 ...)
Rules: ((:DEFINITION ACL2-COUNT)
        (:DEFINITION ATOM)
        (:DEFINITION EQ)
        (:DEFINITION NOT)
        (:DEFINITION O-FINP)
        (:DEFINITION O<)
        (:DEFINITION PSEUDO-TERM-LISTP)
        (:DEFINITION PSEUDO-TERMP)
        (:DEFINITION SYNP)
        (:DEFINITION TRUE-LISTP)
        (:ELIM CAR-CDR-ELIM)
        (:EXECUTABLE-COUNTERPART ACL2-COUNT)
        (:EXECUTABLE-COUNTERPART BINARY-+)
        (:EXECUTABLE-COUNTERPART CAR)
        (:EXECUTABLE-COUNTERPART CDR)
        (:EXECUTABLE-COUNTERPART EQUAL)
        (:EXECUTABLE-COUNTERPART FIND-NEGATIVE-FACTOR-SCATTER-EXPONENTS2)
        (:EXECUTABLE-COUNTERPART NOT)
        (:EXECUTABLE-COUNTERPART PSEUDO-TERMP)
        (:EXECUTABLE-COUNTERPART SYMBOLP)
        (:EXECUTABLE-COUNTERPART UNARY--)
        (:FAKE-RUNE-FOR-LINEAR NIL)
        (:FAKE-RUNE-FOR-TYPE-SET NIL)
        (:FORWARD-CHAINING PSEUDO-TERM-LISTP-FORWARD-TO-TRUE-LISTP)
        (:REWRITE |(+ 0 x)|)
        (:REWRITE |(+ y (+ x z))|)
        (:REWRITE |(< d (+ c x))|)
        (:REWRITE CAR-CONS)
        (:REWRITE CDR-CONS)
        (:REWRITE DEFAULT-CAR)
        (:REWRITE DEFAULT-CDR)
        (:TYPE-PRESCRIPTION ACL2-COUNT)
        (:TYPE-PRESCRIPTION FIND-NEGATIVE-FACTOR-SCATTER-EXPONENTS2)
        (:TYPE-PRESCRIPTION PSEUDO-TERM-LISTP))
Warnings:  None
Time:  0.06 seconds (prove: 0.06, print: 0.00, other: 0.01)
FIND-NEGATIVE-FACTOR-SCATTER-EXPONENTS1

Summary
Form:  ( DEFUN FIND-NEGATIVE-FACTOR-SCATTER-EXPONENTS ...)
Rules: ((:FAKE-RUNE-FOR-TYPE-SET NIL))
Warnings:  None
Time:  0.00 seconds (prove: 0.00, print: 0.00, other: 0.00)
FIND-NEGATIVE-FACTOR-SCATTER-EXPONENTS

Summary
Form:  ( DEFTHM PREFER-POSITIVE-EXPONENTS-SCATTER-EXPONENTS-EQUAL ...)
Rules: ((:DEFINITION CASE-SPLIT)
        (:DEFINITION FIX)
        (:EXECUTABLE-COUNTERPART SYNP)
        (:FAKE-RUNE-FOR-TYPE-SET NIL)
        (:REWRITE |(* (* x y) z)|)
        (:REWRITE |(* 1 x)|)
        (:REWRITE |(* a (/ a))|)
        (:REWRITE |(* y x)|)
        (:REWRITE EQUAL-*-/-2)
        (:REWRITE INSERT-0-X-Y))
Warnings:  None
Time:  0.00 seconds (prove: 0.00, print: 0.00, other: 0.00)
PREFER-POSITIVE-EXPONENTS-SCATTER-EXPONENTS-EQUAL

Summary
Form:  ( DEFUN FIND-RATIONAL-NEGATIVE-FACTOR-SCATTER-EXPONENTS2 ...)
Rules: ((:COMPOUND-RECOGNIZER EQLABLEP-RECOG)
        (:DEFINITION ACL2-COUNT)
        (:DEFINITION ATOM)
        (:DEFINITION EQ)
        (:DEFINITION EQL)
        (:DEFINITION FIND-RATIONAL-NEGATIVE-FACTOR-SCATTER-EXPONENTS2)
        (:DEFINITION FN-SYMB)
        (:DEFINITION NOT)
        (:DEFINITION O-FINP)
        (:DEFINITION O<)
        (:DEFINITION PSEUDO-TERM-LISTP)
        (:DEFINITION PSEUDO-TERMP)
        (:DEFINITION QUOTEP)
        (:DEFINITION RATIONAL-CONSTANT-P)
        (:DEFINITION SYNP)
        (:DEFINITION TRUE-LISTP)
        (:ELIM CAR-CDR-ELIM)
        (:EXECUTABLE-COUNTERPART ACL2-COUNT)
        (:EXECUTABLE-COUNTERPART BINARY-+)
        (:EXECUTABLE-COUNTERPART CAR)
        (:EXECUTABLE-COUNTERPART CDR)
        (:EXECUTABLE-COUNTERPART CONSP)
        (:EXECUTABLE-COUNTERPART EQUAL)
        (:EXECUTABLE-COUNTERPART FN-SYMB)
        (:EXECUTABLE-COUNTERPART NOT)
        (:EXECUTABLE-COUNTERPART NUMERATOR)
        (:EXECUTABLE-COUNTERPART PSEUDO-TERM-LISTP)
        (:EXECUTABLE-COUNTERPART PSEUDO-TERMP)
        (:EXECUTABLE-COUNTERPART QUOTEP)
        (:EXECUTABLE-COUNTERPART SYMBOLP)
        (:EXECUTABLE-COUNTERPART UNARY--)
        (:FAKE-RUNE-FOR-LINEAR NIL)
        (:FAKE-RUNE-FOR-TYPE-SET NIL)
        (:FORWARD-CHAINING PSEUDO-TERM-LISTP-FORWARD-TO-TRUE-LISTP)
        (:REWRITE |(+ 0 x)|)
        (:REWRITE |(+ y (+ x z))|)
        (:REWRITE |(< d (+ c x))|)
        (:REWRITE |(equal (if a b c) x)|)
        (:REWRITE CAR-CONS)
        (:REWRITE CDR-CONS)
        (:REWRITE DEFAULT-CAR)
        (:REWRITE DEFAULT-CDR)
        (:TYPE-PRESCRIPTION ACL2-COUNT)
        (:TYPE-PRESCRIPTION PSEUDO-TERM-LISTP))
Warnings:  None
Time:  0.49 seconds (prove: 0.46, print: 0.00, other: 0.03)
FIND-RATIONAL-NEGATIVE-FACTOR-SCATTER-EXPONENTS2

Summary
Form:  ( DEFUN FIND-RATIONAL-NEGATIVE-FACTOR-SCATTER-EXPONENTS1 ...)
Rules: ((:DEFINITION ACL2-COUNT)
        (:DEFINITION ATOM)
        (:DEFINITION EQ)
        (:DEFINITION FIND-RATIONAL-NEGATIVE-FACTOR-SCATTER-EXPONENTS2)
        (:DEFINITION NOT)
        (:DEFINITION O-FINP)
        (:DEFINITION O<)
        (:DEFINITION PSEUDO-TERM-LISTP)
        (:DEFINITION PSEUDO-TERMP)
        (:DEFINITION SYNP)
        (:DEFINITION TRUE-LISTP)
        (:ELIM CAR-CDR-ELIM)
        (:EXECUTABLE-COUNTERPART ACL2-COUNT)
        (:EXECUTABLE-COUNTERPART BINARY-+)
        (:EXECUTABLE-COUNTERPART CAR)
        (:EXECUTABLE-COUNTERPART CDR)
        (:EXECUTABLE-COUNTERPART CONSP)
        (:EXECUTABLE-COUNTERPART EQUAL)
        (:EXECUTABLE-COUNTERPART NOT)
        (:EXECUTABLE-COUNTERPART PSEUDO-TERMP)
        (:EXECUTABLE-COUNTERPART SYMBOLP)
        (:EXECUTABLE-COUNTERPART UNARY--)
        (:FAKE-RUNE-FOR-LINEAR NIL)
        (:FAKE-RUNE-FOR-TYPE-SET NIL)
        (:FORWARD-CHAINING PSEUDO-TERM-LISTP-FORWARD-TO-TRUE-LISTP)
        (:REWRITE |(+ 0 x)|)
        (:REWRITE |(+ y (+ x z))|)
        (:REWRITE |(< d (+ c x))|)
        (:REWRITE CAR-CONS)
        (:REWRITE CDR-CONS)
        (:REWRITE DEFAULT-CAR)
        (:REWRITE DEFAULT-CDR)
        (:TYPE-PRESCRIPTION ACL2-COUNT)
        (:TYPE-PRESCRIPTION FIND-RATIONAL-NEGATIVE-FACTOR-SCATTER-EXPONENTS2)
        (:TYPE-PRESCRIPTION PSEUDO-TERM-LISTP))
Warnings:  None
Time:  0.09 seconds (prove: 0.08, print: 0.00, other: 0.01)
FIND-RATIONAL-NEGATIVE-FACTOR-SCATTER-EXPONENTS1

Summary
Form:  ( DEFUN FIND-RATIONAL-NEGATIVE-FACTOR-SCATTER-EXPONENTS ...)
Rules: ((:FAKE-RUNE-FOR-TYPE-SET NIL))
Warnings:  None
Time:  0.01 seconds (prove: 0.00, print: 0.00, other: 0.01)
FIND-RATIONAL-NEGATIVE-FACTOR-SCATTER-EXPONENTS

Summary
Form:  ( DEFTHM PREFER-POSITIVE-EXPONENTS-SCATTER-EXPONENTS-< ...)
Rules: ((:DEFINITION CASE-SPLIT)
        (:EXECUTABLE-COUNTERPART SYNP)
        (:FAKE-RUNE-FOR-TYPE-SET NIL)
        (:REWRITE |(* y x)|)
        (:REWRITE |(< 0 (/ x))|)
        (:REWRITE HELPER-6)
        (:REWRITE INSERT-0-X-Y))
Warnings:  None
Time:  0.00 seconds (prove: 0.00, print: 0.00, other: 0.00)
PREFER-POSITIVE-EXPONENTS-SCATTER-EXPONENTS-<

Summary
Form:  ( TABLE ACL2-DEFAULTS-TABLE ...)
Rules: NIL
Warnings:  None
Time:  0.00 seconds (prove: 0.00, print: 0.00, other: 0.00)
ACL2-DEFAULTS-TABLE

Summary
Form:  ( INCLUDE-BOOK "simplify" ...)
Rules: NIL
Warnings:  None
Time:  0.51 seconds (prove: 0.00, print: 0.00, other: 0.51)

"/Users/huangjianshi/src/acl2-sources/books/arithmetic-3/bind-free/simplify.fasl"


Summary
Form:  (CERTIFY-BOOK "simplify" ...)
Rules: NIL
Warnings:  None
Time:  7.86 seconds (prove: 6.46, print: 0.01, other: 1.38)
 "/Users/huangjianshi/src/acl2-sources/books/arithmetic-3/bind-free/simplify.lisp"
ACL2 !>
Exiting the ACL2 read-eval-print loop.  To re-enter, execute (LP).
* 