This is SBCL 1.0.1.34, an implementation of ANSI Common Lisp.
More information about SBCL is available at <http://www.sbcl.org/>.

SBCL is free software, provided as is, with absolutely no warranty.
It is mostly in the public domain; some portions are provided under
BSD-style licenses.  See the CREDITS and COPYING files in the
distribution for more information.

 ACL2 Version 3.1 built January 26, 2007  15:12:42.
 Copyright (C) 2006  University of Texas at Austin
 ACL2 comes with ABSOLUTELY NO WARRANTY.  This is free software and you
 are welcome to redistribute it under certain conditions.  For details,
 see the GNU General Public License.

 Initialized with (INITIALIZE-ACL2 'INCLUDE-BOOK *ACL2-PASS-2-FILES*).
 See the documentation topic note-3-1 for recent changes.
 Note: We have modified the prompt in some underlying Lisps to further
 distinguish it from the ACL2 prompt.

 NOTE!!  Proof trees are disabled in ACL2.  To enable them in emacs,
 look under the ACL2 source directory in interface/emacs/README.doc; 
 and, to turn on proof trees, execute :START-PROOF-TREE in the ACL2 
 command loop.   Look in the ACL2 documentation under PROOF-TREE.

ACL2 Version 3.1.  Level 1.  Cbd 
"/Users/huangjianshi/src/acl2-sources/books/arithmetic-3/bind-free/".
Type :help for help.
Type (good-bye) to quit completely out of ACL2.

ACL2 !>
Exiting the ACL2 read-eval-print loop.  To re-enter, execute (LP).
* 
#<PACKAGE "ACL2">
* 
ACL2 Version 3.1.  Level 1.  Cbd 
"/Users/huangjianshi/src/acl2-sources/books/arithmetic-3/bind-free/".
Type :help for help.
Type (good-bye) to quit completely out of ACL2.

ACL2 !> (PROVE PROOF-TREE
        WARNING OBSERVATION EVENT EXPANSION)
ACL2 !>
Summary
Form:  ( DEFTHEORY BASE ...)
Rules: NIL
Warnings:  None
Time:  0.00 seconds (prove: 0.00, print: 0.00, other: 0.00)
1791

Summary
Form:  ( INCLUDE-BOOK "default-hint" ...)
Rules: NIL
Warnings:  None
Time:  0.02 seconds (prove: 0.00, print: 0.00, other: 0.02)
"/Users/huangjianshi/src/acl2-sources/books/arithmetic-3/bind-free/default-hint.lisp"

Summary
Form:  ( INCLUDE-BOOK "building-blocks" ...)
Rules: NIL
Warnings:  None
Time:  0.07 seconds (prove: 0.00, print: 0.00, other: 0.07)
"/Users/huangjianshi/src/acl2-sources/books/arithmetic-3/bind-free/building-blocks.lisp"

Summary
Form:  ( INCLUDE-BOOK "mini-theories" ...)
Rules: NIL
Warnings:  None
Time:  0.01 seconds (prove: 0.00, print: 0.00, other: 0.01)
"/Users/huangjianshi/src/acl2-sources/books/arithmetic-3/bind-free/mini-theories.lisp"

Summary
Form:  ( INCLUDE-BOOK "common" ...)
Rules: NIL
Warnings:  None
Time:  0.17 seconds (prove: 0.00, print: 0.00, other: 0.17)
"/Users/huangjianshi/src/acl2-sources/books/arithmetic-3/bind-free/common.lisp"

Summary
Form:  ( INCLUDE-BOOK "normalize" ...)
Rules: NIL
Warnings:  None
Time:  0.18 seconds (prove: 0.00, print: 0.00, other: 0.18)
"/Users/huangjianshi/src/acl2-sources/books/arithmetic-3/bind-free/normalize.lisp"

Summary
Form:  ( INCLUDE-BOOK "simplify" ...)
Rules: NIL
Warnings:  None
Time:  0.30 seconds (prove: 0.00, print: 0.00, other: 0.30)
"/Users/huangjianshi/src/acl2-sources/books/arithmetic-3/bind-free/simplify.lisp"

Summary
Form:  ( INCLUDE-BOOK "numerator-and-denominator" ...)
Rules: NIL
Warnings:  None
Time:  0.00 seconds (prove: 0.00, print: 0.00, other: 0.00)
"/Users/huangjianshi/src/acl2-sources/books/arithmetic-3/bind-free/numerator-and-denominator.lisp"

Summary
Form:  ( INCLUDE-BOOK "integerp" ...)
Rules: NIL
Warnings:  None
Time:  0.06 seconds (prove: 0.00, print: 0.00, other: 0.06)
"/Users/huangjianshi/src/acl2-sources/books/arithmetic-3/bind-free/integerp.lisp"

Summary
Form:  ( INCLUDE-BOOK "integerp-meta" ...)
Rules: NIL
Warnings:  None
Time:  0.17 seconds (prove: 0.00, print: 0.00, other: 0.17)
"/Users/huangjianshi/src/acl2-sources/books/arithmetic-3/bind-free/integerp-meta.lisp"

Summary
Form:  ( DEFTHEORY PRE-BASIC ...)
Rules: NIL
Warnings:  None
Time:  0.00 seconds (prove: 0.00, print: 0.00, other: 0.00)
2339

Summary
Form:  ( INCLUDE-BOOK "basic" ...)
Rules: NIL
Warnings:  None
Time:  0.02 seconds (prove: 0.00, print: 0.00, other: 0.02)
"/Users/huangjianshi/src/acl2-sources/books/arithmetic-3/bind-free/basic.lisp"

Summary
Form:  ( DEFTHEORY POST-BASIC ...)
Rules: NIL
Warnings:  None
Time:  0.00 seconds (prove: 0.00, print: 0.00, other: 0.00)
2442

Summary
Form:  ( INCLUDE-BOOK "collect" ...)
Rules: NIL
Warnings:  None
Time:  0.01 seconds (prove: 0.00, print: 0.00, other: 0.01)
"/Users/huangjianshi/src/acl2-sources/books/arithmetic-3/bind-free/collect.lisp"

Summary
Form:  ( INCLUDE-BOOK "remove-weak-inequalities" ...)
Rules: NIL
Warnings:  None
Time:  0.04 seconds (prove: 0.00, print: 0.00, other: 0.04)
"/Users/huangjianshi/src/acl2-sources/books/arithmetic-3/bind-free/remove-weak-inequalities.lisp"

Summary
Form:  ( INCLUDE-BOOK "arithmetic-theory" ...)
Rules: NIL
Warnings:  None
Time:  0.05 seconds (prove: 0.00, print: 0.00, other: 0.05)
"/Users/huangjianshi/src/acl2-sources/books/arithmetic-3/bind-free/arithmetic-theory.lisp"

Summary
Form:  ( DEFTHEORY FULL ...)
Rules: NIL
Warnings:  None
Time:  0.00 seconds (prove: 0.00, print: 0.00, other: 0.00)
2582

Summary
Form:  ( DEFTHEORY MINIMAL-ARITHMETIC-THEORY ...)
Rules: NIL
Warnings:  None
Time:  0.00 seconds (prove: 0.00, print: 0.00, other: 0.00)
1894

Summary
Form:  ( DEFTHEORY GATHER-EXPONENTS-THEORY ...)
Rules: NIL
Warnings:  None
Time:  0.00 seconds (prove: 0.00, print: 0.00, other: 0.00)
3

Summary
Form:  ( DEFTHEORY SCATTER-EXPONENTS-THEORY ...)
Rules: NIL
Warnings:  None
Time:  0.00 seconds (prove: 0.00, print: 0.00, other: 0.00)
6

Summary
Form:  ( DEFTHEORY PREFER-POSITIVE-ADDENDS-THEORY ...)
Rules: NIL
Warnings:  None
Time:  0.00 seconds (prove: 0.00, print: 0.00, other: 0.00)
2

Summary
Form:  ( DEFTHEORY PREFER-POSITIVE-EXPONENTS-SCATTER-EXPONENTS-THEORY
...)
Rules: NIL
Warnings:  None
Time:  0.00 seconds (prove: 0.00, print: 0.00, other: 0.00)
2

Summary
Form:  ( DEFMACRO GATHER-EXPONENTS ...)
Rules: NIL
Warnings:  None
Time:  0.00 seconds (prove: 0.00, print: 0.00, other: 0.00)
GATHER-EXPONENTS

Summary
Form:  ( DEFMACRO SCATTER-EXPONENTS ...)
Rules: NIL
Warnings:  None
Time:  0.00 seconds (prove: 0.00, print: 0.00, other: 0.00)
SCATTER-EXPONENTS

Summary
Form:  ( DEFMACRO PREFER-POSITIVE-EXPONENTS ...)
Rules: NIL
Warnings:  None
Time:  0.00 seconds (prove: 0.00, print: 0.00, other: 0.00)
PREFER-POSITIVE-EXPONENTS

Summary
Form:  ( DEFMACRO DO-NOT-PREFER-POSITIVE-EXPONENTS ...)
Rules: NIL
Warnings:  None
Time:  0.00 seconds (prove: 0.00, print: 0.00, other: 0.00)
DO-NOT-PREFER-POSITIVE-EXPONENTS

Summary
Form:  ( DEFMACRO PREFER-POSITIVE-ADDENDS ...)
Rules: NIL
Warnings:  None
Time:  0.00 seconds (prove: 0.00, print: 0.00, other: 0.00)
PREFER-POSITIVE-ADDENDS

Summary
Form:  ( DEFMACRO DO-NOT-PREFER-POSITIVE-ADDENDS ...)
Rules: NIL
Warnings:  None
Time:  0.00 seconds (prove: 0.00, print: 0.00, other: 0.00)
DO-NOT-PREFER-POSITIVE-ADDENDS

Summary
Form:  ( IN-THEORY (DISABLE ...))
Rules: NIL
Warnings:  None
Time:  0.00 seconds (prove: 0.00, print: 0.00, other: 0.00)

Summary
Form:  ( IN-THEORY (DISABLE ...))
Rules: NIL
Warnings:  None
Time:  0.00 seconds (prove: 0.00, print: 0.00, other: 0.00)

Summary
Form:  ( IN-THEORY (ENABLE ...))
Rules: NIL
Warnings:  None
Time:  0.00 seconds (prove: 0.00, print: 0.00, other: 0.00)

Summary
Form:  ( PROGN (IN-THEORY ...) ...)
Rules: NIL
Warnings:  None
Time:  0.00 seconds (prove: 0.00, print: 0.00, other: 0.00)
2574

Summary
Form:  ( IN-THEORY (ENABLE ...))
Rules: NIL
Warnings:  None
Time:  0.00 seconds (prove: 0.00, print: 0.00, other: 0.00)
2574

Summary
Form:  THEORY-INVARIANT
Rules: NIL
Warnings:  None
Time:  0.00 seconds (prove: 0.00, print: 0.00, other: 0.00)
19

Summary
Form:  ( IN-THEORY (DISABLE ...))
Rules: NIL
Warnings:  None
Time:  0.00 seconds (prove: 0.00, print: 0.00, other: 0.00)
2572

Summary
Form:  ( DEFTHEORY STRONG-EXPT-TYPE-PRESCRIPTION-RULES ...)
Rules: NIL
Warnings:  None
Time:  0.00 seconds (prove: 0.00, print: 0.00, other: 0.00)
10

Summary
Form:  ( IN-THEORY (DISABLE ...))
Rules: NIL
Warnings:  None
Time:  0.00 seconds (prove: 0.00, print: 0.00, other: 0.00)
2562

Summary
Form:  ( IN-THEORY (DISABLE ...))
Rules: NIL
Warnings:  None
Time:  0.00 seconds (prove: 0.00, print: 0.00, other: 0.00)
2479

Summary
Form:  ( IN-ARITHMETIC-THEORY (QUOTE ...))
Rules: NIL
Warnings:  None
Time:  0.00 seconds (prove: 0.00, print: 0.00, other: 0.00)
76

Summary
Form:  ( IN-THEORY (DISABLE ...))
Rules: NIL
Warnings:  None
Time:  0.00 seconds (prove: 0.00, print: 0.00, other: 0.00)
2462

Summary
Form:  ( DEFTHEORY DEFAULT-ARITHMETIC-THEORY ...)
Rules: NIL
Warnings:  None
Time:  0.00 seconds (prove: 0.00, print: 0.00, other: 0.00)
2462

Summary
Form:  ( DEFMACRO SET-DEFAULT-ARITHMETIC-THEORY ...)
Rules: NIL
Warnings:  None
Time:  0.00 seconds (prove: 0.00, print: 0.00, other: 0.00)
SET-DEFAULT-ARITHMETIC-THEORY

Summary
Form:  ( DEFMACRO SET-MINIMAL-ARITHMETIC-THEORY ...)
Rules: NIL
Warnings:  None
Time:  0.00 seconds (prove: 0.00, print: 0.00, other: 0.00)
SET-MINIMAL-ARITHMETIC-THEORY

Summary
Form:  ( INCLUDE-BOOK "banner" ...)
Rules: NIL
Warnings:  None
Time:  0.00 seconds (prove: 0.00, print: 0.00, other: 0.00)
"/Users/huangjianshi/src/acl2-sources/books/arithmetic-3/bind-free/banner.lisp"

Summary
Form:  ( INCLUDE-BOOK "top" ...)
Rules: NIL
Warnings:  None
Time:  1.10 seconds (prove: 0.00, print: 0.00, other: 1.10)

"/Users/huangjianshi/src/acl2-sources/books/arithmetic-3/bind-free/top.fasl"


Summary
Form:  (CERTIFY-BOOK "top" ...)
Rules: NIL
Warnings:  None
Time:  2.33 seconds (prove: 0.00, print: 0.00, other: 2.33)
 "/Users/huangjianshi/src/acl2-sources/books/arithmetic-3/bind-free/top.lisp"
ACL2 !>
Exiting the ACL2 read-eval-print loop.  To re-enter, execute (LP).
* 