This is SBCL 1.0.1.34, an implementation of ANSI Common Lisp.
More information about SBCL is available at <http://www.sbcl.org/>.

SBCL is free software, provided as is, with absolutely no warranty.
It is mostly in the public domain; some portions are provided under
BSD-style licenses.  See the CREDITS and COPYING files in the
distribution for more information.

 ACL2 Version 3.1 built January 26, 2007  15:12:42.
 Copyright (C) 2006  University of Texas at Austin
 ACL2 comes with ABSOLUTELY NO WARRANTY.  This is free software and you
 are welcome to redistribute it under certain conditions.  For details,
 see the GNU General Public License.

 Initialized with (INITIALIZE-ACL2 'INCLUDE-BOOK *ACL2-PASS-2-FILES*).
 See the documentation topic note-3-1 for recent changes.
 Note: We have modified the prompt in some underlying Lisps to further
 distinguish it from the ACL2 prompt.

 NOTE!!  Proof trees are disabled in ACL2.  To enable them in emacs,
 look under the ACL2 source directory in interface/emacs/README.doc; 
 and, to turn on proof trees, execute :START-PROOF-TREE in the ACL2 
 command loop.   Look in the ACL2 documentation under PROOF-TREE.

ACL2 Version 3.1.  Level 1.  Cbd 
"/Users/huangjianshi/src/acl2-sources/books/rtl/rel6/support/support/".
Type :help for help.
Type (good-bye) to quit completely out of ACL2.

ACL2 !>
Exiting the ACL2 read-eval-print loop.  To re-enter, execute (LP).
* 
#<PACKAGE "ACL2">
* 
ACL2 Version 3.1.  Level 1.  Cbd 
"/Users/huangjianshi/src/acl2-sources/books/rtl/rel6/support/support/".
Type :help for help.
Type (good-bye) to quit completely out of ACL2.

ACL2 !> (PROVE PROOF-TREE
        WARNING OBSERVATION EVENT EXPANSION)
ACL2 !>
Summary
Form:  ( DEFUN BVECP ...)
Rules: ((:TYPE-PRESCRIPTION EXPT-TYPE-PRESCRIPTION-NON-ZERO-BASE)
        (:TYPE-PRESCRIPTION RATIONALP-EXPT-TYPE-PRESCRIPTION))
Warnings:  None
Time:  0.01 seconds (prove: 0.00, print: 0.00, other: 0.01)

Summary
Form:  ( PROGN (DEFUN BVECP ...) ...)
Rules: NIL
Warnings:  None
Time:  0.01 seconds (prove: 0.00, print: 0.00, other: 0.01)
(:DEFUND BVECP)

Summary
Form:  ( DEFUN NATP ...)
Rules: NIL
Warnings:  None
Time:  0.00 seconds (prove: 0.00, print: 0.00, other: 0.00)
:REDUNDANT

Summary
Form:  ( DEFUN FL ...)
Rules: ((:TYPE-PRESCRIPTION FLOOR))
Warnings:  None
Time:  0.01 seconds (prove: 0.00, print: 0.00, other: 0.01)

Summary
Form:  ( PROGN (DEFUN FL ...) ...)
Rules: NIL
Warnings:  None
Time:  0.01 seconds (prove: 0.00, print: 0.00, other: 0.01)
(:DEFUND FL)

Summary
Form:  ( DEFUN BITS ...)
Rules: ((:TYPE-PRESCRIPTION FL))
Warnings:  None
Time:  0.01 seconds (prove: 0.00, print: 0.00, other: 0.01)

Summary
Form:  ( PROGN (DEFUN BITS ...) ...)
Rules: NIL
Warnings:  None
Time:  0.01 seconds (prove: 0.00, print: 0.00, other: 0.01)
(:DEFUND BITS)

Summary
Form:  ( DEFUN BITN ...)
Rules: ((:TYPE-PRESCRIPTION BITS))
Warnings:  None
Time:  0.01 seconds (prove: 0.00, print: 0.00, other: 0.01)

Summary
Form:  ( PROGN (DEFUN BITN ...) ...)
Rules: NIL
Warnings:  None
Time:  0.01 seconds (prove: 0.00, print: 0.00, other: 0.01)
(:DEFUND BITN)

Summary
Form:  ( DEFUN ALL-ONES ...)
Rules: ((:FAKE-RUNE-FOR-TYPE-SET NIL)
        (:TYPE-PRESCRIPTION EXPT-TYPE-PRESCRIPTION-NON-ZERO-BASE)
        (:TYPE-PRESCRIPTION RATIONALP-EXPT-TYPE-PRESCRIPTION))
Warnings:  None
Time:  0.01 seconds (prove: 0.00, print: 0.00, other: 0.01)

Summary
Form:  ( PROGN (DEFUN ALL-ONES ...) ...)
Rules: NIL
Warnings:  None
Time:  0.01 seconds (prove: 0.00, print: 0.00, other: 0.01)
(:DEFUND ALL-ONES)

Summary
Form:  ( INCLUDE-BOOK "cat-def" ...)
Rules: NIL
Warnings:  None
Time:  0.03 seconds (prove: 0.00, print: 0.00, other: 0.03)
"/Users/huangjianshi/src/acl2-sources/books/rtl/rel6/support/support/cat-def.lisp"

Summary
Form:  ( DEFTHM CAT-DEF ...)
Rules: ((:COMPOUND-RECOGNIZER NATP-COMPOUND-RECOGNIZER)
        (:COMPOUND-RECOGNIZER ZIP-COMPOUND-RECOGNIZER)
        (:DEFINITION BINARY-CAT)
        (:DEFINITION EXPT)
        (:DEFINITION NATP)
        (:EXECUTABLE-COUNTERPART EQUAL)
        (:EXECUTABLE-COUNTERPART FIX)
        (:FAKE-RUNE-FOR-TYPE-SET NIL)
        (:REWRITE COMMUTATIVITY-OF-*)
        (:REWRITE COMMUTATIVITY-OF-+))
Warnings:  None
Time:  0.01 seconds (prove: 0.00, print: 0.00, other: 0.00)
CAT-DEF


ACL2 Error in ( INCLUDE-BOOK "cat-proofs" ...):  There is no certificate
on file for 
"/Users/huangjianshi/src/acl2-sources/books/rtl/rel6/support/support/cat-proofs.lisp".



Summary
Form:  ( INCLUDE-BOOK "cat-proofs" ...)
Rules: NIL
Warnings:  None
Time:  0.00 seconds (prove: 0.00, print: 0.00, other: 0.00)

******** FAILED ********  See :DOC failure  ******** FAILED ********

Summary
Form:  (CERTIFY-BOOK "cat" ...)
Rules: NIL
Warnings:  None
Time:  0.09 seconds (prove: 0.00, print: 0.00, other: 0.09)

******** FAILED ********  See :DOC failure  ******** FAILED ********
ACL2 !>
Exiting the ACL2 read-eval-print loop.  To re-enter, execute (LP).
* 