This is SBCL 1.0.1.34, an implementation of ANSI Common Lisp.
More information about SBCL is available at <http://www.sbcl.org/>.

SBCL is free software, provided as is, with absolutely no warranty.
It is mostly in the public domain; some portions are provided under
BSD-style licenses.  See the CREDITS and COPYING files in the
distribution for more information.

 ACL2 Version 3.1 built January 26, 2007  15:12:42.
 Copyright (C) 2006  University of Texas at Austin
 ACL2 comes with ABSOLUTELY NO WARRANTY.  This is free software and you
 are welcome to redistribute it under certain conditions.  For details,
 see the GNU General Public License.

 Initialized with (INITIALIZE-ACL2 'INCLUDE-BOOK *ACL2-PASS-2-FILES*).
 See the documentation topic note-3-1 for recent changes.
 Note: We have modified the prompt in some underlying Lisps to further
 distinguish it from the ACL2 prompt.

 NOTE!!  Proof trees are disabled in ACL2.  To enable them in emacs,
 look under the ACL2 source directory in interface/emacs/README.doc; 
 and, to turn on proof trees, execute :START-PROOF-TREE in the ACL2 
 command loop.   Look in the ACL2 documentation under PROOF-TREE.

ACL2 Version 3.1.  Level 1.  Cbd 
"/Users/huangjianshi/src/acl2-sources/books/rtl/rel6/support/support/".
Type :help for help.
Type (good-bye) to quit completely out of ACL2.

ACL2 !>
Exiting the ACL2 read-eval-print loop.  To re-enter, execute (LP).
* 
#<PACKAGE "ACL2">
* 
ACL2 Version 3.1.  Level 1.  Cbd 
"/Users/huangjianshi/src/acl2-sources/books/rtl/rel6/support/support/".
Type :help for help.
Type (good-bye) to quit completely out of ACL2.

ACL2 !> (PROVE PROOF-TREE
        WARNING OBSERVATION EVENT EXPANSION)
ACL2 !>
Summary
Form:  ( DEFUN BVECP ...)
Rules: ((:TYPE-PRESCRIPTION EXPT-TYPE-PRESCRIPTION-NON-ZERO-BASE)
        (:TYPE-PRESCRIPTION RATIONALP-EXPT-TYPE-PRESCRIPTION))
Warnings:  None
Time:  0.01 seconds (prove: 0.00, print: 0.00, other: 0.01)

Summary
Form:  ( PROGN (DEFUN BVECP ...) ...)
Rules: NIL
Warnings:  None
Time:  0.02 seconds (prove: 0.00, print: 0.00, other: 0.02)
(:DEFUND BVECP)

Summary
Form:  ( DEFUN NATP ...)
Rules: NIL
Warnings:  None
Time:  0.00 seconds (prove: 0.00, print: 0.00, other: 0.00)
:REDUNDANT

Summary
Form:  ( DEFUN LOG= ...)
Rules: NIL
Warnings:  None
Time:  0.00 seconds (prove: 0.00, print: 0.00, other: 0.00)
LOG=

Summary
Form:  ( DEFUN LOG<> ...)
Rules: NIL
Warnings:  None
Time:  0.00 seconds (prove: 0.00, print: 0.00, other: 0.00)
LOG<>

Summary
Form:  ( DEFUN LOG< ...)
Rules: NIL
Warnings:  None
Time:  0.00 seconds (prove: 0.00, print: 0.00, other: 0.00)
LOG<

Summary
Form:  ( DEFUN LOG<= ...)
Rules: NIL
Warnings:  None
Time:  0.00 seconds (prove: 0.00, print: 0.00, other: 0.00)
LOG<=

Summary
Form:  ( DEFUN LOG> ...)
Rules: NIL
Warnings:  None
Time:  0.00 seconds (prove: 0.00, print: 0.00, other: 0.00)
LOG>

Summary
Form:  ( DEFUN LOG>= ...)
Rules: NIL
Warnings:  None
Time:  0.00 seconds (prove: 0.00, print: 0.00, other: 0.00)
LOG>=

Summary
Form:  ( DEFUN COMP2 ...)
Rules: ((:FAKE-RUNE-FOR-TYPE-SET NIL)
        (:TYPE-PRESCRIPTION EXPT-TYPE-PRESCRIPTION-NON-ZERO-BASE)
        (:TYPE-PRESCRIPTION RATIONALP-EXPT-TYPE-PRESCRIPTION))
Warnings:  None
Time:  0.01 seconds (prove: 0.00, print: 0.00, other: 0.01)
COMP2

Summary
Form:  ( DEFUN COMP2< ...)
Rules: ((:DEFINITION COMP2)
        (:DEFINITION NOT)
        (:FAKE-RUNE-FOR-TYPE-SET NIL)
        (:REWRITE COMMUTATIVITY-OF-+)
        (:TYPE-PRESCRIPTION EXPT-TYPE-PRESCRIPTION-NON-ZERO-BASE)
        (:TYPE-PRESCRIPTION LOG<)
        (:TYPE-PRESCRIPTION RATIONALP-EXPT-TYPE-PRESCRIPTION))
Warnings:  None
Time:  0.01 seconds (prove: 0.00, print: 0.00, other: 0.01)
COMP2<

Summary
Form:  ( DEFUN COMP2<= ...)
Rules: ((:DEFINITION COMP2)
        (:DEFINITION NOT)
        (:FAKE-RUNE-FOR-TYPE-SET NIL)
        (:REWRITE COMMUTATIVITY-OF-+)
        (:TYPE-PRESCRIPTION EXPT-TYPE-PRESCRIPTION-NON-ZERO-BASE)
        (:TYPE-PRESCRIPTION LOG<=)
        (:TYPE-PRESCRIPTION RATIONALP-EXPT-TYPE-PRESCRIPTION))
Warnings:  None
Time:  0.01 seconds (prove: 0.00, print: 0.00, other: 0.00)
COMP2<=

Summary
Form:  ( DEFUN COMP2> ...)
Rules: ((:DEFINITION COMP2)
        (:DEFINITION NOT)
        (:FAKE-RUNE-FOR-TYPE-SET NIL)
        (:REWRITE COMMUTATIVITY-OF-+)
        (:TYPE-PRESCRIPTION EXPT-TYPE-PRESCRIPTION-NON-ZERO-BASE)
        (:TYPE-PRESCRIPTION LOG>)
        (:TYPE-PRESCRIPTION RATIONALP-EXPT-TYPE-PRESCRIPTION))
Warnings:  None
Time:  0.01 seconds (prove: 0.00, print: 0.00, other: 0.00)
COMP2>

Summary
Form:  ( DEFUN COMP2>= ...)
Rules: ((:DEFINITION COMP2)
        (:DEFINITION NOT)
        (:FAKE-RUNE-FOR-TYPE-SET NIL)
        (:REWRITE COMMUTATIVITY-OF-+)
        (:TYPE-PRESCRIPTION EXPT-TYPE-PRESCRIPTION-NON-ZERO-BASE)
        (:TYPE-PRESCRIPTION LOG>=)
        (:TYPE-PRESCRIPTION RATIONALP-EXPT-TYPE-PRESCRIPTION))
Warnings:  None
Time:  0.01 seconds (prove: 0.00, print: 0.00, other: 0.00)
COMP2>=

Summary
Form:  ( DEFUN LOGAND1 ...)
Rules: ((:TYPE-PRESCRIPTION EXPT-TYPE-PRESCRIPTION-NON-ZERO-BASE)
        (:TYPE-PRESCRIPTION LOG=)
        (:TYPE-PRESCRIPTION RATIONALP-EXPT-TYPE-PRESCRIPTION))
Warnings:  None
Time:  0.00 seconds (prove: 0.00, print: 0.00, other: 0.00)
LOGAND1

Summary
Form:  ( DEFUN LOGIOR1 ...)
Rules: NIL
Warnings:  None
Time:  0.00 seconds (prove: 0.00, print: 0.00, other: 0.00)
LOGIOR1

Summary
Form:  ( DEFUN LOGXOR1 ...)
Rules: ((:TYPE-PRESCRIPTION LOGCOUNT))
Warnings:  None
Time:  0.00 seconds (prove: 0.00, print: 0.00, other: 0.00)
LOGXOR1

Summary
Form:  ( DEFTHM LOG<-BVECP ...)
Rules: ((:DEFINITION LOG<)
        (:EXECUTABLE-COUNTERPART BVECP)
        (:TYPE-PRESCRIPTION BVECP))
Warnings:  None
Time:  0.00 seconds (prove: 0.00, print: 0.00, other: 0.00)
LOG<-BVECP

Summary
Form:  ( DEFTHM LOG<-NONNEGATIVE-INTEGER-TYPE ...)
Rules: ((:FAKE-RUNE-FOR-TYPE-SET NIL)
        (:TYPE-PRESCRIPTION LOG<))
Warnings:  None
Time:  0.00 seconds (prove: 0.00, print: 0.00, other: 0.00)
LOG<-NONNEGATIVE-INTEGER-TYPE

Summary
Form:  ( IN-THEORY (DISABLE ...))
Rules: NIL
Warnings:  None
Time:  0.00 seconds (prove: 0.00, print: 0.00, other: 0.00)
1836

Summary
Form:  ( DEFTHM LOG<-NATP ...)
Rules: ((:COMPOUND-RECOGNIZER NATP-COMPOUND-RECOGNIZER)
        (:TYPE-PRESCRIPTION LOG<-NONNEGATIVE-INTEGER-TYPE))
Warnings:  None
Time:  0.00 seconds (prove: 0.00, print: 0.00, other: 0.00)
LOG<-NATP

Summary
Form:  ( DEFTHM LOG<=-BVECP ...)
Rules: ((:DEFINITION LOG<=)
        (:EXECUTABLE-COUNTERPART BVECP)
        (:TYPE-PRESCRIPTION BVECP))
Warnings:  None
Time:  0.00 seconds (prove: 0.00, print: 0.00, other: 0.00)
LOG<=-BVECP

Summary
Form:  ( DEFTHM LOG<=-NONNEGATIVE-INTEGER-TYPE ...)
Rules: ((:FAKE-RUNE-FOR-TYPE-SET NIL)
        (:TYPE-PRESCRIPTION LOG<=))
Warnings:  None
Time:  0.00 seconds (prove: 0.00, print: 0.00, other: 0.00)
LOG<=-NONNEGATIVE-INTEGER-TYPE

Summary
Form:  ( IN-THEORY (DISABLE ...))
Rules: NIL
Warnings:  None
Time:  0.00 seconds (prove: 0.00, print: 0.00, other: 0.00)
1838

Summary
Form:  ( DEFTHM LOG<=-NATP ...)
Rules: ((:COMPOUND-RECOGNIZER NATP-COMPOUND-RECOGNIZER)
        (:TYPE-PRESCRIPTION LOG<=-NONNEGATIVE-INTEGER-TYPE))
Warnings:  None
Time:  0.00 seconds (prove: 0.00, print: 0.00, other: 0.00)
LOG<=-NATP

Summary
Form:  ( DEFTHM LOG>-BVECP ...)
Rules: ((:DEFINITION LOG>)
        (:EXECUTABLE-COUNTERPART BVECP)
        (:TYPE-PRESCRIPTION BVECP))
Warnings:  None
Time:  0.00 seconds (prove: 0.00, print: 0.00, other: 0.00)
LOG>-BVECP

Summary
Form:  ( DEFTHM LOG>-NONNEGATIVE-INTEGER-TYPE ...)
Rules: ((:FAKE-RUNE-FOR-TYPE-SET NIL)
        (:TYPE-PRESCRIPTION LOG>))
Warnings:  None
Time:  0.00 seconds (prove: 0.00, print: 0.00, other: 0.00)
LOG>-NONNEGATIVE-INTEGER-TYPE

Summary
Form:  ( IN-THEORY (DISABLE ...))
Rules: NIL
Warnings:  None
Time:  0.00 seconds (prove: 0.00, print: 0.00, other: 0.00)
1840

Summary
Form:  ( DEFTHM LOG>-NATP ...)
Rules: ((:COMPOUND-RECOGNIZER NATP-COMPOUND-RECOGNIZER)
        (:TYPE-PRESCRIPTION LOG>-NONNEGATIVE-INTEGER-TYPE))
Warnings:  None
Time:  0.00 seconds (prove: 0.00, print: 0.00, other: 0.00)
LOG>-NATP

Summary
Form:  ( DEFTHM LOG>=-BVECP ...)
Rules: ((:DEFINITION LOG>=)
        (:EXECUTABLE-COUNTERPART BVECP)
        (:TYPE-PRESCRIPTION BVECP))
Warnings:  None
Time:  0.00 seconds (prove: 0.00, print: 0.00, other: 0.00)
LOG>=-BVECP

Summary
Form:  ( DEFTHM LOG>=-NONNEGATIVE-INTEGER-TYPE ...)
Rules: ((:FAKE-RUNE-FOR-TYPE-SET NIL)
        (:TYPE-PRESCRIPTION LOG>=))
Warnings:  None
Time:  0.00 seconds (prove: 0.00, print: 0.00, other: 0.00)
LOG>=-NONNEGATIVE-INTEGER-TYPE

Summary
Form:  ( IN-THEORY (DISABLE ...))
Rules: NIL
Warnings:  None
Time:  0.00 seconds (prove: 0.00, print: 0.00, other: 0.00)
1842

Summary
Form:  ( DEFTHM LOG>=-NATP ...)
Rules: ((:COMPOUND-RECOGNIZER NATP-COMPOUND-RECOGNIZER)
        (:TYPE-PRESCRIPTION LOG>=-NONNEGATIVE-INTEGER-TYPE))
Warnings:  None
Time:  0.00 seconds (prove: 0.00, print: 0.00, other: 0.00)
LOG>=-NATP

Summary
Form:  ( DEFTHM LOG=-BVECP ...)
Rules: ((:DEFINITION LOG=)
        (:EXECUTABLE-COUNTERPART BVECP)
        (:TYPE-PRESCRIPTION BVECP))
Warnings:  None
Time:  0.00 seconds (prove: 0.00, print: 0.00, other: 0.00)
LOG=-BVECP

Summary
Form:  ( DEFTHM LOG=-NONNEGATIVE-INTEGER-TYPE ...)
Rules: ((:FAKE-RUNE-FOR-TYPE-SET NIL)
        (:TYPE-PRESCRIPTION LOG=))
Warnings:  None
Time:  0.00 seconds (prove: 0.00, print: 0.00, other: 0.00)
LOG=-NONNEGATIVE-INTEGER-TYPE

Summary
Form:  ( DEFTHM LOG=-COMMUTATIVE ...)
Rules: ((:DEFINITION LOG=))
Warnings:  None
Time:  0.00 seconds (prove: 0.00, print: 0.00, other: 0.00)
LOG=-COMMUTATIVE

Summary
Form:  ( IN-THEORY (DISABLE ...))
Rules: NIL
Warnings:  None
Time:  0.00 seconds (prove: 0.00, print: 0.00, other: 0.00)
1845

Summary
Form:  ( DEFTHM LOG=-NATP ...)
Rules: ((:COMPOUND-RECOGNIZER NATP-COMPOUND-RECOGNIZER)
        (:TYPE-PRESCRIPTION LOG=-NONNEGATIVE-INTEGER-TYPE))
Warnings:  None
Time:  0.00 seconds (prove: 0.00, print: 0.00, other: 0.00)
LOG=-NATP

Summary
Form:  ( DEFTHM LOG<>-BVECP ...)
Rules: ((:DEFINITION LOG<>)
        (:EXECUTABLE-COUNTERPART BVECP)
        (:TYPE-PRESCRIPTION BVECP))
Warnings:  None
Time:  0.00 seconds (prove: 0.00, print: 0.00, other: 0.00)
LOG<>-BVECP

Summary
Form:  ( DEFTHM LOG<>-NONNEGATIVE-INTEGER-TYPE ...)
Rules: ((:FAKE-RUNE-FOR-TYPE-SET NIL)
        (:TYPE-PRESCRIPTION LOG<>))
Warnings:  None
Time:  0.00 seconds (prove: 0.00, print: 0.00, other: 0.00)
LOG<>-NONNEGATIVE-INTEGER-TYPE

Summary
Form:  ( IN-THEORY (DISABLE ...))
Rules: NIL
Warnings:  None
Time:  0.00 seconds (prove: 0.00, print: 0.00, other: 0.00)
1847

Summary
Form:  ( DEFTHM LOG<>-NATP ...)
Rules: ((:COMPOUND-RECOGNIZER NATP-COMPOUND-RECOGNIZER)
        (:TYPE-PRESCRIPTION LOG<>-NONNEGATIVE-INTEGER-TYPE))
Warnings:  None
Time:  0.00 seconds (prove: 0.00, print: 0.00, other: 0.00)
LOG<>-NATP

Summary
Form:  ( DEFTHM LOG<>-COMMUTATIVE ...)
Rules: ((:DEFINITION LOG<>))
Warnings:  None
Time:  0.00 seconds (prove: 0.00, print: 0.00, other: 0.00)
LOG<>-COMMUTATIVE

Summary
Form:  ( DEFTHM LOGAND1-BVECP ...)
Rules: ((:DEFINITION LOGAND1)
        (:REWRITE LOG=-BVECP)
        (:TYPE-PRESCRIPTION BVECP))
Warnings:  None
Time:  0.00 seconds (prove: 0.00, print: 0.00, other: 0.00)
LOGAND1-BVECP

Summary
Form:  ( DEFTHM LOGAND1-NONNEGATIVE-INTEGER-TYPE ...)
Rules: ((:FAKE-RUNE-FOR-TYPE-SET NIL)
        (:TYPE-PRESCRIPTION LOGAND1))
Warnings:  None
Time:  0.00 seconds (prove: 0.00, print: 0.00, other: 0.00)
LOGAND1-NONNEGATIVE-INTEGER-TYPE

Summary
Form:  ( IN-THEORY (DISABLE ...))
Rules: NIL
Warnings:  None
Time:  0.00 seconds (prove: 0.00, print: 0.00, other: 0.00)
1850

Summary
Form:  ( DEFTHM LOGAND1-NATP ...)
Rules: ((:COMPOUND-RECOGNIZER NATP-COMPOUND-RECOGNIZER)
        (:TYPE-PRESCRIPTION LOGAND1-NONNEGATIVE-INTEGER-TYPE))
Warnings:  None
Time:  0.00 seconds (prove: 0.00, print: 0.00, other: 0.00)
LOGAND1-NATP

Summary
Form:  ( DEFTHM LOGIOR1-BVECP ...)
Rules: ((:DEFINITION LOGIOR1)
        (:EXECUTABLE-COUNTERPART BVECP)
        (:TYPE-PRESCRIPTION BVECP))
Warnings:  None
Time:  0.00 seconds (prove: 0.00, print: 0.00, other: 0.00)
LOGIOR1-BVECP

Summary
Form:  ( DEFTHM LOGIOR1-NONNEGATIVE-INTEGER-TYPE ...)
Rules: ((:FAKE-RUNE-FOR-TYPE-SET NIL)
        (:TYPE-PRESCRIPTION LOGIOR1))
Warnings:  None
Time:  0.00 seconds (prove: 0.00, print: 0.00, other: 0.00)
LOGIOR1-NONNEGATIVE-INTEGER-TYPE

Summary
Form:  ( IN-THEORY (DISABLE ...))
Rules: NIL
Warnings:  None
Time:  0.00 seconds (prove: 0.00, print: 0.00, other: 0.00)
1852

Summary
Form:  ( DEFTHM LOGIOR1-NATP ...)
Rules: ((:COMPOUND-RECOGNIZER NATP-COMPOUND-RECOGNIZER)
        (:TYPE-PRESCRIPTION LOGIOR1-NONNEGATIVE-INTEGER-TYPE))
Warnings:  None
Time:  0.00 seconds (prove: 0.00, print: 0.00, other: 0.00)
LOGIOR1-NATP

Summary
Form:  ( DEFTHM LOGXOR1-BVECP ...)
Rules: ((:DEFINITION EVENP)
        (:DEFINITION LOGXOR1)
        (:DEFINITION ODDP)
        (:EXECUTABLE-COUNTERPART BVECP)
        (:REWRITE COMMUTATIVITY-OF-*)
        (:TYPE-PRESCRIPTION BVECP))
Warnings:  None
Time:  0.00 seconds (prove: 0.00, print: 0.00, other: 0.00)
LOGXOR1-BVECP

Summary
Form:  ( DEFTHM LOGXOR1-NONNEGATIVE-INTEGER-TYPE ...)
Rules: ((:FAKE-RUNE-FOR-TYPE-SET NIL)
        (:TYPE-PRESCRIPTION LOGXOR1))
Warnings:  None
Time:  0.00 seconds (prove: 0.00, print: 0.00, other: 0.00)
LOGXOR1-NONNEGATIVE-INTEGER-TYPE

Summary
Form:  ( IN-THEORY (DISABLE ...))
Rules: NIL
Warnings:  None
Time:  0.00 seconds (prove: 0.00, print: 0.00, other: 0.00)
1854

Summary
Form:  ( DEFTHM LOGXOR1-NATP ...)
Rules: ((:COMPOUND-RECOGNIZER NATP-COMPOUND-RECOGNIZER)
        (:TYPE-PRESCRIPTION LOGXOR1-NONNEGATIVE-INTEGER-TYPE))
Warnings:  None
Time:  0.00 seconds (prove: 0.00, print: 0.00, other: 0.00)
LOGXOR1-NATP

Summary
Form:  ( INCLUDE-BOOK "logs" ...)
Rules: NIL
Warnings:  None
Time:  0.07 seconds (prove: 0.00, print: 0.00, other: 0.07)

"/Users/huangjianshi/src/acl2-sources/books/rtl/rel6/support/support/logs.fasl"


Summary
Form:  (CERTIFY-BOOK "logs" ...)
Rules: NIL
Warnings:  None
Time:  0.23 seconds (prove: 0.02, print: 0.00, other: 0.20)
 "/Users/huangjianshi/src/acl2-sources/books/rtl/rel6/support/support/logs.lisp"
ACL2 !>
Exiting the ACL2 read-eval-print loop.  To re-enter, execute (LP).
* 