This is SBCL 1.0.1.34, an implementation of ANSI Common Lisp.
More information about SBCL is available at <http://www.sbcl.org/>.

SBCL is free software, provided as is, with absolutely no warranty.
It is mostly in the public domain; some portions are provided under
BSD-style licenses.  See the CREDITS and COPYING files in the
distribution for more information.

 ACL2 Version 3.1 built January 26, 2007  15:12:42.
 Copyright (C) 2006  University of Texas at Austin
 ACL2 comes with ABSOLUTELY NO WARRANTY.  This is free software and you
 are welcome to redistribute it under certain conditions.  For details,
 see the GNU General Public License.

 Initialized with (INITIALIZE-ACL2 'INCLUDE-BOOK *ACL2-PASS-2-FILES*).
 See the documentation topic note-3-1 for recent changes.
 Note: We have modified the prompt in some underlying Lisps to further
 distinguish it from the ACL2 prompt.

 NOTE!!  Proof trees are disabled in ACL2.  To enable them in emacs,
 look under the ACL2 source directory in interface/emacs/README.doc; 
 and, to turn on proof trees, execute :START-PROOF-TREE in the ACL2 
 command loop.   Look in the ACL2 documentation under PROOF-TREE.

ACL2 Version 3.1.  Level 1.  Cbd 
"/Users/huangjianshi/src/acl2-sources/books/rtl/rel6/support/support/".
Type :help for help.
Type (good-bye) to quit completely out of ACL2.

ACL2 !>
Exiting the ACL2 read-eval-print loop.  To re-enter, execute (LP).
* 
#<PACKAGE "ACL2">
* 
ACL2 Version 3.1.  Level 1.  Cbd 
"/Users/huangjianshi/src/acl2-sources/books/rtl/rel6/support/support/".
Type :help for help.
Type (good-bye) to quit completely out of ACL2.

ACL2 !> (PROVE PROOF-TREE
        WARNING OBSERVATION EVENT EXPANSION)
ACL2 !>
Summary
Form:  ( INCLUDE-BOOK "misc/total-order" ...)
Rules: NIL
Warnings:  None
Time:  0.02 seconds (prove: 0.00, print: 0.00, other: 0.02)
"/Users/huangjianshi/src/acl2-sources/books/misc/total-order.lisp"

Summary
Form:  ( DEFMACRO DEFAULT-GET-VALU ...)
Rules: NIL
Warnings:  None
Time:  0.00 seconds (prove: 0.00, print: 0.00, other: 0.00)
DEFAULT-GET-VALU

Summary
Form:  ( DEFUN RCDP ...)
Rules: ((:DEFINITION NOT)
        (:DEFINITION NULL)
        (:DEFINITION RCDP)
        (:FAKE-RUNE-FOR-TYPE-SET NIL)
        (:TYPE-PRESCRIPTION <<))
Warnings:  None
Time:  0.01 seconds (prove: 0.00, print: 0.00, other: 0.01)
RCDP

Summary
Form:  ( DEFTHM RCDP-IMPLIES-ALISTP ...)
Rules: ((:DEFINITION ALISTP)
        (:DEFINITION ATOM)
        (:DEFINITION NOT)
        (:DEFINITION RCDP)
        (:EXECUTABLE-COUNTERPART ALISTP)
        (:EXECUTABLE-COUNTERPART CONSP)
        (:FAKE-RUNE-FOR-TYPE-SET NIL)
        (:INDUCTION ALISTP)
        (:INDUCTION RCDP)
        (:TYPE-PRESCRIPTION ALISTP))
Warnings:  None
Time:  0.00 seconds (prove: 0.00, print: 0.00, other: 0.00)
RCDP-IMPLIES-ALISTP

Summary
Form:  ( DEFMACRO IFRP-TAG ...)
Rules: NIL
Warnings:  None
Time:  0.00 seconds (prove: 0.00, print: 0.00, other: 0.00)
IFRP-TAG

Summary
Form:  ( DEFUN IFRP ...)
Rules: ((:DEFINITION ACL2-COUNT)
        (:DEFINITION FIX)
        (:DEFINITION NOT)
        (:DEFINITION NULL)
        (:DEFINITION O-FINP)
        (:DEFINITION O<)
        (:DEFINITION RCDP)
        (:EXECUTABLE-COUNTERPART ACL2-COUNT)
        (:EXECUTABLE-COUNTERPART EQUAL)
        (:EXECUTABLE-COUNTERPART RCDP)
        (:FAKE-RUNE-FOR-LINEAR NIL)
        (:FAKE-RUNE-FOR-TYPE-SET NIL)
        (:REWRITE COMMUTATIVITY-OF-+)
        (:REWRITE UNICITY-OF-0)
        (:TYPE-PRESCRIPTION ACL2-COUNT))
Warnings:  None
Time:  0.01 seconds (prove: 0.00, print: 0.00, other: 0.00)
IFRP

Summary
Form:  ( DEFUN ACL2->RCD ...)
Rules: ((:FAKE-RUNE-FOR-TYPE-SET NIL))
Warnings:  None
Time:  0.00 seconds (prove: 0.00, print: 0.00, other: 0.00)
ACL2->RCD

Summary
Form:  ( DEFUN RCD->ACL2 ...)
Rules: ((:DEFINITION NOT)
        (:DEFINITION RCDP)
        (:EXECUTABLE-COUNTERPART CAR)
        (:EXECUTABLE-COUNTERPART CONSP)
        (:EXECUTABLE-COUNTERPART EQUAL)
        (:EXECUTABLE-COUNTERPART IFRP)
        (:EXECUTABLE-COUNTERPART NOT)
        (:FAKE-RUNE-FOR-TYPE-SET NIL))
Warnings:  None
Time:  0.01 seconds (prove: 0.00, print: 0.00, other: 0.00)
RCD->ACL2

Summary
Form:  ( DEFUN AG-AUX ...)
Rules: ((:DEFINITION ACL2-COUNT)
        (:DEFINITION ENDP)
        (:DEFINITION NOT)
        (:DEFINITION O-FINP)
        (:DEFINITION O<)
        (:DEFINITION RCDP)
        (:FAKE-RUNE-FOR-LINEAR NIL)
        (:FAKE-RUNE-FOR-TYPE-SET NIL)
        (:TYPE-PRESCRIPTION ACL2-COUNT))
Warnings:  None
Time:  0.01 seconds (prove: 0.00, print: 0.00, other: 0.01)
AG-AUX

Summary
Form:  ( DEFUN AG ...)
Rules: ((:DEFINITION ACL2->RCD)
        (:DEFINITION IFRP)
        (:DEFINITION RCDP)
        (:EXECUTABLE-COUNTERPART EQUAL)
        (:EXECUTABLE-COUNTERPART RCDP)
        (:FAKE-RUNE-FOR-TYPE-SET NIL)
        (:REWRITE CAR-CONS)
        (:REWRITE CDR-CONS))
Warnings:  None
Time:  0.00 seconds (prove: 0.00, print: 0.00, other: 0.00)
AG

Summary
Form:  ( DEFUN ACONS-IF ...)
Rules: ((:DEFINITION NOT)
        (:REWRITE RCDP-IMPLIES-ALISTP)
        (:TYPE-PRESCRIPTION ACONS)
        (:TYPE-PRESCRIPTION RCDP))
Warnings:  None
Time:  0.01 seconds (prove: 0.00, print: 0.00, other: 0.00)
ACONS-IF

Summary
Form:  ( DEFUN AS-AUX ...)
Rules: ((:DEFINITION ACL2-COUNT)
        (:DEFINITION ENDP)
        (:DEFINITION NOT)
        (:DEFINITION O-FINP)
        (:DEFINITION O<)
        (:DEFINITION RCDP)
        (:FAKE-RUNE-FOR-LINEAR NIL)
        (:FAKE-RUNE-FOR-TYPE-SET NIL)
        (:TYPE-PRESCRIPTION ACL2-COUNT))
Warnings:  None
Time:  0.01 seconds (prove: 0.00, print: 0.00, other: 0.01)
AS-AUX

Summary
Form:  ( DEFTHM AS-AUX-IS-BOUNDED ...)
Rules: ((:DEFINITION ACONS)
        (:DEFINITION ACONS-IF)
        (:DEFINITION AS-AUX)
        (:DEFINITION RCDP)
        (:ELIM CAR-CDR-ELIM)
        (:EXECUTABLE-COUNTERPART CAR)
        (:EXECUTABLE-COUNTERPART CONSP)
        (:EXECUTABLE-COUNTERPART EQUAL)
        (:EXECUTABLE-COUNTERPART NOT)
        (:EXECUTABLE-COUNTERPART RCDP)
        (:FAKE-RUNE-FOR-TYPE-SET NIL)
        (:REWRITE <<-ASYMMETRIC)
        (:REWRITE <<-IRREFLEXIVE)
        (:REWRITE <<-TRANSITIVE)
        (:REWRITE <<-TRICHOTOMY)
        (:REWRITE CAR-CONS)
        (:REWRITE CDR-CONS)
        (:TYPE-PRESCRIPTION <<))
Warnings:  None
Time:  0.02 seconds (prove: 0.02, print: 0.00, other: 0.00)
AS-AUX-IS-BOUNDED

Summary
Form:  ( DEFTHM AS-AUX-PRESERVES-RCDP ...)
Rules: ((:DEFINITION ACONS)
        (:DEFINITION ACONS-IF)
        (:DEFINITION AS-AUX)
        (:DEFINITION ENDP)
        (:DEFINITION RCDP)
        (:EXECUTABLE-COUNTERPART CAR)
        (:EXECUTABLE-COUNTERPART CONSP)
        (:EXECUTABLE-COUNTERPART EQUAL)
        (:EXECUTABLE-COUNTERPART RCDP)
        (:FAKE-RUNE-FOR-TYPE-SET NIL)
        (:INDUCTION AS-AUX)
        (:INDUCTION RCDP)
        (:REWRITE <<-ASYMMETRIC)
        (:REWRITE <<-IRREFLEXIVE)
        (:REWRITE <<-TRICHOTOMY)
        (:REWRITE AS-AUX-IS-BOUNDED)
        (:REWRITE CAR-CONS)
        (:REWRITE CDR-CONS)
        (:TYPE-PRESCRIPTION <<)
        (:TYPE-PRESCRIPTION RCDP))
Warnings:  None
Time:  0.02 seconds (prove: 0.02, print: 0.00, other: 0.00)
AS-AUX-PRESERVES-RCDP

Summary
Form:  ( DEFUN AS ...)
Rules: ((:DEFINITION ACL2->RCD)
        (:DEFINITION ACONS)
        (:DEFINITION ACONS-IF)
        (:DEFINITION AS-AUX)
        (:DEFINITION IFRP)
        (:DEFINITION NOT)
        (:DEFINITION NULL)
        (:DEFINITION RCDP)
        (:EXECUTABLE-COUNTERPART CONSP)
        (:EXECUTABLE-COUNTERPART EQUAL)
        (:EXECUTABLE-COUNTERPART IFRP)
        (:EXECUTABLE-COUNTERPART RCDP)
        (:FAKE-RUNE-FOR-TYPE-SET NIL)
        (:INDUCTION IFRP)
        (:REWRITE <<-IRREFLEXIVE)
        (:REWRITE <<-TRICHOTOMY)
        (:REWRITE AS-AUX-IS-BOUNDED)
        (:REWRITE AS-AUX-PRESERVES-RCDP)
        (:REWRITE CAR-CONS)
        (:REWRITE CDR-CONS)
        (:TYPE-PRESCRIPTION <<)
        (:TYPE-PRESCRIPTION IFRP)
        (:TYPE-PRESCRIPTION RCDP))
Warnings:  None
Time:  0.03 seconds (prove: 0.03, print: 0.00, other: 0.00)
AS

Summary
Form:  ( DEFTHM RCDP-IMPLIES-TRUE-LISTP ...)
Rules: ((:DEFINITION NOT)
        (:DEFINITION NULL)
        (:DEFINITION RCDP)
        (:FAKE-RUNE-FOR-TYPE-SET NIL)
        (:INDUCTION RCDP)
        (:INDUCTION TRUE-LISTP)
        (:TYPE-PRESCRIPTION TRUE-LISTP))
Warnings:  None
Time:  0.00 seconds (prove: 0.00, print: 0.00, other: 0.00)
RCDP-IMPLIES-TRUE-LISTP

Summary
Form:  ( DEFTHM AG-AUX-SAME-AS-AUX ...)
Rules: ((:DEFINITION ACONS)
        (:DEFINITION ACONS-IF)
        (:DEFINITION AG-AUX)
        (:DEFINITION AS-AUX)
        (:DEFINITION ENDP)
        (:DEFINITION RCDP)
        (:EXECUTABLE-COUNTERPART CAR)
        (:EXECUTABLE-COUNTERPART CONSP)
        (:EXECUTABLE-COUNTERPART ENDP)
        (:EXECUTABLE-COUNTERPART EQUAL)
        (:EXECUTABLE-COUNTERPART RCDP)
        (:FAKE-RUNE-FOR-TYPE-SET NIL)
        (:FORWARD-CHAINING RCDP-IMPLIES-TRUE-LISTP)
        (:INDUCTION AS-AUX)
        (:INDUCTION RCDP)
        (:REWRITE <<-ASYMMETRIC)
        (:REWRITE <<-IRREFLEXIVE)
        (:REWRITE <<-TRICHOTOMY)
        (:REWRITE CAR-CONS)
        (:REWRITE CDR-CONS)
        (:TYPE-PRESCRIPTION <<)
        (:TYPE-PRESCRIPTION RCDP))
Warnings:  None
Time:  0.02 seconds (prove: 0.02, print: 0.00, other: 0.00)
AG-AUX-SAME-AS-AUX

Summary
Form:  ( DEFTHM AG-AUX-DIFF-AS-AUX ...)
Rules: ((:DEFINITION ACONS)
        (:DEFINITION ACONS-IF)
        (:DEFINITION AG-AUX)
        (:DEFINITION AS-AUX)
        (:DEFINITION ENDP)
        (:DEFINITION NOT)
        (:DEFINITION RCDP)
        (:ELIM CAR-CDR-ELIM)
        (:EXECUTABLE-COUNTERPART CAR)
        (:EXECUTABLE-COUNTERPART CONSP)
        (:EXECUTABLE-COUNTERPART ENDP)
        (:EXECUTABLE-COUNTERPART EQUAL)
        (:EXECUTABLE-COUNTERPART RCDP)
        (:FAKE-RUNE-FOR-TYPE-SET NIL)
        (:FORWARD-CHAINING RCDP-IMPLIES-TRUE-LISTP)
        (:INDUCTION AG-AUX)
        (:INDUCTION AS-AUX)
        (:INDUCTION RCDP)
        (:REWRITE <<-ASYMMETRIC)
        (:REWRITE <<-IRREFLEXIVE)
        (:REWRITE <<-TRANSITIVE)
        (:REWRITE <<-TRICHOTOMY)
        (:REWRITE CAR-CONS)
        (:REWRITE CDR-CONS)
        (:TYPE-PRESCRIPTION <<)
        (:TYPE-PRESCRIPTION RCDP))
Warnings:  None
Time:  0.09 seconds (prove: 0.09, print: 0.00, other: 0.00)
AG-AUX-DIFF-AS-AUX

Summary
Form:  ( DEFTHM AS-AUX-SAME-AG-AUX ...)
Rules: ((:DEFINITION ACONS)
        (:DEFINITION ACONS-IF)
        (:DEFINITION AG-AUX)
        (:DEFINITION AS-AUX)
        (:DEFINITION ENDP)
        (:DEFINITION RCDP)
        (:EXECUTABLE-COUNTERPART CAR)
        (:EXECUTABLE-COUNTERPART CONSP)
        (:EXECUTABLE-COUNTERPART ENDP)
        (:EXECUTABLE-COUNTERPART EQUAL)
        (:FAKE-RUNE-FOR-TYPE-SET NIL)
        (:FORWARD-CHAINING RCDP-IMPLIES-TRUE-LISTP)
        (:INDUCTION AG-AUX)
        (:INDUCTION AS-AUX)
        (:INDUCTION RCDP)
        (:REWRITE <<-ASYMMETRIC)
        (:REWRITE <<-IRREFLEXIVE)
        (:REWRITE <<-TRICHOTOMY)
        (:REWRITE CAR-CONS)
        (:REWRITE CDR-CONS)
        (:REWRITE CONS-CAR-CDR)
        (:TYPE-PRESCRIPTION <<)
        (:TYPE-PRESCRIPTION RCDP))
Warnings:  None
Time:  0.01 seconds (prove: 0.01, print: 0.00, other: 0.00)
AS-AUX-SAME-AG-AUX

Summary
Form:  ( DEFTHM AS-AUX-SAME-AS-AUX ...)
Rules: ((:DEFINITION ACONS)
        (:DEFINITION ACONS-IF)
        (:DEFINITION AS-AUX)
        (:DEFINITION ENDP)
        (:DEFINITION RCDP)
        (:EXECUTABLE-COUNTERPART CAR)
        (:EXECUTABLE-COUNTERPART CONSP)
        (:EXECUTABLE-COUNTERPART ENDP)
        (:EXECUTABLE-COUNTERPART EQUAL)
        (:EXECUTABLE-COUNTERPART RCDP)
        (:FAKE-RUNE-FOR-TYPE-SET NIL)
        (:FORWARD-CHAINING RCDP-IMPLIES-TRUE-LISTP)
        (:INDUCTION AS-AUX)
        (:INDUCTION RCDP)
        (:REWRITE <<-ASYMMETRIC)
        (:REWRITE <<-IRREFLEXIVE)
        (:REWRITE <<-TRICHOTOMY)
        (:REWRITE CAR-CONS)
        (:REWRITE CDR-CONS)
        (:TYPE-PRESCRIPTION <<)
        (:TYPE-PRESCRIPTION RCDP))
Warnings:  None
Time:  0.04 seconds (prove: 0.04, print: 0.00, other: 0.00)
AS-AUX-SAME-AS-AUX

Summary
Form:  ( DEFTHM AS-AUX-DIFF-AS-AUX ...)
Rules: ((:DEFINITION ACONS)
        (:DEFINITION ACONS-IF)
        (:DEFINITION AS-AUX)
        (:DEFINITION ENDP)
        (:DEFINITION NOT)
        (:DEFINITION RCDP)
        (:EXECUTABLE-COUNTERPART CAR)
        (:EXECUTABLE-COUNTERPART CONSP)
        (:EXECUTABLE-COUNTERPART ENDP)
        (:EXECUTABLE-COUNTERPART EQUAL)
        (:EXECUTABLE-COUNTERPART RCDP)
        (:FAKE-RUNE-FOR-TYPE-SET NIL)
        (:FORWARD-CHAINING RCDP-IMPLIES-TRUE-LISTP)
        (:INDUCTION AS-AUX)
        (:INDUCTION RCDP)
        (:REWRITE <<-ASYMMETRIC)
        (:REWRITE <<-IRREFLEXIVE)
        (:REWRITE <<-TRANSITIVE)
        (:REWRITE <<-TRICHOTOMY)
        (:REWRITE AS-AUX-IS-BOUNDED)
        (:REWRITE CAR-CONS)
        (:REWRITE CDR-CONS)
        (:REWRITE CONS-EQUAL)
        (:TYPE-PRESCRIPTION <<)
        (:TYPE-PRESCRIPTION RCDP))
Warnings:  None
Time:  0.20 seconds (prove: 0.20, print: 0.00, other: 0.00)
AS-AUX-DIFF-AS-AUX

Summary
Form:  ( DEFTHM AS-AUX-NON-NIL-CANNOT-BE-NIL ...)
Rules: ((:DEFINITION ACONS)
        (:DEFINITION ACONS-IF)
        (:DEFINITION AS-AUX)
        (:DEFINITION ENDP)
        (:DEFINITION NOT)
        (:DEFINITION RCDP)
        (:EXECUTABLE-COUNTERPART CAR)
        (:EXECUTABLE-COUNTERPART CONSP)
        (:EXECUTABLE-COUNTERPART ENDP)
        (:FAKE-RUNE-FOR-TYPE-SET NIL)
        (:FORWARD-CHAINING RCDP-IMPLIES-TRUE-LISTP)
        (:INDUCTION AS-AUX)
        (:INDUCTION RCDP)
        (:REWRITE <<-ASYMMETRIC)
        (:REWRITE <<-IRREFLEXIVE)
        (:REWRITE <<-TRICHOTOMY)
        (:TYPE-PRESCRIPTION <<)
        (:TYPE-PRESCRIPTION RCDP))
Warnings:  None
Time:  0.01 seconds (prove: 0.01, print: 0.00, other: 0.00)
AS-AUX-NON-NIL-CANNOT-BE-NIL

Summary
Form:  ( DEFTHM AG-AUX-IS-NIL-FOR-<< ...)
Rules: ((:DEFINITION AG-AUX)
        (:EXECUTABLE-COUNTERPART EQUAL)
        (:TYPE-PRESCRIPTION <<))
Warnings:  None
Time:  0.00 seconds (prove: 0.00, print: 0.00, other: 0.00)
AG-AUX-IS-NIL-FOR-<<

Summary
Form:  ( DEFTHM ACL2->RCD-RCD->ACL2-OF-RCDP ...)
Rules: ((:DEFINITION ACL2->RCD)
        (:DEFINITION IFRP)
        (:DEFINITION RCD->ACL2)
        (:EXECUTABLE-COUNTERPART EQUAL)
        (:FAKE-RUNE-FOR-TYPE-SET NIL)
        (:FORWARD-CHAINING RCDP-IMPLIES-TRUE-LISTP)
        (:REWRITE CAR-CONS)
        (:REWRITE CDR-CONS)
        (:TYPE-PRESCRIPTION IFRP)
        (:TYPE-PRESCRIPTION RCDP))
Warnings:  None
Time:  0.00 seconds (prove: 0.00, print: 0.00, other: 0.00)
ACL2->RCD-RCD->ACL2-OF-RCDP

Summary
Form:  ( DEFTHM ACL2->RCD-RETURNS-RCDP ...)
Rules: ((:DEFINITION ACL2->RCD)
        (:DEFINITION IFRP)
        (:DEFINITION RCDP)
        (:EXECUTABLE-COUNTERPART EQUAL)
        (:EXECUTABLE-COUNTERPART RCDP)
        (:FAKE-RUNE-FOR-TYPE-SET NIL)
        (:REWRITE CAR-CONS)
        (:REWRITE CDR-CONS)
        (:TYPE-PRESCRIPTION RCDP))
Warnings:  None
Time:  0.00 seconds (prove: 0.00, print: 0.00, other: 0.00)
ACL2->RCD-RETURNS-RCDP

Summary
Form:  ( DEFTHM ACL2->RCD-PRESERVES-EQUALITY ...)
Rules: ((:DEFINITION ACL2->RCD)
        (:DEFINITION IFF)
        (:DEFINITION IFRP)
        (:DEFINITION NOT)
        (:DEFINITION RCDP)
        (:EXECUTABLE-COUNTERPART EQUAL)
        (:EXECUTABLE-COUNTERPART RCDP)
        (:FAKE-RUNE-FOR-TYPE-SET NIL)
        (:REWRITE CAR-CONS)
        (:REWRITE CDR-CONS)
        (:REWRITE CONS-EQUAL)
        (:TYPE-PRESCRIPTION IFRP))
Warnings:  None
Time:  0.00 seconds (prove: 0.00, print: 0.00, other: 0.00)
ACL2->RCD-PRESERVES-EQUALITY

Summary
Form:  ( DEFTHM RCD->ACL2-ACL2->RCD-INVERSE ...)
Rules: ((:DEFINITION ACL2->RCD)
        (:DEFINITION IFRP)
        (:DEFINITION RCD->ACL2)
        (:DEFINITION RCDP)
        (:EXECUTABLE-COUNTERPART EQUAL)
        (:EXECUTABLE-COUNTERPART RCDP)
        (:FAKE-RUNE-FOR-TYPE-SET NIL)
        (:REWRITE CAR-CONS)
        (:REWRITE CDR-CONS)
        (:TYPE-PRESCRIPTION IFRP))
Warnings:  None
Time:  0.00 seconds (prove: 0.00, print: 0.00, other: 0.00)
RCD->ACL2-ACL2->RCD-INVERSE

Summary
Form:  ( DEFTHM RCD->ACL2-OF-RECORD-NON-NIL ...)
Rules: ((:DEFINITION IFRP)
        (:DEFINITION RCD->ACL2)
        (:EXECUTABLE-COUNTERPART IFRP)
        (:FAKE-RUNE-FOR-TYPE-SET NIL)
        (:FORWARD-CHAINING RCDP-IMPLIES-TRUE-LISTP)
        (:TYPE-PRESCRIPTION RCDP))
Warnings:  None
Time:  0.00 seconds (prove: 0.00, print: 0.00, other: 0.00)
RCD->ACL2-OF-RECORD-NON-NIL

Summary
Form:  ( IN-THEORY (DISABLE ...))
Rules: NIL
Warnings:  None
Time:  0.00 seconds (prove: 0.00, print: 0.00, other: 0.00)
1844

Summary
Form:  ( DEFTHM AG-SAME-AS ...)
Rules: ((:DEFINITION AG)
        (:DEFINITION AS)
        (:FAKE-RUNE-FOR-TYPE-SET NIL)
        (:REWRITE ACL2->RCD-RCD->ACL2-OF-RCDP)
        (:REWRITE ACL2->RCD-RETURNS-RCDP)
        (:REWRITE AG-AUX-SAME-AS-AUX)
        (:REWRITE AS-AUX-PRESERVES-RCDP))
Warnings:  None
Time:  0.00 seconds (prove: 0.00, print: 0.00, other: 0.00)
AG-SAME-AS

Summary
Form:  ( DEFTHM AG-DIFF-AS ...)
Rules: ((:DEFINITION AG)
        (:DEFINITION AS)
        (:DEFINITION NOT)
        (:FAKE-RUNE-FOR-TYPE-SET NIL)
        (:REWRITE ACL2->RCD-RCD->ACL2-OF-RCDP)
        (:REWRITE ACL2->RCD-RETURNS-RCDP)
        (:REWRITE AG-AUX-DIFF-AS-AUX)
        (:REWRITE AS-AUX-PRESERVES-RCDP))
Warnings:  None
Time:  0.00 seconds (prove: 0.00, print: 0.00, other: 0.00)
AG-DIFF-AS

Summary
Form:  ( DEFTHM AG-OF-AS-REDUX ...)
Rules: ((:DEFINITION AG)
        (:DEFINITION AS)
        (:FAKE-RUNE-FOR-TYPE-SET NIL)
        (:REWRITE ACL2->RCD-RCD->ACL2-OF-RCDP)
        (:REWRITE ACL2->RCD-RETURNS-RCDP)
        (:REWRITE AG-AUX-DIFF-AS-AUX)
        (:REWRITE AG-AUX-SAME-AS-AUX)
        (:REWRITE AS-AUX-PRESERVES-RCDP))
Warnings:  None
Time:  0.00 seconds (prove: 0.00, print: 0.00, other: 0.00)
AG-OF-AS-REDUX

Summary
Form:  ( IN-THEORY (DISABLE ...))
Rules: NIL
Warnings:  None
Time:  0.00 seconds (prove: 0.00, print: 0.00, other: 0.00)
1846

Summary
Form:  ( DEFTHM AS-SAME-AG ...)
Rules: ((:DEFINITION AG)
        (:DEFINITION AS)
        (:FAKE-RUNE-FOR-TYPE-SET NIL)
        (:REWRITE ACL2->RCD-RETURNS-RCDP)
        (:REWRITE AS-AUX-SAME-AG-AUX)
        (:REWRITE RCD->ACL2-ACL2->RCD-INVERSE))
Warnings:  None
Time:  0.00 seconds (prove: 0.00, print: 0.00, other: 0.00)
AS-SAME-AG

Summary
Form:  ( DEFTHM AS-SAME-AS ...)
Rules: ((:DEFINITION AS)
        (:FAKE-RUNE-FOR-TYPE-SET NIL)
        (:REWRITE ACL2->RCD-RCD->ACL2-OF-RCDP)
        (:REWRITE ACL2->RCD-RETURNS-RCDP)
        (:REWRITE AS-AUX-PRESERVES-RCDP)
        (:REWRITE AS-AUX-SAME-AS-AUX))
Warnings:  None
Time:  0.00 seconds (prove: 0.00, print: 0.00, other: 0.00)
AS-SAME-AS

Summary
Form:  ( DEFTHM AS-DIFF-AS ...)
Rules: ((:DEFINITION AS)
        (:DEFINITION NOT)
        (:FAKE-RUNE-FOR-TYPE-SET NIL)
        (:REWRITE ACL2->RCD-RCD->ACL2-OF-RCDP)
        (:REWRITE ACL2->RCD-RETURNS-RCDP)
        (:REWRITE AS-AUX-DIFF-AS-AUX)
        (:REWRITE AS-AUX-PRESERVES-RCDP))
Warnings:  None
Time:  0.00 seconds (prove: 0.00, print: 0.00, other: 0.00)
AS-DIFF-AS

Summary
Form:  ( DEFTHM AG-OF-NIL-IS-DEFAULT ...)
Rules: ((:DEFINITION AG)
        (:DEFINITION AG-AUX)
        (:EXECUTABLE-COUNTERPART ACL2->RCD)
        (:EXECUTABLE-COUNTERPART CONSP)
        (:EXECUTABLE-COUNTERPART EQUAL))
Warnings:  None
Time:  0.00 seconds (prove: 0.00, print: 0.00, other: 0.00)
AG-OF-NIL-IS-DEFAULT

Summary
Form:  ( DEFTHM AS-NON-DEFAULT-CANNOT-BE-NIL ...)
Rules: ((:DEFINITION AS)
        (:DEFINITION NOT)
        (:REWRITE ACL2->RCD-RETURNS-RCDP)
        (:REWRITE AS-AUX-NON-NIL-CANNOT-BE-NIL)
        (:REWRITE AS-AUX-PRESERVES-RCDP))
Warnings:  None
Time:  0.00 seconds (prove: 0.00, print: 0.00, other: 0.00)
AS-NON-DEFAULT-CANNOT-BE-NIL

Summary
Form:  ( DEFTHM NON-NIL-IF-AG-NOT-DEFAULT ...)
Rules: ((:DEFINITION AG)
        (:DEFINITION AG-AUX)
        (:DEFINITION NOT)
        (:EXECUTABLE-COUNTERPART ACL2->RCD)
        (:EXECUTABLE-COUNTERPART CONSP)
        (:EXECUTABLE-COUNTERPART EQUAL))
Warnings:  None
Time:  0.00 seconds (prove: 0.00, print: 0.00, other: 0.00)
NON-NIL-IF-AG-NOT-DEFAULT

Summary
Form:  ( DEFUN BVECP ...)
Rules: ((:TYPE-PRESCRIPTION EXPT-TYPE-PRESCRIPTION-NON-ZERO-BASE)
        (:TYPE-PRESCRIPTION RATIONALP-EXPT-TYPE-PRESCRIPTION))
Warnings:  None
Time:  0.01 seconds (prove: 0.00, print: 0.00, other: 0.01)
BVECP

Summary
Form:  ( DEFUN BV-ARRP ...)
Rules: ((:DEFINITION BV-ARRP)
        (:DEFINITION BVECP)
        (:DEFINITION NOT)
        (:DEFINITION NULL)
        (:FAKE-RUNE-FOR-TYPE-SET NIL)
        (:TYPE-PRESCRIPTION <<))
Warnings:  None
Time:  0.03 seconds (prove: 0.00, print: 0.00, other: 0.02)
BV-ARRP

Summary
Form:  ( DEFTHM BVECP-OF-DEFAULT-GET-VALU-IS-TRUE ...)
Rules: ((:COMPOUND-RECOGNIZER ZIP-COMPOUND-RECOGNIZER)
        (:DEFINITION BVECP)
        (:DEFINITION EXPT)
        (:DEFINITION NOT)
        (:EXECUTABLE-COUNTERPART <)
        (:EXECUTABLE-COUNTERPART =)
        (:EXECUTABLE-COUNTERPART EQUAL)
        (:EXECUTABLE-COUNTERPART FIX)
        (:EXECUTABLE-COUNTERPART NOT)
        (:EXECUTABLE-COUNTERPART UNARY-/)
        (:FAKE-RUNE-FOR-TYPE-SET NIL)
        (:INDUCTION EXPT)
        (:TYPE-PRESCRIPTION BVECP)
        (:TYPE-PRESCRIPTION EXPT-TYPE-PRESCRIPTION-NON-ZERO-BASE)
        (:TYPE-PRESCRIPTION RATIONALP-EXPT-TYPE-PRESCRIPTION))
Warnings:  None
Time:  0.00 seconds (prove: 0.00, print: 0.00, other: 0.00)
BVECP-OF-DEFAULT-GET-VALU-IS-TRUE

Summary
Form:  ( DEFTHM BVECP-OF-IFRP-TAG-IS-FALSE ...)
Rules: ((:DEFINITION BVECP) (:DEFINITION NOT))
Warnings:  None
Time:  0.00 seconds (prove: 0.00, print: 0.00, other: 0.00)
BVECP-OF-IFRP-TAG-IS-FALSE

Summary
Form:  ( IN-THEORY (DISABLE ...))
Rules: NIL
Warnings:  None
Time:  0.00 seconds (prove: 0.00, print: 0.00, other: 0.00)
1860

Summary
Form:  ( DEFTHM BV-ARRP-IMPLIES-RCDP ...)
Rules: ((:DEFINITION BV-ARRP)
        (:DEFINITION NOT)
        (:DEFINITION NULL)
        (:DEFINITION RCDP)
        (:EXECUTABLE-COUNTERPART EQUAL)
        (:EXECUTABLE-COUNTERPART RCDP)
        (:FAKE-RUNE-FOR-TYPE-SET NIL)
        (:FORWARD-CHAINING RCDP-IMPLIES-TRUE-LISTP)
        (:INDUCTION BV-ARRP)
        (:INDUCTION RCDP)
        (:TYPE-PRESCRIPTION <<)
        (:TYPE-PRESCRIPTION BVECP)
        (:TYPE-PRESCRIPTION RCDP))
Warnings:  None
Time:  0.01 seconds (prove: 0.01, print: 0.00, other: 0.00)
BV-ARRP-IMPLIES-RCDP

Summary
Form:  ( DEFTHM AS-AUX-MAPS-BV-RCD-TO-BV-RCD ...)
Rules: ((:DEFINITION ACONS)
        (:DEFINITION ACONS-IF)
        (:DEFINITION AS-AUX)
        (:DEFINITION BV-ARRP)
        (:DEFINITION ENDP)
        (:DEFINITION NOT)
        (:ELIM CAR-CDR-ELIM)
        (:EXECUTABLE-COUNTERPART CAR)
        (:EXECUTABLE-COUNTERPART CONSP)
        (:EXECUTABLE-COUNTERPART EQUAL)
        (:EXECUTABLE-COUNTERPART NOT)
        (:EXECUTABLE-COUNTERPART RCDP)
        (:FAKE-RUNE-FOR-TYPE-SET NIL)
        (:INDUCTION AS-AUX)
        (:INDUCTION BV-ARRP)
        (:REWRITE <<-ASYMMETRIC)
        (:REWRITE <<-IRREFLEXIVE)
        (:REWRITE <<-TRICHOTOMY)
        (:REWRITE AS-AUX-IS-BOUNDED)
        (:REWRITE AS-AUX-NON-NIL-CANNOT-BE-NIL)
        (:REWRITE BV-ARRP-IMPLIES-RCDP)
        (:REWRITE BVECP-OF-DEFAULT-GET-VALU-IS-TRUE)
        (:REWRITE CAR-CONS)
        (:REWRITE CDR-CONS)
        (:TYPE-PRESCRIPTION <<)
        (:TYPE-PRESCRIPTION BV-ARRP)
        (:TYPE-PRESCRIPTION BVECP))
Warnings:  None
Time:  0.03 seconds (prove: 0.03, print: 0.00, other: 0.00)
AS-AUX-MAPS-BV-RCD-TO-BV-RCD

Summary
Form:  ( DEFTHM AG-AUX-MAPS-BV-RCD-TO-BVECP ...)
Rules: ((:DEFINITION AG-AUX)
        (:DEFINITION BV-ARRP)
        (:DEFINITION ENDP)
        (:DEFINITION RCDP)
        (:EXECUTABLE-COUNTERPART CAR)
        (:EXECUTABLE-COUNTERPART CONSP)
        (:EXECUTABLE-COUNTERPART EQUAL)
        (:EXECUTABLE-COUNTERPART RCDP)
        (:FAKE-RUNE-FOR-TYPE-SET NIL)
        (:INDUCTION AG-AUX)
        (:INDUCTION BV-ARRP)
        (:REWRITE <<-ASYMMETRIC)
        (:REWRITE <<-IRREFLEXIVE)
        (:REWRITE <<-TRICHOTOMY)
        (:REWRITE AG-AUX-IS-NIL-FOR-<<)
        (:REWRITE BV-ARRP-IMPLIES-RCDP)
        (:REWRITE BVECP-OF-DEFAULT-GET-VALU-IS-TRUE)
        (:TYPE-PRESCRIPTION <<)
        (:TYPE-PRESCRIPTION BV-ARRP)
        (:TYPE-PRESCRIPTION BVECP))
Warnings:  None
Time:  0.01 seconds (prove: 0.01, print: 0.00, other: 0.00)
AG-AUX-MAPS-BV-RCD-TO-BVECP

Summary
Form:  ( DEFTHM BV-ARRP-IMPLIES-NOT-IFRP ...)
Rules: ((:DEFINITION BV-ARRP)
        (:DEFINITION IFRP)
        (:DEFINITION NOT)
        (:DEFINITION NULL)
        (:DEFINITION RCDP)
        (:ELIM CAR-CDR-ELIM)
        (:EXECUTABLE-COUNTERPART EQUAL)
        (:EXECUTABLE-COUNTERPART IFRP)
        (:EXECUTABLE-COUNTERPART NOT)
        (:EXECUTABLE-COUNTERPART RCDP)
        (:FAKE-RUNE-FOR-TYPE-SET NIL)
        (:INDUCTION BV-ARRP)
        (:REWRITE BV-ARRP-IMPLIES-RCDP)
        (:REWRITE BVECP-OF-IFRP-TAG-IS-FALSE)
        (:REWRITE CAR-CONS)
        (:REWRITE CDR-CONS)
        (:TYPE-PRESCRIPTION <<)
        (:TYPE-PRESCRIPTION BV-ARRP)
        (:TYPE-PRESCRIPTION BVECP))
Warnings:  None
Time:  0.01 seconds (prove: 0.01, print: 0.00, other: 0.00)
BV-ARRP-IMPLIES-NOT-IFRP

Summary
Form:  ( DEFTHM BV-ARRP-ACL2->RCD-TRANSFERS ...)
Rules: ((:DEFINITION ACL2->RCD)
        (:REWRITE BV-ARRP-IMPLIES-NOT-IFRP)
        (:TYPE-PRESCRIPTION BV-ARRP))
Warnings:  None
Time:  0.00 seconds (prove: 0.00, print: 0.00, other: 0.00)
BV-ARRP-ACL2->RCD-TRANSFERS

Summary
Form:  ( DEFTHM BV-ARRP-RCD->ACL2-TRANSFERS ...)
Rules: ((:DEFINITION RCD->ACL2)
        (:REWRITE BV-ARRP-IMPLIES-NOT-IFRP)
        (:TYPE-PRESCRIPTION BV-ARRP))
Warnings:  None
Time:  0.00 seconds (prove: 0.00, print: 0.00, other: 0.00)
BV-ARRP-RCD->ACL2-TRANSFERS

Summary
Form:  ( DEFTHM AS-MAPS-BV-ARR-TO-BV-ARR ...)
Rules: ((:DEFINITION AS)
        (:REWRITE AS-AUX-MAPS-BV-RCD-TO-BV-RCD)
        (:REWRITE BV-ARRP-ACL2->RCD-TRANSFERS)
        (:REWRITE BV-ARRP-RCD->ACL2-TRANSFERS)
        (:TYPE-PRESCRIPTION BV-ARRP)
        (:TYPE-PRESCRIPTION BVECP))
Warnings:  None
Time:  0.00 seconds (prove: 0.00, print: 0.00, other: 0.00)
AS-MAPS-BV-ARR-TO-BV-ARR

Summary
Form:  ( DEFTHM AG-MAPS-BV-ARR-TO-BVECP ...)
Rules: ((:DEFINITION AG)
        (:REWRITE AG-AUX-MAPS-BV-RCD-TO-BVECP)
        (:REWRITE BV-ARRP-ACL2->RCD-TRANSFERS)
        (:TYPE-PRESCRIPTION BV-ARRP)
        (:TYPE-PRESCRIPTION BVECP))
Warnings:  None
Time:  0.00 seconds (prove: 0.00, print: 0.00, other: 0.00)
AG-MAPS-BV-ARR-TO-BVECP

Summary
Form:  ( DEFUN MK-BVARR ...)
Rules: NIL
Warnings:  None
Time:  0.00 seconds (prove: 0.00, print: 0.00, other: 0.00)
MK-BVARR

Summary
Form:  ( DEFTHM MK-BVARR-IS-BV-ARRP ...)
Rules: ((:DEFINITION BV-ARRP)
        (:DEFINITION MK-BVARR)
        (:EXECUTABLE-COUNTERPART EQUAL)
        (:TYPE-PRESCRIPTION BV-ARRP))
Warnings:  None
Time:  0.00 seconds (prove: 0.00, print: 0.00, other: 0.00)
MK-BVARR-IS-BV-ARRP

Summary
Form:  ( DEFTHM MK-BVARR-IDENTITY ...)
Rules: ((:DEFINITION MK-BVARR)
        (:FAKE-RUNE-FOR-TYPE-SET NIL)
        (:TYPE-PRESCRIPTION BV-ARRP))
Warnings:  None
Time:  0.00 seconds (prove: 0.00, print: 0.00, other: 0.00)
MK-BVARR-IDENTITY

Summary
Form:  ( IN-THEORY (DISABLE ...))
Rules: NIL
Warnings:  None
Time:  0.00 seconds (prove: 0.00, print: 0.00, other: 0.00)
1870

Summary
Form:  ( DEFMACRO AG2 ...)
Rules: NIL
Warnings:  None
Time:  0.00 seconds (prove: 0.00, print: 0.00, other: 0.00)
AG2

Summary
Form:  ( DEFMACRO AS2 ...)
Rules: NIL
Warnings:  None
Time:  0.00 seconds (prove: 0.00, print: 0.00, other: 0.00)
AS2

Summary
Form:  ( IN-THEORY (DISABLE ...))
Rules: NIL
Warnings:  None
Time:  0.00 seconds (prove: 0.00, print: 0.00, other: 0.00)
1868

Summary
Form:  ( DEFUN POSITIVE-INTEGER-LISTP ...)
Rules: ((:FAKE-RUNE-FOR-TYPE-SET NIL))
Warnings:  None
Time:  0.00 seconds (prove: 0.00, print: 0.00, other: 0.00)
POSITIVE-INTEGER-LISTP

Summary
Form:  ( DEFMACRO ARR0 ...)
Rules: NIL
Warnings:  None
Time:  0.00 seconds (prove: 0.00, print: 0.00, other: 0.00)
ARR0

Summary
Form:  ( DEFUN RESET2 ...)
Rules: NIL
Warnings:  None
Time:  0.00 seconds (prove: 0.00, print: 0.00, other: 0.00)
RESET2

Summary
Form:  ( DEFTHM BV-ARRP-RESET2 ...)
Rules: ((:DEFINITION BV-ARRP)
        (:DEFINITION RESET2)
        (:EXECUTABLE-COUNTERPART EQUAL)
        (:TYPE-PRESCRIPTION BV-ARRP))
Warnings:  None
Time:  0.00 seconds (prove: 0.00, print: 0.00, other: 0.00)
BV-ARRP-RESET2

Summary
Form:  ( ENCAPSULATE ((RESET2 ...) ...) ...)
Rules: NIL
Warnings:  None
Time:  0.00 seconds (prove: 0.00, print: 0.00, other: 0.00)
T

Summary
Form:  ( DEFUN UNKNOWN2 ...)
Rules: NIL
Warnings:  None
Time:  0.00 seconds (prove: 0.00, print: 0.00, other: 0.00)
UNKNOWN2

Summary
Form:  ( DEFTHM BV-ARRP-UNKNOWN2 ...)
Rules: ((:DEFINITION BV-ARRP)
        (:DEFINITION UNKNOWN2)
        (:EXECUTABLE-COUNTERPART EQUAL)
        (:TYPE-PRESCRIPTION BV-ARRP))
Warnings:  None
Time:  0.00 seconds (prove: 0.00, print: 0.00, other: 0.00)
BV-ARRP-UNKNOWN2

Summary
Form:  ( ENCAPSULATE ((UNKNOWN2 ...) ...) ...)
Rules: NIL
Warnings:  None
Time:  0.00 seconds (prove: 0.00, print: 0.00, other: 0.00)
T

Summary
Form:  ( DEFUN IF1 ...)
Rules: ((:COMPOUND-RECOGNIZER EQLABLEP-RECOG))
Warnings:  None
Time:  0.00 seconds (prove: 0.00, print: 0.00, other: 0.00)
IF1

Summary
Form:  ( DEFTHM BV-ARRP-IF1 ...)
Rules: ((:DEFINITION IF1))
Warnings:  None
Time:  0.00 seconds (prove: 0.00, print: 0.00, other: 0.00)
BV-ARRP-IF1

Summary
Form:  ( INCLUDE-BOOK "rtlarr" ...)
Rules: NIL
Warnings:  None
Time:  0.08 seconds (prove: 0.00, print: 0.00, other: 0.08)

"/Users/huangjianshi/src/acl2-sources/books/rtl/rel6/support/support/rtlarr.fasl"


Summary
Form:  (CERTIFY-BOOK "rtlarr" ...)
Rules: NIL
Warnings:  None
Time:  0.83 seconds (prove: 0.56, print: 0.00, other: 0.27)
 "/Users/huangjianshi/src/acl2-sources/books/rtl/rel6/support/support/rtlarr.lisp"
ACL2 !>
Exiting the ACL2 read-eval-print loop.  To re-enter, execute (LP).
* 