This file contains any messages produced by compilers while
running configure, to aid debugging if configure makes a mistake.

It was created by configure, which was
generated by GNU Autoconf 2.61.  Invocation command line was

  $ ./configure 

## --------- ##
## Platform. ##
## --------- ##

hostname = allegro.msi.co.jp
uname -m = i686
uname -r = 2.6.16-0vl76.33
uname -s = Linux
uname -v = #1 SMP Fri Feb 15 11:06:36 JST 2008

/usr/bin/uname -p = unknown
/bin/uname -X     = unknown

/bin/arch              = i686
/usr/bin/arch -k       = unknown
/usr/convex/getsysinfo = unknown
/usr/bin/hostinfo      = unknown
/bin/machine           = unknown
/usr/bin/oslevel       = unknown
/bin/universe          = unknown

PATH: /usr/local/bin
PATH: /home/huang/bin
PATH: /usr/local/bin
PATH: /home/huang/bin
PATH: /usr/local/bin
PATH: /home/huang/bin
PATH: /usr/local/bin
PATH: /home/huang/bin
PATH: /usr/local/bin
PATH: /home/huang/bin
PATH: /usr/local/bin
PATH: /bin
PATH: /usr/bin
PATH: /usr/X11R6/bin
PATH: /usr/X11R6/bin


## ----------- ##
## Core tests. ##
## ----------- ##

configure:1791: checking for a BSD-compatible install
configure:1847: result: /usr/bin/install -c
configure:1858: checking whether build environment is sane
configure:1901: result: yes
configure:1934: checking for gawk
configure:1950: found /bin/gawk
configure:1961: result: gawk
configure:1972: checking whether make sets $(MAKE)
configure:1993: result: yes
configure:2160: checking build system type
configure:2178: result: i686-pc-linux-gnu
configure:2200: checking host system type
configure:2215: result: i686-pc-linux-gnu
configure:3193: checking for iconv
configure:3209: found /usr/bin/iconv
configure:3221: result: true
configure:3231: checking for recode
configure:3259: result: false
configure:3294: checking for clisp
configure:3310: found /usr/bin/clisp
configure:3322: result: true
configure:3332: checking for gcl
configure:3360: result: false
configure:3370: checking for lisp
configure:3398: result: false
configure:3408: checking for scl
configure:3436: result: false
configure:3446: checking for sbcl
configure:3462: found /usr/local/bin/sbcl
configure:3474: result: true
configure:3484: checking for lisp
configure:3512: result: false
configure:3522: checking for openmcl
configure:3550: result: false
configure:3925: checking POSIX shell to see that it contains getopts
configure:3946: result: POSIX shell is /bin/sh
configure:4228: creating ./config.status

## ---------------------- ##
## Running config.status. ##
## ---------------------- ##

This file was extended by config.status, which was
generated by GNU Autoconf 2.61.  Invocation command line was

  CONFIG_FILES    = 
  CONFIG_HEADERS  = 
  CONFIG_LINKS    = 
  CONFIG_COMMANDS = 
  $ ./config.status 

on allegro.msi.co.jp

config.status:697: creating Makefile
config.status:832: WARNING:  Makefile.in seems to ignore the --datarootdir setting
config.status:697: creating maxima-local
config.status:697: creating xmaxima-local
config.status:697: creating maxima.spec
config.status:697: creating maxima.iss
config.status:697: creating src/Makefile
config.status:832: WARNING:  src/Makefile.in seems to ignore the --datarootdir setting
config.status:697: creating src/maxima
config.status:697: creating src/maxima.bat
config.status:697: creating src/rmaxima
config.status:697: creating src/autoconf-variables.lisp
config.status:697: creating lisp-utils/Makefile
config.status:832: WARNING:  lisp-utils/Makefile.in seems to ignore the --datarootdir setting
config.status:697: creating tests/Makefile
config.status:832: WARNING:  tests/Makefile.in seems to ignore the --datarootdir setting
config.status:697: creating doc/Makefile
config.status:832: WARNING:  doc/Makefile.in seems to ignore the --datarootdir setting
config.status:697: creating doc/emaxima/Makefile
config.status:832: WARNING:  doc/emaxima/Makefile.in seems to ignore the --datarootdir setting
config.status:697: creating doc/info/Makefile
config.status:832: WARNING:  doc/info/Makefile.in seems to ignore the --datarootdir setting
config.status:697: creating doc/info/es/Makefile
config.status:832: WARNING:  doc/info/es/Makefile.in seems to ignore the --datarootdir setting
config.status:697: creating doc/info/es.utf8/Makefile
config.status:832: WARNING:  doc/info/es.utf8/Makefile.in seems to ignore the --datarootdir setting
config.status:697: creating doc/info/pt/Makefile
config.status:832: WARNING:  doc/info/pt/Makefile.in seems to ignore the --datarootdir setting
config.status:697: creating doc/info/pt.utf8/Makefile
config.status:832: WARNING:  doc/info/pt.utf8/Makefile.in seems to ignore the --datarootdir setting
config.status:697: creating doc/info/pt_BR/Makefile
config.status:832: WARNING:  doc/info/pt_BR/Makefile.in seems to ignore the --datarootdir setting
config.status:697: creating doc/info/pt_BR.utf8/Makefile
config.status:697: creating doc/intromax/Makefile
config.status:832: WARNING:  doc/intromax/Makefile.in seems to ignore the --datarootdir setting
config.status:697: creating doc/man/Makefile
config.status:832: WARNING:  doc/man/Makefile.in seems to ignore the --datarootdir setting
config.status:697: creating doc/man/maxima.1
config.status:697: creating doc/man/ru/maxima.1
config.status:697: creating doc/share/Makefile
config.status:832: WARNING:  doc/share/Makefile.in seems to ignore the --datarootdir setting
config.status:697: creating interfaces/Makefile
config.status:832: WARNING:  interfaces/Makefile.in seems to ignore the --datarootdir setting
config.status:697: creating interfaces/emacs/Makefile
config.status:832: WARNING:  interfaces/emacs/Makefile.in seems to ignore the --datarootdir setting
config.status:697: creating interfaces/emacs/emaxima/Makefile
config.status:832: WARNING:  interfaces/emacs/emaxima/Makefile.in seems to ignore the --datarootdir setting
config.status:697: creating interfaces/emacs/misc/Makefile
config.status:832: WARNING:  interfaces/emacs/misc/Makefile.in seems to ignore the --datarootdir setting
config.status:697: creating interfaces/xmaxima/Makefile
config.status:832: WARNING:  interfaces/xmaxima/Makefile.in seems to ignore the --datarootdir setting
config.status:697: creating interfaces/xmaxima/autoconf-variables.tcl
config.status:697: creating interfaces/xmaxima/Tkmaxima/Header.tcl
config.status:697: creating interfaces/xmaxima/doc/Makefile
config.status:832: WARNING:  interfaces/xmaxima/doc/Makefile.in seems to ignore the --datarootdir setting
config.status:697: creating interfaces/xmaxima/doc/figures/Makefile
config.status:832: WARNING:  interfaces/xmaxima/doc/figures/Makefile.in seems to ignore the --datarootdir setting
config.status:697: creating interfaces/xmaxima/msgs/Makefile
config.status:832: WARNING:  interfaces/xmaxima/msgs/Makefile.in seems to ignore the --datarootdir setting
config.status:697: creating interfaces/xmaxima/win32/Makefile
config.status:697: creating plotting/mgnuplot
config.status:697: creating share/Makefile
config.status:832: WARNING:  share/Makefile.in seems to ignore the --datarootdir setting
config.status:697: creating demo/Makefile
config.status:832: WARNING:  demo/Makefile.in seems to ignore the --datarootdir setting
config.status:697: creating plotting/Makefile
config.status:832: WARNING:  plotting/Makefile.in seems to ignore the --datarootdir setting

## ---------------- ##
## Cache variables. ##
## ---------------- ##

ac_cv_build=i686-pc-linux-gnu
ac_cv_env_build_alias_set=
ac_cv_env_build_alias_value=
ac_cv_env_host_alias_set=
ac_cv_env_host_alias_value=
ac_cv_env_target_alias_set=
ac_cv_env_target_alias_value=
ac_cv_host=i686-pc-linux-gnu
ac_cv_path_install='/usr/bin/install -c'
ac_cv_prog_AWK=gawk
ac_cv_prog_acl_found=false
ac_cv_prog_clisp_found=true
ac_cv_prog_cmucl_found=false
ac_cv_prog_gcl_found=false
ac_cv_prog_iconv_found=true
ac_cv_prog_make_make_set=yes
ac_cv_prog_openmcl_found=false
ac_cv_prog_recode_found=false
ac_cv_prog_sbcl_found=true
ac_cv_prog_scl_found=false

## ----------------- ##
## Output variables. ##
## ----------------- ##

ACLOCAL='${SHELL} /home/huang/.sbcl/lib/maxima/missing --run aclocal-1.6'
ACL_FALSE=''
ACL_NAME='lisp'
ACL_TRUE='#'
AMTAR='${SHELL} /home/huang/.sbcl/lib/maxima/missing --run tar'
AUTOCONF='${SHELL} /home/huang/.sbcl/lib/maxima/missing --run autoconf'
AUTOHEADER='${SHELL} /home/huang/.sbcl/lib/maxima/missing --run autoheader'
AUTOMAKE='${SHELL} /home/huang/.sbcl/lib/maxima/missing --run automake-1.6'
AWK='gawk'
CLISP_FALSE='#'
CLISP_NAME='clisp'
CLISP_RUNTIME='lisp.run'
CLISP_RUNTIME_PATH='/usr/lib/clisp/base/lisp.run'
CLISP_TRUE=''
CMUCL_FALSE=''
CMUCL_NAME='lisp'
CMUCL_RUNTIME='lisp'
CMUCL_RUNTIME_PATH=''
CMUCL_TRUE='#'
DEFAULTLISP='clisp'
DEFS='-DPACKAGE_NAME=\"\" -DPACKAGE_TARNAME=\"\" -DPACKAGE_VERSION=\"\" -DPACKAGE_STRING=\"\" -DPACKAGE_BUGREPORT=\"\" -DPACKAGE=\"maxima\" -DVERSION=\"5.14.0cvs\"'
ECHO_C=''
ECHO_N='-n'
ECHO_T=''
GCL_ALT_LINK_FALSE=''
GCL_ALT_LINK_TRUE='#'
GCL_FALSE=''
GCL_NAME='gcl'
GCL_TRUE='#'
INSTALL_DATA='${INSTALL} -m 644'
INSTALL_PROGRAM='${INSTALL}'
INSTALL_SCRIPT='${INSTALL}'
INSTALL_STRIP_PROGRAM='${SHELL} $(install_sh) -c -s'
LANG_ES_FALSE=''
LANG_ES_TRUE='#'
LANG_ES_UTF8_FALSE=''
LANG_ES_UTF8_TRUE='#'
LANG_PT_BR_FALSE=''
LANG_PT_BR_TRUE='#'
LANG_PT_BR_UTF8_FALSE=''
LANG_PT_BR_UTF8_TRUE='#'
LANG_PT_FALSE=''
LANG_PT_TRUE='#'
LANG_PT_UTF8_FALSE=''
LANG_PT_UTF8_TRUE='#'
LIBOBJS=''
LIBS=''
LTLIBOBJS=''
MAKEINFO='${SHELL} /home/huang/.sbcl/lib/maxima/missing --run makeinfo'
OPENMCL_FALSE=''
OPENMCL_NAME='openmcl'
OPENMCL_TRUE='#'
PACKAGE='maxima'
PACKAGE_BUGREPORT=''
PACKAGE_NAME=''
PACKAGE_STRING=''
PACKAGE_TARNAME=''
PACKAGE_VERSION=''
PATH_SEPARATOR=':'
POSIX_SHELL='/bin/sh'
SBCL_FALSE=''
SBCL_NAME='sbcl'
SBCL_TRUE='#'
SCL_FALSE=''
SCL_NAME='scl'
SCL_RUNTIME='lisp'
SCL_RUNTIME_PATH=''
SCL_TRUE='#'
SET_MAKE=''
SHELL='/bin/sh'
STRIP=''
USE_RECODE_FALSE=''
USE_RECODE_TRUE='#'
VERSION='5.14.0cvs'
WIN32_FALSE=''
WIN32_TRUE='#'
WISH='wish'
acl_found='false'
bindir='${exec_prefix}/bin'
build='i686-pc-linux-gnu'
build_alias=''
build_cpu='i686'
build_os='linux-gnu'
build_vendor='pc'
clisp_found='true'
cmucl_found='false'
datadir='${datarootdir}'
datarootdir='${prefix}/share'
default_layout_autotools='true'
docdir='${datarootdir}/doc/${PACKAGE}'
dvidir='${docdir}'
exec_prefix='${prefix}'
expanded_datadir='/usr/local/share'
expanded_exec_prefix='/usr/local'
expanded_infodir='/usr/local/share/info'
expanded_libdir='/usr/local/lib'
expanded_libexecdir='/usr/local/libexec'
expanded_top_srcdir='/home/huang/.sbcl/lib/maxima'
gcl_found='false'
host='i686-pc-linux-gnu'
host_alias=''
host_cpu='i686'
host_os='linux-gnu'
host_vendor='pc'
htmldir='${docdir}'
iconv_found='true'
includedir='${prefix}/include'
infodir='${datarootdir}/info'
install_sh='/home/huang/.sbcl/lib/maxima/install-sh'
libdir='${exec_prefix}/lib'
libexecdir='${exec_prefix}/libexec'
localedir='${datarootdir}/locale'
localstatedir='${prefix}/var'
mandir='${datarootdir}/man'
oldincludedir='/usr/include'
openmcl_found='false'
pdfdir='${docdir}'
prefix='/usr/local'
program_transform_name='s,x,x,'
psdir='${docdir}'
recode_found='false'
sbcl_found='true'
sbindir='${exec_prefix}/sbin'
scl_found='false'
sharedstatedir='${prefix}/com'
sysconfdir='${prefix}/etc'
target_alias=''
win32='false'

## ----------- ##
## confdefs.h. ##
## ----------- ##

#define PACKAGE_NAME ""
#define PACKAGE_TARNAME ""
#define PACKAGE_VERSION ""
#define PACKAGE_STRING ""
#define PACKAGE_BUGREPORT ""
#define PACKAGE "maxima"
#define VERSION "5.14.0cvs"

configure: exit 0

## ---------------------- ##
## Running config.status. ##
## ---------------------- ##

This file was extended by config.status, which was
generated by GNU Autoconf 2.61.  Invocation command line was

  CONFIG_FILES    = 
  CONFIG_HEADERS  = 
  CONFIG_LINKS    = 
  CONFIG_COMMANDS = 
  $ ./config.status interfaces/Makefile

on allegro.msi.co.jp

config.status:697: creating interfaces/Makefile
config.status:832: WARNING:  interfaces/Makefile.in seems to ignore the --datarootdir setting

## ---------------------- ##
## Running config.status. ##
## ---------------------- ##

This file was extended by config.status, which was
generated by GNU Autoconf 2.61.  Invocation command line was

  CONFIG_FILES    = 
  CONFIG_HEADERS  = 
  CONFIG_LINKS    = 
  CONFIG_COMMANDS = 
  $ ./config.status interfaces/emacs/Makefile

on allegro.msi.co.jp

config.status:697: creating interfaces/emacs/Makefile
config.status:832: WARNING:  interfaces/emacs/Makefile.in seems to ignore the --datarootdir setting

## ---------------------- ##
## Running config.status. ##
## ---------------------- ##

This file was extended by config.status, which was
generated by GNU Autoconf 2.61.  Invocation command line was

  CONFIG_FILES    = 
  CONFIG_HEADERS  = 
  CONFIG_LINKS    = 
  CONFIG_COMMANDS = 
  $ ./config.status interfaces/emacs/emaxima/Makefile

on allegro.msi.co.jp

config.status:697: creating interfaces/emacs/emaxima/Makefile
config.status:832: WARNING:  interfaces/emacs/emaxima/Makefile.in seems to ignore the --datarootdir setting

## ---------------------- ##
## Running config.status. ##
## ---------------------- ##

This file was extended by config.status, which was
generated by GNU Autoconf 2.61.  Invocation command line was

  CONFIG_FILES    = 
  CONFIG_HEADERS  = 
  CONFIG_LINKS    = 
  CONFIG_COMMANDS = 
  $ ./config.status interfaces/emacs/misc/Makefile

on allegro.msi.co.jp

config.status:697: creating interfaces/emacs/misc/Makefile
config.status:832: WARNING:  interfaces/emacs/misc/Makefile.in seems to ignore the --datarootdir setting

## ---------------------- ##
## Running config.status. ##
## ---------------------- ##

This file was extended by config.status, which was
generated by GNU Autoconf 2.61.  Invocation command line was

  CONFIG_FILES    = 
  CONFIG_HEADERS  = 
  CONFIG_LINKS    = 
  CONFIG_COMMANDS = 
  $ ./config.status interfaces/xmaxima/Makefile

on allegro.msi.co.jp

config.status:697: creating interfaces/xmaxima/Makefile
config.status:832: WARNING:  interfaces/xmaxima/Makefile.in seems to ignore the --datarootdir setting

## ---------------------- ##
## Running config.status. ##
## ---------------------- ##

This file was extended by config.status, which was
generated by GNU Autoconf 2.61.  Invocation command line was

  CONFIG_FILES    = 
  CONFIG_HEADERS  = 
  CONFIG_LINKS    = 
  CONFIG_COMMANDS = 
  $ ./config.status interfaces/xmaxima/msgs/Makefile

on allegro.msi.co.jp

config.status:697: creating interfaces/xmaxima/msgs/Makefile
config.status:832: WARNING:  interfaces/xmaxima/msgs/Makefile.in seems to ignore the --datarootdir setting

## ---------------------- ##
## Running config.status. ##
## ---------------------- ##

This file was extended by config.status, which was
generated by GNU Autoconf 2.61.  Invocation command line was

  CONFIG_FILES    = 
  CONFIG_HEADERS  = 
  CONFIG_LINKS    = 
  CONFIG_COMMANDS = 
  $ ./config.status interfaces/xmaxima/doc/Makefile

on allegro.msi.co.jp

config.status:697: creating interfaces/xmaxima/doc/Makefile
config.status:832: WARNING:  interfaces/xmaxima/doc/Makefile.in seems to ignore the --datarootdir setting

## ---------------------- ##
## Running config.status. ##
## ---------------------- ##

This file was extended by config.status, which was
generated by GNU Autoconf 2.61.  Invocation command line was

  CONFIG_FILES    = 
  CONFIG_HEADERS  = 
  CONFIG_LINKS    = 
  CONFIG_COMMANDS = 
  $ ./config.status interfaces/xmaxima/doc/figures/Makefile

on allegro.msi.co.jp

config.status:697: creating interfaces/xmaxima/doc/figures/Makefile
config.status:832: WARNING:  interfaces/xmaxima/doc/figures/Makefile.in seems to ignore the --datarootdir setting
